[2022-08-09 08:04:35,028] {processor.py:163} INFO - Started process (PID=56) to work on /home/airflow/.local/lib/python3.7/site-packages/airflow/example_dags/example_branch_operator.py
[2022-08-09 08:04:35,031] {processor.py:642} INFO - Processing file /home/airflow/.local/lib/python3.7/site-packages/airflow/example_dags/example_branch_operator.py for tasks to queue
[2022-08-09 08:04:35,035] {logging_mixin.py:109} INFO - [2022-08-09 08:04:35,034] {dagbag.py:500} INFO - Filling up the DagBag from /home/airflow/.local/lib/python3.7/site-packages/airflow/example_dags/example_branch_operator.py
[2022-08-09 08:04:35,111] {processor.py:654} INFO - DAG(s) dict_keys(['example_branch_operator']) retrieved from /home/airflow/.local/lib/python3.7/site-packages/airflow/example_dags/example_branch_operator.py
[2022-08-09 08:04:35,143] {logging_mixin.py:109} INFO - [2022-08-09 08:04:35,143] {dag.py:2396} INFO - Sync 1 DAGs
[2022-08-09 08:04:35,175] {logging_mixin.py:109} INFO - [2022-08-09 08:04:35,175] {dag.py:2935} INFO - Setting next_dagrun for example_branch_operator to 2022-08-08 00:00:00+00:00
[2022-08-09 08:04:35,199] {processor.py:171} INFO - Processing /home/airflow/.local/lib/python3.7/site-packages/airflow/example_dags/example_branch_operator.py took 0.179 seconds
[2022-08-09 08:05:05,978] {processor.py:163} INFO - Started process (PID=125) to work on /home/airflow/.local/lib/python3.7/site-packages/airflow/example_dags/example_branch_operator.py
[2022-08-09 08:05:05,981] {processor.py:642} INFO - Processing file /home/airflow/.local/lib/python3.7/site-packages/airflow/example_dags/example_branch_operator.py for tasks to queue
[2022-08-09 08:05:05,982] {logging_mixin.py:109} INFO - [2022-08-09 08:05:05,982] {dagbag.py:500} INFO - Filling up the DagBag from /home/airflow/.local/lib/python3.7/site-packages/airflow/example_dags/example_branch_operator.py
[2022-08-09 08:05:06,019] {processor.py:654} INFO - DAG(s) dict_keys(['example_branch_operator']) retrieved from /home/airflow/.local/lib/python3.7/site-packages/airflow/example_dags/example_branch_operator.py
[2022-08-09 08:05:06,031] {logging_mixin.py:109} INFO - [2022-08-09 08:05:06,031] {dag.py:2396} INFO - Sync 1 DAGs
[2022-08-09 08:05:06,051] {logging_mixin.py:109} INFO - [2022-08-09 08:05:06,050] {dag.py:2935} INFO - Setting next_dagrun for example_branch_operator to 2022-08-08 00:00:00+00:00
[2022-08-09 08:05:06,062] {processor.py:171} INFO - Processing /home/airflow/.local/lib/python3.7/site-packages/airflow/example_dags/example_branch_operator.py took 0.087 seconds
[2022-08-09 08:05:36,439] {processor.py:163} INFO - Started process (PID=186) to work on /home/airflow/.local/lib/python3.7/site-packages/airflow/example_dags/example_branch_operator.py
[2022-08-09 08:05:36,441] {processor.py:642} INFO - Processing file /home/airflow/.local/lib/python3.7/site-packages/airflow/example_dags/example_branch_operator.py for tasks to queue
[2022-08-09 08:05:36,442] {logging_mixin.py:109} INFO - [2022-08-09 08:05:36,442] {dagbag.py:500} INFO - Filling up the DagBag from /home/airflow/.local/lib/python3.7/site-packages/airflow/example_dags/example_branch_operator.py
[2022-08-09 08:05:36,481] {processor.py:654} INFO - DAG(s) dict_keys(['example_branch_operator']) retrieved from /home/airflow/.local/lib/python3.7/site-packages/airflow/example_dags/example_branch_operator.py
[2022-08-09 08:05:36,497] {logging_mixin.py:109} INFO - [2022-08-09 08:05:36,497] {dag.py:2396} INFO - Sync 1 DAGs
[2022-08-09 08:05:36,517] {logging_mixin.py:109} INFO - [2022-08-09 08:05:36,517] {dag.py:2935} INFO - Setting next_dagrun for example_branch_operator to 2022-08-08 00:00:00+00:00
[2022-08-09 08:05:36,527] {processor.py:171} INFO - Processing /home/airflow/.local/lib/python3.7/site-packages/airflow/example_dags/example_branch_operator.py took 0.092 seconds
[2022-08-09 08:06:07,402] {processor.py:163} INFO - Started process (PID=255) to work on /home/airflow/.local/lib/python3.7/site-packages/airflow/example_dags/example_branch_operator.py
[2022-08-09 08:06:07,407] {processor.py:642} INFO - Processing file /home/airflow/.local/lib/python3.7/site-packages/airflow/example_dags/example_branch_operator.py for tasks to queue
[2022-08-09 08:06:07,410] {logging_mixin.py:109} INFO - [2022-08-09 08:06:07,410] {dagbag.py:500} INFO - Filling up the DagBag from /home/airflow/.local/lib/python3.7/site-packages/airflow/example_dags/example_branch_operator.py
[2022-08-09 08:06:07,458] {processor.py:654} INFO - DAG(s) dict_keys(['example_branch_operator']) retrieved from /home/airflow/.local/lib/python3.7/site-packages/airflow/example_dags/example_branch_operator.py
[2022-08-09 08:06:07,473] {logging_mixin.py:109} INFO - [2022-08-09 08:06:07,472] {dag.py:2396} INFO - Sync 1 DAGs
[2022-08-09 08:06:07,508] {logging_mixin.py:109} INFO - [2022-08-09 08:06:07,508] {dag.py:2935} INFO - Setting next_dagrun for example_branch_operator to 2022-08-08 00:00:00+00:00
[2022-08-09 08:06:07,523] {processor.py:171} INFO - Processing /home/airflow/.local/lib/python3.7/site-packages/airflow/example_dags/example_branch_operator.py took 0.124 seconds
[2022-08-09 08:06:37,674] {processor.py:163} INFO - Started process (PID=310) to work on /home/airflow/.local/lib/python3.7/site-packages/airflow/example_dags/example_branch_operator.py
[2022-08-09 08:06:37,677] {processor.py:642} INFO - Processing file /home/airflow/.local/lib/python3.7/site-packages/airflow/example_dags/example_branch_operator.py for tasks to queue
[2022-08-09 08:06:37,679] {logging_mixin.py:109} INFO - [2022-08-09 08:06:37,679] {dagbag.py:500} INFO - Filling up the DagBag from /home/airflow/.local/lib/python3.7/site-packages/airflow/example_dags/example_branch_operator.py
[2022-08-09 08:06:37,739] {processor.py:654} INFO - DAG(s) dict_keys(['example_branch_operator']) retrieved from /home/airflow/.local/lib/python3.7/site-packages/airflow/example_dags/example_branch_operator.py
[2022-08-09 08:06:37,759] {logging_mixin.py:109} INFO - [2022-08-09 08:06:37,759] {dag.py:2396} INFO - Sync 1 DAGs
[2022-08-09 08:06:37,783] {logging_mixin.py:109} INFO - [2022-08-09 08:06:37,783] {dag.py:2935} INFO - Setting next_dagrun for example_branch_operator to 2022-08-08 00:00:00+00:00
[2022-08-09 08:06:37,796] {processor.py:171} INFO - Processing /home/airflow/.local/lib/python3.7/site-packages/airflow/example_dags/example_branch_operator.py took 0.125 seconds
[2022-08-09 08:07:08,085] {processor.py:163} INFO - Started process (PID=380) to work on /home/airflow/.local/lib/python3.7/site-packages/airflow/example_dags/example_branch_operator.py
[2022-08-09 08:07:08,088] {processor.py:642} INFO - Processing file /home/airflow/.local/lib/python3.7/site-packages/airflow/example_dags/example_branch_operator.py for tasks to queue
[2022-08-09 08:07:08,090] {logging_mixin.py:109} INFO - [2022-08-09 08:07:08,090] {dagbag.py:500} INFO - Filling up the DagBag from /home/airflow/.local/lib/python3.7/site-packages/airflow/example_dags/example_branch_operator.py
[2022-08-09 08:07:08,142] {processor.py:654} INFO - DAG(s) dict_keys(['example_branch_operator']) retrieved from /home/airflow/.local/lib/python3.7/site-packages/airflow/example_dags/example_branch_operator.py
[2022-08-09 08:07:08,154] {logging_mixin.py:109} INFO - [2022-08-09 08:07:08,154] {dag.py:2396} INFO - Sync 1 DAGs
[2022-08-09 08:07:08,170] {logging_mixin.py:109} INFO - [2022-08-09 08:07:08,170] {dag.py:2935} INFO - Setting next_dagrun for example_branch_operator to 2022-08-08 00:00:00+00:00
[2022-08-09 08:07:08,182] {processor.py:171} INFO - Processing /home/airflow/.local/lib/python3.7/site-packages/airflow/example_dags/example_branch_operator.py took 0.100 seconds
[2022-08-09 08:07:38,555] {processor.py:163} INFO - Started process (PID=440) to work on /home/airflow/.local/lib/python3.7/site-packages/airflow/example_dags/example_branch_operator.py
[2022-08-09 08:07:38,571] {processor.py:642} INFO - Processing file /home/airflow/.local/lib/python3.7/site-packages/airflow/example_dags/example_branch_operator.py for tasks to queue
[2022-08-09 08:07:38,575] {logging_mixin.py:109} INFO - [2022-08-09 08:07:38,575] {dagbag.py:500} INFO - Filling up the DagBag from /home/airflow/.local/lib/python3.7/site-packages/airflow/example_dags/example_branch_operator.py
[2022-08-09 08:07:38,641] {processor.py:654} INFO - DAG(s) dict_keys(['example_branch_operator']) retrieved from /home/airflow/.local/lib/python3.7/site-packages/airflow/example_dags/example_branch_operator.py
[2022-08-09 08:07:38,663] {logging_mixin.py:109} INFO - [2022-08-09 08:07:38,662] {dag.py:2396} INFO - Sync 1 DAGs
[2022-08-09 08:07:38,682] {logging_mixin.py:109} INFO - [2022-08-09 08:07:38,682] {dag.py:2935} INFO - Setting next_dagrun for example_branch_operator to 2022-08-08 00:00:00+00:00
[2022-08-09 08:07:38,697] {processor.py:171} INFO - Processing /home/airflow/.local/lib/python3.7/site-packages/airflow/example_dags/example_branch_operator.py took 0.157 seconds
[2022-08-09 08:08:09,172] {processor.py:163} INFO - Started process (PID=511) to work on /home/airflow/.local/lib/python3.7/site-packages/airflow/example_dags/example_branch_operator.py
[2022-08-09 08:08:09,176] {processor.py:642} INFO - Processing file /home/airflow/.local/lib/python3.7/site-packages/airflow/example_dags/example_branch_operator.py for tasks to queue
[2022-08-09 08:08:09,177] {logging_mixin.py:109} INFO - [2022-08-09 08:08:09,177] {dagbag.py:500} INFO - Filling up the DagBag from /home/airflow/.local/lib/python3.7/site-packages/airflow/example_dags/example_branch_operator.py
[2022-08-09 08:08:09,223] {processor.py:654} INFO - DAG(s) dict_keys(['example_branch_operator']) retrieved from /home/airflow/.local/lib/python3.7/site-packages/airflow/example_dags/example_branch_operator.py
[2022-08-09 08:08:09,241] {logging_mixin.py:109} INFO - [2022-08-09 08:08:09,241] {dag.py:2396} INFO - Sync 1 DAGs
[2022-08-09 08:08:09,267] {logging_mixin.py:109} INFO - [2022-08-09 08:08:09,267] {dag.py:2935} INFO - Setting next_dagrun for example_branch_operator to 2022-08-08 00:00:00+00:00
[2022-08-09 08:08:09,283] {processor.py:171} INFO - Processing /home/airflow/.local/lib/python3.7/site-packages/airflow/example_dags/example_branch_operator.py took 0.126 seconds
[2022-08-09 08:08:40,150] {processor.py:163} INFO - Started process (PID=572) to work on /home/airflow/.local/lib/python3.7/site-packages/airflow/example_dags/example_branch_operator.py
[2022-08-09 08:08:40,152] {processor.py:642} INFO - Processing file /home/airflow/.local/lib/python3.7/site-packages/airflow/example_dags/example_branch_operator.py for tasks to queue
[2022-08-09 08:08:40,154] {logging_mixin.py:109} INFO - [2022-08-09 08:08:40,153] {dagbag.py:500} INFO - Filling up the DagBag from /home/airflow/.local/lib/python3.7/site-packages/airflow/example_dags/example_branch_operator.py
[2022-08-09 08:08:40,191] {processor.py:654} INFO - DAG(s) dict_keys(['example_branch_operator']) retrieved from /home/airflow/.local/lib/python3.7/site-packages/airflow/example_dags/example_branch_operator.py
[2022-08-09 08:08:40,205] {logging_mixin.py:109} INFO - [2022-08-09 08:08:40,205] {dag.py:2396} INFO - Sync 1 DAGs
[2022-08-09 08:08:40,224] {logging_mixin.py:109} INFO - [2022-08-09 08:08:40,224] {dag.py:2935} INFO - Setting next_dagrun for example_branch_operator to 2022-08-08 00:00:00+00:00
[2022-08-09 08:08:40,239] {processor.py:171} INFO - Processing /home/airflow/.local/lib/python3.7/site-packages/airflow/example_dags/example_branch_operator.py took 0.093 seconds
[2022-08-09 08:09:10,911] {processor.py:163} INFO - Started process (PID=643) to work on /home/airflow/.local/lib/python3.7/site-packages/airflow/example_dags/example_branch_operator.py
[2022-08-09 08:09:10,914] {processor.py:642} INFO - Processing file /home/airflow/.local/lib/python3.7/site-packages/airflow/example_dags/example_branch_operator.py for tasks to queue
[2022-08-09 08:09:10,915] {logging_mixin.py:109} INFO - [2022-08-09 08:09:10,915] {dagbag.py:500} INFO - Filling up the DagBag from /home/airflow/.local/lib/python3.7/site-packages/airflow/example_dags/example_branch_operator.py
[2022-08-09 08:09:10,950] {processor.py:654} INFO - DAG(s) dict_keys(['example_branch_operator']) retrieved from /home/airflow/.local/lib/python3.7/site-packages/airflow/example_dags/example_branch_operator.py
[2022-08-09 08:09:10,964] {logging_mixin.py:109} INFO - [2022-08-09 08:09:10,964] {dag.py:2396} INFO - Sync 1 DAGs
[2022-08-09 08:09:10,984] {logging_mixin.py:109} INFO - [2022-08-09 08:09:10,984] {dag.py:2935} INFO - Setting next_dagrun for example_branch_operator to 2022-08-08 00:00:00+00:00
[2022-08-09 08:09:10,997] {processor.py:171} INFO - Processing /home/airflow/.local/lib/python3.7/site-packages/airflow/example_dags/example_branch_operator.py took 0.090 seconds
[2022-08-09 08:09:41,252] {processor.py:163} INFO - Started process (PID=704) to work on /home/airflow/.local/lib/python3.7/site-packages/airflow/example_dags/example_branch_operator.py
[2022-08-09 08:09:41,255] {processor.py:642} INFO - Processing file /home/airflow/.local/lib/python3.7/site-packages/airflow/example_dags/example_branch_operator.py for tasks to queue
[2022-08-09 08:09:41,259] {logging_mixin.py:109} INFO - [2022-08-09 08:09:41,259] {dagbag.py:500} INFO - Filling up the DagBag from /home/airflow/.local/lib/python3.7/site-packages/airflow/example_dags/example_branch_operator.py
[2022-08-09 08:09:41,292] {processor.py:654} INFO - DAG(s) dict_keys(['example_branch_operator']) retrieved from /home/airflow/.local/lib/python3.7/site-packages/airflow/example_dags/example_branch_operator.py
[2022-08-09 08:09:41,317] {logging_mixin.py:109} INFO - [2022-08-09 08:09:41,317] {dag.py:2396} INFO - Sync 1 DAGs
[2022-08-09 08:09:41,335] {logging_mixin.py:109} INFO - [2022-08-09 08:09:41,335] {dag.py:2935} INFO - Setting next_dagrun for example_branch_operator to 2022-08-08 00:00:00+00:00
[2022-08-09 08:09:41,345] {processor.py:171} INFO - Processing /home/airflow/.local/lib/python3.7/site-packages/airflow/example_dags/example_branch_operator.py took 0.097 seconds
[2022-08-09 08:10:11,828] {processor.py:163} INFO - Started process (PID=765) to work on /home/airflow/.local/lib/python3.7/site-packages/airflow/example_dags/example_branch_operator.py
[2022-08-09 08:10:11,830] {processor.py:642} INFO - Processing file /home/airflow/.local/lib/python3.7/site-packages/airflow/example_dags/example_branch_operator.py for tasks to queue
[2022-08-09 08:10:11,832] {logging_mixin.py:109} INFO - [2022-08-09 08:10:11,831] {dagbag.py:500} INFO - Filling up the DagBag from /home/airflow/.local/lib/python3.7/site-packages/airflow/example_dags/example_branch_operator.py
[2022-08-09 08:10:11,866] {processor.py:654} INFO - DAG(s) dict_keys(['example_branch_operator']) retrieved from /home/airflow/.local/lib/python3.7/site-packages/airflow/example_dags/example_branch_operator.py
[2022-08-09 08:10:11,878] {logging_mixin.py:109} INFO - [2022-08-09 08:10:11,877] {dag.py:2396} INFO - Sync 1 DAGs
[2022-08-09 08:10:11,895] {logging_mixin.py:109} INFO - [2022-08-09 08:10:11,895] {dag.py:2935} INFO - Setting next_dagrun for example_branch_operator to 2022-08-08 00:00:00+00:00
[2022-08-09 08:10:11,906] {processor.py:171} INFO - Processing /home/airflow/.local/lib/python3.7/site-packages/airflow/example_dags/example_branch_operator.py took 0.082 seconds
[2022-08-09 08:10:42,136] {processor.py:163} INFO - Started process (PID=835) to work on /home/airflow/.local/lib/python3.7/site-packages/airflow/example_dags/example_branch_operator.py
[2022-08-09 08:10:42,138] {processor.py:642} INFO - Processing file /home/airflow/.local/lib/python3.7/site-packages/airflow/example_dags/example_branch_operator.py for tasks to queue
[2022-08-09 08:10:42,139] {logging_mixin.py:109} INFO - [2022-08-09 08:10:42,139] {dagbag.py:500} INFO - Filling up the DagBag from /home/airflow/.local/lib/python3.7/site-packages/airflow/example_dags/example_branch_operator.py
[2022-08-09 08:10:42,177] {processor.py:654} INFO - DAG(s) dict_keys(['example_branch_operator']) retrieved from /home/airflow/.local/lib/python3.7/site-packages/airflow/example_dags/example_branch_operator.py
[2022-08-09 08:10:42,192] {logging_mixin.py:109} INFO - [2022-08-09 08:10:42,192] {dag.py:2396} INFO - Sync 1 DAGs
[2022-08-09 08:10:42,213] {logging_mixin.py:109} INFO - [2022-08-09 08:10:42,213] {dag.py:2935} INFO - Setting next_dagrun for example_branch_operator to 2022-08-08 00:00:00+00:00
[2022-08-09 08:10:42,229] {processor.py:171} INFO - Processing /home/airflow/.local/lib/python3.7/site-packages/airflow/example_dags/example_branch_operator.py took 0.098 seconds
[2022-08-09 08:11:12,507] {processor.py:163} INFO - Started process (PID=896) to work on /home/airflow/.local/lib/python3.7/site-packages/airflow/example_dags/example_branch_operator.py
[2022-08-09 08:11:12,509] {processor.py:642} INFO - Processing file /home/airflow/.local/lib/python3.7/site-packages/airflow/example_dags/example_branch_operator.py for tasks to queue
[2022-08-09 08:11:12,511] {logging_mixin.py:109} INFO - [2022-08-09 08:11:12,511] {dagbag.py:500} INFO - Filling up the DagBag from /home/airflow/.local/lib/python3.7/site-packages/airflow/example_dags/example_branch_operator.py
[2022-08-09 08:11:12,546] {processor.py:654} INFO - DAG(s) dict_keys(['example_branch_operator']) retrieved from /home/airflow/.local/lib/python3.7/site-packages/airflow/example_dags/example_branch_operator.py
[2022-08-09 08:11:12,557] {logging_mixin.py:109} INFO - [2022-08-09 08:11:12,557] {dag.py:2396} INFO - Sync 1 DAGs
[2022-08-09 08:11:12,579] {logging_mixin.py:109} INFO - [2022-08-09 08:11:12,579] {dag.py:2935} INFO - Setting next_dagrun for example_branch_operator to 2022-08-08 00:00:00+00:00
[2022-08-09 08:11:12,595] {processor.py:171} INFO - Processing /home/airflow/.local/lib/python3.7/site-packages/airflow/example_dags/example_branch_operator.py took 0.094 seconds
[2022-08-09 08:11:43,248] {processor.py:163} INFO - Started process (PID=965) to work on /home/airflow/.local/lib/python3.7/site-packages/airflow/example_dags/example_branch_operator.py
[2022-08-09 08:11:43,250] {processor.py:642} INFO - Processing file /home/airflow/.local/lib/python3.7/site-packages/airflow/example_dags/example_branch_operator.py for tasks to queue
[2022-08-09 08:11:43,251] {logging_mixin.py:109} INFO - [2022-08-09 08:11:43,251] {dagbag.py:500} INFO - Filling up the DagBag from /home/airflow/.local/lib/python3.7/site-packages/airflow/example_dags/example_branch_operator.py
[2022-08-09 08:11:43,287] {processor.py:654} INFO - DAG(s) dict_keys(['example_branch_operator']) retrieved from /home/airflow/.local/lib/python3.7/site-packages/airflow/example_dags/example_branch_operator.py
[2022-08-09 08:11:43,299] {logging_mixin.py:109} INFO - [2022-08-09 08:11:43,299] {dag.py:2396} INFO - Sync 1 DAGs
[2022-08-09 08:11:43,318] {logging_mixin.py:109} INFO - [2022-08-09 08:11:43,318] {dag.py:2935} INFO - Setting next_dagrun for example_branch_operator to 2022-08-08 00:00:00+00:00
[2022-08-09 08:11:43,333] {processor.py:171} INFO - Processing /home/airflow/.local/lib/python3.7/site-packages/airflow/example_dags/example_branch_operator.py took 0.088 seconds
[2022-08-09 08:12:13,918] {processor.py:163} INFO - Started process (PID=1025) to work on /home/airflow/.local/lib/python3.7/site-packages/airflow/example_dags/example_branch_operator.py
[2022-08-09 08:12:13,920] {processor.py:642} INFO - Processing file /home/airflow/.local/lib/python3.7/site-packages/airflow/example_dags/example_branch_operator.py for tasks to queue
[2022-08-09 08:12:13,921] {logging_mixin.py:109} INFO - [2022-08-09 08:12:13,921] {dagbag.py:500} INFO - Filling up the DagBag from /home/airflow/.local/lib/python3.7/site-packages/airflow/example_dags/example_branch_operator.py
[2022-08-09 08:12:13,963] {processor.py:654} INFO - DAG(s) dict_keys(['example_branch_operator']) retrieved from /home/airflow/.local/lib/python3.7/site-packages/airflow/example_dags/example_branch_operator.py
[2022-08-09 08:12:13,982] {logging_mixin.py:109} INFO - [2022-08-09 08:12:13,982] {dag.py:2396} INFO - Sync 1 DAGs
[2022-08-09 08:12:13,999] {logging_mixin.py:109} INFO - [2022-08-09 08:12:13,999] {dag.py:2935} INFO - Setting next_dagrun for example_branch_operator to 2022-08-08 00:00:00+00:00
[2022-08-09 08:12:14,008] {processor.py:171} INFO - Processing /home/airflow/.local/lib/python3.7/site-packages/airflow/example_dags/example_branch_operator.py took 0.095 seconds
[2022-08-09 08:12:44,730] {processor.py:163} INFO - Started process (PID=1095) to work on /home/airflow/.local/lib/python3.7/site-packages/airflow/example_dags/example_branch_operator.py
[2022-08-09 08:12:44,733] {processor.py:642} INFO - Processing file /home/airflow/.local/lib/python3.7/site-packages/airflow/example_dags/example_branch_operator.py for tasks to queue
[2022-08-09 08:12:44,734] {logging_mixin.py:109} INFO - [2022-08-09 08:12:44,734] {dagbag.py:500} INFO - Filling up the DagBag from /home/airflow/.local/lib/python3.7/site-packages/airflow/example_dags/example_branch_operator.py
[2022-08-09 08:12:44,769] {processor.py:654} INFO - DAG(s) dict_keys(['example_branch_operator']) retrieved from /home/airflow/.local/lib/python3.7/site-packages/airflow/example_dags/example_branch_operator.py
[2022-08-09 08:12:44,781] {logging_mixin.py:109} INFO - [2022-08-09 08:12:44,781] {dag.py:2396} INFO - Sync 1 DAGs
[2022-08-09 08:12:44,798] {logging_mixin.py:109} INFO - [2022-08-09 08:12:44,798] {dag.py:2935} INFO - Setting next_dagrun for example_branch_operator to 2022-08-08 00:00:00+00:00
[2022-08-09 08:12:44,810] {processor.py:171} INFO - Processing /home/airflow/.local/lib/python3.7/site-packages/airflow/example_dags/example_branch_operator.py took 0.084 seconds
[2022-08-09 08:13:15,374] {processor.py:163} INFO - Started process (PID=1155) to work on /home/airflow/.local/lib/python3.7/site-packages/airflow/example_dags/example_branch_operator.py
[2022-08-09 08:13:15,378] {processor.py:642} INFO - Processing file /home/airflow/.local/lib/python3.7/site-packages/airflow/example_dags/example_branch_operator.py for tasks to queue
[2022-08-09 08:13:15,380] {logging_mixin.py:109} INFO - [2022-08-09 08:13:15,380] {dagbag.py:500} INFO - Filling up the DagBag from /home/airflow/.local/lib/python3.7/site-packages/airflow/example_dags/example_branch_operator.py
[2022-08-09 08:13:15,429] {processor.py:654} INFO - DAG(s) dict_keys(['example_branch_operator']) retrieved from /home/airflow/.local/lib/python3.7/site-packages/airflow/example_dags/example_branch_operator.py
[2022-08-09 08:13:15,444] {logging_mixin.py:109} INFO - [2022-08-09 08:13:15,444] {dag.py:2396} INFO - Sync 1 DAGs
[2022-08-09 08:13:15,463] {logging_mixin.py:109} INFO - [2022-08-09 08:13:15,463] {dag.py:2935} INFO - Setting next_dagrun for example_branch_operator to 2022-08-08 00:00:00+00:00
[2022-08-09 08:13:15,475] {processor.py:171} INFO - Processing /home/airflow/.local/lib/python3.7/site-packages/airflow/example_dags/example_branch_operator.py took 0.105 seconds
[2022-08-09 08:13:46,116] {processor.py:163} INFO - Started process (PID=1226) to work on /home/airflow/.local/lib/python3.7/site-packages/airflow/example_dags/example_branch_operator.py
[2022-08-09 08:13:46,118] {processor.py:642} INFO - Processing file /home/airflow/.local/lib/python3.7/site-packages/airflow/example_dags/example_branch_operator.py for tasks to queue
[2022-08-09 08:13:46,119] {logging_mixin.py:109} INFO - [2022-08-09 08:13:46,119] {dagbag.py:500} INFO - Filling up the DagBag from /home/airflow/.local/lib/python3.7/site-packages/airflow/example_dags/example_branch_operator.py
[2022-08-09 08:13:46,158] {processor.py:654} INFO - DAG(s) dict_keys(['example_branch_operator']) retrieved from /home/airflow/.local/lib/python3.7/site-packages/airflow/example_dags/example_branch_operator.py
[2022-08-09 08:13:46,176] {logging_mixin.py:109} INFO - [2022-08-09 08:13:46,176] {dag.py:2396} INFO - Sync 1 DAGs
[2022-08-09 08:13:46,226] {logging_mixin.py:109} INFO - [2022-08-09 08:13:46,226] {dag.py:2935} INFO - Setting next_dagrun for example_branch_operator to 2022-08-08 00:00:00+00:00
[2022-08-09 08:13:46,237] {processor.py:171} INFO - Processing /home/airflow/.local/lib/python3.7/site-packages/airflow/example_dags/example_branch_operator.py took 0.124 seconds
[2022-08-09 08:14:16,957] {processor.py:163} INFO - Started process (PID=1286) to work on /home/airflow/.local/lib/python3.7/site-packages/airflow/example_dags/example_branch_operator.py
[2022-08-09 08:14:16,960] {processor.py:642} INFO - Processing file /home/airflow/.local/lib/python3.7/site-packages/airflow/example_dags/example_branch_operator.py for tasks to queue
[2022-08-09 08:14:16,962] {logging_mixin.py:109} INFO - [2022-08-09 08:14:16,962] {dagbag.py:500} INFO - Filling up the DagBag from /home/airflow/.local/lib/python3.7/site-packages/airflow/example_dags/example_branch_operator.py
[2022-08-09 08:14:17,003] {processor.py:654} INFO - DAG(s) dict_keys(['example_branch_operator']) retrieved from /home/airflow/.local/lib/python3.7/site-packages/airflow/example_dags/example_branch_operator.py
[2022-08-09 08:14:17,014] {logging_mixin.py:109} INFO - [2022-08-09 08:14:17,014] {dag.py:2396} INFO - Sync 1 DAGs
[2022-08-09 08:14:17,033] {logging_mixin.py:109} INFO - [2022-08-09 08:14:17,033] {dag.py:2935} INFO - Setting next_dagrun for example_branch_operator to 2022-08-08 00:00:00+00:00
[2022-08-09 08:14:17,045] {processor.py:171} INFO - Processing /home/airflow/.local/lib/python3.7/site-packages/airflow/example_dags/example_branch_operator.py took 0.092 seconds
[2022-08-09 08:14:47,875] {processor.py:163} INFO - Started process (PID=1355) to work on /home/airflow/.local/lib/python3.7/site-packages/airflow/example_dags/example_branch_operator.py
[2022-08-09 08:14:47,878] {processor.py:642} INFO - Processing file /home/airflow/.local/lib/python3.7/site-packages/airflow/example_dags/example_branch_operator.py for tasks to queue
[2022-08-09 08:14:47,880] {logging_mixin.py:109} INFO - [2022-08-09 08:14:47,879] {dagbag.py:500} INFO - Filling up the DagBag from /home/airflow/.local/lib/python3.7/site-packages/airflow/example_dags/example_branch_operator.py
[2022-08-09 08:14:47,923] {processor.py:654} INFO - DAG(s) dict_keys(['example_branch_operator']) retrieved from /home/airflow/.local/lib/python3.7/site-packages/airflow/example_dags/example_branch_operator.py
[2022-08-09 08:14:47,938] {logging_mixin.py:109} INFO - [2022-08-09 08:14:47,938] {dag.py:2396} INFO - Sync 1 DAGs
[2022-08-09 08:14:47,962] {logging_mixin.py:109} INFO - [2022-08-09 08:14:47,962] {dag.py:2935} INFO - Setting next_dagrun for example_branch_operator to 2022-08-08 00:00:00+00:00
[2022-08-09 08:14:47,975] {processor.py:171} INFO - Processing /home/airflow/.local/lib/python3.7/site-packages/airflow/example_dags/example_branch_operator.py took 0.107 seconds
[2022-08-09 08:15:18,641] {processor.py:163} INFO - Started process (PID=1415) to work on /home/airflow/.local/lib/python3.7/site-packages/airflow/example_dags/example_branch_operator.py
[2022-08-09 08:15:18,644] {processor.py:642} INFO - Processing file /home/airflow/.local/lib/python3.7/site-packages/airflow/example_dags/example_branch_operator.py for tasks to queue
[2022-08-09 08:15:18,646] {logging_mixin.py:109} INFO - [2022-08-09 08:15:18,646] {dagbag.py:500} INFO - Filling up the DagBag from /home/airflow/.local/lib/python3.7/site-packages/airflow/example_dags/example_branch_operator.py
[2022-08-09 08:15:18,684] {processor.py:654} INFO - DAG(s) dict_keys(['example_branch_operator']) retrieved from /home/airflow/.local/lib/python3.7/site-packages/airflow/example_dags/example_branch_operator.py
[2022-08-09 08:15:18,698] {logging_mixin.py:109} INFO - [2022-08-09 08:15:18,698] {dag.py:2396} INFO - Sync 1 DAGs
[2022-08-09 08:15:18,715] {logging_mixin.py:109} INFO - [2022-08-09 08:15:18,715] {dag.py:2935} INFO - Setting next_dagrun for example_branch_operator to 2022-08-08 00:00:00+00:00
[2022-08-09 08:15:18,727] {processor.py:171} INFO - Processing /home/airflow/.local/lib/python3.7/site-packages/airflow/example_dags/example_branch_operator.py took 0.089 seconds
[2022-08-09 08:15:49,010] {processor.py:163} INFO - Started process (PID=1477) to work on /home/airflow/.local/lib/python3.7/site-packages/airflow/example_dags/example_branch_operator.py
[2022-08-09 08:15:49,015] {processor.py:642} INFO - Processing file /home/airflow/.local/lib/python3.7/site-packages/airflow/example_dags/example_branch_operator.py for tasks to queue
[2022-08-09 08:15:49,018] {logging_mixin.py:109} INFO - [2022-08-09 08:15:49,018] {dagbag.py:500} INFO - Filling up the DagBag from /home/airflow/.local/lib/python3.7/site-packages/airflow/example_dags/example_branch_operator.py
[2022-08-09 08:15:49,069] {processor.py:654} INFO - DAG(s) dict_keys(['example_branch_operator']) retrieved from /home/airflow/.local/lib/python3.7/site-packages/airflow/example_dags/example_branch_operator.py
[2022-08-09 08:15:49,083] {logging_mixin.py:109} INFO - [2022-08-09 08:15:49,082] {dag.py:2396} INFO - Sync 1 DAGs
[2022-08-09 08:15:49,111] {logging_mixin.py:109} INFO - [2022-08-09 08:15:49,110] {dag.py:2935} INFO - Setting next_dagrun for example_branch_operator to 2022-08-08 00:00:00+00:00
[2022-08-09 08:15:49,123] {processor.py:171} INFO - Processing /home/airflow/.local/lib/python3.7/site-packages/airflow/example_dags/example_branch_operator.py took 0.117 seconds
[2022-08-09 08:16:19,445] {processor.py:163} INFO - Started process (PID=1545) to work on /home/airflow/.local/lib/python3.7/site-packages/airflow/example_dags/example_branch_operator.py
[2022-08-09 08:16:19,448] {processor.py:642} INFO - Processing file /home/airflow/.local/lib/python3.7/site-packages/airflow/example_dags/example_branch_operator.py for tasks to queue
[2022-08-09 08:16:19,450] {logging_mixin.py:109} INFO - [2022-08-09 08:16:19,450] {dagbag.py:500} INFO - Filling up the DagBag from /home/airflow/.local/lib/python3.7/site-packages/airflow/example_dags/example_branch_operator.py
[2022-08-09 08:16:19,498] {processor.py:654} INFO - DAG(s) dict_keys(['example_branch_operator']) retrieved from /home/airflow/.local/lib/python3.7/site-packages/airflow/example_dags/example_branch_operator.py
[2022-08-09 08:16:19,514] {logging_mixin.py:109} INFO - [2022-08-09 08:16:19,514] {dag.py:2396} INFO - Sync 1 DAGs
[2022-08-09 08:16:19,536] {logging_mixin.py:109} INFO - [2022-08-09 08:16:19,536] {dag.py:2935} INFO - Setting next_dagrun for example_branch_operator to 2022-08-08 00:00:00+00:00
[2022-08-09 08:16:19,549] {processor.py:171} INFO - Processing /home/airflow/.local/lib/python3.7/site-packages/airflow/example_dags/example_branch_operator.py took 0.109 seconds
[2022-08-09 08:16:49,673] {processor.py:163} INFO - Started process (PID=1605) to work on /home/airflow/.local/lib/python3.7/site-packages/airflow/example_dags/example_branch_operator.py
[2022-08-09 08:16:49,675] {processor.py:642} INFO - Processing file /home/airflow/.local/lib/python3.7/site-packages/airflow/example_dags/example_branch_operator.py for tasks to queue
[2022-08-09 08:16:49,676] {logging_mixin.py:109} INFO - [2022-08-09 08:16:49,676] {dagbag.py:500} INFO - Filling up the DagBag from /home/airflow/.local/lib/python3.7/site-packages/airflow/example_dags/example_branch_operator.py
[2022-08-09 08:16:49,711] {processor.py:654} INFO - DAG(s) dict_keys(['example_branch_operator']) retrieved from /home/airflow/.local/lib/python3.7/site-packages/airflow/example_dags/example_branch_operator.py
[2022-08-09 08:16:49,723] {logging_mixin.py:109} INFO - [2022-08-09 08:16:49,723] {dag.py:2396} INFO - Sync 1 DAGs
[2022-08-09 08:16:49,739] {logging_mixin.py:109} INFO - [2022-08-09 08:16:49,739] {dag.py:2935} INFO - Setting next_dagrun for example_branch_operator to 2022-08-08 00:00:00+00:00
[2022-08-09 08:16:49,749] {processor.py:171} INFO - Processing /home/airflow/.local/lib/python3.7/site-packages/airflow/example_dags/example_branch_operator.py took 0.079 seconds
[2022-08-09 08:17:20,266] {processor.py:163} INFO - Started process (PID=1674) to work on /home/airflow/.local/lib/python3.7/site-packages/airflow/example_dags/example_branch_operator.py
[2022-08-09 08:17:20,268] {processor.py:642} INFO - Processing file /home/airflow/.local/lib/python3.7/site-packages/airflow/example_dags/example_branch_operator.py for tasks to queue
[2022-08-09 08:17:20,270] {logging_mixin.py:109} INFO - [2022-08-09 08:17:20,270] {dagbag.py:500} INFO - Filling up the DagBag from /home/airflow/.local/lib/python3.7/site-packages/airflow/example_dags/example_branch_operator.py
[2022-08-09 08:17:20,306] {processor.py:654} INFO - DAG(s) dict_keys(['example_branch_operator']) retrieved from /home/airflow/.local/lib/python3.7/site-packages/airflow/example_dags/example_branch_operator.py
[2022-08-09 08:17:20,321] {logging_mixin.py:109} INFO - [2022-08-09 08:17:20,321] {dag.py:2396} INFO - Sync 1 DAGs
[2022-08-09 08:17:20,342] {logging_mixin.py:109} INFO - [2022-08-09 08:17:20,342] {dag.py:2935} INFO - Setting next_dagrun for example_branch_operator to 2022-08-08 00:00:00+00:00
[2022-08-09 08:17:20,353] {processor.py:171} INFO - Processing /home/airflow/.local/lib/python3.7/site-packages/airflow/example_dags/example_branch_operator.py took 0.090 seconds
[2022-08-09 08:17:50,864] {processor.py:163} INFO - Started process (PID=1734) to work on /home/airflow/.local/lib/python3.7/site-packages/airflow/example_dags/example_branch_operator.py
[2022-08-09 08:17:50,867] {processor.py:642} INFO - Processing file /home/airflow/.local/lib/python3.7/site-packages/airflow/example_dags/example_branch_operator.py for tasks to queue
[2022-08-09 08:17:50,869] {logging_mixin.py:109} INFO - [2022-08-09 08:17:50,869] {dagbag.py:500} INFO - Filling up the DagBag from /home/airflow/.local/lib/python3.7/site-packages/airflow/example_dags/example_branch_operator.py
[2022-08-09 08:17:50,899] {processor.py:654} INFO - DAG(s) dict_keys(['example_branch_operator']) retrieved from /home/airflow/.local/lib/python3.7/site-packages/airflow/example_dags/example_branch_operator.py
[2022-08-09 08:17:50,910] {logging_mixin.py:109} INFO - [2022-08-09 08:17:50,909] {dag.py:2396} INFO - Sync 1 DAGs
[2022-08-09 08:17:50,926] {logging_mixin.py:109} INFO - [2022-08-09 08:17:50,926] {dag.py:2935} INFO - Setting next_dagrun for example_branch_operator to 2022-08-08 00:00:00+00:00
[2022-08-09 08:17:50,937] {processor.py:171} INFO - Processing /home/airflow/.local/lib/python3.7/site-packages/airflow/example_dags/example_branch_operator.py took 0.078 seconds
[2022-08-09 08:18:21,662] {processor.py:163} INFO - Started process (PID=1803) to work on /home/airflow/.local/lib/python3.7/site-packages/airflow/example_dags/example_branch_operator.py
[2022-08-09 08:18:21,664] {processor.py:642} INFO - Processing file /home/airflow/.local/lib/python3.7/site-packages/airflow/example_dags/example_branch_operator.py for tasks to queue
[2022-08-09 08:18:21,666] {logging_mixin.py:109} INFO - [2022-08-09 08:18:21,665] {dagbag.py:500} INFO - Filling up the DagBag from /home/airflow/.local/lib/python3.7/site-packages/airflow/example_dags/example_branch_operator.py
[2022-08-09 08:18:21,694] {processor.py:654} INFO - DAG(s) dict_keys(['example_branch_operator']) retrieved from /home/airflow/.local/lib/python3.7/site-packages/airflow/example_dags/example_branch_operator.py
[2022-08-09 08:18:21,707] {logging_mixin.py:109} INFO - [2022-08-09 08:18:21,707] {dag.py:2396} INFO - Sync 1 DAGs
[2022-08-09 08:18:21,818] {logging_mixin.py:109} INFO - [2022-08-09 08:18:21,818] {dag.py:2935} INFO - Setting next_dagrun for example_branch_operator to 2022-08-08 00:00:00+00:00
[2022-08-09 08:18:21,835] {processor.py:171} INFO - Processing /home/airflow/.local/lib/python3.7/site-packages/airflow/example_dags/example_branch_operator.py took 0.176 seconds
[2022-08-09 08:18:52,008] {processor.py:163} INFO - Started process (PID=1863) to work on /home/airflow/.local/lib/python3.7/site-packages/airflow/example_dags/example_branch_operator.py
[2022-08-09 08:18:52,012] {processor.py:642} INFO - Processing file /home/airflow/.local/lib/python3.7/site-packages/airflow/example_dags/example_branch_operator.py for tasks to queue
[2022-08-09 08:18:52,014] {logging_mixin.py:109} INFO - [2022-08-09 08:18:52,013] {dagbag.py:500} INFO - Filling up the DagBag from /home/airflow/.local/lib/python3.7/site-packages/airflow/example_dags/example_branch_operator.py
[2022-08-09 08:18:52,052] {processor.py:654} INFO - DAG(s) dict_keys(['example_branch_operator']) retrieved from /home/airflow/.local/lib/python3.7/site-packages/airflow/example_dags/example_branch_operator.py
[2022-08-09 08:18:52,065] {logging_mixin.py:109} INFO - [2022-08-09 08:18:52,064] {dag.py:2396} INFO - Sync 1 DAGs
[2022-08-09 08:18:52,166] {logging_mixin.py:109} INFO - [2022-08-09 08:18:52,166] {dag.py:2935} INFO - Setting next_dagrun for example_branch_operator to 2022-08-08 00:00:00+00:00
[2022-08-09 08:18:52,179] {processor.py:171} INFO - Processing /home/airflow/.local/lib/python3.7/site-packages/airflow/example_dags/example_branch_operator.py took 0.174 seconds
[2022-08-09 08:19:22,296] {processor.py:163} INFO - Started process (PID=1929) to work on /home/airflow/.local/lib/python3.7/site-packages/airflow/example_dags/example_branch_operator.py
[2022-08-09 08:19:22,298] {processor.py:642} INFO - Processing file /home/airflow/.local/lib/python3.7/site-packages/airflow/example_dags/example_branch_operator.py for tasks to queue
[2022-08-09 08:19:22,300] {logging_mixin.py:109} INFO - [2022-08-09 08:19:22,299] {dagbag.py:500} INFO - Filling up the DagBag from /home/airflow/.local/lib/python3.7/site-packages/airflow/example_dags/example_branch_operator.py
[2022-08-09 08:19:22,328] {processor.py:654} INFO - DAG(s) dict_keys(['example_branch_operator']) retrieved from /home/airflow/.local/lib/python3.7/site-packages/airflow/example_dags/example_branch_operator.py
[2022-08-09 08:19:22,348] {logging_mixin.py:109} INFO - [2022-08-09 08:19:22,348] {dag.py:2396} INFO - Sync 1 DAGs
[2022-08-09 08:19:22,464] {logging_mixin.py:109} INFO - [2022-08-09 08:19:22,463] {dag.py:2935} INFO - Setting next_dagrun for example_branch_operator to 2022-08-08 00:00:00+00:00
[2022-08-09 08:19:22,476] {processor.py:171} INFO - Processing /home/airflow/.local/lib/python3.7/site-packages/airflow/example_dags/example_branch_operator.py took 0.185 seconds
[2022-08-09 08:19:53,023] {processor.py:163} INFO - Started process (PID=1988) to work on /home/airflow/.local/lib/python3.7/site-packages/airflow/example_dags/example_branch_operator.py
[2022-08-09 08:19:53,025] {processor.py:642} INFO - Processing file /home/airflow/.local/lib/python3.7/site-packages/airflow/example_dags/example_branch_operator.py for tasks to queue
[2022-08-09 08:19:53,027] {logging_mixin.py:109} INFO - [2022-08-09 08:19:53,026] {dagbag.py:500} INFO - Filling up the DagBag from /home/airflow/.local/lib/python3.7/site-packages/airflow/example_dags/example_branch_operator.py
[2022-08-09 08:19:53,064] {processor.py:654} INFO - DAG(s) dict_keys(['example_branch_operator']) retrieved from /home/airflow/.local/lib/python3.7/site-packages/airflow/example_dags/example_branch_operator.py
[2022-08-09 08:19:53,158] {logging_mixin.py:109} INFO - [2022-08-09 08:19:53,158] {dag.py:2396} INFO - Sync 1 DAGs
[2022-08-09 08:19:53,174] {logging_mixin.py:109} INFO - [2022-08-09 08:19:53,174] {dag.py:2935} INFO - Setting next_dagrun for example_branch_operator to 2022-08-08 00:00:00+00:00
[2022-08-09 08:19:53,186] {processor.py:171} INFO - Processing /home/airflow/.local/lib/python3.7/site-packages/airflow/example_dags/example_branch_operator.py took 0.167 seconds
[2022-08-09 08:20:23,795] {processor.py:163} INFO - Started process (PID=2057) to work on /home/airflow/.local/lib/python3.7/site-packages/airflow/example_dags/example_branch_operator.py
[2022-08-09 08:20:23,796] {processor.py:642} INFO - Processing file /home/airflow/.local/lib/python3.7/site-packages/airflow/example_dags/example_branch_operator.py for tasks to queue
[2022-08-09 08:20:23,798] {logging_mixin.py:109} INFO - [2022-08-09 08:20:23,798] {dagbag.py:500} INFO - Filling up the DagBag from /home/airflow/.local/lib/python3.7/site-packages/airflow/example_dags/example_branch_operator.py
[2022-08-09 08:20:23,916] {processor.py:654} INFO - DAG(s) dict_keys(['example_branch_operator']) retrieved from /home/airflow/.local/lib/python3.7/site-packages/airflow/example_dags/example_branch_operator.py
[2022-08-09 08:20:23,927] {logging_mixin.py:109} INFO - [2022-08-09 08:20:23,927] {dag.py:2396} INFO - Sync 1 DAGs
[2022-08-09 08:20:23,942] {logging_mixin.py:109} INFO - [2022-08-09 08:20:23,942] {dag.py:2935} INFO - Setting next_dagrun for example_branch_operator to 2022-08-08 00:00:00+00:00
[2022-08-09 08:20:23,952] {processor.py:171} INFO - Processing /home/airflow/.local/lib/python3.7/site-packages/airflow/example_dags/example_branch_operator.py took 0.161 seconds
[2022-08-09 08:20:54,111] {processor.py:163} INFO - Started process (PID=2117) to work on /home/airflow/.local/lib/python3.7/site-packages/airflow/example_dags/example_branch_operator.py
[2022-08-09 08:20:54,113] {processor.py:642} INFO - Processing file /home/airflow/.local/lib/python3.7/site-packages/airflow/example_dags/example_branch_operator.py for tasks to queue
[2022-08-09 08:20:54,114] {logging_mixin.py:109} INFO - [2022-08-09 08:20:54,114] {dagbag.py:500} INFO - Filling up the DagBag from /home/airflow/.local/lib/python3.7/site-packages/airflow/example_dags/example_branch_operator.py
[2022-08-09 08:20:54,231] {processor.py:654} INFO - DAG(s) dict_keys(['example_branch_operator']) retrieved from /home/airflow/.local/lib/python3.7/site-packages/airflow/example_dags/example_branch_operator.py
[2022-08-09 08:20:54,242] {logging_mixin.py:109} INFO - [2022-08-09 08:20:54,242] {dag.py:2396} INFO - Sync 1 DAGs
[2022-08-09 08:20:54,257] {logging_mixin.py:109} INFO - [2022-08-09 08:20:54,257] {dag.py:2935} INFO - Setting next_dagrun for example_branch_operator to 2022-08-08 00:00:00+00:00
[2022-08-09 08:20:54,266] {processor.py:171} INFO - Processing /home/airflow/.local/lib/python3.7/site-packages/airflow/example_dags/example_branch_operator.py took 0.158 seconds
[2022-08-09 08:21:24,958] {processor.py:163} INFO - Started process (PID=2188) to work on /home/airflow/.local/lib/python3.7/site-packages/airflow/example_dags/example_branch_operator.py
[2022-08-09 08:21:24,960] {processor.py:642} INFO - Processing file /home/airflow/.local/lib/python3.7/site-packages/airflow/example_dags/example_branch_operator.py for tasks to queue
[2022-08-09 08:21:24,961] {logging_mixin.py:109} INFO - [2022-08-09 08:21:24,961] {dagbag.py:500} INFO - Filling up the DagBag from /home/airflow/.local/lib/python3.7/site-packages/airflow/example_dags/example_branch_operator.py
[2022-08-09 08:21:25,088] {processor.py:654} INFO - DAG(s) dict_keys(['example_branch_operator']) retrieved from /home/airflow/.local/lib/python3.7/site-packages/airflow/example_dags/example_branch_operator.py
[2022-08-09 08:21:25,099] {logging_mixin.py:109} INFO - [2022-08-09 08:21:25,099] {dag.py:2396} INFO - Sync 1 DAGs
[2022-08-09 08:21:25,115] {logging_mixin.py:109} INFO - [2022-08-09 08:21:25,115] {dag.py:2935} INFO - Setting next_dagrun for example_branch_operator to 2022-08-08 00:00:00+00:00
[2022-08-09 08:21:25,124] {processor.py:171} INFO - Processing /home/airflow/.local/lib/python3.7/site-packages/airflow/example_dags/example_branch_operator.py took 0.170 seconds
[2022-08-09 08:21:55,203] {processor.py:163} INFO - Started process (PID=2248) to work on /home/airflow/.local/lib/python3.7/site-packages/airflow/example_dags/example_branch_operator.py
[2022-08-09 08:21:55,206] {processor.py:642} INFO - Processing file /home/airflow/.local/lib/python3.7/site-packages/airflow/example_dags/example_branch_operator.py for tasks to queue
[2022-08-09 08:21:55,208] {logging_mixin.py:109} INFO - [2022-08-09 08:21:55,208] {dagbag.py:500} INFO - Filling up the DagBag from /home/airflow/.local/lib/python3.7/site-packages/airflow/example_dags/example_branch_operator.py
[2022-08-09 08:21:55,357] {processor.py:654} INFO - DAG(s) dict_keys(['example_branch_operator']) retrieved from /home/airflow/.local/lib/python3.7/site-packages/airflow/example_dags/example_branch_operator.py
[2022-08-09 08:21:55,367] {logging_mixin.py:109} INFO - [2022-08-09 08:21:55,367] {dag.py:2396} INFO - Sync 1 DAGs
[2022-08-09 08:21:55,385] {logging_mixin.py:109} INFO - [2022-08-09 08:21:55,385] {dag.py:2935} INFO - Setting next_dagrun for example_branch_operator to 2022-08-08 00:00:00+00:00
[2022-08-09 08:21:55,397] {processor.py:171} INFO - Processing /home/airflow/.local/lib/python3.7/site-packages/airflow/example_dags/example_branch_operator.py took 0.199 seconds
[2022-08-09 08:22:25,882] {processor.py:163} INFO - Started process (PID=2316) to work on /home/airflow/.local/lib/python3.7/site-packages/airflow/example_dags/example_branch_operator.py
[2022-08-09 08:22:25,885] {processor.py:642} INFO - Processing file /home/airflow/.local/lib/python3.7/site-packages/airflow/example_dags/example_branch_operator.py for tasks to queue
[2022-08-09 08:22:25,889] {logging_mixin.py:109} INFO - [2022-08-09 08:22:25,889] {dagbag.py:500} INFO - Filling up the DagBag from /home/airflow/.local/lib/python3.7/site-packages/airflow/example_dags/example_branch_operator.py
[2022-08-09 08:22:26,006] {processor.py:654} INFO - DAG(s) dict_keys(['example_branch_operator']) retrieved from /home/airflow/.local/lib/python3.7/site-packages/airflow/example_dags/example_branch_operator.py
[2022-08-09 08:22:26,021] {logging_mixin.py:109} INFO - [2022-08-09 08:22:26,021] {dag.py:2396} INFO - Sync 1 DAGs
[2022-08-09 08:22:26,052] {logging_mixin.py:109} INFO - [2022-08-09 08:22:26,052] {dag.py:2935} INFO - Setting next_dagrun for example_branch_operator to 2022-08-08 00:00:00+00:00
[2022-08-09 08:22:26,067] {processor.py:171} INFO - Processing /home/airflow/.local/lib/python3.7/site-packages/airflow/example_dags/example_branch_operator.py took 0.189 seconds
[2022-08-09 08:22:56,120] {processor.py:163} INFO - Started process (PID=2376) to work on /home/airflow/.local/lib/python3.7/site-packages/airflow/example_dags/example_branch_operator.py
[2022-08-09 08:22:56,122] {processor.py:642} INFO - Processing file /home/airflow/.local/lib/python3.7/site-packages/airflow/example_dags/example_branch_operator.py for tasks to queue
[2022-08-09 08:22:56,123] {logging_mixin.py:109} INFO - [2022-08-09 08:22:56,123] {dagbag.py:500} INFO - Filling up the DagBag from /home/airflow/.local/lib/python3.7/site-packages/airflow/example_dags/example_branch_operator.py
[2022-08-09 08:22:56,160] {processor.py:654} INFO - DAG(s) dict_keys(['example_branch_operator']) retrieved from /home/airflow/.local/lib/python3.7/site-packages/airflow/example_dags/example_branch_operator.py
[2022-08-09 08:22:56,174] {logging_mixin.py:109} INFO - [2022-08-09 08:22:56,174] {dag.py:2396} INFO - Sync 1 DAGs
[2022-08-09 08:22:56,191] {logging_mixin.py:109} INFO - [2022-08-09 08:22:56,190] {dag.py:2935} INFO - Setting next_dagrun for example_branch_operator to 2022-08-08 00:00:00+00:00
[2022-08-09 08:22:56,201] {processor.py:171} INFO - Processing /home/airflow/.local/lib/python3.7/site-packages/airflow/example_dags/example_branch_operator.py took 0.085 seconds
[2022-08-09 08:23:26,517] {processor.py:163} INFO - Started process (PID=2438) to work on /home/airflow/.local/lib/python3.7/site-packages/airflow/example_dags/example_branch_operator.py
[2022-08-09 08:23:26,525] {processor.py:642} INFO - Processing file /home/airflow/.local/lib/python3.7/site-packages/airflow/example_dags/example_branch_operator.py for tasks to queue
[2022-08-09 08:23:26,528] {logging_mixin.py:109} INFO - [2022-08-09 08:23:26,528] {dagbag.py:500} INFO - Filling up the DagBag from /home/airflow/.local/lib/python3.7/site-packages/airflow/example_dags/example_branch_operator.py
[2022-08-09 08:23:26,559] {processor.py:654} INFO - DAG(s) dict_keys(['example_branch_operator']) retrieved from /home/airflow/.local/lib/python3.7/site-packages/airflow/example_dags/example_branch_operator.py
[2022-08-09 08:23:26,570] {logging_mixin.py:109} INFO - [2022-08-09 08:23:26,570] {dag.py:2396} INFO - Sync 1 DAGs
[2022-08-09 08:23:26,586] {logging_mixin.py:109} INFO - [2022-08-09 08:23:26,586] {dag.py:2935} INFO - Setting next_dagrun for example_branch_operator to 2022-08-08 00:00:00+00:00
[2022-08-09 08:23:26,596] {processor.py:171} INFO - Processing /home/airflow/.local/lib/python3.7/site-packages/airflow/example_dags/example_branch_operator.py took 0.083 seconds
[2022-08-09 08:23:56,801] {processor.py:163} INFO - Started process (PID=2507) to work on /home/airflow/.local/lib/python3.7/site-packages/airflow/example_dags/example_branch_operator.py
[2022-08-09 08:23:56,808] {processor.py:642} INFO - Processing file /home/airflow/.local/lib/python3.7/site-packages/airflow/example_dags/example_branch_operator.py for tasks to queue
[2022-08-09 08:23:56,810] {logging_mixin.py:109} INFO - [2022-08-09 08:23:56,810] {dagbag.py:500} INFO - Filling up the DagBag from /home/airflow/.local/lib/python3.7/site-packages/airflow/example_dags/example_branch_operator.py
[2022-08-09 08:23:56,856] {processor.py:654} INFO - DAG(s) dict_keys(['example_branch_operator']) retrieved from /home/airflow/.local/lib/python3.7/site-packages/airflow/example_dags/example_branch_operator.py
[2022-08-09 08:23:56,881] {logging_mixin.py:109} INFO - [2022-08-09 08:23:56,881] {dag.py:2396} INFO - Sync 1 DAGs
[2022-08-09 08:23:56,899] {logging_mixin.py:109} INFO - [2022-08-09 08:23:56,899] {dag.py:2935} INFO - Setting next_dagrun for example_branch_operator to 2022-08-08 00:00:00+00:00
[2022-08-09 08:23:56,910] {processor.py:171} INFO - Processing /home/airflow/.local/lib/python3.7/site-packages/airflow/example_dags/example_branch_operator.py took 0.113 seconds
[2022-08-09 08:24:26,948] {processor.py:163} INFO - Started process (PID=2568) to work on /home/airflow/.local/lib/python3.7/site-packages/airflow/example_dags/example_branch_operator.py
[2022-08-09 08:24:26,950] {processor.py:642} INFO - Processing file /home/airflow/.local/lib/python3.7/site-packages/airflow/example_dags/example_branch_operator.py for tasks to queue
[2022-08-09 08:24:26,952] {logging_mixin.py:109} INFO - [2022-08-09 08:24:26,952] {dagbag.py:500} INFO - Filling up the DagBag from /home/airflow/.local/lib/python3.7/site-packages/airflow/example_dags/example_branch_operator.py
[2022-08-09 08:24:26,989] {processor.py:654} INFO - DAG(s) dict_keys(['example_branch_operator']) retrieved from /home/airflow/.local/lib/python3.7/site-packages/airflow/example_dags/example_branch_operator.py
[2022-08-09 08:24:27,001] {logging_mixin.py:109} INFO - [2022-08-09 08:24:27,001] {dag.py:2396} INFO - Sync 1 DAGs
[2022-08-09 08:24:27,018] {logging_mixin.py:109} INFO - [2022-08-09 08:24:27,018] {dag.py:2935} INFO - Setting next_dagrun for example_branch_operator to 2022-08-08 00:00:00+00:00
[2022-08-09 08:24:27,029] {processor.py:171} INFO - Processing /home/airflow/.local/lib/python3.7/site-packages/airflow/example_dags/example_branch_operator.py took 0.085 seconds
[2022-08-09 08:24:57,142] {processor.py:163} INFO - Started process (PID=2638) to work on /home/airflow/.local/lib/python3.7/site-packages/airflow/example_dags/example_branch_operator.py
[2022-08-09 08:24:57,144] {processor.py:642} INFO - Processing file /home/airflow/.local/lib/python3.7/site-packages/airflow/example_dags/example_branch_operator.py for tasks to queue
[2022-08-09 08:24:57,146] {logging_mixin.py:109} INFO - [2022-08-09 08:24:57,146] {dagbag.py:500} INFO - Filling up the DagBag from /home/airflow/.local/lib/python3.7/site-packages/airflow/example_dags/example_branch_operator.py
[2022-08-09 08:24:57,181] {processor.py:654} INFO - DAG(s) dict_keys(['example_branch_operator']) retrieved from /home/airflow/.local/lib/python3.7/site-packages/airflow/example_dags/example_branch_operator.py
[2022-08-09 08:24:57,196] {logging_mixin.py:109} INFO - [2022-08-09 08:24:57,196] {dag.py:2396} INFO - Sync 1 DAGs
[2022-08-09 08:24:57,235] {logging_mixin.py:109} INFO - [2022-08-09 08:24:57,235] {dag.py:2935} INFO - Setting next_dagrun for example_branch_operator to 2022-08-08 00:00:00+00:00
[2022-08-09 08:24:57,255] {processor.py:171} INFO - Processing /home/airflow/.local/lib/python3.7/site-packages/airflow/example_dags/example_branch_operator.py took 0.117 seconds
[2022-08-09 08:25:27,703] {processor.py:163} INFO - Started process (PID=2698) to work on /home/airflow/.local/lib/python3.7/site-packages/airflow/example_dags/example_branch_operator.py
[2022-08-09 08:25:27,705] {processor.py:642} INFO - Processing file /home/airflow/.local/lib/python3.7/site-packages/airflow/example_dags/example_branch_operator.py for tasks to queue
[2022-08-09 08:25:27,707] {logging_mixin.py:109} INFO - [2022-08-09 08:25:27,707] {dagbag.py:500} INFO - Filling up the DagBag from /home/airflow/.local/lib/python3.7/site-packages/airflow/example_dags/example_branch_operator.py
[2022-08-09 08:25:27,746] {processor.py:654} INFO - DAG(s) dict_keys(['example_branch_operator']) retrieved from /home/airflow/.local/lib/python3.7/site-packages/airflow/example_dags/example_branch_operator.py
[2022-08-09 08:25:27,759] {logging_mixin.py:109} INFO - [2022-08-09 08:25:27,759] {dag.py:2396} INFO - Sync 1 DAGs
[2022-08-09 08:25:27,776] {logging_mixin.py:109} INFO - [2022-08-09 08:25:27,776] {dag.py:2935} INFO - Setting next_dagrun for example_branch_operator to 2022-08-08 00:00:00+00:00
[2022-08-09 08:25:27,786] {processor.py:171} INFO - Processing /home/airflow/.local/lib/python3.7/site-packages/airflow/example_dags/example_branch_operator.py took 0.088 seconds
[2022-08-09 08:25:58,125] {processor.py:163} INFO - Started process (PID=2768) to work on /home/airflow/.local/lib/python3.7/site-packages/airflow/example_dags/example_branch_operator.py
[2022-08-09 08:25:58,127] {processor.py:642} INFO - Processing file /home/airflow/.local/lib/python3.7/site-packages/airflow/example_dags/example_branch_operator.py for tasks to queue
[2022-08-09 08:25:58,128] {logging_mixin.py:109} INFO - [2022-08-09 08:25:58,128] {dagbag.py:500} INFO - Filling up the DagBag from /home/airflow/.local/lib/python3.7/site-packages/airflow/example_dags/example_branch_operator.py
[2022-08-09 08:25:58,159] {processor.py:654} INFO - DAG(s) dict_keys(['example_branch_operator']) retrieved from /home/airflow/.local/lib/python3.7/site-packages/airflow/example_dags/example_branch_operator.py
[2022-08-09 08:25:58,170] {logging_mixin.py:109} INFO - [2022-08-09 08:25:58,170] {dag.py:2396} INFO - Sync 1 DAGs
[2022-08-09 08:25:58,186] {logging_mixin.py:109} INFO - [2022-08-09 08:25:58,186] {dag.py:2935} INFO - Setting next_dagrun for example_branch_operator to 2022-08-08 00:00:00+00:00
[2022-08-09 08:25:58,197] {processor.py:171} INFO - Processing /home/airflow/.local/lib/python3.7/site-packages/airflow/example_dags/example_branch_operator.py took 0.075 seconds
[2022-08-09 08:26:28,437] {processor.py:163} INFO - Started process (PID=2828) to work on /home/airflow/.local/lib/python3.7/site-packages/airflow/example_dags/example_branch_operator.py
[2022-08-09 08:26:28,439] {processor.py:642} INFO - Processing file /home/airflow/.local/lib/python3.7/site-packages/airflow/example_dags/example_branch_operator.py for tasks to queue
[2022-08-09 08:26:28,441] {logging_mixin.py:109} INFO - [2022-08-09 08:26:28,441] {dagbag.py:500} INFO - Filling up the DagBag from /home/airflow/.local/lib/python3.7/site-packages/airflow/example_dags/example_branch_operator.py
[2022-08-09 08:26:28,475] {processor.py:654} INFO - DAG(s) dict_keys(['example_branch_operator']) retrieved from /home/airflow/.local/lib/python3.7/site-packages/airflow/example_dags/example_branch_operator.py
[2022-08-09 08:26:28,495] {logging_mixin.py:109} INFO - [2022-08-09 08:26:28,495] {dag.py:2396} INFO - Sync 1 DAGs
[2022-08-09 08:26:28,511] {logging_mixin.py:109} INFO - [2022-08-09 08:26:28,511] {dag.py:2935} INFO - Setting next_dagrun for example_branch_operator to 2022-08-08 00:00:00+00:00
[2022-08-09 08:26:28,519] {processor.py:171} INFO - Processing /home/airflow/.local/lib/python3.7/site-packages/airflow/example_dags/example_branch_operator.py took 0.088 seconds
[2022-08-09 08:26:58,956] {processor.py:163} INFO - Started process (PID=2898) to work on /home/airflow/.local/lib/python3.7/site-packages/airflow/example_dags/example_branch_operator.py
[2022-08-09 08:26:58,959] {processor.py:642} INFO - Processing file /home/airflow/.local/lib/python3.7/site-packages/airflow/example_dags/example_branch_operator.py for tasks to queue
[2022-08-09 08:26:58,961] {logging_mixin.py:109} INFO - [2022-08-09 08:26:58,961] {dagbag.py:500} INFO - Filling up the DagBag from /home/airflow/.local/lib/python3.7/site-packages/airflow/example_dags/example_branch_operator.py
[2022-08-09 08:26:59,000] {processor.py:654} INFO - DAG(s) dict_keys(['example_branch_operator']) retrieved from /home/airflow/.local/lib/python3.7/site-packages/airflow/example_dags/example_branch_operator.py
[2022-08-09 08:26:59,012] {logging_mixin.py:109} INFO - [2022-08-09 08:26:59,012] {dag.py:2396} INFO - Sync 1 DAGs
[2022-08-09 08:26:59,030] {logging_mixin.py:109} INFO - [2022-08-09 08:26:59,030] {dag.py:2935} INFO - Setting next_dagrun for example_branch_operator to 2022-08-08 00:00:00+00:00
[2022-08-09 08:26:59,042] {processor.py:171} INFO - Processing /home/airflow/.local/lib/python3.7/site-packages/airflow/example_dags/example_branch_operator.py took 0.090 seconds
[2022-08-09 08:27:29,388] {processor.py:163} INFO - Started process (PID=2959) to work on /home/airflow/.local/lib/python3.7/site-packages/airflow/example_dags/example_branch_operator.py
[2022-08-09 08:27:29,390] {processor.py:642} INFO - Processing file /home/airflow/.local/lib/python3.7/site-packages/airflow/example_dags/example_branch_operator.py for tasks to queue
[2022-08-09 08:27:29,391] {logging_mixin.py:109} INFO - [2022-08-09 08:27:29,391] {dagbag.py:500} INFO - Filling up the DagBag from /home/airflow/.local/lib/python3.7/site-packages/airflow/example_dags/example_branch_operator.py
[2022-08-09 08:27:29,426] {processor.py:654} INFO - DAG(s) dict_keys(['example_branch_operator']) retrieved from /home/airflow/.local/lib/python3.7/site-packages/airflow/example_dags/example_branch_operator.py
[2022-08-09 08:27:29,440] {logging_mixin.py:109} INFO - [2022-08-09 08:27:29,440] {dag.py:2396} INFO - Sync 1 DAGs
[2022-08-09 08:27:29,466] {logging_mixin.py:109} INFO - [2022-08-09 08:27:29,465] {dag.py:2935} INFO - Setting next_dagrun for example_branch_operator to 2022-08-08 00:00:00+00:00
[2022-08-09 08:27:29,482] {processor.py:171} INFO - Processing /home/airflow/.local/lib/python3.7/site-packages/airflow/example_dags/example_branch_operator.py took 0.097 seconds
[2022-08-09 08:27:59,710] {processor.py:163} INFO - Started process (PID=3026) to work on /home/airflow/.local/lib/python3.7/site-packages/airflow/example_dags/example_branch_operator.py
[2022-08-09 08:27:59,712] {processor.py:642} INFO - Processing file /home/airflow/.local/lib/python3.7/site-packages/airflow/example_dags/example_branch_operator.py for tasks to queue
[2022-08-09 08:27:59,713] {logging_mixin.py:109} INFO - [2022-08-09 08:27:59,713] {dagbag.py:500} INFO - Filling up the DagBag from /home/airflow/.local/lib/python3.7/site-packages/airflow/example_dags/example_branch_operator.py
[2022-08-09 08:27:59,753] {processor.py:654} INFO - DAG(s) dict_keys(['example_branch_operator']) retrieved from /home/airflow/.local/lib/python3.7/site-packages/airflow/example_dags/example_branch_operator.py
[2022-08-09 08:27:59,767] {logging_mixin.py:109} INFO - [2022-08-09 08:27:59,767] {dag.py:2396} INFO - Sync 1 DAGs
[2022-08-09 08:27:59,790] {logging_mixin.py:109} INFO - [2022-08-09 08:27:59,790] {dag.py:2935} INFO - Setting next_dagrun for example_branch_operator to 2022-08-08 00:00:00+00:00
[2022-08-09 08:27:59,801] {processor.py:171} INFO - Processing /home/airflow/.local/lib/python3.7/site-packages/airflow/example_dags/example_branch_operator.py took 0.094 seconds
[2022-08-09 08:28:30,211] {processor.py:163} INFO - Started process (PID=3088) to work on /home/airflow/.local/lib/python3.7/site-packages/airflow/example_dags/example_branch_operator.py
[2022-08-09 08:28:30,213] {processor.py:642} INFO - Processing file /home/airflow/.local/lib/python3.7/site-packages/airflow/example_dags/example_branch_operator.py for tasks to queue
[2022-08-09 08:28:30,216] {logging_mixin.py:109} INFO - [2022-08-09 08:28:30,215] {dagbag.py:500} INFO - Filling up the DagBag from /home/airflow/.local/lib/python3.7/site-packages/airflow/example_dags/example_branch_operator.py
[2022-08-09 08:28:30,257] {processor.py:654} INFO - DAG(s) dict_keys(['example_branch_operator']) retrieved from /home/airflow/.local/lib/python3.7/site-packages/airflow/example_dags/example_branch_operator.py
[2022-08-09 08:28:30,272] {logging_mixin.py:109} INFO - [2022-08-09 08:28:30,272] {dag.py:2396} INFO - Sync 1 DAGs
[2022-08-09 08:28:30,290] {logging_mixin.py:109} INFO - [2022-08-09 08:28:30,290] {dag.py:2935} INFO - Setting next_dagrun for example_branch_operator to 2022-08-08 00:00:00+00:00
[2022-08-09 08:28:30,305] {processor.py:171} INFO - Processing /home/airflow/.local/lib/python3.7/site-packages/airflow/example_dags/example_branch_operator.py took 0.100 seconds
[2022-08-09 08:29:00,684] {processor.py:163} INFO - Started process (PID=3148) to work on /home/airflow/.local/lib/python3.7/site-packages/airflow/example_dags/example_branch_operator.py
[2022-08-09 08:29:00,687] {processor.py:642} INFO - Processing file /home/airflow/.local/lib/python3.7/site-packages/airflow/example_dags/example_branch_operator.py for tasks to queue
[2022-08-09 08:29:00,689] {logging_mixin.py:109} INFO - [2022-08-09 08:29:00,689] {dagbag.py:500} INFO - Filling up the DagBag from /home/airflow/.local/lib/python3.7/site-packages/airflow/example_dags/example_branch_operator.py
[2022-08-09 08:29:00,733] {processor.py:654} INFO - DAG(s) dict_keys(['example_branch_operator']) retrieved from /home/airflow/.local/lib/python3.7/site-packages/airflow/example_dags/example_branch_operator.py
[2022-08-09 08:29:00,745] {logging_mixin.py:109} INFO - [2022-08-09 08:29:00,745] {dag.py:2396} INFO - Sync 1 DAGs
[2022-08-09 08:29:00,763] {logging_mixin.py:109} INFO - [2022-08-09 08:29:00,763] {dag.py:2935} INFO - Setting next_dagrun for example_branch_operator to 2022-08-08 00:00:00+00:00
[2022-08-09 08:29:00,773] {processor.py:171} INFO - Processing /home/airflow/.local/lib/python3.7/site-packages/airflow/example_dags/example_branch_operator.py took 0.095 seconds
[2022-08-09 08:29:31,133] {processor.py:163} INFO - Started process (PID=3217) to work on /home/airflow/.local/lib/python3.7/site-packages/airflow/example_dags/example_branch_operator.py
[2022-08-09 08:29:31,139] {processor.py:642} INFO - Processing file /home/airflow/.local/lib/python3.7/site-packages/airflow/example_dags/example_branch_operator.py for tasks to queue
[2022-08-09 08:29:31,141] {logging_mixin.py:109} INFO - [2022-08-09 08:29:31,140] {dagbag.py:500} INFO - Filling up the DagBag from /home/airflow/.local/lib/python3.7/site-packages/airflow/example_dags/example_branch_operator.py
[2022-08-09 08:29:31,177] {processor.py:654} INFO - DAG(s) dict_keys(['example_branch_operator']) retrieved from /home/airflow/.local/lib/python3.7/site-packages/airflow/example_dags/example_branch_operator.py
[2022-08-09 08:29:31,189] {logging_mixin.py:109} INFO - [2022-08-09 08:29:31,189] {dag.py:2396} INFO - Sync 1 DAGs
[2022-08-09 08:29:31,208] {logging_mixin.py:109} INFO - [2022-08-09 08:29:31,208] {dag.py:2935} INFO - Setting next_dagrun for example_branch_operator to 2022-08-08 00:00:00+00:00
[2022-08-09 08:29:31,221] {processor.py:171} INFO - Processing /home/airflow/.local/lib/python3.7/site-packages/airflow/example_dags/example_branch_operator.py took 0.092 seconds
[2022-08-09 08:30:01,723] {processor.py:163} INFO - Started process (PID=3277) to work on /home/airflow/.local/lib/python3.7/site-packages/airflow/example_dags/example_branch_operator.py
[2022-08-09 08:30:01,725] {processor.py:642} INFO - Processing file /home/airflow/.local/lib/python3.7/site-packages/airflow/example_dags/example_branch_operator.py for tasks to queue
[2022-08-09 08:30:01,726] {logging_mixin.py:109} INFO - [2022-08-09 08:30:01,726] {dagbag.py:500} INFO - Filling up the DagBag from /home/airflow/.local/lib/python3.7/site-packages/airflow/example_dags/example_branch_operator.py
[2022-08-09 08:30:01,757] {processor.py:654} INFO - DAG(s) dict_keys(['example_branch_operator']) retrieved from /home/airflow/.local/lib/python3.7/site-packages/airflow/example_dags/example_branch_operator.py
[2022-08-09 08:30:01,768] {logging_mixin.py:109} INFO - [2022-08-09 08:30:01,768] {dag.py:2396} INFO - Sync 1 DAGs
[2022-08-09 08:30:01,783] {logging_mixin.py:109} INFO - [2022-08-09 08:30:01,783] {dag.py:2935} INFO - Setting next_dagrun for example_branch_operator to 2022-08-08 00:00:00+00:00
[2022-08-09 08:30:01,794] {processor.py:171} INFO - Processing /home/airflow/.local/lib/python3.7/site-packages/airflow/example_dags/example_branch_operator.py took 0.075 seconds
[2022-08-09 08:30:32,016] {processor.py:163} INFO - Started process (PID=3346) to work on /home/airflow/.local/lib/python3.7/site-packages/airflow/example_dags/example_branch_operator.py
[2022-08-09 08:30:32,018] {processor.py:642} INFO - Processing file /home/airflow/.local/lib/python3.7/site-packages/airflow/example_dags/example_branch_operator.py for tasks to queue
[2022-08-09 08:30:32,020] {logging_mixin.py:109} INFO - [2022-08-09 08:30:32,019] {dagbag.py:500} INFO - Filling up the DagBag from /home/airflow/.local/lib/python3.7/site-packages/airflow/example_dags/example_branch_operator.py
[2022-08-09 08:30:32,052] {processor.py:654} INFO - DAG(s) dict_keys(['example_branch_operator']) retrieved from /home/airflow/.local/lib/python3.7/site-packages/airflow/example_dags/example_branch_operator.py
[2022-08-09 08:30:32,064] {logging_mixin.py:109} INFO - [2022-08-09 08:30:32,064] {dag.py:2396} INFO - Sync 1 DAGs
[2022-08-09 08:30:32,081] {logging_mixin.py:109} INFO - [2022-08-09 08:30:32,080] {dag.py:2935} INFO - Setting next_dagrun for example_branch_operator to 2022-08-08 00:00:00+00:00
[2022-08-09 08:30:32,091] {processor.py:171} INFO - Processing /home/airflow/.local/lib/python3.7/site-packages/airflow/example_dags/example_branch_operator.py took 0.079 seconds
[2022-08-09 08:31:02,601] {processor.py:163} INFO - Started process (PID=3407) to work on /home/airflow/.local/lib/python3.7/site-packages/airflow/example_dags/example_branch_operator.py
[2022-08-09 08:31:02,603] {processor.py:642} INFO - Processing file /home/airflow/.local/lib/python3.7/site-packages/airflow/example_dags/example_branch_operator.py for tasks to queue
[2022-08-09 08:31:02,605] {logging_mixin.py:109} INFO - [2022-08-09 08:31:02,604] {dagbag.py:500} INFO - Filling up the DagBag from /home/airflow/.local/lib/python3.7/site-packages/airflow/example_dags/example_branch_operator.py
[2022-08-09 08:31:02,641] {processor.py:654} INFO - DAG(s) dict_keys(['example_branch_operator']) retrieved from /home/airflow/.local/lib/python3.7/site-packages/airflow/example_dags/example_branch_operator.py
[2022-08-09 08:31:02,653] {logging_mixin.py:109} INFO - [2022-08-09 08:31:02,653] {dag.py:2396} INFO - Sync 1 DAGs
[2022-08-09 08:31:02,671] {logging_mixin.py:109} INFO - [2022-08-09 08:31:02,671] {dag.py:2935} INFO - Setting next_dagrun for example_branch_operator to 2022-08-08 00:00:00+00:00
[2022-08-09 08:31:02,680] {processor.py:171} INFO - Processing /home/airflow/.local/lib/python3.7/site-packages/airflow/example_dags/example_branch_operator.py took 0.090 seconds
[2022-08-09 08:31:32,791] {processor.py:163} INFO - Started process (PID=3476) to work on /home/airflow/.local/lib/python3.7/site-packages/airflow/example_dags/example_branch_operator.py
[2022-08-09 08:31:32,793] {processor.py:642} INFO - Processing file /home/airflow/.local/lib/python3.7/site-packages/airflow/example_dags/example_branch_operator.py for tasks to queue
[2022-08-09 08:31:32,794] {logging_mixin.py:109} INFO - [2022-08-09 08:31:32,794] {dagbag.py:500} INFO - Filling up the DagBag from /home/airflow/.local/lib/python3.7/site-packages/airflow/example_dags/example_branch_operator.py
[2022-08-09 08:31:32,829] {processor.py:654} INFO - DAG(s) dict_keys(['example_branch_operator']) retrieved from /home/airflow/.local/lib/python3.7/site-packages/airflow/example_dags/example_branch_operator.py
[2022-08-09 08:31:32,842] {logging_mixin.py:109} INFO - [2022-08-09 08:31:32,842] {dag.py:2396} INFO - Sync 1 DAGs
[2022-08-09 08:31:32,860] {logging_mixin.py:109} INFO - [2022-08-09 08:31:32,859] {dag.py:2935} INFO - Setting next_dagrun for example_branch_operator to 2022-08-08 00:00:00+00:00
[2022-08-09 08:31:32,870] {processor.py:171} INFO - Processing /home/airflow/.local/lib/python3.7/site-packages/airflow/example_dags/example_branch_operator.py took 0.082 seconds
[2022-08-09 08:32:02,982] {processor.py:163} INFO - Started process (PID=3538) to work on /home/airflow/.local/lib/python3.7/site-packages/airflow/example_dags/example_branch_operator.py
[2022-08-09 08:32:02,984] {processor.py:642} INFO - Processing file /home/airflow/.local/lib/python3.7/site-packages/airflow/example_dags/example_branch_operator.py for tasks to queue
[2022-08-09 08:32:02,986] {logging_mixin.py:109} INFO - [2022-08-09 08:32:02,986] {dagbag.py:500} INFO - Filling up the DagBag from /home/airflow/.local/lib/python3.7/site-packages/airflow/example_dags/example_branch_operator.py
[2022-08-09 08:32:03,020] {processor.py:654} INFO - DAG(s) dict_keys(['example_branch_operator']) retrieved from /home/airflow/.local/lib/python3.7/site-packages/airflow/example_dags/example_branch_operator.py
[2022-08-09 08:32:03,032] {logging_mixin.py:109} INFO - [2022-08-09 08:32:03,032] {dag.py:2396} INFO - Sync 1 DAGs
[2022-08-09 08:32:03,049] {logging_mixin.py:109} INFO - [2022-08-09 08:32:03,049] {dag.py:2935} INFO - Setting next_dagrun for example_branch_operator to 2022-08-08 00:00:00+00:00
[2022-08-09 08:32:03,058] {processor.py:171} INFO - Processing /home/airflow/.local/lib/python3.7/site-packages/airflow/example_dags/example_branch_operator.py took 0.079 seconds
[2022-08-09 08:32:33,905] {processor.py:163} INFO - Started process (PID=3608) to work on /home/airflow/.local/lib/python3.7/site-packages/airflow/example_dags/example_branch_operator.py
[2022-08-09 08:32:33,907] {processor.py:642} INFO - Processing file /home/airflow/.local/lib/python3.7/site-packages/airflow/example_dags/example_branch_operator.py for tasks to queue
[2022-08-09 08:32:33,909] {logging_mixin.py:109} INFO - [2022-08-09 08:32:33,909] {dagbag.py:500} INFO - Filling up the DagBag from /home/airflow/.local/lib/python3.7/site-packages/airflow/example_dags/example_branch_operator.py
[2022-08-09 08:32:33,943] {processor.py:654} INFO - DAG(s) dict_keys(['example_branch_operator']) retrieved from /home/airflow/.local/lib/python3.7/site-packages/airflow/example_dags/example_branch_operator.py
[2022-08-09 08:32:33,958] {logging_mixin.py:109} INFO - [2022-08-09 08:32:33,958] {dag.py:2396} INFO - Sync 1 DAGs
[2022-08-09 08:32:33,976] {logging_mixin.py:109} INFO - [2022-08-09 08:32:33,976] {dag.py:2935} INFO - Setting next_dagrun for example_branch_operator to 2022-08-08 00:00:00+00:00
[2022-08-09 08:32:33,987] {processor.py:171} INFO - Processing /home/airflow/.local/lib/python3.7/site-packages/airflow/example_dags/example_branch_operator.py took 0.085 seconds
[2022-08-09 08:33:04,067] {processor.py:163} INFO - Started process (PID=3663) to work on /home/airflow/.local/lib/python3.7/site-packages/airflow/example_dags/example_branch_operator.py
[2022-08-09 08:33:04,069] {processor.py:642} INFO - Processing file /home/airflow/.local/lib/python3.7/site-packages/airflow/example_dags/example_branch_operator.py for tasks to queue
[2022-08-09 08:33:04,071] {logging_mixin.py:109} INFO - [2022-08-09 08:33:04,070] {dagbag.py:500} INFO - Filling up the DagBag from /home/airflow/.local/lib/python3.7/site-packages/airflow/example_dags/example_branch_operator.py
[2022-08-09 08:33:04,101] {processor.py:654} INFO - DAG(s) dict_keys(['example_branch_operator']) retrieved from /home/airflow/.local/lib/python3.7/site-packages/airflow/example_dags/example_branch_operator.py
[2022-08-09 08:33:04,113] {logging_mixin.py:109} INFO - [2022-08-09 08:33:04,112] {dag.py:2396} INFO - Sync 1 DAGs
[2022-08-09 08:33:04,131] {logging_mixin.py:109} INFO - [2022-08-09 08:33:04,131] {dag.py:2935} INFO - Setting next_dagrun for example_branch_operator to 2022-08-08 00:00:00+00:00
[2022-08-09 08:33:04,143] {processor.py:171} INFO - Processing /home/airflow/.local/lib/python3.7/site-packages/airflow/example_dags/example_branch_operator.py took 0.079 seconds
[2022-08-09 08:33:34,234] {processor.py:163} INFO - Started process (PID=3734) to work on /home/airflow/.local/lib/python3.7/site-packages/airflow/example_dags/example_branch_operator.py
[2022-08-09 08:33:34,236] {processor.py:642} INFO - Processing file /home/airflow/.local/lib/python3.7/site-packages/airflow/example_dags/example_branch_operator.py for tasks to queue
[2022-08-09 08:33:34,238] {logging_mixin.py:109} INFO - [2022-08-09 08:33:34,238] {dagbag.py:500} INFO - Filling up the DagBag from /home/airflow/.local/lib/python3.7/site-packages/airflow/example_dags/example_branch_operator.py
[2022-08-09 08:33:34,272] {processor.py:654} INFO - DAG(s) dict_keys(['example_branch_operator']) retrieved from /home/airflow/.local/lib/python3.7/site-packages/airflow/example_dags/example_branch_operator.py
[2022-08-09 08:33:34,284] {logging_mixin.py:109} INFO - [2022-08-09 08:33:34,284] {dag.py:2396} INFO - Sync 1 DAGs
[2022-08-09 08:33:34,301] {logging_mixin.py:109} INFO - [2022-08-09 08:33:34,301] {dag.py:2935} INFO - Setting next_dagrun for example_branch_operator to 2022-08-08 00:00:00+00:00
[2022-08-09 08:33:34,311] {processor.py:171} INFO - Processing /home/airflow/.local/lib/python3.7/site-packages/airflow/example_dags/example_branch_operator.py took 0.080 seconds
[2022-08-09 08:34:04,957] {processor.py:163} INFO - Started process (PID=3794) to work on /home/airflow/.local/lib/python3.7/site-packages/airflow/example_dags/example_branch_operator.py
[2022-08-09 08:34:04,960] {processor.py:642} INFO - Processing file /home/airflow/.local/lib/python3.7/site-packages/airflow/example_dags/example_branch_operator.py for tasks to queue
[2022-08-09 08:34:04,961] {logging_mixin.py:109} INFO - [2022-08-09 08:34:04,961] {dagbag.py:500} INFO - Filling up the DagBag from /home/airflow/.local/lib/python3.7/site-packages/airflow/example_dags/example_branch_operator.py
[2022-08-09 08:34:04,996] {processor.py:654} INFO - DAG(s) dict_keys(['example_branch_operator']) retrieved from /home/airflow/.local/lib/python3.7/site-packages/airflow/example_dags/example_branch_operator.py
[2022-08-09 08:34:05,010] {logging_mixin.py:109} INFO - [2022-08-09 08:34:05,009] {dag.py:2396} INFO - Sync 1 DAGs
[2022-08-09 08:34:05,031] {logging_mixin.py:109} INFO - [2022-08-09 08:34:05,031] {dag.py:2935} INFO - Setting next_dagrun for example_branch_operator to 2022-08-08 00:00:00+00:00
[2022-08-09 08:34:05,045] {processor.py:171} INFO - Processing /home/airflow/.local/lib/python3.7/site-packages/airflow/example_dags/example_branch_operator.py took 0.092 seconds
[2022-08-09 08:34:35,305] {processor.py:163} INFO - Started process (PID=3861) to work on /home/airflow/.local/lib/python3.7/site-packages/airflow/example_dags/example_branch_operator.py
[2022-08-09 08:34:35,307] {processor.py:642} INFO - Processing file /home/airflow/.local/lib/python3.7/site-packages/airflow/example_dags/example_branch_operator.py for tasks to queue
[2022-08-09 08:34:35,309] {logging_mixin.py:109} INFO - [2022-08-09 08:34:35,308] {dagbag.py:500} INFO - Filling up the DagBag from /home/airflow/.local/lib/python3.7/site-packages/airflow/example_dags/example_branch_operator.py
[2022-08-09 08:34:35,351] {processor.py:654} INFO - DAG(s) dict_keys(['example_branch_operator']) retrieved from /home/airflow/.local/lib/python3.7/site-packages/airflow/example_dags/example_branch_operator.py
[2022-08-09 08:34:35,363] {logging_mixin.py:109} INFO - [2022-08-09 08:34:35,362] {dag.py:2396} INFO - Sync 1 DAGs
[2022-08-09 08:34:35,380] {logging_mixin.py:109} INFO - [2022-08-09 08:34:35,379] {dag.py:2935} INFO - Setting next_dagrun for example_branch_operator to 2022-08-08 00:00:00+00:00
[2022-08-09 08:34:35,390] {processor.py:171} INFO - Processing /home/airflow/.local/lib/python3.7/site-packages/airflow/example_dags/example_branch_operator.py took 0.089 seconds
[2022-08-09 08:35:05,675] {processor.py:163} INFO - Started process (PID=3923) to work on /home/airflow/.local/lib/python3.7/site-packages/airflow/example_dags/example_branch_operator.py
[2022-08-09 08:35:05,679] {processor.py:642} INFO - Processing file /home/airflow/.local/lib/python3.7/site-packages/airflow/example_dags/example_branch_operator.py for tasks to queue
[2022-08-09 08:35:05,681] {logging_mixin.py:109} INFO - [2022-08-09 08:35:05,681] {dagbag.py:500} INFO - Filling up the DagBag from /home/airflow/.local/lib/python3.7/site-packages/airflow/example_dags/example_branch_operator.py
[2022-08-09 08:35:05,727] {processor.py:654} INFO - DAG(s) dict_keys(['example_branch_operator']) retrieved from /home/airflow/.local/lib/python3.7/site-packages/airflow/example_dags/example_branch_operator.py
[2022-08-09 08:35:05,745] {logging_mixin.py:109} INFO - [2022-08-09 08:35:05,744] {dag.py:2396} INFO - Sync 1 DAGs
[2022-08-09 08:35:05,763] {logging_mixin.py:109} INFO - [2022-08-09 08:35:05,763] {dag.py:2935} INFO - Setting next_dagrun for example_branch_operator to 2022-08-08 00:00:00+00:00
[2022-08-09 08:35:05,776] {processor.py:171} INFO - Processing /home/airflow/.local/lib/python3.7/site-packages/airflow/example_dags/example_branch_operator.py took 0.104 seconds
[2022-08-09 08:35:36,382] {processor.py:163} INFO - Started process (PID=3983) to work on /home/airflow/.local/lib/python3.7/site-packages/airflow/example_dags/example_branch_operator.py
[2022-08-09 08:35:36,385] {processor.py:642} INFO - Processing file /home/airflow/.local/lib/python3.7/site-packages/airflow/example_dags/example_branch_operator.py for tasks to queue
[2022-08-09 08:35:36,387] {logging_mixin.py:109} INFO - [2022-08-09 08:35:36,387] {dagbag.py:500} INFO - Filling up the DagBag from /home/airflow/.local/lib/python3.7/site-packages/airflow/example_dags/example_branch_operator.py
[2022-08-09 08:35:36,445] {processor.py:654} INFO - DAG(s) dict_keys(['example_branch_operator']) retrieved from /home/airflow/.local/lib/python3.7/site-packages/airflow/example_dags/example_branch_operator.py
[2022-08-09 08:35:36,466] {logging_mixin.py:109} INFO - [2022-08-09 08:35:36,466] {dag.py:2396} INFO - Sync 1 DAGs
[2022-08-09 08:35:36,496] {logging_mixin.py:109} INFO - [2022-08-09 08:35:36,496] {dag.py:2935} INFO - Setting next_dagrun for example_branch_operator to 2022-08-08 00:00:00+00:00
[2022-08-09 08:35:36,514] {processor.py:171} INFO - Processing /home/airflow/.local/lib/python3.7/site-packages/airflow/example_dags/example_branch_operator.py took 0.137 seconds
[2022-08-09 08:36:07,112] {processor.py:163} INFO - Started process (PID=4052) to work on /home/airflow/.local/lib/python3.7/site-packages/airflow/example_dags/example_branch_operator.py
[2022-08-09 08:36:07,118] {processor.py:642} INFO - Processing file /home/airflow/.local/lib/python3.7/site-packages/airflow/example_dags/example_branch_operator.py for tasks to queue
[2022-08-09 08:36:07,121] {logging_mixin.py:109} INFO - [2022-08-09 08:36:07,121] {dagbag.py:500} INFO - Filling up the DagBag from /home/airflow/.local/lib/python3.7/site-packages/airflow/example_dags/example_branch_operator.py
[2022-08-09 08:36:07,184] {processor.py:654} INFO - DAG(s) dict_keys(['example_branch_operator']) retrieved from /home/airflow/.local/lib/python3.7/site-packages/airflow/example_dags/example_branch_operator.py
[2022-08-09 08:36:07,210] {logging_mixin.py:109} INFO - [2022-08-09 08:36:07,210] {dag.py:2396} INFO - Sync 1 DAGs
[2022-08-09 08:36:07,251] {logging_mixin.py:109} INFO - [2022-08-09 08:36:07,251] {dag.py:2935} INFO - Setting next_dagrun for example_branch_operator to 2022-08-08 00:00:00+00:00
[2022-08-09 08:36:07,276] {processor.py:171} INFO - Processing /home/airflow/.local/lib/python3.7/site-packages/airflow/example_dags/example_branch_operator.py took 0.177 seconds
[2022-08-09 08:36:37,858] {processor.py:163} INFO - Started process (PID=4113) to work on /home/airflow/.local/lib/python3.7/site-packages/airflow/example_dags/example_branch_operator.py
[2022-08-09 08:36:37,863] {processor.py:642} INFO - Processing file /home/airflow/.local/lib/python3.7/site-packages/airflow/example_dags/example_branch_operator.py for tasks to queue
[2022-08-09 08:36:37,866] {logging_mixin.py:109} INFO - [2022-08-09 08:36:37,866] {dagbag.py:500} INFO - Filling up the DagBag from /home/airflow/.local/lib/python3.7/site-packages/airflow/example_dags/example_branch_operator.py
[2022-08-09 08:36:37,928] {processor.py:654} INFO - DAG(s) dict_keys(['example_branch_operator']) retrieved from /home/airflow/.local/lib/python3.7/site-packages/airflow/example_dags/example_branch_operator.py
[2022-08-09 08:36:37,958] {logging_mixin.py:109} INFO - [2022-08-09 08:36:37,957] {dag.py:2396} INFO - Sync 1 DAGs
[2022-08-09 08:36:37,988] {logging_mixin.py:109} INFO - [2022-08-09 08:36:37,988] {dag.py:2935} INFO - Setting next_dagrun for example_branch_operator to 2022-08-08 00:00:00+00:00
[2022-08-09 08:36:38,012] {processor.py:171} INFO - Processing /home/airflow/.local/lib/python3.7/site-packages/airflow/example_dags/example_branch_operator.py took 0.164 seconds
[2022-08-09 08:55:27,362] {processor.py:163} INFO - Started process (PID=4184) to work on /home/airflow/.local/lib/python3.7/site-packages/airflow/example_dags/example_branch_operator.py
[2022-08-09 08:55:27,366] {processor.py:642} INFO - Processing file /home/airflow/.local/lib/python3.7/site-packages/airflow/example_dags/example_branch_operator.py for tasks to queue
[2022-08-09 08:55:27,370] {logging_mixin.py:109} INFO - [2022-08-09 08:55:27,370] {dagbag.py:500} INFO - Filling up the DagBag from /home/airflow/.local/lib/python3.7/site-packages/airflow/example_dags/example_branch_operator.py
[2022-08-09 08:55:27,520] {processor.py:654} INFO - DAG(s) dict_keys(['example_branch_operator']) retrieved from /home/airflow/.local/lib/python3.7/site-packages/airflow/example_dags/example_branch_operator.py
[2022-08-10 00:00:58,236] {logging_mixin.py:109} INFO - [2022-08-10 00:00:58,135] {dag.py:2396} INFO - Sync 1 DAGs
[2022-08-10 00:00:58,712] {logging_mixin.py:109} INFO - [2022-08-10 00:00:58,712] {dag.py:2935} INFO - Setting next_dagrun for example_branch_operator to 2022-08-09 00:00:00+00:00
[2022-08-10 00:00:59,072] {processor.py:171} INFO - Processing /home/airflow/.local/lib/python3.7/site-packages/airflow/example_dags/example_branch_operator.py took 112.041 seconds
