[2022-08-09 08:04:37,634] {processor.py:163} INFO - Started process (PID=81) to work on /home/airflow/.local/lib/python3.7/site-packages/airflow/example_dags/example_xcom.py
[2022-08-09 08:04:37,636] {processor.py:642} INFO - Processing file /home/airflow/.local/lib/python3.7/site-packages/airflow/example_dags/example_xcom.py for tasks to queue
[2022-08-09 08:04:37,638] {logging_mixin.py:109} INFO - [2022-08-09 08:04:37,637] {dagbag.py:500} INFO - Filling up the DagBag from /home/airflow/.local/lib/python3.7/site-packages/airflow/example_dags/example_xcom.py
[2022-08-09 08:04:37,680] {processor.py:654} INFO - DAG(s) dict_keys(['example_xcom']) retrieved from /home/airflow/.local/lib/python3.7/site-packages/airflow/example_dags/example_xcom.py
[2022-08-09 08:04:37,968] {logging_mixin.py:109} INFO - [2022-08-09 08:04:37,967] {dag.py:2396} INFO - Sync 1 DAGs
[2022-08-09 08:04:37,983] {logging_mixin.py:109} INFO - [2022-08-09 08:04:37,983] {dag.py:2935} INFO - Setting next_dagrun for example_xcom to 2021-01-01T00:00:00+00:00
[2022-08-09 08:04:37,996] {processor.py:171} INFO - Processing /home/airflow/.local/lib/python3.7/site-packages/airflow/example_dags/example_xcom.py took 0.366 seconds
[2022-08-09 08:05:08,317] {processor.py:163} INFO - Started process (PID=142) to work on /home/airflow/.local/lib/python3.7/site-packages/airflow/example_dags/example_xcom.py
[2022-08-09 08:05:08,320] {processor.py:642} INFO - Processing file /home/airflow/.local/lib/python3.7/site-packages/airflow/example_dags/example_xcom.py for tasks to queue
[2022-08-09 08:05:08,336] {logging_mixin.py:109} INFO - [2022-08-09 08:05:08,335] {dagbag.py:500} INFO - Filling up the DagBag from /home/airflow/.local/lib/python3.7/site-packages/airflow/example_dags/example_xcom.py
[2022-08-09 08:05:08,420] {processor.py:654} INFO - DAG(s) dict_keys(['example_xcom']) retrieved from /home/airflow/.local/lib/python3.7/site-packages/airflow/example_dags/example_xcom.py
[2022-08-09 08:05:08,718] {logging_mixin.py:109} INFO - [2022-08-09 08:05:08,718] {dag.py:2396} INFO - Sync 1 DAGs
[2022-08-09 08:05:08,736] {logging_mixin.py:109} INFO - [2022-08-09 08:05:08,736] {dag.py:2935} INFO - Setting next_dagrun for example_xcom to 2021-01-01T00:00:00+00:00
[2022-08-09 08:05:08,749] {processor.py:171} INFO - Processing /home/airflow/.local/lib/python3.7/site-packages/airflow/example_dags/example_xcom.py took 0.436 seconds
[2022-08-09 08:05:39,199] {processor.py:163} INFO - Started process (PID=204) to work on /home/airflow/.local/lib/python3.7/site-packages/airflow/example_dags/example_xcom.py
[2022-08-09 08:05:39,201] {processor.py:642} INFO - Processing file /home/airflow/.local/lib/python3.7/site-packages/airflow/example_dags/example_xcom.py for tasks to queue
[2022-08-09 08:05:39,202] {logging_mixin.py:109} INFO - [2022-08-09 08:05:39,202] {dagbag.py:500} INFO - Filling up the DagBag from /home/airflow/.local/lib/python3.7/site-packages/airflow/example_dags/example_xcom.py
[2022-08-09 08:05:39,246] {processor.py:654} INFO - DAG(s) dict_keys(['example_xcom']) retrieved from /home/airflow/.local/lib/python3.7/site-packages/airflow/example_dags/example_xcom.py
[2022-08-09 08:05:39,516] {logging_mixin.py:109} INFO - [2022-08-09 08:05:39,516] {dag.py:2396} INFO - Sync 1 DAGs
[2022-08-09 08:05:39,534] {logging_mixin.py:109} INFO - [2022-08-09 08:05:39,534] {dag.py:2935} INFO - Setting next_dagrun for example_xcom to 2021-01-01T00:00:00+00:00
[2022-08-09 08:05:39,552] {processor.py:171} INFO - Processing /home/airflow/.local/lib/python3.7/site-packages/airflow/example_dags/example_xcom.py took 0.356 seconds
[2022-08-09 08:06:10,386] {processor.py:163} INFO - Started process (PID=272) to work on /home/airflow/.local/lib/python3.7/site-packages/airflow/example_dags/example_xcom.py
[2022-08-09 08:06:10,388] {processor.py:642} INFO - Processing file /home/airflow/.local/lib/python3.7/site-packages/airflow/example_dags/example_xcom.py for tasks to queue
[2022-08-09 08:06:10,390] {logging_mixin.py:109} INFO - [2022-08-09 08:06:10,389] {dagbag.py:500} INFO - Filling up the DagBag from /home/airflow/.local/lib/python3.7/site-packages/airflow/example_dags/example_xcom.py
[2022-08-09 08:06:10,432] {processor.py:654} INFO - DAG(s) dict_keys(['example_xcom']) retrieved from /home/airflow/.local/lib/python3.7/site-packages/airflow/example_dags/example_xcom.py
[2022-08-09 08:06:10,783] {logging_mixin.py:109} INFO - [2022-08-09 08:06:10,783] {dag.py:2396} INFO - Sync 1 DAGs
[2022-08-09 08:06:10,808] {logging_mixin.py:109} INFO - [2022-08-09 08:06:10,808] {dag.py:2935} INFO - Setting next_dagrun for example_xcom to 2021-01-01T00:00:00+00:00
[2022-08-09 08:06:10,822] {processor.py:171} INFO - Processing /home/airflow/.local/lib/python3.7/site-packages/airflow/example_dags/example_xcom.py took 0.440 seconds
[2022-08-09 08:06:40,938] {processor.py:163} INFO - Started process (PID=332) to work on /home/airflow/.local/lib/python3.7/site-packages/airflow/example_dags/example_xcom.py
[2022-08-09 08:06:40,941] {processor.py:642} INFO - Processing file /home/airflow/.local/lib/python3.7/site-packages/airflow/example_dags/example_xcom.py for tasks to queue
[2022-08-09 08:06:40,942] {logging_mixin.py:109} INFO - [2022-08-09 08:06:40,942] {dagbag.py:500} INFO - Filling up the DagBag from /home/airflow/.local/lib/python3.7/site-packages/airflow/example_dags/example_xcom.py
[2022-08-09 08:06:40,989] {processor.py:654} INFO - DAG(s) dict_keys(['example_xcom']) retrieved from /home/airflow/.local/lib/python3.7/site-packages/airflow/example_dags/example_xcom.py
[2022-08-09 08:06:41,298] {logging_mixin.py:109} INFO - [2022-08-09 08:06:41,298] {dag.py:2396} INFO - Sync 1 DAGs
[2022-08-09 08:06:41,316] {logging_mixin.py:109} INFO - [2022-08-09 08:06:41,316] {dag.py:2935} INFO - Setting next_dagrun for example_xcom to 2021-01-01T00:00:00+00:00
[2022-08-09 08:06:41,330] {processor.py:171} INFO - Processing /home/airflow/.local/lib/python3.7/site-packages/airflow/example_dags/example_xcom.py took 0.397 seconds
[2022-08-09 08:07:12,499] {processor.py:163} INFO - Started process (PID=404) to work on /home/airflow/.local/lib/python3.7/site-packages/airflow/example_dags/example_xcom.py
[2022-08-09 08:07:12,501] {processor.py:642} INFO - Processing file /home/airflow/.local/lib/python3.7/site-packages/airflow/example_dags/example_xcom.py for tasks to queue
[2022-08-09 08:07:12,502] {logging_mixin.py:109} INFO - [2022-08-09 08:07:12,502] {dagbag.py:500} INFO - Filling up the DagBag from /home/airflow/.local/lib/python3.7/site-packages/airflow/example_dags/example_xcom.py
[2022-08-09 08:07:12,573] {processor.py:654} INFO - DAG(s) dict_keys(['example_xcom']) retrieved from /home/airflow/.local/lib/python3.7/site-packages/airflow/example_dags/example_xcom.py
[2022-08-09 08:07:12,883] {logging_mixin.py:109} INFO - [2022-08-09 08:07:12,883] {dag.py:2396} INFO - Sync 1 DAGs
[2022-08-09 08:07:12,900] {logging_mixin.py:109} INFO - [2022-08-09 08:07:12,899] {dag.py:2935} INFO - Setting next_dagrun for example_xcom to 2021-01-01T00:00:00+00:00
[2022-08-09 08:07:12,915] {processor.py:171} INFO - Processing /home/airflow/.local/lib/python3.7/site-packages/airflow/example_dags/example_xcom.py took 0.421 seconds
[2022-08-09 08:07:43,000] {processor.py:163} INFO - Started process (PID=464) to work on /home/airflow/.local/lib/python3.7/site-packages/airflow/example_dags/example_xcom.py
[2022-08-09 08:07:43,002] {processor.py:642} INFO - Processing file /home/airflow/.local/lib/python3.7/site-packages/airflow/example_dags/example_xcom.py for tasks to queue
[2022-08-09 08:07:43,004] {logging_mixin.py:109} INFO - [2022-08-09 08:07:43,004] {dagbag.py:500} INFO - Filling up the DagBag from /home/airflow/.local/lib/python3.7/site-packages/airflow/example_dags/example_xcom.py
[2022-08-09 08:07:43,043] {processor.py:654} INFO - DAG(s) dict_keys(['example_xcom']) retrieved from /home/airflow/.local/lib/python3.7/site-packages/airflow/example_dags/example_xcom.py
[2022-08-09 08:07:43,333] {logging_mixin.py:109} INFO - [2022-08-09 08:07:43,333] {dag.py:2396} INFO - Sync 1 DAGs
[2022-08-09 08:07:43,353] {logging_mixin.py:109} INFO - [2022-08-09 08:07:43,352] {dag.py:2935} INFO - Setting next_dagrun for example_xcom to 2021-01-01T00:00:00+00:00
[2022-08-09 08:07:43,368] {processor.py:171} INFO - Processing /home/airflow/.local/lib/python3.7/site-packages/airflow/example_dags/example_xcom.py took 0.372 seconds
[2022-08-09 08:08:13,688] {processor.py:163} INFO - Started process (PID=534) to work on /home/airflow/.local/lib/python3.7/site-packages/airflow/example_dags/example_xcom.py
[2022-08-09 08:08:13,690] {processor.py:642} INFO - Processing file /home/airflow/.local/lib/python3.7/site-packages/airflow/example_dags/example_xcom.py for tasks to queue
[2022-08-09 08:08:13,692] {logging_mixin.py:109} INFO - [2022-08-09 08:08:13,691] {dagbag.py:500} INFO - Filling up the DagBag from /home/airflow/.local/lib/python3.7/site-packages/airflow/example_dags/example_xcom.py
[2022-08-09 08:08:13,724] {processor.py:654} INFO - DAG(s) dict_keys(['example_xcom']) retrieved from /home/airflow/.local/lib/python3.7/site-packages/airflow/example_dags/example_xcom.py
[2022-08-09 08:08:13,980] {logging_mixin.py:109} INFO - [2022-08-09 08:08:13,979] {dag.py:2396} INFO - Sync 1 DAGs
[2022-08-09 08:08:13,996] {logging_mixin.py:109} INFO - [2022-08-09 08:08:13,995] {dag.py:2935} INFO - Setting next_dagrun for example_xcom to 2021-01-01T00:00:00+00:00
[2022-08-09 08:08:14,010] {processor.py:171} INFO - Processing /home/airflow/.local/lib/python3.7/site-packages/airflow/example_dags/example_xcom.py took 0.325 seconds
[2022-08-09 08:08:44,660] {processor.py:163} INFO - Started process (PID=595) to work on /home/airflow/.local/lib/python3.7/site-packages/airflow/example_dags/example_xcom.py
[2022-08-09 08:08:44,662] {processor.py:642} INFO - Processing file /home/airflow/.local/lib/python3.7/site-packages/airflow/example_dags/example_xcom.py for tasks to queue
[2022-08-09 08:08:44,664] {logging_mixin.py:109} INFO - [2022-08-09 08:08:44,664] {dagbag.py:500} INFO - Filling up the DagBag from /home/airflow/.local/lib/python3.7/site-packages/airflow/example_dags/example_xcom.py
[2022-08-09 08:08:44,706] {processor.py:654} INFO - DAG(s) dict_keys(['example_xcom']) retrieved from /home/airflow/.local/lib/python3.7/site-packages/airflow/example_dags/example_xcom.py
[2022-08-09 08:08:45,062] {logging_mixin.py:109} INFO - [2022-08-09 08:08:45,062] {dag.py:2396} INFO - Sync 1 DAGs
[2022-08-09 08:08:45,086] {logging_mixin.py:109} INFO - [2022-08-09 08:08:45,086] {dag.py:2935} INFO - Setting next_dagrun for example_xcom to 2021-01-01T00:00:00+00:00
[2022-08-09 08:08:45,105] {processor.py:171} INFO - Processing /home/airflow/.local/lib/python3.7/site-packages/airflow/example_dags/example_xcom.py took 0.449 seconds
[2022-08-09 08:09:15,759] {processor.py:163} INFO - Started process (PID=666) to work on /home/airflow/.local/lib/python3.7/site-packages/airflow/example_dags/example_xcom.py
[2022-08-09 08:09:15,761] {processor.py:642} INFO - Processing file /home/airflow/.local/lib/python3.7/site-packages/airflow/example_dags/example_xcom.py for tasks to queue
[2022-08-09 08:09:15,762] {logging_mixin.py:109} INFO - [2022-08-09 08:09:15,762] {dagbag.py:500} INFO - Filling up the DagBag from /home/airflow/.local/lib/python3.7/site-packages/airflow/example_dags/example_xcom.py
[2022-08-09 08:09:15,798] {processor.py:654} INFO - DAG(s) dict_keys(['example_xcom']) retrieved from /home/airflow/.local/lib/python3.7/site-packages/airflow/example_dags/example_xcom.py
[2022-08-09 08:09:16,098] {logging_mixin.py:109} INFO - [2022-08-09 08:09:16,098] {dag.py:2396} INFO - Sync 1 DAGs
[2022-08-09 08:09:16,117] {logging_mixin.py:109} INFO - [2022-08-09 08:09:16,117] {dag.py:2935} INFO - Setting next_dagrun for example_xcom to 2021-01-01T00:00:00+00:00
[2022-08-09 08:09:16,133] {processor.py:171} INFO - Processing /home/airflow/.local/lib/python3.7/site-packages/airflow/example_dags/example_xcom.py took 0.377 seconds
[2022-08-09 08:09:46,633] {processor.py:163} INFO - Started process (PID=727) to work on /home/airflow/.local/lib/python3.7/site-packages/airflow/example_dags/example_xcom.py
[2022-08-09 08:09:46,636] {processor.py:642} INFO - Processing file /home/airflow/.local/lib/python3.7/site-packages/airflow/example_dags/example_xcom.py for tasks to queue
[2022-08-09 08:09:46,638] {logging_mixin.py:109} INFO - [2022-08-09 08:09:46,637] {dagbag.py:500} INFO - Filling up the DagBag from /home/airflow/.local/lib/python3.7/site-packages/airflow/example_dags/example_xcom.py
[2022-08-09 08:09:46,673] {processor.py:654} INFO - DAG(s) dict_keys(['example_xcom']) retrieved from /home/airflow/.local/lib/python3.7/site-packages/airflow/example_dags/example_xcom.py
[2022-08-09 08:09:46,943] {logging_mixin.py:109} INFO - [2022-08-09 08:09:46,943] {dag.py:2396} INFO - Sync 1 DAGs
[2022-08-09 08:09:46,960] {logging_mixin.py:109} INFO - [2022-08-09 08:09:46,959] {dag.py:2935} INFO - Setting next_dagrun for example_xcom to 2021-01-01T00:00:00+00:00
[2022-08-09 08:09:46,974] {processor.py:171} INFO - Processing /home/airflow/.local/lib/python3.7/site-packages/airflow/example_dags/example_xcom.py took 0.344 seconds
[2022-08-09 08:10:17,326] {processor.py:163} INFO - Started process (PID=798) to work on /home/airflow/.local/lib/python3.7/site-packages/airflow/example_dags/example_xcom.py
[2022-08-09 08:10:17,328] {processor.py:642} INFO - Processing file /home/airflow/.local/lib/python3.7/site-packages/airflow/example_dags/example_xcom.py for tasks to queue
[2022-08-09 08:10:17,330] {logging_mixin.py:109} INFO - [2022-08-09 08:10:17,329] {dagbag.py:500} INFO - Filling up the DagBag from /home/airflow/.local/lib/python3.7/site-packages/airflow/example_dags/example_xcom.py
[2022-08-09 08:10:17,375] {processor.py:654} INFO - DAG(s) dict_keys(['example_xcom']) retrieved from /home/airflow/.local/lib/python3.7/site-packages/airflow/example_dags/example_xcom.py
[2022-08-09 08:10:17,651] {logging_mixin.py:109} INFO - [2022-08-09 08:10:17,651] {dag.py:2396} INFO - Sync 1 DAGs
[2022-08-09 08:10:17,666] {logging_mixin.py:109} INFO - [2022-08-09 08:10:17,666] {dag.py:2935} INFO - Setting next_dagrun for example_xcom to 2021-01-01T00:00:00+00:00
[2022-08-09 08:10:17,678] {processor.py:171} INFO - Processing /home/airflow/.local/lib/python3.7/site-packages/airflow/example_dags/example_xcom.py took 0.357 seconds
[2022-08-09 08:10:48,056] {processor.py:163} INFO - Started process (PID=858) to work on /home/airflow/.local/lib/python3.7/site-packages/airflow/example_dags/example_xcom.py
[2022-08-09 08:10:48,059] {processor.py:642} INFO - Processing file /home/airflow/.local/lib/python3.7/site-packages/airflow/example_dags/example_xcom.py for tasks to queue
[2022-08-09 08:10:48,060] {logging_mixin.py:109} INFO - [2022-08-09 08:10:48,060] {dagbag.py:500} INFO - Filling up the DagBag from /home/airflow/.local/lib/python3.7/site-packages/airflow/example_dags/example_xcom.py
[2022-08-09 08:10:48,097] {processor.py:654} INFO - DAG(s) dict_keys(['example_xcom']) retrieved from /home/airflow/.local/lib/python3.7/site-packages/airflow/example_dags/example_xcom.py
[2022-08-09 08:10:48,374] {logging_mixin.py:109} INFO - [2022-08-09 08:10:48,374] {dag.py:2396} INFO - Sync 1 DAGs
[2022-08-09 08:10:48,391] {logging_mixin.py:109} INFO - [2022-08-09 08:10:48,391] {dag.py:2935} INFO - Setting next_dagrun for example_xcom to 2021-01-01T00:00:00+00:00
[2022-08-09 08:10:48,405] {processor.py:171} INFO - Processing /home/airflow/.local/lib/python3.7/site-packages/airflow/example_dags/example_xcom.py took 0.353 seconds
[2022-08-09 08:11:19,120] {processor.py:163} INFO - Started process (PID=929) to work on /home/airflow/.local/lib/python3.7/site-packages/airflow/example_dags/example_xcom.py
[2022-08-09 08:11:19,122] {processor.py:642} INFO - Processing file /home/airflow/.local/lib/python3.7/site-packages/airflow/example_dags/example_xcom.py for tasks to queue
[2022-08-09 08:11:19,124] {logging_mixin.py:109} INFO - [2022-08-09 08:11:19,123] {dagbag.py:500} INFO - Filling up the DagBag from /home/airflow/.local/lib/python3.7/site-packages/airflow/example_dags/example_xcom.py
[2022-08-09 08:11:19,164] {processor.py:654} INFO - DAG(s) dict_keys(['example_xcom']) retrieved from /home/airflow/.local/lib/python3.7/site-packages/airflow/example_dags/example_xcom.py
[2022-08-09 08:11:19,445] {logging_mixin.py:109} INFO - [2022-08-09 08:11:19,445] {dag.py:2396} INFO - Sync 1 DAGs
[2022-08-09 08:11:19,462] {logging_mixin.py:109} INFO - [2022-08-09 08:11:19,462] {dag.py:2935} INFO - Setting next_dagrun for example_xcom to 2021-01-01T00:00:00+00:00
[2022-08-09 08:11:19,480] {processor.py:171} INFO - Processing /home/airflow/.local/lib/python3.7/site-packages/airflow/example_dags/example_xcom.py took 0.364 seconds
[2022-08-09 08:11:49,688] {processor.py:163} INFO - Started process (PID=990) to work on /home/airflow/.local/lib/python3.7/site-packages/airflow/example_dags/example_xcom.py
[2022-08-09 08:11:49,689] {processor.py:642} INFO - Processing file /home/airflow/.local/lib/python3.7/site-packages/airflow/example_dags/example_xcom.py for tasks to queue
[2022-08-09 08:11:49,691] {logging_mixin.py:109} INFO - [2022-08-09 08:11:49,691] {dagbag.py:500} INFO - Filling up the DagBag from /home/airflow/.local/lib/python3.7/site-packages/airflow/example_dags/example_xcom.py
[2022-08-09 08:11:49,743] {processor.py:654} INFO - DAG(s) dict_keys(['example_xcom']) retrieved from /home/airflow/.local/lib/python3.7/site-packages/airflow/example_dags/example_xcom.py
[2022-08-09 08:11:50,026] {logging_mixin.py:109} INFO - [2022-08-09 08:11:50,026] {dag.py:2396} INFO - Sync 1 DAGs
[2022-08-09 08:11:50,043] {logging_mixin.py:109} INFO - [2022-08-09 08:11:50,043] {dag.py:2935} INFO - Setting next_dagrun for example_xcom to 2021-01-01T00:00:00+00:00
[2022-08-09 08:11:50,054] {processor.py:171} INFO - Processing /home/airflow/.local/lib/python3.7/site-packages/airflow/example_dags/example_xcom.py took 0.373 seconds
[2022-08-09 08:12:20,596] {processor.py:163} INFO - Started process (PID=1060) to work on /home/airflow/.local/lib/python3.7/site-packages/airflow/example_dags/example_xcom.py
[2022-08-09 08:12:20,597] {processor.py:642} INFO - Processing file /home/airflow/.local/lib/python3.7/site-packages/airflow/example_dags/example_xcom.py for tasks to queue
[2022-08-09 08:12:20,599] {logging_mixin.py:109} INFO - [2022-08-09 08:12:20,599] {dagbag.py:500} INFO - Filling up the DagBag from /home/airflow/.local/lib/python3.7/site-packages/airflow/example_dags/example_xcom.py
[2022-08-09 08:12:20,642] {processor.py:654} INFO - DAG(s) dict_keys(['example_xcom']) retrieved from /home/airflow/.local/lib/python3.7/site-packages/airflow/example_dags/example_xcom.py
[2022-08-09 08:12:20,947] {logging_mixin.py:109} INFO - [2022-08-09 08:12:20,947] {dag.py:2396} INFO - Sync 1 DAGs
[2022-08-09 08:12:20,961] {logging_mixin.py:109} INFO - [2022-08-09 08:12:20,960] {dag.py:2935} INFO - Setting next_dagrun for example_xcom to 2021-01-01T00:00:00+00:00
[2022-08-09 08:12:20,971] {processor.py:171} INFO - Processing /home/airflow/.local/lib/python3.7/site-packages/airflow/example_dags/example_xcom.py took 0.381 seconds
[2022-08-09 08:12:51,357] {processor.py:163} INFO - Started process (PID=1121) to work on /home/airflow/.local/lib/python3.7/site-packages/airflow/example_dags/example_xcom.py
[2022-08-09 08:12:51,361] {processor.py:642} INFO - Processing file /home/airflow/.local/lib/python3.7/site-packages/airflow/example_dags/example_xcom.py for tasks to queue
[2022-08-09 08:12:51,363] {logging_mixin.py:109} INFO - [2022-08-09 08:12:51,362] {dagbag.py:500} INFO - Filling up the DagBag from /home/airflow/.local/lib/python3.7/site-packages/airflow/example_dags/example_xcom.py
[2022-08-09 08:12:51,417] {processor.py:654} INFO - DAG(s) dict_keys(['example_xcom']) retrieved from /home/airflow/.local/lib/python3.7/site-packages/airflow/example_dags/example_xcom.py
[2022-08-09 08:12:51,712] {logging_mixin.py:109} INFO - [2022-08-09 08:12:51,711] {dag.py:2396} INFO - Sync 1 DAGs
[2022-08-09 08:12:51,727] {logging_mixin.py:109} INFO - [2022-08-09 08:12:51,727] {dag.py:2935} INFO - Setting next_dagrun for example_xcom to 2021-01-01T00:00:00+00:00
[2022-08-09 08:12:51,740] {processor.py:171} INFO - Processing /home/airflow/.local/lib/python3.7/site-packages/airflow/example_dags/example_xcom.py took 0.388 seconds
[2022-08-09 08:13:21,785] {processor.py:163} INFO - Started process (PID=1190) to work on /home/airflow/.local/lib/python3.7/site-packages/airflow/example_dags/example_xcom.py
[2022-08-09 08:13:21,788] {processor.py:642} INFO - Processing file /home/airflow/.local/lib/python3.7/site-packages/airflow/example_dags/example_xcom.py for tasks to queue
[2022-08-09 08:13:21,790] {logging_mixin.py:109} INFO - [2022-08-09 08:13:21,790] {dagbag.py:500} INFO - Filling up the DagBag from /home/airflow/.local/lib/python3.7/site-packages/airflow/example_dags/example_xcom.py
[2022-08-09 08:13:21,838] {processor.py:654} INFO - DAG(s) dict_keys(['example_xcom']) retrieved from /home/airflow/.local/lib/python3.7/site-packages/airflow/example_dags/example_xcom.py
[2022-08-09 08:13:22,217] {logging_mixin.py:109} INFO - [2022-08-09 08:13:22,217] {dag.py:2396} INFO - Sync 1 DAGs
[2022-08-09 08:13:22,264] {logging_mixin.py:109} INFO - [2022-08-09 08:13:22,254] {dag.py:2935} INFO - Setting next_dagrun for example_xcom to 2021-01-01T00:00:00+00:00
[2022-08-09 08:13:22,317] {processor.py:171} INFO - Processing /home/airflow/.local/lib/python3.7/site-packages/airflow/example_dags/example_xcom.py took 0.538 seconds
[2022-08-09 08:13:52,861] {processor.py:163} INFO - Started process (PID=1251) to work on /home/airflow/.local/lib/python3.7/site-packages/airflow/example_dags/example_xcom.py
[2022-08-09 08:13:52,863] {processor.py:642} INFO - Processing file /home/airflow/.local/lib/python3.7/site-packages/airflow/example_dags/example_xcom.py for tasks to queue
[2022-08-09 08:13:52,864] {logging_mixin.py:109} INFO - [2022-08-09 08:13:52,864] {dagbag.py:500} INFO - Filling up the DagBag from /home/airflow/.local/lib/python3.7/site-packages/airflow/example_dags/example_xcom.py
[2022-08-09 08:13:52,904] {processor.py:654} INFO - DAG(s) dict_keys(['example_xcom']) retrieved from /home/airflow/.local/lib/python3.7/site-packages/airflow/example_dags/example_xcom.py
[2022-08-09 08:13:53,213] {logging_mixin.py:109} INFO - [2022-08-09 08:13:53,212] {dag.py:2396} INFO - Sync 1 DAGs
[2022-08-09 08:13:53,231] {logging_mixin.py:109} INFO - [2022-08-09 08:13:53,231] {dag.py:2935} INFO - Setting next_dagrun for example_xcom to 2021-01-01T00:00:00+00:00
[2022-08-09 08:13:53,245] {processor.py:171} INFO - Processing /home/airflow/.local/lib/python3.7/site-packages/airflow/example_dags/example_xcom.py took 0.389 seconds
[2022-08-09 08:14:23,383] {processor.py:163} INFO - Started process (PID=1315) to work on /home/airflow/.local/lib/python3.7/site-packages/airflow/example_dags/example_xcom.py
[2022-08-09 08:14:23,385] {processor.py:642} INFO - Processing file /home/airflow/.local/lib/python3.7/site-packages/airflow/example_dags/example_xcom.py for tasks to queue
[2022-08-09 08:14:23,387] {logging_mixin.py:109} INFO - [2022-08-09 08:14:23,387] {dagbag.py:500} INFO - Filling up the DagBag from /home/airflow/.local/lib/python3.7/site-packages/airflow/example_dags/example_xcom.py
[2022-08-09 08:14:23,425] {processor.py:654} INFO - DAG(s) dict_keys(['example_xcom']) retrieved from /home/airflow/.local/lib/python3.7/site-packages/airflow/example_dags/example_xcom.py
[2022-08-09 08:14:23,702] {logging_mixin.py:109} INFO - [2022-08-09 08:14:23,702] {dag.py:2396} INFO - Sync 1 DAGs
[2022-08-09 08:14:23,718] {logging_mixin.py:109} INFO - [2022-08-09 08:14:23,718] {dag.py:2935} INFO - Setting next_dagrun for example_xcom to 2021-01-01T00:00:00+00:00
[2022-08-09 08:14:23,733] {processor.py:171} INFO - Processing /home/airflow/.local/lib/python3.7/site-packages/airflow/example_dags/example_xcom.py took 0.354 seconds
[2022-08-09 08:14:53,914] {processor.py:163} INFO - Started process (PID=1374) to work on /home/airflow/.local/lib/python3.7/site-packages/airflow/example_dags/example_xcom.py
[2022-08-09 08:14:53,917] {processor.py:642} INFO - Processing file /home/airflow/.local/lib/python3.7/site-packages/airflow/example_dags/example_xcom.py for tasks to queue
[2022-08-09 08:14:53,919] {logging_mixin.py:109} INFO - [2022-08-09 08:14:53,919] {dagbag.py:500} INFO - Filling up the DagBag from /home/airflow/.local/lib/python3.7/site-packages/airflow/example_dags/example_xcom.py
[2022-08-09 08:14:53,963] {processor.py:654} INFO - DAG(s) dict_keys(['example_xcom']) retrieved from /home/airflow/.local/lib/python3.7/site-packages/airflow/example_dags/example_xcom.py
[2022-08-09 08:14:54,265] {logging_mixin.py:109} INFO - [2022-08-09 08:14:54,265] {dag.py:2396} INFO - Sync 1 DAGs
[2022-08-09 08:14:54,281] {logging_mixin.py:109} INFO - [2022-08-09 08:14:54,281] {dag.py:2935} INFO - Setting next_dagrun for example_xcom to 2021-01-01T00:00:00+00:00
[2022-08-09 08:14:54,316] {processor.py:171} INFO - Processing /home/airflow/.local/lib/python3.7/site-packages/airflow/example_dags/example_xcom.py took 0.406 seconds
[2022-08-09 08:15:24,470] {processor.py:163} INFO - Started process (PID=1445) to work on /home/airflow/.local/lib/python3.7/site-packages/airflow/example_dags/example_xcom.py
[2022-08-09 08:15:24,473] {processor.py:642} INFO - Processing file /home/airflow/.local/lib/python3.7/site-packages/airflow/example_dags/example_xcom.py for tasks to queue
[2022-08-09 08:15:24,474] {logging_mixin.py:109} INFO - [2022-08-09 08:15:24,474] {dagbag.py:500} INFO - Filling up the DagBag from /home/airflow/.local/lib/python3.7/site-packages/airflow/example_dags/example_xcom.py
[2022-08-09 08:15:24,521] {processor.py:654} INFO - DAG(s) dict_keys(['example_xcom']) retrieved from /home/airflow/.local/lib/python3.7/site-packages/airflow/example_dags/example_xcom.py
[2022-08-09 08:15:24,777] {logging_mixin.py:109} INFO - [2022-08-09 08:15:24,777] {dag.py:2396} INFO - Sync 1 DAGs
[2022-08-09 08:15:24,792] {logging_mixin.py:109} INFO - [2022-08-09 08:15:24,792] {dag.py:2935} INFO - Setting next_dagrun for example_xcom to 2021-01-01T00:00:00+00:00
[2022-08-09 08:15:24,807] {processor.py:171} INFO - Processing /home/airflow/.local/lib/python3.7/site-packages/airflow/example_dags/example_xcom.py took 0.341 seconds
[2022-08-09 08:15:55,031] {processor.py:163} INFO - Started process (PID=1506) to work on /home/airflow/.local/lib/python3.7/site-packages/airflow/example_dags/example_xcom.py
[2022-08-09 08:15:55,033] {processor.py:642} INFO - Processing file /home/airflow/.local/lib/python3.7/site-packages/airflow/example_dags/example_xcom.py for tasks to queue
[2022-08-09 08:15:55,035] {logging_mixin.py:109} INFO - [2022-08-09 08:15:55,035] {dagbag.py:500} INFO - Filling up the DagBag from /home/airflow/.local/lib/python3.7/site-packages/airflow/example_dags/example_xcom.py
[2022-08-09 08:15:55,076] {processor.py:654} INFO - DAG(s) dict_keys(['example_xcom']) retrieved from /home/airflow/.local/lib/python3.7/site-packages/airflow/example_dags/example_xcom.py
[2022-08-09 08:15:55,369] {logging_mixin.py:109} INFO - [2022-08-09 08:15:55,369] {dag.py:2396} INFO - Sync 1 DAGs
[2022-08-09 08:15:55,387] {logging_mixin.py:109} INFO - [2022-08-09 08:15:55,387] {dag.py:2935} INFO - Setting next_dagrun for example_xcom to 2021-01-01T00:00:00+00:00
[2022-08-09 08:15:55,404] {processor.py:171} INFO - Processing /home/airflow/.local/lib/python3.7/site-packages/airflow/example_dags/example_xcom.py took 0.377 seconds
[2022-08-09 08:16:25,510] {processor.py:163} INFO - Started process (PID=1567) to work on /home/airflow/.local/lib/python3.7/site-packages/airflow/example_dags/example_xcom.py
[2022-08-09 08:16:25,513] {processor.py:642} INFO - Processing file /home/airflow/.local/lib/python3.7/site-packages/airflow/example_dags/example_xcom.py for tasks to queue
[2022-08-09 08:16:25,515] {logging_mixin.py:109} INFO - [2022-08-09 08:16:25,515] {dagbag.py:500} INFO - Filling up the DagBag from /home/airflow/.local/lib/python3.7/site-packages/airflow/example_dags/example_xcom.py
[2022-08-09 08:16:25,560] {processor.py:654} INFO - DAG(s) dict_keys(['example_xcom']) retrieved from /home/airflow/.local/lib/python3.7/site-packages/airflow/example_dags/example_xcom.py
[2022-08-09 08:16:25,823] {logging_mixin.py:109} INFO - [2022-08-09 08:16:25,823] {dag.py:2396} INFO - Sync 1 DAGs
[2022-08-09 08:16:25,837] {logging_mixin.py:109} INFO - [2022-08-09 08:16:25,837] {dag.py:2935} INFO - Setting next_dagrun for example_xcom to 2021-01-01T00:00:00+00:00
[2022-08-09 08:16:25,849] {processor.py:171} INFO - Processing /home/airflow/.local/lib/python3.7/site-packages/airflow/example_dags/example_xcom.py took 0.343 seconds
[2022-08-09 08:16:56,405] {processor.py:163} INFO - Started process (PID=1638) to work on /home/airflow/.local/lib/python3.7/site-packages/airflow/example_dags/example_xcom.py
[2022-08-09 08:16:56,407] {processor.py:642} INFO - Processing file /home/airflow/.local/lib/python3.7/site-packages/airflow/example_dags/example_xcom.py for tasks to queue
[2022-08-09 08:16:56,409] {logging_mixin.py:109} INFO - [2022-08-09 08:16:56,409] {dagbag.py:500} INFO - Filling up the DagBag from /home/airflow/.local/lib/python3.7/site-packages/airflow/example_dags/example_xcom.py
[2022-08-09 08:16:56,445] {processor.py:654} INFO - DAG(s) dict_keys(['example_xcom']) retrieved from /home/airflow/.local/lib/python3.7/site-packages/airflow/example_dags/example_xcom.py
[2022-08-09 08:16:56,699] {logging_mixin.py:109} INFO - [2022-08-09 08:16:56,699] {dag.py:2396} INFO - Sync 1 DAGs
[2022-08-09 08:16:56,712] {logging_mixin.py:109} INFO - [2022-08-09 08:16:56,711] {dag.py:2935} INFO - Setting next_dagrun for example_xcom to 2021-01-01T00:00:00+00:00
[2022-08-09 08:16:56,722] {processor.py:171} INFO - Processing /home/airflow/.local/lib/python3.7/site-packages/airflow/example_dags/example_xcom.py took 0.320 seconds
[2022-08-09 08:17:27,680] {processor.py:163} INFO - Started process (PID=1698) to work on /home/airflow/.local/lib/python3.7/site-packages/airflow/example_dags/example_xcom.py
[2022-08-09 08:17:27,682] {processor.py:642} INFO - Processing file /home/airflow/.local/lib/python3.7/site-packages/airflow/example_dags/example_xcom.py for tasks to queue
[2022-08-09 08:17:27,684] {logging_mixin.py:109} INFO - [2022-08-09 08:17:27,683] {dagbag.py:500} INFO - Filling up the DagBag from /home/airflow/.local/lib/python3.7/site-packages/airflow/example_dags/example_xcom.py
[2022-08-09 08:17:27,719] {processor.py:654} INFO - DAG(s) dict_keys(['example_xcom']) retrieved from /home/airflow/.local/lib/python3.7/site-packages/airflow/example_dags/example_xcom.py
[2022-08-09 08:17:27,955] {logging_mixin.py:109} INFO - [2022-08-09 08:17:27,955] {dag.py:2396} INFO - Sync 1 DAGs
[2022-08-09 08:17:27,969] {logging_mixin.py:109} INFO - [2022-08-09 08:17:27,969] {dag.py:2935} INFO - Setting next_dagrun for example_xcom to 2021-01-01T00:00:00+00:00
[2022-08-09 08:17:27,980] {processor.py:171} INFO - Processing /home/airflow/.local/lib/python3.7/site-packages/airflow/example_dags/example_xcom.py took 0.310 seconds
[2022-08-09 08:17:58,404] {processor.py:163} INFO - Started process (PID=1767) to work on /home/airflow/.local/lib/python3.7/site-packages/airflow/example_dags/example_xcom.py
[2022-08-09 08:17:58,407] {processor.py:642} INFO - Processing file /home/airflow/.local/lib/python3.7/site-packages/airflow/example_dags/example_xcom.py for tasks to queue
[2022-08-09 08:17:58,409] {logging_mixin.py:109} INFO - [2022-08-09 08:17:58,409] {dagbag.py:500} INFO - Filling up the DagBag from /home/airflow/.local/lib/python3.7/site-packages/airflow/example_dags/example_xcom.py
[2022-08-09 08:17:58,445] {processor.py:654} INFO - DAG(s) dict_keys(['example_xcom']) retrieved from /home/airflow/.local/lib/python3.7/site-packages/airflow/example_dags/example_xcom.py
[2022-08-09 08:17:58,717] {logging_mixin.py:109} INFO - [2022-08-09 08:17:58,717] {dag.py:2396} INFO - Sync 1 DAGs
[2022-08-09 08:17:58,742] {logging_mixin.py:109} INFO - [2022-08-09 08:17:58,742] {dag.py:2935} INFO - Setting next_dagrun for example_xcom to 2021-01-01T00:00:00+00:00
[2022-08-09 08:17:58,756] {processor.py:171} INFO - Processing /home/airflow/.local/lib/python3.7/site-packages/airflow/example_dags/example_xcom.py took 0.356 seconds
[2022-08-09 08:18:28,985] {processor.py:163} INFO - Started process (PID=1827) to work on /home/airflow/.local/lib/python3.7/site-packages/airflow/example_dags/example_xcom.py
[2022-08-09 08:18:28,988] {processor.py:642} INFO - Processing file /home/airflow/.local/lib/python3.7/site-packages/airflow/example_dags/example_xcom.py for tasks to queue
[2022-08-09 08:18:28,990] {logging_mixin.py:109} INFO - [2022-08-09 08:18:28,990] {dagbag.py:500} INFO - Filling up the DagBag from /home/airflow/.local/lib/python3.7/site-packages/airflow/example_dags/example_xcom.py
[2022-08-09 08:18:29,026] {processor.py:654} INFO - DAG(s) dict_keys(['example_xcom']) retrieved from /home/airflow/.local/lib/python3.7/site-packages/airflow/example_dags/example_xcom.py
[2022-08-09 08:18:29,273] {logging_mixin.py:109} INFO - [2022-08-09 08:18:29,273] {dag.py:2396} INFO - Sync 1 DAGs
[2022-08-09 08:18:29,291] {logging_mixin.py:109} INFO - [2022-08-09 08:18:29,291] {dag.py:2935} INFO - Setting next_dagrun for example_xcom to 2021-01-01T00:00:00+00:00
[2022-08-09 08:18:29,305] {processor.py:171} INFO - Processing /home/airflow/.local/lib/python3.7/site-packages/airflow/example_dags/example_xcom.py took 0.325 seconds
[2022-08-09 08:18:59,621] {processor.py:163} INFO - Started process (PID=1897) to work on /home/airflow/.local/lib/python3.7/site-packages/airflow/example_dags/example_xcom.py
[2022-08-09 08:18:59,624] {processor.py:642} INFO - Processing file /home/airflow/.local/lib/python3.7/site-packages/airflow/example_dags/example_xcom.py for tasks to queue
[2022-08-09 08:18:59,626] {logging_mixin.py:109} INFO - [2022-08-09 08:18:59,625] {dagbag.py:500} INFO - Filling up the DagBag from /home/airflow/.local/lib/python3.7/site-packages/airflow/example_dags/example_xcom.py
[2022-08-09 08:18:59,664] {processor.py:654} INFO - DAG(s) dict_keys(['example_xcom']) retrieved from /home/airflow/.local/lib/python3.7/site-packages/airflow/example_dags/example_xcom.py
[2022-08-09 08:18:59,924] {logging_mixin.py:109} INFO - [2022-08-09 08:18:59,924] {dag.py:2396} INFO - Sync 1 DAGs
[2022-08-09 08:18:59,938] {logging_mixin.py:109} INFO - [2022-08-09 08:18:59,938] {dag.py:2935} INFO - Setting next_dagrun for example_xcom to 2021-01-01T00:00:00+00:00
[2022-08-09 08:18:59,950] {processor.py:171} INFO - Processing /home/airflow/.local/lib/python3.7/site-packages/airflow/example_dags/example_xcom.py took 0.333 seconds
[2022-08-09 08:19:30,275] {processor.py:163} INFO - Started process (PID=1957) to work on /home/airflow/.local/lib/python3.7/site-packages/airflow/example_dags/example_xcom.py
[2022-08-09 08:19:30,278] {processor.py:642} INFO - Processing file /home/airflow/.local/lib/python3.7/site-packages/airflow/example_dags/example_xcom.py for tasks to queue
[2022-08-09 08:19:30,280] {logging_mixin.py:109} INFO - [2022-08-09 08:19:30,280] {dagbag.py:500} INFO - Filling up the DagBag from /home/airflow/.local/lib/python3.7/site-packages/airflow/example_dags/example_xcom.py
[2022-08-09 08:19:30,317] {processor.py:654} INFO - DAG(s) dict_keys(['example_xcom']) retrieved from /home/airflow/.local/lib/python3.7/site-packages/airflow/example_dags/example_xcom.py
[2022-08-09 08:19:30,571] {logging_mixin.py:109} INFO - [2022-08-09 08:19:30,571] {dag.py:2396} INFO - Sync 1 DAGs
[2022-08-09 08:19:30,589] {logging_mixin.py:109} INFO - [2022-08-09 08:19:30,589] {dag.py:2935} INFO - Setting next_dagrun for example_xcom to 2021-01-01T00:00:00+00:00
[2022-08-09 08:19:30,603] {processor.py:171} INFO - Processing /home/airflow/.local/lib/python3.7/site-packages/airflow/example_dags/example_xcom.py took 0.332 seconds
[2022-08-09 08:20:00,988] {processor.py:163} INFO - Started process (PID=2026) to work on /home/airflow/.local/lib/python3.7/site-packages/airflow/example_dags/example_xcom.py
[2022-08-09 08:20:00,991] {processor.py:642} INFO - Processing file /home/airflow/.local/lib/python3.7/site-packages/airflow/example_dags/example_xcom.py for tasks to queue
[2022-08-09 08:20:00,993] {logging_mixin.py:109} INFO - [2022-08-09 08:20:00,992] {dagbag.py:500} INFO - Filling up the DagBag from /home/airflow/.local/lib/python3.7/site-packages/airflow/example_dags/example_xcom.py
[2022-08-09 08:20:01,120] {processor.py:654} INFO - DAG(s) dict_keys(['example_xcom']) retrieved from /home/airflow/.local/lib/python3.7/site-packages/airflow/example_dags/example_xcom.py
[2022-08-09 08:20:01,292] {logging_mixin.py:109} INFO - [2022-08-09 08:20:01,292] {dag.py:2396} INFO - Sync 1 DAGs
[2022-08-09 08:20:01,311] {logging_mixin.py:109} INFO - [2022-08-09 08:20:01,311] {dag.py:2935} INFO - Setting next_dagrun for example_xcom to 2021-01-01T00:00:00+00:00
[2022-08-09 08:20:01,323] {processor.py:171} INFO - Processing /home/airflow/.local/lib/python3.7/site-packages/airflow/example_dags/example_xcom.py took 0.341 seconds
[2022-08-09 08:20:31,607] {processor.py:163} INFO - Started process (PID=2086) to work on /home/airflow/.local/lib/python3.7/site-packages/airflow/example_dags/example_xcom.py
[2022-08-09 08:20:31,609] {processor.py:642} INFO - Processing file /home/airflow/.local/lib/python3.7/site-packages/airflow/example_dags/example_xcom.py for tasks to queue
[2022-08-09 08:20:31,610] {logging_mixin.py:109} INFO - [2022-08-09 08:20:31,610] {dagbag.py:500} INFO - Filling up the DagBag from /home/airflow/.local/lib/python3.7/site-packages/airflow/example_dags/example_xcom.py
[2022-08-09 08:20:31,737] {processor.py:654} INFO - DAG(s) dict_keys(['example_xcom']) retrieved from /home/airflow/.local/lib/python3.7/site-packages/airflow/example_dags/example_xcom.py
[2022-08-09 08:20:31,931] {logging_mixin.py:109} INFO - [2022-08-09 08:20:31,931] {dag.py:2396} INFO - Sync 1 DAGs
[2022-08-09 08:20:31,945] {logging_mixin.py:109} INFO - [2022-08-09 08:20:31,944] {dag.py:2935} INFO - Setting next_dagrun for example_xcom to 2021-01-01T00:00:00+00:00
[2022-08-09 08:20:31,957] {processor.py:171} INFO - Processing /home/airflow/.local/lib/python3.7/site-packages/airflow/example_dags/example_xcom.py took 0.353 seconds
[2022-08-09 08:21:02,138] {processor.py:163} INFO - Started process (PID=2156) to work on /home/airflow/.local/lib/python3.7/site-packages/airflow/example_dags/example_xcom.py
[2022-08-09 08:21:02,142] {processor.py:642} INFO - Processing file /home/airflow/.local/lib/python3.7/site-packages/airflow/example_dags/example_xcom.py for tasks to queue
[2022-08-09 08:21:02,143] {logging_mixin.py:109} INFO - [2022-08-09 08:21:02,143] {dagbag.py:500} INFO - Filling up the DagBag from /home/airflow/.local/lib/python3.7/site-packages/airflow/example_dags/example_xcom.py
[2022-08-09 08:21:02,285] {processor.py:654} INFO - DAG(s) dict_keys(['example_xcom']) retrieved from /home/airflow/.local/lib/python3.7/site-packages/airflow/example_dags/example_xcom.py
[2022-08-09 08:21:02,450] {logging_mixin.py:109} INFO - [2022-08-09 08:21:02,450] {dag.py:2396} INFO - Sync 1 DAGs
[2022-08-09 08:21:02,463] {logging_mixin.py:109} INFO - [2022-08-09 08:21:02,463] {dag.py:2935} INFO - Setting next_dagrun for example_xcom to 2021-01-01T00:00:00+00:00
[2022-08-09 08:21:02,476] {processor.py:171} INFO - Processing /home/airflow/.local/lib/python3.7/site-packages/airflow/example_dags/example_xcom.py took 0.343 seconds
[2022-08-09 08:21:32,682] {processor.py:163} INFO - Started process (PID=2217) to work on /home/airflow/.local/lib/python3.7/site-packages/airflow/example_dags/example_xcom.py
[2022-08-09 08:21:32,686] {processor.py:642} INFO - Processing file /home/airflow/.local/lib/python3.7/site-packages/airflow/example_dags/example_xcom.py for tasks to queue
[2022-08-09 08:21:32,688] {logging_mixin.py:109} INFO - [2022-08-09 08:21:32,688] {dagbag.py:500} INFO - Filling up the DagBag from /home/airflow/.local/lib/python3.7/site-packages/airflow/example_dags/example_xcom.py
[2022-08-09 08:21:32,806] {processor.py:654} INFO - DAG(s) dict_keys(['example_xcom']) retrieved from /home/airflow/.local/lib/python3.7/site-packages/airflow/example_dags/example_xcom.py
[2022-08-09 08:21:32,970] {logging_mixin.py:109} INFO - [2022-08-09 08:21:32,970] {dag.py:2396} INFO - Sync 1 DAGs
[2022-08-09 08:21:32,982] {logging_mixin.py:109} INFO - [2022-08-09 08:21:32,982] {dag.py:2935} INFO - Setting next_dagrun for example_xcom to 2021-01-01T00:00:00+00:00
[2022-08-09 08:21:32,995] {processor.py:171} INFO - Processing /home/airflow/.local/lib/python3.7/site-packages/airflow/example_dags/example_xcom.py took 0.319 seconds
[2022-08-09 08:22:03,816] {processor.py:163} INFO - Started process (PID=2285) to work on /home/airflow/.local/lib/python3.7/site-packages/airflow/example_dags/example_xcom.py
[2022-08-09 08:22:03,819] {processor.py:642} INFO - Processing file /home/airflow/.local/lib/python3.7/site-packages/airflow/example_dags/example_xcom.py for tasks to queue
[2022-08-09 08:22:03,822] {logging_mixin.py:109} INFO - [2022-08-09 08:22:03,821] {dagbag.py:500} INFO - Filling up the DagBag from /home/airflow/.local/lib/python3.7/site-packages/airflow/example_dags/example_xcom.py
[2022-08-09 08:22:03,946] {processor.py:654} INFO - DAG(s) dict_keys(['example_xcom']) retrieved from /home/airflow/.local/lib/python3.7/site-packages/airflow/example_dags/example_xcom.py
[2022-08-09 08:22:04,098] {logging_mixin.py:109} INFO - [2022-08-09 08:22:04,098] {dag.py:2396} INFO - Sync 1 DAGs
[2022-08-09 08:22:04,112] {logging_mixin.py:109} INFO - [2022-08-09 08:22:04,112] {dag.py:2935} INFO - Setting next_dagrun for example_xcom to 2021-01-01T00:00:00+00:00
[2022-08-09 08:22:04,123] {processor.py:171} INFO - Processing /home/airflow/.local/lib/python3.7/site-packages/airflow/example_dags/example_xcom.py took 0.312 seconds
[2022-08-09 08:22:34,219] {processor.py:163} INFO - Started process (PID=2345) to work on /home/airflow/.local/lib/python3.7/site-packages/airflow/example_dags/example_xcom.py
[2022-08-09 08:22:34,222] {processor.py:642} INFO - Processing file /home/airflow/.local/lib/python3.7/site-packages/airflow/example_dags/example_xcom.py for tasks to queue
[2022-08-09 08:22:34,223] {logging_mixin.py:109} INFO - [2022-08-09 08:22:34,223] {dagbag.py:500} INFO - Filling up the DagBag from /home/airflow/.local/lib/python3.7/site-packages/airflow/example_dags/example_xcom.py
[2022-08-09 08:22:34,346] {processor.py:654} INFO - DAG(s) dict_keys(['example_xcom']) retrieved from /home/airflow/.local/lib/python3.7/site-packages/airflow/example_dags/example_xcom.py
[2022-08-09 08:22:34,499] {logging_mixin.py:109} INFO - [2022-08-09 08:22:34,498] {dag.py:2396} INFO - Sync 1 DAGs
[2022-08-09 08:22:34,512] {logging_mixin.py:109} INFO - [2022-08-09 08:22:34,512] {dag.py:2935} INFO - Setting next_dagrun for example_xcom to 2021-01-01T00:00:00+00:00
[2022-08-09 08:22:34,523] {processor.py:171} INFO - Processing /home/airflow/.local/lib/python3.7/site-packages/airflow/example_dags/example_xcom.py took 0.307 seconds
[2022-08-09 08:23:05,089] {processor.py:163} INFO - Started process (PID=2415) to work on /home/airflow/.local/lib/python3.7/site-packages/airflow/example_dags/example_xcom.py
[2022-08-09 08:23:05,092] {processor.py:642} INFO - Processing file /home/airflow/.local/lib/python3.7/site-packages/airflow/example_dags/example_xcom.py for tasks to queue
[2022-08-09 08:23:05,093] {logging_mixin.py:109} INFO - [2022-08-09 08:23:05,093] {dagbag.py:500} INFO - Filling up the DagBag from /home/airflow/.local/lib/python3.7/site-packages/airflow/example_dags/example_xcom.py
[2022-08-09 08:23:05,132] {processor.py:654} INFO - DAG(s) dict_keys(['example_xcom']) retrieved from /home/airflow/.local/lib/python3.7/site-packages/airflow/example_dags/example_xcom.py
[2022-08-09 08:23:05,312] {logging_mixin.py:109} INFO - [2022-08-09 08:23:05,312] {dag.py:2396} INFO - Sync 1 DAGs
[2022-08-09 08:23:05,330] {logging_mixin.py:109} INFO - [2022-08-09 08:23:05,329] {dag.py:2935} INFO - Setting next_dagrun for example_xcom to 2021-01-01T00:00:00+00:00
[2022-08-09 08:23:05,344] {processor.py:171} INFO - Processing /home/airflow/.local/lib/python3.7/site-packages/airflow/example_dags/example_xcom.py took 0.258 seconds
[2022-08-09 08:23:35,542] {processor.py:163} INFO - Started process (PID=2476) to work on /home/airflow/.local/lib/python3.7/site-packages/airflow/example_dags/example_xcom.py
[2022-08-09 08:23:35,544] {processor.py:642} INFO - Processing file /home/airflow/.local/lib/python3.7/site-packages/airflow/example_dags/example_xcom.py for tasks to queue
[2022-08-09 08:23:35,546] {logging_mixin.py:109} INFO - [2022-08-09 08:23:35,546] {dagbag.py:500} INFO - Filling up the DagBag from /home/airflow/.local/lib/python3.7/site-packages/airflow/example_dags/example_xcom.py
[2022-08-09 08:23:35,581] {processor.py:654} INFO - DAG(s) dict_keys(['example_xcom']) retrieved from /home/airflow/.local/lib/python3.7/site-packages/airflow/example_dags/example_xcom.py
[2022-08-09 08:23:35,759] {logging_mixin.py:109} INFO - [2022-08-09 08:23:35,759] {dag.py:2396} INFO - Sync 1 DAGs
[2022-08-09 08:23:35,774] {logging_mixin.py:109} INFO - [2022-08-09 08:23:35,774] {dag.py:2935} INFO - Setting next_dagrun for example_xcom to 2021-01-01T00:00:00+00:00
[2022-08-09 08:23:35,785] {processor.py:171} INFO - Processing /home/airflow/.local/lib/python3.7/site-packages/airflow/example_dags/example_xcom.py took 0.247 seconds
[2022-08-09 08:24:05,842] {processor.py:163} INFO - Started process (PID=2545) to work on /home/airflow/.local/lib/python3.7/site-packages/airflow/example_dags/example_xcom.py
[2022-08-09 08:24:05,845] {processor.py:642} INFO - Processing file /home/airflow/.local/lib/python3.7/site-packages/airflow/example_dags/example_xcom.py for tasks to queue
[2022-08-09 08:24:05,846] {logging_mixin.py:109} INFO - [2022-08-09 08:24:05,846] {dagbag.py:500} INFO - Filling up the DagBag from /home/airflow/.local/lib/python3.7/site-packages/airflow/example_dags/example_xcom.py
[2022-08-09 08:24:05,888] {processor.py:654} INFO - DAG(s) dict_keys(['example_xcom']) retrieved from /home/airflow/.local/lib/python3.7/site-packages/airflow/example_dags/example_xcom.py
[2022-08-09 08:24:06,088] {logging_mixin.py:109} INFO - [2022-08-09 08:24:06,088] {dag.py:2396} INFO - Sync 1 DAGs
[2022-08-09 08:24:06,103] {logging_mixin.py:109} INFO - [2022-08-09 08:24:06,103] {dag.py:2935} INFO - Setting next_dagrun for example_xcom to 2021-01-01T00:00:00+00:00
[2022-08-09 08:24:06,116] {processor.py:171} INFO - Processing /home/airflow/.local/lib/python3.7/site-packages/airflow/example_dags/example_xcom.py took 0.278 seconds
[2022-08-09 08:24:36,396] {processor.py:163} INFO - Started process (PID=2607) to work on /home/airflow/.local/lib/python3.7/site-packages/airflow/example_dags/example_xcom.py
[2022-08-09 08:24:36,399] {processor.py:642} INFO - Processing file /home/airflow/.local/lib/python3.7/site-packages/airflow/example_dags/example_xcom.py for tasks to queue
[2022-08-09 08:24:36,401] {logging_mixin.py:109} INFO - [2022-08-09 08:24:36,401] {dagbag.py:500} INFO - Filling up the DagBag from /home/airflow/.local/lib/python3.7/site-packages/airflow/example_dags/example_xcom.py
[2022-08-09 08:24:36,439] {processor.py:654} INFO - DAG(s) dict_keys(['example_xcom']) retrieved from /home/airflow/.local/lib/python3.7/site-packages/airflow/example_dags/example_xcom.py
[2022-08-09 08:24:36,617] {logging_mixin.py:109} INFO - [2022-08-09 08:24:36,617] {dag.py:2396} INFO - Sync 1 DAGs
[2022-08-09 08:24:36,634] {logging_mixin.py:109} INFO - [2022-08-09 08:24:36,634] {dag.py:2935} INFO - Setting next_dagrun for example_xcom to 2021-01-01T00:00:00+00:00
[2022-08-09 08:24:36,648] {processor.py:171} INFO - Processing /home/airflow/.local/lib/python3.7/site-packages/airflow/example_dags/example_xcom.py took 0.255 seconds
[2022-08-09 08:25:07,201] {processor.py:163} INFO - Started process (PID=2676) to work on /home/airflow/.local/lib/python3.7/site-packages/airflow/example_dags/example_xcom.py
[2022-08-09 08:25:07,204] {processor.py:642} INFO - Processing file /home/airflow/.local/lib/python3.7/site-packages/airflow/example_dags/example_xcom.py for tasks to queue
[2022-08-09 08:25:07,206] {logging_mixin.py:109} INFO - [2022-08-09 08:25:07,206] {dagbag.py:500} INFO - Filling up the DagBag from /home/airflow/.local/lib/python3.7/site-packages/airflow/example_dags/example_xcom.py
[2022-08-09 08:25:07,266] {processor.py:654} INFO - DAG(s) dict_keys(['example_xcom']) retrieved from /home/airflow/.local/lib/python3.7/site-packages/airflow/example_dags/example_xcom.py
[2022-08-09 08:25:07,491] {logging_mixin.py:109} INFO - [2022-08-09 08:25:07,491] {dag.py:2396} INFO - Sync 1 DAGs
[2022-08-09 08:25:07,511] {logging_mixin.py:109} INFO - [2022-08-09 08:25:07,511] {dag.py:2935} INFO - Setting next_dagrun for example_xcom to 2021-01-01T00:00:00+00:00
[2022-08-09 08:25:07,529] {processor.py:171} INFO - Processing /home/airflow/.local/lib/python3.7/site-packages/airflow/example_dags/example_xcom.py took 0.331 seconds
[2022-08-09 08:25:37,862] {processor.py:163} INFO - Started process (PID=2737) to work on /home/airflow/.local/lib/python3.7/site-packages/airflow/example_dags/example_xcom.py
[2022-08-09 08:25:37,864] {processor.py:642} INFO - Processing file /home/airflow/.local/lib/python3.7/site-packages/airflow/example_dags/example_xcom.py for tasks to queue
[2022-08-09 08:25:37,865] {logging_mixin.py:109} INFO - [2022-08-09 08:25:37,865] {dagbag.py:500} INFO - Filling up the DagBag from /home/airflow/.local/lib/python3.7/site-packages/airflow/example_dags/example_xcom.py
[2022-08-09 08:25:37,901] {processor.py:654} INFO - DAG(s) dict_keys(['example_xcom']) retrieved from /home/airflow/.local/lib/python3.7/site-packages/airflow/example_dags/example_xcom.py
[2022-08-09 08:25:38,090] {logging_mixin.py:109} INFO - [2022-08-09 08:25:38,090] {dag.py:2396} INFO - Sync 1 DAGs
[2022-08-09 08:25:38,104] {logging_mixin.py:109} INFO - [2022-08-09 08:25:38,104] {dag.py:2935} INFO - Setting next_dagrun for example_xcom to 2021-01-01T00:00:00+00:00
[2022-08-09 08:25:38,115] {processor.py:171} INFO - Processing /home/airflow/.local/lib/python3.7/site-packages/airflow/example_dags/example_xcom.py took 0.257 seconds
[2022-08-09 08:26:08,163] {processor.py:163} INFO - Started process (PID=2804) to work on /home/airflow/.local/lib/python3.7/site-packages/airflow/example_dags/example_xcom.py
[2022-08-09 08:26:08,165] {processor.py:642} INFO - Processing file /home/airflow/.local/lib/python3.7/site-packages/airflow/example_dags/example_xcom.py for tasks to queue
[2022-08-09 08:26:08,166] {logging_mixin.py:109} INFO - [2022-08-09 08:26:08,166] {dagbag.py:500} INFO - Filling up the DagBag from /home/airflow/.local/lib/python3.7/site-packages/airflow/example_dags/example_xcom.py
[2022-08-09 08:26:08,208] {processor.py:654} INFO - DAG(s) dict_keys(['example_xcom']) retrieved from /home/airflow/.local/lib/python3.7/site-packages/airflow/example_dags/example_xcom.py
[2022-08-09 08:26:08,390] {logging_mixin.py:109} INFO - [2022-08-09 08:26:08,390] {dag.py:2396} INFO - Sync 1 DAGs
[2022-08-09 08:26:08,407] {logging_mixin.py:109} INFO - [2022-08-09 08:26:08,407] {dag.py:2935} INFO - Setting next_dagrun for example_xcom to 2021-01-01T00:00:00+00:00
[2022-08-09 08:26:08,420] {processor.py:171} INFO - Processing /home/airflow/.local/lib/python3.7/site-packages/airflow/example_dags/example_xcom.py took 0.261 seconds
[2022-08-09 08:26:38,589] {processor.py:163} INFO - Started process (PID=2866) to work on /home/airflow/.local/lib/python3.7/site-packages/airflow/example_dags/example_xcom.py
[2022-08-09 08:26:38,591] {processor.py:642} INFO - Processing file /home/airflow/.local/lib/python3.7/site-packages/airflow/example_dags/example_xcom.py for tasks to queue
[2022-08-09 08:26:38,593] {logging_mixin.py:109} INFO - [2022-08-09 08:26:38,592] {dagbag.py:500} INFO - Filling up the DagBag from /home/airflow/.local/lib/python3.7/site-packages/airflow/example_dags/example_xcom.py
[2022-08-09 08:26:38,629] {processor.py:654} INFO - DAG(s) dict_keys(['example_xcom']) retrieved from /home/airflow/.local/lib/python3.7/site-packages/airflow/example_dags/example_xcom.py
[2022-08-09 08:26:38,803] {logging_mixin.py:109} INFO - [2022-08-09 08:26:38,803] {dag.py:2396} INFO - Sync 1 DAGs
[2022-08-09 08:26:38,817] {logging_mixin.py:109} INFO - [2022-08-09 08:26:38,817] {dag.py:2935} INFO - Setting next_dagrun for example_xcom to 2021-01-01T00:00:00+00:00
[2022-08-09 08:26:38,832] {processor.py:171} INFO - Processing /home/airflow/.local/lib/python3.7/site-packages/airflow/example_dags/example_xcom.py took 0.246 seconds
[2022-08-09 08:27:09,008] {processor.py:163} INFO - Started process (PID=2927) to work on /home/airflow/.local/lib/python3.7/site-packages/airflow/example_dags/example_xcom.py
[2022-08-09 08:27:09,011] {processor.py:642} INFO - Processing file /home/airflow/.local/lib/python3.7/site-packages/airflow/example_dags/example_xcom.py for tasks to queue
[2022-08-09 08:27:09,013] {logging_mixin.py:109} INFO - [2022-08-09 08:27:09,013] {dagbag.py:500} INFO - Filling up the DagBag from /home/airflow/.local/lib/python3.7/site-packages/airflow/example_dags/example_xcom.py
[2022-08-09 08:27:09,054] {processor.py:654} INFO - DAG(s) dict_keys(['example_xcom']) retrieved from /home/airflow/.local/lib/python3.7/site-packages/airflow/example_dags/example_xcom.py
[2022-08-09 08:27:09,254] {logging_mixin.py:109} INFO - [2022-08-09 08:27:09,254] {dag.py:2396} INFO - Sync 1 DAGs
[2022-08-09 08:27:09,269] {logging_mixin.py:109} INFO - [2022-08-09 08:27:09,269] {dag.py:2935} INFO - Setting next_dagrun for example_xcom to 2021-01-01T00:00:00+00:00
[2022-08-09 08:27:09,281] {processor.py:171} INFO - Processing /home/airflow/.local/lib/python3.7/site-packages/airflow/example_dags/example_xcom.py took 0.277 seconds
[2022-08-09 08:27:39,559] {processor.py:163} INFO - Started process (PID=2997) to work on /home/airflow/.local/lib/python3.7/site-packages/airflow/example_dags/example_xcom.py
[2022-08-09 08:27:39,562] {processor.py:642} INFO - Processing file /home/airflow/.local/lib/python3.7/site-packages/airflow/example_dags/example_xcom.py for tasks to queue
[2022-08-09 08:27:39,564] {logging_mixin.py:109} INFO - [2022-08-09 08:27:39,564] {dagbag.py:500} INFO - Filling up the DagBag from /home/airflow/.local/lib/python3.7/site-packages/airflow/example_dags/example_xcom.py
[2022-08-09 08:27:39,615] {processor.py:654} INFO - DAG(s) dict_keys(['example_xcom']) retrieved from /home/airflow/.local/lib/python3.7/site-packages/airflow/example_dags/example_xcom.py
[2022-08-09 08:27:39,816] {logging_mixin.py:109} INFO - [2022-08-09 08:27:39,816] {dag.py:2396} INFO - Sync 1 DAGs
[2022-08-09 08:27:39,832] {logging_mixin.py:109} INFO - [2022-08-09 08:27:39,832] {dag.py:2935} INFO - Setting next_dagrun for example_xcom to 2021-01-01T00:00:00+00:00
[2022-08-09 08:27:39,846] {processor.py:171} INFO - Processing /home/airflow/.local/lib/python3.7/site-packages/airflow/example_dags/example_xcom.py took 0.299 seconds
[2022-08-09 08:28:10,391] {processor.py:163} INFO - Started process (PID=3057) to work on /home/airflow/.local/lib/python3.7/site-packages/airflow/example_dags/example_xcom.py
[2022-08-09 08:28:10,394] {processor.py:642} INFO - Processing file /home/airflow/.local/lib/python3.7/site-packages/airflow/example_dags/example_xcom.py for tasks to queue
[2022-08-09 08:28:10,396] {logging_mixin.py:109} INFO - [2022-08-09 08:28:10,396] {dagbag.py:500} INFO - Filling up the DagBag from /home/airflow/.local/lib/python3.7/site-packages/airflow/example_dags/example_xcom.py
[2022-08-09 08:28:10,433] {processor.py:654} INFO - DAG(s) dict_keys(['example_xcom']) retrieved from /home/airflow/.local/lib/python3.7/site-packages/airflow/example_dags/example_xcom.py
[2022-08-09 08:28:10,607] {logging_mixin.py:109} INFO - [2022-08-09 08:28:10,607] {dag.py:2396} INFO - Sync 1 DAGs
[2022-08-09 08:28:10,622] {logging_mixin.py:109} INFO - [2022-08-09 08:28:10,622] {dag.py:2935} INFO - Setting next_dagrun for example_xcom to 2021-01-01T00:00:00+00:00
[2022-08-09 08:28:10,635] {processor.py:171} INFO - Processing /home/airflow/.local/lib/python3.7/site-packages/airflow/example_dags/example_xcom.py took 0.250 seconds
[2022-08-09 08:28:41,145] {processor.py:163} INFO - Started process (PID=3126) to work on /home/airflow/.local/lib/python3.7/site-packages/airflow/example_dags/example_xcom.py
[2022-08-09 08:28:41,148] {processor.py:642} INFO - Processing file /home/airflow/.local/lib/python3.7/site-packages/airflow/example_dags/example_xcom.py for tasks to queue
[2022-08-09 08:28:41,153] {logging_mixin.py:109} INFO - [2022-08-09 08:28:41,153] {dagbag.py:500} INFO - Filling up the DagBag from /home/airflow/.local/lib/python3.7/site-packages/airflow/example_dags/example_xcom.py
[2022-08-09 08:28:41,206] {processor.py:654} INFO - DAG(s) dict_keys(['example_xcom']) retrieved from /home/airflow/.local/lib/python3.7/site-packages/airflow/example_dags/example_xcom.py
[2022-08-09 08:28:41,401] {logging_mixin.py:109} INFO - [2022-08-09 08:28:41,400] {dag.py:2396} INFO - Sync 1 DAGs
[2022-08-09 08:28:41,421] {logging_mixin.py:109} INFO - [2022-08-09 08:28:41,420] {dag.py:2935} INFO - Setting next_dagrun for example_xcom to 2021-01-01T00:00:00+00:00
[2022-08-09 08:28:41,438] {processor.py:171} INFO - Processing /home/airflow/.local/lib/python3.7/site-packages/airflow/example_dags/example_xcom.py took 0.296 seconds
[2022-08-09 08:29:11,670] {processor.py:163} INFO - Started process (PID=3186) to work on /home/airflow/.local/lib/python3.7/site-packages/airflow/example_dags/example_xcom.py
[2022-08-09 08:29:11,672] {processor.py:642} INFO - Processing file /home/airflow/.local/lib/python3.7/site-packages/airflow/example_dags/example_xcom.py for tasks to queue
[2022-08-09 08:29:11,673] {logging_mixin.py:109} INFO - [2022-08-09 08:29:11,673] {dagbag.py:500} INFO - Filling up the DagBag from /home/airflow/.local/lib/python3.7/site-packages/airflow/example_dags/example_xcom.py
[2022-08-09 08:29:11,711] {processor.py:654} INFO - DAG(s) dict_keys(['example_xcom']) retrieved from /home/airflow/.local/lib/python3.7/site-packages/airflow/example_dags/example_xcom.py
[2022-08-09 08:29:11,904] {logging_mixin.py:109} INFO - [2022-08-09 08:29:11,903] {dag.py:2396} INFO - Sync 1 DAGs
[2022-08-09 08:29:11,925] {logging_mixin.py:109} INFO - [2022-08-09 08:29:11,925] {dag.py:2935} INFO - Setting next_dagrun for example_xcom to 2021-01-01T00:00:00+00:00
[2022-08-09 08:29:11,937] {processor.py:171} INFO - Processing /home/airflow/.local/lib/python3.7/site-packages/airflow/example_dags/example_xcom.py took 0.274 seconds
[2022-08-09 08:29:42,149] {processor.py:163} INFO - Started process (PID=3255) to work on /home/airflow/.local/lib/python3.7/site-packages/airflow/example_dags/example_xcom.py
[2022-08-09 08:29:42,152] {processor.py:642} INFO - Processing file /home/airflow/.local/lib/python3.7/site-packages/airflow/example_dags/example_xcom.py for tasks to queue
[2022-08-09 08:29:42,154] {logging_mixin.py:109} INFO - [2022-08-09 08:29:42,154] {dagbag.py:500} INFO - Filling up the DagBag from /home/airflow/.local/lib/python3.7/site-packages/airflow/example_dags/example_xcom.py
[2022-08-09 08:29:42,200] {processor.py:654} INFO - DAG(s) dict_keys(['example_xcom']) retrieved from /home/airflow/.local/lib/python3.7/site-packages/airflow/example_dags/example_xcom.py
[2022-08-09 08:29:42,423] {logging_mixin.py:109} INFO - [2022-08-09 08:29:42,423] {dag.py:2396} INFO - Sync 1 DAGs
[2022-08-09 08:29:42,437] {logging_mixin.py:109} INFO - [2022-08-09 08:29:42,437] {dag.py:2935} INFO - Setting next_dagrun for example_xcom to 2021-01-01T00:00:00+00:00
[2022-08-09 08:29:42,449] {processor.py:171} INFO - Processing /home/airflow/.local/lib/python3.7/site-packages/airflow/example_dags/example_xcom.py took 0.307 seconds
[2022-08-09 08:30:12,893] {processor.py:163} INFO - Started process (PID=3315) to work on /home/airflow/.local/lib/python3.7/site-packages/airflow/example_dags/example_xcom.py
[2022-08-09 08:30:12,895] {processor.py:642} INFO - Processing file /home/airflow/.local/lib/python3.7/site-packages/airflow/example_dags/example_xcom.py for tasks to queue
[2022-08-09 08:30:12,897] {logging_mixin.py:109} INFO - [2022-08-09 08:30:12,897] {dagbag.py:500} INFO - Filling up the DagBag from /home/airflow/.local/lib/python3.7/site-packages/airflow/example_dags/example_xcom.py
[2022-08-09 08:30:12,933] {processor.py:654} INFO - DAG(s) dict_keys(['example_xcom']) retrieved from /home/airflow/.local/lib/python3.7/site-packages/airflow/example_dags/example_xcom.py
[2022-08-09 08:30:13,109] {logging_mixin.py:109} INFO - [2022-08-09 08:30:13,109] {dag.py:2396} INFO - Sync 1 DAGs
[2022-08-09 08:30:13,124] {logging_mixin.py:109} INFO - [2022-08-09 08:30:13,124] {dag.py:2935} INFO - Setting next_dagrun for example_xcom to 2021-01-01T00:00:00+00:00
[2022-08-09 08:30:13,135] {processor.py:171} INFO - Processing /home/airflow/.local/lib/python3.7/site-packages/airflow/example_dags/example_xcom.py took 0.247 seconds
[2022-08-09 08:30:43,181] {processor.py:163} INFO - Started process (PID=3383) to work on /home/airflow/.local/lib/python3.7/site-packages/airflow/example_dags/example_xcom.py
[2022-08-09 08:30:43,184] {processor.py:642} INFO - Processing file /home/airflow/.local/lib/python3.7/site-packages/airflow/example_dags/example_xcom.py for tasks to queue
[2022-08-09 08:30:43,188] {logging_mixin.py:109} INFO - [2022-08-09 08:30:43,188] {dagbag.py:500} INFO - Filling up the DagBag from /home/airflow/.local/lib/python3.7/site-packages/airflow/example_dags/example_xcom.py
[2022-08-09 08:30:43,228] {processor.py:654} INFO - DAG(s) dict_keys(['example_xcom']) retrieved from /home/airflow/.local/lib/python3.7/site-packages/airflow/example_dags/example_xcom.py
[2022-08-09 08:30:43,406] {logging_mixin.py:109} INFO - [2022-08-09 08:30:43,406] {dag.py:2396} INFO - Sync 1 DAGs
[2022-08-09 08:30:43,428] {logging_mixin.py:109} INFO - [2022-08-09 08:30:43,428] {dag.py:2935} INFO - Setting next_dagrun for example_xcom to 2021-01-01T00:00:00+00:00
[2022-08-09 08:30:43,445] {processor.py:171} INFO - Processing /home/airflow/.local/lib/python3.7/site-packages/airflow/example_dags/example_xcom.py took 0.269 seconds
[2022-08-09 08:31:13,496] {processor.py:163} INFO - Started process (PID=3445) to work on /home/airflow/.local/lib/python3.7/site-packages/airflow/example_dags/example_xcom.py
[2022-08-09 08:31:13,498] {processor.py:642} INFO - Processing file /home/airflow/.local/lib/python3.7/site-packages/airflow/example_dags/example_xcom.py for tasks to queue
[2022-08-09 08:31:13,499] {logging_mixin.py:109} INFO - [2022-08-09 08:31:13,499] {dagbag.py:500} INFO - Filling up the DagBag from /home/airflow/.local/lib/python3.7/site-packages/airflow/example_dags/example_xcom.py
[2022-08-09 08:31:13,541] {processor.py:654} INFO - DAG(s) dict_keys(['example_xcom']) retrieved from /home/airflow/.local/lib/python3.7/site-packages/airflow/example_dags/example_xcom.py
[2022-08-09 08:31:13,714] {logging_mixin.py:109} INFO - [2022-08-09 08:31:13,713] {dag.py:2396} INFO - Sync 1 DAGs
[2022-08-09 08:31:13,734] {logging_mixin.py:109} INFO - [2022-08-09 08:31:13,734] {dag.py:2935} INFO - Setting next_dagrun for example_xcom to 2021-01-01T00:00:00+00:00
[2022-08-09 08:31:13,750] {processor.py:171} INFO - Processing /home/airflow/.local/lib/python3.7/site-packages/airflow/example_dags/example_xcom.py took 0.257 seconds
[2022-08-09 08:31:43,902] {processor.py:163} INFO - Started process (PID=3515) to work on /home/airflow/.local/lib/python3.7/site-packages/airflow/example_dags/example_xcom.py
[2022-08-09 08:31:43,911] {processor.py:642} INFO - Processing file /home/airflow/.local/lib/python3.7/site-packages/airflow/example_dags/example_xcom.py for tasks to queue
[2022-08-09 08:31:43,912] {logging_mixin.py:109} INFO - [2022-08-09 08:31:43,912] {dagbag.py:500} INFO - Filling up the DagBag from /home/airflow/.local/lib/python3.7/site-packages/airflow/example_dags/example_xcom.py
[2022-08-09 08:31:43,952] {processor.py:654} INFO - DAG(s) dict_keys(['example_xcom']) retrieved from /home/airflow/.local/lib/python3.7/site-packages/airflow/example_dags/example_xcom.py
[2022-08-09 08:31:44,169] {logging_mixin.py:109} INFO - [2022-08-09 08:31:44,169] {dag.py:2396} INFO - Sync 1 DAGs
[2022-08-09 08:31:44,188] {logging_mixin.py:109} INFO - [2022-08-09 08:31:44,187] {dag.py:2935} INFO - Setting next_dagrun for example_xcom to 2021-01-01T00:00:00+00:00
[2022-08-09 08:31:44,207] {processor.py:171} INFO - Processing /home/airflow/.local/lib/python3.7/site-packages/airflow/example_dags/example_xcom.py took 0.309 seconds
[2022-08-09 08:32:14,794] {processor.py:163} INFO - Started process (PID=3576) to work on /home/airflow/.local/lib/python3.7/site-packages/airflow/example_dags/example_xcom.py
[2022-08-09 08:32:14,796] {processor.py:642} INFO - Processing file /home/airflow/.local/lib/python3.7/site-packages/airflow/example_dags/example_xcom.py for tasks to queue
[2022-08-09 08:32:14,798] {logging_mixin.py:109} INFO - [2022-08-09 08:32:14,798] {dagbag.py:500} INFO - Filling up the DagBag from /home/airflow/.local/lib/python3.7/site-packages/airflow/example_dags/example_xcom.py
[2022-08-09 08:32:14,813] {processor.py:654} INFO - DAG(s) dict_keys(['example_xcom']) retrieved from /home/airflow/.local/lib/python3.7/site-packages/airflow/example_dags/example_xcom.py
[2022-08-09 08:32:15,001] {logging_mixin.py:109} INFO - [2022-08-09 08:32:15,001] {dag.py:2396} INFO - Sync 1 DAGs
[2022-08-09 08:32:15,018] {logging_mixin.py:109} INFO - [2022-08-09 08:32:15,018] {dag.py:2935} INFO - Setting next_dagrun for example_xcom to 2021-01-01T00:00:00+00:00
[2022-08-09 08:32:15,033] {processor.py:171} INFO - Processing /home/airflow/.local/lib/python3.7/site-packages/airflow/example_dags/example_xcom.py took 0.267 seconds
[2022-08-09 08:32:46,020] {processor.py:163} INFO - Started process (PID=3646) to work on /home/airflow/.local/lib/python3.7/site-packages/airflow/example_dags/example_xcom.py
[2022-08-09 08:32:46,023] {processor.py:642} INFO - Processing file /home/airflow/.local/lib/python3.7/site-packages/airflow/example_dags/example_xcom.py for tasks to queue
[2022-08-09 08:32:46,024] {logging_mixin.py:109} INFO - [2022-08-09 08:32:46,024] {dagbag.py:500} INFO - Filling up the DagBag from /home/airflow/.local/lib/python3.7/site-packages/airflow/example_dags/example_xcom.py
[2022-08-09 08:32:46,060] {processor.py:654} INFO - DAG(s) dict_keys(['example_xcom']) retrieved from /home/airflow/.local/lib/python3.7/site-packages/airflow/example_dags/example_xcom.py
[2022-08-09 08:32:46,251] {logging_mixin.py:109} INFO - [2022-08-09 08:32:46,251] {dag.py:2396} INFO - Sync 1 DAGs
[2022-08-09 08:32:46,267] {logging_mixin.py:109} INFO - [2022-08-09 08:32:46,267] {dag.py:2935} INFO - Setting next_dagrun for example_xcom to 2021-01-01T00:00:00+00:00
[2022-08-09 08:32:46,279] {processor.py:171} INFO - Processing /home/airflow/.local/lib/python3.7/site-packages/airflow/example_dags/example_xcom.py took 0.264 seconds
[2022-08-09 08:33:16,730] {processor.py:163} INFO - Started process (PID=3706) to work on /home/airflow/.local/lib/python3.7/site-packages/airflow/example_dags/example_xcom.py
[2022-08-09 08:33:16,734] {processor.py:642} INFO - Processing file /home/airflow/.local/lib/python3.7/site-packages/airflow/example_dags/example_xcom.py for tasks to queue
[2022-08-09 08:33:16,736] {logging_mixin.py:109} INFO - [2022-08-09 08:33:16,736] {dagbag.py:500} INFO - Filling up the DagBag from /home/airflow/.local/lib/python3.7/site-packages/airflow/example_dags/example_xcom.py
[2022-08-09 08:33:16,774] {processor.py:654} INFO - DAG(s) dict_keys(['example_xcom']) retrieved from /home/airflow/.local/lib/python3.7/site-packages/airflow/example_dags/example_xcom.py
[2022-08-09 08:33:16,947] {logging_mixin.py:109} INFO - [2022-08-09 08:33:16,947] {dag.py:2396} INFO - Sync 1 DAGs
[2022-08-09 08:33:16,964] {logging_mixin.py:109} INFO - [2022-08-09 08:33:16,963] {dag.py:2935} INFO - Setting next_dagrun for example_xcom to 2021-01-01T00:00:00+00:00
[2022-08-09 08:33:16,977] {processor.py:171} INFO - Processing /home/airflow/.local/lib/python3.7/site-packages/airflow/example_dags/example_xcom.py took 0.252 seconds
[2022-08-09 08:33:47,085] {processor.py:163} INFO - Started process (PID=3777) to work on /home/airflow/.local/lib/python3.7/site-packages/airflow/example_dags/example_xcom.py
[2022-08-09 08:33:47,089] {processor.py:642} INFO - Processing file /home/airflow/.local/lib/python3.7/site-packages/airflow/example_dags/example_xcom.py for tasks to queue
[2022-08-09 08:33:47,090] {logging_mixin.py:109} INFO - [2022-08-09 08:33:47,090] {dagbag.py:500} INFO - Filling up the DagBag from /home/airflow/.local/lib/python3.7/site-packages/airflow/example_dags/example_xcom.py
[2022-08-09 08:33:47,136] {processor.py:654} INFO - DAG(s) dict_keys(['example_xcom']) retrieved from /home/airflow/.local/lib/python3.7/site-packages/airflow/example_dags/example_xcom.py
[2022-08-09 08:33:47,394] {logging_mixin.py:109} INFO - [2022-08-09 08:33:47,394] {dag.py:2396} INFO - Sync 1 DAGs
[2022-08-09 08:33:47,411] {logging_mixin.py:109} INFO - [2022-08-09 08:33:47,411] {dag.py:2935} INFO - Setting next_dagrun for example_xcom to 2021-01-01T00:00:00+00:00
[2022-08-09 08:33:47,424] {processor.py:171} INFO - Processing /home/airflow/.local/lib/python3.7/site-packages/airflow/example_dags/example_xcom.py took 0.342 seconds
[2022-08-09 08:34:17,730] {processor.py:163} INFO - Started process (PID=3837) to work on /home/airflow/.local/lib/python3.7/site-packages/airflow/example_dags/example_xcom.py
[2022-08-09 08:34:17,732] {processor.py:642} INFO - Processing file /home/airflow/.local/lib/python3.7/site-packages/airflow/example_dags/example_xcom.py for tasks to queue
[2022-08-09 08:34:17,733] {logging_mixin.py:109} INFO - [2022-08-09 08:34:17,733] {dagbag.py:500} INFO - Filling up the DagBag from /home/airflow/.local/lib/python3.7/site-packages/airflow/example_dags/example_xcom.py
[2022-08-09 08:34:17,766] {processor.py:654} INFO - DAG(s) dict_keys(['example_xcom']) retrieved from /home/airflow/.local/lib/python3.7/site-packages/airflow/example_dags/example_xcom.py
[2022-08-09 08:34:17,980] {logging_mixin.py:109} INFO - [2022-08-09 08:34:17,980] {dag.py:2396} INFO - Sync 1 DAGs
[2022-08-09 08:34:17,999] {logging_mixin.py:109} INFO - [2022-08-09 08:34:17,999] {dag.py:2935} INFO - Setting next_dagrun for example_xcom to 2021-01-01T00:00:00+00:00
[2022-08-09 08:34:18,013] {processor.py:171} INFO - Processing /home/airflow/.local/lib/python3.7/site-packages/airflow/example_dags/example_xcom.py took 0.286 seconds
[2022-08-09 08:34:48,191] {processor.py:163} INFO - Started process (PID=3906) to work on /home/airflow/.local/lib/python3.7/site-packages/airflow/example_dags/example_xcom.py
[2022-08-09 08:34:48,193] {processor.py:642} INFO - Processing file /home/airflow/.local/lib/python3.7/site-packages/airflow/example_dags/example_xcom.py for tasks to queue
[2022-08-09 08:34:48,195] {logging_mixin.py:109} INFO - [2022-08-09 08:34:48,195] {dagbag.py:500} INFO - Filling up the DagBag from /home/airflow/.local/lib/python3.7/site-packages/airflow/example_dags/example_xcom.py
[2022-08-09 08:34:48,234] {processor.py:654} INFO - DAG(s) dict_keys(['example_xcom']) retrieved from /home/airflow/.local/lib/python3.7/site-packages/airflow/example_dags/example_xcom.py
[2022-08-09 08:34:48,417] {logging_mixin.py:109} INFO - [2022-08-09 08:34:48,416] {dag.py:2396} INFO - Sync 1 DAGs
[2022-08-09 08:34:48,432] {logging_mixin.py:109} INFO - [2022-08-09 08:34:48,432] {dag.py:2935} INFO - Setting next_dagrun for example_xcom to 2021-01-01T00:00:00+00:00
[2022-08-09 08:34:48,443] {processor.py:171} INFO - Processing /home/airflow/.local/lib/python3.7/site-packages/airflow/example_dags/example_xcom.py took 0.256 seconds
[2022-08-09 08:35:18,487] {processor.py:163} INFO - Started process (PID=3966) to work on /home/airflow/.local/lib/python3.7/site-packages/airflow/example_dags/example_xcom.py
[2022-08-09 08:35:18,490] {processor.py:642} INFO - Processing file /home/airflow/.local/lib/python3.7/site-packages/airflow/example_dags/example_xcom.py for tasks to queue
[2022-08-09 08:35:18,491] {logging_mixin.py:109} INFO - [2022-08-09 08:35:18,491] {dagbag.py:500} INFO - Filling up the DagBag from /home/airflow/.local/lib/python3.7/site-packages/airflow/example_dags/example_xcom.py
[2022-08-09 08:35:18,526] {processor.py:654} INFO - DAG(s) dict_keys(['example_xcom']) retrieved from /home/airflow/.local/lib/python3.7/site-packages/airflow/example_dags/example_xcom.py
[2022-08-09 08:35:18,704] {logging_mixin.py:109} INFO - [2022-08-09 08:35:18,704] {dag.py:2396} INFO - Sync 1 DAGs
[2022-08-09 08:35:18,719] {logging_mixin.py:109} INFO - [2022-08-09 08:35:18,718] {dag.py:2935} INFO - Setting next_dagrun for example_xcom to 2021-01-01T00:00:00+00:00
[2022-08-09 08:35:18,731] {processor.py:171} INFO - Processing /home/airflow/.local/lib/python3.7/site-packages/airflow/example_dags/example_xcom.py took 0.247 seconds
[2022-08-09 08:35:48,805] {processor.py:163} INFO - Started process (PID=4026) to work on /home/airflow/.local/lib/python3.7/site-packages/airflow/example_dags/example_xcom.py
[2022-08-09 08:35:48,809] {processor.py:642} INFO - Processing file /home/airflow/.local/lib/python3.7/site-packages/airflow/example_dags/example_xcom.py for tasks to queue
[2022-08-09 08:35:48,812] {logging_mixin.py:109} INFO - [2022-08-09 08:35:48,811] {dagbag.py:500} INFO - Filling up the DagBag from /home/airflow/.local/lib/python3.7/site-packages/airflow/example_dags/example_xcom.py
[2022-08-09 08:35:48,868] {processor.py:654} INFO - DAG(s) dict_keys(['example_xcom']) retrieved from /home/airflow/.local/lib/python3.7/site-packages/airflow/example_dags/example_xcom.py
[2022-08-09 08:35:49,192] {logging_mixin.py:109} INFO - [2022-08-09 08:35:49,192] {dag.py:2396} INFO - Sync 1 DAGs
[2022-08-09 08:35:49,228] {logging_mixin.py:109} INFO - [2022-08-09 08:35:49,228] {dag.py:2935} INFO - Setting next_dagrun for example_xcom to 2021-01-01T00:00:00+00:00
[2022-08-09 08:35:49,246] {processor.py:171} INFO - Processing /home/airflow/.local/lib/python3.7/site-packages/airflow/example_dags/example_xcom.py took 0.450 seconds
[2022-08-09 08:36:19,484] {processor.py:163} INFO - Started process (PID=4095) to work on /home/airflow/.local/lib/python3.7/site-packages/airflow/example_dags/example_xcom.py
[2022-08-09 08:36:19,487] {processor.py:642} INFO - Processing file /home/airflow/.local/lib/python3.7/site-packages/airflow/example_dags/example_xcom.py for tasks to queue
[2022-08-09 08:36:19,489] {logging_mixin.py:109} INFO - [2022-08-09 08:36:19,488] {dagbag.py:500} INFO - Filling up the DagBag from /home/airflow/.local/lib/python3.7/site-packages/airflow/example_dags/example_xcom.py
[2022-08-09 08:36:19,551] {processor.py:654} INFO - DAG(s) dict_keys(['example_xcom']) retrieved from /home/airflow/.local/lib/python3.7/site-packages/airflow/example_dags/example_xcom.py
[2022-08-09 08:36:19,832] {logging_mixin.py:109} INFO - [2022-08-09 08:36:19,832] {dag.py:2396} INFO - Sync 1 DAGs
[2022-08-09 08:36:19,855] {logging_mixin.py:109} INFO - [2022-08-09 08:36:19,855] {dag.py:2935} INFO - Setting next_dagrun for example_xcom to 2021-01-01T00:00:00+00:00
[2022-08-09 08:36:19,875] {processor.py:171} INFO - Processing /home/airflow/.local/lib/python3.7/site-packages/airflow/example_dags/example_xcom.py took 0.397 seconds
[2022-08-09 08:36:50,303] {processor.py:163} INFO - Started process (PID=4156) to work on /home/airflow/.local/lib/python3.7/site-packages/airflow/example_dags/example_xcom.py
[2022-08-09 08:36:50,306] {processor.py:642} INFO - Processing file /home/airflow/.local/lib/python3.7/site-packages/airflow/example_dags/example_xcom.py for tasks to queue
[2022-08-09 08:36:50,309] {logging_mixin.py:109} INFO - [2022-08-09 08:36:50,308] {dagbag.py:500} INFO - Filling up the DagBag from /home/airflow/.local/lib/python3.7/site-packages/airflow/example_dags/example_xcom.py
[2022-08-09 08:36:50,375] {processor.py:654} INFO - DAG(s) dict_keys(['example_xcom']) retrieved from /home/airflow/.local/lib/python3.7/site-packages/airflow/example_dags/example_xcom.py
[2022-08-09 08:36:50,669] {logging_mixin.py:109} INFO - [2022-08-09 08:36:50,668] {dag.py:2396} INFO - Sync 1 DAGs
[2022-08-09 08:36:50,698] {logging_mixin.py:109} INFO - [2022-08-09 08:36:50,698] {dag.py:2935} INFO - Setting next_dagrun for example_xcom to 2021-01-01T00:00:00+00:00
[2022-08-09 08:36:50,717] {processor.py:171} INFO - Processing /home/airflow/.local/lib/python3.7/site-packages/airflow/example_dags/example_xcom.py took 0.421 seconds
