[2022-08-09 08:04:35,258] {processor.py:163} INFO - Started process (PID=57) to work on /home/airflow/.local/lib/python3.7/site-packages/airflow/example_dags/example_task_group.py
[2022-08-09 08:04:35,263] {processor.py:642} INFO - Processing file /home/airflow/.local/lib/python3.7/site-packages/airflow/example_dags/example_task_group.py for tasks to queue
[2022-08-09 08:04:35,265] {logging_mixin.py:109} INFO - [2022-08-09 08:04:35,265] {dagbag.py:500} INFO - Filling up the DagBag from /home/airflow/.local/lib/python3.7/site-packages/airflow/example_dags/example_task_group.py
[2022-08-09 08:04:35,333] {processor.py:654} INFO - DAG(s) dict_keys(['example_task_group']) retrieved from /home/airflow/.local/lib/python3.7/site-packages/airflow/example_dags/example_task_group.py
[2022-08-09 08:04:35,358] {logging_mixin.py:109} INFO - [2022-08-09 08:04:35,358] {dag.py:2396} INFO - Sync 1 DAGs
[2022-08-09 08:04:35,390] {logging_mixin.py:109} INFO - [2022-08-09 08:04:35,389] {dag.py:2935} INFO - Setting next_dagrun for example_task_group to 2022-08-08T08:04:35.389537+00:00
[2022-08-09 08:04:35,417] {processor.py:171} INFO - Processing /home/airflow/.local/lib/python3.7/site-packages/airflow/example_dags/example_task_group.py took 0.169 seconds
[2022-08-09 08:05:06,098] {processor.py:163} INFO - Started process (PID=126) to work on /home/airflow/.local/lib/python3.7/site-packages/airflow/example_dags/example_task_group.py
[2022-08-09 08:05:06,101] {processor.py:642} INFO - Processing file /home/airflow/.local/lib/python3.7/site-packages/airflow/example_dags/example_task_group.py for tasks to queue
[2022-08-09 08:05:06,103] {logging_mixin.py:109} INFO - [2022-08-09 08:05:06,103] {dagbag.py:500} INFO - Filling up the DagBag from /home/airflow/.local/lib/python3.7/site-packages/airflow/example_dags/example_task_group.py
[2022-08-09 08:05:06,171] {processor.py:654} INFO - DAG(s) dict_keys(['example_task_group']) retrieved from /home/airflow/.local/lib/python3.7/site-packages/airflow/example_dags/example_task_group.py
[2022-08-09 08:05:06,206] {logging_mixin.py:109} INFO - [2022-08-09 08:05:06,205] {dag.py:2396} INFO - Sync 1 DAGs
[2022-08-09 08:05:06,233] {logging_mixin.py:109} INFO - [2022-08-09 08:05:06,233] {dag.py:2935} INFO - Setting next_dagrun for example_task_group to 2022-08-08T08:05:06.233024+00:00
[2022-08-09 08:05:06,246] {processor.py:171} INFO - Processing /home/airflow/.local/lib/python3.7/site-packages/airflow/example_dags/example_task_group.py took 0.152 seconds
[2022-08-09 08:05:36,551] {processor.py:163} INFO - Started process (PID=187) to work on /home/airflow/.local/lib/python3.7/site-packages/airflow/example_dags/example_task_group.py
[2022-08-09 08:05:36,554] {processor.py:642} INFO - Processing file /home/airflow/.local/lib/python3.7/site-packages/airflow/example_dags/example_task_group.py for tasks to queue
[2022-08-09 08:05:36,555] {logging_mixin.py:109} INFO - [2022-08-09 08:05:36,555] {dagbag.py:500} INFO - Filling up the DagBag from /home/airflow/.local/lib/python3.7/site-packages/airflow/example_dags/example_task_group.py
[2022-08-09 08:05:36,591] {processor.py:654} INFO - DAG(s) dict_keys(['example_task_group']) retrieved from /home/airflow/.local/lib/python3.7/site-packages/airflow/example_dags/example_task_group.py
[2022-08-09 08:05:36,605] {logging_mixin.py:109} INFO - [2022-08-09 08:05:36,604] {dag.py:2396} INFO - Sync 1 DAGs
[2022-08-09 08:05:36,627] {logging_mixin.py:109} INFO - [2022-08-09 08:05:36,627] {dag.py:2935} INFO - Setting next_dagrun for example_task_group to 2022-08-08T08:05:36.626946+00:00
[2022-08-09 08:05:36,642] {processor.py:171} INFO - Processing /home/airflow/.local/lib/python3.7/site-packages/airflow/example_dags/example_task_group.py took 0.094 seconds
[2022-08-09 08:06:07,552] {processor.py:163} INFO - Started process (PID=256) to work on /home/airflow/.local/lib/python3.7/site-packages/airflow/example_dags/example_task_group.py
[2022-08-09 08:06:07,554] {processor.py:642} INFO - Processing file /home/airflow/.local/lib/python3.7/site-packages/airflow/example_dags/example_task_group.py for tasks to queue
[2022-08-09 08:06:07,557] {logging_mixin.py:109} INFO - [2022-08-09 08:06:07,557] {dagbag.py:500} INFO - Filling up the DagBag from /home/airflow/.local/lib/python3.7/site-packages/airflow/example_dags/example_task_group.py
[2022-08-09 08:06:07,596] {processor.py:654} INFO - DAG(s) dict_keys(['example_task_group']) retrieved from /home/airflow/.local/lib/python3.7/site-packages/airflow/example_dags/example_task_group.py
[2022-08-09 08:06:07,611] {logging_mixin.py:109} INFO - [2022-08-09 08:06:07,611] {dag.py:2396} INFO - Sync 1 DAGs
[2022-08-09 08:06:07,630] {logging_mixin.py:109} INFO - [2022-08-09 08:06:07,629] {dag.py:2935} INFO - Setting next_dagrun for example_task_group to 2022-08-08T08:06:07.629616+00:00
[2022-08-09 08:06:07,643] {processor.py:171} INFO - Processing /home/airflow/.local/lib/python3.7/site-packages/airflow/example_dags/example_task_group.py took 0.095 seconds
[2022-08-09 08:06:38,269] {processor.py:163} INFO - Started process (PID=316) to work on /home/airflow/.local/lib/python3.7/site-packages/airflow/example_dags/example_task_group.py
[2022-08-09 08:06:38,272] {processor.py:642} INFO - Processing file /home/airflow/.local/lib/python3.7/site-packages/airflow/example_dags/example_task_group.py for tasks to queue
[2022-08-09 08:06:38,275] {logging_mixin.py:109} INFO - [2022-08-09 08:06:38,275] {dagbag.py:500} INFO - Filling up the DagBag from /home/airflow/.local/lib/python3.7/site-packages/airflow/example_dags/example_task_group.py
[2022-08-09 08:06:38,314] {processor.py:654} INFO - DAG(s) dict_keys(['example_task_group']) retrieved from /home/airflow/.local/lib/python3.7/site-packages/airflow/example_dags/example_task_group.py
[2022-08-09 08:06:38,334] {logging_mixin.py:109} INFO - [2022-08-09 08:06:38,334] {dag.py:2396} INFO - Sync 1 DAGs
[2022-08-09 08:06:38,360] {logging_mixin.py:109} INFO - [2022-08-09 08:06:38,360] {dag.py:2935} INFO - Setting next_dagrun for example_task_group to 2022-08-08T08:06:38.359916+00:00
[2022-08-09 08:06:38,373] {processor.py:171} INFO - Processing /home/airflow/.local/lib/python3.7/site-packages/airflow/example_dags/example_task_group.py took 0.110 seconds
[2022-08-09 08:07:09,584] {processor.py:163} INFO - Started process (PID=387) to work on /home/airflow/.local/lib/python3.7/site-packages/airflow/example_dags/example_task_group.py
[2022-08-09 08:07:09,586] {processor.py:642} INFO - Processing file /home/airflow/.local/lib/python3.7/site-packages/airflow/example_dags/example_task_group.py for tasks to queue
[2022-08-09 08:07:09,587] {logging_mixin.py:109} INFO - [2022-08-09 08:07:09,587] {dagbag.py:500} INFO - Filling up the DagBag from /home/airflow/.local/lib/python3.7/site-packages/airflow/example_dags/example_task_group.py
[2022-08-09 08:07:09,619] {processor.py:654} INFO - DAG(s) dict_keys(['example_task_group']) retrieved from /home/airflow/.local/lib/python3.7/site-packages/airflow/example_dags/example_task_group.py
[2022-08-09 08:07:09,631] {logging_mixin.py:109} INFO - [2022-08-09 08:07:09,631] {dag.py:2396} INFO - Sync 1 DAGs
[2022-08-09 08:07:09,647] {logging_mixin.py:109} INFO - [2022-08-09 08:07:09,647] {dag.py:2935} INFO - Setting next_dagrun for example_task_group to 2022-08-08T08:07:09.647097+00:00
[2022-08-09 08:07:09,659] {processor.py:171} INFO - Processing /home/airflow/.local/lib/python3.7/site-packages/airflow/example_dags/example_task_group.py took 0.079 seconds
[2022-08-09 08:07:39,734] {processor.py:163} INFO - Started process (PID=442) to work on /home/airflow/.local/lib/python3.7/site-packages/airflow/example_dags/example_task_group.py
[2022-08-09 08:07:39,737] {processor.py:642} INFO - Processing file /home/airflow/.local/lib/python3.7/site-packages/airflow/example_dags/example_task_group.py for tasks to queue
[2022-08-09 08:07:39,739] {logging_mixin.py:109} INFO - [2022-08-09 08:07:39,738] {dagbag.py:500} INFO - Filling up the DagBag from /home/airflow/.local/lib/python3.7/site-packages/airflow/example_dags/example_task_group.py
[2022-08-09 08:07:39,773] {processor.py:654} INFO - DAG(s) dict_keys(['example_task_group']) retrieved from /home/airflow/.local/lib/python3.7/site-packages/airflow/example_dags/example_task_group.py
[2022-08-09 08:07:39,785] {logging_mixin.py:109} INFO - [2022-08-09 08:07:39,785] {dag.py:2396} INFO - Sync 1 DAGs
[2022-08-09 08:07:39,801] {logging_mixin.py:109} INFO - [2022-08-09 08:07:39,801] {dag.py:2935} INFO - Setting next_dagrun for example_task_group to 2022-08-08T08:07:39.801207+00:00
[2022-08-09 08:07:39,812] {processor.py:171} INFO - Processing /home/airflow/.local/lib/python3.7/site-packages/airflow/example_dags/example_task_group.py took 0.085 seconds
[2022-08-09 08:08:10,329] {processor.py:163} INFO - Started process (PID=513) to work on /home/airflow/.local/lib/python3.7/site-packages/airflow/example_dags/example_task_group.py
[2022-08-09 08:08:10,331] {processor.py:642} INFO - Processing file /home/airflow/.local/lib/python3.7/site-packages/airflow/example_dags/example_task_group.py for tasks to queue
[2022-08-09 08:08:10,333] {logging_mixin.py:109} INFO - [2022-08-09 08:08:10,332] {dagbag.py:500} INFO - Filling up the DagBag from /home/airflow/.local/lib/python3.7/site-packages/airflow/example_dags/example_task_group.py
[2022-08-09 08:08:10,372] {processor.py:654} INFO - DAG(s) dict_keys(['example_task_group']) retrieved from /home/airflow/.local/lib/python3.7/site-packages/airflow/example_dags/example_task_group.py
[2022-08-09 08:08:10,386] {logging_mixin.py:109} INFO - [2022-08-09 08:08:10,386] {dag.py:2396} INFO - Sync 1 DAGs
[2022-08-09 08:08:10,406] {logging_mixin.py:109} INFO - [2022-08-09 08:08:10,406] {dag.py:2935} INFO - Setting next_dagrun for example_task_group to 2022-08-08T08:08:10.405856+00:00
[2022-08-09 08:08:10,420] {processor.py:171} INFO - Processing /home/airflow/.local/lib/python3.7/site-packages/airflow/example_dags/example_task_group.py took 0.098 seconds
[2022-08-09 08:08:41,278] {processor.py:163} INFO - Started process (PID=574) to work on /home/airflow/.local/lib/python3.7/site-packages/airflow/example_dags/example_task_group.py
[2022-08-09 08:08:41,280] {processor.py:642} INFO - Processing file /home/airflow/.local/lib/python3.7/site-packages/airflow/example_dags/example_task_group.py for tasks to queue
[2022-08-09 08:08:41,281] {logging_mixin.py:109} INFO - [2022-08-09 08:08:41,281] {dagbag.py:500} INFO - Filling up the DagBag from /home/airflow/.local/lib/python3.7/site-packages/airflow/example_dags/example_task_group.py
[2022-08-09 08:08:41,312] {processor.py:654} INFO - DAG(s) dict_keys(['example_task_group']) retrieved from /home/airflow/.local/lib/python3.7/site-packages/airflow/example_dags/example_task_group.py
[2022-08-09 08:08:41,323] {logging_mixin.py:109} INFO - [2022-08-09 08:08:41,323] {dag.py:2396} INFO - Sync 1 DAGs
[2022-08-09 08:08:41,339] {logging_mixin.py:109} INFO - [2022-08-09 08:08:41,339] {dag.py:2935} INFO - Setting next_dagrun for example_task_group to 2022-08-08T08:08:41.338949+00:00
[2022-08-09 08:08:41,350] {processor.py:171} INFO - Processing /home/airflow/.local/lib/python3.7/site-packages/airflow/example_dags/example_task_group.py took 0.076 seconds
[2022-08-09 08:09:12,042] {processor.py:163} INFO - Started process (PID=645) to work on /home/airflow/.local/lib/python3.7/site-packages/airflow/example_dags/example_task_group.py
[2022-08-09 08:09:12,044] {processor.py:642} INFO - Processing file /home/airflow/.local/lib/python3.7/site-packages/airflow/example_dags/example_task_group.py for tasks to queue
[2022-08-09 08:09:12,045] {logging_mixin.py:109} INFO - [2022-08-09 08:09:12,045] {dagbag.py:500} INFO - Filling up the DagBag from /home/airflow/.local/lib/python3.7/site-packages/airflow/example_dags/example_task_group.py
[2022-08-09 08:09:12,078] {processor.py:654} INFO - DAG(s) dict_keys(['example_task_group']) retrieved from /home/airflow/.local/lib/python3.7/site-packages/airflow/example_dags/example_task_group.py
[2022-08-09 08:09:12,091] {logging_mixin.py:109} INFO - [2022-08-09 08:09:12,091] {dag.py:2396} INFO - Sync 1 DAGs
[2022-08-09 08:09:12,109] {logging_mixin.py:109} INFO - [2022-08-09 08:09:12,109] {dag.py:2935} INFO - Setting next_dagrun for example_task_group to 2022-08-08T08:09:12.109294+00:00
[2022-08-09 08:09:12,131] {processor.py:171} INFO - Processing /home/airflow/.local/lib/python3.7/site-packages/airflow/example_dags/example_task_group.py took 0.093 seconds
[2022-08-09 08:09:42,364] {processor.py:163} INFO - Started process (PID=705) to work on /home/airflow/.local/lib/python3.7/site-packages/airflow/example_dags/example_task_group.py
[2022-08-09 08:09:42,367] {processor.py:642} INFO - Processing file /home/airflow/.local/lib/python3.7/site-packages/airflow/example_dags/example_task_group.py for tasks to queue
[2022-08-09 08:09:42,369] {logging_mixin.py:109} INFO - [2022-08-09 08:09:42,369] {dagbag.py:500} INFO - Filling up the DagBag from /home/airflow/.local/lib/python3.7/site-packages/airflow/example_dags/example_task_group.py
[2022-08-09 08:09:42,404] {processor.py:654} INFO - DAG(s) dict_keys(['example_task_group']) retrieved from /home/airflow/.local/lib/python3.7/site-packages/airflow/example_dags/example_task_group.py
[2022-08-09 08:09:42,416] {logging_mixin.py:109} INFO - [2022-08-09 08:09:42,416] {dag.py:2396} INFO - Sync 1 DAGs
[2022-08-09 08:09:42,432] {logging_mixin.py:109} INFO - [2022-08-09 08:09:42,432] {dag.py:2935} INFO - Setting next_dagrun for example_task_group to 2022-08-08T08:09:42.432409+00:00
[2022-08-09 08:09:42,443] {processor.py:171} INFO - Processing /home/airflow/.local/lib/python3.7/site-packages/airflow/example_dags/example_task_group.py took 0.083 seconds
[2022-08-09 08:10:12,856] {processor.py:163} INFO - Started process (PID=766) to work on /home/airflow/.local/lib/python3.7/site-packages/airflow/example_dags/example_task_group.py
[2022-08-09 08:10:12,860] {processor.py:642} INFO - Processing file /home/airflow/.local/lib/python3.7/site-packages/airflow/example_dags/example_task_group.py for tasks to queue
[2022-08-09 08:10:12,861] {logging_mixin.py:109} INFO - [2022-08-09 08:10:12,861] {dagbag.py:500} INFO - Filling up the DagBag from /home/airflow/.local/lib/python3.7/site-packages/airflow/example_dags/example_task_group.py
[2022-08-09 08:10:12,898] {processor.py:654} INFO - DAG(s) dict_keys(['example_task_group']) retrieved from /home/airflow/.local/lib/python3.7/site-packages/airflow/example_dags/example_task_group.py
[2022-08-09 08:10:12,909] {logging_mixin.py:109} INFO - [2022-08-09 08:10:12,909] {dag.py:2396} INFO - Sync 1 DAGs
[2022-08-09 08:10:12,927] {logging_mixin.py:109} INFO - [2022-08-09 08:10:12,927] {dag.py:2935} INFO - Setting next_dagrun for example_task_group to 2022-08-08T08:10:12.926812+00:00
[2022-08-09 08:10:12,939] {processor.py:171} INFO - Processing /home/airflow/.local/lib/python3.7/site-packages/airflow/example_dags/example_task_group.py took 0.088 seconds
[2022-08-09 08:10:43,270] {processor.py:163} INFO - Started process (PID=836) to work on /home/airflow/.local/lib/python3.7/site-packages/airflow/example_dags/example_task_group.py
[2022-08-09 08:10:43,273] {processor.py:642} INFO - Processing file /home/airflow/.local/lib/python3.7/site-packages/airflow/example_dags/example_task_group.py for tasks to queue
[2022-08-09 08:10:43,275] {logging_mixin.py:109} INFO - [2022-08-09 08:10:43,274] {dagbag.py:500} INFO - Filling up the DagBag from /home/airflow/.local/lib/python3.7/site-packages/airflow/example_dags/example_task_group.py
[2022-08-09 08:10:43,314] {processor.py:654} INFO - DAG(s) dict_keys(['example_task_group']) retrieved from /home/airflow/.local/lib/python3.7/site-packages/airflow/example_dags/example_task_group.py
[2022-08-09 08:10:43,330] {logging_mixin.py:109} INFO - [2022-08-09 08:10:43,330] {dag.py:2396} INFO - Sync 1 DAGs
[2022-08-09 08:10:43,351] {logging_mixin.py:109} INFO - [2022-08-09 08:10:43,351] {dag.py:2935} INFO - Setting next_dagrun for example_task_group to 2022-08-08T08:10:43.350722+00:00
[2022-08-09 08:10:43,375] {processor.py:171} INFO - Processing /home/airflow/.local/lib/python3.7/site-packages/airflow/example_dags/example_task_group.py took 0.110 seconds
[2022-08-09 08:11:13,607] {processor.py:163} INFO - Started process (PID=897) to work on /home/airflow/.local/lib/python3.7/site-packages/airflow/example_dags/example_task_group.py
[2022-08-09 08:11:13,610] {processor.py:642} INFO - Processing file /home/airflow/.local/lib/python3.7/site-packages/airflow/example_dags/example_task_group.py for tasks to queue
[2022-08-09 08:11:13,612] {logging_mixin.py:109} INFO - [2022-08-09 08:11:13,612] {dagbag.py:500} INFO - Filling up the DagBag from /home/airflow/.local/lib/python3.7/site-packages/airflow/example_dags/example_task_group.py
[2022-08-09 08:11:13,653] {processor.py:654} INFO - DAG(s) dict_keys(['example_task_group']) retrieved from /home/airflow/.local/lib/python3.7/site-packages/airflow/example_dags/example_task_group.py
[2022-08-09 08:11:13,667] {logging_mixin.py:109} INFO - [2022-08-09 08:11:13,666] {dag.py:2396} INFO - Sync 1 DAGs
[2022-08-09 08:11:13,687] {logging_mixin.py:109} INFO - [2022-08-09 08:11:13,686] {dag.py:2935} INFO - Setting next_dagrun for example_task_group to 2022-08-08T08:11:13.686520+00:00
[2022-08-09 08:11:13,702] {processor.py:171} INFO - Processing /home/airflow/.local/lib/python3.7/site-packages/airflow/example_dags/example_task_group.py took 0.100 seconds
[2022-08-09 08:11:44,376] {processor.py:163} INFO - Started process (PID=966) to work on /home/airflow/.local/lib/python3.7/site-packages/airflow/example_dags/example_task_group.py
[2022-08-09 08:11:44,378] {processor.py:642} INFO - Processing file /home/airflow/.local/lib/python3.7/site-packages/airflow/example_dags/example_task_group.py for tasks to queue
[2022-08-09 08:11:44,380] {logging_mixin.py:109} INFO - [2022-08-09 08:11:44,380] {dagbag.py:500} INFO - Filling up the DagBag from /home/airflow/.local/lib/python3.7/site-packages/airflow/example_dags/example_task_group.py
[2022-08-09 08:11:44,415] {processor.py:654} INFO - DAG(s) dict_keys(['example_task_group']) retrieved from /home/airflow/.local/lib/python3.7/site-packages/airflow/example_dags/example_task_group.py
[2022-08-09 08:11:44,428] {logging_mixin.py:109} INFO - [2022-08-09 08:11:44,428] {dag.py:2396} INFO - Sync 1 DAGs
[2022-08-09 08:11:44,453] {logging_mixin.py:109} INFO - [2022-08-09 08:11:44,453] {dag.py:2935} INFO - Setting next_dagrun for example_task_group to 2022-08-08T08:11:44.452793+00:00
[2022-08-09 08:11:44,471] {processor.py:171} INFO - Processing /home/airflow/.local/lib/python3.7/site-packages/airflow/example_dags/example_task_group.py took 0.101 seconds
[2022-08-09 08:12:15,057] {processor.py:163} INFO - Started process (PID=1026) to work on /home/airflow/.local/lib/python3.7/site-packages/airflow/example_dags/example_task_group.py
[2022-08-09 08:12:15,059] {processor.py:642} INFO - Processing file /home/airflow/.local/lib/python3.7/site-packages/airflow/example_dags/example_task_group.py for tasks to queue
[2022-08-09 08:12:15,061] {logging_mixin.py:109} INFO - [2022-08-09 08:12:15,061] {dagbag.py:500} INFO - Filling up the DagBag from /home/airflow/.local/lib/python3.7/site-packages/airflow/example_dags/example_task_group.py
[2022-08-09 08:12:15,095] {processor.py:654} INFO - DAG(s) dict_keys(['example_task_group']) retrieved from /home/airflow/.local/lib/python3.7/site-packages/airflow/example_dags/example_task_group.py
[2022-08-09 08:12:15,108] {logging_mixin.py:109} INFO - [2022-08-09 08:12:15,108] {dag.py:2396} INFO - Sync 1 DAGs
[2022-08-09 08:12:15,124] {logging_mixin.py:109} INFO - [2022-08-09 08:12:15,124] {dag.py:2935} INFO - Setting next_dagrun for example_task_group to 2022-08-08T08:12:15.123812+00:00
[2022-08-09 08:12:15,143] {processor.py:171} INFO - Processing /home/airflow/.local/lib/python3.7/site-packages/airflow/example_dags/example_task_group.py took 0.095 seconds
[2022-08-09 08:12:45,826] {processor.py:163} INFO - Started process (PID=1096) to work on /home/airflow/.local/lib/python3.7/site-packages/airflow/example_dags/example_task_group.py
[2022-08-09 08:12:45,829] {processor.py:642} INFO - Processing file /home/airflow/.local/lib/python3.7/site-packages/airflow/example_dags/example_task_group.py for tasks to queue
[2022-08-09 08:12:45,830] {logging_mixin.py:109} INFO - [2022-08-09 08:12:45,830] {dagbag.py:500} INFO - Filling up the DagBag from /home/airflow/.local/lib/python3.7/site-packages/airflow/example_dags/example_task_group.py
[2022-08-09 08:12:45,870] {processor.py:654} INFO - DAG(s) dict_keys(['example_task_group']) retrieved from /home/airflow/.local/lib/python3.7/site-packages/airflow/example_dags/example_task_group.py
[2022-08-09 08:12:45,898] {logging_mixin.py:109} INFO - [2022-08-09 08:12:45,898] {dag.py:2396} INFO - Sync 1 DAGs
[2022-08-09 08:12:45,918] {logging_mixin.py:109} INFO - [2022-08-09 08:12:45,917] {dag.py:2935} INFO - Setting next_dagrun for example_task_group to 2022-08-08T08:12:45.917544+00:00
[2022-08-09 08:12:45,931] {processor.py:171} INFO - Processing /home/airflow/.local/lib/python3.7/site-packages/airflow/example_dags/example_task_group.py took 0.108 seconds
[2022-08-09 08:13:16,448] {processor.py:163} INFO - Started process (PID=1156) to work on /home/airflow/.local/lib/python3.7/site-packages/airflow/example_dags/example_task_group.py
[2022-08-09 08:13:16,450] {processor.py:642} INFO - Processing file /home/airflow/.local/lib/python3.7/site-packages/airflow/example_dags/example_task_group.py for tasks to queue
[2022-08-09 08:13:16,452] {logging_mixin.py:109} INFO - [2022-08-09 08:13:16,451] {dagbag.py:500} INFO - Filling up the DagBag from /home/airflow/.local/lib/python3.7/site-packages/airflow/example_dags/example_task_group.py
[2022-08-09 08:13:16,488] {processor.py:654} INFO - DAG(s) dict_keys(['example_task_group']) retrieved from /home/airflow/.local/lib/python3.7/site-packages/airflow/example_dags/example_task_group.py
[2022-08-09 08:13:16,503] {logging_mixin.py:109} INFO - [2022-08-09 08:13:16,502] {dag.py:2396} INFO - Sync 1 DAGs
[2022-08-09 08:13:16,520] {logging_mixin.py:109} INFO - [2022-08-09 08:13:16,520] {dag.py:2935} INFO - Setting next_dagrun for example_task_group to 2022-08-08T08:13:16.520472+00:00
[2022-08-09 08:13:16,533] {processor.py:171} INFO - Processing /home/airflow/.local/lib/python3.7/site-packages/airflow/example_dags/example_task_group.py took 0.090 seconds
[2022-08-09 08:13:47,272] {processor.py:163} INFO - Started process (PID=1227) to work on /home/airflow/.local/lib/python3.7/site-packages/airflow/example_dags/example_task_group.py
[2022-08-09 08:13:47,274] {processor.py:642} INFO - Processing file /home/airflow/.local/lib/python3.7/site-packages/airflow/example_dags/example_task_group.py for tasks to queue
[2022-08-09 08:13:47,275] {logging_mixin.py:109} INFO - [2022-08-09 08:13:47,275] {dagbag.py:500} INFO - Filling up the DagBag from /home/airflow/.local/lib/python3.7/site-packages/airflow/example_dags/example_task_group.py
[2022-08-09 08:13:47,309] {processor.py:654} INFO - DAG(s) dict_keys(['example_task_group']) retrieved from /home/airflow/.local/lib/python3.7/site-packages/airflow/example_dags/example_task_group.py
[2022-08-09 08:13:47,323] {logging_mixin.py:109} INFO - [2022-08-09 08:13:47,323] {dag.py:2396} INFO - Sync 1 DAGs
[2022-08-09 08:13:47,339] {logging_mixin.py:109} INFO - [2022-08-09 08:13:47,339] {dag.py:2935} INFO - Setting next_dagrun for example_task_group to 2022-08-08T08:13:47.339289+00:00
[2022-08-09 08:13:47,353] {processor.py:171} INFO - Processing /home/airflow/.local/lib/python3.7/site-packages/airflow/example_dags/example_task_group.py took 0.087 seconds
[2022-08-09 08:14:18,092] {processor.py:163} INFO - Started process (PID=1287) to work on /home/airflow/.local/lib/python3.7/site-packages/airflow/example_dags/example_task_group.py
[2022-08-09 08:14:18,094] {processor.py:642} INFO - Processing file /home/airflow/.local/lib/python3.7/site-packages/airflow/example_dags/example_task_group.py for tasks to queue
[2022-08-09 08:14:18,096] {logging_mixin.py:109} INFO - [2022-08-09 08:14:18,096] {dagbag.py:500} INFO - Filling up the DagBag from /home/airflow/.local/lib/python3.7/site-packages/airflow/example_dags/example_task_group.py
[2022-08-09 08:14:18,136] {processor.py:654} INFO - DAG(s) dict_keys(['example_task_group']) retrieved from /home/airflow/.local/lib/python3.7/site-packages/airflow/example_dags/example_task_group.py
[2022-08-09 08:14:18,150] {logging_mixin.py:109} INFO - [2022-08-09 08:14:18,150] {dag.py:2396} INFO - Sync 1 DAGs
[2022-08-09 08:14:18,172] {logging_mixin.py:109} INFO - [2022-08-09 08:14:18,172] {dag.py:2935} INFO - Setting next_dagrun for example_task_group to 2022-08-08T08:14:18.172008+00:00
[2022-08-09 08:14:18,186] {processor.py:171} INFO - Processing /home/airflow/.local/lib/python3.7/site-packages/airflow/example_dags/example_task_group.py took 0.100 seconds
[2022-08-09 08:14:48,973] {processor.py:163} INFO - Started process (PID=1356) to work on /home/airflow/.local/lib/python3.7/site-packages/airflow/example_dags/example_task_group.py
[2022-08-09 08:14:48,977] {processor.py:642} INFO - Processing file /home/airflow/.local/lib/python3.7/site-packages/airflow/example_dags/example_task_group.py for tasks to queue
[2022-08-09 08:14:48,979] {logging_mixin.py:109} INFO - [2022-08-09 08:14:48,979] {dagbag.py:500} INFO - Filling up the DagBag from /home/airflow/.local/lib/python3.7/site-packages/airflow/example_dags/example_task_group.py
[2022-08-09 08:14:49,018] {processor.py:654} INFO - DAG(s) dict_keys(['example_task_group']) retrieved from /home/airflow/.local/lib/python3.7/site-packages/airflow/example_dags/example_task_group.py
[2022-08-09 08:14:49,034] {logging_mixin.py:109} INFO - [2022-08-09 08:14:49,033] {dag.py:2396} INFO - Sync 1 DAGs
[2022-08-09 08:14:49,058] {logging_mixin.py:109} INFO - [2022-08-09 08:14:49,058] {dag.py:2935} INFO - Setting next_dagrun for example_task_group to 2022-08-08T08:14:49.057972+00:00
[2022-08-09 08:14:49,070] {processor.py:171} INFO - Processing /home/airflow/.local/lib/python3.7/site-packages/airflow/example_dags/example_task_group.py took 0.105 seconds
[2022-08-09 08:15:19,777] {processor.py:163} INFO - Started process (PID=1416) to work on /home/airflow/.local/lib/python3.7/site-packages/airflow/example_dags/example_task_group.py
[2022-08-09 08:15:19,780] {processor.py:642} INFO - Processing file /home/airflow/.local/lib/python3.7/site-packages/airflow/example_dags/example_task_group.py for tasks to queue
[2022-08-09 08:15:19,783] {logging_mixin.py:109} INFO - [2022-08-09 08:15:19,783] {dagbag.py:500} INFO - Filling up the DagBag from /home/airflow/.local/lib/python3.7/site-packages/airflow/example_dags/example_task_group.py
[2022-08-09 08:15:19,812] {processor.py:654} INFO - DAG(s) dict_keys(['example_task_group']) retrieved from /home/airflow/.local/lib/python3.7/site-packages/airflow/example_dags/example_task_group.py
[2022-08-09 08:15:19,826] {logging_mixin.py:109} INFO - [2022-08-09 08:15:19,826] {dag.py:2396} INFO - Sync 1 DAGs
[2022-08-09 08:15:19,846] {logging_mixin.py:109} INFO - [2022-08-09 08:15:19,846] {dag.py:2935} INFO - Setting next_dagrun for example_task_group to 2022-08-08T08:15:19.845760+00:00
[2022-08-09 08:15:19,858] {processor.py:171} INFO - Processing /home/airflow/.local/lib/python3.7/site-packages/airflow/example_dags/example_task_group.py took 0.088 seconds
[2022-08-09 08:15:50,138] {processor.py:163} INFO - Started process (PID=1487) to work on /home/airflow/.local/lib/python3.7/site-packages/airflow/example_dags/example_task_group.py
[2022-08-09 08:15:50,141] {processor.py:642} INFO - Processing file /home/airflow/.local/lib/python3.7/site-packages/airflow/example_dags/example_task_group.py for tasks to queue
[2022-08-09 08:15:50,143] {logging_mixin.py:109} INFO - [2022-08-09 08:15:50,143] {dagbag.py:500} INFO - Filling up the DagBag from /home/airflow/.local/lib/python3.7/site-packages/airflow/example_dags/example_task_group.py
[2022-08-09 08:15:50,179] {processor.py:654} INFO - DAG(s) dict_keys(['example_task_group']) retrieved from /home/airflow/.local/lib/python3.7/site-packages/airflow/example_dags/example_task_group.py
[2022-08-09 08:15:50,196] {logging_mixin.py:109} INFO - [2022-08-09 08:15:50,196] {dag.py:2396} INFO - Sync 1 DAGs
[2022-08-09 08:15:50,223] {logging_mixin.py:109} INFO - [2022-08-09 08:15:50,223] {dag.py:2935} INFO - Setting next_dagrun for example_task_group to 2022-08-08T08:15:50.223431+00:00
[2022-08-09 08:15:50,246] {processor.py:171} INFO - Processing /home/airflow/.local/lib/python3.7/site-packages/airflow/example_dags/example_task_group.py took 0.114 seconds
[2022-08-09 08:16:20,563] {processor.py:163} INFO - Started process (PID=1546) to work on /home/airflow/.local/lib/python3.7/site-packages/airflow/example_dags/example_task_group.py
[2022-08-09 08:16:20,567] {processor.py:642} INFO - Processing file /home/airflow/.local/lib/python3.7/site-packages/airflow/example_dags/example_task_group.py for tasks to queue
[2022-08-09 08:16:20,570] {logging_mixin.py:109} INFO - [2022-08-09 08:16:20,570] {dagbag.py:500} INFO - Filling up the DagBag from /home/airflow/.local/lib/python3.7/site-packages/airflow/example_dags/example_task_group.py
[2022-08-09 08:16:20,607] {processor.py:654} INFO - DAG(s) dict_keys(['example_task_group']) retrieved from /home/airflow/.local/lib/python3.7/site-packages/airflow/example_dags/example_task_group.py
[2022-08-09 08:16:20,624] {logging_mixin.py:109} INFO - [2022-08-09 08:16:20,623] {dag.py:2396} INFO - Sync 1 DAGs
[2022-08-09 08:16:20,645] {logging_mixin.py:109} INFO - [2022-08-09 08:16:20,645] {dag.py:2935} INFO - Setting next_dagrun for example_task_group to 2022-08-08T08:16:20.644801+00:00
[2022-08-09 08:16:20,661] {processor.py:171} INFO - Processing /home/airflow/.local/lib/python3.7/site-packages/airflow/example_dags/example_task_group.py took 0.109 seconds
[2022-08-09 08:16:50,733] {processor.py:163} INFO - Started process (PID=1606) to work on /home/airflow/.local/lib/python3.7/site-packages/airflow/example_dags/example_task_group.py
[2022-08-09 08:16:50,736] {processor.py:642} INFO - Processing file /home/airflow/.local/lib/python3.7/site-packages/airflow/example_dags/example_task_group.py for tasks to queue
[2022-08-09 08:16:50,738] {logging_mixin.py:109} INFO - [2022-08-09 08:16:50,738] {dagbag.py:500} INFO - Filling up the DagBag from /home/airflow/.local/lib/python3.7/site-packages/airflow/example_dags/example_task_group.py
[2022-08-09 08:16:50,771] {processor.py:654} INFO - DAG(s) dict_keys(['example_task_group']) retrieved from /home/airflow/.local/lib/python3.7/site-packages/airflow/example_dags/example_task_group.py
[2022-08-09 08:16:50,783] {logging_mixin.py:109} INFO - [2022-08-09 08:16:50,783] {dag.py:2396} INFO - Sync 1 DAGs
[2022-08-09 08:16:50,799] {logging_mixin.py:109} INFO - [2022-08-09 08:16:50,799] {dag.py:2935} INFO - Setting next_dagrun for example_task_group to 2022-08-08T08:16:50.799475+00:00
[2022-08-09 08:16:50,813] {processor.py:171} INFO - Processing /home/airflow/.local/lib/python3.7/site-packages/airflow/example_dags/example_task_group.py took 0.086 seconds
[2022-08-09 08:17:21,331] {processor.py:163} INFO - Started process (PID=1675) to work on /home/airflow/.local/lib/python3.7/site-packages/airflow/example_dags/example_task_group.py
[2022-08-09 08:17:21,333] {processor.py:642} INFO - Processing file /home/airflow/.local/lib/python3.7/site-packages/airflow/example_dags/example_task_group.py for tasks to queue
[2022-08-09 08:17:21,334] {logging_mixin.py:109} INFO - [2022-08-09 08:17:21,334] {dagbag.py:500} INFO - Filling up the DagBag from /home/airflow/.local/lib/python3.7/site-packages/airflow/example_dags/example_task_group.py
[2022-08-09 08:17:21,369] {processor.py:654} INFO - DAG(s) dict_keys(['example_task_group']) retrieved from /home/airflow/.local/lib/python3.7/site-packages/airflow/example_dags/example_task_group.py
[2022-08-09 08:17:21,388] {logging_mixin.py:109} INFO - [2022-08-09 08:17:21,387] {dag.py:2396} INFO - Sync 1 DAGs
[2022-08-09 08:17:21,409] {logging_mixin.py:109} INFO - [2022-08-09 08:17:21,408] {dag.py:2935} INFO - Setting next_dagrun for example_task_group to 2022-08-08T08:17:21.408577+00:00
[2022-08-09 08:17:21,424] {processor.py:171} INFO - Processing /home/airflow/.local/lib/python3.7/site-packages/airflow/example_dags/example_task_group.py took 0.097 seconds
[2022-08-09 08:17:51,900] {processor.py:163} INFO - Started process (PID=1735) to work on /home/airflow/.local/lib/python3.7/site-packages/airflow/example_dags/example_task_group.py
[2022-08-09 08:17:51,903] {processor.py:642} INFO - Processing file /home/airflow/.local/lib/python3.7/site-packages/airflow/example_dags/example_task_group.py for tasks to queue
[2022-08-09 08:17:51,905] {logging_mixin.py:109} INFO - [2022-08-09 08:17:51,904] {dagbag.py:500} INFO - Filling up the DagBag from /home/airflow/.local/lib/python3.7/site-packages/airflow/example_dags/example_task_group.py
[2022-08-09 08:17:51,937] {processor.py:654} INFO - DAG(s) dict_keys(['example_task_group']) retrieved from /home/airflow/.local/lib/python3.7/site-packages/airflow/example_dags/example_task_group.py
[2022-08-09 08:17:51,950] {logging_mixin.py:109} INFO - [2022-08-09 08:17:51,950] {dag.py:2396} INFO - Sync 1 DAGs
[2022-08-09 08:17:51,966] {logging_mixin.py:109} INFO - [2022-08-09 08:17:51,966] {dag.py:2935} INFO - Setting next_dagrun for example_task_group to 2022-08-08T08:17:51.966429+00:00
[2022-08-09 08:17:51,979] {processor.py:171} INFO - Processing /home/airflow/.local/lib/python3.7/site-packages/airflow/example_dags/example_task_group.py took 0.085 seconds
[2022-08-09 08:18:22,673] {processor.py:163} INFO - Started process (PID=1804) to work on /home/airflow/.local/lib/python3.7/site-packages/airflow/example_dags/example_task_group.py
[2022-08-09 08:18:22,675] {processor.py:642} INFO - Processing file /home/airflow/.local/lib/python3.7/site-packages/airflow/example_dags/example_task_group.py for tasks to queue
[2022-08-09 08:18:22,677] {logging_mixin.py:109} INFO - [2022-08-09 08:18:22,676] {dagbag.py:500} INFO - Filling up the DagBag from /home/airflow/.local/lib/python3.7/site-packages/airflow/example_dags/example_task_group.py
[2022-08-09 08:18:22,710] {processor.py:654} INFO - DAG(s) dict_keys(['example_task_group']) retrieved from /home/airflow/.local/lib/python3.7/site-packages/airflow/example_dags/example_task_group.py
[2022-08-09 08:18:22,721] {logging_mixin.py:109} INFO - [2022-08-09 08:18:22,721] {dag.py:2396} INFO - Sync 1 DAGs
[2022-08-09 08:18:22,739] {logging_mixin.py:109} INFO - [2022-08-09 08:18:22,739] {dag.py:2935} INFO - Setting next_dagrun for example_task_group to 2022-08-08T08:18:22.739157+00:00
[2022-08-09 08:18:22,833] {processor.py:171} INFO - Processing /home/airflow/.local/lib/python3.7/site-packages/airflow/example_dags/example_task_group.py took 0.163 seconds
[2022-08-09 08:18:53,044] {processor.py:163} INFO - Started process (PID=1864) to work on /home/airflow/.local/lib/python3.7/site-packages/airflow/example_dags/example_task_group.py
[2022-08-09 08:18:53,046] {processor.py:642} INFO - Processing file /home/airflow/.local/lib/python3.7/site-packages/airflow/example_dags/example_task_group.py for tasks to queue
[2022-08-09 08:18:53,048] {logging_mixin.py:109} INFO - [2022-08-09 08:18:53,047] {dagbag.py:500} INFO - Filling up the DagBag from /home/airflow/.local/lib/python3.7/site-packages/airflow/example_dags/example_task_group.py
[2022-08-09 08:18:53,081] {processor.py:654} INFO - DAG(s) dict_keys(['example_task_group']) retrieved from /home/airflow/.local/lib/python3.7/site-packages/airflow/example_dags/example_task_group.py
[2022-08-09 08:18:53,094] {logging_mixin.py:109} INFO - [2022-08-09 08:18:53,094] {dag.py:2396} INFO - Sync 1 DAGs
[2022-08-09 08:18:53,193] {logging_mixin.py:109} INFO - [2022-08-09 08:18:53,193] {dag.py:2935} INFO - Setting next_dagrun for example_task_group to 2022-08-08T08:18:53.193171+00:00
[2022-08-09 08:18:53,208] {processor.py:171} INFO - Processing /home/airflow/.local/lib/python3.7/site-packages/airflow/example_dags/example_task_group.py took 0.169 seconds
[2022-08-09 08:19:23,534] {processor.py:163} INFO - Started process (PID=1934) to work on /home/airflow/.local/lib/python3.7/site-packages/airflow/example_dags/example_task_group.py
[2022-08-09 08:19:23,536] {processor.py:642} INFO - Processing file /home/airflow/.local/lib/python3.7/site-packages/airflow/example_dags/example_task_group.py for tasks to queue
[2022-08-09 08:19:23,539] {logging_mixin.py:109} INFO - [2022-08-09 08:19:23,538] {dagbag.py:500} INFO - Filling up the DagBag from /home/airflow/.local/lib/python3.7/site-packages/airflow/example_dags/example_task_group.py
[2022-08-09 08:19:23,575] {processor.py:654} INFO - DAG(s) dict_keys(['example_task_group']) retrieved from /home/airflow/.local/lib/python3.7/site-packages/airflow/example_dags/example_task_group.py
[2022-08-09 08:19:23,587] {logging_mixin.py:109} INFO - [2022-08-09 08:19:23,587] {dag.py:2396} INFO - Sync 1 DAGs
[2022-08-09 08:19:23,696] {logging_mixin.py:109} INFO - [2022-08-09 08:19:23,695] {dag.py:2935} INFO - Setting next_dagrun for example_task_group to 2022-08-08T08:19:23.695678+00:00
[2022-08-09 08:19:23,707] {processor.py:171} INFO - Processing /home/airflow/.local/lib/python3.7/site-packages/airflow/example_dags/example_task_group.py took 0.180 seconds
[2022-08-09 08:19:54,226] {processor.py:163} INFO - Started process (PID=1994) to work on /home/airflow/.local/lib/python3.7/site-packages/airflow/example_dags/example_task_group.py
[2022-08-09 08:19:54,229] {processor.py:642} INFO - Processing file /home/airflow/.local/lib/python3.7/site-packages/airflow/example_dags/example_task_group.py for tasks to queue
[2022-08-09 08:19:54,230] {logging_mixin.py:109} INFO - [2022-08-09 08:19:54,230] {dagbag.py:500} INFO - Filling up the DagBag from /home/airflow/.local/lib/python3.7/site-packages/airflow/example_dags/example_task_group.py
[2022-08-09 08:19:54,272] {processor.py:654} INFO - DAG(s) dict_keys(['example_task_group']) retrieved from /home/airflow/.local/lib/python3.7/site-packages/airflow/example_dags/example_task_group.py
[2022-08-09 08:19:54,290] {logging_mixin.py:109} INFO - [2022-08-09 08:19:54,290] {dag.py:2396} INFO - Sync 1 DAGs
[2022-08-09 08:19:54,397] {logging_mixin.py:109} INFO - [2022-08-09 08:19:54,397] {dag.py:2935} INFO - Setting next_dagrun for example_task_group to 2022-08-08T08:19:54.397037+00:00
[2022-08-09 08:19:54,413] {processor.py:171} INFO - Processing /home/airflow/.local/lib/python3.7/site-packages/airflow/example_dags/example_task_group.py took 0.191 seconds
[2022-08-09 08:20:24,992] {processor.py:163} INFO - Started process (PID=2063) to work on /home/airflow/.local/lib/python3.7/site-packages/airflow/example_dags/example_task_group.py
[2022-08-09 08:20:24,995] {processor.py:642} INFO - Processing file /home/airflow/.local/lib/python3.7/site-packages/airflow/example_dags/example_task_group.py for tasks to queue
[2022-08-09 08:20:24,998] {logging_mixin.py:109} INFO - [2022-08-09 08:20:24,997] {dagbag.py:500} INFO - Filling up the DagBag from /home/airflow/.local/lib/python3.7/site-packages/airflow/example_dags/example_task_group.py
[2022-08-09 08:20:25,137] {processor.py:654} INFO - DAG(s) dict_keys(['example_task_group']) retrieved from /home/airflow/.local/lib/python3.7/site-packages/airflow/example_dags/example_task_group.py
[2022-08-09 08:20:25,150] {logging_mixin.py:109} INFO - [2022-08-09 08:20:25,149] {dag.py:2396} INFO - Sync 1 DAGs
[2022-08-09 08:20:25,171] {logging_mixin.py:109} INFO - [2022-08-09 08:20:25,170] {dag.py:2935} INFO - Setting next_dagrun for example_task_group to 2022-08-08T08:20:25.170568+00:00
[2022-08-09 08:20:25,187] {processor.py:171} INFO - Processing /home/airflow/.local/lib/python3.7/site-packages/airflow/example_dags/example_task_group.py took 0.205 seconds
[2022-08-09 08:20:55,323] {processor.py:163} INFO - Started process (PID=2123) to work on /home/airflow/.local/lib/python3.7/site-packages/airflow/example_dags/example_task_group.py
[2022-08-09 08:20:55,326] {processor.py:642} INFO - Processing file /home/airflow/.local/lib/python3.7/site-packages/airflow/example_dags/example_task_group.py for tasks to queue
[2022-08-09 08:20:55,329] {logging_mixin.py:109} INFO - [2022-08-09 08:20:55,328] {dagbag.py:500} INFO - Filling up the DagBag from /home/airflow/.local/lib/python3.7/site-packages/airflow/example_dags/example_task_group.py
[2022-08-09 08:20:55,451] {processor.py:654} INFO - DAG(s) dict_keys(['example_task_group']) retrieved from /home/airflow/.local/lib/python3.7/site-packages/airflow/example_dags/example_task_group.py
[2022-08-09 08:20:55,463] {logging_mixin.py:109} INFO - [2022-08-09 08:20:55,463] {dag.py:2396} INFO - Sync 1 DAGs
[2022-08-09 08:20:55,478] {logging_mixin.py:109} INFO - [2022-08-09 08:20:55,478] {dag.py:2935} INFO - Setting next_dagrun for example_task_group to 2022-08-08T08:20:55.477968+00:00
[2022-08-09 08:20:55,489] {processor.py:171} INFO - Processing /home/airflow/.local/lib/python3.7/site-packages/airflow/example_dags/example_task_group.py took 0.173 seconds
[2022-08-09 08:21:26,182] {processor.py:163} INFO - Started process (PID=2194) to work on /home/airflow/.local/lib/python3.7/site-packages/airflow/example_dags/example_task_group.py
[2022-08-09 08:21:26,184] {processor.py:642} INFO - Processing file /home/airflow/.local/lib/python3.7/site-packages/airflow/example_dags/example_task_group.py for tasks to queue
[2022-08-09 08:21:26,186] {logging_mixin.py:109} INFO - [2022-08-09 08:21:26,186] {dagbag.py:500} INFO - Filling up the DagBag from /home/airflow/.local/lib/python3.7/site-packages/airflow/example_dags/example_task_group.py
[2022-08-09 08:21:26,312] {processor.py:654} INFO - DAG(s) dict_keys(['example_task_group']) retrieved from /home/airflow/.local/lib/python3.7/site-packages/airflow/example_dags/example_task_group.py
[2022-08-09 08:21:26,332] {logging_mixin.py:109} INFO - [2022-08-09 08:21:26,332] {dag.py:2396} INFO - Sync 1 DAGs
[2022-08-09 08:21:26,355] {logging_mixin.py:109} INFO - [2022-08-09 08:21:26,355] {dag.py:2935} INFO - Setting next_dagrun for example_task_group to 2022-08-08T08:21:26.354875+00:00
[2022-08-09 08:21:26,369] {processor.py:171} INFO - Processing /home/airflow/.local/lib/python3.7/site-packages/airflow/example_dags/example_task_group.py took 0.195 seconds
[2022-08-09 08:21:56,429] {processor.py:163} INFO - Started process (PID=2250) to work on /home/airflow/.local/lib/python3.7/site-packages/airflow/example_dags/example_task_group.py
[2022-08-09 08:21:56,432] {processor.py:642} INFO - Processing file /home/airflow/.local/lib/python3.7/site-packages/airflow/example_dags/example_task_group.py for tasks to queue
[2022-08-09 08:21:56,434] {logging_mixin.py:109} INFO - [2022-08-09 08:21:56,434] {dagbag.py:500} INFO - Filling up the DagBag from /home/airflow/.local/lib/python3.7/site-packages/airflow/example_dags/example_task_group.py
[2022-08-09 08:21:56,557] {processor.py:654} INFO - DAG(s) dict_keys(['example_task_group']) retrieved from /home/airflow/.local/lib/python3.7/site-packages/airflow/example_dags/example_task_group.py
[2022-08-09 08:21:56,568] {logging_mixin.py:109} INFO - [2022-08-09 08:21:56,567] {dag.py:2396} INFO - Sync 1 DAGs
[2022-08-09 08:21:56,582] {logging_mixin.py:109} INFO - [2022-08-09 08:21:56,582] {dag.py:2935} INFO - Setting next_dagrun for example_task_group to 2022-08-08T08:21:56.582077+00:00
[2022-08-09 08:21:56,597] {processor.py:171} INFO - Processing /home/airflow/.local/lib/python3.7/site-packages/airflow/example_dags/example_task_group.py took 0.180 seconds
[2022-08-09 08:22:26,955] {processor.py:163} INFO - Started process (PID=2318) to work on /home/airflow/.local/lib/python3.7/site-packages/airflow/example_dags/example_task_group.py
[2022-08-09 08:22:26,958] {processor.py:642} INFO - Processing file /home/airflow/.local/lib/python3.7/site-packages/airflow/example_dags/example_task_group.py for tasks to queue
[2022-08-09 08:22:26,960] {logging_mixin.py:109} INFO - [2022-08-09 08:22:26,960] {dagbag.py:500} INFO - Filling up the DagBag from /home/airflow/.local/lib/python3.7/site-packages/airflow/example_dags/example_task_group.py
[2022-08-09 08:22:27,223] {processor.py:654} INFO - DAG(s) dict_keys(['example_task_group']) retrieved from /home/airflow/.local/lib/python3.7/site-packages/airflow/example_dags/example_task_group.py
[2022-08-09 08:22:27,245] {logging_mixin.py:109} INFO - [2022-08-09 08:22:27,244] {dag.py:2396} INFO - Sync 1 DAGs
[2022-08-09 08:22:27,280] {logging_mixin.py:109} INFO - [2022-08-09 08:22:27,280] {dag.py:2935} INFO - Setting next_dagrun for example_task_group to 2022-08-08T08:22:27.279748+00:00
[2022-08-09 08:22:27,294] {processor.py:171} INFO - Processing /home/airflow/.local/lib/python3.7/site-packages/airflow/example_dags/example_task_group.py took 0.346 seconds
[2022-08-09 08:22:58,154] {processor.py:163} INFO - Started process (PID=2378) to work on /home/airflow/.local/lib/python3.7/site-packages/airflow/example_dags/example_task_group.py
[2022-08-09 08:22:58,156] {processor.py:642} INFO - Processing file /home/airflow/.local/lib/python3.7/site-packages/airflow/example_dags/example_task_group.py for tasks to queue
[2022-08-09 08:22:58,158] {logging_mixin.py:109} INFO - [2022-08-09 08:22:58,158] {dagbag.py:500} INFO - Filling up the DagBag from /home/airflow/.local/lib/python3.7/site-packages/airflow/example_dags/example_task_group.py
[2022-08-09 08:22:58,191] {processor.py:654} INFO - DAG(s) dict_keys(['example_task_group']) retrieved from /home/airflow/.local/lib/python3.7/site-packages/airflow/example_dags/example_task_group.py
[2022-08-09 08:22:58,203] {logging_mixin.py:109} INFO - [2022-08-09 08:22:58,203] {dag.py:2396} INFO - Sync 1 DAGs
[2022-08-09 08:22:58,220] {logging_mixin.py:109} INFO - [2022-08-09 08:22:58,220] {dag.py:2935} INFO - Setting next_dagrun for example_task_group to 2022-08-08T08:22:58.220097+00:00
[2022-08-09 08:22:58,233] {processor.py:171} INFO - Processing /home/airflow/.local/lib/python3.7/site-packages/airflow/example_dags/example_task_group.py took 0.084 seconds
[2022-08-09 08:23:28,558] {processor.py:163} INFO - Started process (PID=2449) to work on /home/airflow/.local/lib/python3.7/site-packages/airflow/example_dags/example_task_group.py
[2022-08-09 08:23:28,560] {processor.py:642} INFO - Processing file /home/airflow/.local/lib/python3.7/site-packages/airflow/example_dags/example_task_group.py for tasks to queue
[2022-08-09 08:23:28,561] {logging_mixin.py:109} INFO - [2022-08-09 08:23:28,561] {dagbag.py:500} INFO - Filling up the DagBag from /home/airflow/.local/lib/python3.7/site-packages/airflow/example_dags/example_task_group.py
[2022-08-09 08:23:28,595] {processor.py:654} INFO - DAG(s) dict_keys(['example_task_group']) retrieved from /home/airflow/.local/lib/python3.7/site-packages/airflow/example_dags/example_task_group.py
[2022-08-09 08:23:28,607] {logging_mixin.py:109} INFO - [2022-08-09 08:23:28,607] {dag.py:2396} INFO - Sync 1 DAGs
[2022-08-09 08:23:28,631] {logging_mixin.py:109} INFO - [2022-08-09 08:23:28,631] {dag.py:2935} INFO - Setting next_dagrun for example_task_group to 2022-08-08T08:23:28.631507+00:00
[2022-08-09 08:23:28,646] {processor.py:171} INFO - Processing /home/airflow/.local/lib/python3.7/site-packages/airflow/example_dags/example_task_group.py took 0.095 seconds
[2022-08-09 08:23:58,925] {processor.py:163} INFO - Started process (PID=2509) to work on /home/airflow/.local/lib/python3.7/site-packages/airflow/example_dags/example_task_group.py
[2022-08-09 08:23:58,927] {processor.py:642} INFO - Processing file /home/airflow/.local/lib/python3.7/site-packages/airflow/example_dags/example_task_group.py for tasks to queue
[2022-08-09 08:23:58,928] {logging_mixin.py:109} INFO - [2022-08-09 08:23:58,928] {dagbag.py:500} INFO - Filling up the DagBag from /home/airflow/.local/lib/python3.7/site-packages/airflow/example_dags/example_task_group.py
[2022-08-09 08:23:58,965] {processor.py:654} INFO - DAG(s) dict_keys(['example_task_group']) retrieved from /home/airflow/.local/lib/python3.7/site-packages/airflow/example_dags/example_task_group.py
[2022-08-09 08:23:58,981] {logging_mixin.py:109} INFO - [2022-08-09 08:23:58,980] {dag.py:2396} INFO - Sync 1 DAGs
[2022-08-09 08:23:59,008] {logging_mixin.py:109} INFO - [2022-08-09 08:23:59,008] {dag.py:2935} INFO - Setting next_dagrun for example_task_group to 2022-08-08T08:23:59.008152+00:00
[2022-08-09 08:23:59,025] {processor.py:171} INFO - Processing /home/airflow/.local/lib/python3.7/site-packages/airflow/example_dags/example_task_group.py took 0.108 seconds
[2022-08-09 08:24:29,061] {processor.py:163} INFO - Started process (PID=2577) to work on /home/airflow/.local/lib/python3.7/site-packages/airflow/example_dags/example_task_group.py
[2022-08-09 08:24:29,064] {processor.py:642} INFO - Processing file /home/airflow/.local/lib/python3.7/site-packages/airflow/example_dags/example_task_group.py for tasks to queue
[2022-08-09 08:24:29,066] {logging_mixin.py:109} INFO - [2022-08-09 08:24:29,066] {dagbag.py:500} INFO - Filling up the DagBag from /home/airflow/.local/lib/python3.7/site-packages/airflow/example_dags/example_task_group.py
[2022-08-09 08:24:29,107] {processor.py:654} INFO - DAG(s) dict_keys(['example_task_group']) retrieved from /home/airflow/.local/lib/python3.7/site-packages/airflow/example_dags/example_task_group.py
[2022-08-09 08:24:29,123] {logging_mixin.py:109} INFO - [2022-08-09 08:24:29,123] {dag.py:2396} INFO - Sync 1 DAGs
[2022-08-09 08:24:29,144] {logging_mixin.py:109} INFO - [2022-08-09 08:24:29,144] {dag.py:2935} INFO - Setting next_dagrun for example_task_group to 2022-08-08T08:24:29.144120+00:00
[2022-08-09 08:24:29,159] {processor.py:171} INFO - Processing /home/airflow/.local/lib/python3.7/site-packages/airflow/example_dags/example_task_group.py took 0.104 seconds
[2022-08-09 08:24:59,284] {processor.py:163} INFO - Started process (PID=2639) to work on /home/airflow/.local/lib/python3.7/site-packages/airflow/example_dags/example_task_group.py
[2022-08-09 08:24:59,286] {processor.py:642} INFO - Processing file /home/airflow/.local/lib/python3.7/site-packages/airflow/example_dags/example_task_group.py for tasks to queue
[2022-08-09 08:24:59,287] {logging_mixin.py:109} INFO - [2022-08-09 08:24:59,287] {dagbag.py:500} INFO - Filling up the DagBag from /home/airflow/.local/lib/python3.7/site-packages/airflow/example_dags/example_task_group.py
[2022-08-09 08:24:59,316] {processor.py:654} INFO - DAG(s) dict_keys(['example_task_group']) retrieved from /home/airflow/.local/lib/python3.7/site-packages/airflow/example_dags/example_task_group.py
[2022-08-09 08:24:59,327] {logging_mixin.py:109} INFO - [2022-08-09 08:24:59,327] {dag.py:2396} INFO - Sync 1 DAGs
[2022-08-09 08:24:59,343] {logging_mixin.py:109} INFO - [2022-08-09 08:24:59,343] {dag.py:2935} INFO - Setting next_dagrun for example_task_group to 2022-08-08T08:24:59.343523+00:00
[2022-08-09 08:24:59,354] {processor.py:171} INFO - Processing /home/airflow/.local/lib/python3.7/site-packages/airflow/example_dags/example_task_group.py took 0.074 seconds
[2022-08-09 08:25:29,765] {processor.py:163} INFO - Started process (PID=2699) to work on /home/airflow/.local/lib/python3.7/site-packages/airflow/example_dags/example_task_group.py
[2022-08-09 08:25:29,768] {processor.py:642} INFO - Processing file /home/airflow/.local/lib/python3.7/site-packages/airflow/example_dags/example_task_group.py for tasks to queue
[2022-08-09 08:25:29,769] {logging_mixin.py:109} INFO - [2022-08-09 08:25:29,769] {dagbag.py:500} INFO - Filling up the DagBag from /home/airflow/.local/lib/python3.7/site-packages/airflow/example_dags/example_task_group.py
[2022-08-09 08:25:29,803] {processor.py:654} INFO - DAG(s) dict_keys(['example_task_group']) retrieved from /home/airflow/.local/lib/python3.7/site-packages/airflow/example_dags/example_task_group.py
[2022-08-09 08:25:29,814] {logging_mixin.py:109} INFO - [2022-08-09 08:25:29,814] {dag.py:2396} INFO - Sync 1 DAGs
[2022-08-09 08:25:29,829] {logging_mixin.py:109} INFO - [2022-08-09 08:25:29,829] {dag.py:2935} INFO - Setting next_dagrun for example_task_group to 2022-08-08T08:25:29.829397+00:00
[2022-08-09 08:25:29,840] {processor.py:171} INFO - Processing /home/airflow/.local/lib/python3.7/site-packages/airflow/example_dags/example_task_group.py took 0.080 seconds
[2022-08-09 08:26:00,154] {processor.py:163} INFO - Started process (PID=2769) to work on /home/airflow/.local/lib/python3.7/site-packages/airflow/example_dags/example_task_group.py
[2022-08-09 08:26:00,156] {processor.py:642} INFO - Processing file /home/airflow/.local/lib/python3.7/site-packages/airflow/example_dags/example_task_group.py for tasks to queue
[2022-08-09 08:26:00,158] {logging_mixin.py:109} INFO - [2022-08-09 08:26:00,158] {dagbag.py:500} INFO - Filling up the DagBag from /home/airflow/.local/lib/python3.7/site-packages/airflow/example_dags/example_task_group.py
[2022-08-09 08:26:00,190] {processor.py:654} INFO - DAG(s) dict_keys(['example_task_group']) retrieved from /home/airflow/.local/lib/python3.7/site-packages/airflow/example_dags/example_task_group.py
[2022-08-09 08:26:00,202] {logging_mixin.py:109} INFO - [2022-08-09 08:26:00,202] {dag.py:2396} INFO - Sync 1 DAGs
[2022-08-09 08:26:00,217] {logging_mixin.py:109} INFO - [2022-08-09 08:26:00,217] {dag.py:2935} INFO - Setting next_dagrun for example_task_group to 2022-08-08T08:26:00.217141+00:00
[2022-08-09 08:26:00,227] {processor.py:171} INFO - Processing /home/airflow/.local/lib/python3.7/site-packages/airflow/example_dags/example_task_group.py took 0.078 seconds
[2022-08-09 08:26:30,449] {processor.py:163} INFO - Started process (PID=2829) to work on /home/airflow/.local/lib/python3.7/site-packages/airflow/example_dags/example_task_group.py
[2022-08-09 08:26:30,451] {processor.py:642} INFO - Processing file /home/airflow/.local/lib/python3.7/site-packages/airflow/example_dags/example_task_group.py for tasks to queue
[2022-08-09 08:26:30,453] {logging_mixin.py:109} INFO - [2022-08-09 08:26:30,453] {dagbag.py:500} INFO - Filling up the DagBag from /home/airflow/.local/lib/python3.7/site-packages/airflow/example_dags/example_task_group.py
[2022-08-09 08:26:30,483] {processor.py:654} INFO - DAG(s) dict_keys(['example_task_group']) retrieved from /home/airflow/.local/lib/python3.7/site-packages/airflow/example_dags/example_task_group.py
[2022-08-09 08:26:30,494] {logging_mixin.py:109} INFO - [2022-08-09 08:26:30,494] {dag.py:2396} INFO - Sync 1 DAGs
[2022-08-09 08:26:30,510] {logging_mixin.py:109} INFO - [2022-08-09 08:26:30,510] {dag.py:2935} INFO - Setting next_dagrun for example_task_group to 2022-08-08T08:26:30.510365+00:00
[2022-08-09 08:26:30,522] {processor.py:171} INFO - Processing /home/airflow/.local/lib/python3.7/site-packages/airflow/example_dags/example_task_group.py took 0.076 seconds
[2022-08-09 08:27:01,007] {processor.py:163} INFO - Started process (PID=2899) to work on /home/airflow/.local/lib/python3.7/site-packages/airflow/example_dags/example_task_group.py
[2022-08-09 08:27:01,010] {processor.py:642} INFO - Processing file /home/airflow/.local/lib/python3.7/site-packages/airflow/example_dags/example_task_group.py for tasks to queue
[2022-08-09 08:27:01,012] {logging_mixin.py:109} INFO - [2022-08-09 08:27:01,011] {dagbag.py:500} INFO - Filling up the DagBag from /home/airflow/.local/lib/python3.7/site-packages/airflow/example_dags/example_task_group.py
[2022-08-09 08:27:01,043] {processor.py:654} INFO - DAG(s) dict_keys(['example_task_group']) retrieved from /home/airflow/.local/lib/python3.7/site-packages/airflow/example_dags/example_task_group.py
[2022-08-09 08:27:01,054] {logging_mixin.py:109} INFO - [2022-08-09 08:27:01,054] {dag.py:2396} INFO - Sync 1 DAGs
[2022-08-09 08:27:01,069] {logging_mixin.py:109} INFO - [2022-08-09 08:27:01,069] {dag.py:2935} INFO - Setting next_dagrun for example_task_group to 2022-08-08T08:27:01.069292+00:00
[2022-08-09 08:27:01,079] {processor.py:171} INFO - Processing /home/airflow/.local/lib/python3.7/site-packages/airflow/example_dags/example_task_group.py took 0.079 seconds
[2022-08-09 08:27:31,423] {processor.py:163} INFO - Started process (PID=2960) to work on /home/airflow/.local/lib/python3.7/site-packages/airflow/example_dags/example_task_group.py
[2022-08-09 08:27:31,426] {processor.py:642} INFO - Processing file /home/airflow/.local/lib/python3.7/site-packages/airflow/example_dags/example_task_group.py for tasks to queue
[2022-08-09 08:27:31,428] {logging_mixin.py:109} INFO - [2022-08-09 08:27:31,427] {dagbag.py:500} INFO - Filling up the DagBag from /home/airflow/.local/lib/python3.7/site-packages/airflow/example_dags/example_task_group.py
[2022-08-09 08:27:31,460] {processor.py:654} INFO - DAG(s) dict_keys(['example_task_group']) retrieved from /home/airflow/.local/lib/python3.7/site-packages/airflow/example_dags/example_task_group.py
[2022-08-09 08:27:31,471] {logging_mixin.py:109} INFO - [2022-08-09 08:27:31,471] {dag.py:2396} INFO - Sync 1 DAGs
[2022-08-09 08:27:31,486] {logging_mixin.py:109} INFO - [2022-08-09 08:27:31,486] {dag.py:2935} INFO - Setting next_dagrun for example_task_group to 2022-08-08T08:27:31.486581+00:00
[2022-08-09 08:27:31,496] {processor.py:171} INFO - Processing /home/airflow/.local/lib/python3.7/site-packages/airflow/example_dags/example_task_group.py took 0.079 seconds
[2022-08-09 08:28:01,806] {processor.py:163} INFO - Started process (PID=3029) to work on /home/airflow/.local/lib/python3.7/site-packages/airflow/example_dags/example_task_group.py
[2022-08-09 08:28:01,808] {processor.py:642} INFO - Processing file /home/airflow/.local/lib/python3.7/site-packages/airflow/example_dags/example_task_group.py for tasks to queue
[2022-08-09 08:28:01,811] {logging_mixin.py:109} INFO - [2022-08-09 08:28:01,810] {dagbag.py:500} INFO - Filling up the DagBag from /home/airflow/.local/lib/python3.7/site-packages/airflow/example_dags/example_task_group.py
[2022-08-09 08:28:01,854] {processor.py:654} INFO - DAG(s) dict_keys(['example_task_group']) retrieved from /home/airflow/.local/lib/python3.7/site-packages/airflow/example_dags/example_task_group.py
[2022-08-09 08:28:01,870] {logging_mixin.py:109} INFO - [2022-08-09 08:28:01,870] {dag.py:2396} INFO - Sync 1 DAGs
[2022-08-09 08:28:01,893] {logging_mixin.py:109} INFO - [2022-08-09 08:28:01,893] {dag.py:2935} INFO - Setting next_dagrun for example_task_group to 2022-08-08T08:28:01.893113+00:00
[2022-08-09 08:28:01,910] {processor.py:171} INFO - Processing /home/airflow/.local/lib/python3.7/site-packages/airflow/example_dags/example_task_group.py took 0.109 seconds
[2022-08-09 08:28:32,255] {processor.py:163} INFO - Started process (PID=3089) to work on /home/airflow/.local/lib/python3.7/site-packages/airflow/example_dags/example_task_group.py
[2022-08-09 08:28:32,258] {processor.py:642} INFO - Processing file /home/airflow/.local/lib/python3.7/site-packages/airflow/example_dags/example_task_group.py for tasks to queue
[2022-08-09 08:28:32,260] {logging_mixin.py:109} INFO - [2022-08-09 08:28:32,260] {dagbag.py:500} INFO - Filling up the DagBag from /home/airflow/.local/lib/python3.7/site-packages/airflow/example_dags/example_task_group.py
[2022-08-09 08:28:32,309] {processor.py:654} INFO - DAG(s) dict_keys(['example_task_group']) retrieved from /home/airflow/.local/lib/python3.7/site-packages/airflow/example_dags/example_task_group.py
[2022-08-09 08:28:32,321] {logging_mixin.py:109} INFO - [2022-08-09 08:28:32,321] {dag.py:2396} INFO - Sync 1 DAGs
[2022-08-09 08:28:32,336] {logging_mixin.py:109} INFO - [2022-08-09 08:28:32,336] {dag.py:2935} INFO - Setting next_dagrun for example_task_group to 2022-08-08T08:28:32.336194+00:00
[2022-08-09 08:28:32,347] {processor.py:171} INFO - Processing /home/airflow/.local/lib/python3.7/site-packages/airflow/example_dags/example_task_group.py took 0.098 seconds
[2022-08-09 08:29:02,791] {processor.py:163} INFO - Started process (PID=3158) to work on /home/airflow/.local/lib/python3.7/site-packages/airflow/example_dags/example_task_group.py
[2022-08-09 08:29:02,794] {processor.py:642} INFO - Processing file /home/airflow/.local/lib/python3.7/site-packages/airflow/example_dags/example_task_group.py for tasks to queue
[2022-08-09 08:29:02,795] {logging_mixin.py:109} INFO - [2022-08-09 08:29:02,795] {dagbag.py:500} INFO - Filling up the DagBag from /home/airflow/.local/lib/python3.7/site-packages/airflow/example_dags/example_task_group.py
[2022-08-09 08:29:02,829] {processor.py:654} INFO - DAG(s) dict_keys(['example_task_group']) retrieved from /home/airflow/.local/lib/python3.7/site-packages/airflow/example_dags/example_task_group.py
[2022-08-09 08:29:02,840] {logging_mixin.py:109} INFO - [2022-08-09 08:29:02,840] {dag.py:2396} INFO - Sync 1 DAGs
[2022-08-09 08:29:02,856] {logging_mixin.py:109} INFO - [2022-08-09 08:29:02,856] {dag.py:2935} INFO - Setting next_dagrun for example_task_group to 2022-08-08T08:29:02.856014+00:00
[2022-08-09 08:29:02,866] {processor.py:171} INFO - Processing /home/airflow/.local/lib/python3.7/site-packages/airflow/example_dags/example_task_group.py took 0.078 seconds
[2022-08-09 08:29:33,230] {processor.py:163} INFO - Started process (PID=3218) to work on /home/airflow/.local/lib/python3.7/site-packages/airflow/example_dags/example_task_group.py
[2022-08-09 08:29:33,233] {processor.py:642} INFO - Processing file /home/airflow/.local/lib/python3.7/site-packages/airflow/example_dags/example_task_group.py for tasks to queue
[2022-08-09 08:29:33,237] {logging_mixin.py:109} INFO - [2022-08-09 08:29:33,235] {dagbag.py:500} INFO - Filling up the DagBag from /home/airflow/.local/lib/python3.7/site-packages/airflow/example_dags/example_task_group.py
[2022-08-09 08:29:33,268] {processor.py:654} INFO - DAG(s) dict_keys(['example_task_group']) retrieved from /home/airflow/.local/lib/python3.7/site-packages/airflow/example_dags/example_task_group.py
[2022-08-09 08:29:33,279] {logging_mixin.py:109} INFO - [2022-08-09 08:29:33,278] {dag.py:2396} INFO - Sync 1 DAGs
[2022-08-09 08:29:33,294] {logging_mixin.py:109} INFO - [2022-08-09 08:29:33,294] {dag.py:2935} INFO - Setting next_dagrun for example_task_group to 2022-08-08T08:29:33.294127+00:00
[2022-08-09 08:29:33,304] {processor.py:171} INFO - Processing /home/airflow/.local/lib/python3.7/site-packages/airflow/example_dags/example_task_group.py took 0.080 seconds
[2022-08-09 08:30:03,753] {processor.py:163} INFO - Started process (PID=3287) to work on /home/airflow/.local/lib/python3.7/site-packages/airflow/example_dags/example_task_group.py
[2022-08-09 08:30:03,755] {processor.py:642} INFO - Processing file /home/airflow/.local/lib/python3.7/site-packages/airflow/example_dags/example_task_group.py for tasks to queue
[2022-08-09 08:30:03,757] {logging_mixin.py:109} INFO - [2022-08-09 08:30:03,757] {dagbag.py:500} INFO - Filling up the DagBag from /home/airflow/.local/lib/python3.7/site-packages/airflow/example_dags/example_task_group.py
[2022-08-09 08:30:03,794] {processor.py:654} INFO - DAG(s) dict_keys(['example_task_group']) retrieved from /home/airflow/.local/lib/python3.7/site-packages/airflow/example_dags/example_task_group.py
[2022-08-09 08:30:03,806] {logging_mixin.py:109} INFO - [2022-08-09 08:30:03,806] {dag.py:2396} INFO - Sync 1 DAGs
[2022-08-09 08:30:03,822] {logging_mixin.py:109} INFO - [2022-08-09 08:30:03,822] {dag.py:2935} INFO - Setting next_dagrun for example_task_group to 2022-08-08T08:30:03.821928+00:00
[2022-08-09 08:30:03,832] {processor.py:171} INFO - Processing /home/airflow/.local/lib/python3.7/site-packages/airflow/example_dags/example_task_group.py took 0.083 seconds
[2022-08-09 08:30:34,058] {processor.py:163} INFO - Started process (PID=3347) to work on /home/airflow/.local/lib/python3.7/site-packages/airflow/example_dags/example_task_group.py
[2022-08-09 08:30:34,060] {processor.py:642} INFO - Processing file /home/airflow/.local/lib/python3.7/site-packages/airflow/example_dags/example_task_group.py for tasks to queue
[2022-08-09 08:30:34,062] {logging_mixin.py:109} INFO - [2022-08-09 08:30:34,061] {dagbag.py:500} INFO - Filling up the DagBag from /home/airflow/.local/lib/python3.7/site-packages/airflow/example_dags/example_task_group.py
[2022-08-09 08:30:34,098] {processor.py:654} INFO - DAG(s) dict_keys(['example_task_group']) retrieved from /home/airflow/.local/lib/python3.7/site-packages/airflow/example_dags/example_task_group.py
[2022-08-09 08:30:34,112] {logging_mixin.py:109} INFO - [2022-08-09 08:30:34,112] {dag.py:2396} INFO - Sync 1 DAGs
[2022-08-09 08:30:34,131] {logging_mixin.py:109} INFO - [2022-08-09 08:30:34,131] {dag.py:2935} INFO - Setting next_dagrun for example_task_group to 2022-08-08T08:30:34.130750+00:00
[2022-08-09 08:30:34,144] {processor.py:171} INFO - Processing /home/airflow/.local/lib/python3.7/site-packages/airflow/example_dags/example_task_group.py took 0.091 seconds
[2022-08-09 08:31:04,647] {processor.py:163} INFO - Started process (PID=3408) to work on /home/airflow/.local/lib/python3.7/site-packages/airflow/example_dags/example_task_group.py
[2022-08-09 08:31:04,650] {processor.py:642} INFO - Processing file /home/airflow/.local/lib/python3.7/site-packages/airflow/example_dags/example_task_group.py for tasks to queue
[2022-08-09 08:31:04,653] {logging_mixin.py:109} INFO - [2022-08-09 08:31:04,653] {dagbag.py:500} INFO - Filling up the DagBag from /home/airflow/.local/lib/python3.7/site-packages/airflow/example_dags/example_task_group.py
[2022-08-09 08:31:04,685] {processor.py:654} INFO - DAG(s) dict_keys(['example_task_group']) retrieved from /home/airflow/.local/lib/python3.7/site-packages/airflow/example_dags/example_task_group.py
[2022-08-09 08:31:04,697] {logging_mixin.py:109} INFO - [2022-08-09 08:31:04,696] {dag.py:2396} INFO - Sync 1 DAGs
[2022-08-09 08:31:04,712] {logging_mixin.py:109} INFO - [2022-08-09 08:31:04,712] {dag.py:2935} INFO - Setting next_dagrun for example_task_group to 2022-08-08T08:31:04.712227+00:00
[2022-08-09 08:31:04,723] {processor.py:171} INFO - Processing /home/airflow/.local/lib/python3.7/site-packages/airflow/example_dags/example_task_group.py took 0.081 seconds
[2022-08-09 08:31:34,814] {processor.py:163} INFO - Started process (PID=3477) to work on /home/airflow/.local/lib/python3.7/site-packages/airflow/example_dags/example_task_group.py
[2022-08-09 08:31:34,816] {processor.py:642} INFO - Processing file /home/airflow/.local/lib/python3.7/site-packages/airflow/example_dags/example_task_group.py for tasks to queue
[2022-08-09 08:31:34,817] {logging_mixin.py:109} INFO - [2022-08-09 08:31:34,817] {dagbag.py:500} INFO - Filling up the DagBag from /home/airflow/.local/lib/python3.7/site-packages/airflow/example_dags/example_task_group.py
[2022-08-09 08:31:34,847] {processor.py:654} INFO - DAG(s) dict_keys(['example_task_group']) retrieved from /home/airflow/.local/lib/python3.7/site-packages/airflow/example_dags/example_task_group.py
[2022-08-09 08:31:34,859] {logging_mixin.py:109} INFO - [2022-08-09 08:31:34,858] {dag.py:2396} INFO - Sync 1 DAGs
[2022-08-09 08:31:34,875] {logging_mixin.py:109} INFO - [2022-08-09 08:31:34,875] {dag.py:2935} INFO - Setting next_dagrun for example_task_group to 2022-08-08T08:31:34.875045+00:00
[2022-08-09 08:31:34,886] {processor.py:171} INFO - Processing /home/airflow/.local/lib/python3.7/site-packages/airflow/example_dags/example_task_group.py took 0.075 seconds
[2022-08-09 08:32:05,007] {processor.py:163} INFO - Started process (PID=3539) to work on /home/airflow/.local/lib/python3.7/site-packages/airflow/example_dags/example_task_group.py
[2022-08-09 08:32:05,010] {processor.py:642} INFO - Processing file /home/airflow/.local/lib/python3.7/site-packages/airflow/example_dags/example_task_group.py for tasks to queue
[2022-08-09 08:32:05,011] {logging_mixin.py:109} INFO - [2022-08-09 08:32:05,011] {dagbag.py:500} INFO - Filling up the DagBag from /home/airflow/.local/lib/python3.7/site-packages/airflow/example_dags/example_task_group.py
[2022-08-09 08:32:05,042] {processor.py:654} INFO - DAG(s) dict_keys(['example_task_group']) retrieved from /home/airflow/.local/lib/python3.7/site-packages/airflow/example_dags/example_task_group.py
[2022-08-09 08:32:05,053] {logging_mixin.py:109} INFO - [2022-08-09 08:32:05,053] {dag.py:2396} INFO - Sync 1 DAGs
[2022-08-09 08:32:05,070] {logging_mixin.py:109} INFO - [2022-08-09 08:32:05,070] {dag.py:2935} INFO - Setting next_dagrun for example_task_group to 2022-08-08T08:32:05.069911+00:00
[2022-08-09 08:32:05,082] {processor.py:171} INFO - Processing /home/airflow/.local/lib/python3.7/site-packages/airflow/example_dags/example_task_group.py took 0.079 seconds
[2022-08-09 08:32:35,116] {processor.py:163} INFO - Started process (PID=3609) to work on /home/airflow/.local/lib/python3.7/site-packages/airflow/example_dags/example_task_group.py
[2022-08-09 08:32:35,118] {processor.py:642} INFO - Processing file /home/airflow/.local/lib/python3.7/site-packages/airflow/example_dags/example_task_group.py for tasks to queue
[2022-08-09 08:32:35,119] {logging_mixin.py:109} INFO - [2022-08-09 08:32:35,119] {dagbag.py:500} INFO - Filling up the DagBag from /home/airflow/.local/lib/python3.7/site-packages/airflow/example_dags/example_task_group.py
[2022-08-09 08:32:35,148] {processor.py:654} INFO - DAG(s) dict_keys(['example_task_group']) retrieved from /home/airflow/.local/lib/python3.7/site-packages/airflow/example_dags/example_task_group.py
[2022-08-09 08:32:35,161] {logging_mixin.py:109} INFO - [2022-08-09 08:32:35,160] {dag.py:2396} INFO - Sync 1 DAGs
[2022-08-09 08:32:35,176] {logging_mixin.py:109} INFO - [2022-08-09 08:32:35,176] {dag.py:2935} INFO - Setting next_dagrun for example_task_group to 2022-08-08T08:32:35.176099+00:00
[2022-08-09 08:32:35,186] {processor.py:171} INFO - Processing /home/airflow/.local/lib/python3.7/site-packages/airflow/example_dags/example_task_group.py took 0.073 seconds
[2022-08-09 08:33:05,823] {processor.py:163} INFO - Started process (PID=3669) to work on /home/airflow/.local/lib/python3.7/site-packages/airflow/example_dags/example_task_group.py
[2022-08-09 08:33:05,826] {processor.py:642} INFO - Processing file /home/airflow/.local/lib/python3.7/site-packages/airflow/example_dags/example_task_group.py for tasks to queue
[2022-08-09 08:33:05,828] {logging_mixin.py:109} INFO - [2022-08-09 08:33:05,828] {dagbag.py:500} INFO - Filling up the DagBag from /home/airflow/.local/lib/python3.7/site-packages/airflow/example_dags/example_task_group.py
[2022-08-09 08:33:05,858] {processor.py:654} INFO - DAG(s) dict_keys(['example_task_group']) retrieved from /home/airflow/.local/lib/python3.7/site-packages/airflow/example_dags/example_task_group.py
[2022-08-09 08:33:05,870] {logging_mixin.py:109} INFO - [2022-08-09 08:33:05,870] {dag.py:2396} INFO - Sync 1 DAGs
[2022-08-09 08:33:05,885] {logging_mixin.py:109} INFO - [2022-08-09 08:33:05,885] {dag.py:2935} INFO - Setting next_dagrun for example_task_group to 2022-08-08T08:33:05.885428+00:00
[2022-08-09 08:33:05,896] {processor.py:171} INFO - Processing /home/airflow/.local/lib/python3.7/site-packages/airflow/example_dags/example_task_group.py took 0.078 seconds
[2022-08-09 08:33:35,938] {processor.py:163} INFO - Started process (PID=3740) to work on /home/airflow/.local/lib/python3.7/site-packages/airflow/example_dags/example_task_group.py
[2022-08-09 08:33:35,940] {processor.py:642} INFO - Processing file /home/airflow/.local/lib/python3.7/site-packages/airflow/example_dags/example_task_group.py for tasks to queue
[2022-08-09 08:33:35,942] {logging_mixin.py:109} INFO - [2022-08-09 08:33:35,941] {dagbag.py:500} INFO - Filling up the DagBag from /home/airflow/.local/lib/python3.7/site-packages/airflow/example_dags/example_task_group.py
[2022-08-09 08:33:35,971] {processor.py:654} INFO - DAG(s) dict_keys(['example_task_group']) retrieved from /home/airflow/.local/lib/python3.7/site-packages/airflow/example_dags/example_task_group.py
[2022-08-09 08:33:35,983] {logging_mixin.py:109} INFO - [2022-08-09 08:33:35,983] {dag.py:2396} INFO - Sync 1 DAGs
[2022-08-09 08:33:35,999] {logging_mixin.py:109} INFO - [2022-08-09 08:33:35,999] {dag.py:2935} INFO - Setting next_dagrun for example_task_group to 2022-08-08T08:33:35.998968+00:00
[2022-08-09 08:33:36,010] {processor.py:171} INFO - Processing /home/airflow/.local/lib/python3.7/site-packages/airflow/example_dags/example_task_group.py took 0.075 seconds
[2022-08-09 08:34:06,074] {processor.py:163} INFO - Started process (PID=3796) to work on /home/airflow/.local/lib/python3.7/site-packages/airflow/example_dags/example_task_group.py
[2022-08-09 08:34:06,077] {processor.py:642} INFO - Processing file /home/airflow/.local/lib/python3.7/site-packages/airflow/example_dags/example_task_group.py for tasks to queue
[2022-08-09 08:34:06,078] {logging_mixin.py:109} INFO - [2022-08-09 08:34:06,078] {dagbag.py:500} INFO - Filling up the DagBag from /home/airflow/.local/lib/python3.7/site-packages/airflow/example_dags/example_task_group.py
[2022-08-09 08:34:06,115] {processor.py:654} INFO - DAG(s) dict_keys(['example_task_group']) retrieved from /home/airflow/.local/lib/python3.7/site-packages/airflow/example_dags/example_task_group.py
[2022-08-09 08:34:06,127] {logging_mixin.py:109} INFO - [2022-08-09 08:34:06,127] {dag.py:2396} INFO - Sync 1 DAGs
[2022-08-09 08:34:06,144] {logging_mixin.py:109} INFO - [2022-08-09 08:34:06,144] {dag.py:2935} INFO - Setting next_dagrun for example_task_group to 2022-08-08T08:34:06.143886+00:00
[2022-08-09 08:34:06,162] {processor.py:171} INFO - Processing /home/airflow/.local/lib/python3.7/site-packages/airflow/example_dags/example_task_group.py took 0.091 seconds
[2022-08-09 08:34:36,366] {processor.py:163} INFO - Started process (PID=3864) to work on /home/airflow/.local/lib/python3.7/site-packages/airflow/example_dags/example_task_group.py
[2022-08-09 08:34:36,369] {processor.py:642} INFO - Processing file /home/airflow/.local/lib/python3.7/site-packages/airflow/example_dags/example_task_group.py for tasks to queue
[2022-08-09 08:34:36,370] {logging_mixin.py:109} INFO - [2022-08-09 08:34:36,370] {dagbag.py:500} INFO - Filling up the DagBag from /home/airflow/.local/lib/python3.7/site-packages/airflow/example_dags/example_task_group.py
[2022-08-09 08:34:36,404] {processor.py:654} INFO - DAG(s) dict_keys(['example_task_group']) retrieved from /home/airflow/.local/lib/python3.7/site-packages/airflow/example_dags/example_task_group.py
[2022-08-09 08:34:36,416] {logging_mixin.py:109} INFO - [2022-08-09 08:34:36,416] {dag.py:2396} INFO - Sync 1 DAGs
[2022-08-09 08:34:36,432] {logging_mixin.py:109} INFO - [2022-08-09 08:34:36,432] {dag.py:2935} INFO - Setting next_dagrun for example_task_group to 2022-08-08T08:34:36.432519+00:00
[2022-08-09 08:34:36,443] {processor.py:171} INFO - Processing /home/airflow/.local/lib/python3.7/site-packages/airflow/example_dags/example_task_group.py took 0.080 seconds
[2022-08-09 08:35:06,763] {processor.py:163} INFO - Started process (PID=3924) to work on /home/airflow/.local/lib/python3.7/site-packages/airflow/example_dags/example_task_group.py
[2022-08-09 08:35:06,767] {processor.py:642} INFO - Processing file /home/airflow/.local/lib/python3.7/site-packages/airflow/example_dags/example_task_group.py for tasks to queue
[2022-08-09 08:35:06,769] {logging_mixin.py:109} INFO - [2022-08-09 08:35:06,769] {dagbag.py:500} INFO - Filling up the DagBag from /home/airflow/.local/lib/python3.7/site-packages/airflow/example_dags/example_task_group.py
[2022-08-09 08:35:06,808] {processor.py:654} INFO - DAG(s) dict_keys(['example_task_group']) retrieved from /home/airflow/.local/lib/python3.7/site-packages/airflow/example_dags/example_task_group.py
[2022-08-09 08:35:06,819] {logging_mixin.py:109} INFO - [2022-08-09 08:35:06,819] {dag.py:2396} INFO - Sync 1 DAGs
[2022-08-09 08:35:06,837] {logging_mixin.py:109} INFO - [2022-08-09 08:35:06,837] {dag.py:2935} INFO - Setting next_dagrun for example_task_group to 2022-08-08T08:35:06.836817+00:00
[2022-08-09 08:35:06,850] {processor.py:171} INFO - Processing /home/airflow/.local/lib/python3.7/site-packages/airflow/example_dags/example_task_group.py took 0.092 seconds
[2022-08-09 08:35:37,401] {processor.py:163} INFO - Started process (PID=3993) to work on /home/airflow/.local/lib/python3.7/site-packages/airflow/example_dags/example_task_group.py
[2022-08-09 08:35:37,405] {processor.py:642} INFO - Processing file /home/airflow/.local/lib/python3.7/site-packages/airflow/example_dags/example_task_group.py for tasks to queue
[2022-08-09 08:35:37,407] {logging_mixin.py:109} INFO - [2022-08-09 08:35:37,407] {dagbag.py:500} INFO - Filling up the DagBag from /home/airflow/.local/lib/python3.7/site-packages/airflow/example_dags/example_task_group.py
[2022-08-09 08:35:37,460] {processor.py:654} INFO - DAG(s) dict_keys(['example_task_group']) retrieved from /home/airflow/.local/lib/python3.7/site-packages/airflow/example_dags/example_task_group.py
[2022-08-09 08:35:37,479] {logging_mixin.py:109} INFO - [2022-08-09 08:35:37,479] {dag.py:2396} INFO - Sync 1 DAGs
[2022-08-09 08:35:37,507] {logging_mixin.py:109} INFO - [2022-08-09 08:35:37,507] {dag.py:2935} INFO - Setting next_dagrun for example_task_group to 2022-08-08T08:35:37.506731+00:00
[2022-08-09 08:35:37,524] {processor.py:171} INFO - Processing /home/airflow/.local/lib/python3.7/site-packages/airflow/example_dags/example_task_group.py took 0.129 seconds
[2022-08-09 08:36:08,114] {processor.py:163} INFO - Started process (PID=4053) to work on /home/airflow/.local/lib/python3.7/site-packages/airflow/example_dags/example_task_group.py
[2022-08-09 08:36:08,117] {processor.py:642} INFO - Processing file /home/airflow/.local/lib/python3.7/site-packages/airflow/example_dags/example_task_group.py for tasks to queue
[2022-08-09 08:36:08,120] {logging_mixin.py:109} INFO - [2022-08-09 08:36:08,119] {dagbag.py:500} INFO - Filling up the DagBag from /home/airflow/.local/lib/python3.7/site-packages/airflow/example_dags/example_task_group.py
[2022-08-09 08:36:08,171] {processor.py:654} INFO - DAG(s) dict_keys(['example_task_group']) retrieved from /home/airflow/.local/lib/python3.7/site-packages/airflow/example_dags/example_task_group.py
[2022-08-09 08:36:08,190] {logging_mixin.py:109} INFO - [2022-08-09 08:36:08,189] {dag.py:2396} INFO - Sync 1 DAGs
[2022-08-09 08:36:08,215] {logging_mixin.py:109} INFO - [2022-08-09 08:36:08,215] {dag.py:2935} INFO - Setting next_dagrun for example_task_group to 2022-08-08T08:36:08.215215+00:00
[2022-08-09 08:36:08,231] {processor.py:171} INFO - Processing /home/airflow/.local/lib/python3.7/site-packages/airflow/example_dags/example_task_group.py took 0.123 seconds
[2022-08-09 08:36:39,058] {processor.py:163} INFO - Started process (PID=4114) to work on /home/airflow/.local/lib/python3.7/site-packages/airflow/example_dags/example_task_group.py
[2022-08-09 08:36:39,062] {processor.py:642} INFO - Processing file /home/airflow/.local/lib/python3.7/site-packages/airflow/example_dags/example_task_group.py for tasks to queue
[2022-08-09 08:36:39,065] {logging_mixin.py:109} INFO - [2022-08-09 08:36:39,065] {dagbag.py:500} INFO - Filling up the DagBag from /home/airflow/.local/lib/python3.7/site-packages/airflow/example_dags/example_task_group.py
[2022-08-09 08:36:39,128] {processor.py:654} INFO - DAG(s) dict_keys(['example_task_group']) retrieved from /home/airflow/.local/lib/python3.7/site-packages/airflow/example_dags/example_task_group.py
[2022-08-09 08:36:39,152] {logging_mixin.py:109} INFO - [2022-08-09 08:36:39,151] {dag.py:2396} INFO - Sync 1 DAGs
[2022-08-09 08:36:39,181] {logging_mixin.py:109} INFO - [2022-08-09 08:36:39,181] {dag.py:2935} INFO - Setting next_dagrun for example_task_group to 2022-08-08T08:36:39.180792+00:00
[2022-08-09 08:36:39,200] {processor.py:171} INFO - Processing /home/airflow/.local/lib/python3.7/site-packages/airflow/example_dags/example_task_group.py took 0.152 seconds
[2022-08-09 08:55:27,465] {processor.py:163} INFO - Started process (PID=4185) to work on /home/airflow/.local/lib/python3.7/site-packages/airflow/example_dags/example_task_group.py
[2022-08-09 08:55:27,470] {processor.py:642} INFO - Processing file /home/airflow/.local/lib/python3.7/site-packages/airflow/example_dags/example_task_group.py for tasks to queue
[2022-08-09 08:55:27,481] {logging_mixin.py:109} INFO - [2022-08-09 08:55:27,481] {dagbag.py:500} INFO - Filling up the DagBag from /home/airflow/.local/lib/python3.7/site-packages/airflow/example_dags/example_task_group.py
[2022-08-10 00:00:57,114] {logging_mixin.py:109} INFO - [2022-08-10 00:00:56,861] {timeout.py:36} ERROR - Process timed out, PID: 4185
[2022-08-10 00:00:57,716] {logging_mixin.py:109} INFO - [2022-08-10 00:00:57,231] {dagbag.py:334} ERROR - Failed to import: /home/airflow/.local/lib/python3.7/site-packages/airflow/example_dags/example_task_group.py
Traceback (most recent call last):
  File "/home/airflow/.local/lib/python3.7/site-packages/airflow/models/dagbag.py", line 331, in _load_modules_from_file
    loader.exec_module(new_module)
  File "<frozen importlib._bootstrap_external>", line 728, in exec_module
  File "<frozen importlib._bootstrap>", line 219, in _call_with_frames_removed
  File "/home/airflow/.local/lib/python3.7/site-packages/airflow/example_dags/example_task_group.py", line 23, in <module>
    from airflow.operators.bash import BashOperator
  File "/home/airflow/.local/lib/python3.7/site-packages/airflow/operators/bash.py", line 28, in <module>
    class BashOperator(BaseOperator):
  File "/home/airflow/.local/lib/python3.7/site-packages/airflow/models/baseoperator.py", line 201, in __new__
    new_cls.__init__ = cls._apply_defaults(new_cls.__init__)
  File "/home/airflow/.local/lib/python3.7/site-packages/airflow/models/baseoperator.py", line 110, in _apply_defaults
    sig_cache = signature(func)
  File "/usr/local/lib/python3.7/inspect.py", line 3083, in signature
    return Signature.from_callable(obj, follow_wrapped=follow_wrapped)
  File "/home/airflow/.local/lib/python3.7/site-packages/airflow/utils/timeout.py", line 37, in handle_timeout
    raise AirflowTaskTimeout(self.error_message)
airflow.exceptions.AirflowTaskTimeout: DagBag import timeout for /home/airflow/.local/lib/python3.7/site-packages/airflow/example_dags/example_task_group.py after 30.0s.
Please take a look at these docs to improve your DAG import time:
* https://airflow.apache.org/docs/apache-airflow/2.2.3/best-practices.html#top-level-python-code
* https://airflow.apache.org/docs/apache-airflow/2.2.3/best-practices.html#reducing-dag-complexity, PID: 4185
[2022-08-10 00:00:58,890] {processor.py:690} INFO - Deactivated 1 DAGs which are no longer present in /home/airflow/.local/lib/python3.7/site-packages/airflow/example_dags/example_task_group.py
[2022-08-10 00:00:58,900] {processor.py:656} WARNING - No viable dags retrieved from /home/airflow/.local/lib/python3.7/site-packages/airflow/example_dags/example_task_group.py
[2022-08-10 00:00:59,479] {processor.py:171} INFO - Processing /home/airflow/.local/lib/python3.7/site-packages/airflow/example_dags/example_task_group.py took 112.364 seconds
