[2022-08-09 08:04:37,751] {processor.py:163} INFO - Started process (PID=82) to work on /home/airflow/.local/lib/python3.7/site-packages/airflow/example_dags/example_external_task_marker_dag.py
[2022-08-09 08:04:37,753] {processor.py:642} INFO - Processing file /home/airflow/.local/lib/python3.7/site-packages/airflow/example_dags/example_external_task_marker_dag.py for tasks to queue
[2022-08-09 08:04:37,755] {logging_mixin.py:109} INFO - [2022-08-09 08:04:37,755] {dagbag.py:500} INFO - Filling up the DagBag from /home/airflow/.local/lib/python3.7/site-packages/airflow/example_dags/example_external_task_marker_dag.py
[2022-08-09 08:04:37,794] {processor.py:654} INFO - DAG(s) dict_keys(['example_external_task_marker_parent', 'example_external_task_marker_child']) retrieved from /home/airflow/.local/lib/python3.7/site-packages/airflow/example_dags/example_external_task_marker_dag.py
[2022-08-09 08:04:37,817] {logging_mixin.py:109} INFO - [2022-08-09 08:04:37,816] {dag.py:2396} INFO - Sync 2 DAGs
[2022-08-09 08:04:37,838] {logging_mixin.py:109} INFO - [2022-08-09 08:04:37,838] {dag.py:2935} INFO - Setting next_dagrun for example_external_task_marker_child to None
[2022-08-09 08:04:37,839] {logging_mixin.py:109} INFO - [2022-08-09 08:04:37,839] {dag.py:2935} INFO - Setting next_dagrun for example_external_task_marker_parent to None
[2022-08-09 08:04:37,855] {processor.py:171} INFO - Processing /home/airflow/.local/lib/python3.7/site-packages/airflow/example_dags/example_external_task_marker_dag.py took 0.107 seconds
[2022-08-09 08:05:08,410] {processor.py:163} INFO - Started process (PID=143) to work on /home/airflow/.local/lib/python3.7/site-packages/airflow/example_dags/example_external_task_marker_dag.py
[2022-08-09 08:05:08,413] {processor.py:642} INFO - Processing file /home/airflow/.local/lib/python3.7/site-packages/airflow/example_dags/example_external_task_marker_dag.py for tasks to queue
[2022-08-09 08:05:08,415] {logging_mixin.py:109} INFO - [2022-08-09 08:05:08,415] {dagbag.py:500} INFO - Filling up the DagBag from /home/airflow/.local/lib/python3.7/site-packages/airflow/example_dags/example_external_task_marker_dag.py
[2022-08-09 08:05:08,468] {processor.py:654} INFO - DAG(s) dict_keys(['example_external_task_marker_parent', 'example_external_task_marker_child']) retrieved from /home/airflow/.local/lib/python3.7/site-packages/airflow/example_dags/example_external_task_marker_dag.py
[2022-08-09 08:05:08,489] {logging_mixin.py:109} INFO - [2022-08-09 08:05:08,488] {dag.py:2396} INFO - Sync 2 DAGs
[2022-08-09 08:05:08,508] {logging_mixin.py:109} INFO - [2022-08-09 08:05:08,508] {dag.py:2935} INFO - Setting next_dagrun for example_external_task_marker_child to None
[2022-08-09 08:05:08,509] {logging_mixin.py:109} INFO - [2022-08-09 08:05:08,509] {dag.py:2935} INFO - Setting next_dagrun for example_external_task_marker_parent to None
[2022-08-09 08:05:08,523] {processor.py:171} INFO - Processing /home/airflow/.local/lib/python3.7/site-packages/airflow/example_dags/example_external_task_marker_dag.py took 0.120 seconds
[2022-08-09 08:05:39,184] {processor.py:163} INFO - Started process (PID=203) to work on /home/airflow/.local/lib/python3.7/site-packages/airflow/example_dags/example_external_task_marker_dag.py
[2022-08-09 08:05:39,186] {processor.py:642} INFO - Processing file /home/airflow/.local/lib/python3.7/site-packages/airflow/example_dags/example_external_task_marker_dag.py for tasks to queue
[2022-08-09 08:05:39,188] {logging_mixin.py:109} INFO - [2022-08-09 08:05:39,188] {dagbag.py:500} INFO - Filling up the DagBag from /home/airflow/.local/lib/python3.7/site-packages/airflow/example_dags/example_external_task_marker_dag.py
[2022-08-09 08:05:39,223] {processor.py:654} INFO - DAG(s) dict_keys(['example_external_task_marker_parent', 'example_external_task_marker_child']) retrieved from /home/airflow/.local/lib/python3.7/site-packages/airflow/example_dags/example_external_task_marker_dag.py
[2022-08-09 08:05:39,243] {logging_mixin.py:109} INFO - [2022-08-09 08:05:39,243] {dag.py:2396} INFO - Sync 2 DAGs
[2022-08-09 08:05:39,264] {logging_mixin.py:109} INFO - [2022-08-09 08:05:39,264] {dag.py:2935} INFO - Setting next_dagrun for example_external_task_marker_child to None
[2022-08-09 08:05:39,266] {logging_mixin.py:109} INFO - [2022-08-09 08:05:39,265] {dag.py:2935} INFO - Setting next_dagrun for example_external_task_marker_parent to None
[2022-08-09 08:05:39,279] {processor.py:171} INFO - Processing /home/airflow/.local/lib/python3.7/site-packages/airflow/example_dags/example_external_task_marker_dag.py took 0.100 seconds
[2022-08-09 08:06:10,467] {processor.py:163} INFO - Started process (PID=273) to work on /home/airflow/.local/lib/python3.7/site-packages/airflow/example_dags/example_external_task_marker_dag.py
[2022-08-09 08:06:10,470] {processor.py:642} INFO - Processing file /home/airflow/.local/lib/python3.7/site-packages/airflow/example_dags/example_external_task_marker_dag.py for tasks to queue
[2022-08-09 08:06:10,472] {logging_mixin.py:109} INFO - [2022-08-09 08:06:10,472] {dagbag.py:500} INFO - Filling up the DagBag from /home/airflow/.local/lib/python3.7/site-packages/airflow/example_dags/example_external_task_marker_dag.py
[2022-08-09 08:06:10,526] {processor.py:654} INFO - DAG(s) dict_keys(['example_external_task_marker_parent', 'example_external_task_marker_child']) retrieved from /home/airflow/.local/lib/python3.7/site-packages/airflow/example_dags/example_external_task_marker_dag.py
[2022-08-09 08:06:10,545] {logging_mixin.py:109} INFO - [2022-08-09 08:06:10,545] {dag.py:2396} INFO - Sync 2 DAGs
[2022-08-09 08:06:10,564] {logging_mixin.py:109} INFO - [2022-08-09 08:06:10,564] {dag.py:2935} INFO - Setting next_dagrun for example_external_task_marker_child to None
[2022-08-09 08:06:10,566] {logging_mixin.py:109} INFO - [2022-08-09 08:06:10,566] {dag.py:2935} INFO - Setting next_dagrun for example_external_task_marker_parent to None
[2022-08-09 08:06:10,581] {processor.py:171} INFO - Processing /home/airflow/.local/lib/python3.7/site-packages/airflow/example_dags/example_external_task_marker_dag.py took 0.120 seconds
[2022-08-09 08:06:41,011] {processor.py:163} INFO - Started process (PID=333) to work on /home/airflow/.local/lib/python3.7/site-packages/airflow/example_dags/example_external_task_marker_dag.py
[2022-08-09 08:06:41,013] {processor.py:642} INFO - Processing file /home/airflow/.local/lib/python3.7/site-packages/airflow/example_dags/example_external_task_marker_dag.py for tasks to queue
[2022-08-09 08:06:41,015] {logging_mixin.py:109} INFO - [2022-08-09 08:06:41,015] {dagbag.py:500} INFO - Filling up the DagBag from /home/airflow/.local/lib/python3.7/site-packages/airflow/example_dags/example_external_task_marker_dag.py
[2022-08-09 08:06:41,053] {processor.py:654} INFO - DAG(s) dict_keys(['example_external_task_marker_parent', 'example_external_task_marker_child']) retrieved from /home/airflow/.local/lib/python3.7/site-packages/airflow/example_dags/example_external_task_marker_dag.py
[2022-08-09 08:06:41,071] {logging_mixin.py:109} INFO - [2022-08-09 08:06:41,071] {dag.py:2396} INFO - Sync 2 DAGs
[2022-08-09 08:06:41,091] {logging_mixin.py:109} INFO - [2022-08-09 08:06:41,090] {dag.py:2935} INFO - Setting next_dagrun for example_external_task_marker_child to None
[2022-08-09 08:06:41,092] {logging_mixin.py:109} INFO - [2022-08-09 08:06:41,092] {dag.py:2935} INFO - Setting next_dagrun for example_external_task_marker_parent to None
[2022-08-09 08:06:41,104] {processor.py:171} INFO - Processing /home/airflow/.local/lib/python3.7/site-packages/airflow/example_dags/example_external_task_marker_dag.py took 0.097 seconds
[2022-08-09 08:07:12,455] {processor.py:163} INFO - Started process (PID=403) to work on /home/airflow/.local/lib/python3.7/site-packages/airflow/example_dags/example_external_task_marker_dag.py
[2022-08-09 08:07:12,457] {processor.py:642} INFO - Processing file /home/airflow/.local/lib/python3.7/site-packages/airflow/example_dags/example_external_task_marker_dag.py for tasks to queue
[2022-08-09 08:07:12,459] {logging_mixin.py:109} INFO - [2022-08-09 08:07:12,459] {dagbag.py:500} INFO - Filling up the DagBag from /home/airflow/.local/lib/python3.7/site-packages/airflow/example_dags/example_external_task_marker_dag.py
[2022-08-09 08:07:12,498] {processor.py:654} INFO - DAG(s) dict_keys(['example_external_task_marker_parent', 'example_external_task_marker_child']) retrieved from /home/airflow/.local/lib/python3.7/site-packages/airflow/example_dags/example_external_task_marker_dag.py
[2022-08-09 08:07:12,514] {logging_mixin.py:109} INFO - [2022-08-09 08:07:12,514] {dag.py:2396} INFO - Sync 2 DAGs
[2022-08-09 08:07:12,532] {logging_mixin.py:109} INFO - [2022-08-09 08:07:12,532] {dag.py:2935} INFO - Setting next_dagrun for example_external_task_marker_child to None
[2022-08-09 08:07:12,533] {logging_mixin.py:109} INFO - [2022-08-09 08:07:12,533] {dag.py:2935} INFO - Setting next_dagrun for example_external_task_marker_parent to None
[2022-08-09 08:07:12,547] {processor.py:171} INFO - Processing /home/airflow/.local/lib/python3.7/site-packages/airflow/example_dags/example_external_task_marker_dag.py took 0.097 seconds
[2022-08-09 08:07:42,924] {processor.py:163} INFO - Started process (PID=463) to work on /home/airflow/.local/lib/python3.7/site-packages/airflow/example_dags/example_external_task_marker_dag.py
[2022-08-09 08:07:42,927] {processor.py:642} INFO - Processing file /home/airflow/.local/lib/python3.7/site-packages/airflow/example_dags/example_external_task_marker_dag.py for tasks to queue
[2022-08-09 08:07:42,929] {logging_mixin.py:109} INFO - [2022-08-09 08:07:42,929] {dagbag.py:500} INFO - Filling up the DagBag from /home/airflow/.local/lib/python3.7/site-packages/airflow/example_dags/example_external_task_marker_dag.py
[2022-08-09 08:07:42,983] {processor.py:654} INFO - DAG(s) dict_keys(['example_external_task_marker_parent', 'example_external_task_marker_child']) retrieved from /home/airflow/.local/lib/python3.7/site-packages/airflow/example_dags/example_external_task_marker_dag.py
[2022-08-09 08:07:43,009] {logging_mixin.py:109} INFO - [2022-08-09 08:07:43,009] {dag.py:2396} INFO - Sync 2 DAGs
[2022-08-09 08:07:43,029] {logging_mixin.py:109} INFO - [2022-08-09 08:07:43,029] {dag.py:2935} INFO - Setting next_dagrun for example_external_task_marker_child to None
[2022-08-09 08:07:43,031] {logging_mixin.py:109} INFO - [2022-08-09 08:07:43,031] {dag.py:2935} INFO - Setting next_dagrun for example_external_task_marker_parent to None
[2022-08-09 08:07:43,046] {processor.py:171} INFO - Processing /home/airflow/.local/lib/python3.7/site-packages/airflow/example_dags/example_external_task_marker_dag.py took 0.128 seconds
[2022-08-09 08:08:14,052] {processor.py:163} INFO - Started process (PID=535) to work on /home/airflow/.local/lib/python3.7/site-packages/airflow/example_dags/example_external_task_marker_dag.py
[2022-08-09 08:08:14,054] {processor.py:642} INFO - Processing file /home/airflow/.local/lib/python3.7/site-packages/airflow/example_dags/example_external_task_marker_dag.py for tasks to queue
[2022-08-09 08:08:14,055] {logging_mixin.py:109} INFO - [2022-08-09 08:08:14,055] {dagbag.py:500} INFO - Filling up the DagBag from /home/airflow/.local/lib/python3.7/site-packages/airflow/example_dags/example_external_task_marker_dag.py
[2022-08-09 08:08:14,089] {processor.py:654} INFO - DAG(s) dict_keys(['example_external_task_marker_parent', 'example_external_task_marker_child']) retrieved from /home/airflow/.local/lib/python3.7/site-packages/airflow/example_dags/example_external_task_marker_dag.py
[2022-08-09 08:08:14,104] {logging_mixin.py:109} INFO - [2022-08-09 08:08:14,104] {dag.py:2396} INFO - Sync 2 DAGs
[2022-08-09 08:08:14,130] {logging_mixin.py:109} INFO - [2022-08-09 08:08:14,130] {dag.py:2935} INFO - Setting next_dagrun for example_external_task_marker_child to None
[2022-08-09 08:08:14,134] {logging_mixin.py:109} INFO - [2022-08-09 08:08:14,133] {dag.py:2935} INFO - Setting next_dagrun for example_external_task_marker_parent to None
[2022-08-09 08:08:14,148] {processor.py:171} INFO - Processing /home/airflow/.local/lib/python3.7/site-packages/airflow/example_dags/example_external_task_marker_dag.py took 0.101 seconds
[2022-08-09 08:08:44,773] {processor.py:163} INFO - Started process (PID=596) to work on /home/airflow/.local/lib/python3.7/site-packages/airflow/example_dags/example_external_task_marker_dag.py
[2022-08-09 08:08:44,776] {processor.py:642} INFO - Processing file /home/airflow/.local/lib/python3.7/site-packages/airflow/example_dags/example_external_task_marker_dag.py for tasks to queue
[2022-08-09 08:08:44,778] {logging_mixin.py:109} INFO - [2022-08-09 08:08:44,778] {dagbag.py:500} INFO - Filling up the DagBag from /home/airflow/.local/lib/python3.7/site-packages/airflow/example_dags/example_external_task_marker_dag.py
[2022-08-09 08:08:44,816] {processor.py:654} INFO - DAG(s) dict_keys(['example_external_task_marker_parent', 'example_external_task_marker_child']) retrieved from /home/airflow/.local/lib/python3.7/site-packages/airflow/example_dags/example_external_task_marker_dag.py
[2022-08-09 08:08:44,838] {logging_mixin.py:109} INFO - [2022-08-09 08:08:44,838] {dag.py:2396} INFO - Sync 2 DAGs
[2022-08-09 08:08:44,875] {logging_mixin.py:109} INFO - [2022-08-09 08:08:44,875] {dag.py:2935} INFO - Setting next_dagrun for example_external_task_marker_child to None
[2022-08-09 08:08:44,877] {logging_mixin.py:109} INFO - [2022-08-09 08:08:44,876] {dag.py:2935} INFO - Setting next_dagrun for example_external_task_marker_parent to None
[2022-08-09 08:08:44,913] {processor.py:171} INFO - Processing /home/airflow/.local/lib/python3.7/site-packages/airflow/example_dags/example_external_task_marker_dag.py took 0.144 seconds
[2022-08-09 08:09:15,770] {processor.py:163} INFO - Started process (PID=667) to work on /home/airflow/.local/lib/python3.7/site-packages/airflow/example_dags/example_external_task_marker_dag.py
[2022-08-09 08:09:15,772] {processor.py:642} INFO - Processing file /home/airflow/.local/lib/python3.7/site-packages/airflow/example_dags/example_external_task_marker_dag.py for tasks to queue
[2022-08-09 08:09:15,773] {logging_mixin.py:109} INFO - [2022-08-09 08:09:15,773] {dagbag.py:500} INFO - Filling up the DagBag from /home/airflow/.local/lib/python3.7/site-packages/airflow/example_dags/example_external_task_marker_dag.py
[2022-08-09 08:09:15,803] {processor.py:654} INFO - DAG(s) dict_keys(['example_external_task_marker_parent', 'example_external_task_marker_child']) retrieved from /home/airflow/.local/lib/python3.7/site-packages/airflow/example_dags/example_external_task_marker_dag.py
[2022-08-09 08:09:15,817] {logging_mixin.py:109} INFO - [2022-08-09 08:09:15,817] {dag.py:2396} INFO - Sync 2 DAGs
[2022-08-09 08:09:15,833] {logging_mixin.py:109} INFO - [2022-08-09 08:09:15,833] {dag.py:2935} INFO - Setting next_dagrun for example_external_task_marker_child to None
[2022-08-09 08:09:15,834] {logging_mixin.py:109} INFO - [2022-08-09 08:09:15,834] {dag.py:2935} INFO - Setting next_dagrun for example_external_task_marker_parent to None
[2022-08-09 08:09:15,847] {processor.py:171} INFO - Processing /home/airflow/.local/lib/python3.7/site-packages/airflow/example_dags/example_external_task_marker_dag.py took 0.081 seconds
[2022-08-09 08:09:46,740] {processor.py:163} INFO - Started process (PID=728) to work on /home/airflow/.local/lib/python3.7/site-packages/airflow/example_dags/example_external_task_marker_dag.py
[2022-08-09 08:09:46,743] {processor.py:642} INFO - Processing file /home/airflow/.local/lib/python3.7/site-packages/airflow/example_dags/example_external_task_marker_dag.py for tasks to queue
[2022-08-09 08:09:46,744] {logging_mixin.py:109} INFO - [2022-08-09 08:09:46,744] {dagbag.py:500} INFO - Filling up the DagBag from /home/airflow/.local/lib/python3.7/site-packages/airflow/example_dags/example_external_task_marker_dag.py
[2022-08-09 08:09:46,774] {processor.py:654} INFO - DAG(s) dict_keys(['example_external_task_marker_parent', 'example_external_task_marker_child']) retrieved from /home/airflow/.local/lib/python3.7/site-packages/airflow/example_dags/example_external_task_marker_dag.py
[2022-08-09 08:09:46,788] {logging_mixin.py:109} INFO - [2022-08-09 08:09:46,788] {dag.py:2396} INFO - Sync 2 DAGs
[2022-08-09 08:09:46,807] {logging_mixin.py:109} INFO - [2022-08-09 08:09:46,807] {dag.py:2935} INFO - Setting next_dagrun for example_external_task_marker_child to None
[2022-08-09 08:09:46,808] {logging_mixin.py:109} INFO - [2022-08-09 08:09:46,808] {dag.py:2935} INFO - Setting next_dagrun for example_external_task_marker_parent to None
[2022-08-09 08:09:46,822] {processor.py:171} INFO - Processing /home/airflow/.local/lib/python3.7/site-packages/airflow/example_dags/example_external_task_marker_dag.py took 0.085 seconds
[2022-08-09 08:10:17,187] {processor.py:163} INFO - Started process (PID=797) to work on /home/airflow/.local/lib/python3.7/site-packages/airflow/example_dags/example_external_task_marker_dag.py
[2022-08-09 08:10:17,195] {processor.py:642} INFO - Processing file /home/airflow/.local/lib/python3.7/site-packages/airflow/example_dags/example_external_task_marker_dag.py for tasks to queue
[2022-08-09 08:10:17,197] {logging_mixin.py:109} INFO - [2022-08-09 08:10:17,197] {dagbag.py:500} INFO - Filling up the DagBag from /home/airflow/.local/lib/python3.7/site-packages/airflow/example_dags/example_external_task_marker_dag.py
[2022-08-09 08:10:17,231] {processor.py:654} INFO - DAG(s) dict_keys(['example_external_task_marker_parent', 'example_external_task_marker_child']) retrieved from /home/airflow/.local/lib/python3.7/site-packages/airflow/example_dags/example_external_task_marker_dag.py
[2022-08-09 08:10:17,247] {logging_mixin.py:109} INFO - [2022-08-09 08:10:17,247] {dag.py:2396} INFO - Sync 2 DAGs
[2022-08-09 08:10:17,264] {logging_mixin.py:109} INFO - [2022-08-09 08:10:17,264] {dag.py:2935} INFO - Setting next_dagrun for example_external_task_marker_child to None
[2022-08-09 08:10:17,265] {logging_mixin.py:109} INFO - [2022-08-09 08:10:17,265] {dag.py:2935} INFO - Setting next_dagrun for example_external_task_marker_parent to None
[2022-08-09 08:10:17,276] {processor.py:171} INFO - Processing /home/airflow/.local/lib/python3.7/site-packages/airflow/example_dags/example_external_task_marker_dag.py took 0.094 seconds
[2022-08-09 08:10:48,061] {processor.py:163} INFO - Started process (PID=859) to work on /home/airflow/.local/lib/python3.7/site-packages/airflow/example_dags/example_external_task_marker_dag.py
[2022-08-09 08:10:48,063] {processor.py:642} INFO - Processing file /home/airflow/.local/lib/python3.7/site-packages/airflow/example_dags/example_external_task_marker_dag.py for tasks to queue
[2022-08-09 08:10:48,064] {logging_mixin.py:109} INFO - [2022-08-09 08:10:48,064] {dagbag.py:500} INFO - Filling up the DagBag from /home/airflow/.local/lib/python3.7/site-packages/airflow/example_dags/example_external_task_marker_dag.py
[2022-08-09 08:10:48,100] {processor.py:654} INFO - DAG(s) dict_keys(['example_external_task_marker_parent', 'example_external_task_marker_child']) retrieved from /home/airflow/.local/lib/python3.7/site-packages/airflow/example_dags/example_external_task_marker_dag.py
[2022-08-09 08:10:48,115] {logging_mixin.py:109} INFO - [2022-08-09 08:10:48,115] {dag.py:2396} INFO - Sync 2 DAGs
[2022-08-09 08:10:48,133] {logging_mixin.py:109} INFO - [2022-08-09 08:10:48,133] {dag.py:2935} INFO - Setting next_dagrun for example_external_task_marker_child to None
[2022-08-09 08:10:48,134] {logging_mixin.py:109} INFO - [2022-08-09 08:10:48,134] {dag.py:2935} INFO - Setting next_dagrun for example_external_task_marker_parent to None
[2022-08-09 08:10:48,145] {processor.py:171} INFO - Processing /home/airflow/.local/lib/python3.7/site-packages/airflow/example_dags/example_external_task_marker_dag.py took 0.089 seconds
[2022-08-09 08:11:19,016] {processor.py:163} INFO - Started process (PID=928) to work on /home/airflow/.local/lib/python3.7/site-packages/airflow/example_dags/example_external_task_marker_dag.py
[2022-08-09 08:11:19,018] {processor.py:642} INFO - Processing file /home/airflow/.local/lib/python3.7/site-packages/airflow/example_dags/example_external_task_marker_dag.py for tasks to queue
[2022-08-09 08:11:19,020] {logging_mixin.py:109} INFO - [2022-08-09 08:11:19,019] {dagbag.py:500} INFO - Filling up the DagBag from /home/airflow/.local/lib/python3.7/site-packages/airflow/example_dags/example_external_task_marker_dag.py
[2022-08-09 08:11:19,050] {processor.py:654} INFO - DAG(s) dict_keys(['example_external_task_marker_parent', 'example_external_task_marker_child']) retrieved from /home/airflow/.local/lib/python3.7/site-packages/airflow/example_dags/example_external_task_marker_dag.py
[2022-08-09 08:11:19,064] {logging_mixin.py:109} INFO - [2022-08-09 08:11:19,064] {dag.py:2396} INFO - Sync 2 DAGs
[2022-08-09 08:11:19,081] {logging_mixin.py:109} INFO - [2022-08-09 08:11:19,081] {dag.py:2935} INFO - Setting next_dagrun for example_external_task_marker_child to None
[2022-08-09 08:11:19,083] {logging_mixin.py:109} INFO - [2022-08-09 08:11:19,083] {dag.py:2935} INFO - Setting next_dagrun for example_external_task_marker_parent to None
[2022-08-09 08:11:19,093] {processor.py:171} INFO - Processing /home/airflow/.local/lib/python3.7/site-packages/airflow/example_dags/example_external_task_marker_dag.py took 0.081 seconds
[2022-08-09 08:11:49,564] {processor.py:163} INFO - Started process (PID=988) to work on /home/airflow/.local/lib/python3.7/site-packages/airflow/example_dags/example_external_task_marker_dag.py
[2022-08-09 08:11:49,565] {processor.py:642} INFO - Processing file /home/airflow/.local/lib/python3.7/site-packages/airflow/example_dags/example_external_task_marker_dag.py for tasks to queue
[2022-08-09 08:11:49,567] {logging_mixin.py:109} INFO - [2022-08-09 08:11:49,567] {dagbag.py:500} INFO - Filling up the DagBag from /home/airflow/.local/lib/python3.7/site-packages/airflow/example_dags/example_external_task_marker_dag.py
[2022-08-09 08:11:49,600] {processor.py:654} INFO - DAG(s) dict_keys(['example_external_task_marker_parent', 'example_external_task_marker_child']) retrieved from /home/airflow/.local/lib/python3.7/site-packages/airflow/example_dags/example_external_task_marker_dag.py
[2022-08-09 08:11:49,614] {logging_mixin.py:109} INFO - [2022-08-09 08:11:49,614] {dag.py:2396} INFO - Sync 2 DAGs
[2022-08-09 08:11:49,634] {logging_mixin.py:109} INFO - [2022-08-09 08:11:49,634] {dag.py:2935} INFO - Setting next_dagrun for example_external_task_marker_child to None
[2022-08-09 08:11:49,635] {logging_mixin.py:109} INFO - [2022-08-09 08:11:49,635] {dag.py:2935} INFO - Setting next_dagrun for example_external_task_marker_parent to None
[2022-08-09 08:11:49,647] {processor.py:171} INFO - Processing /home/airflow/.local/lib/python3.7/site-packages/airflow/example_dags/example_external_task_marker_dag.py took 0.087 seconds
[2022-08-09 08:12:20,366] {processor.py:163} INFO - Started process (PID=1058) to work on /home/airflow/.local/lib/python3.7/site-packages/airflow/example_dags/example_external_task_marker_dag.py
[2022-08-09 08:12:20,368] {processor.py:642} INFO - Processing file /home/airflow/.local/lib/python3.7/site-packages/airflow/example_dags/example_external_task_marker_dag.py for tasks to queue
[2022-08-09 08:12:20,370] {logging_mixin.py:109} INFO - [2022-08-09 08:12:20,370] {dagbag.py:500} INFO - Filling up the DagBag from /home/airflow/.local/lib/python3.7/site-packages/airflow/example_dags/example_external_task_marker_dag.py
[2022-08-09 08:12:20,400] {processor.py:654} INFO - DAG(s) dict_keys(['example_external_task_marker_parent', 'example_external_task_marker_child']) retrieved from /home/airflow/.local/lib/python3.7/site-packages/airflow/example_dags/example_external_task_marker_dag.py
[2022-08-09 08:12:20,415] {logging_mixin.py:109} INFO - [2022-08-09 08:12:20,415] {dag.py:2396} INFO - Sync 2 DAGs
[2022-08-09 08:12:20,439] {logging_mixin.py:109} INFO - [2022-08-09 08:12:20,439] {dag.py:2935} INFO - Setting next_dagrun for example_external_task_marker_child to None
[2022-08-09 08:12:20,440] {logging_mixin.py:109} INFO - [2022-08-09 08:12:20,440] {dag.py:2935} INFO - Setting next_dagrun for example_external_task_marker_parent to None
[2022-08-09 08:12:20,450] {processor.py:171} INFO - Processing /home/airflow/.local/lib/python3.7/site-packages/airflow/example_dags/example_external_task_marker_dag.py took 0.088 seconds
[2022-08-09 08:12:51,141] {processor.py:163} INFO - Started process (PID=1118) to work on /home/airflow/.local/lib/python3.7/site-packages/airflow/example_dags/example_external_task_marker_dag.py
[2022-08-09 08:12:51,144] {processor.py:642} INFO - Processing file /home/airflow/.local/lib/python3.7/site-packages/airflow/example_dags/example_external_task_marker_dag.py for tasks to queue
[2022-08-09 08:12:51,145] {logging_mixin.py:109} INFO - [2022-08-09 08:12:51,145] {dagbag.py:500} INFO - Filling up the DagBag from /home/airflow/.local/lib/python3.7/site-packages/airflow/example_dags/example_external_task_marker_dag.py
[2022-08-09 08:12:51,178] {processor.py:654} INFO - DAG(s) dict_keys(['example_external_task_marker_parent', 'example_external_task_marker_child']) retrieved from /home/airflow/.local/lib/python3.7/site-packages/airflow/example_dags/example_external_task_marker_dag.py
[2022-08-09 08:12:51,196] {logging_mixin.py:109} INFO - [2022-08-09 08:12:51,196] {dag.py:2396} INFO - Sync 2 DAGs
[2022-08-09 08:12:51,217] {logging_mixin.py:109} INFO - [2022-08-09 08:12:51,217] {dag.py:2935} INFO - Setting next_dagrun for example_external_task_marker_child to None
[2022-08-09 08:12:51,218] {logging_mixin.py:109} INFO - [2022-08-09 08:12:51,218] {dag.py:2935} INFO - Setting next_dagrun for example_external_task_marker_parent to None
[2022-08-09 08:12:51,236] {processor.py:171} INFO - Processing /home/airflow/.local/lib/python3.7/site-packages/airflow/example_dags/example_external_task_marker_dag.py took 0.098 seconds
[2022-08-09 08:13:21,541] {processor.py:163} INFO - Started process (PID=1187) to work on /home/airflow/.local/lib/python3.7/site-packages/airflow/example_dags/example_external_task_marker_dag.py
[2022-08-09 08:13:21,545] {processor.py:642} INFO - Processing file /home/airflow/.local/lib/python3.7/site-packages/airflow/example_dags/example_external_task_marker_dag.py for tasks to queue
[2022-08-09 08:13:21,546] {logging_mixin.py:109} INFO - [2022-08-09 08:13:21,546] {dagbag.py:500} INFO - Filling up the DagBag from /home/airflow/.local/lib/python3.7/site-packages/airflow/example_dags/example_external_task_marker_dag.py
[2022-08-09 08:13:21,588] {processor.py:654} INFO - DAG(s) dict_keys(['example_external_task_marker_parent', 'example_external_task_marker_child']) retrieved from /home/airflow/.local/lib/python3.7/site-packages/airflow/example_dags/example_external_task_marker_dag.py
[2022-08-09 08:13:21,602] {logging_mixin.py:109} INFO - [2022-08-09 08:13:21,602] {dag.py:2396} INFO - Sync 2 DAGs
[2022-08-09 08:13:21,621] {logging_mixin.py:109} INFO - [2022-08-09 08:13:21,621] {dag.py:2935} INFO - Setting next_dagrun for example_external_task_marker_child to None
[2022-08-09 08:13:21,622] {logging_mixin.py:109} INFO - [2022-08-09 08:13:21,622] {dag.py:2935} INFO - Setting next_dagrun for example_external_task_marker_parent to None
[2022-08-09 08:13:21,633] {processor.py:171} INFO - Processing /home/airflow/.local/lib/python3.7/site-packages/airflow/example_dags/example_external_task_marker_dag.py took 0.096 seconds
[2022-08-09 08:13:52,007] {processor.py:163} INFO - Started process (PID=1244) to work on /home/airflow/.local/lib/python3.7/site-packages/airflow/example_dags/example_external_task_marker_dag.py
[2022-08-09 08:13:52,009] {processor.py:642} INFO - Processing file /home/airflow/.local/lib/python3.7/site-packages/airflow/example_dags/example_external_task_marker_dag.py for tasks to queue
[2022-08-09 08:13:52,010] {logging_mixin.py:109} INFO - [2022-08-09 08:13:52,010] {dagbag.py:500} INFO - Filling up the DagBag from /home/airflow/.local/lib/python3.7/site-packages/airflow/example_dags/example_external_task_marker_dag.py
[2022-08-09 08:13:52,043] {processor.py:654} INFO - DAG(s) dict_keys(['example_external_task_marker_parent', 'example_external_task_marker_child']) retrieved from /home/airflow/.local/lib/python3.7/site-packages/airflow/example_dags/example_external_task_marker_dag.py
[2022-08-09 08:13:52,059] {logging_mixin.py:109} INFO - [2022-08-09 08:13:52,059] {dag.py:2396} INFO - Sync 2 DAGs
[2022-08-09 08:13:52,076] {logging_mixin.py:109} INFO - [2022-08-09 08:13:52,076] {dag.py:2935} INFO - Setting next_dagrun for example_external_task_marker_child to None
[2022-08-09 08:13:52,078] {logging_mixin.py:109} INFO - [2022-08-09 08:13:52,078] {dag.py:2935} INFO - Setting next_dagrun for example_external_task_marker_parent to None
[2022-08-09 08:13:52,091] {processor.py:171} INFO - Processing /home/airflow/.local/lib/python3.7/site-packages/airflow/example_dags/example_external_task_marker_dag.py took 0.089 seconds
[2022-08-09 08:14:23,262] {processor.py:163} INFO - Started process (PID=1313) to work on /home/airflow/.local/lib/python3.7/site-packages/airflow/example_dags/example_external_task_marker_dag.py
[2022-08-09 08:14:23,264] {processor.py:642} INFO - Processing file /home/airflow/.local/lib/python3.7/site-packages/airflow/example_dags/example_external_task_marker_dag.py for tasks to queue
[2022-08-09 08:14:23,265] {logging_mixin.py:109} INFO - [2022-08-09 08:14:23,265] {dagbag.py:500} INFO - Filling up the DagBag from /home/airflow/.local/lib/python3.7/site-packages/airflow/example_dags/example_external_task_marker_dag.py
[2022-08-09 08:14:23,293] {processor.py:654} INFO - DAG(s) dict_keys(['example_external_task_marker_parent', 'example_external_task_marker_child']) retrieved from /home/airflow/.local/lib/python3.7/site-packages/airflow/example_dags/example_external_task_marker_dag.py
[2022-08-09 08:14:23,307] {logging_mixin.py:109} INFO - [2022-08-09 08:14:23,307] {dag.py:2396} INFO - Sync 2 DAGs
[2022-08-09 08:14:23,324] {logging_mixin.py:109} INFO - [2022-08-09 08:14:23,324] {dag.py:2935} INFO - Setting next_dagrun for example_external_task_marker_child to None
[2022-08-09 08:14:23,326] {logging_mixin.py:109} INFO - [2022-08-09 08:14:23,326] {dag.py:2935} INFO - Setting next_dagrun for example_external_task_marker_parent to None
[2022-08-09 08:14:23,336] {processor.py:171} INFO - Processing /home/airflow/.local/lib/python3.7/site-packages/airflow/example_dags/example_external_task_marker_dag.py took 0.078 seconds
[2022-08-09 08:14:53,884] {processor.py:163} INFO - Started process (PID=1373) to work on /home/airflow/.local/lib/python3.7/site-packages/airflow/example_dags/example_external_task_marker_dag.py
[2022-08-09 08:14:53,888] {processor.py:642} INFO - Processing file /home/airflow/.local/lib/python3.7/site-packages/airflow/example_dags/example_external_task_marker_dag.py for tasks to queue
[2022-08-09 08:14:53,892] {logging_mixin.py:109} INFO - [2022-08-09 08:14:53,891] {dagbag.py:500} INFO - Filling up the DagBag from /home/airflow/.local/lib/python3.7/site-packages/airflow/example_dags/example_external_task_marker_dag.py
[2022-08-09 08:14:53,924] {processor.py:654} INFO - DAG(s) dict_keys(['example_external_task_marker_parent', 'example_external_task_marker_child']) retrieved from /home/airflow/.local/lib/python3.7/site-packages/airflow/example_dags/example_external_task_marker_dag.py
[2022-08-09 08:14:53,937] {logging_mixin.py:109} INFO - [2022-08-09 08:14:53,937] {dag.py:2396} INFO - Sync 2 DAGs
[2022-08-09 08:14:53,954] {logging_mixin.py:109} INFO - [2022-08-09 08:14:53,954] {dag.py:2935} INFO - Setting next_dagrun for example_external_task_marker_child to None
[2022-08-09 08:14:53,955] {logging_mixin.py:109} INFO - [2022-08-09 08:14:53,955] {dag.py:2935} INFO - Setting next_dagrun for example_external_task_marker_parent to None
[2022-08-09 08:14:53,970] {processor.py:171} INFO - Processing /home/airflow/.local/lib/python3.7/site-packages/airflow/example_dags/example_external_task_marker_dag.py took 0.090 seconds
[2022-08-09 08:15:24,194] {processor.py:163} INFO - Started process (PID=1441) to work on /home/airflow/.local/lib/python3.7/site-packages/airflow/example_dags/example_external_task_marker_dag.py
[2022-08-09 08:15:24,197] {processor.py:642} INFO - Processing file /home/airflow/.local/lib/python3.7/site-packages/airflow/example_dags/example_external_task_marker_dag.py for tasks to queue
[2022-08-09 08:15:24,198] {logging_mixin.py:109} INFO - [2022-08-09 08:15:24,198] {dagbag.py:500} INFO - Filling up the DagBag from /home/airflow/.local/lib/python3.7/site-packages/airflow/example_dags/example_external_task_marker_dag.py
[2022-08-09 08:15:24,249] {processor.py:654} INFO - DAG(s) dict_keys(['example_external_task_marker_parent', 'example_external_task_marker_child']) retrieved from /home/airflow/.local/lib/python3.7/site-packages/airflow/example_dags/example_external_task_marker_dag.py
[2022-08-09 08:15:24,263] {logging_mixin.py:109} INFO - [2022-08-09 08:15:24,263] {dag.py:2396} INFO - Sync 2 DAGs
[2022-08-09 08:15:24,289] {logging_mixin.py:109} INFO - [2022-08-09 08:15:24,289] {dag.py:2935} INFO - Setting next_dagrun for example_external_task_marker_child to None
[2022-08-09 08:15:24,291] {logging_mixin.py:109} INFO - [2022-08-09 08:15:24,291] {dag.py:2935} INFO - Setting next_dagrun for example_external_task_marker_parent to None
[2022-08-09 08:15:24,311] {processor.py:171} INFO - Processing /home/airflow/.local/lib/python3.7/site-packages/airflow/example_dags/example_external_task_marker_dag.py took 0.122 seconds
[2022-08-09 08:15:54,799] {processor.py:163} INFO - Started process (PID=1504) to work on /home/airflow/.local/lib/python3.7/site-packages/airflow/example_dags/example_external_task_marker_dag.py
[2022-08-09 08:15:54,801] {processor.py:642} INFO - Processing file /home/airflow/.local/lib/python3.7/site-packages/airflow/example_dags/example_external_task_marker_dag.py for tasks to queue
[2022-08-09 08:15:54,803] {logging_mixin.py:109} INFO - [2022-08-09 08:15:54,803] {dagbag.py:500} INFO - Filling up the DagBag from /home/airflow/.local/lib/python3.7/site-packages/airflow/example_dags/example_external_task_marker_dag.py
[2022-08-09 08:15:54,835] {processor.py:654} INFO - DAG(s) dict_keys(['example_external_task_marker_parent', 'example_external_task_marker_child']) retrieved from /home/airflow/.local/lib/python3.7/site-packages/airflow/example_dags/example_external_task_marker_dag.py
[2022-08-09 08:15:54,851] {logging_mixin.py:109} INFO - [2022-08-09 08:15:54,851] {dag.py:2396} INFO - Sync 2 DAGs
[2022-08-09 08:15:54,868] {logging_mixin.py:109} INFO - [2022-08-09 08:15:54,868] {dag.py:2935} INFO - Setting next_dagrun for example_external_task_marker_child to None
[2022-08-09 08:15:54,870] {logging_mixin.py:109} INFO - [2022-08-09 08:15:54,870] {dag.py:2935} INFO - Setting next_dagrun for example_external_task_marker_parent to None
[2022-08-09 08:15:54,886] {processor.py:171} INFO - Processing /home/airflow/.local/lib/python3.7/site-packages/airflow/example_dags/example_external_task_marker_dag.py took 0.091 seconds
[2022-08-09 08:16:25,111] {processor.py:163} INFO - Started process (PID=1563) to work on /home/airflow/.local/lib/python3.7/site-packages/airflow/example_dags/example_external_task_marker_dag.py
[2022-08-09 08:16:25,113] {processor.py:642} INFO - Processing file /home/airflow/.local/lib/python3.7/site-packages/airflow/example_dags/example_external_task_marker_dag.py for tasks to queue
[2022-08-09 08:16:25,115] {logging_mixin.py:109} INFO - [2022-08-09 08:16:25,115] {dagbag.py:500} INFO - Filling up the DagBag from /home/airflow/.local/lib/python3.7/site-packages/airflow/example_dags/example_external_task_marker_dag.py
[2022-08-09 08:16:25,144] {processor.py:654} INFO - DAG(s) dict_keys(['example_external_task_marker_parent', 'example_external_task_marker_child']) retrieved from /home/airflow/.local/lib/python3.7/site-packages/airflow/example_dags/example_external_task_marker_dag.py
[2022-08-09 08:16:25,159] {logging_mixin.py:109} INFO - [2022-08-09 08:16:25,159] {dag.py:2396} INFO - Sync 2 DAGs
[2022-08-09 08:16:25,175] {logging_mixin.py:109} INFO - [2022-08-09 08:16:25,175] {dag.py:2935} INFO - Setting next_dagrun for example_external_task_marker_child to None
[2022-08-09 08:16:25,178] {logging_mixin.py:109} INFO - [2022-08-09 08:16:25,178] {dag.py:2935} INFO - Setting next_dagrun for example_external_task_marker_parent to None
[2022-08-09 08:16:25,189] {processor.py:171} INFO - Processing /home/airflow/.local/lib/python3.7/site-packages/airflow/example_dags/example_external_task_marker_dag.py took 0.083 seconds
[2022-08-09 08:16:55,868] {processor.py:163} INFO - Started process (PID=1632) to work on /home/airflow/.local/lib/python3.7/site-packages/airflow/example_dags/example_external_task_marker_dag.py
[2022-08-09 08:16:55,870] {processor.py:642} INFO - Processing file /home/airflow/.local/lib/python3.7/site-packages/airflow/example_dags/example_external_task_marker_dag.py for tasks to queue
[2022-08-09 08:16:55,871] {logging_mixin.py:109} INFO - [2022-08-09 08:16:55,871] {dagbag.py:500} INFO - Filling up the DagBag from /home/airflow/.local/lib/python3.7/site-packages/airflow/example_dags/example_external_task_marker_dag.py
[2022-08-09 08:16:55,904] {processor.py:654} INFO - DAG(s) dict_keys(['example_external_task_marker_parent', 'example_external_task_marker_child']) retrieved from /home/airflow/.local/lib/python3.7/site-packages/airflow/example_dags/example_external_task_marker_dag.py
[2022-08-09 08:16:55,922] {logging_mixin.py:109} INFO - [2022-08-09 08:16:55,922] {dag.py:2396} INFO - Sync 2 DAGs
[2022-08-09 08:16:55,943] {logging_mixin.py:109} INFO - [2022-08-09 08:16:55,943] {dag.py:2935} INFO - Setting next_dagrun for example_external_task_marker_child to None
[2022-08-09 08:16:55,945] {logging_mixin.py:109} INFO - [2022-08-09 08:16:55,945] {dag.py:2935} INFO - Setting next_dagrun for example_external_task_marker_parent to None
[2022-08-09 08:16:55,960] {processor.py:171} INFO - Processing /home/airflow/.local/lib/python3.7/site-packages/airflow/example_dags/example_external_task_marker_dag.py took 0.098 seconds
[2022-08-09 08:17:26,166] {processor.py:163} INFO - Started process (PID=1691) to work on /home/airflow/.local/lib/python3.7/site-packages/airflow/example_dags/example_external_task_marker_dag.py
[2022-08-09 08:17:26,167] {processor.py:642} INFO - Processing file /home/airflow/.local/lib/python3.7/site-packages/airflow/example_dags/example_external_task_marker_dag.py for tasks to queue
[2022-08-09 08:17:26,170] {logging_mixin.py:109} INFO - [2022-08-09 08:17:26,169] {dagbag.py:500} INFO - Filling up the DagBag from /home/airflow/.local/lib/python3.7/site-packages/airflow/example_dags/example_external_task_marker_dag.py
[2022-08-09 08:17:26,200] {processor.py:654} INFO - DAG(s) dict_keys(['example_external_task_marker_parent', 'example_external_task_marker_child']) retrieved from /home/airflow/.local/lib/python3.7/site-packages/airflow/example_dags/example_external_task_marker_dag.py
[2022-08-09 08:17:26,213] {logging_mixin.py:109} INFO - [2022-08-09 08:17:26,213] {dag.py:2396} INFO - Sync 2 DAGs
[2022-08-09 08:17:26,230] {logging_mixin.py:109} INFO - [2022-08-09 08:17:26,230] {dag.py:2935} INFO - Setting next_dagrun for example_external_task_marker_child to None
[2022-08-09 08:17:26,231] {logging_mixin.py:109} INFO - [2022-08-09 08:17:26,231] {dag.py:2935} INFO - Setting next_dagrun for example_external_task_marker_parent to None
[2022-08-09 08:17:26,242] {processor.py:171} INFO - Processing /home/airflow/.local/lib/python3.7/site-packages/airflow/example_dags/example_external_task_marker_dag.py took 0.079 seconds
[2022-08-09 08:17:56,654] {processor.py:163} INFO - Started process (PID=1760) to work on /home/airflow/.local/lib/python3.7/site-packages/airflow/example_dags/example_external_task_marker_dag.py
[2022-08-09 08:17:56,656] {processor.py:642} INFO - Processing file /home/airflow/.local/lib/python3.7/site-packages/airflow/example_dags/example_external_task_marker_dag.py for tasks to queue
[2022-08-09 08:17:56,658] {logging_mixin.py:109} INFO - [2022-08-09 08:17:56,657] {dagbag.py:500} INFO - Filling up the DagBag from /home/airflow/.local/lib/python3.7/site-packages/airflow/example_dags/example_external_task_marker_dag.py
[2022-08-09 08:17:56,705] {processor.py:654} INFO - DAG(s) dict_keys(['example_external_task_marker_parent', 'example_external_task_marker_child']) retrieved from /home/airflow/.local/lib/python3.7/site-packages/airflow/example_dags/example_external_task_marker_dag.py
[2022-08-09 08:17:56,720] {logging_mixin.py:109} INFO - [2022-08-09 08:17:56,720] {dag.py:2396} INFO - Sync 2 DAGs
[2022-08-09 08:17:56,738] {logging_mixin.py:109} INFO - [2022-08-09 08:17:56,738] {dag.py:2935} INFO - Setting next_dagrun for example_external_task_marker_child to None
[2022-08-09 08:17:56,739] {logging_mixin.py:109} INFO - [2022-08-09 08:17:56,739] {dag.py:2935} INFO - Setting next_dagrun for example_external_task_marker_parent to None
[2022-08-09 08:17:56,754] {processor.py:171} INFO - Processing /home/airflow/.local/lib/python3.7/site-packages/airflow/example_dags/example_external_task_marker_dag.py took 0.104 seconds
[2022-08-09 08:18:27,371] {processor.py:163} INFO - Started process (PID=1820) to work on /home/airflow/.local/lib/python3.7/site-packages/airflow/example_dags/example_external_task_marker_dag.py
[2022-08-09 08:18:27,374] {processor.py:642} INFO - Processing file /home/airflow/.local/lib/python3.7/site-packages/airflow/example_dags/example_external_task_marker_dag.py for tasks to queue
[2022-08-09 08:18:27,375] {logging_mixin.py:109} INFO - [2022-08-09 08:18:27,375] {dagbag.py:500} INFO - Filling up the DagBag from /home/airflow/.local/lib/python3.7/site-packages/airflow/example_dags/example_external_task_marker_dag.py
[2022-08-09 08:18:27,405] {processor.py:654} INFO - DAG(s) dict_keys(['example_external_task_marker_parent', 'example_external_task_marker_child']) retrieved from /home/airflow/.local/lib/python3.7/site-packages/airflow/example_dags/example_external_task_marker_dag.py
[2022-08-09 08:18:27,420] {logging_mixin.py:109} INFO - [2022-08-09 08:18:27,419] {dag.py:2396} INFO - Sync 2 DAGs
[2022-08-09 08:18:27,441] {logging_mixin.py:109} INFO - [2022-08-09 08:18:27,441] {dag.py:2935} INFO - Setting next_dagrun for example_external_task_marker_child to None
[2022-08-09 08:18:27,442] {logging_mixin.py:109} INFO - [2022-08-09 08:18:27,442] {dag.py:2935} INFO - Setting next_dagrun for example_external_task_marker_parent to None
[2022-08-09 08:18:27,461] {processor.py:171} INFO - Processing /home/airflow/.local/lib/python3.7/site-packages/airflow/example_dags/example_external_task_marker_dag.py took 0.093 seconds
[2022-08-09 08:18:57,956] {processor.py:163} INFO - Started process (PID=1890) to work on /home/airflow/.local/lib/python3.7/site-packages/airflow/example_dags/example_external_task_marker_dag.py
[2022-08-09 08:18:57,958] {processor.py:642} INFO - Processing file /home/airflow/.local/lib/python3.7/site-packages/airflow/example_dags/example_external_task_marker_dag.py for tasks to queue
[2022-08-09 08:18:57,960] {logging_mixin.py:109} INFO - [2022-08-09 08:18:57,959] {dagbag.py:500} INFO - Filling up the DagBag from /home/airflow/.local/lib/python3.7/site-packages/airflow/example_dags/example_external_task_marker_dag.py
[2022-08-09 08:18:57,992] {processor.py:654} INFO - DAG(s) dict_keys(['example_external_task_marker_parent', 'example_external_task_marker_child']) retrieved from /home/airflow/.local/lib/python3.7/site-packages/airflow/example_dags/example_external_task_marker_dag.py
[2022-08-09 08:18:58,009] {logging_mixin.py:109} INFO - [2022-08-09 08:18:58,009] {dag.py:2396} INFO - Sync 2 DAGs
[2022-08-09 08:18:58,027] {logging_mixin.py:109} INFO - [2022-08-09 08:18:58,027] {dag.py:2935} INFO - Setting next_dagrun for example_external_task_marker_child to None
[2022-08-09 08:18:58,028] {logging_mixin.py:109} INFO - [2022-08-09 08:18:58,028] {dag.py:2935} INFO - Setting next_dagrun for example_external_task_marker_parent to None
[2022-08-09 08:18:58,130] {processor.py:171} INFO - Processing /home/airflow/.local/lib/python3.7/site-packages/airflow/example_dags/example_external_task_marker_dag.py took 0.178 seconds
[2022-08-09 08:19:28,567] {processor.py:163} INFO - Started process (PID=1950) to work on /home/airflow/.local/lib/python3.7/site-packages/airflow/example_dags/example_external_task_marker_dag.py
[2022-08-09 08:19:28,569] {processor.py:642} INFO - Processing file /home/airflow/.local/lib/python3.7/site-packages/airflow/example_dags/example_external_task_marker_dag.py for tasks to queue
[2022-08-09 08:19:28,571] {logging_mixin.py:109} INFO - [2022-08-09 08:19:28,570] {dagbag.py:500} INFO - Filling up the DagBag from /home/airflow/.local/lib/python3.7/site-packages/airflow/example_dags/example_external_task_marker_dag.py
[2022-08-09 08:19:28,622] {processor.py:654} INFO - DAG(s) dict_keys(['example_external_task_marker_parent', 'example_external_task_marker_child']) retrieved from /home/airflow/.local/lib/python3.7/site-packages/airflow/example_dags/example_external_task_marker_dag.py
[2022-08-09 08:19:28,645] {logging_mixin.py:109} INFO - [2022-08-09 08:19:28,645] {dag.py:2396} INFO - Sync 2 DAGs
[2022-08-09 08:19:28,754] {logging_mixin.py:109} INFO - [2022-08-09 08:19:28,754] {dag.py:2935} INFO - Setting next_dagrun for example_external_task_marker_child to None
[2022-08-09 08:19:28,756] {logging_mixin.py:109} INFO - [2022-08-09 08:19:28,756] {dag.py:2935} INFO - Setting next_dagrun for example_external_task_marker_parent to None
[2022-08-09 08:19:28,773] {processor.py:171} INFO - Processing /home/airflow/.local/lib/python3.7/site-packages/airflow/example_dags/example_external_task_marker_dag.py took 0.209 seconds
[2022-08-09 08:19:59,117] {processor.py:163} INFO - Started process (PID=2019) to work on /home/airflow/.local/lib/python3.7/site-packages/airflow/example_dags/example_external_task_marker_dag.py
[2022-08-09 08:19:59,119] {processor.py:642} INFO - Processing file /home/airflow/.local/lib/python3.7/site-packages/airflow/example_dags/example_external_task_marker_dag.py for tasks to queue
[2022-08-09 08:19:59,120] {logging_mixin.py:109} INFO - [2022-08-09 08:19:59,120] {dagbag.py:500} INFO - Filling up the DagBag from /home/airflow/.local/lib/python3.7/site-packages/airflow/example_dags/example_external_task_marker_dag.py
[2022-08-09 08:19:59,156] {processor.py:654} INFO - DAG(s) dict_keys(['example_external_task_marker_parent', 'example_external_task_marker_child']) retrieved from /home/airflow/.local/lib/python3.7/site-packages/airflow/example_dags/example_external_task_marker_dag.py
[2022-08-09 08:19:59,172] {logging_mixin.py:109} INFO - [2022-08-09 08:19:59,172] {dag.py:2396} INFO - Sync 2 DAGs
[2022-08-09 08:19:59,273] {logging_mixin.py:109} INFO - [2022-08-09 08:19:59,272] {dag.py:2935} INFO - Setting next_dagrun for example_external_task_marker_child to None
[2022-08-09 08:19:59,274] {logging_mixin.py:109} INFO - [2022-08-09 08:19:59,274] {dag.py:2935} INFO - Setting next_dagrun for example_external_task_marker_parent to None
[2022-08-09 08:19:59,287] {processor.py:171} INFO - Processing /home/airflow/.local/lib/python3.7/site-packages/airflow/example_dags/example_external_task_marker_dag.py took 0.175 seconds
[2022-08-09 08:20:29,877] {processor.py:163} INFO - Started process (PID=2079) to work on /home/airflow/.local/lib/python3.7/site-packages/airflow/example_dags/example_external_task_marker_dag.py
[2022-08-09 08:20:29,881] {processor.py:642} INFO - Processing file /home/airflow/.local/lib/python3.7/site-packages/airflow/example_dags/example_external_task_marker_dag.py for tasks to queue
[2022-08-09 08:20:29,882] {logging_mixin.py:109} INFO - [2022-08-09 08:20:29,882] {dagbag.py:500} INFO - Filling up the DagBag from /home/airflow/.local/lib/python3.7/site-packages/airflow/example_dags/example_external_task_marker_dag.py
[2022-08-09 08:20:29,915] {processor.py:654} INFO - DAG(s) dict_keys(['example_external_task_marker_parent', 'example_external_task_marker_child']) retrieved from /home/airflow/.local/lib/python3.7/site-packages/airflow/example_dags/example_external_task_marker_dag.py
[2022-08-09 08:20:30,027] {logging_mixin.py:109} INFO - [2022-08-09 08:20:30,027] {dag.py:2396} INFO - Sync 2 DAGs
[2022-08-09 08:20:30,047] {logging_mixin.py:109} INFO - [2022-08-09 08:20:30,047] {dag.py:2935} INFO - Setting next_dagrun for example_external_task_marker_child to None
[2022-08-09 08:20:30,048] {logging_mixin.py:109} INFO - [2022-08-09 08:20:30,048] {dag.py:2935} INFO - Setting next_dagrun for example_external_task_marker_parent to None
[2022-08-09 08:20:30,069] {processor.py:171} INFO - Processing /home/airflow/.local/lib/python3.7/site-packages/airflow/example_dags/example_external_task_marker_dag.py took 0.195 seconds
[2022-08-09 08:21:00,428] {processor.py:163} INFO - Started process (PID=2149) to work on /home/airflow/.local/lib/python3.7/site-packages/airflow/example_dags/example_external_task_marker_dag.py
[2022-08-09 08:21:00,430] {processor.py:642} INFO - Processing file /home/airflow/.local/lib/python3.7/site-packages/airflow/example_dags/example_external_task_marker_dag.py for tasks to queue
[2022-08-09 08:21:00,432] {logging_mixin.py:109} INFO - [2022-08-09 08:21:00,432] {dagbag.py:500} INFO - Filling up the DagBag from /home/airflow/.local/lib/python3.7/site-packages/airflow/example_dags/example_external_task_marker_dag.py
[2022-08-09 08:21:00,564] {processor.py:654} INFO - DAG(s) dict_keys(['example_external_task_marker_parent', 'example_external_task_marker_child']) retrieved from /home/airflow/.local/lib/python3.7/site-packages/airflow/example_dags/example_external_task_marker_dag.py
[2022-08-09 08:21:00,578] {logging_mixin.py:109} INFO - [2022-08-09 08:21:00,578] {dag.py:2396} INFO - Sync 2 DAGs
[2022-08-09 08:21:00,592] {logging_mixin.py:109} INFO - [2022-08-09 08:21:00,592] {dag.py:2935} INFO - Setting next_dagrun for example_external_task_marker_child to None
[2022-08-09 08:21:00,593] {logging_mixin.py:109} INFO - [2022-08-09 08:21:00,593] {dag.py:2935} INFO - Setting next_dagrun for example_external_task_marker_parent to None
[2022-08-09 08:21:00,604] {processor.py:171} INFO - Processing /home/airflow/.local/lib/python3.7/site-packages/airflow/example_dags/example_external_task_marker_dag.py took 0.181 seconds
[2022-08-09 08:21:31,047] {processor.py:163} INFO - Started process (PID=2211) to work on /home/airflow/.local/lib/python3.7/site-packages/airflow/example_dags/example_external_task_marker_dag.py
[2022-08-09 08:21:31,049] {processor.py:642} INFO - Processing file /home/airflow/.local/lib/python3.7/site-packages/airflow/example_dags/example_external_task_marker_dag.py for tasks to queue
[2022-08-09 08:21:31,051] {logging_mixin.py:109} INFO - [2022-08-09 08:21:31,051] {dagbag.py:500} INFO - Filling up the DagBag from /home/airflow/.local/lib/python3.7/site-packages/airflow/example_dags/example_external_task_marker_dag.py
[2022-08-09 08:21:31,172] {processor.py:654} INFO - DAG(s) dict_keys(['example_external_task_marker_parent', 'example_external_task_marker_child']) retrieved from /home/airflow/.local/lib/python3.7/site-packages/airflow/example_dags/example_external_task_marker_dag.py
[2022-08-09 08:21:31,186] {logging_mixin.py:109} INFO - [2022-08-09 08:21:31,186] {dag.py:2396} INFO - Sync 2 DAGs
[2022-08-09 08:21:31,201] {logging_mixin.py:109} INFO - [2022-08-09 08:21:31,201] {dag.py:2935} INFO - Setting next_dagrun for example_external_task_marker_child to None
[2022-08-09 08:21:31,202] {logging_mixin.py:109} INFO - [2022-08-09 08:21:31,202] {dag.py:2935} INFO - Setting next_dagrun for example_external_task_marker_parent to None
[2022-08-09 08:21:31,213] {processor.py:171} INFO - Processing /home/airflow/.local/lib/python3.7/site-packages/airflow/example_dags/example_external_task_marker_dag.py took 0.170 seconds
[2022-08-09 08:22:01,853] {processor.py:163} INFO - Started process (PID=2279) to work on /home/airflow/.local/lib/python3.7/site-packages/airflow/example_dags/example_external_task_marker_dag.py
[2022-08-09 08:22:01,856] {processor.py:642} INFO - Processing file /home/airflow/.local/lib/python3.7/site-packages/airflow/example_dags/example_external_task_marker_dag.py for tasks to queue
[2022-08-09 08:22:01,858] {logging_mixin.py:109} INFO - [2022-08-09 08:22:01,858] {dagbag.py:500} INFO - Filling up the DagBag from /home/airflow/.local/lib/python3.7/site-packages/airflow/example_dags/example_external_task_marker_dag.py
[2022-08-09 08:22:02,014] {processor.py:654} INFO - DAG(s) dict_keys(['example_external_task_marker_parent', 'example_external_task_marker_child']) retrieved from /home/airflow/.local/lib/python3.7/site-packages/airflow/example_dags/example_external_task_marker_dag.py
[2022-08-09 08:22:02,038] {logging_mixin.py:109} INFO - [2022-08-09 08:22:02,037] {dag.py:2396} INFO - Sync 2 DAGs
[2022-08-09 08:22:02,055] {logging_mixin.py:109} INFO - [2022-08-09 08:22:02,055] {dag.py:2935} INFO - Setting next_dagrun for example_external_task_marker_child to None
[2022-08-09 08:22:02,056] {logging_mixin.py:109} INFO - [2022-08-09 08:22:02,056] {dag.py:2935} INFO - Setting next_dagrun for example_external_task_marker_parent to None
[2022-08-09 08:22:02,069] {processor.py:171} INFO - Processing /home/airflow/.local/lib/python3.7/site-packages/airflow/example_dags/example_external_task_marker_dag.py took 0.220 seconds
[2022-08-09 08:22:32,186] {processor.py:163} INFO - Started process (PID=2338) to work on /home/airflow/.local/lib/python3.7/site-packages/airflow/example_dags/example_external_task_marker_dag.py
[2022-08-09 08:22:32,189] {processor.py:642} INFO - Processing file /home/airflow/.local/lib/python3.7/site-packages/airflow/example_dags/example_external_task_marker_dag.py for tasks to queue
[2022-08-09 08:22:32,191] {logging_mixin.py:109} INFO - [2022-08-09 08:22:32,191] {dagbag.py:500} INFO - Filling up the DagBag from /home/airflow/.local/lib/python3.7/site-packages/airflow/example_dags/example_external_task_marker_dag.py
[2022-08-09 08:22:32,337] {processor.py:654} INFO - DAG(s) dict_keys(['example_external_task_marker_parent', 'example_external_task_marker_child']) retrieved from /home/airflow/.local/lib/python3.7/site-packages/airflow/example_dags/example_external_task_marker_dag.py
[2022-08-09 08:22:32,350] {logging_mixin.py:109} INFO - [2022-08-09 08:22:32,350] {dag.py:2396} INFO - Sync 2 DAGs
[2022-08-09 08:22:32,364] {logging_mixin.py:109} INFO - [2022-08-09 08:22:32,364] {dag.py:2935} INFO - Setting next_dagrun for example_external_task_marker_child to None
[2022-08-09 08:22:32,365] {logging_mixin.py:109} INFO - [2022-08-09 08:22:32,365] {dag.py:2935} INFO - Setting next_dagrun for example_external_task_marker_parent to None
[2022-08-09 08:22:32,375] {processor.py:171} INFO - Processing /home/airflow/.local/lib/python3.7/site-packages/airflow/example_dags/example_external_task_marker_dag.py took 0.194 seconds
[2022-08-09 08:23:02,606] {processor.py:163} INFO - Started process (PID=2408) to work on /home/airflow/.local/lib/python3.7/site-packages/airflow/example_dags/example_external_task_marker_dag.py
[2022-08-09 08:23:02,610] {processor.py:642} INFO - Processing file /home/airflow/.local/lib/python3.7/site-packages/airflow/example_dags/example_external_task_marker_dag.py for tasks to queue
[2022-08-09 08:23:02,612] {logging_mixin.py:109} INFO - [2022-08-09 08:23:02,612] {dagbag.py:500} INFO - Filling up the DagBag from /home/airflow/.local/lib/python3.7/site-packages/airflow/example_dags/example_external_task_marker_dag.py
[2022-08-09 08:23:02,665] {processor.py:654} INFO - DAG(s) dict_keys(['example_external_task_marker_parent', 'example_external_task_marker_child']) retrieved from /home/airflow/.local/lib/python3.7/site-packages/airflow/example_dags/example_external_task_marker_dag.py
[2022-08-09 08:23:02,682] {logging_mixin.py:109} INFO - [2022-08-09 08:23:02,682] {dag.py:2396} INFO - Sync 2 DAGs
[2022-08-09 08:23:02,700] {logging_mixin.py:109} INFO - [2022-08-09 08:23:02,699] {dag.py:2935} INFO - Setting next_dagrun for example_external_task_marker_child to None
[2022-08-09 08:23:02,701] {logging_mixin.py:109} INFO - [2022-08-09 08:23:02,701] {dag.py:2935} INFO - Setting next_dagrun for example_external_task_marker_parent to None
[2022-08-09 08:23:02,712] {processor.py:171} INFO - Processing /home/airflow/.local/lib/python3.7/site-packages/airflow/example_dags/example_external_task_marker_dag.py took 0.114 seconds
[2022-08-09 08:23:33,054] {processor.py:163} INFO - Started process (PID=2469) to work on /home/airflow/.local/lib/python3.7/site-packages/airflow/example_dags/example_external_task_marker_dag.py
[2022-08-09 08:23:33,056] {processor.py:642} INFO - Processing file /home/airflow/.local/lib/python3.7/site-packages/airflow/example_dags/example_external_task_marker_dag.py for tasks to queue
[2022-08-09 08:23:33,059] {logging_mixin.py:109} INFO - [2022-08-09 08:23:33,059] {dagbag.py:500} INFO - Filling up the DagBag from /home/airflow/.local/lib/python3.7/site-packages/airflow/example_dags/example_external_task_marker_dag.py
[2022-08-09 08:23:33,111] {processor.py:654} INFO - DAG(s) dict_keys(['example_external_task_marker_parent', 'example_external_task_marker_child']) retrieved from /home/airflow/.local/lib/python3.7/site-packages/airflow/example_dags/example_external_task_marker_dag.py
[2022-08-09 08:23:33,146] {logging_mixin.py:109} INFO - [2022-08-09 08:23:33,146] {dag.py:2396} INFO - Sync 2 DAGs
[2022-08-09 08:23:33,165] {logging_mixin.py:109} INFO - [2022-08-09 08:23:33,165] {dag.py:2935} INFO - Setting next_dagrun for example_external_task_marker_child to None
[2022-08-09 08:23:33,167] {logging_mixin.py:109} INFO - [2022-08-09 08:23:33,167] {dag.py:2935} INFO - Setting next_dagrun for example_external_task_marker_parent to None
[2022-08-09 08:23:33,184] {processor.py:171} INFO - Processing /home/airflow/.local/lib/python3.7/site-packages/airflow/example_dags/example_external_task_marker_dag.py took 0.134 seconds
[2022-08-09 08:24:03,333] {processor.py:163} INFO - Started process (PID=2529) to work on /home/airflow/.local/lib/python3.7/site-packages/airflow/example_dags/example_external_task_marker_dag.py
[2022-08-09 08:24:03,335] {processor.py:642} INFO - Processing file /home/airflow/.local/lib/python3.7/site-packages/airflow/example_dags/example_external_task_marker_dag.py for tasks to queue
[2022-08-09 08:24:03,336] {logging_mixin.py:109} INFO - [2022-08-09 08:24:03,336] {dagbag.py:500} INFO - Filling up the DagBag from /home/airflow/.local/lib/python3.7/site-packages/airflow/example_dags/example_external_task_marker_dag.py
[2022-08-09 08:24:03,369] {processor.py:654} INFO - DAG(s) dict_keys(['example_external_task_marker_parent', 'example_external_task_marker_child']) retrieved from /home/airflow/.local/lib/python3.7/site-packages/airflow/example_dags/example_external_task_marker_dag.py
[2022-08-09 08:24:03,386] {logging_mixin.py:109} INFO - [2022-08-09 08:24:03,385] {dag.py:2396} INFO - Sync 2 DAGs
[2022-08-09 08:24:03,402] {logging_mixin.py:109} INFO - [2022-08-09 08:24:03,402] {dag.py:2935} INFO - Setting next_dagrun for example_external_task_marker_child to None
[2022-08-09 08:24:03,404] {logging_mixin.py:109} INFO - [2022-08-09 08:24:03,404] {dag.py:2935} INFO - Setting next_dagrun for example_external_task_marker_parent to None
[2022-08-09 08:24:03,417] {processor.py:171} INFO - Processing /home/airflow/.local/lib/python3.7/site-packages/airflow/example_dags/example_external_task_marker_dag.py took 0.088 seconds
[2022-08-09 08:24:33,811] {processor.py:163} INFO - Started process (PID=2600) to work on /home/airflow/.local/lib/python3.7/site-packages/airflow/example_dags/example_external_task_marker_dag.py
[2022-08-09 08:24:33,813] {processor.py:642} INFO - Processing file /home/airflow/.local/lib/python3.7/site-packages/airflow/example_dags/example_external_task_marker_dag.py for tasks to queue
[2022-08-09 08:24:33,816] {logging_mixin.py:109} INFO - [2022-08-09 08:24:33,816] {dagbag.py:500} INFO - Filling up the DagBag from /home/airflow/.local/lib/python3.7/site-packages/airflow/example_dags/example_external_task_marker_dag.py
[2022-08-09 08:24:33,866] {processor.py:654} INFO - DAG(s) dict_keys(['example_external_task_marker_parent', 'example_external_task_marker_child']) retrieved from /home/airflow/.local/lib/python3.7/site-packages/airflow/example_dags/example_external_task_marker_dag.py
[2022-08-09 08:24:33,881] {logging_mixin.py:109} INFO - [2022-08-09 08:24:33,881] {dag.py:2396} INFO - Sync 2 DAGs
[2022-08-09 08:24:33,898] {logging_mixin.py:109} INFO - [2022-08-09 08:24:33,898] {dag.py:2935} INFO - Setting next_dagrun for example_external_task_marker_child to None
[2022-08-09 08:24:33,900] {logging_mixin.py:109} INFO - [2022-08-09 08:24:33,900] {dag.py:2935} INFO - Setting next_dagrun for example_external_task_marker_parent to None
[2022-08-09 08:24:33,914] {processor.py:171} INFO - Processing /home/airflow/.local/lib/python3.7/site-packages/airflow/example_dags/example_external_task_marker_dag.py took 0.111 seconds
[2022-08-09 08:25:04,722] {processor.py:163} INFO - Started process (PID=2660) to work on /home/airflow/.local/lib/python3.7/site-packages/airflow/example_dags/example_external_task_marker_dag.py
[2022-08-09 08:25:04,724] {processor.py:642} INFO - Processing file /home/airflow/.local/lib/python3.7/site-packages/airflow/example_dags/example_external_task_marker_dag.py for tasks to queue
[2022-08-09 08:25:04,726] {logging_mixin.py:109} INFO - [2022-08-09 08:25:04,726] {dagbag.py:500} INFO - Filling up the DagBag from /home/airflow/.local/lib/python3.7/site-packages/airflow/example_dags/example_external_task_marker_dag.py
[2022-08-09 08:25:04,756] {processor.py:654} INFO - DAG(s) dict_keys(['example_external_task_marker_parent', 'example_external_task_marker_child']) retrieved from /home/airflow/.local/lib/python3.7/site-packages/airflow/example_dags/example_external_task_marker_dag.py
[2022-08-09 08:25:04,772] {logging_mixin.py:109} INFO - [2022-08-09 08:25:04,771] {dag.py:2396} INFO - Sync 2 DAGs
[2022-08-09 08:25:04,788] {logging_mixin.py:109} INFO - [2022-08-09 08:25:04,788] {dag.py:2935} INFO - Setting next_dagrun for example_external_task_marker_child to None
[2022-08-09 08:25:04,789] {logging_mixin.py:109} INFO - [2022-08-09 08:25:04,789] {dag.py:2935} INFO - Setting next_dagrun for example_external_task_marker_parent to None
[2022-08-09 08:25:04,800] {processor.py:171} INFO - Processing /home/airflow/.local/lib/python3.7/site-packages/airflow/example_dags/example_external_task_marker_dag.py took 0.081 seconds
[2022-08-09 08:25:35,395] {processor.py:163} INFO - Started process (PID=2730) to work on /home/airflow/.local/lib/python3.7/site-packages/airflow/example_dags/example_external_task_marker_dag.py
[2022-08-09 08:25:35,398] {processor.py:642} INFO - Processing file /home/airflow/.local/lib/python3.7/site-packages/airflow/example_dags/example_external_task_marker_dag.py for tasks to queue
[2022-08-09 08:25:35,400] {logging_mixin.py:109} INFO - [2022-08-09 08:25:35,400] {dagbag.py:500} INFO - Filling up the DagBag from /home/airflow/.local/lib/python3.7/site-packages/airflow/example_dags/example_external_task_marker_dag.py
[2022-08-09 08:25:35,432] {processor.py:654} INFO - DAG(s) dict_keys(['example_external_task_marker_parent', 'example_external_task_marker_child']) retrieved from /home/airflow/.local/lib/python3.7/site-packages/airflow/example_dags/example_external_task_marker_dag.py
[2022-08-09 08:25:35,447] {logging_mixin.py:109} INFO - [2022-08-09 08:25:35,447] {dag.py:2396} INFO - Sync 2 DAGs
[2022-08-09 08:25:35,464] {logging_mixin.py:109} INFO - [2022-08-09 08:25:35,464] {dag.py:2935} INFO - Setting next_dagrun for example_external_task_marker_child to None
[2022-08-09 08:25:35,466] {logging_mixin.py:109} INFO - [2022-08-09 08:25:35,465] {dag.py:2935} INFO - Setting next_dagrun for example_external_task_marker_parent to None
[2022-08-09 08:25:35,475] {processor.py:171} INFO - Processing /home/airflow/.local/lib/python3.7/site-packages/airflow/example_dags/example_external_task_marker_dag.py took 0.085 seconds
[2022-08-09 08:26:05,745] {processor.py:163} INFO - Started process (PID=2790) to work on /home/airflow/.local/lib/python3.7/site-packages/airflow/example_dags/example_external_task_marker_dag.py
[2022-08-09 08:26:05,748] {processor.py:642} INFO - Processing file /home/airflow/.local/lib/python3.7/site-packages/airflow/example_dags/example_external_task_marker_dag.py for tasks to queue
[2022-08-09 08:26:05,750] {logging_mixin.py:109} INFO - [2022-08-09 08:26:05,750] {dagbag.py:500} INFO - Filling up the DagBag from /home/airflow/.local/lib/python3.7/site-packages/airflow/example_dags/example_external_task_marker_dag.py
[2022-08-09 08:26:05,788] {processor.py:654} INFO - DAG(s) dict_keys(['example_external_task_marker_parent', 'example_external_task_marker_child']) retrieved from /home/airflow/.local/lib/python3.7/site-packages/airflow/example_dags/example_external_task_marker_dag.py
[2022-08-09 08:26:05,805] {logging_mixin.py:109} INFO - [2022-08-09 08:26:05,805] {dag.py:2396} INFO - Sync 2 DAGs
[2022-08-09 08:26:05,820] {logging_mixin.py:109} INFO - [2022-08-09 08:26:05,820] {dag.py:2935} INFO - Setting next_dagrun for example_external_task_marker_child to None
[2022-08-09 08:26:05,821] {logging_mixin.py:109} INFO - [2022-08-09 08:26:05,821] {dag.py:2935} INFO - Setting next_dagrun for example_external_task_marker_parent to None
[2022-08-09 08:26:05,835] {processor.py:171} INFO - Processing /home/airflow/.local/lib/python3.7/site-packages/airflow/example_dags/example_external_task_marker_dag.py took 0.094 seconds
[2022-08-09 08:26:36,027] {processor.py:163} INFO - Started process (PID=2859) to work on /home/airflow/.local/lib/python3.7/site-packages/airflow/example_dags/example_external_task_marker_dag.py
[2022-08-09 08:26:36,029] {processor.py:642} INFO - Processing file /home/airflow/.local/lib/python3.7/site-packages/airflow/example_dags/example_external_task_marker_dag.py for tasks to queue
[2022-08-09 08:26:36,031] {logging_mixin.py:109} INFO - [2022-08-09 08:26:36,031] {dagbag.py:500} INFO - Filling up the DagBag from /home/airflow/.local/lib/python3.7/site-packages/airflow/example_dags/example_external_task_marker_dag.py
[2022-08-09 08:26:36,061] {processor.py:654} INFO - DAG(s) dict_keys(['example_external_task_marker_parent', 'example_external_task_marker_child']) retrieved from /home/airflow/.local/lib/python3.7/site-packages/airflow/example_dags/example_external_task_marker_dag.py
[2022-08-09 08:26:36,076] {logging_mixin.py:109} INFO - [2022-08-09 08:26:36,076] {dag.py:2396} INFO - Sync 2 DAGs
[2022-08-09 08:26:36,093] {logging_mixin.py:109} INFO - [2022-08-09 08:26:36,093] {dag.py:2935} INFO - Setting next_dagrun for example_external_task_marker_child to None
[2022-08-09 08:26:36,095] {logging_mixin.py:109} INFO - [2022-08-09 08:26:36,094] {dag.py:2935} INFO - Setting next_dagrun for example_external_task_marker_parent to None
[2022-08-09 08:26:36,107] {processor.py:171} INFO - Processing /home/airflow/.local/lib/python3.7/site-packages/airflow/example_dags/example_external_task_marker_dag.py took 0.083 seconds
[2022-08-09 08:27:06,580] {processor.py:163} INFO - Started process (PID=2920) to work on /home/airflow/.local/lib/python3.7/site-packages/airflow/example_dags/example_external_task_marker_dag.py
[2022-08-09 08:27:06,582] {processor.py:642} INFO - Processing file /home/airflow/.local/lib/python3.7/site-packages/airflow/example_dags/example_external_task_marker_dag.py for tasks to queue
[2022-08-09 08:27:06,584] {logging_mixin.py:109} INFO - [2022-08-09 08:27:06,584] {dagbag.py:500} INFO - Filling up the DagBag from /home/airflow/.local/lib/python3.7/site-packages/airflow/example_dags/example_external_task_marker_dag.py
[2022-08-09 08:27:06,615] {processor.py:654} INFO - DAG(s) dict_keys(['example_external_task_marker_parent', 'example_external_task_marker_child']) retrieved from /home/airflow/.local/lib/python3.7/site-packages/airflow/example_dags/example_external_task_marker_dag.py
[2022-08-09 08:27:06,629] {logging_mixin.py:109} INFO - [2022-08-09 08:27:06,628] {dag.py:2396} INFO - Sync 2 DAGs
[2022-08-09 08:27:06,649] {logging_mixin.py:109} INFO - [2022-08-09 08:27:06,649] {dag.py:2935} INFO - Setting next_dagrun for example_external_task_marker_child to None
[2022-08-09 08:27:06,650] {logging_mixin.py:109} INFO - [2022-08-09 08:27:06,650] {dag.py:2935} INFO - Setting next_dagrun for example_external_task_marker_parent to None
[2022-08-09 08:27:06,662] {processor.py:171} INFO - Processing /home/airflow/.local/lib/python3.7/site-packages/airflow/example_dags/example_external_task_marker_dag.py took 0.086 seconds
[2022-08-09 08:27:36,815] {processor.py:163} INFO - Started process (PID=2990) to work on /home/airflow/.local/lib/python3.7/site-packages/airflow/example_dags/example_external_task_marker_dag.py
[2022-08-09 08:27:36,818] {processor.py:642} INFO - Processing file /home/airflow/.local/lib/python3.7/site-packages/airflow/example_dags/example_external_task_marker_dag.py for tasks to queue
[2022-08-09 08:27:36,820] {logging_mixin.py:109} INFO - [2022-08-09 08:27:36,820] {dagbag.py:500} INFO - Filling up the DagBag from /home/airflow/.local/lib/python3.7/site-packages/airflow/example_dags/example_external_task_marker_dag.py
[2022-08-09 08:27:36,855] {processor.py:654} INFO - DAG(s) dict_keys(['example_external_task_marker_parent', 'example_external_task_marker_child']) retrieved from /home/airflow/.local/lib/python3.7/site-packages/airflow/example_dags/example_external_task_marker_dag.py
[2022-08-09 08:27:36,871] {logging_mixin.py:109} INFO - [2022-08-09 08:27:36,871] {dag.py:2396} INFO - Sync 2 DAGs
[2022-08-09 08:27:36,904] {logging_mixin.py:109} INFO - [2022-08-09 08:27:36,904] {dag.py:2935} INFO - Setting next_dagrun for example_external_task_marker_child to None
[2022-08-09 08:27:36,906] {logging_mixin.py:109} INFO - [2022-08-09 08:27:36,906] {dag.py:2935} INFO - Setting next_dagrun for example_external_task_marker_parent to None
[2022-08-09 08:27:36,921] {processor.py:171} INFO - Processing /home/airflow/.local/lib/python3.7/site-packages/airflow/example_dags/example_external_task_marker_dag.py took 0.110 seconds
[2022-08-09 08:28:07,023] {processor.py:163} INFO - Started process (PID=3049) to work on /home/airflow/.local/lib/python3.7/site-packages/airflow/example_dags/example_external_task_marker_dag.py
[2022-08-09 08:28:07,025] {processor.py:642} INFO - Processing file /home/airflow/.local/lib/python3.7/site-packages/airflow/example_dags/example_external_task_marker_dag.py for tasks to queue
[2022-08-09 08:28:07,026] {logging_mixin.py:109} INFO - [2022-08-09 08:28:07,026] {dagbag.py:500} INFO - Filling up the DagBag from /home/airflow/.local/lib/python3.7/site-packages/airflow/example_dags/example_external_task_marker_dag.py
[2022-08-09 08:28:07,057] {processor.py:654} INFO - DAG(s) dict_keys(['example_external_task_marker_parent', 'example_external_task_marker_child']) retrieved from /home/airflow/.local/lib/python3.7/site-packages/airflow/example_dags/example_external_task_marker_dag.py
[2022-08-09 08:28:07,072] {logging_mixin.py:109} INFO - [2022-08-09 08:28:07,072] {dag.py:2396} INFO - Sync 2 DAGs
[2022-08-09 08:28:07,087] {logging_mixin.py:109} INFO - [2022-08-09 08:28:07,087] {dag.py:2935} INFO - Setting next_dagrun for example_external_task_marker_child to None
[2022-08-09 08:28:07,089] {logging_mixin.py:109} INFO - [2022-08-09 08:28:07,089] {dag.py:2935} INFO - Setting next_dagrun for example_external_task_marker_parent to None
[2022-08-09 08:28:07,100] {processor.py:171} INFO - Processing /home/airflow/.local/lib/python3.7/site-packages/airflow/example_dags/example_external_task_marker_dag.py took 0.081 seconds
[2022-08-09 08:28:37,685] {processor.py:163} INFO - Started process (PID=3118) to work on /home/airflow/.local/lib/python3.7/site-packages/airflow/example_dags/example_external_task_marker_dag.py
[2022-08-09 08:28:37,687] {processor.py:642} INFO - Processing file /home/airflow/.local/lib/python3.7/site-packages/airflow/example_dags/example_external_task_marker_dag.py for tasks to queue
[2022-08-09 08:28:37,689] {logging_mixin.py:109} INFO - [2022-08-09 08:28:37,689] {dagbag.py:500} INFO - Filling up the DagBag from /home/airflow/.local/lib/python3.7/site-packages/airflow/example_dags/example_external_task_marker_dag.py
[2022-08-09 08:28:37,724] {processor.py:654} INFO - DAG(s) dict_keys(['example_external_task_marker_parent', 'example_external_task_marker_child']) retrieved from /home/airflow/.local/lib/python3.7/site-packages/airflow/example_dags/example_external_task_marker_dag.py
[2022-08-09 08:28:37,744] {logging_mixin.py:109} INFO - [2022-08-09 08:28:37,744] {dag.py:2396} INFO - Sync 2 DAGs
[2022-08-09 08:28:37,761] {logging_mixin.py:109} INFO - [2022-08-09 08:28:37,761] {dag.py:2935} INFO - Setting next_dagrun for example_external_task_marker_child to None
[2022-08-09 08:28:37,762] {logging_mixin.py:109} INFO - [2022-08-09 08:28:37,762] {dag.py:2935} INFO - Setting next_dagrun for example_external_task_marker_parent to None
[2022-08-09 08:28:37,773] {processor.py:171} INFO - Processing /home/airflow/.local/lib/python3.7/site-packages/airflow/example_dags/example_external_task_marker_dag.py took 0.092 seconds
[2022-08-09 08:29:08,281] {processor.py:163} INFO - Started process (PID=3179) to work on /home/airflow/.local/lib/python3.7/site-packages/airflow/example_dags/example_external_task_marker_dag.py
[2022-08-09 08:29:08,283] {processor.py:642} INFO - Processing file /home/airflow/.local/lib/python3.7/site-packages/airflow/example_dags/example_external_task_marker_dag.py for tasks to queue
[2022-08-09 08:29:08,285] {logging_mixin.py:109} INFO - [2022-08-09 08:29:08,285] {dagbag.py:500} INFO - Filling up the DagBag from /home/airflow/.local/lib/python3.7/site-packages/airflow/example_dags/example_external_task_marker_dag.py
[2022-08-09 08:29:08,314] {processor.py:654} INFO - DAG(s) dict_keys(['example_external_task_marker_parent', 'example_external_task_marker_child']) retrieved from /home/airflow/.local/lib/python3.7/site-packages/airflow/example_dags/example_external_task_marker_dag.py
[2022-08-09 08:29:08,328] {logging_mixin.py:109} INFO - [2022-08-09 08:29:08,328] {dag.py:2396} INFO - Sync 2 DAGs
[2022-08-09 08:29:08,346] {logging_mixin.py:109} INFO - [2022-08-09 08:29:08,346] {dag.py:2935} INFO - Setting next_dagrun for example_external_task_marker_child to None
[2022-08-09 08:29:08,348] {logging_mixin.py:109} INFO - [2022-08-09 08:29:08,348] {dag.py:2935} INFO - Setting next_dagrun for example_external_task_marker_parent to None
[2022-08-09 08:29:08,360] {processor.py:171} INFO - Processing /home/airflow/.local/lib/python3.7/site-packages/airflow/example_dags/example_external_task_marker_dag.py took 0.083 seconds
[2022-08-09 08:29:38,682] {processor.py:163} INFO - Started process (PID=3246) to work on /home/airflow/.local/lib/python3.7/site-packages/airflow/example_dags/example_external_task_marker_dag.py
[2022-08-09 08:29:38,684] {processor.py:642} INFO - Processing file /home/airflow/.local/lib/python3.7/site-packages/airflow/example_dags/example_external_task_marker_dag.py for tasks to queue
[2022-08-09 08:29:38,686] {logging_mixin.py:109} INFO - [2022-08-09 08:29:38,686] {dagbag.py:500} INFO - Filling up the DagBag from /home/airflow/.local/lib/python3.7/site-packages/airflow/example_dags/example_external_task_marker_dag.py
[2022-08-09 08:29:38,720] {processor.py:654} INFO - DAG(s) dict_keys(['example_external_task_marker_parent', 'example_external_task_marker_child']) retrieved from /home/airflow/.local/lib/python3.7/site-packages/airflow/example_dags/example_external_task_marker_dag.py
[2022-08-09 08:29:38,739] {logging_mixin.py:109} INFO - [2022-08-09 08:29:38,739] {dag.py:2396} INFO - Sync 2 DAGs
[2022-08-09 08:29:38,767] {logging_mixin.py:109} INFO - [2022-08-09 08:29:38,767] {dag.py:2935} INFO - Setting next_dagrun for example_external_task_marker_child to None
[2022-08-09 08:29:38,768] {logging_mixin.py:109} INFO - [2022-08-09 08:29:38,768] {dag.py:2935} INFO - Setting next_dagrun for example_external_task_marker_parent to None
[2022-08-09 08:29:38,782] {processor.py:171} INFO - Processing /home/airflow/.local/lib/python3.7/site-packages/airflow/example_dags/example_external_task_marker_dag.py took 0.104 seconds
[2022-08-09 08:30:09,452] {processor.py:163} INFO - Started process (PID=3308) to work on /home/airflow/.local/lib/python3.7/site-packages/airflow/example_dags/example_external_task_marker_dag.py
[2022-08-09 08:30:09,457] {processor.py:642} INFO - Processing file /home/airflow/.local/lib/python3.7/site-packages/airflow/example_dags/example_external_task_marker_dag.py for tasks to queue
[2022-08-09 08:30:09,460] {logging_mixin.py:109} INFO - [2022-08-09 08:30:09,460] {dagbag.py:500} INFO - Filling up the DagBag from /home/airflow/.local/lib/python3.7/site-packages/airflow/example_dags/example_external_task_marker_dag.py
[2022-08-09 08:30:09,512] {processor.py:654} INFO - DAG(s) dict_keys(['example_external_task_marker_parent', 'example_external_task_marker_child']) retrieved from /home/airflow/.local/lib/python3.7/site-packages/airflow/example_dags/example_external_task_marker_dag.py
[2022-08-09 08:30:09,544] {logging_mixin.py:109} INFO - [2022-08-09 08:30:09,544] {dag.py:2396} INFO - Sync 2 DAGs
[2022-08-09 08:30:09,570] {logging_mixin.py:109} INFO - [2022-08-09 08:30:09,570] {dag.py:2935} INFO - Setting next_dagrun for example_external_task_marker_child to None
[2022-08-09 08:30:09,572] {logging_mixin.py:109} INFO - [2022-08-09 08:30:09,572] {dag.py:2935} INFO - Setting next_dagrun for example_external_task_marker_parent to None
[2022-08-09 08:30:09,589] {processor.py:171} INFO - Processing /home/airflow/.local/lib/python3.7/site-packages/airflow/example_dags/example_external_task_marker_dag.py took 0.144 seconds
[2022-08-09 08:30:39,868] {processor.py:163} INFO - Started process (PID=3368) to work on /home/airflow/.local/lib/python3.7/site-packages/airflow/example_dags/example_external_task_marker_dag.py
[2022-08-09 08:30:39,870] {processor.py:642} INFO - Processing file /home/airflow/.local/lib/python3.7/site-packages/airflow/example_dags/example_external_task_marker_dag.py for tasks to queue
[2022-08-09 08:30:39,871] {logging_mixin.py:109} INFO - [2022-08-09 08:30:39,871] {dagbag.py:500} INFO - Filling up the DagBag from /home/airflow/.local/lib/python3.7/site-packages/airflow/example_dags/example_external_task_marker_dag.py
[2022-08-09 08:30:39,900] {processor.py:654} INFO - DAG(s) dict_keys(['example_external_task_marker_parent', 'example_external_task_marker_child']) retrieved from /home/airflow/.local/lib/python3.7/site-packages/airflow/example_dags/example_external_task_marker_dag.py
[2022-08-09 08:30:39,913] {logging_mixin.py:109} INFO - [2022-08-09 08:30:39,912] {dag.py:2396} INFO - Sync 2 DAGs
[2022-08-09 08:30:39,928] {logging_mixin.py:109} INFO - [2022-08-09 08:30:39,928] {dag.py:2935} INFO - Setting next_dagrun for example_external_task_marker_child to None
[2022-08-09 08:30:39,929] {logging_mixin.py:109} INFO - [2022-08-09 08:30:39,929] {dag.py:2935} INFO - Setting next_dagrun for example_external_task_marker_parent to None
[2022-08-09 08:30:39,942] {processor.py:171} INFO - Processing /home/airflow/.local/lib/python3.7/site-packages/airflow/example_dags/example_external_task_marker_dag.py took 0.077 seconds
[2022-08-09 08:31:10,059] {processor.py:163} INFO - Started process (PID=3438) to work on /home/airflow/.local/lib/python3.7/site-packages/airflow/example_dags/example_external_task_marker_dag.py
[2022-08-09 08:31:10,061] {processor.py:642} INFO - Processing file /home/airflow/.local/lib/python3.7/site-packages/airflow/example_dags/example_external_task_marker_dag.py for tasks to queue
[2022-08-09 08:31:10,063] {logging_mixin.py:109} INFO - [2022-08-09 08:31:10,063] {dagbag.py:500} INFO - Filling up the DagBag from /home/airflow/.local/lib/python3.7/site-packages/airflow/example_dags/example_external_task_marker_dag.py
[2022-08-09 08:31:10,097] {processor.py:654} INFO - DAG(s) dict_keys(['example_external_task_marker_parent', 'example_external_task_marker_child']) retrieved from /home/airflow/.local/lib/python3.7/site-packages/airflow/example_dags/example_external_task_marker_dag.py
[2022-08-09 08:31:10,112] {logging_mixin.py:109} INFO - [2022-08-09 08:31:10,112] {dag.py:2396} INFO - Sync 2 DAGs
[2022-08-09 08:31:10,135] {logging_mixin.py:109} INFO - [2022-08-09 08:31:10,135] {dag.py:2935} INFO - Setting next_dagrun for example_external_task_marker_child to None
[2022-08-09 08:31:10,137] {logging_mixin.py:109} INFO - [2022-08-09 08:31:10,137] {dag.py:2935} INFO - Setting next_dagrun for example_external_task_marker_parent to None
[2022-08-09 08:31:10,151] {processor.py:171} INFO - Processing /home/airflow/.local/lib/python3.7/site-packages/airflow/example_dags/example_external_task_marker_dag.py took 0.096 seconds
[2022-08-09 08:31:40,469] {processor.py:163} INFO - Started process (PID=3497) to work on /home/airflow/.local/lib/python3.7/site-packages/airflow/example_dags/example_external_task_marker_dag.py
[2022-08-09 08:31:40,471] {processor.py:642} INFO - Processing file /home/airflow/.local/lib/python3.7/site-packages/airflow/example_dags/example_external_task_marker_dag.py for tasks to queue
[2022-08-09 08:31:40,473] {logging_mixin.py:109} INFO - [2022-08-09 08:31:40,473] {dagbag.py:500} INFO - Filling up the DagBag from /home/airflow/.local/lib/python3.7/site-packages/airflow/example_dags/example_external_task_marker_dag.py
[2022-08-09 08:31:40,503] {processor.py:654} INFO - DAG(s) dict_keys(['example_external_task_marker_parent', 'example_external_task_marker_child']) retrieved from /home/airflow/.local/lib/python3.7/site-packages/airflow/example_dags/example_external_task_marker_dag.py
[2022-08-09 08:31:40,518] {logging_mixin.py:109} INFO - [2022-08-09 08:31:40,518] {dag.py:2396} INFO - Sync 2 DAGs
[2022-08-09 08:31:40,535] {logging_mixin.py:109} INFO - [2022-08-09 08:31:40,535] {dag.py:2935} INFO - Setting next_dagrun for example_external_task_marker_child to None
[2022-08-09 08:31:40,536] {logging_mixin.py:109} INFO - [2022-08-09 08:31:40,536] {dag.py:2935} INFO - Setting next_dagrun for example_external_task_marker_parent to None
[2022-08-09 08:31:40,555] {processor.py:171} INFO - Processing /home/airflow/.local/lib/python3.7/site-packages/airflow/example_dags/example_external_task_marker_dag.py took 0.090 seconds
[2022-08-09 08:32:11,390] {processor.py:163} INFO - Started process (PID=3568) to work on /home/airflow/.local/lib/python3.7/site-packages/airflow/example_dags/example_external_task_marker_dag.py
[2022-08-09 08:32:11,392] {processor.py:642} INFO - Processing file /home/airflow/.local/lib/python3.7/site-packages/airflow/example_dags/example_external_task_marker_dag.py for tasks to queue
[2022-08-09 08:32:11,395] {logging_mixin.py:109} INFO - [2022-08-09 08:32:11,394] {dagbag.py:500} INFO - Filling up the DagBag from /home/airflow/.local/lib/python3.7/site-packages/airflow/example_dags/example_external_task_marker_dag.py
[2022-08-09 08:32:11,437] {processor.py:654} INFO - DAG(s) dict_keys(['example_external_task_marker_parent', 'example_external_task_marker_child']) retrieved from /home/airflow/.local/lib/python3.7/site-packages/airflow/example_dags/example_external_task_marker_dag.py
[2022-08-09 08:32:11,450] {logging_mixin.py:109} INFO - [2022-08-09 08:32:11,450] {dag.py:2396} INFO - Sync 2 DAGs
[2022-08-09 08:32:11,467] {logging_mixin.py:109} INFO - [2022-08-09 08:32:11,467] {dag.py:2935} INFO - Setting next_dagrun for example_external_task_marker_child to None
[2022-08-09 08:32:11,469] {logging_mixin.py:109} INFO - [2022-08-09 08:32:11,469] {dag.py:2935} INFO - Setting next_dagrun for example_external_task_marker_parent to None
[2022-08-09 08:32:11,480] {processor.py:171} INFO - Processing /home/airflow/.local/lib/python3.7/site-packages/airflow/example_dags/example_external_task_marker_dag.py took 0.094 seconds
[2022-08-09 08:32:42,582] {processor.py:163} INFO - Started process (PID=3630) to work on /home/airflow/.local/lib/python3.7/site-packages/airflow/example_dags/example_external_task_marker_dag.py
[2022-08-09 08:32:42,584] {processor.py:642} INFO - Processing file /home/airflow/.local/lib/python3.7/site-packages/airflow/example_dags/example_external_task_marker_dag.py for tasks to queue
[2022-08-09 08:32:42,585] {logging_mixin.py:109} INFO - [2022-08-09 08:32:42,585] {dagbag.py:500} INFO - Filling up the DagBag from /home/airflow/.local/lib/python3.7/site-packages/airflow/example_dags/example_external_task_marker_dag.py
[2022-08-09 08:32:42,616] {processor.py:654} INFO - DAG(s) dict_keys(['example_external_task_marker_parent', 'example_external_task_marker_child']) retrieved from /home/airflow/.local/lib/python3.7/site-packages/airflow/example_dags/example_external_task_marker_dag.py
[2022-08-09 08:32:42,633] {logging_mixin.py:109} INFO - [2022-08-09 08:32:42,632] {dag.py:2396} INFO - Sync 2 DAGs
[2022-08-09 08:32:42,654] {logging_mixin.py:109} INFO - [2022-08-09 08:32:42,654] {dag.py:2935} INFO - Setting next_dagrun for example_external_task_marker_child to None
[2022-08-09 08:32:42,656] {logging_mixin.py:109} INFO - [2022-08-09 08:32:42,656] {dag.py:2935} INFO - Setting next_dagrun for example_external_task_marker_parent to None
[2022-08-09 08:32:42,670] {processor.py:171} INFO - Processing /home/airflow/.local/lib/python3.7/site-packages/airflow/example_dags/example_external_task_marker_dag.py took 0.091 seconds
[2022-08-09 08:33:13,405] {processor.py:163} INFO - Started process (PID=3699) to work on /home/airflow/.local/lib/python3.7/site-packages/airflow/example_dags/example_external_task_marker_dag.py
[2022-08-09 08:33:13,407] {processor.py:642} INFO - Processing file /home/airflow/.local/lib/python3.7/site-packages/airflow/example_dags/example_external_task_marker_dag.py for tasks to queue
[2022-08-09 08:33:13,409] {logging_mixin.py:109} INFO - [2022-08-09 08:33:13,409] {dagbag.py:500} INFO - Filling up the DagBag from /home/airflow/.local/lib/python3.7/site-packages/airflow/example_dags/example_external_task_marker_dag.py
[2022-08-09 08:33:13,442] {processor.py:654} INFO - DAG(s) dict_keys(['example_external_task_marker_parent', 'example_external_task_marker_child']) retrieved from /home/airflow/.local/lib/python3.7/site-packages/airflow/example_dags/example_external_task_marker_dag.py
[2022-08-09 08:33:13,462] {logging_mixin.py:109} INFO - [2022-08-09 08:33:13,462] {dag.py:2396} INFO - Sync 2 DAGs
[2022-08-09 08:33:13,484] {logging_mixin.py:109} INFO - [2022-08-09 08:33:13,484] {dag.py:2935} INFO - Setting next_dagrun for example_external_task_marker_child to None
[2022-08-09 08:33:13,485] {logging_mixin.py:109} INFO - [2022-08-09 08:33:13,485] {dag.py:2935} INFO - Setting next_dagrun for example_external_task_marker_parent to None
[2022-08-09 08:33:13,498] {processor.py:171} INFO - Processing /home/airflow/.local/lib/python3.7/site-packages/airflow/example_dags/example_external_task_marker_dag.py took 0.102 seconds
[2022-08-09 08:33:43,789] {processor.py:163} INFO - Started process (PID=3761) to work on /home/airflow/.local/lib/python3.7/site-packages/airflow/example_dags/example_external_task_marker_dag.py
[2022-08-09 08:33:43,791] {processor.py:642} INFO - Processing file /home/airflow/.local/lib/python3.7/site-packages/airflow/example_dags/example_external_task_marker_dag.py for tasks to queue
[2022-08-09 08:33:43,793] {logging_mixin.py:109} INFO - [2022-08-09 08:33:43,793] {dagbag.py:500} INFO - Filling up the DagBag from /home/airflow/.local/lib/python3.7/site-packages/airflow/example_dags/example_external_task_marker_dag.py
[2022-08-09 08:33:43,840] {processor.py:654} INFO - DAG(s) dict_keys(['example_external_task_marker_parent', 'example_external_task_marker_child']) retrieved from /home/airflow/.local/lib/python3.7/site-packages/airflow/example_dags/example_external_task_marker_dag.py
[2022-08-09 08:33:43,859] {logging_mixin.py:109} INFO - [2022-08-09 08:33:43,859] {dag.py:2396} INFO - Sync 2 DAGs
[2022-08-09 08:33:43,878] {logging_mixin.py:109} INFO - [2022-08-09 08:33:43,878] {dag.py:2935} INFO - Setting next_dagrun for example_external_task_marker_child to None
[2022-08-09 08:33:43,879] {logging_mixin.py:109} INFO - [2022-08-09 08:33:43,879] {dag.py:2935} INFO - Setting next_dagrun for example_external_task_marker_parent to None
[2022-08-09 08:33:43,893] {processor.py:171} INFO - Processing /home/airflow/.local/lib/python3.7/site-packages/airflow/example_dags/example_external_task_marker_dag.py took 0.108 seconds
[2022-08-09 08:34:14,105] {processor.py:163} INFO - Started process (PID=3830) to work on /home/airflow/.local/lib/python3.7/site-packages/airflow/example_dags/example_external_task_marker_dag.py
[2022-08-09 08:34:14,108] {processor.py:642} INFO - Processing file /home/airflow/.local/lib/python3.7/site-packages/airflow/example_dags/example_external_task_marker_dag.py for tasks to queue
[2022-08-09 08:34:14,110] {logging_mixin.py:109} INFO - [2022-08-09 08:34:14,110] {dagbag.py:500} INFO - Filling up the DagBag from /home/airflow/.local/lib/python3.7/site-packages/airflow/example_dags/example_external_task_marker_dag.py
[2022-08-09 08:34:14,151] {processor.py:654} INFO - DAG(s) dict_keys(['example_external_task_marker_parent', 'example_external_task_marker_child']) retrieved from /home/airflow/.local/lib/python3.7/site-packages/airflow/example_dags/example_external_task_marker_dag.py
[2022-08-09 08:34:14,172] {logging_mixin.py:109} INFO - [2022-08-09 08:34:14,172] {dag.py:2396} INFO - Sync 2 DAGs
[2022-08-09 08:34:14,195] {logging_mixin.py:109} INFO - [2022-08-09 08:34:14,195] {dag.py:2935} INFO - Setting next_dagrun for example_external_task_marker_child to None
[2022-08-09 08:34:14,196] {logging_mixin.py:109} INFO - [2022-08-09 08:34:14,196] {dag.py:2935} INFO - Setting next_dagrun for example_external_task_marker_parent to None
[2022-08-09 08:34:14,212] {processor.py:171} INFO - Processing /home/airflow/.local/lib/python3.7/site-packages/airflow/example_dags/example_external_task_marker_dag.py took 0.112 seconds
[2022-08-09 08:34:44,612] {processor.py:163} INFO - Started process (PID=3890) to work on /home/airflow/.local/lib/python3.7/site-packages/airflow/example_dags/example_external_task_marker_dag.py
[2022-08-09 08:34:44,615] {processor.py:642} INFO - Processing file /home/airflow/.local/lib/python3.7/site-packages/airflow/example_dags/example_external_task_marker_dag.py for tasks to queue
[2022-08-09 08:34:44,616] {logging_mixin.py:109} INFO - [2022-08-09 08:34:44,616] {dagbag.py:500} INFO - Filling up the DagBag from /home/airflow/.local/lib/python3.7/site-packages/airflow/example_dags/example_external_task_marker_dag.py
[2022-08-09 08:34:44,653] {processor.py:654} INFO - DAG(s) dict_keys(['example_external_task_marker_parent', 'example_external_task_marker_child']) retrieved from /home/airflow/.local/lib/python3.7/site-packages/airflow/example_dags/example_external_task_marker_dag.py
[2022-08-09 08:34:44,669] {logging_mixin.py:109} INFO - [2022-08-09 08:34:44,669] {dag.py:2396} INFO - Sync 2 DAGs
[2022-08-09 08:34:44,685] {logging_mixin.py:109} INFO - [2022-08-09 08:34:44,685] {dag.py:2935} INFO - Setting next_dagrun for example_external_task_marker_child to None
[2022-08-09 08:34:44,687] {logging_mixin.py:109} INFO - [2022-08-09 08:34:44,686] {dag.py:2935} INFO - Setting next_dagrun for example_external_task_marker_parent to None
[2022-08-09 08:34:44,702] {processor.py:171} INFO - Processing /home/airflow/.local/lib/python3.7/site-packages/airflow/example_dags/example_external_task_marker_dag.py took 0.094 seconds
[2022-08-09 08:35:14,809] {processor.py:163} INFO - Started process (PID=3959) to work on /home/airflow/.local/lib/python3.7/site-packages/airflow/example_dags/example_external_task_marker_dag.py
[2022-08-09 08:35:14,811] {processor.py:642} INFO - Processing file /home/airflow/.local/lib/python3.7/site-packages/airflow/example_dags/example_external_task_marker_dag.py for tasks to queue
[2022-08-09 08:35:14,812] {logging_mixin.py:109} INFO - [2022-08-09 08:35:14,812] {dagbag.py:500} INFO - Filling up the DagBag from /home/airflow/.local/lib/python3.7/site-packages/airflow/example_dags/example_external_task_marker_dag.py
[2022-08-09 08:35:14,842] {processor.py:654} INFO - DAG(s) dict_keys(['example_external_task_marker_parent', 'example_external_task_marker_child']) retrieved from /home/airflow/.local/lib/python3.7/site-packages/airflow/example_dags/example_external_task_marker_dag.py
[2022-08-09 08:35:14,855] {logging_mixin.py:109} INFO - [2022-08-09 08:35:14,855] {dag.py:2396} INFO - Sync 2 DAGs
[2022-08-09 08:35:14,883] {logging_mixin.py:109} INFO - [2022-08-09 08:35:14,883] {dag.py:2935} INFO - Setting next_dagrun for example_external_task_marker_child to None
[2022-08-09 08:35:14,885] {logging_mixin.py:109} INFO - [2022-08-09 08:35:14,885] {dag.py:2935} INFO - Setting next_dagrun for example_external_task_marker_parent to None
[2022-08-09 08:35:14,904] {processor.py:171} INFO - Processing /home/airflow/.local/lib/python3.7/site-packages/airflow/example_dags/example_external_task_marker_dag.py took 0.099 seconds
[2022-08-09 08:35:46,222] {processor.py:163} INFO - Started process (PID=4019) to work on /home/airflow/.local/lib/python3.7/site-packages/airflow/example_dags/example_external_task_marker_dag.py
[2022-08-09 08:35:46,226] {processor.py:642} INFO - Processing file /home/airflow/.local/lib/python3.7/site-packages/airflow/example_dags/example_external_task_marker_dag.py for tasks to queue
[2022-08-09 08:35:46,229] {logging_mixin.py:109} INFO - [2022-08-09 08:35:46,229] {dagbag.py:500} INFO - Filling up the DagBag from /home/airflow/.local/lib/python3.7/site-packages/airflow/example_dags/example_external_task_marker_dag.py
[2022-08-09 08:35:46,282] {processor.py:654} INFO - DAG(s) dict_keys(['example_external_task_marker_parent', 'example_external_task_marker_child']) retrieved from /home/airflow/.local/lib/python3.7/site-packages/airflow/example_dags/example_external_task_marker_dag.py
[2022-08-09 08:35:46,308] {logging_mixin.py:109} INFO - [2022-08-09 08:35:46,307] {dag.py:2396} INFO - Sync 2 DAGs
[2022-08-09 08:35:46,346] {logging_mixin.py:109} INFO - [2022-08-09 08:35:46,346] {dag.py:2935} INFO - Setting next_dagrun for example_external_task_marker_child to None
[2022-08-09 08:35:46,348] {logging_mixin.py:109} INFO - [2022-08-09 08:35:46,348] {dag.py:2935} INFO - Setting next_dagrun for example_external_task_marker_parent to None
[2022-08-09 08:35:46,372] {processor.py:171} INFO - Processing /home/airflow/.local/lib/python3.7/site-packages/airflow/example_dags/example_external_task_marker_dag.py took 0.156 seconds
[2022-08-09 08:36:16,842] {processor.py:163} INFO - Started process (PID=4079) to work on /home/airflow/.local/lib/python3.7/site-packages/airflow/example_dags/example_external_task_marker_dag.py
[2022-08-09 08:36:16,846] {processor.py:642} INFO - Processing file /home/airflow/.local/lib/python3.7/site-packages/airflow/example_dags/example_external_task_marker_dag.py for tasks to queue
[2022-08-09 08:36:16,847] {logging_mixin.py:109} INFO - [2022-08-09 08:36:16,847] {dagbag.py:500} INFO - Filling up the DagBag from /home/airflow/.local/lib/python3.7/site-packages/airflow/example_dags/example_external_task_marker_dag.py
[2022-08-09 08:36:16,901] {processor.py:654} INFO - DAG(s) dict_keys(['example_external_task_marker_parent', 'example_external_task_marker_child']) retrieved from /home/airflow/.local/lib/python3.7/site-packages/airflow/example_dags/example_external_task_marker_dag.py
[2022-08-09 08:36:16,925] {logging_mixin.py:109} INFO - [2022-08-09 08:36:16,925] {dag.py:2396} INFO - Sync 2 DAGs
[2022-08-09 08:36:16,962] {logging_mixin.py:109} INFO - [2022-08-09 08:36:16,961] {dag.py:2935} INFO - Setting next_dagrun for example_external_task_marker_child to None
[2022-08-09 08:36:16,963] {logging_mixin.py:109} INFO - [2022-08-09 08:36:16,963] {dag.py:2935} INFO - Setting next_dagrun for example_external_task_marker_parent to None
[2022-08-09 08:36:16,983] {processor.py:171} INFO - Processing /home/airflow/.local/lib/python3.7/site-packages/airflow/example_dags/example_external_task_marker_dag.py took 0.147 seconds
[2022-08-09 08:36:47,247] {processor.py:163} INFO - Started process (PID=4140) to work on /home/airflow/.local/lib/python3.7/site-packages/airflow/example_dags/example_external_task_marker_dag.py
[2022-08-09 08:36:47,251] {processor.py:642} INFO - Processing file /home/airflow/.local/lib/python3.7/site-packages/airflow/example_dags/example_external_task_marker_dag.py for tasks to queue
[2022-08-09 08:36:47,255] {logging_mixin.py:109} INFO - [2022-08-09 08:36:47,255] {dagbag.py:500} INFO - Filling up the DagBag from /home/airflow/.local/lib/python3.7/site-packages/airflow/example_dags/example_external_task_marker_dag.py
[2022-08-09 08:36:47,315] {processor.py:654} INFO - DAG(s) dict_keys(['example_external_task_marker_parent', 'example_external_task_marker_child']) retrieved from /home/airflow/.local/lib/python3.7/site-packages/airflow/example_dags/example_external_task_marker_dag.py
[2022-08-09 08:36:47,340] {logging_mixin.py:109} INFO - [2022-08-09 08:36:47,339] {dag.py:2396} INFO - Sync 2 DAGs
[2022-08-09 08:36:47,369] {logging_mixin.py:109} INFO - [2022-08-09 08:36:47,369] {dag.py:2935} INFO - Setting next_dagrun for example_external_task_marker_child to None
[2022-08-09 08:36:47,373] {logging_mixin.py:109} INFO - [2022-08-09 08:36:47,373] {dag.py:2935} INFO - Setting next_dagrun for example_external_task_marker_parent to None
[2022-08-09 08:36:47,406] {processor.py:171} INFO - Processing /home/airflow/.local/lib/python3.7/site-packages/airflow/example_dags/example_external_task_marker_dag.py took 0.169 seconds
