[2022-08-09 08:04:35,268] {processor.py:163} INFO - Started process (PID=58) to work on /home/airflow/.local/lib/python3.7/site-packages/airflow/example_dags/example_sla_dag.py
[2022-08-09 08:04:35,271] {processor.py:642} INFO - Processing file /home/airflow/.local/lib/python3.7/site-packages/airflow/example_dags/example_sla_dag.py for tasks to queue
[2022-08-09 08:04:35,274] {logging_mixin.py:109} INFO - [2022-08-09 08:04:35,273] {dagbag.py:500} INFO - Filling up the DagBag from /home/airflow/.local/lib/python3.7/site-packages/airflow/example_dags/example_sla_dag.py
[2022-08-09 08:04:35,350] {processor.py:654} INFO - DAG(s) dict_keys(['example_sla_dag']) retrieved from /home/airflow/.local/lib/python3.7/site-packages/airflow/example_dags/example_sla_dag.py
[2022-08-09 08:04:35,367] {logging_mixin.py:109} INFO - [2022-08-09 08:04:35,366] {dag.py:2396} INFO - Sync 1 DAGs
[2022-08-09 08:04:35,398] {logging_mixin.py:109} INFO - [2022-08-09 08:04:35,398] {dag.py:2935} INFO - Setting next_dagrun for example_sla_dag to 2022-08-09T08:02:00+00:00
[2022-08-09 08:04:35,411] {processor.py:171} INFO - Processing /home/airflow/.local/lib/python3.7/site-packages/airflow/example_dags/example_sla_dag.py took 0.150 seconds
[2022-08-09 08:05:06,280] {processor.py:163} INFO - Started process (PID=127) to work on /home/airflow/.local/lib/python3.7/site-packages/airflow/example_dags/example_sla_dag.py
[2022-08-09 08:05:06,284] {processor.py:642} INFO - Processing file /home/airflow/.local/lib/python3.7/site-packages/airflow/example_dags/example_sla_dag.py for tasks to queue
[2022-08-09 08:05:06,286] {logging_mixin.py:109} INFO - [2022-08-09 08:05:06,286] {dagbag.py:500} INFO - Filling up the DagBag from /home/airflow/.local/lib/python3.7/site-packages/airflow/example_dags/example_sla_dag.py
[2022-08-09 08:05:06,368] {processor.py:654} INFO - DAG(s) dict_keys(['example_sla_dag']) retrieved from /home/airflow/.local/lib/python3.7/site-packages/airflow/example_dags/example_sla_dag.py
[2022-08-09 08:05:06,380] {logging_mixin.py:109} INFO - [2022-08-09 08:05:06,380] {dag.py:2396} INFO - Sync 1 DAGs
[2022-08-09 08:05:06,418] {logging_mixin.py:109} INFO - [2022-08-09 08:05:06,418] {dag.py:2935} INFO - Setting next_dagrun for example_sla_dag to 2022-08-09T08:02:00+00:00
[2022-08-09 08:05:06,432] {processor.py:171} INFO - Processing /home/airflow/.local/lib/python3.7/site-packages/airflow/example_dags/example_sla_dag.py took 0.159 seconds
[2022-08-09 08:05:36,667] {processor.py:163} INFO - Started process (PID=188) to work on /home/airflow/.local/lib/python3.7/site-packages/airflow/example_dags/example_sla_dag.py
[2022-08-09 08:05:36,670] {processor.py:642} INFO - Processing file /home/airflow/.local/lib/python3.7/site-packages/airflow/example_dags/example_sla_dag.py for tasks to queue
[2022-08-09 08:05:36,672] {logging_mixin.py:109} INFO - [2022-08-09 08:05:36,672] {dagbag.py:500} INFO - Filling up the DagBag from /home/airflow/.local/lib/python3.7/site-packages/airflow/example_dags/example_sla_dag.py
[2022-08-09 08:05:36,716] {processor.py:654} INFO - DAG(s) dict_keys(['example_sla_dag']) retrieved from /home/airflow/.local/lib/python3.7/site-packages/airflow/example_dags/example_sla_dag.py
[2022-08-09 08:05:36,729] {logging_mixin.py:109} INFO - [2022-08-09 08:05:36,729] {dag.py:2396} INFO - Sync 1 DAGs
[2022-08-09 08:05:36,747] {logging_mixin.py:109} INFO - [2022-08-09 08:05:36,747] {dag.py:2935} INFO - Setting next_dagrun for example_sla_dag to 2022-08-09T08:02:00+00:00
[2022-08-09 08:05:36,756] {processor.py:171} INFO - Processing /home/airflow/.local/lib/python3.7/site-packages/airflow/example_dags/example_sla_dag.py took 0.093 seconds
[2022-08-09 08:06:07,682] {processor.py:163} INFO - Started process (PID=257) to work on /home/airflow/.local/lib/python3.7/site-packages/airflow/example_dags/example_sla_dag.py
[2022-08-09 08:06:07,687] {processor.py:642} INFO - Processing file /home/airflow/.local/lib/python3.7/site-packages/airflow/example_dags/example_sla_dag.py for tasks to queue
[2022-08-09 08:06:07,691] {logging_mixin.py:109} INFO - [2022-08-09 08:06:07,690] {dagbag.py:500} INFO - Filling up the DagBag from /home/airflow/.local/lib/python3.7/site-packages/airflow/example_dags/example_sla_dag.py
[2022-08-09 08:06:07,759] {processor.py:654} INFO - DAG(s) dict_keys(['example_sla_dag']) retrieved from /home/airflow/.local/lib/python3.7/site-packages/airflow/example_dags/example_sla_dag.py
[2022-08-09 08:06:07,770] {logging_mixin.py:109} INFO - [2022-08-09 08:06:07,770] {dag.py:2396} INFO - Sync 1 DAGs
[2022-08-09 08:06:07,788] {logging_mixin.py:109} INFO - [2022-08-09 08:06:07,788] {dag.py:2935} INFO - Setting next_dagrun for example_sla_dag to 2022-08-09T08:04:00+00:00
[2022-08-09 08:06:07,798] {processor.py:171} INFO - Processing /home/airflow/.local/lib/python3.7/site-packages/airflow/example_dags/example_sla_dag.py took 0.127 seconds
[2022-08-09 08:06:38,403] {processor.py:163} INFO - Started process (PID=317) to work on /home/airflow/.local/lib/python3.7/site-packages/airflow/example_dags/example_sla_dag.py
[2022-08-09 08:06:38,405] {processor.py:642} INFO - Processing file /home/airflow/.local/lib/python3.7/site-packages/airflow/example_dags/example_sla_dag.py for tasks to queue
[2022-08-09 08:06:38,407] {logging_mixin.py:109} INFO - [2022-08-09 08:06:38,406] {dagbag.py:500} INFO - Filling up the DagBag from /home/airflow/.local/lib/python3.7/site-packages/airflow/example_dags/example_sla_dag.py
[2022-08-09 08:06:38,457] {processor.py:654} INFO - DAG(s) dict_keys(['example_sla_dag']) retrieved from /home/airflow/.local/lib/python3.7/site-packages/airflow/example_dags/example_sla_dag.py
[2022-08-09 08:06:38,469] {logging_mixin.py:109} INFO - [2022-08-09 08:06:38,468] {dag.py:2396} INFO - Sync 1 DAGs
[2022-08-09 08:06:38,490] {logging_mixin.py:109} INFO - [2022-08-09 08:06:38,490] {dag.py:2935} INFO - Setting next_dagrun for example_sla_dag to 2022-08-09T08:04:00+00:00
[2022-08-09 08:06:38,501] {processor.py:171} INFO - Processing /home/airflow/.local/lib/python3.7/site-packages/airflow/example_dags/example_sla_dag.py took 0.102 seconds
[2022-08-09 08:07:09,687] {processor.py:163} INFO - Started process (PID=388) to work on /home/airflow/.local/lib/python3.7/site-packages/airflow/example_dags/example_sla_dag.py
[2022-08-09 08:07:09,689] {processor.py:642} INFO - Processing file /home/airflow/.local/lib/python3.7/site-packages/airflow/example_dags/example_sla_dag.py for tasks to queue
[2022-08-09 08:07:09,691] {logging_mixin.py:109} INFO - [2022-08-09 08:07:09,691] {dagbag.py:500} INFO - Filling up the DagBag from /home/airflow/.local/lib/python3.7/site-packages/airflow/example_dags/example_sla_dag.py
[2022-08-09 08:07:09,730] {processor.py:654} INFO - DAG(s) dict_keys(['example_sla_dag']) retrieved from /home/airflow/.local/lib/python3.7/site-packages/airflow/example_dags/example_sla_dag.py
[2022-08-09 08:07:09,741] {logging_mixin.py:109} INFO - [2022-08-09 08:07:09,741] {dag.py:2396} INFO - Sync 1 DAGs
[2022-08-09 08:07:09,761] {logging_mixin.py:109} INFO - [2022-08-09 08:07:09,760] {dag.py:2935} INFO - Setting next_dagrun for example_sla_dag to 2022-08-09T08:04:00+00:00
[2022-08-09 08:07:09,771] {processor.py:171} INFO - Processing /home/airflow/.local/lib/python3.7/site-packages/airflow/example_dags/example_sla_dag.py took 0.088 seconds
[2022-08-09 08:07:39,837] {processor.py:163} INFO - Started process (PID=443) to work on /home/airflow/.local/lib/python3.7/site-packages/airflow/example_dags/example_sla_dag.py
[2022-08-09 08:07:39,839] {processor.py:642} INFO - Processing file /home/airflow/.local/lib/python3.7/site-packages/airflow/example_dags/example_sla_dag.py for tasks to queue
[2022-08-09 08:07:39,841] {logging_mixin.py:109} INFO - [2022-08-09 08:07:39,841] {dagbag.py:500} INFO - Filling up the DagBag from /home/airflow/.local/lib/python3.7/site-packages/airflow/example_dags/example_sla_dag.py
[2022-08-09 08:07:39,875] {processor.py:654} INFO - DAG(s) dict_keys(['example_sla_dag']) retrieved from /home/airflow/.local/lib/python3.7/site-packages/airflow/example_dags/example_sla_dag.py
[2022-08-09 08:07:39,887] {logging_mixin.py:109} INFO - [2022-08-09 08:07:39,887] {dag.py:2396} INFO - Sync 1 DAGs
[2022-08-09 08:07:39,908] {logging_mixin.py:109} INFO - [2022-08-09 08:07:39,908] {dag.py:2935} INFO - Setting next_dagrun for example_sla_dag to 2022-08-09T08:04:00+00:00
[2022-08-09 08:07:39,920] {processor.py:171} INFO - Processing /home/airflow/.local/lib/python3.7/site-packages/airflow/example_dags/example_sla_dag.py took 0.087 seconds
[2022-08-09 08:08:10,450] {processor.py:163} INFO - Started process (PID=514) to work on /home/airflow/.local/lib/python3.7/site-packages/airflow/example_dags/example_sla_dag.py
[2022-08-09 08:08:10,453] {processor.py:642} INFO - Processing file /home/airflow/.local/lib/python3.7/site-packages/airflow/example_dags/example_sla_dag.py for tasks to queue
[2022-08-09 08:08:10,458] {logging_mixin.py:109} INFO - [2022-08-09 08:08:10,458] {dagbag.py:500} INFO - Filling up the DagBag from /home/airflow/.local/lib/python3.7/site-packages/airflow/example_dags/example_sla_dag.py
[2022-08-09 08:08:10,497] {processor.py:654} INFO - DAG(s) dict_keys(['example_sla_dag']) retrieved from /home/airflow/.local/lib/python3.7/site-packages/airflow/example_dags/example_sla_dag.py
[2022-08-09 08:08:10,509] {logging_mixin.py:109} INFO - [2022-08-09 08:08:10,509] {dag.py:2396} INFO - Sync 1 DAGs
[2022-08-09 08:08:10,530] {logging_mixin.py:109} INFO - [2022-08-09 08:08:10,530] {dag.py:2935} INFO - Setting next_dagrun for example_sla_dag to 2022-08-09T08:06:00+00:00
[2022-08-09 08:08:10,543] {processor.py:171} INFO - Processing /home/airflow/.local/lib/python3.7/site-packages/airflow/example_dags/example_sla_dag.py took 0.100 seconds
[2022-08-09 08:08:41,375] {processor.py:163} INFO - Started process (PID=575) to work on /home/airflow/.local/lib/python3.7/site-packages/airflow/example_dags/example_sla_dag.py
[2022-08-09 08:08:41,378] {processor.py:642} INFO - Processing file /home/airflow/.local/lib/python3.7/site-packages/airflow/example_dags/example_sla_dag.py for tasks to queue
[2022-08-09 08:08:41,379] {logging_mixin.py:109} INFO - [2022-08-09 08:08:41,379] {dagbag.py:500} INFO - Filling up the DagBag from /home/airflow/.local/lib/python3.7/site-packages/airflow/example_dags/example_sla_dag.py
[2022-08-09 08:08:41,418] {processor.py:654} INFO - DAG(s) dict_keys(['example_sla_dag']) retrieved from /home/airflow/.local/lib/python3.7/site-packages/airflow/example_dags/example_sla_dag.py
[2022-08-09 08:08:41,431] {logging_mixin.py:109} INFO - [2022-08-09 08:08:41,431] {dag.py:2396} INFO - Sync 1 DAGs
[2022-08-09 08:08:41,453] {logging_mixin.py:109} INFO - [2022-08-09 08:08:41,453] {dag.py:2935} INFO - Setting next_dagrun for example_sla_dag to 2022-08-09T08:06:00+00:00
[2022-08-09 08:08:41,466] {processor.py:171} INFO - Processing /home/airflow/.local/lib/python3.7/site-packages/airflow/example_dags/example_sla_dag.py took 0.094 seconds
[2022-08-09 08:09:12,166] {processor.py:163} INFO - Started process (PID=646) to work on /home/airflow/.local/lib/python3.7/site-packages/airflow/example_dags/example_sla_dag.py
[2022-08-09 08:09:12,171] {processor.py:642} INFO - Processing file /home/airflow/.local/lib/python3.7/site-packages/airflow/example_dags/example_sla_dag.py for tasks to queue
[2022-08-09 08:09:12,173] {logging_mixin.py:109} INFO - [2022-08-09 08:09:12,173] {dagbag.py:500} INFO - Filling up the DagBag from /home/airflow/.local/lib/python3.7/site-packages/airflow/example_dags/example_sla_dag.py
[2022-08-09 08:09:12,223] {processor.py:654} INFO - DAG(s) dict_keys(['example_sla_dag']) retrieved from /home/airflow/.local/lib/python3.7/site-packages/airflow/example_dags/example_sla_dag.py
[2022-08-09 08:09:12,245] {logging_mixin.py:109} INFO - [2022-08-09 08:09:12,245] {dag.py:2396} INFO - Sync 1 DAGs
[2022-08-09 08:09:12,288] {logging_mixin.py:109} INFO - [2022-08-09 08:09:12,288] {dag.py:2935} INFO - Setting next_dagrun for example_sla_dag to 2022-08-09T08:06:00+00:00
[2022-08-09 08:09:12,305] {processor.py:171} INFO - Processing /home/airflow/.local/lib/python3.7/site-packages/airflow/example_dags/example_sla_dag.py took 0.145 seconds
[2022-08-09 08:09:42,375] {processor.py:163} INFO - Started process (PID=706) to work on /home/airflow/.local/lib/python3.7/site-packages/airflow/example_dags/example_sla_dag.py
[2022-08-09 08:09:42,379] {processor.py:642} INFO - Processing file /home/airflow/.local/lib/python3.7/site-packages/airflow/example_dags/example_sla_dag.py for tasks to queue
[2022-08-09 08:09:42,380] {logging_mixin.py:109} INFO - [2022-08-09 08:09:42,380] {dagbag.py:500} INFO - Filling up the DagBag from /home/airflow/.local/lib/python3.7/site-packages/airflow/example_dags/example_sla_dag.py
[2022-08-09 08:09:42,424] {processor.py:654} INFO - DAG(s) dict_keys(['example_sla_dag']) retrieved from /home/airflow/.local/lib/python3.7/site-packages/airflow/example_dags/example_sla_dag.py
[2022-08-09 08:09:42,436] {logging_mixin.py:109} INFO - [2022-08-09 08:09:42,436] {dag.py:2396} INFO - Sync 1 DAGs
[2022-08-09 08:09:42,470] {logging_mixin.py:109} INFO - [2022-08-09 08:09:42,470] {dag.py:2935} INFO - Setting next_dagrun for example_sla_dag to 2022-08-09T08:06:00+00:00
[2022-08-09 08:09:42,484] {processor.py:171} INFO - Processing /home/airflow/.local/lib/python3.7/site-packages/airflow/example_dags/example_sla_dag.py took 0.116 seconds
[2022-08-09 08:10:12,867] {processor.py:163} INFO - Started process (PID=767) to work on /home/airflow/.local/lib/python3.7/site-packages/airflow/example_dags/example_sla_dag.py
[2022-08-09 08:10:12,869] {processor.py:642} INFO - Processing file /home/airflow/.local/lib/python3.7/site-packages/airflow/example_dags/example_sla_dag.py for tasks to queue
[2022-08-09 08:10:12,871] {logging_mixin.py:109} INFO - [2022-08-09 08:10:12,871] {dagbag.py:500} INFO - Filling up the DagBag from /home/airflow/.local/lib/python3.7/site-packages/airflow/example_dags/example_sla_dag.py
[2022-08-09 08:10:12,905] {processor.py:654} INFO - DAG(s) dict_keys(['example_sla_dag']) retrieved from /home/airflow/.local/lib/python3.7/site-packages/airflow/example_dags/example_sla_dag.py
[2022-08-09 08:10:12,916] {logging_mixin.py:109} INFO - [2022-08-09 08:10:12,916] {dag.py:2396} INFO - Sync 1 DAGs
[2022-08-09 08:10:12,939] {logging_mixin.py:109} INFO - [2022-08-09 08:10:12,939] {dag.py:2935} INFO - Setting next_dagrun for example_sla_dag to 2022-08-09T08:08:00+00:00
[2022-08-09 08:10:12,950] {processor.py:171} INFO - Processing /home/airflow/.local/lib/python3.7/site-packages/airflow/example_dags/example_sla_dag.py took 0.089 seconds
[2022-08-09 08:10:43,292] {processor.py:163} INFO - Started process (PID=837) to work on /home/airflow/.local/lib/python3.7/site-packages/airflow/example_dags/example_sla_dag.py
[2022-08-09 08:10:43,294] {processor.py:642} INFO - Processing file /home/airflow/.local/lib/python3.7/site-packages/airflow/example_dags/example_sla_dag.py for tasks to queue
[2022-08-09 08:10:43,296] {logging_mixin.py:109} INFO - [2022-08-09 08:10:43,296] {dagbag.py:500} INFO - Filling up the DagBag from /home/airflow/.local/lib/python3.7/site-packages/airflow/example_dags/example_sla_dag.py
[2022-08-09 08:10:43,363] {processor.py:654} INFO - DAG(s) dict_keys(['example_sla_dag']) retrieved from /home/airflow/.local/lib/python3.7/site-packages/airflow/example_dags/example_sla_dag.py
[2022-08-09 08:10:43,383] {logging_mixin.py:109} INFO - [2022-08-09 08:10:43,382] {dag.py:2396} INFO - Sync 1 DAGs
[2022-08-09 08:10:43,405] {logging_mixin.py:109} INFO - [2022-08-09 08:10:43,404] {dag.py:2935} INFO - Setting next_dagrun for example_sla_dag to 2022-08-09T08:08:00+00:00
[2022-08-09 08:10:43,418] {processor.py:171} INFO - Processing /home/airflow/.local/lib/python3.7/site-packages/airflow/example_dags/example_sla_dag.py took 0.133 seconds
[2022-08-09 08:11:13,614] {processor.py:163} INFO - Started process (PID=898) to work on /home/airflow/.local/lib/python3.7/site-packages/airflow/example_dags/example_sla_dag.py
[2022-08-09 08:11:13,616] {processor.py:642} INFO - Processing file /home/airflow/.local/lib/python3.7/site-packages/airflow/example_dags/example_sla_dag.py for tasks to queue
[2022-08-09 08:11:13,618] {logging_mixin.py:109} INFO - [2022-08-09 08:11:13,618] {dagbag.py:500} INFO - Filling up the DagBag from /home/airflow/.local/lib/python3.7/site-packages/airflow/example_dags/example_sla_dag.py
[2022-08-09 08:11:13,656] {processor.py:654} INFO - DAG(s) dict_keys(['example_sla_dag']) retrieved from /home/airflow/.local/lib/python3.7/site-packages/airflow/example_dags/example_sla_dag.py
[2022-08-09 08:11:13,668] {logging_mixin.py:109} INFO - [2022-08-09 08:11:13,668] {dag.py:2396} INFO - Sync 1 DAGs
[2022-08-09 08:11:13,692] {logging_mixin.py:109} INFO - [2022-08-09 08:11:13,692] {dag.py:2935} INFO - Setting next_dagrun for example_sla_dag to 2022-08-09T08:08:00+00:00
[2022-08-09 08:11:13,708] {processor.py:171} INFO - Processing /home/airflow/.local/lib/python3.7/site-packages/airflow/example_dags/example_sla_dag.py took 0.098 seconds
[2022-08-09 08:11:44,382] {processor.py:163} INFO - Started process (PID=967) to work on /home/airflow/.local/lib/python3.7/site-packages/airflow/example_dags/example_sla_dag.py
[2022-08-09 08:11:44,384] {processor.py:642} INFO - Processing file /home/airflow/.local/lib/python3.7/site-packages/airflow/example_dags/example_sla_dag.py for tasks to queue
[2022-08-09 08:11:44,386] {logging_mixin.py:109} INFO - [2022-08-09 08:11:44,386] {dagbag.py:500} INFO - Filling up the DagBag from /home/airflow/.local/lib/python3.7/site-packages/airflow/example_dags/example_sla_dag.py
[2022-08-09 08:11:44,421] {processor.py:654} INFO - DAG(s) dict_keys(['example_sla_dag']) retrieved from /home/airflow/.local/lib/python3.7/site-packages/airflow/example_dags/example_sla_dag.py
[2022-08-09 08:11:44,432] {logging_mixin.py:109} INFO - [2022-08-09 08:11:44,432] {dag.py:2396} INFO - Sync 1 DAGs
[2022-08-09 08:11:44,458] {logging_mixin.py:109} INFO - [2022-08-09 08:11:44,458] {dag.py:2935} INFO - Setting next_dagrun for example_sla_dag to 2022-08-09T08:08:00+00:00
[2022-08-09 08:11:44,469] {processor.py:171} INFO - Processing /home/airflow/.local/lib/python3.7/site-packages/airflow/example_dags/example_sla_dag.py took 0.092 seconds
[2022-08-09 08:12:15,056] {processor.py:163} INFO - Started process (PID=1027) to work on /home/airflow/.local/lib/python3.7/site-packages/airflow/example_dags/example_sla_dag.py
[2022-08-09 08:12:15,058] {processor.py:642} INFO - Processing file /home/airflow/.local/lib/python3.7/site-packages/airflow/example_dags/example_sla_dag.py for tasks to queue
[2022-08-09 08:12:15,060] {logging_mixin.py:109} INFO - [2022-08-09 08:12:15,060] {dagbag.py:500} INFO - Filling up the DagBag from /home/airflow/.local/lib/python3.7/site-packages/airflow/example_dags/example_sla_dag.py
[2022-08-09 08:12:15,095] {processor.py:654} INFO - DAG(s) dict_keys(['example_sla_dag']) retrieved from /home/airflow/.local/lib/python3.7/site-packages/airflow/example_dags/example_sla_dag.py
[2022-08-09 08:12:15,105] {logging_mixin.py:109} INFO - [2022-08-09 08:12:15,105] {dag.py:2396} INFO - Sync 1 DAGs
[2022-08-09 08:12:15,123] {logging_mixin.py:109} INFO - [2022-08-09 08:12:15,123] {dag.py:2935} INFO - Setting next_dagrun for example_sla_dag to 2022-08-09T08:10:00+00:00
[2022-08-09 08:12:15,136] {processor.py:171} INFO - Processing /home/airflow/.local/lib/python3.7/site-packages/airflow/example_dags/example_sla_dag.py took 0.085 seconds
[2022-08-09 08:12:45,834] {processor.py:163} INFO - Started process (PID=1097) to work on /home/airflow/.local/lib/python3.7/site-packages/airflow/example_dags/example_sla_dag.py
[2022-08-09 08:12:45,838] {processor.py:642} INFO - Processing file /home/airflow/.local/lib/python3.7/site-packages/airflow/example_dags/example_sla_dag.py for tasks to queue
[2022-08-09 08:12:45,840] {logging_mixin.py:109} INFO - [2022-08-09 08:12:45,840] {dagbag.py:500} INFO - Filling up the DagBag from /home/airflow/.local/lib/python3.7/site-packages/airflow/example_dags/example_sla_dag.py
[2022-08-09 08:12:45,891] {processor.py:654} INFO - DAG(s) dict_keys(['example_sla_dag']) retrieved from /home/airflow/.local/lib/python3.7/site-packages/airflow/example_dags/example_sla_dag.py
[2022-08-09 08:12:45,903] {logging_mixin.py:109} INFO - [2022-08-09 08:12:45,903] {dag.py:2396} INFO - Sync 1 DAGs
[2022-08-09 08:12:45,922] {logging_mixin.py:109} INFO - [2022-08-09 08:12:45,922] {dag.py:2935} INFO - Setting next_dagrun for example_sla_dag to 2022-08-09T08:10:00+00:00
[2022-08-09 08:12:45,931] {processor.py:171} INFO - Processing /home/airflow/.local/lib/python3.7/site-packages/airflow/example_dags/example_sla_dag.py took 0.103 seconds
[2022-08-09 08:13:16,451] {processor.py:163} INFO - Started process (PID=1157) to work on /home/airflow/.local/lib/python3.7/site-packages/airflow/example_dags/example_sla_dag.py
[2022-08-09 08:13:16,454] {processor.py:642} INFO - Processing file /home/airflow/.local/lib/python3.7/site-packages/airflow/example_dags/example_sla_dag.py for tasks to queue
[2022-08-09 08:13:16,456] {logging_mixin.py:109} INFO - [2022-08-09 08:13:16,456] {dagbag.py:500} INFO - Filling up the DagBag from /home/airflow/.local/lib/python3.7/site-packages/airflow/example_dags/example_sla_dag.py
[2022-08-09 08:13:16,490] {processor.py:654} INFO - DAG(s) dict_keys(['example_sla_dag']) retrieved from /home/airflow/.local/lib/python3.7/site-packages/airflow/example_dags/example_sla_dag.py
[2022-08-09 08:13:16,500] {logging_mixin.py:109} INFO - [2022-08-09 08:13:16,500] {dag.py:2396} INFO - Sync 1 DAGs
[2022-08-09 08:13:16,518] {logging_mixin.py:109} INFO - [2022-08-09 08:13:16,518] {dag.py:2935} INFO - Setting next_dagrun for example_sla_dag to 2022-08-09T08:10:00+00:00
[2022-08-09 08:13:16,528] {processor.py:171} INFO - Processing /home/airflow/.local/lib/python3.7/site-packages/airflow/example_dags/example_sla_dag.py took 0.081 seconds
[2022-08-09 08:13:47,275] {processor.py:163} INFO - Started process (PID=1228) to work on /home/airflow/.local/lib/python3.7/site-packages/airflow/example_dags/example_sla_dag.py
[2022-08-09 08:13:47,277] {processor.py:642} INFO - Processing file /home/airflow/.local/lib/python3.7/site-packages/airflow/example_dags/example_sla_dag.py for tasks to queue
[2022-08-09 08:13:47,278] {logging_mixin.py:109} INFO - [2022-08-09 08:13:47,278] {dagbag.py:500} INFO - Filling up the DagBag from /home/airflow/.local/lib/python3.7/site-packages/airflow/example_dags/example_sla_dag.py
[2022-08-09 08:13:47,316] {processor.py:654} INFO - DAG(s) dict_keys(['example_sla_dag']) retrieved from /home/airflow/.local/lib/python3.7/site-packages/airflow/example_dags/example_sla_dag.py
[2022-08-09 08:13:47,328] {logging_mixin.py:109} INFO - [2022-08-09 08:13:47,328] {dag.py:2396} INFO - Sync 1 DAGs
[2022-08-09 08:13:47,347] {logging_mixin.py:109} INFO - [2022-08-09 08:13:47,347] {dag.py:2935} INFO - Setting next_dagrun for example_sla_dag to 2022-08-09T08:10:00+00:00
[2022-08-09 08:13:47,360] {processor.py:171} INFO - Processing /home/airflow/.local/lib/python3.7/site-packages/airflow/example_dags/example_sla_dag.py took 0.089 seconds
[2022-08-09 08:14:18,097] {processor.py:163} INFO - Started process (PID=1288) to work on /home/airflow/.local/lib/python3.7/site-packages/airflow/example_dags/example_sla_dag.py
[2022-08-09 08:14:18,099] {processor.py:642} INFO - Processing file /home/airflow/.local/lib/python3.7/site-packages/airflow/example_dags/example_sla_dag.py for tasks to queue
[2022-08-09 08:14:18,101] {logging_mixin.py:109} INFO - [2022-08-09 08:14:18,101] {dagbag.py:500} INFO - Filling up the DagBag from /home/airflow/.local/lib/python3.7/site-packages/airflow/example_dags/example_sla_dag.py
[2022-08-09 08:14:18,136] {processor.py:654} INFO - DAG(s) dict_keys(['example_sla_dag']) retrieved from /home/airflow/.local/lib/python3.7/site-packages/airflow/example_dags/example_sla_dag.py
[2022-08-09 08:14:18,147] {logging_mixin.py:109} INFO - [2022-08-09 08:14:18,147] {dag.py:2396} INFO - Sync 1 DAGs
[2022-08-09 08:14:18,167] {logging_mixin.py:109} INFO - [2022-08-09 08:14:18,167] {dag.py:2935} INFO - Setting next_dagrun for example_sla_dag to 2022-08-09T08:12:00+00:00
[2022-08-09 08:14:18,178] {processor.py:171} INFO - Processing /home/airflow/.local/lib/python3.7/site-packages/airflow/example_dags/example_sla_dag.py took 0.086 seconds
[2022-08-09 08:14:48,973] {processor.py:163} INFO - Started process (PID=1357) to work on /home/airflow/.local/lib/python3.7/site-packages/airflow/example_dags/example_sla_dag.py
[2022-08-09 08:14:48,976] {processor.py:642} INFO - Processing file /home/airflow/.local/lib/python3.7/site-packages/airflow/example_dags/example_sla_dag.py for tasks to queue
[2022-08-09 08:14:48,978] {logging_mixin.py:109} INFO - [2022-08-09 08:14:48,978] {dagbag.py:500} INFO - Filling up the DagBag from /home/airflow/.local/lib/python3.7/site-packages/airflow/example_dags/example_sla_dag.py
[2022-08-09 08:14:49,013] {processor.py:654} INFO - DAG(s) dict_keys(['example_sla_dag']) retrieved from /home/airflow/.local/lib/python3.7/site-packages/airflow/example_dags/example_sla_dag.py
[2022-08-09 08:14:49,024] {logging_mixin.py:109} INFO - [2022-08-09 08:14:49,024] {dag.py:2396} INFO - Sync 1 DAGs
[2022-08-09 08:14:49,042] {logging_mixin.py:109} INFO - [2022-08-09 08:14:49,042] {dag.py:2935} INFO - Setting next_dagrun for example_sla_dag to 2022-08-09T08:12:00+00:00
[2022-08-09 08:14:49,053] {processor.py:171} INFO - Processing /home/airflow/.local/lib/python3.7/site-packages/airflow/example_dags/example_sla_dag.py took 0.083 seconds
[2022-08-09 08:15:19,780] {processor.py:163} INFO - Started process (PID=1417) to work on /home/airflow/.local/lib/python3.7/site-packages/airflow/example_dags/example_sla_dag.py
[2022-08-09 08:15:19,783] {processor.py:642} INFO - Processing file /home/airflow/.local/lib/python3.7/site-packages/airflow/example_dags/example_sla_dag.py for tasks to queue
[2022-08-09 08:15:19,784] {logging_mixin.py:109} INFO - [2022-08-09 08:15:19,784] {dagbag.py:500} INFO - Filling up the DagBag from /home/airflow/.local/lib/python3.7/site-packages/airflow/example_dags/example_sla_dag.py
[2022-08-09 08:15:19,816] {processor.py:654} INFO - DAG(s) dict_keys(['example_sla_dag']) retrieved from /home/airflow/.local/lib/python3.7/site-packages/airflow/example_dags/example_sla_dag.py
[2022-08-09 08:15:19,826] {logging_mixin.py:109} INFO - [2022-08-09 08:15:19,826] {dag.py:2396} INFO - Sync 1 DAGs
[2022-08-09 08:15:19,844] {logging_mixin.py:109} INFO - [2022-08-09 08:15:19,844] {dag.py:2935} INFO - Setting next_dagrun for example_sla_dag to 2022-08-09T08:12:00+00:00
[2022-08-09 08:15:19,855] {processor.py:171} INFO - Processing /home/airflow/.local/lib/python3.7/site-packages/airflow/example_dags/example_sla_dag.py took 0.080 seconds
[2022-08-09 08:15:50,142] {processor.py:163} INFO - Started process (PID=1488) to work on /home/airflow/.local/lib/python3.7/site-packages/airflow/example_dags/example_sla_dag.py
[2022-08-09 08:15:50,144] {processor.py:642} INFO - Processing file /home/airflow/.local/lib/python3.7/site-packages/airflow/example_dags/example_sla_dag.py for tasks to queue
[2022-08-09 08:15:50,146] {logging_mixin.py:109} INFO - [2022-08-09 08:15:50,145] {dagbag.py:500} INFO - Filling up the DagBag from /home/airflow/.local/lib/python3.7/site-packages/airflow/example_dags/example_sla_dag.py
[2022-08-09 08:15:50,176] {processor.py:654} INFO - DAG(s) dict_keys(['example_sla_dag']) retrieved from /home/airflow/.local/lib/python3.7/site-packages/airflow/example_dags/example_sla_dag.py
[2022-08-09 08:15:50,186] {logging_mixin.py:109} INFO - [2022-08-09 08:15:50,186] {dag.py:2396} INFO - Sync 1 DAGs
[2022-08-09 08:15:50,205] {logging_mixin.py:109} INFO - [2022-08-09 08:15:50,204] {dag.py:2935} INFO - Setting next_dagrun for example_sla_dag to 2022-08-09T08:12:00+00:00
[2022-08-09 08:15:50,214] {processor.py:171} INFO - Processing /home/airflow/.local/lib/python3.7/site-packages/airflow/example_dags/example_sla_dag.py took 0.076 seconds
[2022-08-09 08:16:20,562] {processor.py:163} INFO - Started process (PID=1547) to work on /home/airflow/.local/lib/python3.7/site-packages/airflow/example_dags/example_sla_dag.py
[2022-08-09 08:16:20,565] {processor.py:642} INFO - Processing file /home/airflow/.local/lib/python3.7/site-packages/airflow/example_dags/example_sla_dag.py for tasks to queue
[2022-08-09 08:16:20,567] {logging_mixin.py:109} INFO - [2022-08-09 08:16:20,567] {dagbag.py:500} INFO - Filling up the DagBag from /home/airflow/.local/lib/python3.7/site-packages/airflow/example_dags/example_sla_dag.py
[2022-08-09 08:16:20,607] {processor.py:654} INFO - DAG(s) dict_keys(['example_sla_dag']) retrieved from /home/airflow/.local/lib/python3.7/site-packages/airflow/example_dags/example_sla_dag.py
[2022-08-09 08:16:20,619] {logging_mixin.py:109} INFO - [2022-08-09 08:16:20,619] {dag.py:2396} INFO - Sync 1 DAGs
[2022-08-09 08:16:20,638] {logging_mixin.py:109} INFO - [2022-08-09 08:16:20,637] {dag.py:2935} INFO - Setting next_dagrun for example_sla_dag to 2022-08-09T08:14:00+00:00
[2022-08-09 08:16:20,650] {processor.py:171} INFO - Processing /home/airflow/.local/lib/python3.7/site-packages/airflow/example_dags/example_sla_dag.py took 0.093 seconds
[2022-08-09 08:16:50,741] {processor.py:163} INFO - Started process (PID=1607) to work on /home/airflow/.local/lib/python3.7/site-packages/airflow/example_dags/example_sla_dag.py
[2022-08-09 08:16:50,743] {processor.py:642} INFO - Processing file /home/airflow/.local/lib/python3.7/site-packages/airflow/example_dags/example_sla_dag.py for tasks to queue
[2022-08-09 08:16:50,744] {logging_mixin.py:109} INFO - [2022-08-09 08:16:50,744] {dagbag.py:500} INFO - Filling up the DagBag from /home/airflow/.local/lib/python3.7/site-packages/airflow/example_dags/example_sla_dag.py
[2022-08-09 08:16:50,780] {processor.py:654} INFO - DAG(s) dict_keys(['example_sla_dag']) retrieved from /home/airflow/.local/lib/python3.7/site-packages/airflow/example_dags/example_sla_dag.py
[2022-08-09 08:16:50,790] {logging_mixin.py:109} INFO - [2022-08-09 08:16:50,790] {dag.py:2396} INFO - Sync 1 DAGs
[2022-08-09 08:16:50,809] {logging_mixin.py:109} INFO - [2022-08-09 08:16:50,809] {dag.py:2935} INFO - Setting next_dagrun for example_sla_dag to 2022-08-09T08:14:00+00:00
[2022-08-09 08:16:50,819] {processor.py:171} INFO - Processing /home/airflow/.local/lib/python3.7/site-packages/airflow/example_dags/example_sla_dag.py took 0.083 seconds
[2022-08-09 08:17:21,345] {processor.py:163} INFO - Started process (PID=1676) to work on /home/airflow/.local/lib/python3.7/site-packages/airflow/example_dags/example_sla_dag.py
[2022-08-09 08:17:21,347] {processor.py:642} INFO - Processing file /home/airflow/.local/lib/python3.7/site-packages/airflow/example_dags/example_sla_dag.py for tasks to queue
[2022-08-09 08:17:21,348] {logging_mixin.py:109} INFO - [2022-08-09 08:17:21,348] {dagbag.py:500} INFO - Filling up the DagBag from /home/airflow/.local/lib/python3.7/site-packages/airflow/example_dags/example_sla_dag.py
[2022-08-09 08:17:21,386] {processor.py:654} INFO - DAG(s) dict_keys(['example_sla_dag']) retrieved from /home/airflow/.local/lib/python3.7/site-packages/airflow/example_dags/example_sla_dag.py
[2022-08-09 08:17:21,401] {logging_mixin.py:109} INFO - [2022-08-09 08:17:21,400] {dag.py:2396} INFO - Sync 1 DAGs
[2022-08-09 08:17:21,420] {logging_mixin.py:109} INFO - [2022-08-09 08:17:21,420] {dag.py:2935} INFO - Setting next_dagrun for example_sla_dag to 2022-08-09T08:14:00+00:00
[2022-08-09 08:17:21,431] {processor.py:171} INFO - Processing /home/airflow/.local/lib/python3.7/site-packages/airflow/example_dags/example_sla_dag.py took 0.090 seconds
[2022-08-09 08:17:51,904] {processor.py:163} INFO - Started process (PID=1736) to work on /home/airflow/.local/lib/python3.7/site-packages/airflow/example_dags/example_sla_dag.py
[2022-08-09 08:17:51,906] {processor.py:642} INFO - Processing file /home/airflow/.local/lib/python3.7/site-packages/airflow/example_dags/example_sla_dag.py for tasks to queue
[2022-08-09 08:17:51,908] {logging_mixin.py:109} INFO - [2022-08-09 08:17:51,908] {dagbag.py:500} INFO - Filling up the DagBag from /home/airflow/.local/lib/python3.7/site-packages/airflow/example_dags/example_sla_dag.py
[2022-08-09 08:17:51,945] {processor.py:654} INFO - DAG(s) dict_keys(['example_sla_dag']) retrieved from /home/airflow/.local/lib/python3.7/site-packages/airflow/example_dags/example_sla_dag.py
[2022-08-09 08:17:51,960] {logging_mixin.py:109} INFO - [2022-08-09 08:17:51,959] {dag.py:2396} INFO - Sync 1 DAGs
[2022-08-09 08:17:51,985] {logging_mixin.py:109} INFO - [2022-08-09 08:17:51,985] {dag.py:2935} INFO - Setting next_dagrun for example_sla_dag to 2022-08-09T08:14:00+00:00
[2022-08-09 08:17:51,996] {processor.py:171} INFO - Processing /home/airflow/.local/lib/python3.7/site-packages/airflow/example_dags/example_sla_dag.py took 0.097 seconds
[2022-08-09 08:18:22,689] {processor.py:163} INFO - Started process (PID=1805) to work on /home/airflow/.local/lib/python3.7/site-packages/airflow/example_dags/example_sla_dag.py
[2022-08-09 08:18:22,691] {processor.py:642} INFO - Processing file /home/airflow/.local/lib/python3.7/site-packages/airflow/example_dags/example_sla_dag.py for tasks to queue
[2022-08-09 08:18:22,692] {logging_mixin.py:109} INFO - [2022-08-09 08:18:22,692] {dagbag.py:500} INFO - Filling up the DagBag from /home/airflow/.local/lib/python3.7/site-packages/airflow/example_dags/example_sla_dag.py
[2022-08-09 08:18:22,727] {processor.py:654} INFO - DAG(s) dict_keys(['example_sla_dag']) retrieved from /home/airflow/.local/lib/python3.7/site-packages/airflow/example_dags/example_sla_dag.py
[2022-08-09 08:18:22,738] {logging_mixin.py:109} INFO - [2022-08-09 08:18:22,738] {dag.py:2396} INFO - Sync 1 DAGs
[2022-08-09 08:18:22,840] {logging_mixin.py:109} INFO - [2022-08-09 08:18:22,839] {dag.py:2935} INFO - Setting next_dagrun for example_sla_dag to 2022-08-09T08:16:00+00:00
[2022-08-09 08:18:22,854] {processor.py:171} INFO - Processing /home/airflow/.local/lib/python3.7/site-packages/airflow/example_dags/example_sla_dag.py took 0.169 seconds
[2022-08-09 08:18:53,052] {processor.py:163} INFO - Started process (PID=1865) to work on /home/airflow/.local/lib/python3.7/site-packages/airflow/example_dags/example_sla_dag.py
[2022-08-09 08:18:53,055] {processor.py:642} INFO - Processing file /home/airflow/.local/lib/python3.7/site-packages/airflow/example_dags/example_sla_dag.py for tasks to queue
[2022-08-09 08:18:53,057] {logging_mixin.py:109} INFO - [2022-08-09 08:18:53,057] {dagbag.py:500} INFO - Filling up the DagBag from /home/airflow/.local/lib/python3.7/site-packages/airflow/example_dags/example_sla_dag.py
[2022-08-09 08:18:53,099] {processor.py:654} INFO - DAG(s) dict_keys(['example_sla_dag']) retrieved from /home/airflow/.local/lib/python3.7/site-packages/airflow/example_dags/example_sla_dag.py
[2022-08-09 08:18:53,111] {logging_mixin.py:109} INFO - [2022-08-09 08:18:53,111] {dag.py:2396} INFO - Sync 1 DAGs
[2022-08-09 08:18:53,213] {logging_mixin.py:109} INFO - [2022-08-09 08:18:53,213] {dag.py:2935} INFO - Setting next_dagrun for example_sla_dag to 2022-08-09T08:16:00+00:00
[2022-08-09 08:18:53,224] {processor.py:171} INFO - Processing /home/airflow/.local/lib/python3.7/site-packages/airflow/example_dags/example_sla_dag.py took 0.175 seconds
[2022-08-09 08:19:23,538] {processor.py:163} INFO - Started process (PID=1935) to work on /home/airflow/.local/lib/python3.7/site-packages/airflow/example_dags/example_sla_dag.py
[2022-08-09 08:19:23,543] {processor.py:642} INFO - Processing file /home/airflow/.local/lib/python3.7/site-packages/airflow/example_dags/example_sla_dag.py for tasks to queue
[2022-08-09 08:19:23,545] {logging_mixin.py:109} INFO - [2022-08-09 08:19:23,545] {dagbag.py:500} INFO - Filling up the DagBag from /home/airflow/.local/lib/python3.7/site-packages/airflow/example_dags/example_sla_dag.py
[2022-08-09 08:19:23,586] {processor.py:654} INFO - DAG(s) dict_keys(['example_sla_dag']) retrieved from /home/airflow/.local/lib/python3.7/site-packages/airflow/example_dags/example_sla_dag.py
[2022-08-09 08:19:23,603] {logging_mixin.py:109} INFO - [2022-08-09 08:19:23,603] {dag.py:2396} INFO - Sync 1 DAGs
[2022-08-09 08:19:23,718] {logging_mixin.py:109} INFO - [2022-08-09 08:19:23,718] {dag.py:2935} INFO - Setting next_dagrun for example_sla_dag to 2022-08-09T08:16:00+00:00
[2022-08-09 08:19:23,731] {processor.py:171} INFO - Processing /home/airflow/.local/lib/python3.7/site-packages/airflow/example_dags/example_sla_dag.py took 0.199 seconds
[2022-08-09 08:19:54,233] {processor.py:163} INFO - Started process (PID=1995) to work on /home/airflow/.local/lib/python3.7/site-packages/airflow/example_dags/example_sla_dag.py
[2022-08-09 08:19:54,236] {processor.py:642} INFO - Processing file /home/airflow/.local/lib/python3.7/site-packages/airflow/example_dags/example_sla_dag.py for tasks to queue
[2022-08-09 08:19:54,237] {logging_mixin.py:109} INFO - [2022-08-09 08:19:54,237] {dagbag.py:500} INFO - Filling up the DagBag from /home/airflow/.local/lib/python3.7/site-packages/airflow/example_dags/example_sla_dag.py
[2022-08-09 08:19:54,281] {processor.py:654} INFO - DAG(s) dict_keys(['example_sla_dag']) retrieved from /home/airflow/.local/lib/python3.7/site-packages/airflow/example_dags/example_sla_dag.py
[2022-08-09 08:19:54,383] {logging_mixin.py:109} INFO - [2022-08-09 08:19:54,383] {dag.py:2396} INFO - Sync 1 DAGs
[2022-08-09 08:19:54,402] {logging_mixin.py:109} INFO - [2022-08-09 08:19:54,402] {dag.py:2935} INFO - Setting next_dagrun for example_sla_dag to 2022-08-09T08:16:00+00:00
[2022-08-09 08:19:54,415] {processor.py:171} INFO - Processing /home/airflow/.local/lib/python3.7/site-packages/airflow/example_dags/example_sla_dag.py took 0.186 seconds
[2022-08-09 08:20:24,991] {processor.py:163} INFO - Started process (PID=2064) to work on /home/airflow/.local/lib/python3.7/site-packages/airflow/example_dags/example_sla_dag.py
[2022-08-09 08:20:24,994] {processor.py:642} INFO - Processing file /home/airflow/.local/lib/python3.7/site-packages/airflow/example_dags/example_sla_dag.py for tasks to queue
[2022-08-09 08:20:24,995] {logging_mixin.py:109} INFO - [2022-08-09 08:20:24,995] {dagbag.py:500} INFO - Filling up the DagBag from /home/airflow/.local/lib/python3.7/site-packages/airflow/example_dags/example_sla_dag.py
[2022-08-09 08:20:25,127] {processor.py:654} INFO - DAG(s) dict_keys(['example_sla_dag']) retrieved from /home/airflow/.local/lib/python3.7/site-packages/airflow/example_dags/example_sla_dag.py
[2022-08-09 08:20:25,139] {logging_mixin.py:109} INFO - [2022-08-09 08:20:25,139] {dag.py:2396} INFO - Sync 1 DAGs
[2022-08-09 08:20:25,157] {logging_mixin.py:109} INFO - [2022-08-09 08:20:25,157] {dag.py:2935} INFO - Setting next_dagrun for example_sla_dag to 2022-08-09T08:18:00+00:00
[2022-08-09 08:20:25,166] {processor.py:171} INFO - Processing /home/airflow/.local/lib/python3.7/site-packages/airflow/example_dags/example_sla_dag.py took 0.178 seconds
[2022-08-09 08:20:55,327] {processor.py:163} INFO - Started process (PID=2124) to work on /home/airflow/.local/lib/python3.7/site-packages/airflow/example_dags/example_sla_dag.py
[2022-08-09 08:20:55,330] {processor.py:642} INFO - Processing file /home/airflow/.local/lib/python3.7/site-packages/airflow/example_dags/example_sla_dag.py for tasks to queue
[2022-08-09 08:20:55,331] {logging_mixin.py:109} INFO - [2022-08-09 08:20:55,331] {dagbag.py:500} INFO - Filling up the DagBag from /home/airflow/.local/lib/python3.7/site-packages/airflow/example_dags/example_sla_dag.py
[2022-08-09 08:20:55,455] {processor.py:654} INFO - DAG(s) dict_keys(['example_sla_dag']) retrieved from /home/airflow/.local/lib/python3.7/site-packages/airflow/example_dags/example_sla_dag.py
[2022-08-09 08:20:55,463] {logging_mixin.py:109} INFO - [2022-08-09 08:20:55,463] {dag.py:2396} INFO - Sync 1 DAGs
[2022-08-09 08:20:55,480] {logging_mixin.py:109} INFO - [2022-08-09 08:20:55,480] {dag.py:2935} INFO - Setting next_dagrun for example_sla_dag to 2022-08-09T08:18:00+00:00
[2022-08-09 08:20:55,490] {processor.py:171} INFO - Processing /home/airflow/.local/lib/python3.7/site-packages/airflow/example_dags/example_sla_dag.py took 0.168 seconds
[2022-08-09 08:21:26,185] {processor.py:163} INFO - Started process (PID=2195) to work on /home/airflow/.local/lib/python3.7/site-packages/airflow/example_dags/example_sla_dag.py
[2022-08-09 08:21:26,188] {processor.py:642} INFO - Processing file /home/airflow/.local/lib/python3.7/site-packages/airflow/example_dags/example_sla_dag.py for tasks to queue
[2022-08-09 08:21:26,189] {logging_mixin.py:109} INFO - [2022-08-09 08:21:26,189] {dagbag.py:500} INFO - Filling up the DagBag from /home/airflow/.local/lib/python3.7/site-packages/airflow/example_dags/example_sla_dag.py
[2022-08-09 08:21:26,315] {processor.py:654} INFO - DAG(s) dict_keys(['example_sla_dag']) retrieved from /home/airflow/.local/lib/python3.7/site-packages/airflow/example_dags/example_sla_dag.py
[2022-08-09 08:21:26,335] {logging_mixin.py:109} INFO - [2022-08-09 08:21:26,335] {dag.py:2396} INFO - Sync 1 DAGs
[2022-08-09 08:21:26,353] {logging_mixin.py:109} INFO - [2022-08-09 08:21:26,353] {dag.py:2935} INFO - Setting next_dagrun for example_sla_dag to 2022-08-09T08:18:00+00:00
[2022-08-09 08:21:26,363] {processor.py:171} INFO - Processing /home/airflow/.local/lib/python3.7/site-packages/airflow/example_dags/example_sla_dag.py took 0.184 seconds
[2022-08-09 08:21:56,643] {processor.py:163} INFO - Started process (PID=2255) to work on /home/airflow/.local/lib/python3.7/site-packages/airflow/example_dags/example_sla_dag.py
[2022-08-09 08:21:56,648] {processor.py:642} INFO - Processing file /home/airflow/.local/lib/python3.7/site-packages/airflow/example_dags/example_sla_dag.py for tasks to queue
[2022-08-09 08:21:56,651] {logging_mixin.py:109} INFO - [2022-08-09 08:21:56,651] {dagbag.py:500} INFO - Filling up the DagBag from /home/airflow/.local/lib/python3.7/site-packages/airflow/example_dags/example_sla_dag.py
[2022-08-09 08:21:56,812] {processor.py:654} INFO - DAG(s) dict_keys(['example_sla_dag']) retrieved from /home/airflow/.local/lib/python3.7/site-packages/airflow/example_dags/example_sla_dag.py
[2022-08-09 08:21:56,833] {logging_mixin.py:109} INFO - [2022-08-09 08:21:56,832] {dag.py:2396} INFO - Sync 1 DAGs
[2022-08-09 08:21:56,856] {logging_mixin.py:109} INFO - [2022-08-09 08:21:56,856] {dag.py:2935} INFO - Setting next_dagrun for example_sla_dag to 2022-08-09T08:18:00+00:00
[2022-08-09 08:21:56,895] {processor.py:171} INFO - Processing /home/airflow/.local/lib/python3.7/site-packages/airflow/example_dags/example_sla_dag.py took 0.256 seconds
[2022-08-09 08:22:27,358] {processor.py:163} INFO - Started process (PID=2323) to work on /home/airflow/.local/lib/python3.7/site-packages/airflow/example_dags/example_sla_dag.py
[2022-08-09 08:22:27,365] {processor.py:642} INFO - Processing file /home/airflow/.local/lib/python3.7/site-packages/airflow/example_dags/example_sla_dag.py for tasks to queue
[2022-08-09 08:22:27,366] {logging_mixin.py:109} INFO - [2022-08-09 08:22:27,366] {dagbag.py:500} INFO - Filling up the DagBag from /home/airflow/.local/lib/python3.7/site-packages/airflow/example_dags/example_sla_dag.py
[2022-08-09 08:22:27,509] {processor.py:654} INFO - DAG(s) dict_keys(['example_sla_dag']) retrieved from /home/airflow/.local/lib/python3.7/site-packages/airflow/example_dags/example_sla_dag.py
[2022-08-09 08:22:27,524] {logging_mixin.py:109} INFO - [2022-08-09 08:22:27,524] {dag.py:2396} INFO - Sync 1 DAGs
[2022-08-09 08:22:27,543] {logging_mixin.py:109} INFO - [2022-08-09 08:22:27,542] {dag.py:2935} INFO - Setting next_dagrun for example_sla_dag to 2022-08-09T08:20:00+00:00
[2022-08-09 08:22:27,553] {processor.py:171} INFO - Processing /home/airflow/.local/lib/python3.7/site-packages/airflow/example_dags/example_sla_dag.py took 0.214 seconds
[2022-08-09 08:22:58,267] {processor.py:163} INFO - Started process (PID=2383) to work on /home/airflow/.local/lib/python3.7/site-packages/airflow/example_dags/example_sla_dag.py
[2022-08-09 08:22:58,269] {processor.py:642} INFO - Processing file /home/airflow/.local/lib/python3.7/site-packages/airflow/example_dags/example_sla_dag.py for tasks to queue
[2022-08-09 08:22:58,271] {logging_mixin.py:109} INFO - [2022-08-09 08:22:58,271] {dagbag.py:500} INFO - Filling up the DagBag from /home/airflow/.local/lib/python3.7/site-packages/airflow/example_dags/example_sla_dag.py
[2022-08-09 08:22:58,326] {processor.py:654} INFO - DAG(s) dict_keys(['example_sla_dag']) retrieved from /home/airflow/.local/lib/python3.7/site-packages/airflow/example_dags/example_sla_dag.py
[2022-08-09 08:22:58,337] {logging_mixin.py:109} INFO - [2022-08-09 08:22:58,337] {dag.py:2396} INFO - Sync 1 DAGs
[2022-08-09 08:22:58,359] {logging_mixin.py:109} INFO - [2022-08-09 08:22:58,359] {dag.py:2935} INFO - Setting next_dagrun for example_sla_dag to 2022-08-09T08:20:00+00:00
[2022-08-09 08:22:58,375] {processor.py:171} INFO - Processing /home/airflow/.local/lib/python3.7/site-packages/airflow/example_dags/example_sla_dag.py took 0.114 seconds
[2022-08-09 08:23:28,686] {processor.py:163} INFO - Started process (PID=2454) to work on /home/airflow/.local/lib/python3.7/site-packages/airflow/example_dags/example_sla_dag.py
[2022-08-09 08:23:28,691] {processor.py:642} INFO - Processing file /home/airflow/.local/lib/python3.7/site-packages/airflow/example_dags/example_sla_dag.py for tasks to queue
[2022-08-09 08:23:28,693] {logging_mixin.py:109} INFO - [2022-08-09 08:23:28,693] {dagbag.py:500} INFO - Filling up the DagBag from /home/airflow/.local/lib/python3.7/site-packages/airflow/example_dags/example_sla_dag.py
[2022-08-09 08:23:28,743] {processor.py:654} INFO - DAG(s) dict_keys(['example_sla_dag']) retrieved from /home/airflow/.local/lib/python3.7/site-packages/airflow/example_dags/example_sla_dag.py
[2022-08-09 08:23:28,755] {logging_mixin.py:109} INFO - [2022-08-09 08:23:28,755] {dag.py:2396} INFO - Sync 1 DAGs
[2022-08-09 08:23:28,776] {logging_mixin.py:109} INFO - [2022-08-09 08:23:28,776] {dag.py:2935} INFO - Setting next_dagrun for example_sla_dag to 2022-08-09T08:20:00+00:00
[2022-08-09 08:23:28,789] {processor.py:171} INFO - Processing /home/airflow/.local/lib/python3.7/site-packages/airflow/example_dags/example_sla_dag.py took 0.107 seconds
[2022-08-09 08:23:59,068] {processor.py:163} INFO - Started process (PID=2514) to work on /home/airflow/.local/lib/python3.7/site-packages/airflow/example_dags/example_sla_dag.py
[2022-08-09 08:23:59,070] {processor.py:642} INFO - Processing file /home/airflow/.local/lib/python3.7/site-packages/airflow/example_dags/example_sla_dag.py for tasks to queue
[2022-08-09 08:23:59,072] {logging_mixin.py:109} INFO - [2022-08-09 08:23:59,072] {dagbag.py:500} INFO - Filling up the DagBag from /home/airflow/.local/lib/python3.7/site-packages/airflow/example_dags/example_sla_dag.py
[2022-08-09 08:23:59,113] {processor.py:654} INFO - DAG(s) dict_keys(['example_sla_dag']) retrieved from /home/airflow/.local/lib/python3.7/site-packages/airflow/example_dags/example_sla_dag.py
[2022-08-09 08:23:59,128] {logging_mixin.py:109} INFO - [2022-08-09 08:23:59,128] {dag.py:2396} INFO - Sync 1 DAGs
[2022-08-09 08:23:59,151] {logging_mixin.py:109} INFO - [2022-08-09 08:23:59,151] {dag.py:2935} INFO - Setting next_dagrun for example_sla_dag to 2022-08-09T08:20:00+00:00
[2022-08-09 08:23:59,165] {processor.py:171} INFO - Processing /home/airflow/.local/lib/python3.7/site-packages/airflow/example_dags/example_sla_dag.py took 0.103 seconds
[2022-08-09 08:24:30,069] {processor.py:163} INFO - Started process (PID=2581) to work on /home/airflow/.local/lib/python3.7/site-packages/airflow/example_dags/example_sla_dag.py
[2022-08-09 08:24:30,071] {processor.py:642} INFO - Processing file /home/airflow/.local/lib/python3.7/site-packages/airflow/example_dags/example_sla_dag.py for tasks to queue
[2022-08-09 08:24:30,073] {logging_mixin.py:109} INFO - [2022-08-09 08:24:30,073] {dagbag.py:500} INFO - Filling up the DagBag from /home/airflow/.local/lib/python3.7/site-packages/airflow/example_dags/example_sla_dag.py
[2022-08-09 08:24:30,108] {processor.py:654} INFO - DAG(s) dict_keys(['example_sla_dag']) retrieved from /home/airflow/.local/lib/python3.7/site-packages/airflow/example_dags/example_sla_dag.py
[2022-08-09 08:24:30,119] {logging_mixin.py:109} INFO - [2022-08-09 08:24:30,119] {dag.py:2396} INFO - Sync 1 DAGs
[2022-08-09 08:24:30,138] {logging_mixin.py:109} INFO - [2022-08-09 08:24:30,138] {dag.py:2935} INFO - Setting next_dagrun for example_sla_dag to 2022-08-09T08:22:00+00:00
[2022-08-09 08:24:30,153] {processor.py:171} INFO - Processing /home/airflow/.local/lib/python3.7/site-packages/airflow/example_dags/example_sla_dag.py took 0.087 seconds
[2022-08-09 08:25:00,293] {processor.py:163} INFO - Started process (PID=2640) to work on /home/airflow/.local/lib/python3.7/site-packages/airflow/example_dags/example_sla_dag.py
[2022-08-09 08:25:00,297] {processor.py:642} INFO - Processing file /home/airflow/.local/lib/python3.7/site-packages/airflow/example_dags/example_sla_dag.py for tasks to queue
[2022-08-09 08:25:00,298] {logging_mixin.py:109} INFO - [2022-08-09 08:25:00,298] {dagbag.py:500} INFO - Filling up the DagBag from /home/airflow/.local/lib/python3.7/site-packages/airflow/example_dags/example_sla_dag.py
[2022-08-09 08:25:00,334] {processor.py:654} INFO - DAG(s) dict_keys(['example_sla_dag']) retrieved from /home/airflow/.local/lib/python3.7/site-packages/airflow/example_dags/example_sla_dag.py
[2022-08-09 08:25:00,346] {logging_mixin.py:109} INFO - [2022-08-09 08:25:00,346] {dag.py:2396} INFO - Sync 1 DAGs
[2022-08-09 08:25:00,373] {logging_mixin.py:109} INFO - [2022-08-09 08:25:00,372] {dag.py:2935} INFO - Setting next_dagrun for example_sla_dag to 2022-08-09T08:22:00+00:00
[2022-08-09 08:25:00,387] {processor.py:171} INFO - Processing /home/airflow/.local/lib/python3.7/site-packages/airflow/example_dags/example_sla_dag.py took 0.098 seconds
[2022-08-09 08:25:30,834] {processor.py:163} INFO - Started process (PID=2709) to work on /home/airflow/.local/lib/python3.7/site-packages/airflow/example_dags/example_sla_dag.py
[2022-08-09 08:25:30,837] {processor.py:642} INFO - Processing file /home/airflow/.local/lib/python3.7/site-packages/airflow/example_dags/example_sla_dag.py for tasks to queue
[2022-08-09 08:25:30,839] {logging_mixin.py:109} INFO - [2022-08-09 08:25:30,839] {dagbag.py:500} INFO - Filling up the DagBag from /home/airflow/.local/lib/python3.7/site-packages/airflow/example_dags/example_sla_dag.py
[2022-08-09 08:25:30,888] {processor.py:654} INFO - DAG(s) dict_keys(['example_sla_dag']) retrieved from /home/airflow/.local/lib/python3.7/site-packages/airflow/example_dags/example_sla_dag.py
[2022-08-09 08:25:30,899] {logging_mixin.py:109} INFO - [2022-08-09 08:25:30,899] {dag.py:2396} INFO - Sync 1 DAGs
[2022-08-09 08:25:30,923] {logging_mixin.py:109} INFO - [2022-08-09 08:25:30,923] {dag.py:2935} INFO - Setting next_dagrun for example_sla_dag to 2022-08-09T08:22:00+00:00
[2022-08-09 08:25:30,934] {processor.py:171} INFO - Processing /home/airflow/.local/lib/python3.7/site-packages/airflow/example_dags/example_sla_dag.py took 0.104 seconds
[2022-08-09 08:26:01,236] {processor.py:163} INFO - Started process (PID=2771) to work on /home/airflow/.local/lib/python3.7/site-packages/airflow/example_dags/example_sla_dag.py
[2022-08-09 08:26:01,238] {processor.py:642} INFO - Processing file /home/airflow/.local/lib/python3.7/site-packages/airflow/example_dags/example_sla_dag.py for tasks to queue
[2022-08-09 08:26:01,240] {logging_mixin.py:109} INFO - [2022-08-09 08:26:01,240] {dagbag.py:500} INFO - Filling up the DagBag from /home/airflow/.local/lib/python3.7/site-packages/airflow/example_dags/example_sla_dag.py
[2022-08-09 08:26:01,274] {processor.py:654} INFO - DAG(s) dict_keys(['example_sla_dag']) retrieved from /home/airflow/.local/lib/python3.7/site-packages/airflow/example_dags/example_sla_dag.py
[2022-08-09 08:26:01,284] {logging_mixin.py:109} INFO - [2022-08-09 08:26:01,284] {dag.py:2396} INFO - Sync 1 DAGs
[2022-08-09 08:26:01,306] {logging_mixin.py:109} INFO - [2022-08-09 08:26:01,306] {dag.py:2935} INFO - Setting next_dagrun for example_sla_dag to 2022-08-09T08:24:00+00:00
[2022-08-09 08:26:01,321] {processor.py:171} INFO - Processing /home/airflow/.local/lib/python3.7/site-packages/airflow/example_dags/example_sla_dag.py took 0.089 seconds
[2022-08-09 08:26:31,457] {processor.py:163} INFO - Started process (PID=2830) to work on /home/airflow/.local/lib/python3.7/site-packages/airflow/example_dags/example_sla_dag.py
[2022-08-09 08:26:31,459] {processor.py:642} INFO - Processing file /home/airflow/.local/lib/python3.7/site-packages/airflow/example_dags/example_sla_dag.py for tasks to queue
[2022-08-09 08:26:31,461] {logging_mixin.py:109} INFO - [2022-08-09 08:26:31,460] {dagbag.py:500} INFO - Filling up the DagBag from /home/airflow/.local/lib/python3.7/site-packages/airflow/example_dags/example_sla_dag.py
[2022-08-09 08:26:31,496] {processor.py:654} INFO - DAG(s) dict_keys(['example_sla_dag']) retrieved from /home/airflow/.local/lib/python3.7/site-packages/airflow/example_dags/example_sla_dag.py
[2022-08-09 08:26:31,508] {logging_mixin.py:109} INFO - [2022-08-09 08:26:31,508] {dag.py:2396} INFO - Sync 1 DAGs
[2022-08-09 08:26:31,528] {logging_mixin.py:109} INFO - [2022-08-09 08:26:31,527] {dag.py:2935} INFO - Setting next_dagrun for example_sla_dag to 2022-08-09T08:24:00+00:00
[2022-08-09 08:26:31,547] {processor.py:171} INFO - Processing /home/airflow/.local/lib/python3.7/site-packages/airflow/example_dags/example_sla_dag.py took 0.094 seconds
[2022-08-09 08:27:02,091] {processor.py:163} INFO - Started process (PID=2901) to work on /home/airflow/.local/lib/python3.7/site-packages/airflow/example_dags/example_sla_dag.py
[2022-08-09 08:27:02,094] {processor.py:642} INFO - Processing file /home/airflow/.local/lib/python3.7/site-packages/airflow/example_dags/example_sla_dag.py for tasks to queue
[2022-08-09 08:27:02,095] {logging_mixin.py:109} INFO - [2022-08-09 08:27:02,095] {dagbag.py:500} INFO - Filling up the DagBag from /home/airflow/.local/lib/python3.7/site-packages/airflow/example_dags/example_sla_dag.py
[2022-08-09 08:27:02,142] {processor.py:654} INFO - DAG(s) dict_keys(['example_sla_dag']) retrieved from /home/airflow/.local/lib/python3.7/site-packages/airflow/example_dags/example_sla_dag.py
[2022-08-09 08:27:02,168] {logging_mixin.py:109} INFO - [2022-08-09 08:27:02,168] {dag.py:2396} INFO - Sync 1 DAGs
[2022-08-09 08:27:02,208] {logging_mixin.py:109} INFO - [2022-08-09 08:27:02,208] {dag.py:2935} INFO - Setting next_dagrun for example_sla_dag to 2022-08-09T08:24:00+00:00
[2022-08-09 08:27:02,223] {processor.py:171} INFO - Processing /home/airflow/.local/lib/python3.7/site-packages/airflow/example_dags/example_sla_dag.py took 0.137 seconds
[2022-08-09 08:27:32,536] {processor.py:163} INFO - Started process (PID=2962) to work on /home/airflow/.local/lib/python3.7/site-packages/airflow/example_dags/example_sla_dag.py
[2022-08-09 08:27:32,538] {processor.py:642} INFO - Processing file /home/airflow/.local/lib/python3.7/site-packages/airflow/example_dags/example_sla_dag.py for tasks to queue
[2022-08-09 08:27:32,541] {logging_mixin.py:109} INFO - [2022-08-09 08:27:32,540] {dagbag.py:500} INFO - Filling up the DagBag from /home/airflow/.local/lib/python3.7/site-packages/airflow/example_dags/example_sla_dag.py
[2022-08-09 08:27:32,574] {processor.py:654} INFO - DAG(s) dict_keys(['example_sla_dag']) retrieved from /home/airflow/.local/lib/python3.7/site-packages/airflow/example_dags/example_sla_dag.py
[2022-08-09 08:27:32,584] {logging_mixin.py:109} INFO - [2022-08-09 08:27:32,584] {dag.py:2396} INFO - Sync 1 DAGs
[2022-08-09 08:27:32,608] {logging_mixin.py:109} INFO - [2022-08-09 08:27:32,608] {dag.py:2935} INFO - Setting next_dagrun for example_sla_dag to 2022-08-09T08:24:00+00:00
[2022-08-09 08:27:32,623] {processor.py:171} INFO - Processing /home/airflow/.local/lib/python3.7/site-packages/airflow/example_dags/example_sla_dag.py took 0.092 seconds
[2022-08-09 08:28:02,839] {processor.py:163} INFO - Started process (PID=3031) to work on /home/airflow/.local/lib/python3.7/site-packages/airflow/example_dags/example_sla_dag.py
[2022-08-09 08:28:02,842] {processor.py:642} INFO - Processing file /home/airflow/.local/lib/python3.7/site-packages/airflow/example_dags/example_sla_dag.py for tasks to queue
[2022-08-09 08:28:02,844] {logging_mixin.py:109} INFO - [2022-08-09 08:28:02,844] {dagbag.py:500} INFO - Filling up the DagBag from /home/airflow/.local/lib/python3.7/site-packages/airflow/example_dags/example_sla_dag.py
[2022-08-09 08:28:02,887] {processor.py:654} INFO - DAG(s) dict_keys(['example_sla_dag']) retrieved from /home/airflow/.local/lib/python3.7/site-packages/airflow/example_dags/example_sla_dag.py
[2022-08-09 08:28:02,905] {logging_mixin.py:109} INFO - [2022-08-09 08:28:02,905] {dag.py:2396} INFO - Sync 1 DAGs
[2022-08-09 08:28:02,942] {logging_mixin.py:109} INFO - [2022-08-09 08:28:02,942] {dag.py:2935} INFO - Setting next_dagrun for example_sla_dag to 2022-08-09T08:26:00+00:00
[2022-08-09 08:28:02,961] {processor.py:171} INFO - Processing /home/airflow/.local/lib/python3.7/site-packages/airflow/example_dags/example_sla_dag.py took 0.126 seconds
[2022-08-09 08:28:33,360] {processor.py:163} INFO - Started process (PID=3091) to work on /home/airflow/.local/lib/python3.7/site-packages/airflow/example_dags/example_sla_dag.py
[2022-08-09 08:28:33,363] {processor.py:642} INFO - Processing file /home/airflow/.local/lib/python3.7/site-packages/airflow/example_dags/example_sla_dag.py for tasks to queue
[2022-08-09 08:28:33,364] {logging_mixin.py:109} INFO - [2022-08-09 08:28:33,364] {dagbag.py:500} INFO - Filling up the DagBag from /home/airflow/.local/lib/python3.7/site-packages/airflow/example_dags/example_sla_dag.py
[2022-08-09 08:28:33,402] {processor.py:654} INFO - DAG(s) dict_keys(['example_sla_dag']) retrieved from /home/airflow/.local/lib/python3.7/site-packages/airflow/example_dags/example_sla_dag.py
[2022-08-09 08:28:33,415] {logging_mixin.py:109} INFO - [2022-08-09 08:28:33,415] {dag.py:2396} INFO - Sync 1 DAGs
[2022-08-09 08:28:33,441] {logging_mixin.py:109} INFO - [2022-08-09 08:28:33,441] {dag.py:2935} INFO - Setting next_dagrun for example_sla_dag to 2022-08-09T08:26:00+00:00
[2022-08-09 08:28:33,454] {processor.py:171} INFO - Processing /home/airflow/.local/lib/python3.7/site-packages/airflow/example_dags/example_sla_dag.py took 0.098 seconds
[2022-08-09 08:29:03,811] {processor.py:163} INFO - Started process (PID=3160) to work on /home/airflow/.local/lib/python3.7/site-packages/airflow/example_dags/example_sla_dag.py
[2022-08-09 08:29:03,813] {processor.py:642} INFO - Processing file /home/airflow/.local/lib/python3.7/site-packages/airflow/example_dags/example_sla_dag.py for tasks to queue
[2022-08-09 08:29:03,815] {logging_mixin.py:109} INFO - [2022-08-09 08:29:03,814] {dagbag.py:500} INFO - Filling up the DagBag from /home/airflow/.local/lib/python3.7/site-packages/airflow/example_dags/example_sla_dag.py
[2022-08-09 08:29:03,850] {processor.py:654} INFO - DAG(s) dict_keys(['example_sla_dag']) retrieved from /home/airflow/.local/lib/python3.7/site-packages/airflow/example_dags/example_sla_dag.py
[2022-08-09 08:29:03,869] {logging_mixin.py:109} INFO - [2022-08-09 08:29:03,869] {dag.py:2396} INFO - Sync 1 DAGs
[2022-08-09 08:29:03,916] {logging_mixin.py:109} INFO - [2022-08-09 08:29:03,916] {dag.py:2935} INFO - Setting next_dagrun for example_sla_dag to 2022-08-09T08:26:00+00:00
[2022-08-09 08:29:03,927] {processor.py:171} INFO - Processing /home/airflow/.local/lib/python3.7/site-packages/airflow/example_dags/example_sla_dag.py took 0.120 seconds
[2022-08-09 08:29:34,277] {processor.py:163} INFO - Started process (PID=3220) to work on /home/airflow/.local/lib/python3.7/site-packages/airflow/example_dags/example_sla_dag.py
[2022-08-09 08:29:34,281] {processor.py:642} INFO - Processing file /home/airflow/.local/lib/python3.7/site-packages/airflow/example_dags/example_sla_dag.py for tasks to queue
[2022-08-09 08:29:34,282] {logging_mixin.py:109} INFO - [2022-08-09 08:29:34,282] {dagbag.py:500} INFO - Filling up the DagBag from /home/airflow/.local/lib/python3.7/site-packages/airflow/example_dags/example_sla_dag.py
[2022-08-09 08:29:34,317] {processor.py:654} INFO - DAG(s) dict_keys(['example_sla_dag']) retrieved from /home/airflow/.local/lib/python3.7/site-packages/airflow/example_dags/example_sla_dag.py
[2022-08-09 08:29:34,329] {logging_mixin.py:109} INFO - [2022-08-09 08:29:34,329] {dag.py:2396} INFO - Sync 1 DAGs
[2022-08-09 08:29:34,348] {logging_mixin.py:109} INFO - [2022-08-09 08:29:34,348] {dag.py:2935} INFO - Setting next_dagrun for example_sla_dag to 2022-08-09T08:26:00+00:00
[2022-08-09 08:29:34,359] {processor.py:171} INFO - Processing /home/airflow/.local/lib/python3.7/site-packages/airflow/example_dags/example_sla_dag.py took 0.087 seconds
[2022-08-09 08:30:04,835] {processor.py:163} INFO - Started process (PID=3289) to work on /home/airflow/.local/lib/python3.7/site-packages/airflow/example_dags/example_sla_dag.py
[2022-08-09 08:30:04,839] {processor.py:642} INFO - Processing file /home/airflow/.local/lib/python3.7/site-packages/airflow/example_dags/example_sla_dag.py for tasks to queue
[2022-08-09 08:30:04,840] {logging_mixin.py:109} INFO - [2022-08-09 08:30:04,840] {dagbag.py:500} INFO - Filling up the DagBag from /home/airflow/.local/lib/python3.7/site-packages/airflow/example_dags/example_sla_dag.py
[2022-08-09 08:30:04,874] {processor.py:654} INFO - DAG(s) dict_keys(['example_sla_dag']) retrieved from /home/airflow/.local/lib/python3.7/site-packages/airflow/example_dags/example_sla_dag.py
[2022-08-09 08:30:04,885] {logging_mixin.py:109} INFO - [2022-08-09 08:30:04,885] {dag.py:2396} INFO - Sync 1 DAGs
[2022-08-09 08:30:04,916] {logging_mixin.py:109} INFO - [2022-08-09 08:30:04,915] {dag.py:2935} INFO - Setting next_dagrun for example_sla_dag to 2022-08-09T08:28:00+00:00
[2022-08-09 08:30:04,932] {processor.py:171} INFO - Processing /home/airflow/.local/lib/python3.7/site-packages/airflow/example_dags/example_sla_dag.py took 0.103 seconds
[2022-08-09 08:30:35,126] {processor.py:163} INFO - Started process (PID=3348) to work on /home/airflow/.local/lib/python3.7/site-packages/airflow/example_dags/example_sla_dag.py
[2022-08-09 08:30:35,129] {processor.py:642} INFO - Processing file /home/airflow/.local/lib/python3.7/site-packages/airflow/example_dags/example_sla_dag.py for tasks to queue
[2022-08-09 08:30:35,131] {logging_mixin.py:109} INFO - [2022-08-09 08:30:35,130] {dagbag.py:500} INFO - Filling up the DagBag from /home/airflow/.local/lib/python3.7/site-packages/airflow/example_dags/example_sla_dag.py
[2022-08-09 08:30:35,170] {processor.py:654} INFO - DAG(s) dict_keys(['example_sla_dag']) retrieved from /home/airflow/.local/lib/python3.7/site-packages/airflow/example_dags/example_sla_dag.py
[2022-08-09 08:30:35,184] {logging_mixin.py:109} INFO - [2022-08-09 08:30:35,184] {dag.py:2396} INFO - Sync 1 DAGs
[2022-08-09 08:30:35,207] {logging_mixin.py:109} INFO - [2022-08-09 08:30:35,206] {dag.py:2935} INFO - Setting next_dagrun for example_sla_dag to 2022-08-09T08:28:00+00:00
[2022-08-09 08:30:35,219] {processor.py:171} INFO - Processing /home/airflow/.local/lib/python3.7/site-packages/airflow/example_dags/example_sla_dag.py took 0.101 seconds
[2022-08-09 08:31:05,737] {processor.py:163} INFO - Started process (PID=3419) to work on /home/airflow/.local/lib/python3.7/site-packages/airflow/example_dags/example_sla_dag.py
[2022-08-09 08:31:05,739] {processor.py:642} INFO - Processing file /home/airflow/.local/lib/python3.7/site-packages/airflow/example_dags/example_sla_dag.py for tasks to queue
[2022-08-09 08:31:05,741] {logging_mixin.py:109} INFO - [2022-08-09 08:31:05,741] {dagbag.py:500} INFO - Filling up the DagBag from /home/airflow/.local/lib/python3.7/site-packages/airflow/example_dags/example_sla_dag.py
[2022-08-09 08:31:05,778] {processor.py:654} INFO - DAG(s) dict_keys(['example_sla_dag']) retrieved from /home/airflow/.local/lib/python3.7/site-packages/airflow/example_dags/example_sla_dag.py
[2022-08-09 08:31:05,800] {logging_mixin.py:109} INFO - [2022-08-09 08:31:05,800] {dag.py:2396} INFO - Sync 1 DAGs
[2022-08-09 08:31:05,832] {logging_mixin.py:109} INFO - [2022-08-09 08:31:05,831] {dag.py:2935} INFO - Setting next_dagrun for example_sla_dag to 2022-08-09T08:28:00+00:00
[2022-08-09 08:31:05,847] {processor.py:171} INFO - Processing /home/airflow/.local/lib/python3.7/site-packages/airflow/example_dags/example_sla_dag.py took 0.113 seconds
[2022-08-09 08:31:35,901] {processor.py:163} INFO - Started process (PID=3478) to work on /home/airflow/.local/lib/python3.7/site-packages/airflow/example_dags/example_sla_dag.py
[2022-08-09 08:31:35,903] {processor.py:642} INFO - Processing file /home/airflow/.local/lib/python3.7/site-packages/airflow/example_dags/example_sla_dag.py for tasks to queue
[2022-08-09 08:31:35,904] {logging_mixin.py:109} INFO - [2022-08-09 08:31:35,904] {dagbag.py:500} INFO - Filling up the DagBag from /home/airflow/.local/lib/python3.7/site-packages/airflow/example_dags/example_sla_dag.py
[2022-08-09 08:31:35,940] {processor.py:654} INFO - DAG(s) dict_keys(['example_sla_dag']) retrieved from /home/airflow/.local/lib/python3.7/site-packages/airflow/example_dags/example_sla_dag.py
[2022-08-09 08:31:35,951] {logging_mixin.py:109} INFO - [2022-08-09 08:31:35,951] {dag.py:2396} INFO - Sync 1 DAGs
[2022-08-09 08:31:35,970] {logging_mixin.py:109} INFO - [2022-08-09 08:31:35,970] {dag.py:2935} INFO - Setting next_dagrun for example_sla_dag to 2022-08-09T08:28:00+00:00
[2022-08-09 08:31:35,980] {processor.py:171} INFO - Processing /home/airflow/.local/lib/python3.7/site-packages/airflow/example_dags/example_sla_dag.py took 0.082 seconds
[2022-08-09 08:32:06,103] {processor.py:163} INFO - Started process (PID=3540) to work on /home/airflow/.local/lib/python3.7/site-packages/airflow/example_dags/example_sla_dag.py
[2022-08-09 08:32:06,107] {processor.py:642} INFO - Processing file /home/airflow/.local/lib/python3.7/site-packages/airflow/example_dags/example_sla_dag.py for tasks to queue
[2022-08-09 08:32:06,109] {logging_mixin.py:109} INFO - [2022-08-09 08:32:06,108] {dagbag.py:500} INFO - Filling up the DagBag from /home/airflow/.local/lib/python3.7/site-packages/airflow/example_dags/example_sla_dag.py
[2022-08-09 08:32:06,147] {processor.py:654} INFO - DAG(s) dict_keys(['example_sla_dag']) retrieved from /home/airflow/.local/lib/python3.7/site-packages/airflow/example_dags/example_sla_dag.py
[2022-08-09 08:32:06,159] {logging_mixin.py:109} INFO - [2022-08-09 08:32:06,159] {dag.py:2396} INFO - Sync 1 DAGs
[2022-08-09 08:32:06,179] {logging_mixin.py:109} INFO - [2022-08-09 08:32:06,179] {dag.py:2935} INFO - Setting next_dagrun for example_sla_dag to 2022-08-09T08:30:00+00:00
[2022-08-09 08:32:06,191] {processor.py:171} INFO - Processing /home/airflow/.local/lib/python3.7/site-packages/airflow/example_dags/example_sla_dag.py took 0.093 seconds
[2022-08-09 08:32:37,126] {processor.py:163} INFO - Started process (PID=3610) to work on /home/airflow/.local/lib/python3.7/site-packages/airflow/example_dags/example_sla_dag.py
[2022-08-09 08:32:37,129] {processor.py:642} INFO - Processing file /home/airflow/.local/lib/python3.7/site-packages/airflow/example_dags/example_sla_dag.py for tasks to queue
[2022-08-09 08:32:37,131] {logging_mixin.py:109} INFO - [2022-08-09 08:32:37,130] {dagbag.py:500} INFO - Filling up the DagBag from /home/airflow/.local/lib/python3.7/site-packages/airflow/example_dags/example_sla_dag.py
[2022-08-09 08:32:37,171] {processor.py:654} INFO - DAG(s) dict_keys(['example_sla_dag']) retrieved from /home/airflow/.local/lib/python3.7/site-packages/airflow/example_dags/example_sla_dag.py
[2022-08-09 08:32:37,189] {logging_mixin.py:109} INFO - [2022-08-09 08:32:37,189] {dag.py:2396} INFO - Sync 1 DAGs
[2022-08-09 08:32:37,220] {logging_mixin.py:109} INFO - [2022-08-09 08:32:37,220] {dag.py:2935} INFO - Setting next_dagrun for example_sla_dag to 2022-08-09T08:30:00+00:00
[2022-08-09 08:32:37,238] {processor.py:171} INFO - Processing /home/airflow/.local/lib/python3.7/site-packages/airflow/example_dags/example_sla_dag.py took 0.116 seconds
[2022-08-09 08:33:07,862] {processor.py:163} INFO - Started process (PID=3670) to work on /home/airflow/.local/lib/python3.7/site-packages/airflow/example_dags/example_sla_dag.py
[2022-08-09 08:33:07,866] {processor.py:642} INFO - Processing file /home/airflow/.local/lib/python3.7/site-packages/airflow/example_dags/example_sla_dag.py for tasks to queue
[2022-08-09 08:33:07,868] {logging_mixin.py:109} INFO - [2022-08-09 08:33:07,867] {dagbag.py:500} INFO - Filling up the DagBag from /home/airflow/.local/lib/python3.7/site-packages/airflow/example_dags/example_sla_dag.py
[2022-08-09 08:33:07,906] {processor.py:654} INFO - DAG(s) dict_keys(['example_sla_dag']) retrieved from /home/airflow/.local/lib/python3.7/site-packages/airflow/example_dags/example_sla_dag.py
[2022-08-09 08:33:07,921] {logging_mixin.py:109} INFO - [2022-08-09 08:33:07,921] {dag.py:2396} INFO - Sync 1 DAGs
[2022-08-09 08:33:07,942] {logging_mixin.py:109} INFO - [2022-08-09 08:33:07,942] {dag.py:2935} INFO - Setting next_dagrun for example_sla_dag to 2022-08-09T08:30:00+00:00
[2022-08-09 08:33:07,955] {processor.py:171} INFO - Processing /home/airflow/.local/lib/python3.7/site-packages/airflow/example_dags/example_sla_dag.py took 0.100 seconds
[2022-08-09 08:33:38,045] {processor.py:163} INFO - Started process (PID=3741) to work on /home/airflow/.local/lib/python3.7/site-packages/airflow/example_dags/example_sla_dag.py
[2022-08-09 08:33:38,049] {processor.py:642} INFO - Processing file /home/airflow/.local/lib/python3.7/site-packages/airflow/example_dags/example_sla_dag.py for tasks to queue
[2022-08-09 08:33:38,051] {logging_mixin.py:109} INFO - [2022-08-09 08:33:38,051] {dagbag.py:500} INFO - Filling up the DagBag from /home/airflow/.local/lib/python3.7/site-packages/airflow/example_dags/example_sla_dag.py
[2022-08-09 08:33:38,098] {processor.py:654} INFO - DAG(s) dict_keys(['example_sla_dag']) retrieved from /home/airflow/.local/lib/python3.7/site-packages/airflow/example_dags/example_sla_dag.py
[2022-08-09 08:33:38,119] {logging_mixin.py:109} INFO - [2022-08-09 08:33:38,119] {dag.py:2396} INFO - Sync 1 DAGs
[2022-08-09 08:33:38,152] {logging_mixin.py:109} INFO - [2022-08-09 08:33:38,151] {dag.py:2935} INFO - Setting next_dagrun for example_sla_dag to 2022-08-09T08:30:00+00:00
[2022-08-09 08:33:38,175] {processor.py:171} INFO - Processing /home/airflow/.local/lib/python3.7/site-packages/airflow/example_dags/example_sla_dag.py took 0.135 seconds
[2022-08-09 08:34:08,704] {processor.py:163} INFO - Started process (PID=3801) to work on /home/airflow/.local/lib/python3.7/site-packages/airflow/example_dags/example_sla_dag.py
[2022-08-09 08:34:08,707] {processor.py:642} INFO - Processing file /home/airflow/.local/lib/python3.7/site-packages/airflow/example_dags/example_sla_dag.py for tasks to queue
[2022-08-09 08:34:08,709] {logging_mixin.py:109} INFO - [2022-08-09 08:34:08,709] {dagbag.py:500} INFO - Filling up the DagBag from /home/airflow/.local/lib/python3.7/site-packages/airflow/example_dags/example_sla_dag.py
[2022-08-09 08:34:08,749] {processor.py:654} INFO - DAG(s) dict_keys(['example_sla_dag']) retrieved from /home/airflow/.local/lib/python3.7/site-packages/airflow/example_dags/example_sla_dag.py
[2022-08-09 08:34:08,759] {logging_mixin.py:109} INFO - [2022-08-09 08:34:08,759] {dag.py:2396} INFO - Sync 1 DAGs
[2022-08-09 08:34:08,781] {logging_mixin.py:109} INFO - [2022-08-09 08:34:08,781] {dag.py:2935} INFO - Setting next_dagrun for example_sla_dag to 2022-08-09T08:32:00+00:00
[2022-08-09 08:34:08,792] {processor.py:171} INFO - Processing /home/airflow/.local/lib/python3.7/site-packages/airflow/example_dags/example_sla_dag.py took 0.096 seconds
[2022-08-09 08:34:39,178] {processor.py:163} INFO - Started process (PID=3870) to work on /home/airflow/.local/lib/python3.7/site-packages/airflow/example_dags/example_sla_dag.py
[2022-08-09 08:34:39,180] {processor.py:642} INFO - Processing file /home/airflow/.local/lib/python3.7/site-packages/airflow/example_dags/example_sla_dag.py for tasks to queue
[2022-08-09 08:34:39,182] {logging_mixin.py:109} INFO - [2022-08-09 08:34:39,182] {dagbag.py:500} INFO - Filling up the DagBag from /home/airflow/.local/lib/python3.7/site-packages/airflow/example_dags/example_sla_dag.py
[2022-08-09 08:34:39,221] {processor.py:654} INFO - DAG(s) dict_keys(['example_sla_dag']) retrieved from /home/airflow/.local/lib/python3.7/site-packages/airflow/example_dags/example_sla_dag.py
[2022-08-09 08:34:39,234] {logging_mixin.py:109} INFO - [2022-08-09 08:34:39,234] {dag.py:2396} INFO - Sync 1 DAGs
[2022-08-09 08:34:39,258] {logging_mixin.py:109} INFO - [2022-08-09 08:34:39,258] {dag.py:2935} INFO - Setting next_dagrun for example_sla_dag to 2022-08-09T08:32:00+00:00
[2022-08-09 08:34:39,280] {processor.py:171} INFO - Processing /home/airflow/.local/lib/python3.7/site-packages/airflow/example_dags/example_sla_dag.py took 0.106 seconds
[2022-08-09 08:35:09,468] {processor.py:163} INFO - Started process (PID=3930) to work on /home/airflow/.local/lib/python3.7/site-packages/airflow/example_dags/example_sla_dag.py
[2022-08-09 08:35:09,471] {processor.py:642} INFO - Processing file /home/airflow/.local/lib/python3.7/site-packages/airflow/example_dags/example_sla_dag.py for tasks to queue
[2022-08-09 08:35:09,472] {logging_mixin.py:109} INFO - [2022-08-09 08:35:09,472] {dagbag.py:500} INFO - Filling up the DagBag from /home/airflow/.local/lib/python3.7/site-packages/airflow/example_dags/example_sla_dag.py
[2022-08-09 08:35:09,506] {processor.py:654} INFO - DAG(s) dict_keys(['example_sla_dag']) retrieved from /home/airflow/.local/lib/python3.7/site-packages/airflow/example_dags/example_sla_dag.py
[2022-08-09 08:35:09,519] {logging_mixin.py:109} INFO - [2022-08-09 08:35:09,519] {dag.py:2396} INFO - Sync 1 DAGs
[2022-08-09 08:35:09,543] {logging_mixin.py:109} INFO - [2022-08-09 08:35:09,543] {dag.py:2935} INFO - Setting next_dagrun for example_sla_dag to 2022-08-09T08:32:00+00:00
[2022-08-09 08:35:09,553] {processor.py:171} INFO - Processing /home/airflow/.local/lib/python3.7/site-packages/airflow/example_dags/example_sla_dag.py took 0.089 seconds
[2022-08-09 08:35:40,603] {processor.py:163} INFO - Started process (PID=3999) to work on /home/airflow/.local/lib/python3.7/site-packages/airflow/example_dags/example_sla_dag.py
[2022-08-09 08:35:40,607] {processor.py:642} INFO - Processing file /home/airflow/.local/lib/python3.7/site-packages/airflow/example_dags/example_sla_dag.py for tasks to queue
[2022-08-09 08:35:40,609] {logging_mixin.py:109} INFO - [2022-08-09 08:35:40,609] {dagbag.py:500} INFO - Filling up the DagBag from /home/airflow/.local/lib/python3.7/site-packages/airflow/example_dags/example_sla_dag.py
[2022-08-09 08:35:40,674] {processor.py:654} INFO - DAG(s) dict_keys(['example_sla_dag']) retrieved from /home/airflow/.local/lib/python3.7/site-packages/airflow/example_dags/example_sla_dag.py
[2022-08-09 08:35:40,696] {logging_mixin.py:109} INFO - [2022-08-09 08:35:40,696] {dag.py:2396} INFO - Sync 1 DAGs
[2022-08-09 08:35:40,727] {logging_mixin.py:109} INFO - [2022-08-09 08:35:40,727] {dag.py:2935} INFO - Setting next_dagrun for example_sla_dag to 2022-08-09T08:32:00+00:00
[2022-08-09 08:35:40,745] {processor.py:171} INFO - Processing /home/airflow/.local/lib/python3.7/site-packages/airflow/example_dags/example_sla_dag.py took 0.150 seconds
[2022-08-09 08:36:11,138] {processor.py:163} INFO - Started process (PID=4055) to work on /home/airflow/.local/lib/python3.7/site-packages/airflow/example_dags/example_sla_dag.py
[2022-08-09 08:36:11,141] {processor.py:642} INFO - Processing file /home/airflow/.local/lib/python3.7/site-packages/airflow/example_dags/example_sla_dag.py for tasks to queue
[2022-08-09 08:36:11,144] {logging_mixin.py:109} INFO - [2022-08-09 08:36:11,144] {dagbag.py:500} INFO - Filling up the DagBag from /home/airflow/.local/lib/python3.7/site-packages/airflow/example_dags/example_sla_dag.py
[2022-08-09 08:36:11,200] {processor.py:654} INFO - DAG(s) dict_keys(['example_sla_dag']) retrieved from /home/airflow/.local/lib/python3.7/site-packages/airflow/example_dags/example_sla_dag.py
[2022-08-09 08:36:11,217] {logging_mixin.py:109} INFO - [2022-08-09 08:36:11,217] {dag.py:2396} INFO - Sync 1 DAGs
[2022-08-09 08:36:11,250] {logging_mixin.py:109} INFO - [2022-08-09 08:36:11,249] {dag.py:2935} INFO - Setting next_dagrun for example_sla_dag to 2022-08-09T08:34:00+00:00
[2022-08-09 08:36:11,265] {processor.py:171} INFO - Processing /home/airflow/.local/lib/python3.7/site-packages/airflow/example_dags/example_sla_dag.py took 0.134 seconds
[2022-08-09 08:36:42,114] {processor.py:163} INFO - Started process (PID=4115) to work on /home/airflow/.local/lib/python3.7/site-packages/airflow/example_dags/example_sla_dag.py
[2022-08-09 08:36:42,119] {processor.py:642} INFO - Processing file /home/airflow/.local/lib/python3.7/site-packages/airflow/example_dags/example_sla_dag.py for tasks to queue
[2022-08-09 08:36:42,123] {logging_mixin.py:109} INFO - [2022-08-09 08:36:42,122] {dagbag.py:500} INFO - Filling up the DagBag from /home/airflow/.local/lib/python3.7/site-packages/airflow/example_dags/example_sla_dag.py
[2022-08-09 08:36:42,246] {processor.py:654} INFO - DAG(s) dict_keys(['example_sla_dag']) retrieved from /home/airflow/.local/lib/python3.7/site-packages/airflow/example_dags/example_sla_dag.py
[2022-08-09 08:36:42,280] {logging_mixin.py:109} INFO - [2022-08-09 08:36:42,280] {dag.py:2396} INFO - Sync 1 DAGs
[2022-08-09 08:36:42,385] {logging_mixin.py:109} INFO - [2022-08-09 08:36:42,382] {dag.py:2935} INFO - Setting next_dagrun for example_sla_dag to 2022-08-09T08:34:00+00:00
[2022-08-09 08:36:42,477] {processor.py:171} INFO - Processing /home/airflow/.local/lib/python3.7/site-packages/airflow/example_dags/example_sla_dag.py took 0.373 seconds
