[2022-08-09 08:04:37,460] {processor.py:163} INFO - Started process (PID=79) to work on /home/airflow/.local/lib/python3.7/site-packages/airflow/example_dags/example_branch_day_of_week_operator.py
[2022-08-09 08:04:37,463] {processor.py:642} INFO - Processing file /home/airflow/.local/lib/python3.7/site-packages/airflow/example_dags/example_branch_day_of_week_operator.py for tasks to queue
[2022-08-09 08:04:37,464] {logging_mixin.py:109} INFO - [2022-08-09 08:04:37,464] {dagbag.py:500} INFO - Filling up the DagBag from /home/airflow/.local/lib/python3.7/site-packages/airflow/example_dags/example_branch_day_of_week_operator.py
[2022-08-09 08:04:37,525] {processor.py:654} INFO - DAG(s) dict_keys(['example_weekday_branch_operator']) retrieved from /home/airflow/.local/lib/python3.7/site-packages/airflow/example_dags/example_branch_day_of_week_operator.py
[2022-08-09 08:04:37,548] {logging_mixin.py:109} INFO - [2022-08-09 08:04:37,548] {dag.py:2396} INFO - Sync 1 DAGs
[2022-08-09 08:04:37,579] {logging_mixin.py:109} INFO - [2022-08-09 08:04:37,579] {dag.py:2935} INFO - Setting next_dagrun for example_weekday_branch_operator to 2022-08-08 00:00:00+00:00
[2022-08-09 08:04:37,591] {processor.py:171} INFO - Processing /home/airflow/.local/lib/python3.7/site-packages/airflow/example_dags/example_branch_day_of_week_operator.py took 0.138 seconds
[2022-08-09 08:05:08,129] {processor.py:163} INFO - Started process (PID=140) to work on /home/airflow/.local/lib/python3.7/site-packages/airflow/example_dags/example_branch_day_of_week_operator.py
[2022-08-09 08:05:08,132] {processor.py:642} INFO - Processing file /home/airflow/.local/lib/python3.7/site-packages/airflow/example_dags/example_branch_day_of_week_operator.py for tasks to queue
[2022-08-09 08:05:08,134] {logging_mixin.py:109} INFO - [2022-08-09 08:05:08,134] {dagbag.py:500} INFO - Filling up the DagBag from /home/airflow/.local/lib/python3.7/site-packages/airflow/example_dags/example_branch_day_of_week_operator.py
[2022-08-09 08:05:08,168] {processor.py:654} INFO - DAG(s) dict_keys(['example_weekday_branch_operator']) retrieved from /home/airflow/.local/lib/python3.7/site-packages/airflow/example_dags/example_branch_day_of_week_operator.py
[2022-08-09 08:05:08,186] {logging_mixin.py:109} INFO - [2022-08-09 08:05:08,185] {dag.py:2396} INFO - Sync 1 DAGs
[2022-08-09 08:05:08,208] {logging_mixin.py:109} INFO - [2022-08-09 08:05:08,208] {dag.py:2935} INFO - Setting next_dagrun for example_weekday_branch_operator to 2022-08-08 00:00:00+00:00
[2022-08-09 08:05:08,221] {processor.py:171} INFO - Processing /home/airflow/.local/lib/python3.7/site-packages/airflow/example_dags/example_branch_day_of_week_operator.py took 0.098 seconds
[2022-08-09 08:05:39,053] {processor.py:163} INFO - Started process (PID=201) to work on /home/airflow/.local/lib/python3.7/site-packages/airflow/example_dags/example_branch_day_of_week_operator.py
[2022-08-09 08:05:39,055] {processor.py:642} INFO - Processing file /home/airflow/.local/lib/python3.7/site-packages/airflow/example_dags/example_branch_day_of_week_operator.py for tasks to queue
[2022-08-09 08:05:39,056] {logging_mixin.py:109} INFO - [2022-08-09 08:05:39,056] {dagbag.py:500} INFO - Filling up the DagBag from /home/airflow/.local/lib/python3.7/site-packages/airflow/example_dags/example_branch_day_of_week_operator.py
[2022-08-09 08:05:39,096] {processor.py:654} INFO - DAG(s) dict_keys(['example_weekday_branch_operator']) retrieved from /home/airflow/.local/lib/python3.7/site-packages/airflow/example_dags/example_branch_day_of_week_operator.py
[2022-08-09 08:05:39,108] {logging_mixin.py:109} INFO - [2022-08-09 08:05:39,108] {dag.py:2396} INFO - Sync 1 DAGs
[2022-08-09 08:05:39,134] {logging_mixin.py:109} INFO - [2022-08-09 08:05:39,134] {dag.py:2935} INFO - Setting next_dagrun for example_weekday_branch_operator to 2022-08-08 00:00:00+00:00
[2022-08-09 08:05:39,148] {processor.py:171} INFO - Processing /home/airflow/.local/lib/python3.7/site-packages/airflow/example_dags/example_branch_day_of_week_operator.py took 0.099 seconds
[2022-08-09 08:06:10,219] {processor.py:163} INFO - Started process (PID=270) to work on /home/airflow/.local/lib/python3.7/site-packages/airflow/example_dags/example_branch_day_of_week_operator.py
[2022-08-09 08:06:10,222] {processor.py:642} INFO - Processing file /home/airflow/.local/lib/python3.7/site-packages/airflow/example_dags/example_branch_day_of_week_operator.py for tasks to queue
[2022-08-09 08:06:10,224] {logging_mixin.py:109} INFO - [2022-08-09 08:06:10,224] {dagbag.py:500} INFO - Filling up the DagBag from /home/airflow/.local/lib/python3.7/site-packages/airflow/example_dags/example_branch_day_of_week_operator.py
[2022-08-09 08:06:10,262] {processor.py:654} INFO - DAG(s) dict_keys(['example_weekday_branch_operator']) retrieved from /home/airflow/.local/lib/python3.7/site-packages/airflow/example_dags/example_branch_day_of_week_operator.py
[2022-08-09 08:06:10,276] {logging_mixin.py:109} INFO - [2022-08-09 08:06:10,276] {dag.py:2396} INFO - Sync 1 DAGs
[2022-08-09 08:06:10,297] {logging_mixin.py:109} INFO - [2022-08-09 08:06:10,297] {dag.py:2935} INFO - Setting next_dagrun for example_weekday_branch_operator to 2022-08-08 00:00:00+00:00
[2022-08-09 08:06:10,314] {processor.py:171} INFO - Processing /home/airflow/.local/lib/python3.7/site-packages/airflow/example_dags/example_branch_day_of_week_operator.py took 0.099 seconds
[2022-08-09 08:06:40,682] {processor.py:163} INFO - Started process (PID=330) to work on /home/airflow/.local/lib/python3.7/site-packages/airflow/example_dags/example_branch_day_of_week_operator.py
[2022-08-09 08:06:40,684] {processor.py:642} INFO - Processing file /home/airflow/.local/lib/python3.7/site-packages/airflow/example_dags/example_branch_day_of_week_operator.py for tasks to queue
[2022-08-09 08:06:40,685] {logging_mixin.py:109} INFO - [2022-08-09 08:06:40,685] {dagbag.py:500} INFO - Filling up the DagBag from /home/airflow/.local/lib/python3.7/site-packages/airflow/example_dags/example_branch_day_of_week_operator.py
[2022-08-09 08:06:40,720] {processor.py:654} INFO - DAG(s) dict_keys(['example_weekday_branch_operator']) retrieved from /home/airflow/.local/lib/python3.7/site-packages/airflow/example_dags/example_branch_day_of_week_operator.py
[2022-08-09 08:06:40,731] {logging_mixin.py:109} INFO - [2022-08-09 08:06:40,731] {dag.py:2396} INFO - Sync 1 DAGs
[2022-08-09 08:06:40,754] {logging_mixin.py:109} INFO - [2022-08-09 08:06:40,754] {dag.py:2935} INFO - Setting next_dagrun for example_weekday_branch_operator to 2022-08-08 00:00:00+00:00
[2022-08-09 08:06:40,770] {processor.py:171} INFO - Processing /home/airflow/.local/lib/python3.7/site-packages/airflow/example_dags/example_branch_day_of_week_operator.py took 0.092 seconds
[2022-08-09 08:07:12,318] {processor.py:163} INFO - Started process (PID=401) to work on /home/airflow/.local/lib/python3.7/site-packages/airflow/example_dags/example_branch_day_of_week_operator.py
[2022-08-09 08:07:12,321] {processor.py:642} INFO - Processing file /home/airflow/.local/lib/python3.7/site-packages/airflow/example_dags/example_branch_day_of_week_operator.py for tasks to queue
[2022-08-09 08:07:12,325] {logging_mixin.py:109} INFO - [2022-08-09 08:07:12,324] {dagbag.py:500} INFO - Filling up the DagBag from /home/airflow/.local/lib/python3.7/site-packages/airflow/example_dags/example_branch_day_of_week_operator.py
[2022-08-09 08:07:12,376] {processor.py:654} INFO - DAG(s) dict_keys(['example_weekday_branch_operator']) retrieved from /home/airflow/.local/lib/python3.7/site-packages/airflow/example_dags/example_branch_day_of_week_operator.py
[2022-08-09 08:07:12,393] {logging_mixin.py:109} INFO - [2022-08-09 08:07:12,392] {dag.py:2396} INFO - Sync 1 DAGs
[2022-08-09 08:07:12,416] {logging_mixin.py:109} INFO - [2022-08-09 08:07:12,416] {dag.py:2935} INFO - Setting next_dagrun for example_weekday_branch_operator to 2022-08-08 00:00:00+00:00
[2022-08-09 08:07:12,428] {processor.py:171} INFO - Processing /home/airflow/.local/lib/python3.7/site-packages/airflow/example_dags/example_branch_day_of_week_operator.py took 0.116 seconds
[2022-08-09 08:07:42,768] {processor.py:163} INFO - Started process (PID=461) to work on /home/airflow/.local/lib/python3.7/site-packages/airflow/example_dags/example_branch_day_of_week_operator.py
[2022-08-09 08:07:42,772] {processor.py:642} INFO - Processing file /home/airflow/.local/lib/python3.7/site-packages/airflow/example_dags/example_branch_day_of_week_operator.py for tasks to queue
[2022-08-09 08:07:42,776] {logging_mixin.py:109} INFO - [2022-08-09 08:07:42,775] {dagbag.py:500} INFO - Filling up the DagBag from /home/airflow/.local/lib/python3.7/site-packages/airflow/example_dags/example_branch_day_of_week_operator.py
[2022-08-09 08:07:42,824] {processor.py:654} INFO - DAG(s) dict_keys(['example_weekday_branch_operator']) retrieved from /home/airflow/.local/lib/python3.7/site-packages/airflow/example_dags/example_branch_day_of_week_operator.py
[2022-08-09 08:07:42,840] {logging_mixin.py:109} INFO - [2022-08-09 08:07:42,840] {dag.py:2396} INFO - Sync 1 DAGs
[2022-08-09 08:07:42,867] {logging_mixin.py:109} INFO - [2022-08-09 08:07:42,867] {dag.py:2935} INFO - Setting next_dagrun for example_weekday_branch_operator to 2022-08-08 00:00:00+00:00
[2022-08-09 08:07:42,887] {processor.py:171} INFO - Processing /home/airflow/.local/lib/python3.7/site-packages/airflow/example_dags/example_branch_day_of_week_operator.py took 0.126 seconds
[2022-08-09 08:08:13,565] {processor.py:163} INFO - Started process (PID=532) to work on /home/airflow/.local/lib/python3.7/site-packages/airflow/example_dags/example_branch_day_of_week_operator.py
[2022-08-09 08:08:13,568] {processor.py:642} INFO - Processing file /home/airflow/.local/lib/python3.7/site-packages/airflow/example_dags/example_branch_day_of_week_operator.py for tasks to queue
[2022-08-09 08:08:13,569] {logging_mixin.py:109} INFO - [2022-08-09 08:08:13,569] {dagbag.py:500} INFO - Filling up the DagBag from /home/airflow/.local/lib/python3.7/site-packages/airflow/example_dags/example_branch_day_of_week_operator.py
[2022-08-09 08:08:13,610] {processor.py:654} INFO - DAG(s) dict_keys(['example_weekday_branch_operator']) retrieved from /home/airflow/.local/lib/python3.7/site-packages/airflow/example_dags/example_branch_day_of_week_operator.py
[2022-08-09 08:08:13,622] {logging_mixin.py:109} INFO - [2022-08-09 08:08:13,622] {dag.py:2396} INFO - Sync 1 DAGs
[2022-08-09 08:08:13,643] {logging_mixin.py:109} INFO - [2022-08-09 08:08:13,643] {dag.py:2935} INFO - Setting next_dagrun for example_weekday_branch_operator to 2022-08-08 00:00:00+00:00
[2022-08-09 08:08:13,653] {processor.py:171} INFO - Processing /home/airflow/.local/lib/python3.7/site-packages/airflow/example_dags/example_branch_day_of_week_operator.py took 0.091 seconds
[2022-08-09 08:08:44,516] {processor.py:163} INFO - Started process (PID=593) to work on /home/airflow/.local/lib/python3.7/site-packages/airflow/example_dags/example_branch_day_of_week_operator.py
[2022-08-09 08:08:44,518] {processor.py:642} INFO - Processing file /home/airflow/.local/lib/python3.7/site-packages/airflow/example_dags/example_branch_day_of_week_operator.py for tasks to queue
[2022-08-09 08:08:44,520] {logging_mixin.py:109} INFO - [2022-08-09 08:08:44,520] {dagbag.py:500} INFO - Filling up the DagBag from /home/airflow/.local/lib/python3.7/site-packages/airflow/example_dags/example_branch_day_of_week_operator.py
[2022-08-09 08:08:44,560] {processor.py:654} INFO - DAG(s) dict_keys(['example_weekday_branch_operator']) retrieved from /home/airflow/.local/lib/python3.7/site-packages/airflow/example_dags/example_branch_day_of_week_operator.py
[2022-08-09 08:08:44,576] {logging_mixin.py:109} INFO - [2022-08-09 08:08:44,576] {dag.py:2396} INFO - Sync 1 DAGs
[2022-08-09 08:08:44,595] {logging_mixin.py:109} INFO - [2022-08-09 08:08:44,595] {dag.py:2935} INFO - Setting next_dagrun for example_weekday_branch_operator to 2022-08-08 00:00:00+00:00
[2022-08-09 08:08:44,607] {processor.py:171} INFO - Processing /home/airflow/.local/lib/python3.7/site-packages/airflow/example_dags/example_branch_day_of_week_operator.py took 0.095 seconds
[2022-08-09 08:09:15,649] {processor.py:163} INFO - Started process (PID=664) to work on /home/airflow/.local/lib/python3.7/site-packages/airflow/example_dags/example_branch_day_of_week_operator.py
[2022-08-09 08:09:15,652] {processor.py:642} INFO - Processing file /home/airflow/.local/lib/python3.7/site-packages/airflow/example_dags/example_branch_day_of_week_operator.py for tasks to queue
[2022-08-09 08:09:15,654] {logging_mixin.py:109} INFO - [2022-08-09 08:09:15,654] {dagbag.py:500} INFO - Filling up the DagBag from /home/airflow/.local/lib/python3.7/site-packages/airflow/example_dags/example_branch_day_of_week_operator.py
[2022-08-09 08:09:15,690] {processor.py:654} INFO - DAG(s) dict_keys(['example_weekday_branch_operator']) retrieved from /home/airflow/.local/lib/python3.7/site-packages/airflow/example_dags/example_branch_day_of_week_operator.py
[2022-08-09 08:09:15,706] {logging_mixin.py:109} INFO - [2022-08-09 08:09:15,706] {dag.py:2396} INFO - Sync 1 DAGs
[2022-08-09 08:09:15,730] {logging_mixin.py:109} INFO - [2022-08-09 08:09:15,729] {dag.py:2935} INFO - Setting next_dagrun for example_weekday_branch_operator to 2022-08-08 00:00:00+00:00
[2022-08-09 08:09:15,744] {processor.py:171} INFO - Processing /home/airflow/.local/lib/python3.7/site-packages/airflow/example_dags/example_branch_day_of_week_operator.py took 0.103 seconds
[2022-08-09 08:09:46,514] {processor.py:163} INFO - Started process (PID=725) to work on /home/airflow/.local/lib/python3.7/site-packages/airflow/example_dags/example_branch_day_of_week_operator.py
[2022-08-09 08:09:46,517] {processor.py:642} INFO - Processing file /home/airflow/.local/lib/python3.7/site-packages/airflow/example_dags/example_branch_day_of_week_operator.py for tasks to queue
[2022-08-09 08:09:46,518] {logging_mixin.py:109} INFO - [2022-08-09 08:09:46,518] {dagbag.py:500} INFO - Filling up the DagBag from /home/airflow/.local/lib/python3.7/site-packages/airflow/example_dags/example_branch_day_of_week_operator.py
[2022-08-09 08:09:46,552] {processor.py:654} INFO - DAG(s) dict_keys(['example_weekday_branch_operator']) retrieved from /home/airflow/.local/lib/python3.7/site-packages/airflow/example_dags/example_branch_day_of_week_operator.py
[2022-08-09 08:09:46,565] {logging_mixin.py:109} INFO - [2022-08-09 08:09:46,565] {dag.py:2396} INFO - Sync 1 DAGs
[2022-08-09 08:09:46,583] {logging_mixin.py:109} INFO - [2022-08-09 08:09:46,583] {dag.py:2935} INFO - Setting next_dagrun for example_weekday_branch_operator to 2022-08-08 00:00:00+00:00
[2022-08-09 08:09:46,595] {processor.py:171} INFO - Processing /home/airflow/.local/lib/python3.7/site-packages/airflow/example_dags/example_branch_day_of_week_operator.py took 0.086 seconds
[2022-08-09 08:10:17,068] {processor.py:163} INFO - Started process (PID=795) to work on /home/airflow/.local/lib/python3.7/site-packages/airflow/example_dags/example_branch_day_of_week_operator.py
[2022-08-09 08:10:17,070] {processor.py:642} INFO - Processing file /home/airflow/.local/lib/python3.7/site-packages/airflow/example_dags/example_branch_day_of_week_operator.py for tasks to queue
[2022-08-09 08:10:17,071] {logging_mixin.py:109} INFO - [2022-08-09 08:10:17,071] {dagbag.py:500} INFO - Filling up the DagBag from /home/airflow/.local/lib/python3.7/site-packages/airflow/example_dags/example_branch_day_of_week_operator.py
[2022-08-09 08:10:17,101] {processor.py:654} INFO - DAG(s) dict_keys(['example_weekday_branch_operator']) retrieved from /home/airflow/.local/lib/python3.7/site-packages/airflow/example_dags/example_branch_day_of_week_operator.py
[2022-08-09 08:10:17,112] {logging_mixin.py:109} INFO - [2022-08-09 08:10:17,112] {dag.py:2396} INFO - Sync 1 DAGs
[2022-08-09 08:10:17,132] {logging_mixin.py:109} INFO - [2022-08-09 08:10:17,131] {dag.py:2935} INFO - Setting next_dagrun for example_weekday_branch_operator to 2022-08-08 00:00:00+00:00
[2022-08-09 08:10:17,147] {processor.py:171} INFO - Processing /home/airflow/.local/lib/python3.7/site-packages/airflow/example_dags/example_branch_day_of_week_operator.py took 0.082 seconds
[2022-08-09 08:10:47,860] {processor.py:163} INFO - Started process (PID=856) to work on /home/airflow/.local/lib/python3.7/site-packages/airflow/example_dags/example_branch_day_of_week_operator.py
[2022-08-09 08:10:47,864] {processor.py:642} INFO - Processing file /home/airflow/.local/lib/python3.7/site-packages/airflow/example_dags/example_branch_day_of_week_operator.py for tasks to queue
[2022-08-09 08:10:47,866] {logging_mixin.py:109} INFO - [2022-08-09 08:10:47,866] {dagbag.py:500} INFO - Filling up the DagBag from /home/airflow/.local/lib/python3.7/site-packages/airflow/example_dags/example_branch_day_of_week_operator.py
[2022-08-09 08:10:47,901] {processor.py:654} INFO - DAG(s) dict_keys(['example_weekday_branch_operator']) retrieved from /home/airflow/.local/lib/python3.7/site-packages/airflow/example_dags/example_branch_day_of_week_operator.py
[2022-08-09 08:10:47,915] {logging_mixin.py:109} INFO - [2022-08-09 08:10:47,915] {dag.py:2396} INFO - Sync 1 DAGs
[2022-08-09 08:10:47,932] {logging_mixin.py:109} INFO - [2022-08-09 08:10:47,932] {dag.py:2935} INFO - Setting next_dagrun for example_weekday_branch_operator to 2022-08-08 00:00:00+00:00
[2022-08-09 08:10:47,943] {processor.py:171} INFO - Processing /home/airflow/.local/lib/python3.7/site-packages/airflow/example_dags/example_branch_day_of_week_operator.py took 0.088 seconds
[2022-08-09 08:11:18,801] {processor.py:163} INFO - Started process (PID=926) to work on /home/airflow/.local/lib/python3.7/site-packages/airflow/example_dags/example_branch_day_of_week_operator.py
[2022-08-09 08:11:18,803] {processor.py:642} INFO - Processing file /home/airflow/.local/lib/python3.7/site-packages/airflow/example_dags/example_branch_day_of_week_operator.py for tasks to queue
[2022-08-09 08:11:18,805] {logging_mixin.py:109} INFO - [2022-08-09 08:11:18,805] {dagbag.py:500} INFO - Filling up the DagBag from /home/airflow/.local/lib/python3.7/site-packages/airflow/example_dags/example_branch_day_of_week_operator.py
[2022-08-09 08:11:18,845] {processor.py:654} INFO - DAG(s) dict_keys(['example_weekday_branch_operator']) retrieved from /home/airflow/.local/lib/python3.7/site-packages/airflow/example_dags/example_branch_day_of_week_operator.py
[2022-08-09 08:11:18,855] {logging_mixin.py:109} INFO - [2022-08-09 08:11:18,855] {dag.py:2396} INFO - Sync 1 DAGs
[2022-08-09 08:11:18,879] {logging_mixin.py:109} INFO - [2022-08-09 08:11:18,879] {dag.py:2935} INFO - Setting next_dagrun for example_weekday_branch_operator to 2022-08-08 00:00:00+00:00
[2022-08-09 08:11:18,891] {processor.py:171} INFO - Processing /home/airflow/.local/lib/python3.7/site-packages/airflow/example_dags/example_branch_day_of_week_operator.py took 0.093 seconds
[2022-08-09 08:11:49,435] {processor.py:163} INFO - Started process (PID=986) to work on /home/airflow/.local/lib/python3.7/site-packages/airflow/example_dags/example_branch_day_of_week_operator.py
[2022-08-09 08:11:49,436] {processor.py:642} INFO - Processing file /home/airflow/.local/lib/python3.7/site-packages/airflow/example_dags/example_branch_day_of_week_operator.py for tasks to queue
[2022-08-09 08:11:49,438] {logging_mixin.py:109} INFO - [2022-08-09 08:11:49,438] {dagbag.py:500} INFO - Filling up the DagBag from /home/airflow/.local/lib/python3.7/site-packages/airflow/example_dags/example_branch_day_of_week_operator.py
[2022-08-09 08:11:49,468] {processor.py:654} INFO - DAG(s) dict_keys(['example_weekday_branch_operator']) retrieved from /home/airflow/.local/lib/python3.7/site-packages/airflow/example_dags/example_branch_day_of_week_operator.py
[2022-08-09 08:11:49,478] {logging_mixin.py:109} INFO - [2022-08-09 08:11:49,478] {dag.py:2396} INFO - Sync 1 DAGs
[2022-08-09 08:11:49,495] {logging_mixin.py:109} INFO - [2022-08-09 08:11:49,495] {dag.py:2935} INFO - Setting next_dagrun for example_weekday_branch_operator to 2022-08-08 00:00:00+00:00
[2022-08-09 08:11:49,511] {processor.py:171} INFO - Processing /home/airflow/.local/lib/python3.7/site-packages/airflow/example_dags/example_branch_day_of_week_operator.py took 0.080 seconds
[2022-08-09 08:12:20,250] {processor.py:163} INFO - Started process (PID=1056) to work on /home/airflow/.local/lib/python3.7/site-packages/airflow/example_dags/example_branch_day_of_week_operator.py
[2022-08-09 08:12:20,252] {processor.py:642} INFO - Processing file /home/airflow/.local/lib/python3.7/site-packages/airflow/example_dags/example_branch_day_of_week_operator.py for tasks to queue
[2022-08-09 08:12:20,254] {logging_mixin.py:109} INFO - [2022-08-09 08:12:20,254] {dagbag.py:500} INFO - Filling up the DagBag from /home/airflow/.local/lib/python3.7/site-packages/airflow/example_dags/example_branch_day_of_week_operator.py
[2022-08-09 08:12:20,291] {processor.py:654} INFO - DAG(s) dict_keys(['example_weekday_branch_operator']) retrieved from /home/airflow/.local/lib/python3.7/site-packages/airflow/example_dags/example_branch_day_of_week_operator.py
[2022-08-09 08:12:20,304] {logging_mixin.py:109} INFO - [2022-08-09 08:12:20,303] {dag.py:2396} INFO - Sync 1 DAGs
[2022-08-09 08:12:20,323] {logging_mixin.py:109} INFO - [2022-08-09 08:12:20,323] {dag.py:2935} INFO - Setting next_dagrun for example_weekday_branch_operator to 2022-08-08 00:00:00+00:00
[2022-08-09 08:12:20,337] {processor.py:171} INFO - Processing /home/airflow/.local/lib/python3.7/site-packages/airflow/example_dags/example_branch_day_of_week_operator.py took 0.096 seconds
[2022-08-09 08:12:50,912] {processor.py:163} INFO - Started process (PID=1116) to work on /home/airflow/.local/lib/python3.7/site-packages/airflow/example_dags/example_branch_day_of_week_operator.py
[2022-08-09 08:12:50,916] {processor.py:642} INFO - Processing file /home/airflow/.local/lib/python3.7/site-packages/airflow/example_dags/example_branch_day_of_week_operator.py for tasks to queue
[2022-08-09 08:12:50,918] {logging_mixin.py:109} INFO - [2022-08-09 08:12:50,918] {dagbag.py:500} INFO - Filling up the DagBag from /home/airflow/.local/lib/python3.7/site-packages/airflow/example_dags/example_branch_day_of_week_operator.py
[2022-08-09 08:12:50,977] {processor.py:654} INFO - DAG(s) dict_keys(['example_weekday_branch_operator']) retrieved from /home/airflow/.local/lib/python3.7/site-packages/airflow/example_dags/example_branch_day_of_week_operator.py
[2022-08-09 08:12:50,999] {logging_mixin.py:109} INFO - [2022-08-09 08:12:50,999] {dag.py:2396} INFO - Sync 1 DAGs
[2022-08-09 08:12:51,028] {logging_mixin.py:109} INFO - [2022-08-09 08:12:51,028] {dag.py:2935} INFO - Setting next_dagrun for example_weekday_branch_operator to 2022-08-08 00:00:00+00:00
[2022-08-09 08:12:51,046] {processor.py:171} INFO - Processing /home/airflow/.local/lib/python3.7/site-packages/airflow/example_dags/example_branch_day_of_week_operator.py took 0.138 seconds
[2022-08-09 08:13:21,197] {processor.py:163} INFO - Started process (PID=1182) to work on /home/airflow/.local/lib/python3.7/site-packages/airflow/example_dags/example_branch_day_of_week_operator.py
[2022-08-09 08:13:21,199] {processor.py:642} INFO - Processing file /home/airflow/.local/lib/python3.7/site-packages/airflow/example_dags/example_branch_day_of_week_operator.py for tasks to queue
[2022-08-09 08:13:21,200] {logging_mixin.py:109} INFO - [2022-08-09 08:13:21,200] {dagbag.py:500} INFO - Filling up the DagBag from /home/airflow/.local/lib/python3.7/site-packages/airflow/example_dags/example_branch_day_of_week_operator.py
[2022-08-09 08:13:21,234] {processor.py:654} INFO - DAG(s) dict_keys(['example_weekday_branch_operator']) retrieved from /home/airflow/.local/lib/python3.7/site-packages/airflow/example_dags/example_branch_day_of_week_operator.py
[2022-08-09 08:13:21,270] {logging_mixin.py:109} INFO - [2022-08-09 08:13:21,270] {dag.py:2396} INFO - Sync 1 DAGs
[2022-08-09 08:13:21,306] {logging_mixin.py:109} INFO - [2022-08-09 08:13:21,305] {dag.py:2935} INFO - Setting next_dagrun for example_weekday_branch_operator to 2022-08-08 00:00:00+00:00
[2022-08-09 08:13:21,323] {processor.py:171} INFO - Processing /home/airflow/.local/lib/python3.7/site-packages/airflow/example_dags/example_branch_day_of_week_operator.py took 0.131 seconds
[2022-08-09 08:13:51,891] {processor.py:163} INFO - Started process (PID=1242) to work on /home/airflow/.local/lib/python3.7/site-packages/airflow/example_dags/example_branch_day_of_week_operator.py
[2022-08-09 08:13:51,894] {processor.py:642} INFO - Processing file /home/airflow/.local/lib/python3.7/site-packages/airflow/example_dags/example_branch_day_of_week_operator.py for tasks to queue
[2022-08-09 08:13:51,900] {logging_mixin.py:109} INFO - [2022-08-09 08:13:51,900] {dagbag.py:500} INFO - Filling up the DagBag from /home/airflow/.local/lib/python3.7/site-packages/airflow/example_dags/example_branch_day_of_week_operator.py
[2022-08-09 08:13:51,940] {processor.py:654} INFO - DAG(s) dict_keys(['example_weekday_branch_operator']) retrieved from /home/airflow/.local/lib/python3.7/site-packages/airflow/example_dags/example_branch_day_of_week_operator.py
[2022-08-09 08:13:51,952] {logging_mixin.py:109} INFO - [2022-08-09 08:13:51,952] {dag.py:2396} INFO - Sync 1 DAGs
[2022-08-09 08:13:51,970] {logging_mixin.py:109} INFO - [2022-08-09 08:13:51,970] {dag.py:2935} INFO - Setting next_dagrun for example_weekday_branch_operator to 2022-08-08 00:00:00+00:00
[2022-08-09 08:13:51,982] {processor.py:171} INFO - Processing /home/airflow/.local/lib/python3.7/site-packages/airflow/example_dags/example_branch_day_of_week_operator.py took 0.097 seconds
[2022-08-09 08:14:23,041] {processor.py:163} INFO - Started process (PID=1311) to work on /home/airflow/.local/lib/python3.7/site-packages/airflow/example_dags/example_branch_day_of_week_operator.py
[2022-08-09 08:14:23,043] {processor.py:642} INFO - Processing file /home/airflow/.local/lib/python3.7/site-packages/airflow/example_dags/example_branch_day_of_week_operator.py for tasks to queue
[2022-08-09 08:14:23,045] {logging_mixin.py:109} INFO - [2022-08-09 08:14:23,045] {dagbag.py:500} INFO - Filling up the DagBag from /home/airflow/.local/lib/python3.7/site-packages/airflow/example_dags/example_branch_day_of_week_operator.py
[2022-08-09 08:14:23,080] {processor.py:654} INFO - DAG(s) dict_keys(['example_weekday_branch_operator']) retrieved from /home/airflow/.local/lib/python3.7/site-packages/airflow/example_dags/example_branch_day_of_week_operator.py
[2022-08-09 08:14:23,091] {logging_mixin.py:109} INFO - [2022-08-09 08:14:23,091] {dag.py:2396} INFO - Sync 1 DAGs
[2022-08-09 08:14:23,111] {logging_mixin.py:109} INFO - [2022-08-09 08:14:23,110] {dag.py:2935} INFO - Setting next_dagrun for example_weekday_branch_operator to 2022-08-08 00:00:00+00:00
[2022-08-09 08:14:23,129] {processor.py:171} INFO - Processing /home/airflow/.local/lib/python3.7/site-packages/airflow/example_dags/example_branch_day_of_week_operator.py took 0.092 seconds
[2022-08-09 08:14:53,635] {processor.py:163} INFO - Started process (PID=1371) to work on /home/airflow/.local/lib/python3.7/site-packages/airflow/example_dags/example_branch_day_of_week_operator.py
[2022-08-09 08:14:53,638] {processor.py:642} INFO - Processing file /home/airflow/.local/lib/python3.7/site-packages/airflow/example_dags/example_branch_day_of_week_operator.py for tasks to queue
[2022-08-09 08:14:53,639] {logging_mixin.py:109} INFO - [2022-08-09 08:14:53,639] {dagbag.py:500} INFO - Filling up the DagBag from /home/airflow/.local/lib/python3.7/site-packages/airflow/example_dags/example_branch_day_of_week_operator.py
[2022-08-09 08:14:53,675] {processor.py:654} INFO - DAG(s) dict_keys(['example_weekday_branch_operator']) retrieved from /home/airflow/.local/lib/python3.7/site-packages/airflow/example_dags/example_branch_day_of_week_operator.py
[2022-08-09 08:14:53,689] {logging_mixin.py:109} INFO - [2022-08-09 08:14:53,689] {dag.py:2396} INFO - Sync 1 DAGs
[2022-08-09 08:14:53,711] {logging_mixin.py:109} INFO - [2022-08-09 08:14:53,711] {dag.py:2935} INFO - Setting next_dagrun for example_weekday_branch_operator to 2022-08-08 00:00:00+00:00
[2022-08-09 08:14:53,727] {processor.py:171} INFO - Processing /home/airflow/.local/lib/python3.7/site-packages/airflow/example_dags/example_branch_day_of_week_operator.py took 0.095 seconds
[2022-08-09 08:15:23,932] {processor.py:163} INFO - Started process (PID=1430) to work on /home/airflow/.local/lib/python3.7/site-packages/airflow/example_dags/example_branch_day_of_week_operator.py
[2022-08-09 08:15:23,941] {processor.py:642} INFO - Processing file /home/airflow/.local/lib/python3.7/site-packages/airflow/example_dags/example_branch_day_of_week_operator.py for tasks to queue
[2022-08-09 08:15:23,944] {logging_mixin.py:109} INFO - [2022-08-09 08:15:23,944] {dagbag.py:500} INFO - Filling up the DagBag from /home/airflow/.local/lib/python3.7/site-packages/airflow/example_dags/example_branch_day_of_week_operator.py
[2022-08-09 08:15:23,987] {processor.py:654} INFO - DAG(s) dict_keys(['example_weekday_branch_operator']) retrieved from /home/airflow/.local/lib/python3.7/site-packages/airflow/example_dags/example_branch_day_of_week_operator.py
[2022-08-09 08:15:23,999] {logging_mixin.py:109} INFO - [2022-08-09 08:15:23,998] {dag.py:2396} INFO - Sync 1 DAGs
[2022-08-09 08:15:24,020] {logging_mixin.py:109} INFO - [2022-08-09 08:15:24,020] {dag.py:2935} INFO - Setting next_dagrun for example_weekday_branch_operator to 2022-08-08 00:00:00+00:00
[2022-08-09 08:15:24,033] {processor.py:171} INFO - Processing /home/airflow/.local/lib/python3.7/site-packages/airflow/example_dags/example_branch_day_of_week_operator.py took 0.108 seconds
[2022-08-09 08:15:54,571] {processor.py:163} INFO - Started process (PID=1501) to work on /home/airflow/.local/lib/python3.7/site-packages/airflow/example_dags/example_branch_day_of_week_operator.py
[2022-08-09 08:15:54,573] {processor.py:642} INFO - Processing file /home/airflow/.local/lib/python3.7/site-packages/airflow/example_dags/example_branch_day_of_week_operator.py for tasks to queue
[2022-08-09 08:15:54,575] {logging_mixin.py:109} INFO - [2022-08-09 08:15:54,575] {dagbag.py:500} INFO - Filling up the DagBag from /home/airflow/.local/lib/python3.7/site-packages/airflow/example_dags/example_branch_day_of_week_operator.py
[2022-08-09 08:15:54,625] {processor.py:654} INFO - DAG(s) dict_keys(['example_weekday_branch_operator']) retrieved from /home/airflow/.local/lib/python3.7/site-packages/airflow/example_dags/example_branch_day_of_week_operator.py
[2022-08-09 08:15:54,639] {logging_mixin.py:109} INFO - [2022-08-09 08:15:54,639] {dag.py:2396} INFO - Sync 1 DAGs
[2022-08-09 08:15:54,657] {logging_mixin.py:109} INFO - [2022-08-09 08:15:54,657] {dag.py:2935} INFO - Setting next_dagrun for example_weekday_branch_operator to 2022-08-08 00:00:00+00:00
[2022-08-09 08:15:54,669] {processor.py:171} INFO - Processing /home/airflow/.local/lib/python3.7/site-packages/airflow/example_dags/example_branch_day_of_week_operator.py took 0.102 seconds
[2022-08-09 08:16:24,962] {processor.py:163} INFO - Started process (PID=1560) to work on /home/airflow/.local/lib/python3.7/site-packages/airflow/example_dags/example_branch_day_of_week_operator.py
[2022-08-09 08:16:24,964] {processor.py:642} INFO - Processing file /home/airflow/.local/lib/python3.7/site-packages/airflow/example_dags/example_branch_day_of_week_operator.py for tasks to queue
[2022-08-09 08:16:24,966] {logging_mixin.py:109} INFO - [2022-08-09 08:16:24,966] {dagbag.py:500} INFO - Filling up the DagBag from /home/airflow/.local/lib/python3.7/site-packages/airflow/example_dags/example_branch_day_of_week_operator.py
[2022-08-09 08:16:25,001] {processor.py:654} INFO - DAG(s) dict_keys(['example_weekday_branch_operator']) retrieved from /home/airflow/.local/lib/python3.7/site-packages/airflow/example_dags/example_branch_day_of_week_operator.py
[2022-08-09 08:16:25,012] {logging_mixin.py:109} INFO - [2022-08-09 08:16:25,011] {dag.py:2396} INFO - Sync 1 DAGs
[2022-08-09 08:16:25,030] {logging_mixin.py:109} INFO - [2022-08-09 08:16:25,030] {dag.py:2935} INFO - Setting next_dagrun for example_weekday_branch_operator to 2022-08-08 00:00:00+00:00
[2022-08-09 08:16:25,041] {processor.py:171} INFO - Processing /home/airflow/.local/lib/python3.7/site-packages/airflow/example_dags/example_branch_day_of_week_operator.py took 0.083 seconds
[2022-08-09 08:16:55,644] {processor.py:163} INFO - Started process (PID=1629) to work on /home/airflow/.local/lib/python3.7/site-packages/airflow/example_dags/example_branch_day_of_week_operator.py
[2022-08-09 08:16:55,647] {processor.py:642} INFO - Processing file /home/airflow/.local/lib/python3.7/site-packages/airflow/example_dags/example_branch_day_of_week_operator.py for tasks to queue
[2022-08-09 08:16:55,648] {logging_mixin.py:109} INFO - [2022-08-09 08:16:55,648] {dagbag.py:500} INFO - Filling up the DagBag from /home/airflow/.local/lib/python3.7/site-packages/airflow/example_dags/example_branch_day_of_week_operator.py
[2022-08-09 08:16:55,680] {processor.py:654} INFO - DAG(s) dict_keys(['example_weekday_branch_operator']) retrieved from /home/airflow/.local/lib/python3.7/site-packages/airflow/example_dags/example_branch_day_of_week_operator.py
[2022-08-09 08:16:55,693] {logging_mixin.py:109} INFO - [2022-08-09 08:16:55,693] {dag.py:2396} INFO - Sync 1 DAGs
[2022-08-09 08:16:55,713] {logging_mixin.py:109} INFO - [2022-08-09 08:16:55,713] {dag.py:2935} INFO - Setting next_dagrun for example_weekday_branch_operator to 2022-08-08 00:00:00+00:00
[2022-08-09 08:16:55,727] {processor.py:171} INFO - Processing /home/airflow/.local/lib/python3.7/site-packages/airflow/example_dags/example_branch_day_of_week_operator.py took 0.089 seconds
[2022-08-09 08:17:26,058] {processor.py:163} INFO - Started process (PID=1689) to work on /home/airflow/.local/lib/python3.7/site-packages/airflow/example_dags/example_branch_day_of_week_operator.py
[2022-08-09 08:17:26,059] {processor.py:642} INFO - Processing file /home/airflow/.local/lib/python3.7/site-packages/airflow/example_dags/example_branch_day_of_week_operator.py for tasks to queue
[2022-08-09 08:17:26,063] {logging_mixin.py:109} INFO - [2022-08-09 08:17:26,062] {dagbag.py:500} INFO - Filling up the DagBag from /home/airflow/.local/lib/python3.7/site-packages/airflow/example_dags/example_branch_day_of_week_operator.py
[2022-08-09 08:17:26,099] {processor.py:654} INFO - DAG(s) dict_keys(['example_weekday_branch_operator']) retrieved from /home/airflow/.local/lib/python3.7/site-packages/airflow/example_dags/example_branch_day_of_week_operator.py
[2022-08-09 08:17:26,110] {logging_mixin.py:109} INFO - [2022-08-09 08:17:26,110] {dag.py:2396} INFO - Sync 1 DAGs
[2022-08-09 08:17:26,128] {logging_mixin.py:109} INFO - [2022-08-09 08:17:26,128] {dag.py:2935} INFO - Setting next_dagrun for example_weekday_branch_operator to 2022-08-08 00:00:00+00:00
[2022-08-09 08:17:26,140] {processor.py:171} INFO - Processing /home/airflow/.local/lib/python3.7/site-packages/airflow/example_dags/example_branch_day_of_week_operator.py took 0.086 seconds
[2022-08-09 08:17:56,529] {processor.py:163} INFO - Started process (PID=1758) to work on /home/airflow/.local/lib/python3.7/site-packages/airflow/example_dags/example_branch_day_of_week_operator.py
[2022-08-09 08:17:56,531] {processor.py:642} INFO - Processing file /home/airflow/.local/lib/python3.7/site-packages/airflow/example_dags/example_branch_day_of_week_operator.py for tasks to queue
[2022-08-09 08:17:56,533] {logging_mixin.py:109} INFO - [2022-08-09 08:17:56,533] {dagbag.py:500} INFO - Filling up the DagBag from /home/airflow/.local/lib/python3.7/site-packages/airflow/example_dags/example_branch_day_of_week_operator.py
[2022-08-09 08:17:56,569] {processor.py:654} INFO - DAG(s) dict_keys(['example_weekday_branch_operator']) retrieved from /home/airflow/.local/lib/python3.7/site-packages/airflow/example_dags/example_branch_day_of_week_operator.py
[2022-08-09 08:17:56,579] {logging_mixin.py:109} INFO - [2022-08-09 08:17:56,579] {dag.py:2396} INFO - Sync 1 DAGs
[2022-08-09 08:17:56,600] {logging_mixin.py:109} INFO - [2022-08-09 08:17:56,600] {dag.py:2935} INFO - Setting next_dagrun for example_weekday_branch_operator to 2022-08-08 00:00:00+00:00
[2022-08-09 08:17:56,627] {processor.py:171} INFO - Processing /home/airflow/.local/lib/python3.7/site-packages/airflow/example_dags/example_branch_day_of_week_operator.py took 0.102 seconds
[2022-08-09 08:18:27,232] {processor.py:163} INFO - Started process (PID=1818) to work on /home/airflow/.local/lib/python3.7/site-packages/airflow/example_dags/example_branch_day_of_week_operator.py
[2022-08-09 08:18:27,243] {processor.py:642} INFO - Processing file /home/airflow/.local/lib/python3.7/site-packages/airflow/example_dags/example_branch_day_of_week_operator.py for tasks to queue
[2022-08-09 08:18:27,244] {logging_mixin.py:109} INFO - [2022-08-09 08:18:27,244] {dagbag.py:500} INFO - Filling up the DagBag from /home/airflow/.local/lib/python3.7/site-packages/airflow/example_dags/example_branch_day_of_week_operator.py
[2022-08-09 08:18:27,299] {processor.py:654} INFO - DAG(s) dict_keys(['example_weekday_branch_operator']) retrieved from /home/airflow/.local/lib/python3.7/site-packages/airflow/example_dags/example_branch_day_of_week_operator.py
[2022-08-09 08:18:27,309] {logging_mixin.py:109} INFO - [2022-08-09 08:18:27,309] {dag.py:2396} INFO - Sync 1 DAGs
[2022-08-09 08:18:27,330] {logging_mixin.py:109} INFO - [2022-08-09 08:18:27,330] {dag.py:2935} INFO - Setting next_dagrun for example_weekday_branch_operator to 2022-08-08 00:00:00+00:00
[2022-08-09 08:18:27,341] {processor.py:171} INFO - Processing /home/airflow/.local/lib/python3.7/site-packages/airflow/example_dags/example_branch_day_of_week_operator.py took 0.113 seconds
[2022-08-09 08:18:57,760] {processor.py:163} INFO - Started process (PID=1888) to work on /home/airflow/.local/lib/python3.7/site-packages/airflow/example_dags/example_branch_day_of_week_operator.py
[2022-08-09 08:18:57,762] {processor.py:642} INFO - Processing file /home/airflow/.local/lib/python3.7/site-packages/airflow/example_dags/example_branch_day_of_week_operator.py for tasks to queue
[2022-08-09 08:18:57,763] {logging_mixin.py:109} INFO - [2022-08-09 08:18:57,763] {dagbag.py:500} INFO - Filling up the DagBag from /home/airflow/.local/lib/python3.7/site-packages/airflow/example_dags/example_branch_day_of_week_operator.py
[2022-08-09 08:18:57,795] {processor.py:654} INFO - DAG(s) dict_keys(['example_weekday_branch_operator']) retrieved from /home/airflow/.local/lib/python3.7/site-packages/airflow/example_dags/example_branch_day_of_week_operator.py
[2022-08-09 08:18:57,806] {logging_mixin.py:109} INFO - [2022-08-09 08:18:57,806] {dag.py:2396} INFO - Sync 1 DAGs
[2022-08-09 08:18:57,825] {logging_mixin.py:109} INFO - [2022-08-09 08:18:57,825] {dag.py:2935} INFO - Setting next_dagrun for example_weekday_branch_operator to 2022-08-08 00:00:00+00:00
[2022-08-09 08:18:57,919] {processor.py:171} INFO - Processing /home/airflow/.local/lib/python3.7/site-packages/airflow/example_dags/example_branch_day_of_week_operator.py took 0.163 seconds
[2022-08-09 08:19:28,334] {processor.py:163} INFO - Started process (PID=1948) to work on /home/airflow/.local/lib/python3.7/site-packages/airflow/example_dags/example_branch_day_of_week_operator.py
[2022-08-09 08:19:28,337] {processor.py:642} INFO - Processing file /home/airflow/.local/lib/python3.7/site-packages/airflow/example_dags/example_branch_day_of_week_operator.py for tasks to queue
[2022-08-09 08:19:28,340] {logging_mixin.py:109} INFO - [2022-08-09 08:19:28,340] {dagbag.py:500} INFO - Filling up the DagBag from /home/airflow/.local/lib/python3.7/site-packages/airflow/example_dags/example_branch_day_of_week_operator.py
[2022-08-09 08:19:28,387] {processor.py:654} INFO - DAG(s) dict_keys(['example_weekday_branch_operator']) retrieved from /home/airflow/.local/lib/python3.7/site-packages/airflow/example_dags/example_branch_day_of_week_operator.py
[2022-08-09 08:19:28,411] {logging_mixin.py:109} INFO - [2022-08-09 08:19:28,411] {dag.py:2396} INFO - Sync 1 DAGs
[2022-08-09 08:19:28,520] {logging_mixin.py:109} INFO - [2022-08-09 08:19:28,520] {dag.py:2935} INFO - Setting next_dagrun for example_weekday_branch_operator to 2022-08-08 00:00:00+00:00
[2022-08-09 08:19:28,533] {processor.py:171} INFO - Processing /home/airflow/.local/lib/python3.7/site-packages/airflow/example_dags/example_branch_day_of_week_operator.py took 0.210 seconds
[2022-08-09 08:19:58,903] {processor.py:163} INFO - Started process (PID=2017) to work on /home/airflow/.local/lib/python3.7/site-packages/airflow/example_dags/example_branch_day_of_week_operator.py
[2022-08-09 08:19:58,906] {processor.py:642} INFO - Processing file /home/airflow/.local/lib/python3.7/site-packages/airflow/example_dags/example_branch_day_of_week_operator.py for tasks to queue
[2022-08-09 08:19:58,908] {logging_mixin.py:109} INFO - [2022-08-09 08:19:58,908] {dagbag.py:500} INFO - Filling up the DagBag from /home/airflow/.local/lib/python3.7/site-packages/airflow/example_dags/example_branch_day_of_week_operator.py
[2022-08-09 08:19:58,946] {processor.py:654} INFO - DAG(s) dict_keys(['example_weekday_branch_operator']) retrieved from /home/airflow/.local/lib/python3.7/site-packages/airflow/example_dags/example_branch_day_of_week_operator.py
[2022-08-09 08:19:58,958] {logging_mixin.py:109} INFO - [2022-08-09 08:19:58,958] {dag.py:2396} INFO - Sync 1 DAGs
[2022-08-09 08:19:59,067] {logging_mixin.py:109} INFO - [2022-08-09 08:19:59,067] {dag.py:2935} INFO - Setting next_dagrun for example_weekday_branch_operator to 2022-08-08 00:00:00+00:00
[2022-08-09 08:19:59,078] {processor.py:171} INFO - Processing /home/airflow/.local/lib/python3.7/site-packages/airflow/example_dags/example_branch_day_of_week_operator.py took 0.179 seconds
[2022-08-09 08:20:29,667] {processor.py:163} INFO - Started process (PID=2077) to work on /home/airflow/.local/lib/python3.7/site-packages/airflow/example_dags/example_branch_day_of_week_operator.py
[2022-08-09 08:20:29,669] {processor.py:642} INFO - Processing file /home/airflow/.local/lib/python3.7/site-packages/airflow/example_dags/example_branch_day_of_week_operator.py for tasks to queue
[2022-08-09 08:20:29,670] {logging_mixin.py:109} INFO - [2022-08-09 08:20:29,670] {dagbag.py:500} INFO - Filling up the DagBag from /home/airflow/.local/lib/python3.7/site-packages/airflow/example_dags/example_branch_day_of_week_operator.py
[2022-08-09 08:20:29,705] {processor.py:654} INFO - DAG(s) dict_keys(['example_weekday_branch_operator']) retrieved from /home/airflow/.local/lib/python3.7/site-packages/airflow/example_dags/example_branch_day_of_week_operator.py
[2022-08-09 08:20:29,809] {logging_mixin.py:109} INFO - [2022-08-09 08:20:29,808] {dag.py:2396} INFO - Sync 1 DAGs
[2022-08-09 08:20:29,832] {logging_mixin.py:109} INFO - [2022-08-09 08:20:29,832] {dag.py:2935} INFO - Setting next_dagrun for example_weekday_branch_operator to 2022-08-08 00:00:00+00:00
[2022-08-09 08:20:29,844] {processor.py:171} INFO - Processing /home/airflow/.local/lib/python3.7/site-packages/airflow/example_dags/example_branch_day_of_week_operator.py took 0.180 seconds
[2022-08-09 08:21:00,001] {processor.py:163} INFO - Started process (PID=2147) to work on /home/airflow/.local/lib/python3.7/site-packages/airflow/example_dags/example_branch_day_of_week_operator.py
[2022-08-09 08:21:00,004] {processor.py:642} INFO - Processing file /home/airflow/.local/lib/python3.7/site-packages/airflow/example_dags/example_branch_day_of_week_operator.py for tasks to queue
[2022-08-09 08:21:00,005] {logging_mixin.py:109} INFO - [2022-08-09 08:21:00,005] {dagbag.py:500} INFO - Filling up the DagBag from /home/airflow/.local/lib/python3.7/site-packages/airflow/example_dags/example_branch_day_of_week_operator.py
[2022-08-09 08:21:00,142] {processor.py:654} INFO - DAG(s) dict_keys(['example_weekday_branch_operator']) retrieved from /home/airflow/.local/lib/python3.7/site-packages/airflow/example_dags/example_branch_day_of_week_operator.py
[2022-08-09 08:21:00,155] {logging_mixin.py:109} INFO - [2022-08-09 08:21:00,155] {dag.py:2396} INFO - Sync 1 DAGs
[2022-08-09 08:21:00,179] {logging_mixin.py:109} INFO - [2022-08-09 08:21:00,179] {dag.py:2935} INFO - Setting next_dagrun for example_weekday_branch_operator to 2022-08-08 00:00:00+00:00
[2022-08-09 08:21:00,198] {processor.py:171} INFO - Processing /home/airflow/.local/lib/python3.7/site-packages/airflow/example_dags/example_branch_day_of_week_operator.py took 0.201 seconds
[2022-08-09 08:21:30,625] {processor.py:163} INFO - Started process (PID=2208) to work on /home/airflow/.local/lib/python3.7/site-packages/airflow/example_dags/example_branch_day_of_week_operator.py
[2022-08-09 08:21:30,629] {processor.py:642} INFO - Processing file /home/airflow/.local/lib/python3.7/site-packages/airflow/example_dags/example_branch_day_of_week_operator.py for tasks to queue
[2022-08-09 08:21:30,630] {logging_mixin.py:109} INFO - [2022-08-09 08:21:30,630] {dagbag.py:500} INFO - Filling up the DagBag from /home/airflow/.local/lib/python3.7/site-packages/airflow/example_dags/example_branch_day_of_week_operator.py
[2022-08-09 08:21:30,754] {processor.py:654} INFO - DAG(s) dict_keys(['example_weekday_branch_operator']) retrieved from /home/airflow/.local/lib/python3.7/site-packages/airflow/example_dags/example_branch_day_of_week_operator.py
[2022-08-09 08:21:30,765] {logging_mixin.py:109} INFO - [2022-08-09 08:21:30,765] {dag.py:2396} INFO - Sync 1 DAGs
[2022-08-09 08:21:30,782] {logging_mixin.py:109} INFO - [2022-08-09 08:21:30,782] {dag.py:2935} INFO - Setting next_dagrun for example_weekday_branch_operator to 2022-08-08 00:00:00+00:00
[2022-08-09 08:21:30,792] {processor.py:171} INFO - Processing /home/airflow/.local/lib/python3.7/site-packages/airflow/example_dags/example_branch_day_of_week_operator.py took 0.170 seconds
[2022-08-09 08:22:01,598] {processor.py:163} INFO - Started process (PID=2276) to work on /home/airflow/.local/lib/python3.7/site-packages/airflow/example_dags/example_branch_day_of_week_operator.py
[2022-08-09 08:22:01,601] {processor.py:642} INFO - Processing file /home/airflow/.local/lib/python3.7/site-packages/airflow/example_dags/example_branch_day_of_week_operator.py for tasks to queue
[2022-08-09 08:22:01,604] {logging_mixin.py:109} INFO - [2022-08-09 08:22:01,603] {dagbag.py:500} INFO - Filling up the DagBag from /home/airflow/.local/lib/python3.7/site-packages/airflow/example_dags/example_branch_day_of_week_operator.py
[2022-08-09 08:22:01,732] {processor.py:654} INFO - DAG(s) dict_keys(['example_weekday_branch_operator']) retrieved from /home/airflow/.local/lib/python3.7/site-packages/airflow/example_dags/example_branch_day_of_week_operator.py
[2022-08-09 08:22:01,751] {logging_mixin.py:109} INFO - [2022-08-09 08:22:01,751] {dag.py:2396} INFO - Sync 1 DAGs
[2022-08-09 08:22:01,777] {logging_mixin.py:109} INFO - [2022-08-09 08:22:01,777] {dag.py:2935} INFO - Setting next_dagrun for example_weekday_branch_operator to 2022-08-08 00:00:00+00:00
[2022-08-09 08:22:01,796] {processor.py:171} INFO - Processing /home/airflow/.local/lib/python3.7/site-packages/airflow/example_dags/example_branch_day_of_week_operator.py took 0.202 seconds
[2022-08-09 08:22:31,976] {processor.py:163} INFO - Started process (PID=2336) to work on /home/airflow/.local/lib/python3.7/site-packages/airflow/example_dags/example_branch_day_of_week_operator.py
[2022-08-09 08:22:31,978] {processor.py:642} INFO - Processing file /home/airflow/.local/lib/python3.7/site-packages/airflow/example_dags/example_branch_day_of_week_operator.py for tasks to queue
[2022-08-09 08:22:31,980] {logging_mixin.py:109} INFO - [2022-08-09 08:22:31,980] {dagbag.py:500} INFO - Filling up the DagBag from /home/airflow/.local/lib/python3.7/site-packages/airflow/example_dags/example_branch_day_of_week_operator.py
[2022-08-09 08:22:32,104] {processor.py:654} INFO - DAG(s) dict_keys(['example_weekday_branch_operator']) retrieved from /home/airflow/.local/lib/python3.7/site-packages/airflow/example_dags/example_branch_day_of_week_operator.py
[2022-08-09 08:22:32,113] {logging_mixin.py:109} INFO - [2022-08-09 08:22:32,113] {dag.py:2396} INFO - Sync 1 DAGs
[2022-08-09 08:22:32,129] {logging_mixin.py:109} INFO - [2022-08-09 08:22:32,128] {dag.py:2935} INFO - Setting next_dagrun for example_weekday_branch_operator to 2022-08-08 00:00:00+00:00
[2022-08-09 08:22:32,140] {processor.py:171} INFO - Processing /home/airflow/.local/lib/python3.7/site-packages/airflow/example_dags/example_branch_day_of_week_operator.py took 0.167 seconds
[2022-08-09 08:23:02,451] {processor.py:163} INFO - Started process (PID=2406) to work on /home/airflow/.local/lib/python3.7/site-packages/airflow/example_dags/example_branch_day_of_week_operator.py
[2022-08-09 08:23:02,454] {processor.py:642} INFO - Processing file /home/airflow/.local/lib/python3.7/site-packages/airflow/example_dags/example_branch_day_of_week_operator.py for tasks to queue
[2022-08-09 08:23:02,456] {logging_mixin.py:109} INFO - [2022-08-09 08:23:02,456] {dagbag.py:500} INFO - Filling up the DagBag from /home/airflow/.local/lib/python3.7/site-packages/airflow/example_dags/example_branch_day_of_week_operator.py
[2022-08-09 08:23:02,491] {processor.py:654} INFO - DAG(s) dict_keys(['example_weekday_branch_operator']) retrieved from /home/airflow/.local/lib/python3.7/site-packages/airflow/example_dags/example_branch_day_of_week_operator.py
[2022-08-09 08:23:02,503] {logging_mixin.py:109} INFO - [2022-08-09 08:23:02,502] {dag.py:2396} INFO - Sync 1 DAGs
[2022-08-09 08:23:02,526] {logging_mixin.py:109} INFO - [2022-08-09 08:23:02,525] {dag.py:2935} INFO - Setting next_dagrun for example_weekday_branch_operator to 2022-08-08 00:00:00+00:00
[2022-08-09 08:23:02,539] {processor.py:171} INFO - Processing /home/airflow/.local/lib/python3.7/site-packages/airflow/example_dags/example_branch_day_of_week_operator.py took 0.091 seconds
[2022-08-09 08:23:32,913] {processor.py:163} INFO - Started process (PID=2467) to work on /home/airflow/.local/lib/python3.7/site-packages/airflow/example_dags/example_branch_day_of_week_operator.py
[2022-08-09 08:23:32,922] {processor.py:642} INFO - Processing file /home/airflow/.local/lib/python3.7/site-packages/airflow/example_dags/example_branch_day_of_week_operator.py for tasks to queue
[2022-08-09 08:23:32,924] {logging_mixin.py:109} INFO - [2022-08-09 08:23:32,923] {dagbag.py:500} INFO - Filling up the DagBag from /home/airflow/.local/lib/python3.7/site-packages/airflow/example_dags/example_branch_day_of_week_operator.py
[2022-08-09 08:23:32,976] {processor.py:654} INFO - DAG(s) dict_keys(['example_weekday_branch_operator']) retrieved from /home/airflow/.local/lib/python3.7/site-packages/airflow/example_dags/example_branch_day_of_week_operator.py
[2022-08-09 08:23:32,988] {logging_mixin.py:109} INFO - [2022-08-09 08:23:32,987] {dag.py:2396} INFO - Sync 1 DAGs
[2022-08-09 08:23:33,010] {logging_mixin.py:109} INFO - [2022-08-09 08:23:33,009] {dag.py:2935} INFO - Setting next_dagrun for example_weekday_branch_operator to 2022-08-08 00:00:00+00:00
[2022-08-09 08:23:33,021] {processor.py:171} INFO - Processing /home/airflow/.local/lib/python3.7/site-packages/airflow/example_dags/example_branch_day_of_week_operator.py took 0.114 seconds
[2022-08-09 08:24:03,226] {processor.py:163} INFO - Started process (PID=2527) to work on /home/airflow/.local/lib/python3.7/site-packages/airflow/example_dags/example_branch_day_of_week_operator.py
[2022-08-09 08:24:03,228] {processor.py:642} INFO - Processing file /home/airflow/.local/lib/python3.7/site-packages/airflow/example_dags/example_branch_day_of_week_operator.py for tasks to queue
[2022-08-09 08:24:03,230] {logging_mixin.py:109} INFO - [2022-08-09 08:24:03,229] {dagbag.py:500} INFO - Filling up the DagBag from /home/airflow/.local/lib/python3.7/site-packages/airflow/example_dags/example_branch_day_of_week_operator.py
[2022-08-09 08:24:03,264] {processor.py:654} INFO - DAG(s) dict_keys(['example_weekday_branch_operator']) retrieved from /home/airflow/.local/lib/python3.7/site-packages/airflow/example_dags/example_branch_day_of_week_operator.py
[2022-08-09 08:24:03,275] {logging_mixin.py:109} INFO - [2022-08-09 08:24:03,275] {dag.py:2396} INFO - Sync 1 DAGs
[2022-08-09 08:24:03,295] {logging_mixin.py:109} INFO - [2022-08-09 08:24:03,295] {dag.py:2935} INFO - Setting next_dagrun for example_weekday_branch_operator to 2022-08-08 00:00:00+00:00
[2022-08-09 08:24:03,308] {processor.py:171} INFO - Processing /home/airflow/.local/lib/python3.7/site-packages/airflow/example_dags/example_branch_day_of_week_operator.py took 0.085 seconds
[2022-08-09 08:24:33,686] {processor.py:163} INFO - Started process (PID=2598) to work on /home/airflow/.local/lib/python3.7/site-packages/airflow/example_dags/example_branch_day_of_week_operator.py
[2022-08-09 08:24:33,688] {processor.py:642} INFO - Processing file /home/airflow/.local/lib/python3.7/site-packages/airflow/example_dags/example_branch_day_of_week_operator.py for tasks to queue
[2022-08-09 08:24:33,691] {logging_mixin.py:109} INFO - [2022-08-09 08:24:33,691] {dagbag.py:500} INFO - Filling up the DagBag from /home/airflow/.local/lib/python3.7/site-packages/airflow/example_dags/example_branch_day_of_week_operator.py
[2022-08-09 08:24:33,724] {processor.py:654} INFO - DAG(s) dict_keys(['example_weekday_branch_operator']) retrieved from /home/airflow/.local/lib/python3.7/site-packages/airflow/example_dags/example_branch_day_of_week_operator.py
[2022-08-09 08:24:33,736] {logging_mixin.py:109} INFO - [2022-08-09 08:24:33,736] {dag.py:2396} INFO - Sync 1 DAGs
[2022-08-09 08:24:33,759] {logging_mixin.py:109} INFO - [2022-08-09 08:24:33,759] {dag.py:2935} INFO - Setting next_dagrun for example_weekday_branch_operator to 2022-08-08 00:00:00+00:00
[2022-08-09 08:24:33,770] {processor.py:171} INFO - Processing /home/airflow/.local/lib/python3.7/site-packages/airflow/example_dags/example_branch_day_of_week_operator.py took 0.089 seconds
[2022-08-09 08:25:04,621] {processor.py:163} INFO - Started process (PID=2658) to work on /home/airflow/.local/lib/python3.7/site-packages/airflow/example_dags/example_branch_day_of_week_operator.py
[2022-08-09 08:25:04,623] {processor.py:642} INFO - Processing file /home/airflow/.local/lib/python3.7/site-packages/airflow/example_dags/example_branch_day_of_week_operator.py for tasks to queue
[2022-08-09 08:25:04,624] {logging_mixin.py:109} INFO - [2022-08-09 08:25:04,624] {dagbag.py:500} INFO - Filling up the DagBag from /home/airflow/.local/lib/python3.7/site-packages/airflow/example_dags/example_branch_day_of_week_operator.py
[2022-08-09 08:25:04,654] {processor.py:654} INFO - DAG(s) dict_keys(['example_weekday_branch_operator']) retrieved from /home/airflow/.local/lib/python3.7/site-packages/airflow/example_dags/example_branch_day_of_week_operator.py
[2022-08-09 08:25:04,664] {logging_mixin.py:109} INFO - [2022-08-09 08:25:04,664] {dag.py:2396} INFO - Sync 1 DAGs
[2022-08-09 08:25:04,683] {logging_mixin.py:109} INFO - [2022-08-09 08:25:04,683] {dag.py:2935} INFO - Setting next_dagrun for example_weekday_branch_operator to 2022-08-08 00:00:00+00:00
[2022-08-09 08:25:04,696] {processor.py:171} INFO - Processing /home/airflow/.local/lib/python3.7/site-packages/airflow/example_dags/example_branch_day_of_week_operator.py took 0.079 seconds
[2022-08-09 08:25:35,294] {processor.py:163} INFO - Started process (PID=2728) to work on /home/airflow/.local/lib/python3.7/site-packages/airflow/example_dags/example_branch_day_of_week_operator.py
[2022-08-09 08:25:35,296] {processor.py:642} INFO - Processing file /home/airflow/.local/lib/python3.7/site-packages/airflow/example_dags/example_branch_day_of_week_operator.py for tasks to queue
[2022-08-09 08:25:35,298] {logging_mixin.py:109} INFO - [2022-08-09 08:25:35,297] {dagbag.py:500} INFO - Filling up the DagBag from /home/airflow/.local/lib/python3.7/site-packages/airflow/example_dags/example_branch_day_of_week_operator.py
[2022-08-09 08:25:35,329] {processor.py:654} INFO - DAG(s) dict_keys(['example_weekday_branch_operator']) retrieved from /home/airflow/.local/lib/python3.7/site-packages/airflow/example_dags/example_branch_day_of_week_operator.py
[2022-08-09 08:25:35,339] {logging_mixin.py:109} INFO - [2022-08-09 08:25:35,338] {dag.py:2396} INFO - Sync 1 DAGs
[2022-08-09 08:25:35,356] {logging_mixin.py:109} INFO - [2022-08-09 08:25:35,356] {dag.py:2935} INFO - Setting next_dagrun for example_weekday_branch_operator to 2022-08-08 00:00:00+00:00
[2022-08-09 08:25:35,366] {processor.py:171} INFO - Processing /home/airflow/.local/lib/python3.7/site-packages/airflow/example_dags/example_branch_day_of_week_operator.py took 0.076 seconds
[2022-08-09 08:26:05,638] {processor.py:163} INFO - Started process (PID=2788) to work on /home/airflow/.local/lib/python3.7/site-packages/airflow/example_dags/example_branch_day_of_week_operator.py
[2022-08-09 08:26:05,640] {processor.py:642} INFO - Processing file /home/airflow/.local/lib/python3.7/site-packages/airflow/example_dags/example_branch_day_of_week_operator.py for tasks to queue
[2022-08-09 08:26:05,641] {logging_mixin.py:109} INFO - [2022-08-09 08:26:05,641] {dagbag.py:500} INFO - Filling up the DagBag from /home/airflow/.local/lib/python3.7/site-packages/airflow/example_dags/example_branch_day_of_week_operator.py
[2022-08-09 08:26:05,674] {processor.py:654} INFO - DAG(s) dict_keys(['example_weekday_branch_operator']) retrieved from /home/airflow/.local/lib/python3.7/site-packages/airflow/example_dags/example_branch_day_of_week_operator.py
[2022-08-09 08:26:05,684] {logging_mixin.py:109} INFO - [2022-08-09 08:26:05,684] {dag.py:2396} INFO - Sync 1 DAGs
[2022-08-09 08:26:05,706] {logging_mixin.py:109} INFO - [2022-08-09 08:26:05,706] {dag.py:2935} INFO - Setting next_dagrun for example_weekday_branch_operator to 2022-08-08 00:00:00+00:00
[2022-08-09 08:26:05,717] {processor.py:171} INFO - Processing /home/airflow/.local/lib/python3.7/site-packages/airflow/example_dags/example_branch_day_of_week_operator.py took 0.084 seconds
[2022-08-09 08:26:35,922] {processor.py:163} INFO - Started process (PID=2857) to work on /home/airflow/.local/lib/python3.7/site-packages/airflow/example_dags/example_branch_day_of_week_operator.py
[2022-08-09 08:26:35,925] {processor.py:642} INFO - Processing file /home/airflow/.local/lib/python3.7/site-packages/airflow/example_dags/example_branch_day_of_week_operator.py for tasks to queue
[2022-08-09 08:26:35,926] {logging_mixin.py:109} INFO - [2022-08-09 08:26:35,926] {dagbag.py:500} INFO - Filling up the DagBag from /home/airflow/.local/lib/python3.7/site-packages/airflow/example_dags/example_branch_day_of_week_operator.py
[2022-08-09 08:26:35,958] {processor.py:654} INFO - DAG(s) dict_keys(['example_weekday_branch_operator']) retrieved from /home/airflow/.local/lib/python3.7/site-packages/airflow/example_dags/example_branch_day_of_week_operator.py
[2022-08-09 08:26:35,968] {logging_mixin.py:109} INFO - [2022-08-09 08:26:35,968] {dag.py:2396} INFO - Sync 1 DAGs
[2022-08-09 08:26:35,989] {logging_mixin.py:109} INFO - [2022-08-09 08:26:35,989] {dag.py:2935} INFO - Setting next_dagrun for example_weekday_branch_operator to 2022-08-08 00:00:00+00:00
[2022-08-09 08:26:36,003] {processor.py:171} INFO - Processing /home/airflow/.local/lib/python3.7/site-packages/airflow/example_dags/example_branch_day_of_week_operator.py took 0.085 seconds
[2022-08-09 08:27:06,384] {processor.py:163} INFO - Started process (PID=2918) to work on /home/airflow/.local/lib/python3.7/site-packages/airflow/example_dags/example_branch_day_of_week_operator.py
[2022-08-09 08:27:06,386] {processor.py:642} INFO - Processing file /home/airflow/.local/lib/python3.7/site-packages/airflow/example_dags/example_branch_day_of_week_operator.py for tasks to queue
[2022-08-09 08:27:06,388] {logging_mixin.py:109} INFO - [2022-08-09 08:27:06,388] {dagbag.py:500} INFO - Filling up the DagBag from /home/airflow/.local/lib/python3.7/site-packages/airflow/example_dags/example_branch_day_of_week_operator.py
[2022-08-09 08:27:06,420] {processor.py:654} INFO - DAG(s) dict_keys(['example_weekday_branch_operator']) retrieved from /home/airflow/.local/lib/python3.7/site-packages/airflow/example_dags/example_branch_day_of_week_operator.py
[2022-08-09 08:27:06,430] {logging_mixin.py:109} INFO - [2022-08-09 08:27:06,430] {dag.py:2396} INFO - Sync 1 DAGs
[2022-08-09 08:27:06,448] {logging_mixin.py:109} INFO - [2022-08-09 08:27:06,448] {dag.py:2935} INFO - Setting next_dagrun for example_weekday_branch_operator to 2022-08-08 00:00:00+00:00
[2022-08-09 08:27:06,458] {processor.py:171} INFO - Processing /home/airflow/.local/lib/python3.7/site-packages/airflow/example_dags/example_branch_day_of_week_operator.py took 0.078 seconds
[2022-08-09 08:27:36,581] {processor.py:163} INFO - Started process (PID=2987) to work on /home/airflow/.local/lib/python3.7/site-packages/airflow/example_dags/example_branch_day_of_week_operator.py
[2022-08-09 08:27:36,583] {processor.py:642} INFO - Processing file /home/airflow/.local/lib/python3.7/site-packages/airflow/example_dags/example_branch_day_of_week_operator.py for tasks to queue
[2022-08-09 08:27:36,585] {logging_mixin.py:109} INFO - [2022-08-09 08:27:36,585] {dagbag.py:500} INFO - Filling up the DagBag from /home/airflow/.local/lib/python3.7/site-packages/airflow/example_dags/example_branch_day_of_week_operator.py
[2022-08-09 08:27:36,619] {processor.py:654} INFO - DAG(s) dict_keys(['example_weekday_branch_operator']) retrieved from /home/airflow/.local/lib/python3.7/site-packages/airflow/example_dags/example_branch_day_of_week_operator.py
[2022-08-09 08:27:36,630] {logging_mixin.py:109} INFO - [2022-08-09 08:27:36,629] {dag.py:2396} INFO - Sync 1 DAGs
[2022-08-09 08:27:36,648] {logging_mixin.py:109} INFO - [2022-08-09 08:27:36,648] {dag.py:2935} INFO - Setting next_dagrun for example_weekday_branch_operator to 2022-08-08 00:00:00+00:00
[2022-08-09 08:27:36,661] {processor.py:171} INFO - Processing /home/airflow/.local/lib/python3.7/site-packages/airflow/example_dags/example_branch_day_of_week_operator.py took 0.084 seconds
[2022-08-09 08:28:06,923] {processor.py:163} INFO - Started process (PID=3047) to work on /home/airflow/.local/lib/python3.7/site-packages/airflow/example_dags/example_branch_day_of_week_operator.py
[2022-08-09 08:28:06,925] {processor.py:642} INFO - Processing file /home/airflow/.local/lib/python3.7/site-packages/airflow/example_dags/example_branch_day_of_week_operator.py for tasks to queue
[2022-08-09 08:28:06,926] {logging_mixin.py:109} INFO - [2022-08-09 08:28:06,926] {dagbag.py:500} INFO - Filling up the DagBag from /home/airflow/.local/lib/python3.7/site-packages/airflow/example_dags/example_branch_day_of_week_operator.py
[2022-08-09 08:28:06,962] {processor.py:654} INFO - DAG(s) dict_keys(['example_weekday_branch_operator']) retrieved from /home/airflow/.local/lib/python3.7/site-packages/airflow/example_dags/example_branch_day_of_week_operator.py
[2022-08-09 08:28:06,972] {logging_mixin.py:109} INFO - [2022-08-09 08:28:06,972] {dag.py:2396} INFO - Sync 1 DAGs
[2022-08-09 08:28:06,988] {logging_mixin.py:109} INFO - [2022-08-09 08:28:06,988] {dag.py:2935} INFO - Setting next_dagrun for example_weekday_branch_operator to 2022-08-08 00:00:00+00:00
[2022-08-09 08:28:06,999] {processor.py:171} INFO - Processing /home/airflow/.local/lib/python3.7/site-packages/airflow/example_dags/example_branch_day_of_week_operator.py took 0.080 seconds
[2022-08-09 08:28:37,579] {processor.py:163} INFO - Started process (PID=3116) to work on /home/airflow/.local/lib/python3.7/site-packages/airflow/example_dags/example_branch_day_of_week_operator.py
[2022-08-09 08:28:37,580] {processor.py:642} INFO - Processing file /home/airflow/.local/lib/python3.7/site-packages/airflow/example_dags/example_branch_day_of_week_operator.py for tasks to queue
[2022-08-09 08:28:37,582] {logging_mixin.py:109} INFO - [2022-08-09 08:28:37,582] {dagbag.py:500} INFO - Filling up the DagBag from /home/airflow/.local/lib/python3.7/site-packages/airflow/example_dags/example_branch_day_of_week_operator.py
[2022-08-09 08:28:37,615] {processor.py:654} INFO - DAG(s) dict_keys(['example_weekday_branch_operator']) retrieved from /home/airflow/.local/lib/python3.7/site-packages/airflow/example_dags/example_branch_day_of_week_operator.py
[2022-08-09 08:28:37,625] {logging_mixin.py:109} INFO - [2022-08-09 08:28:37,625] {dag.py:2396} INFO - Sync 1 DAGs
[2022-08-09 08:28:37,645] {logging_mixin.py:109} INFO - [2022-08-09 08:28:37,645] {dag.py:2935} INFO - Setting next_dagrun for example_weekday_branch_operator to 2022-08-08 00:00:00+00:00
[2022-08-09 08:28:37,655] {processor.py:171} INFO - Processing /home/airflow/.local/lib/python3.7/site-packages/airflow/example_dags/example_branch_day_of_week_operator.py took 0.081 seconds
[2022-08-09 08:29:08,079] {processor.py:163} INFO - Started process (PID=3176) to work on /home/airflow/.local/lib/python3.7/site-packages/airflow/example_dags/example_branch_day_of_week_operator.py
[2022-08-09 08:29:08,082] {processor.py:642} INFO - Processing file /home/airflow/.local/lib/python3.7/site-packages/airflow/example_dags/example_branch_day_of_week_operator.py for tasks to queue
[2022-08-09 08:29:08,085] {logging_mixin.py:109} INFO - [2022-08-09 08:29:08,084] {dagbag.py:500} INFO - Filling up the DagBag from /home/airflow/.local/lib/python3.7/site-packages/airflow/example_dags/example_branch_day_of_week_operator.py
[2022-08-09 08:29:08,120] {processor.py:654} INFO - DAG(s) dict_keys(['example_weekday_branch_operator']) retrieved from /home/airflow/.local/lib/python3.7/site-packages/airflow/example_dags/example_branch_day_of_week_operator.py
[2022-08-09 08:29:08,131] {logging_mixin.py:109} INFO - [2022-08-09 08:29:08,131] {dag.py:2396} INFO - Sync 1 DAGs
[2022-08-09 08:29:08,148] {logging_mixin.py:109} INFO - [2022-08-09 08:29:08,148] {dag.py:2935} INFO - Setting next_dagrun for example_weekday_branch_operator to 2022-08-08 00:00:00+00:00
[2022-08-09 08:29:08,159] {processor.py:171} INFO - Processing /home/airflow/.local/lib/python3.7/site-packages/airflow/example_dags/example_branch_day_of_week_operator.py took 0.083 seconds
[2022-08-09 08:29:38,459] {processor.py:163} INFO - Started process (PID=3236) to work on /home/airflow/.local/lib/python3.7/site-packages/airflow/example_dags/example_branch_day_of_week_operator.py
[2022-08-09 08:29:38,462] {processor.py:642} INFO - Processing file /home/airflow/.local/lib/python3.7/site-packages/airflow/example_dags/example_branch_day_of_week_operator.py for tasks to queue
[2022-08-09 08:29:38,463] {logging_mixin.py:109} INFO - [2022-08-09 08:29:38,463] {dagbag.py:500} INFO - Filling up the DagBag from /home/airflow/.local/lib/python3.7/site-packages/airflow/example_dags/example_branch_day_of_week_operator.py
[2022-08-09 08:29:38,497] {processor.py:654} INFO - DAG(s) dict_keys(['example_weekday_branch_operator']) retrieved from /home/airflow/.local/lib/python3.7/site-packages/airflow/example_dags/example_branch_day_of_week_operator.py
[2022-08-09 08:29:38,509] {logging_mixin.py:109} INFO - [2022-08-09 08:29:38,508] {dag.py:2396} INFO - Sync 1 DAGs
[2022-08-09 08:29:38,527] {logging_mixin.py:109} INFO - [2022-08-09 08:29:38,526] {dag.py:2935} INFO - Setting next_dagrun for example_weekday_branch_operator to 2022-08-08 00:00:00+00:00
[2022-08-09 08:29:38,545] {processor.py:171} INFO - Processing /home/airflow/.local/lib/python3.7/site-packages/airflow/example_dags/example_branch_day_of_week_operator.py took 0.090 seconds
[2022-08-09 08:30:09,155] {processor.py:163} INFO - Started process (PID=3306) to work on /home/airflow/.local/lib/python3.7/site-packages/airflow/example_dags/example_branch_day_of_week_operator.py
[2022-08-09 08:30:09,158] {processor.py:642} INFO - Processing file /home/airflow/.local/lib/python3.7/site-packages/airflow/example_dags/example_branch_day_of_week_operator.py for tasks to queue
[2022-08-09 08:30:09,160] {logging_mixin.py:109} INFO - [2022-08-09 08:30:09,160] {dagbag.py:500} INFO - Filling up the DagBag from /home/airflow/.local/lib/python3.7/site-packages/airflow/example_dags/example_branch_day_of_week_operator.py
[2022-08-09 08:30:09,207] {processor.py:654} INFO - DAG(s) dict_keys(['example_weekday_branch_operator']) retrieved from /home/airflow/.local/lib/python3.7/site-packages/airflow/example_dags/example_branch_day_of_week_operator.py
[2022-08-09 08:30:09,223] {logging_mixin.py:109} INFO - [2022-08-09 08:30:09,223] {dag.py:2396} INFO - Sync 1 DAGs
[2022-08-09 08:30:09,249] {logging_mixin.py:109} INFO - [2022-08-09 08:30:09,249] {dag.py:2935} INFO - Setting next_dagrun for example_weekday_branch_operator to 2022-08-08 00:00:00+00:00
[2022-08-09 08:30:09,265] {processor.py:171} INFO - Processing /home/airflow/.local/lib/python3.7/site-packages/airflow/example_dags/example_branch_day_of_week_operator.py took 0.116 seconds
[2022-08-09 08:30:39,426] {processor.py:163} INFO - Started process (PID=3365) to work on /home/airflow/.local/lib/python3.7/site-packages/airflow/example_dags/example_branch_day_of_week_operator.py
[2022-08-09 08:30:39,427] {processor.py:642} INFO - Processing file /home/airflow/.local/lib/python3.7/site-packages/airflow/example_dags/example_branch_day_of_week_operator.py for tasks to queue
[2022-08-09 08:30:39,429] {logging_mixin.py:109} INFO - [2022-08-09 08:30:39,429] {dagbag.py:500} INFO - Filling up the DagBag from /home/airflow/.local/lib/python3.7/site-packages/airflow/example_dags/example_branch_day_of_week_operator.py
[2022-08-09 08:30:39,469] {processor.py:654} INFO - DAG(s) dict_keys(['example_weekday_branch_operator']) retrieved from /home/airflow/.local/lib/python3.7/site-packages/airflow/example_dags/example_branch_day_of_week_operator.py
[2022-08-09 08:30:39,485] {logging_mixin.py:109} INFO - [2022-08-09 08:30:39,484] {dag.py:2396} INFO - Sync 1 DAGs
[2022-08-09 08:30:39,515] {logging_mixin.py:109} INFO - [2022-08-09 08:30:39,515] {dag.py:2935} INFO - Setting next_dagrun for example_weekday_branch_operator to 2022-08-08 00:00:00+00:00
[2022-08-09 08:30:39,524] {processor.py:171} INFO - Processing /home/airflow/.local/lib/python3.7/site-packages/airflow/example_dags/example_branch_day_of_week_operator.py took 0.102 seconds
[2022-08-09 08:31:09,805] {processor.py:163} INFO - Started process (PID=3435) to work on /home/airflow/.local/lib/python3.7/site-packages/airflow/example_dags/example_branch_day_of_week_operator.py
[2022-08-09 08:31:09,808] {processor.py:642} INFO - Processing file /home/airflow/.local/lib/python3.7/site-packages/airflow/example_dags/example_branch_day_of_week_operator.py for tasks to queue
[2022-08-09 08:31:09,810] {logging_mixin.py:109} INFO - [2022-08-09 08:31:09,810] {dagbag.py:500} INFO - Filling up the DagBag from /home/airflow/.local/lib/python3.7/site-packages/airflow/example_dags/example_branch_day_of_week_operator.py
[2022-08-09 08:31:09,843] {processor.py:654} INFO - DAG(s) dict_keys(['example_weekday_branch_operator']) retrieved from /home/airflow/.local/lib/python3.7/site-packages/airflow/example_dags/example_branch_day_of_week_operator.py
[2022-08-09 08:31:09,856] {logging_mixin.py:109} INFO - [2022-08-09 08:31:09,855] {dag.py:2396} INFO - Sync 1 DAGs
[2022-08-09 08:31:09,874] {logging_mixin.py:109} INFO - [2022-08-09 08:31:09,874] {dag.py:2935} INFO - Setting next_dagrun for example_weekday_branch_operator to 2022-08-08 00:00:00+00:00
[2022-08-09 08:31:09,887] {processor.py:171} INFO - Processing /home/airflow/.local/lib/python3.7/site-packages/airflow/example_dags/example_branch_day_of_week_operator.py took 0.085 seconds
[2022-08-09 08:31:40,045] {processor.py:163} INFO - Started process (PID=3494) to work on /home/airflow/.local/lib/python3.7/site-packages/airflow/example_dags/example_branch_day_of_week_operator.py
[2022-08-09 08:31:40,047] {processor.py:642} INFO - Processing file /home/airflow/.local/lib/python3.7/site-packages/airflow/example_dags/example_branch_day_of_week_operator.py for tasks to queue
[2022-08-09 08:31:40,049] {logging_mixin.py:109} INFO - [2022-08-09 08:31:40,049] {dagbag.py:500} INFO - Filling up the DagBag from /home/airflow/.local/lib/python3.7/site-packages/airflow/example_dags/example_branch_day_of_week_operator.py
[2022-08-09 08:31:40,097] {processor.py:654} INFO - DAG(s) dict_keys(['example_weekday_branch_operator']) retrieved from /home/airflow/.local/lib/python3.7/site-packages/airflow/example_dags/example_branch_day_of_week_operator.py
[2022-08-09 08:31:40,111] {logging_mixin.py:109} INFO - [2022-08-09 08:31:40,111] {dag.py:2396} INFO - Sync 1 DAGs
[2022-08-09 08:31:40,138] {logging_mixin.py:109} INFO - [2022-08-09 08:31:40,138] {dag.py:2935} INFO - Setting next_dagrun for example_weekday_branch_operator to 2022-08-08 00:00:00+00:00
[2022-08-09 08:31:40,156] {processor.py:171} INFO - Processing /home/airflow/.local/lib/python3.7/site-packages/airflow/example_dags/example_branch_day_of_week_operator.py took 0.117 seconds
[2022-08-09 08:32:11,278] {processor.py:163} INFO - Started process (PID=3566) to work on /home/airflow/.local/lib/python3.7/site-packages/airflow/example_dags/example_branch_day_of_week_operator.py
[2022-08-09 08:32:11,280] {processor.py:642} INFO - Processing file /home/airflow/.local/lib/python3.7/site-packages/airflow/example_dags/example_branch_day_of_week_operator.py for tasks to queue
[2022-08-09 08:32:11,283] {logging_mixin.py:109} INFO - [2022-08-09 08:32:11,283] {dagbag.py:500} INFO - Filling up the DagBag from /home/airflow/.local/lib/python3.7/site-packages/airflow/example_dags/example_branch_day_of_week_operator.py
[2022-08-09 08:32:11,321] {processor.py:654} INFO - DAG(s) dict_keys(['example_weekday_branch_operator']) retrieved from /home/airflow/.local/lib/python3.7/site-packages/airflow/example_dags/example_branch_day_of_week_operator.py
[2022-08-09 08:32:11,331] {logging_mixin.py:109} INFO - [2022-08-09 08:32:11,331] {dag.py:2396} INFO - Sync 1 DAGs
[2022-08-09 08:32:11,349] {logging_mixin.py:109} INFO - [2022-08-09 08:32:11,349] {dag.py:2935} INFO - Setting next_dagrun for example_weekday_branch_operator to 2022-08-08 00:00:00+00:00
[2022-08-09 08:32:11,359] {processor.py:171} INFO - Processing /home/airflow/.local/lib/python3.7/site-packages/airflow/example_dags/example_branch_day_of_week_operator.py took 0.086 seconds
[2022-08-09 08:32:42,434] {processor.py:163} INFO - Started process (PID=3628) to work on /home/airflow/.local/lib/python3.7/site-packages/airflow/example_dags/example_branch_day_of_week_operator.py
[2022-08-09 08:32:42,437] {processor.py:642} INFO - Processing file /home/airflow/.local/lib/python3.7/site-packages/airflow/example_dags/example_branch_day_of_week_operator.py for tasks to queue
[2022-08-09 08:32:42,440] {logging_mixin.py:109} INFO - [2022-08-09 08:32:42,439] {dagbag.py:500} INFO - Filling up the DagBag from /home/airflow/.local/lib/python3.7/site-packages/airflow/example_dags/example_branch_day_of_week_operator.py
[2022-08-09 08:32:42,487] {processor.py:654} INFO - DAG(s) dict_keys(['example_weekday_branch_operator']) retrieved from /home/airflow/.local/lib/python3.7/site-packages/airflow/example_dags/example_branch_day_of_week_operator.py
[2022-08-09 08:32:42,504] {logging_mixin.py:109} INFO - [2022-08-09 08:32:42,504] {dag.py:2396} INFO - Sync 1 DAGs
[2022-08-09 08:32:42,530] {logging_mixin.py:109} INFO - [2022-08-09 08:32:42,529] {dag.py:2935} INFO - Setting next_dagrun for example_weekday_branch_operator to 2022-08-08 00:00:00+00:00
[2022-08-09 08:32:42,544] {processor.py:171} INFO - Processing /home/airflow/.local/lib/python3.7/site-packages/airflow/example_dags/example_branch_day_of_week_operator.py took 0.116 seconds
[2022-08-09 08:33:13,277] {processor.py:163} INFO - Started process (PID=3697) to work on /home/airflow/.local/lib/python3.7/site-packages/airflow/example_dags/example_branch_day_of_week_operator.py
[2022-08-09 08:33:13,279] {processor.py:642} INFO - Processing file /home/airflow/.local/lib/python3.7/site-packages/airflow/example_dags/example_branch_day_of_week_operator.py for tasks to queue
[2022-08-09 08:33:13,281] {logging_mixin.py:109} INFO - [2022-08-09 08:33:13,281] {dagbag.py:500} INFO - Filling up the DagBag from /home/airflow/.local/lib/python3.7/site-packages/airflow/example_dags/example_branch_day_of_week_operator.py
[2022-08-09 08:33:13,326] {processor.py:654} INFO - DAG(s) dict_keys(['example_weekday_branch_operator']) retrieved from /home/airflow/.local/lib/python3.7/site-packages/airflow/example_dags/example_branch_day_of_week_operator.py
[2022-08-09 08:33:13,337] {logging_mixin.py:109} INFO - [2022-08-09 08:33:13,337] {dag.py:2396} INFO - Sync 1 DAGs
[2022-08-09 08:33:13,356] {logging_mixin.py:109} INFO - [2022-08-09 08:33:13,356] {dag.py:2935} INFO - Setting next_dagrun for example_weekday_branch_operator to 2022-08-08 00:00:00+00:00
[2022-08-09 08:33:13,368] {processor.py:171} INFO - Processing /home/airflow/.local/lib/python3.7/site-packages/airflow/example_dags/example_branch_day_of_week_operator.py took 0.096 seconds
[2022-08-09 08:33:43,577] {processor.py:163} INFO - Started process (PID=3759) to work on /home/airflow/.local/lib/python3.7/site-packages/airflow/example_dags/example_branch_day_of_week_operator.py
[2022-08-09 08:33:43,579] {processor.py:642} INFO - Processing file /home/airflow/.local/lib/python3.7/site-packages/airflow/example_dags/example_branch_day_of_week_operator.py for tasks to queue
[2022-08-09 08:33:43,580] {logging_mixin.py:109} INFO - [2022-08-09 08:33:43,580] {dagbag.py:500} INFO - Filling up the DagBag from /home/airflow/.local/lib/python3.7/site-packages/airflow/example_dags/example_branch_day_of_week_operator.py
[2022-08-09 08:33:43,609] {processor.py:654} INFO - DAG(s) dict_keys(['example_weekday_branch_operator']) retrieved from /home/airflow/.local/lib/python3.7/site-packages/airflow/example_dags/example_branch_day_of_week_operator.py
[2022-08-09 08:33:43,619] {logging_mixin.py:109} INFO - [2022-08-09 08:33:43,618] {dag.py:2396} INFO - Sync 1 DAGs
[2022-08-09 08:33:43,635] {logging_mixin.py:109} INFO - [2022-08-09 08:33:43,635] {dag.py:2935} INFO - Setting next_dagrun for example_weekday_branch_operator to 2022-08-08 00:00:00+00:00
[2022-08-09 08:33:43,661] {processor.py:171} INFO - Processing /home/airflow/.local/lib/python3.7/site-packages/airflow/example_dags/example_branch_day_of_week_operator.py took 0.088 seconds
[2022-08-09 08:34:13,951] {processor.py:163} INFO - Started process (PID=3828) to work on /home/airflow/.local/lib/python3.7/site-packages/airflow/example_dags/example_branch_day_of_week_operator.py
[2022-08-09 08:34:13,954] {processor.py:642} INFO - Processing file /home/airflow/.local/lib/python3.7/site-packages/airflow/example_dags/example_branch_day_of_week_operator.py for tasks to queue
[2022-08-09 08:34:13,956] {logging_mixin.py:109} INFO - [2022-08-09 08:34:13,956] {dagbag.py:500} INFO - Filling up the DagBag from /home/airflow/.local/lib/python3.7/site-packages/airflow/example_dags/example_branch_day_of_week_operator.py
[2022-08-09 08:34:13,988] {processor.py:654} INFO - DAG(s) dict_keys(['example_weekday_branch_operator']) retrieved from /home/airflow/.local/lib/python3.7/site-packages/airflow/example_dags/example_branch_day_of_week_operator.py
[2022-08-09 08:34:14,005] {logging_mixin.py:109} INFO - [2022-08-09 08:34:14,005] {dag.py:2396} INFO - Sync 1 DAGs
[2022-08-09 08:34:14,024] {logging_mixin.py:109} INFO - [2022-08-09 08:34:14,024] {dag.py:2935} INFO - Setting next_dagrun for example_weekday_branch_operator to 2022-08-08 00:00:00+00:00
[2022-08-09 08:34:14,035] {processor.py:171} INFO - Processing /home/airflow/.local/lib/python3.7/site-packages/airflow/example_dags/example_branch_day_of_week_operator.py took 0.087 seconds
[2022-08-09 08:34:44,410] {processor.py:163} INFO - Started process (PID=3888) to work on /home/airflow/.local/lib/python3.7/site-packages/airflow/example_dags/example_branch_day_of_week_operator.py
[2022-08-09 08:34:44,413] {processor.py:642} INFO - Processing file /home/airflow/.local/lib/python3.7/site-packages/airflow/example_dags/example_branch_day_of_week_operator.py for tasks to queue
[2022-08-09 08:34:44,415] {logging_mixin.py:109} INFO - [2022-08-09 08:34:44,415] {dagbag.py:500} INFO - Filling up the DagBag from /home/airflow/.local/lib/python3.7/site-packages/airflow/example_dags/example_branch_day_of_week_operator.py
[2022-08-09 08:34:44,451] {processor.py:654} INFO - DAG(s) dict_keys(['example_weekday_branch_operator']) retrieved from /home/airflow/.local/lib/python3.7/site-packages/airflow/example_dags/example_branch_day_of_week_operator.py
[2022-08-09 08:34:44,465] {logging_mixin.py:109} INFO - [2022-08-09 08:34:44,465] {dag.py:2396} INFO - Sync 1 DAGs
[2022-08-09 08:34:44,500] {logging_mixin.py:109} INFO - [2022-08-09 08:34:44,500] {dag.py:2935} INFO - Setting next_dagrun for example_weekday_branch_operator to 2022-08-08 00:00:00+00:00
[2022-08-09 08:34:44,514] {processor.py:171} INFO - Processing /home/airflow/.local/lib/python3.7/site-packages/airflow/example_dags/example_branch_day_of_week_operator.py took 0.110 seconds
[2022-08-09 08:35:14,640] {processor.py:163} INFO - Started process (PID=3957) to work on /home/airflow/.local/lib/python3.7/site-packages/airflow/example_dags/example_branch_day_of_week_operator.py
[2022-08-09 08:35:14,642] {processor.py:642} INFO - Processing file /home/airflow/.local/lib/python3.7/site-packages/airflow/example_dags/example_branch_day_of_week_operator.py for tasks to queue
[2022-08-09 08:35:14,644] {logging_mixin.py:109} INFO - [2022-08-09 08:35:14,644] {dagbag.py:500} INFO - Filling up the DagBag from /home/airflow/.local/lib/python3.7/site-packages/airflow/example_dags/example_branch_day_of_week_operator.py
[2022-08-09 08:35:14,672] {processor.py:654} INFO - DAG(s) dict_keys(['example_weekday_branch_operator']) retrieved from /home/airflow/.local/lib/python3.7/site-packages/airflow/example_dags/example_branch_day_of_week_operator.py
[2022-08-09 08:35:14,682] {logging_mixin.py:109} INFO - [2022-08-09 08:35:14,682] {dag.py:2396} INFO - Sync 1 DAGs
[2022-08-09 08:35:14,682] {logging_mixin.py:109} INFO - [2022-08-09 08:35:14,682] {dag.py:2935} INFO - Setting next_dagrun for example_weekday_branch_operator to 2022-08-08 00:00:00+00:00
[2022-08-09 08:35:14,691] {processor.py:171} INFO - Processing /home/airflow/.local/lib/python3.7/site-packages/airflow/example_dags/example_branch_day_of_week_operator.py took 0.076 seconds
[2022-08-09 08:35:45,969] {processor.py:163} INFO - Started process (PID=4017) to work on /home/airflow/.local/lib/python3.7/site-packages/airflow/example_dags/example_branch_day_of_week_operator.py
[2022-08-09 08:35:45,973] {processor.py:642} INFO - Processing file /home/airflow/.local/lib/python3.7/site-packages/airflow/example_dags/example_branch_day_of_week_operator.py for tasks to queue
[2022-08-09 08:35:45,976] {logging_mixin.py:109} INFO - [2022-08-09 08:35:45,975] {dagbag.py:500} INFO - Filling up the DagBag from /home/airflow/.local/lib/python3.7/site-packages/airflow/example_dags/example_branch_day_of_week_operator.py
[2022-08-09 08:35:46,038] {processor.py:654} INFO - DAG(s) dict_keys(['example_weekday_branch_operator']) retrieved from /home/airflow/.local/lib/python3.7/site-packages/airflow/example_dags/example_branch_day_of_week_operator.py
[2022-08-09 08:35:46,110] {logging_mixin.py:109} INFO - [2022-08-09 08:35:46,108] {dag.py:2396} INFO - Sync 1 DAGs
[2022-08-09 08:35:46,164] {logging_mixin.py:109} INFO - [2022-08-09 08:35:46,164] {dag.py:2935} INFO - Setting next_dagrun for example_weekday_branch_operator to 2022-08-08 00:00:00+00:00
[2022-08-09 08:35:46,185] {processor.py:171} INFO - Processing /home/airflow/.local/lib/python3.7/site-packages/airflow/example_dags/example_branch_day_of_week_operator.py took 0.221 seconds
[2022-08-09 08:36:16,527] {processor.py:163} INFO - Started process (PID=4077) to work on /home/airflow/.local/lib/python3.7/site-packages/airflow/example_dags/example_branch_day_of_week_operator.py
[2022-08-09 08:36:16,530] {processor.py:642} INFO - Processing file /home/airflow/.local/lib/python3.7/site-packages/airflow/example_dags/example_branch_day_of_week_operator.py for tasks to queue
[2022-08-09 08:36:16,533] {logging_mixin.py:109} INFO - [2022-08-09 08:36:16,532] {dagbag.py:500} INFO - Filling up the DagBag from /home/airflow/.local/lib/python3.7/site-packages/airflow/example_dags/example_branch_day_of_week_operator.py
[2022-08-09 08:36:16,585] {processor.py:654} INFO - DAG(s) dict_keys(['example_weekday_branch_operator']) retrieved from /home/airflow/.local/lib/python3.7/site-packages/airflow/example_dags/example_branch_day_of_week_operator.py
[2022-08-09 08:36:16,602] {logging_mixin.py:109} INFO - [2022-08-09 08:36:16,602] {dag.py:2396} INFO - Sync 1 DAGs
[2022-08-09 08:36:16,630] {logging_mixin.py:109} INFO - [2022-08-09 08:36:16,630] {dag.py:2935} INFO - Setting next_dagrun for example_weekday_branch_operator to 2022-08-08 00:00:00+00:00
[2022-08-09 08:36:16,647] {processor.py:171} INFO - Processing /home/airflow/.local/lib/python3.7/site-packages/airflow/example_dags/example_branch_day_of_week_operator.py took 0.127 seconds
[2022-08-09 08:36:46,890] {processor.py:163} INFO - Started process (PID=4137) to work on /home/airflow/.local/lib/python3.7/site-packages/airflow/example_dags/example_branch_day_of_week_operator.py
[2022-08-09 08:36:46,894] {processor.py:642} INFO - Processing file /home/airflow/.local/lib/python3.7/site-packages/airflow/example_dags/example_branch_day_of_week_operator.py for tasks to queue
[2022-08-09 08:36:46,897] {logging_mixin.py:109} INFO - [2022-08-09 08:36:46,897] {dagbag.py:500} INFO - Filling up the DagBag from /home/airflow/.local/lib/python3.7/site-packages/airflow/example_dags/example_branch_day_of_week_operator.py
[2022-08-09 08:36:46,948] {processor.py:654} INFO - DAG(s) dict_keys(['example_weekday_branch_operator']) retrieved from /home/airflow/.local/lib/python3.7/site-packages/airflow/example_dags/example_branch_day_of_week_operator.py
[2022-08-09 08:36:46,966] {logging_mixin.py:109} INFO - [2022-08-09 08:36:46,966] {dag.py:2396} INFO - Sync 1 DAGs
[2022-08-09 08:36:47,002] {logging_mixin.py:109} INFO - [2022-08-09 08:36:47,001] {dag.py:2935} INFO - Setting next_dagrun for example_weekday_branch_operator to 2022-08-08 00:00:00+00:00
[2022-08-09 08:36:47,021] {processor.py:171} INFO - Processing /home/airflow/.local/lib/python3.7/site-packages/airflow/example_dags/example_branch_day_of_week_operator.py took 0.136 seconds
