[2022-08-09 08:04:36,317] {processor.py:163} INFO - Started process (PID=65) to work on /home/airflow/.local/lib/python3.7/site-packages/airflow/example_dags/example_kubernetes_executor.py
[2022-08-09 08:04:36,321] {processor.py:642} INFO - Processing file /home/airflow/.local/lib/python3.7/site-packages/airflow/example_dags/example_kubernetes_executor.py for tasks to queue
[2022-08-09 08:04:36,324] {logging_mixin.py:109} INFO - [2022-08-09 08:04:36,324] {dagbag.py:500} INFO - Filling up the DagBag from /home/airflow/.local/lib/python3.7/site-packages/airflow/example_dags/example_kubernetes_executor.py
[2022-08-09 08:04:36,415] {processor.py:654} INFO - DAG(s) dict_keys(['example_kubernetes_executor']) retrieved from /home/airflow/.local/lib/python3.7/site-packages/airflow/example_dags/example_kubernetes_executor.py
[2022-08-09 08:04:36,440] {logging_mixin.py:109} INFO - [2022-08-09 08:04:36,440] {dag.py:2396} INFO - Sync 1 DAGs
[2022-08-09 08:04:36,494] {logging_mixin.py:109} INFO - [2022-08-09 08:04:36,494] {dag.py:2935} INFO - Setting next_dagrun for example_kubernetes_executor to None
[2022-08-09 08:04:36,522] {processor.py:171} INFO - Processing /home/airflow/.local/lib/python3.7/site-packages/airflow/example_dags/example_kubernetes_executor.py took 0.210 seconds
[2022-08-09 08:05:06,736] {processor.py:163} INFO - Started process (PID=133) to work on /home/airflow/.local/lib/python3.7/site-packages/airflow/example_dags/example_kubernetes_executor.py
[2022-08-09 08:05:06,738] {processor.py:642} INFO - Processing file /home/airflow/.local/lib/python3.7/site-packages/airflow/example_dags/example_kubernetes_executor.py for tasks to queue
[2022-08-09 08:05:06,740] {logging_mixin.py:109} INFO - [2022-08-09 08:05:06,740] {dagbag.py:500} INFO - Filling up the DagBag from /home/airflow/.local/lib/python3.7/site-packages/airflow/example_dags/example_kubernetes_executor.py
[2022-08-09 08:05:06,784] {processor.py:654} INFO - DAG(s) dict_keys(['example_kubernetes_executor']) retrieved from /home/airflow/.local/lib/python3.7/site-packages/airflow/example_dags/example_kubernetes_executor.py
[2022-08-09 08:05:06,803] {logging_mixin.py:109} INFO - [2022-08-09 08:05:06,802] {dag.py:2396} INFO - Sync 1 DAGs
[2022-08-09 08:05:06,841] {logging_mixin.py:109} INFO - [2022-08-09 08:05:06,840] {dag.py:2935} INFO - Setting next_dagrun for example_kubernetes_executor to None
[2022-08-09 08:05:06,859] {processor.py:171} INFO - Processing /home/airflow/.local/lib/python3.7/site-packages/airflow/example_dags/example_kubernetes_executor.py took 0.127 seconds
[2022-08-09 08:05:37,017] {processor.py:163} INFO - Started process (PID=194) to work on /home/airflow/.local/lib/python3.7/site-packages/airflow/example_dags/example_kubernetes_executor.py
[2022-08-09 08:05:37,020] {processor.py:642} INFO - Processing file /home/airflow/.local/lib/python3.7/site-packages/airflow/example_dags/example_kubernetes_executor.py for tasks to queue
[2022-08-09 08:05:37,022] {logging_mixin.py:109} INFO - [2022-08-09 08:05:37,022] {dagbag.py:500} INFO - Filling up the DagBag from /home/airflow/.local/lib/python3.7/site-packages/airflow/example_dags/example_kubernetes_executor.py
[2022-08-09 08:05:37,063] {processor.py:654} INFO - DAG(s) dict_keys(['example_kubernetes_executor']) retrieved from /home/airflow/.local/lib/python3.7/site-packages/airflow/example_dags/example_kubernetes_executor.py
[2022-08-09 08:05:37,078] {logging_mixin.py:109} INFO - [2022-08-09 08:05:37,078] {dag.py:2396} INFO - Sync 1 DAGs
[2022-08-09 08:05:37,101] {logging_mixin.py:109} INFO - [2022-08-09 08:05:37,101] {dag.py:2935} INFO - Setting next_dagrun for example_kubernetes_executor to None
[2022-08-09 08:05:37,112] {processor.py:171} INFO - Processing /home/airflow/.local/lib/python3.7/site-packages/airflow/example_dags/example_kubernetes_executor.py took 0.099 seconds
[2022-08-09 08:06:08,119] {processor.py:163} INFO - Started process (PID=263) to work on /home/airflow/.local/lib/python3.7/site-packages/airflow/example_dags/example_kubernetes_executor.py
[2022-08-09 08:06:08,122] {processor.py:642} INFO - Processing file /home/airflow/.local/lib/python3.7/site-packages/airflow/example_dags/example_kubernetes_executor.py for tasks to queue
[2022-08-09 08:06:08,124] {logging_mixin.py:109} INFO - [2022-08-09 08:06:08,124] {dagbag.py:500} INFO - Filling up the DagBag from /home/airflow/.local/lib/python3.7/site-packages/airflow/example_dags/example_kubernetes_executor.py
[2022-08-09 08:06:08,176] {processor.py:654} INFO - DAG(s) dict_keys(['example_kubernetes_executor']) retrieved from /home/airflow/.local/lib/python3.7/site-packages/airflow/example_dags/example_kubernetes_executor.py
[2022-08-09 08:06:08,194] {logging_mixin.py:109} INFO - [2022-08-09 08:06:08,193] {dag.py:2396} INFO - Sync 1 DAGs
[2022-08-09 08:06:08,210] {logging_mixin.py:109} INFO - [2022-08-09 08:06:08,210] {dag.py:2935} INFO - Setting next_dagrun for example_kubernetes_executor to None
[2022-08-09 08:06:08,220] {processor.py:171} INFO - Processing /home/airflow/.local/lib/python3.7/site-packages/airflow/example_dags/example_kubernetes_executor.py took 0.105 seconds
[2022-08-09 08:06:38,817] {processor.py:163} INFO - Started process (PID=323) to work on /home/airflow/.local/lib/python3.7/site-packages/airflow/example_dags/example_kubernetes_executor.py
[2022-08-09 08:06:38,819] {processor.py:642} INFO - Processing file /home/airflow/.local/lib/python3.7/site-packages/airflow/example_dags/example_kubernetes_executor.py for tasks to queue
[2022-08-09 08:06:38,821] {logging_mixin.py:109} INFO - [2022-08-09 08:06:38,821] {dagbag.py:500} INFO - Filling up the DagBag from /home/airflow/.local/lib/python3.7/site-packages/airflow/example_dags/example_kubernetes_executor.py
[2022-08-09 08:06:38,865] {processor.py:654} INFO - DAG(s) dict_keys(['example_kubernetes_executor']) retrieved from /home/airflow/.local/lib/python3.7/site-packages/airflow/example_dags/example_kubernetes_executor.py
[2022-08-09 08:06:38,884] {logging_mixin.py:109} INFO - [2022-08-09 08:06:38,883] {dag.py:2396} INFO - Sync 1 DAGs
[2022-08-09 08:06:38,902] {logging_mixin.py:109} INFO - [2022-08-09 08:06:38,902] {dag.py:2935} INFO - Setting next_dagrun for example_kubernetes_executor to None
[2022-08-09 08:06:38,913] {processor.py:171} INFO - Processing /home/airflow/.local/lib/python3.7/site-packages/airflow/example_dags/example_kubernetes_executor.py took 0.100 seconds
[2022-08-09 08:07:10,135] {processor.py:163} INFO - Started process (PID=394) to work on /home/airflow/.local/lib/python3.7/site-packages/airflow/example_dags/example_kubernetes_executor.py
[2022-08-09 08:07:10,138] {processor.py:642} INFO - Processing file /home/airflow/.local/lib/python3.7/site-packages/airflow/example_dags/example_kubernetes_executor.py for tasks to queue
[2022-08-09 08:07:10,141] {logging_mixin.py:109} INFO - [2022-08-09 08:07:10,141] {dagbag.py:500} INFO - Filling up the DagBag from /home/airflow/.local/lib/python3.7/site-packages/airflow/example_dags/example_kubernetes_executor.py
[2022-08-09 08:07:10,202] {processor.py:654} INFO - DAG(s) dict_keys(['example_kubernetes_executor']) retrieved from /home/airflow/.local/lib/python3.7/site-packages/airflow/example_dags/example_kubernetes_executor.py
[2022-08-09 08:07:10,221] {logging_mixin.py:109} INFO - [2022-08-09 08:07:10,221] {dag.py:2396} INFO - Sync 1 DAGs
[2022-08-09 08:07:10,244] {logging_mixin.py:109} INFO - [2022-08-09 08:07:10,244] {dag.py:2935} INFO - Setting next_dagrun for example_kubernetes_executor to None
[2022-08-09 08:07:10,260] {processor.py:171} INFO - Processing /home/airflow/.local/lib/python3.7/site-packages/airflow/example_dags/example_kubernetes_executor.py took 0.133 seconds
[2022-08-09 08:07:40,663] {processor.py:163} INFO - Started process (PID=454) to work on /home/airflow/.local/lib/python3.7/site-packages/airflow/example_dags/example_kubernetes_executor.py
[2022-08-09 08:07:40,666] {processor.py:642} INFO - Processing file /home/airflow/.local/lib/python3.7/site-packages/airflow/example_dags/example_kubernetes_executor.py for tasks to queue
[2022-08-09 08:07:40,667] {logging_mixin.py:109} INFO - [2022-08-09 08:07:40,667] {dagbag.py:500} INFO - Filling up the DagBag from /home/airflow/.local/lib/python3.7/site-packages/airflow/example_dags/example_kubernetes_executor.py
[2022-08-09 08:07:40,709] {processor.py:654} INFO - DAG(s) dict_keys(['example_kubernetes_executor']) retrieved from /home/airflow/.local/lib/python3.7/site-packages/airflow/example_dags/example_kubernetes_executor.py
[2022-08-09 08:07:40,725] {logging_mixin.py:109} INFO - [2022-08-09 08:07:40,724] {dag.py:2396} INFO - Sync 1 DAGs
[2022-08-09 08:07:40,741] {logging_mixin.py:109} INFO - [2022-08-09 08:07:40,741] {dag.py:2935} INFO - Setting next_dagrun for example_kubernetes_executor to None
[2022-08-09 08:07:40,751] {processor.py:171} INFO - Processing /home/airflow/.local/lib/python3.7/site-packages/airflow/example_dags/example_kubernetes_executor.py took 0.091 seconds
[2022-08-09 08:08:10,945] {processor.py:163} INFO - Started process (PID=521) to work on /home/airflow/.local/lib/python3.7/site-packages/airflow/example_dags/example_kubernetes_executor.py
[2022-08-09 08:08:10,947] {processor.py:642} INFO - Processing file /home/airflow/.local/lib/python3.7/site-packages/airflow/example_dags/example_kubernetes_executor.py for tasks to queue
[2022-08-09 08:08:10,948] {logging_mixin.py:109} INFO - [2022-08-09 08:08:10,948] {dagbag.py:500} INFO - Filling up the DagBag from /home/airflow/.local/lib/python3.7/site-packages/airflow/example_dags/example_kubernetes_executor.py
[2022-08-09 08:08:10,989] {processor.py:654} INFO - DAG(s) dict_keys(['example_kubernetes_executor']) retrieved from /home/airflow/.local/lib/python3.7/site-packages/airflow/example_dags/example_kubernetes_executor.py
[2022-08-09 08:08:11,004] {logging_mixin.py:109} INFO - [2022-08-09 08:08:11,003] {dag.py:2396} INFO - Sync 1 DAGs
[2022-08-09 08:08:11,021] {logging_mixin.py:109} INFO - [2022-08-09 08:08:11,020] {dag.py:2935} INFO - Setting next_dagrun for example_kubernetes_executor to None
[2022-08-09 08:08:11,034] {processor.py:171} INFO - Processing /home/airflow/.local/lib/python3.7/site-packages/airflow/example_dags/example_kubernetes_executor.py took 0.093 seconds
[2022-08-09 08:08:41,799] {processor.py:163} INFO - Started process (PID=581) to work on /home/airflow/.local/lib/python3.7/site-packages/airflow/example_dags/example_kubernetes_executor.py
[2022-08-09 08:08:41,801] {processor.py:642} INFO - Processing file /home/airflow/.local/lib/python3.7/site-packages/airflow/example_dags/example_kubernetes_executor.py for tasks to queue
[2022-08-09 08:08:41,803] {logging_mixin.py:109} INFO - [2022-08-09 08:08:41,803] {dagbag.py:500} INFO - Filling up the DagBag from /home/airflow/.local/lib/python3.7/site-packages/airflow/example_dags/example_kubernetes_executor.py
[2022-08-09 08:08:41,842] {processor.py:654} INFO - DAG(s) dict_keys(['example_kubernetes_executor']) retrieved from /home/airflow/.local/lib/python3.7/site-packages/airflow/example_dags/example_kubernetes_executor.py
[2022-08-09 08:08:41,861] {logging_mixin.py:109} INFO - [2022-08-09 08:08:41,861] {dag.py:2396} INFO - Sync 1 DAGs
[2022-08-09 08:08:41,879] {logging_mixin.py:109} INFO - [2022-08-09 08:08:41,879] {dag.py:2935} INFO - Setting next_dagrun for example_kubernetes_executor to None
[2022-08-09 08:08:41,891] {processor.py:171} INFO - Processing /home/airflow/.local/lib/python3.7/site-packages/airflow/example_dags/example_kubernetes_executor.py took 0.095 seconds
[2022-08-09 08:09:12,805] {processor.py:163} INFO - Started process (PID=652) to work on /home/airflow/.local/lib/python3.7/site-packages/airflow/example_dags/example_kubernetes_executor.py
[2022-08-09 08:09:12,808] {processor.py:642} INFO - Processing file /home/airflow/.local/lib/python3.7/site-packages/airflow/example_dags/example_kubernetes_executor.py for tasks to queue
[2022-08-09 08:09:12,810] {logging_mixin.py:109} INFO - [2022-08-09 08:09:12,810] {dagbag.py:500} INFO - Filling up the DagBag from /home/airflow/.local/lib/python3.7/site-packages/airflow/example_dags/example_kubernetes_executor.py
[2022-08-09 08:09:12,861] {processor.py:654} INFO - DAG(s) dict_keys(['example_kubernetes_executor']) retrieved from /home/airflow/.local/lib/python3.7/site-packages/airflow/example_dags/example_kubernetes_executor.py
[2022-08-09 08:09:12,880] {logging_mixin.py:109} INFO - [2022-08-09 08:09:12,878] {dag.py:2396} INFO - Sync 1 DAGs
[2022-08-09 08:09:12,901] {logging_mixin.py:109} INFO - [2022-08-09 08:09:12,901] {dag.py:2935} INFO - Setting next_dagrun for example_kubernetes_executor to None
[2022-08-09 08:09:12,915] {processor.py:171} INFO - Processing /home/airflow/.local/lib/python3.7/site-packages/airflow/example_dags/example_kubernetes_executor.py took 0.113 seconds
[2022-08-09 08:09:43,926] {processor.py:163} INFO - Started process (PID=713) to work on /home/airflow/.local/lib/python3.7/site-packages/airflow/example_dags/example_kubernetes_executor.py
[2022-08-09 08:09:43,929] {processor.py:642} INFO - Processing file /home/airflow/.local/lib/python3.7/site-packages/airflow/example_dags/example_kubernetes_executor.py for tasks to queue
[2022-08-09 08:09:43,930] {logging_mixin.py:109} INFO - [2022-08-09 08:09:43,930] {dagbag.py:500} INFO - Filling up the DagBag from /home/airflow/.local/lib/python3.7/site-packages/airflow/example_dags/example_kubernetes_executor.py
[2022-08-09 08:09:43,968] {processor.py:654} INFO - DAG(s) dict_keys(['example_kubernetes_executor']) retrieved from /home/airflow/.local/lib/python3.7/site-packages/airflow/example_dags/example_kubernetes_executor.py
[2022-08-09 08:09:43,982] {logging_mixin.py:109} INFO - [2022-08-09 08:09:43,981] {dag.py:2396} INFO - Sync 1 DAGs
[2022-08-09 08:09:43,999] {logging_mixin.py:109} INFO - [2022-08-09 08:09:43,999] {dag.py:2935} INFO - Setting next_dagrun for example_kubernetes_executor to None
[2022-08-09 08:09:44,010] {processor.py:171} INFO - Processing /home/airflow/.local/lib/python3.7/site-packages/airflow/example_dags/example_kubernetes_executor.py took 0.087 seconds
[2022-08-09 08:10:14,392] {processor.py:163} INFO - Started process (PID=783) to work on /home/airflow/.local/lib/python3.7/site-packages/airflow/example_dags/example_kubernetes_executor.py
[2022-08-09 08:10:14,395] {processor.py:642} INFO - Processing file /home/airflow/.local/lib/python3.7/site-packages/airflow/example_dags/example_kubernetes_executor.py for tasks to queue
[2022-08-09 08:10:14,397] {logging_mixin.py:109} INFO - [2022-08-09 08:10:14,397] {dagbag.py:500} INFO - Filling up the DagBag from /home/airflow/.local/lib/python3.7/site-packages/airflow/example_dags/example_kubernetes_executor.py
[2022-08-09 08:10:14,438] {processor.py:654} INFO - DAG(s) dict_keys(['example_kubernetes_executor']) retrieved from /home/airflow/.local/lib/python3.7/site-packages/airflow/example_dags/example_kubernetes_executor.py
[2022-08-09 08:10:14,454] {logging_mixin.py:109} INFO - [2022-08-09 08:10:14,454] {dag.py:2396} INFO - Sync 1 DAGs
[2022-08-09 08:10:14,478] {logging_mixin.py:109} INFO - [2022-08-09 08:10:14,478] {dag.py:2935} INFO - Setting next_dagrun for example_kubernetes_executor to None
[2022-08-09 08:10:14,493] {processor.py:171} INFO - Processing /home/airflow/.local/lib/python3.7/site-packages/airflow/example_dags/example_kubernetes_executor.py took 0.106 seconds
[2022-08-09 08:10:44,937] {processor.py:163} INFO - Started process (PID=844) to work on /home/airflow/.local/lib/python3.7/site-packages/airflow/example_dags/example_kubernetes_executor.py
[2022-08-09 08:10:44,952] {processor.py:642} INFO - Processing file /home/airflow/.local/lib/python3.7/site-packages/airflow/example_dags/example_kubernetes_executor.py for tasks to queue
[2022-08-09 08:10:44,958] {logging_mixin.py:109} INFO - [2022-08-09 08:10:44,958] {dagbag.py:500} INFO - Filling up the DagBag from /home/airflow/.local/lib/python3.7/site-packages/airflow/example_dags/example_kubernetes_executor.py
[2022-08-09 08:10:45,094] {processor.py:654} INFO - DAG(s) dict_keys(['example_kubernetes_executor']) retrieved from /home/airflow/.local/lib/python3.7/site-packages/airflow/example_dags/example_kubernetes_executor.py
[2022-08-09 08:10:45,138] {logging_mixin.py:109} INFO - [2022-08-09 08:10:45,137] {dag.py:2396} INFO - Sync 1 DAGs
[2022-08-09 08:10:45,186] {logging_mixin.py:109} INFO - [2022-08-09 08:10:45,186] {dag.py:2935} INFO - Setting next_dagrun for example_kubernetes_executor to None
[2022-08-09 08:10:45,209] {processor.py:171} INFO - Processing /home/airflow/.local/lib/python3.7/site-packages/airflow/example_dags/example_kubernetes_executor.py took 0.284 seconds
[2022-08-09 08:11:15,296] {processor.py:163} INFO - Started process (PID=905) to work on /home/airflow/.local/lib/python3.7/site-packages/airflow/example_dags/example_kubernetes_executor.py
[2022-08-09 08:11:15,298] {processor.py:642} INFO - Processing file /home/airflow/.local/lib/python3.7/site-packages/airflow/example_dags/example_kubernetes_executor.py for tasks to queue
[2022-08-09 08:11:15,299] {logging_mixin.py:109} INFO - [2022-08-09 08:11:15,299] {dagbag.py:500} INFO - Filling up the DagBag from /home/airflow/.local/lib/python3.7/site-packages/airflow/example_dags/example_kubernetes_executor.py
[2022-08-09 08:11:15,336] {processor.py:654} INFO - DAG(s) dict_keys(['example_kubernetes_executor']) retrieved from /home/airflow/.local/lib/python3.7/site-packages/airflow/example_dags/example_kubernetes_executor.py
[2022-08-09 08:11:15,350] {logging_mixin.py:109} INFO - [2022-08-09 08:11:15,350] {dag.py:2396} INFO - Sync 1 DAGs
[2022-08-09 08:11:15,367] {logging_mixin.py:109} INFO - [2022-08-09 08:11:15,367] {dag.py:2935} INFO - Setting next_dagrun for example_kubernetes_executor to None
[2022-08-09 08:11:15,380] {processor.py:171} INFO - Processing /home/airflow/.local/lib/python3.7/site-packages/airflow/example_dags/example_kubernetes_executor.py took 0.088 seconds
[2022-08-09 08:11:45,908] {processor.py:163} INFO - Started process (PID=974) to work on /home/airflow/.local/lib/python3.7/site-packages/airflow/example_dags/example_kubernetes_executor.py
[2022-08-09 08:11:45,910] {processor.py:642} INFO - Processing file /home/airflow/.local/lib/python3.7/site-packages/airflow/example_dags/example_kubernetes_executor.py for tasks to queue
[2022-08-09 08:11:45,913] {logging_mixin.py:109} INFO - [2022-08-09 08:11:45,913] {dagbag.py:500} INFO - Filling up the DagBag from /home/airflow/.local/lib/python3.7/site-packages/airflow/example_dags/example_kubernetes_executor.py
[2022-08-09 08:11:45,966] {processor.py:654} INFO - DAG(s) dict_keys(['example_kubernetes_executor']) retrieved from /home/airflow/.local/lib/python3.7/site-packages/airflow/example_dags/example_kubernetes_executor.py
[2022-08-09 08:11:45,982] {logging_mixin.py:109} INFO - [2022-08-09 08:11:45,981] {dag.py:2396} INFO - Sync 1 DAGs
[2022-08-09 08:11:46,004] {logging_mixin.py:109} INFO - [2022-08-09 08:11:46,003] {dag.py:2935} INFO - Setting next_dagrun for example_kubernetes_executor to None
[2022-08-09 08:11:46,025] {processor.py:171} INFO - Processing /home/airflow/.local/lib/python3.7/site-packages/airflow/example_dags/example_kubernetes_executor.py took 0.121 seconds
[2022-08-09 08:12:16,571] {processor.py:163} INFO - Started process (PID=1034) to work on /home/airflow/.local/lib/python3.7/site-packages/airflow/example_dags/example_kubernetes_executor.py
[2022-08-09 08:12:16,573] {processor.py:642} INFO - Processing file /home/airflow/.local/lib/python3.7/site-packages/airflow/example_dags/example_kubernetes_executor.py for tasks to queue
[2022-08-09 08:12:16,574] {logging_mixin.py:109} INFO - [2022-08-09 08:12:16,574] {dagbag.py:500} INFO - Filling up the DagBag from /home/airflow/.local/lib/python3.7/site-packages/airflow/example_dags/example_kubernetes_executor.py
[2022-08-09 08:12:16,611] {processor.py:654} INFO - DAG(s) dict_keys(['example_kubernetes_executor']) retrieved from /home/airflow/.local/lib/python3.7/site-packages/airflow/example_dags/example_kubernetes_executor.py
[2022-08-09 08:12:16,628] {logging_mixin.py:109} INFO - [2022-08-09 08:12:16,628] {dag.py:2396} INFO - Sync 1 DAGs
[2022-08-09 08:12:16,646] {logging_mixin.py:109} INFO - [2022-08-09 08:12:16,646] {dag.py:2935} INFO - Setting next_dagrun for example_kubernetes_executor to None
[2022-08-09 08:12:16,660] {processor.py:171} INFO - Processing /home/airflow/.local/lib/python3.7/site-packages/airflow/example_dags/example_kubernetes_executor.py took 0.093 seconds
[2022-08-09 08:12:47,386] {processor.py:163} INFO - Started process (PID=1104) to work on /home/airflow/.local/lib/python3.7/site-packages/airflow/example_dags/example_kubernetes_executor.py
[2022-08-09 08:12:47,388] {processor.py:642} INFO - Processing file /home/airflow/.local/lib/python3.7/site-packages/airflow/example_dags/example_kubernetes_executor.py for tasks to queue
[2022-08-09 08:12:47,389] {logging_mixin.py:109} INFO - [2022-08-09 08:12:47,389] {dagbag.py:500} INFO - Filling up the DagBag from /home/airflow/.local/lib/python3.7/site-packages/airflow/example_dags/example_kubernetes_executor.py
[2022-08-09 08:12:47,431] {processor.py:654} INFO - DAG(s) dict_keys(['example_kubernetes_executor']) retrieved from /home/airflow/.local/lib/python3.7/site-packages/airflow/example_dags/example_kubernetes_executor.py
[2022-08-09 08:12:47,443] {logging_mixin.py:109} INFO - [2022-08-09 08:12:47,443] {dag.py:2396} INFO - Sync 1 DAGs
[2022-08-09 08:12:47,459] {logging_mixin.py:109} INFO - [2022-08-09 08:12:47,459] {dag.py:2935} INFO - Setting next_dagrun for example_kubernetes_executor to None
[2022-08-09 08:12:47,469] {processor.py:171} INFO - Processing /home/airflow/.local/lib/python3.7/site-packages/airflow/example_dags/example_kubernetes_executor.py took 0.087 seconds
[2022-08-09 08:13:17,956] {processor.py:163} INFO - Started process (PID=1164) to work on /home/airflow/.local/lib/python3.7/site-packages/airflow/example_dags/example_kubernetes_executor.py
[2022-08-09 08:13:17,958] {processor.py:642} INFO - Processing file /home/airflow/.local/lib/python3.7/site-packages/airflow/example_dags/example_kubernetes_executor.py for tasks to queue
[2022-08-09 08:13:17,960] {logging_mixin.py:109} INFO - [2022-08-09 08:13:17,960] {dagbag.py:500} INFO - Filling up the DagBag from /home/airflow/.local/lib/python3.7/site-packages/airflow/example_dags/example_kubernetes_executor.py
[2022-08-09 08:13:17,994] {processor.py:654} INFO - DAG(s) dict_keys(['example_kubernetes_executor']) retrieved from /home/airflow/.local/lib/python3.7/site-packages/airflow/example_dags/example_kubernetes_executor.py
[2022-08-09 08:13:18,008] {logging_mixin.py:109} INFO - [2022-08-09 08:13:18,008] {dag.py:2396} INFO - Sync 1 DAGs
[2022-08-09 08:13:18,024] {logging_mixin.py:109} INFO - [2022-08-09 08:13:18,024] {dag.py:2935} INFO - Setting next_dagrun for example_kubernetes_executor to None
[2022-08-09 08:13:18,034] {processor.py:171} INFO - Processing /home/airflow/.local/lib/python3.7/site-packages/airflow/example_dags/example_kubernetes_executor.py took 0.081 seconds
[2022-08-09 08:13:48,781] {processor.py:163} INFO - Started process (PID=1235) to work on /home/airflow/.local/lib/python3.7/site-packages/airflow/example_dags/example_kubernetes_executor.py
[2022-08-09 08:13:48,783] {processor.py:642} INFO - Processing file /home/airflow/.local/lib/python3.7/site-packages/airflow/example_dags/example_kubernetes_executor.py for tasks to queue
[2022-08-09 08:13:48,784] {logging_mixin.py:109} INFO - [2022-08-09 08:13:48,784] {dagbag.py:500} INFO - Filling up the DagBag from /home/airflow/.local/lib/python3.7/site-packages/airflow/example_dags/example_kubernetes_executor.py
[2022-08-09 08:13:48,822] {processor.py:654} INFO - DAG(s) dict_keys(['example_kubernetes_executor']) retrieved from /home/airflow/.local/lib/python3.7/site-packages/airflow/example_dags/example_kubernetes_executor.py
[2022-08-09 08:13:48,835] {logging_mixin.py:109} INFO - [2022-08-09 08:13:48,835] {dag.py:2396} INFO - Sync 1 DAGs
[2022-08-09 08:13:48,851] {logging_mixin.py:109} INFO - [2022-08-09 08:13:48,851] {dag.py:2935} INFO - Setting next_dagrun for example_kubernetes_executor to None
[2022-08-09 08:13:48,861] {processor.py:171} INFO - Processing /home/airflow/.local/lib/python3.7/site-packages/airflow/example_dags/example_kubernetes_executor.py took 0.087 seconds
[2022-08-09 08:14:19,594] {processor.py:163} INFO - Started process (PID=1295) to work on /home/airflow/.local/lib/python3.7/site-packages/airflow/example_dags/example_kubernetes_executor.py
[2022-08-09 08:14:19,597] {processor.py:642} INFO - Processing file /home/airflow/.local/lib/python3.7/site-packages/airflow/example_dags/example_kubernetes_executor.py for tasks to queue
[2022-08-09 08:14:19,598] {logging_mixin.py:109} INFO - [2022-08-09 08:14:19,598] {dagbag.py:500} INFO - Filling up the DagBag from /home/airflow/.local/lib/python3.7/site-packages/airflow/example_dags/example_kubernetes_executor.py
[2022-08-09 08:14:19,639] {processor.py:654} INFO - DAG(s) dict_keys(['example_kubernetes_executor']) retrieved from /home/airflow/.local/lib/python3.7/site-packages/airflow/example_dags/example_kubernetes_executor.py
[2022-08-09 08:14:19,654] {logging_mixin.py:109} INFO - [2022-08-09 08:14:19,654] {dag.py:2396} INFO - Sync 1 DAGs
[2022-08-09 08:14:19,671] {logging_mixin.py:109} INFO - [2022-08-09 08:14:19,671] {dag.py:2935} INFO - Setting next_dagrun for example_kubernetes_executor to None
[2022-08-09 08:14:19,683] {processor.py:171} INFO - Processing /home/airflow/.local/lib/python3.7/site-packages/airflow/example_dags/example_kubernetes_executor.py took 0.093 seconds
[2022-08-09 08:14:50,525] {processor.py:163} INFO - Started process (PID=1364) to work on /home/airflow/.local/lib/python3.7/site-packages/airflow/example_dags/example_kubernetes_executor.py
[2022-08-09 08:14:50,528] {processor.py:642} INFO - Processing file /home/airflow/.local/lib/python3.7/site-packages/airflow/example_dags/example_kubernetes_executor.py for tasks to queue
[2022-08-09 08:14:50,529] {logging_mixin.py:109} INFO - [2022-08-09 08:14:50,529] {dagbag.py:500} INFO - Filling up the DagBag from /home/airflow/.local/lib/python3.7/site-packages/airflow/example_dags/example_kubernetes_executor.py
[2022-08-09 08:14:50,567] {processor.py:654} INFO - DAG(s) dict_keys(['example_kubernetes_executor']) retrieved from /home/airflow/.local/lib/python3.7/site-packages/airflow/example_dags/example_kubernetes_executor.py
[2022-08-09 08:14:50,581] {logging_mixin.py:109} INFO - [2022-08-09 08:14:50,581] {dag.py:2396} INFO - Sync 1 DAGs
[2022-08-09 08:14:50,599] {logging_mixin.py:109} INFO - [2022-08-09 08:14:50,599] {dag.py:2935} INFO - Setting next_dagrun for example_kubernetes_executor to None
[2022-08-09 08:14:50,611] {processor.py:171} INFO - Processing /home/airflow/.local/lib/python3.7/site-packages/airflow/example_dags/example_kubernetes_executor.py took 0.089 seconds
[2022-08-09 08:15:21,335] {processor.py:163} INFO - Started process (PID=1424) to work on /home/airflow/.local/lib/python3.7/site-packages/airflow/example_dags/example_kubernetes_executor.py
[2022-08-09 08:15:21,337] {processor.py:642} INFO - Processing file /home/airflow/.local/lib/python3.7/site-packages/airflow/example_dags/example_kubernetes_executor.py for tasks to queue
[2022-08-09 08:15:21,338] {logging_mixin.py:109} INFO - [2022-08-09 08:15:21,338] {dagbag.py:500} INFO - Filling up the DagBag from /home/airflow/.local/lib/python3.7/site-packages/airflow/example_dags/example_kubernetes_executor.py
[2022-08-09 08:15:21,374] {processor.py:654} INFO - DAG(s) dict_keys(['example_kubernetes_executor']) retrieved from /home/airflow/.local/lib/python3.7/site-packages/airflow/example_dags/example_kubernetes_executor.py
[2022-08-09 08:15:21,387] {logging_mixin.py:109} INFO - [2022-08-09 08:15:21,387] {dag.py:2396} INFO - Sync 1 DAGs
[2022-08-09 08:15:21,405] {logging_mixin.py:109} INFO - [2022-08-09 08:15:21,405] {dag.py:2935} INFO - Setting next_dagrun for example_kubernetes_executor to None
[2022-08-09 08:15:21,418] {processor.py:171} INFO - Processing /home/airflow/.local/lib/python3.7/site-packages/airflow/example_dags/example_kubernetes_executor.py took 0.087 seconds
[2022-08-09 08:15:51,615] {processor.py:163} INFO - Started process (PID=1495) to work on /home/airflow/.local/lib/python3.7/site-packages/airflow/example_dags/example_kubernetes_executor.py
[2022-08-09 08:15:51,617] {processor.py:642} INFO - Processing file /home/airflow/.local/lib/python3.7/site-packages/airflow/example_dags/example_kubernetes_executor.py for tasks to queue
[2022-08-09 08:15:51,619] {logging_mixin.py:109} INFO - [2022-08-09 08:15:51,619] {dagbag.py:500} INFO - Filling up the DagBag from /home/airflow/.local/lib/python3.7/site-packages/airflow/example_dags/example_kubernetes_executor.py
[2022-08-09 08:15:51,659] {processor.py:654} INFO - DAG(s) dict_keys(['example_kubernetes_executor']) retrieved from /home/airflow/.local/lib/python3.7/site-packages/airflow/example_dags/example_kubernetes_executor.py
[2022-08-09 08:15:51,673] {logging_mixin.py:109} INFO - [2022-08-09 08:15:51,673] {dag.py:2396} INFO - Sync 1 DAGs
[2022-08-09 08:15:51,690] {logging_mixin.py:109} INFO - [2022-08-09 08:15:51,689] {dag.py:2935} INFO - Setting next_dagrun for example_kubernetes_executor to None
[2022-08-09 08:15:51,701] {processor.py:171} INFO - Processing /home/airflow/.local/lib/python3.7/site-packages/airflow/example_dags/example_kubernetes_executor.py took 0.089 seconds
[2022-08-09 08:16:22,005] {processor.py:163} INFO - Started process (PID=1554) to work on /home/airflow/.local/lib/python3.7/site-packages/airflow/example_dags/example_kubernetes_executor.py
[2022-08-09 08:16:22,007] {processor.py:642} INFO - Processing file /home/airflow/.local/lib/python3.7/site-packages/airflow/example_dags/example_kubernetes_executor.py for tasks to queue
[2022-08-09 08:16:22,008] {logging_mixin.py:109} INFO - [2022-08-09 08:16:22,008] {dagbag.py:500} INFO - Filling up the DagBag from /home/airflow/.local/lib/python3.7/site-packages/airflow/example_dags/example_kubernetes_executor.py
[2022-08-09 08:16:22,049] {processor.py:654} INFO - DAG(s) dict_keys(['example_kubernetes_executor']) retrieved from /home/airflow/.local/lib/python3.7/site-packages/airflow/example_dags/example_kubernetes_executor.py
[2022-08-09 08:16:22,065] {logging_mixin.py:109} INFO - [2022-08-09 08:16:22,065] {dag.py:2396} INFO - Sync 1 DAGs
[2022-08-09 08:16:22,084] {logging_mixin.py:109} INFO - [2022-08-09 08:16:22,083] {dag.py:2935} INFO - Setting next_dagrun for example_kubernetes_executor to None
[2022-08-09 08:16:22,097] {processor.py:171} INFO - Processing /home/airflow/.local/lib/python3.7/site-packages/airflow/example_dags/example_kubernetes_executor.py took 0.097 seconds
[2022-08-09 08:16:52,201] {processor.py:163} INFO - Started process (PID=1622) to work on /home/airflow/.local/lib/python3.7/site-packages/airflow/example_dags/example_kubernetes_executor.py
[2022-08-09 08:16:52,221] {processor.py:642} INFO - Processing file /home/airflow/.local/lib/python3.7/site-packages/airflow/example_dags/example_kubernetes_executor.py for tasks to queue
[2022-08-09 08:16:52,222] {logging_mixin.py:109} INFO - [2022-08-09 08:16:52,222] {dagbag.py:500} INFO - Filling up the DagBag from /home/airflow/.local/lib/python3.7/site-packages/airflow/example_dags/example_kubernetes_executor.py
[2022-08-09 08:16:52,269] {processor.py:654} INFO - DAG(s) dict_keys(['example_kubernetes_executor']) retrieved from /home/airflow/.local/lib/python3.7/site-packages/airflow/example_dags/example_kubernetes_executor.py
[2022-08-09 08:16:52,285] {logging_mixin.py:109} INFO - [2022-08-09 08:16:52,285] {dag.py:2396} INFO - Sync 1 DAGs
[2022-08-09 08:16:52,381] {logging_mixin.py:109} INFO - [2022-08-09 08:16:52,381] {dag.py:2935} INFO - Setting next_dagrun for example_kubernetes_executor to None
[2022-08-09 08:16:52,392] {processor.py:171} INFO - Processing /home/airflow/.local/lib/python3.7/site-packages/airflow/example_dags/example_kubernetes_executor.py took 0.197 seconds
[2022-08-09 08:17:22,679] {processor.py:163} INFO - Started process (PID=1682) to work on /home/airflow/.local/lib/python3.7/site-packages/airflow/example_dags/example_kubernetes_executor.py
[2022-08-09 08:17:22,681] {processor.py:642} INFO - Processing file /home/airflow/.local/lib/python3.7/site-packages/airflow/example_dags/example_kubernetes_executor.py for tasks to queue
[2022-08-09 08:17:22,682] {logging_mixin.py:109} INFO - [2022-08-09 08:17:22,682] {dagbag.py:500} INFO - Filling up the DagBag from /home/airflow/.local/lib/python3.7/site-packages/airflow/example_dags/example_kubernetes_executor.py
[2022-08-09 08:17:22,718] {processor.py:654} INFO - DAG(s) dict_keys(['example_kubernetes_executor']) retrieved from /home/airflow/.local/lib/python3.7/site-packages/airflow/example_dags/example_kubernetes_executor.py
[2022-08-09 08:17:22,731] {logging_mixin.py:109} INFO - [2022-08-09 08:17:22,731] {dag.py:2396} INFO - Sync 1 DAGs
[2022-08-09 08:17:22,828] {logging_mixin.py:109} INFO - [2022-08-09 08:17:22,828] {dag.py:2935} INFO - Setting next_dagrun for example_kubernetes_executor to None
[2022-08-09 08:17:22,839] {processor.py:171} INFO - Processing /home/airflow/.local/lib/python3.7/site-packages/airflow/example_dags/example_kubernetes_executor.py took 0.164 seconds
[2022-08-09 08:17:53,257] {processor.py:163} INFO - Started process (PID=1751) to work on /home/airflow/.local/lib/python3.7/site-packages/airflow/example_dags/example_kubernetes_executor.py
[2022-08-09 08:17:53,260] {processor.py:642} INFO - Processing file /home/airflow/.local/lib/python3.7/site-packages/airflow/example_dags/example_kubernetes_executor.py for tasks to queue
[2022-08-09 08:17:53,262] {logging_mixin.py:109} INFO - [2022-08-09 08:17:53,262] {dagbag.py:500} INFO - Filling up the DagBag from /home/airflow/.local/lib/python3.7/site-packages/airflow/example_dags/example_kubernetes_executor.py
[2022-08-09 08:17:53,315] {processor.py:654} INFO - DAG(s) dict_keys(['example_kubernetes_executor']) retrieved from /home/airflow/.local/lib/python3.7/site-packages/airflow/example_dags/example_kubernetes_executor.py
[2022-08-09 08:17:53,331] {logging_mixin.py:109} INFO - [2022-08-09 08:17:53,331] {dag.py:2396} INFO - Sync 1 DAGs
[2022-08-09 08:17:53,428] {logging_mixin.py:109} INFO - [2022-08-09 08:17:53,428] {dag.py:2935} INFO - Setting next_dagrun for example_kubernetes_executor to None
[2022-08-09 08:17:53,441] {processor.py:171} INFO - Processing /home/airflow/.local/lib/python3.7/site-packages/airflow/example_dags/example_kubernetes_executor.py took 0.187 seconds
[2022-08-09 08:18:24,447] {processor.py:163} INFO - Started process (PID=1812) to work on /home/airflow/.local/lib/python3.7/site-packages/airflow/example_dags/example_kubernetes_executor.py
[2022-08-09 08:18:24,450] {processor.py:642} INFO - Processing file /home/airflow/.local/lib/python3.7/site-packages/airflow/example_dags/example_kubernetes_executor.py for tasks to queue
[2022-08-09 08:18:24,451] {logging_mixin.py:109} INFO - [2022-08-09 08:18:24,451] {dagbag.py:500} INFO - Filling up the DagBag from /home/airflow/.local/lib/python3.7/site-packages/airflow/example_dags/example_kubernetes_executor.py
[2022-08-09 08:18:24,504] {processor.py:654} INFO - DAG(s) dict_keys(['example_kubernetes_executor']) retrieved from /home/airflow/.local/lib/python3.7/site-packages/airflow/example_dags/example_kubernetes_executor.py
[2022-08-09 08:18:24,528] {logging_mixin.py:109} INFO - [2022-08-09 08:18:24,528] {dag.py:2396} INFO - Sync 1 DAGs
[2022-08-09 08:18:24,635] {logging_mixin.py:109} INFO - [2022-08-09 08:18:24,635] {dag.py:2935} INFO - Setting next_dagrun for example_kubernetes_executor to None
[2022-08-09 08:18:24,648] {processor.py:171} INFO - Processing /home/airflow/.local/lib/python3.7/site-packages/airflow/example_dags/example_kubernetes_executor.py took 0.204 seconds
[2022-08-09 08:18:54,905] {processor.py:163} INFO - Started process (PID=1882) to work on /home/airflow/.local/lib/python3.7/site-packages/airflow/example_dags/example_kubernetes_executor.py
[2022-08-09 08:18:54,908] {processor.py:642} INFO - Processing file /home/airflow/.local/lib/python3.7/site-packages/airflow/example_dags/example_kubernetes_executor.py for tasks to queue
[2022-08-09 08:18:54,911] {logging_mixin.py:109} INFO - [2022-08-09 08:18:54,910] {dagbag.py:500} INFO - Filling up the DagBag from /home/airflow/.local/lib/python3.7/site-packages/airflow/example_dags/example_kubernetes_executor.py
[2022-08-09 08:18:54,958] {processor.py:654} INFO - DAG(s) dict_keys(['example_kubernetes_executor']) retrieved from /home/airflow/.local/lib/python3.7/site-packages/airflow/example_dags/example_kubernetes_executor.py
[2022-08-09 08:18:54,976] {logging_mixin.py:109} INFO - [2022-08-09 08:18:54,976] {dag.py:2396} INFO - Sync 1 DAGs
[2022-08-09 08:18:55,093] {logging_mixin.py:109} INFO - [2022-08-09 08:18:55,093] {dag.py:2935} INFO - Setting next_dagrun for example_kubernetes_executor to None
[2022-08-09 08:18:55,103] {processor.py:171} INFO - Processing /home/airflow/.local/lib/python3.7/site-packages/airflow/example_dags/example_kubernetes_executor.py took 0.204 seconds
[2022-08-09 08:19:25,328] {processor.py:163} INFO - Started process (PID=1942) to work on /home/airflow/.local/lib/python3.7/site-packages/airflow/example_dags/example_kubernetes_executor.py
[2022-08-09 08:19:25,331] {processor.py:642} INFO - Processing file /home/airflow/.local/lib/python3.7/site-packages/airflow/example_dags/example_kubernetes_executor.py for tasks to queue
[2022-08-09 08:19:25,333] {logging_mixin.py:109} INFO - [2022-08-09 08:19:25,333] {dagbag.py:500} INFO - Filling up the DagBag from /home/airflow/.local/lib/python3.7/site-packages/airflow/example_dags/example_kubernetes_executor.py
[2022-08-09 08:19:25,403] {processor.py:654} INFO - DAG(s) dict_keys(['example_kubernetes_executor']) retrieved from /home/airflow/.local/lib/python3.7/site-packages/airflow/example_dags/example_kubernetes_executor.py
[2022-08-09 08:19:25,503] {logging_mixin.py:109} INFO - [2022-08-09 08:19:25,503] {dag.py:2396} INFO - Sync 1 DAGs
[2022-08-09 08:19:25,518] {logging_mixin.py:109} INFO - [2022-08-09 08:19:25,518] {dag.py:2935} INFO - Setting next_dagrun for example_kubernetes_executor to None
[2022-08-09 08:19:25,531] {processor.py:171} INFO - Processing /home/airflow/.local/lib/python3.7/site-packages/airflow/example_dags/example_kubernetes_executor.py took 0.206 seconds
[2022-08-09 08:19:56,072] {processor.py:163} INFO - Started process (PID=2009) to work on /home/airflow/.local/lib/python3.7/site-packages/airflow/example_dags/example_kubernetes_executor.py
[2022-08-09 08:19:56,074] {processor.py:642} INFO - Processing file /home/airflow/.local/lib/python3.7/site-packages/airflow/example_dags/example_kubernetes_executor.py for tasks to queue
[2022-08-09 08:19:56,077] {logging_mixin.py:109} INFO - [2022-08-09 08:19:56,077] {dagbag.py:500} INFO - Filling up the DagBag from /home/airflow/.local/lib/python3.7/site-packages/airflow/example_dags/example_kubernetes_executor.py
[2022-08-09 08:19:56,210] {processor.py:654} INFO - DAG(s) dict_keys(['example_kubernetes_executor']) retrieved from /home/airflow/.local/lib/python3.7/site-packages/airflow/example_dags/example_kubernetes_executor.py
[2022-08-09 08:19:56,222] {logging_mixin.py:109} INFO - [2022-08-09 08:19:56,222] {dag.py:2396} INFO - Sync 1 DAGs
[2022-08-09 08:19:56,240] {logging_mixin.py:109} INFO - [2022-08-09 08:19:56,240] {dag.py:2935} INFO - Setting next_dagrun for example_kubernetes_executor to None
[2022-08-09 08:19:56,251] {processor.py:171} INFO - Processing /home/airflow/.local/lib/python3.7/site-packages/airflow/example_dags/example_kubernetes_executor.py took 0.183 seconds
[2022-08-09 08:20:26,805] {processor.py:163} INFO - Started process (PID=2071) to work on /home/airflow/.local/lib/python3.7/site-packages/airflow/example_dags/example_kubernetes_executor.py
[2022-08-09 08:20:26,807] {processor.py:642} INFO - Processing file /home/airflow/.local/lib/python3.7/site-packages/airflow/example_dags/example_kubernetes_executor.py for tasks to queue
[2022-08-09 08:20:26,809] {logging_mixin.py:109} INFO - [2022-08-09 08:20:26,809] {dagbag.py:500} INFO - Filling up the DagBag from /home/airflow/.local/lib/python3.7/site-packages/airflow/example_dags/example_kubernetes_executor.py
[2022-08-09 08:20:26,938] {processor.py:654} INFO - DAG(s) dict_keys(['example_kubernetes_executor']) retrieved from /home/airflow/.local/lib/python3.7/site-packages/airflow/example_dags/example_kubernetes_executor.py
[2022-08-09 08:20:26,950] {logging_mixin.py:109} INFO - [2022-08-09 08:20:26,950] {dag.py:2396} INFO - Sync 1 DAGs
[2022-08-09 08:20:26,963] {logging_mixin.py:109} INFO - [2022-08-09 08:20:26,963] {dag.py:2935} INFO - Setting next_dagrun for example_kubernetes_executor to None
[2022-08-09 08:20:26,975] {processor.py:171} INFO - Processing /home/airflow/.local/lib/python3.7/site-packages/airflow/example_dags/example_kubernetes_executor.py took 0.175 seconds
[2022-08-09 08:20:57,115] {processor.py:163} INFO - Started process (PID=2131) to work on /home/airflow/.local/lib/python3.7/site-packages/airflow/example_dags/example_kubernetes_executor.py
[2022-08-09 08:20:57,117] {processor.py:642} INFO - Processing file /home/airflow/.local/lib/python3.7/site-packages/airflow/example_dags/example_kubernetes_executor.py for tasks to queue
[2022-08-09 08:20:57,119] {logging_mixin.py:109} INFO - [2022-08-09 08:20:57,119] {dagbag.py:500} INFO - Filling up the DagBag from /home/airflow/.local/lib/python3.7/site-packages/airflow/example_dags/example_kubernetes_executor.py
[2022-08-09 08:20:57,258] {processor.py:654} INFO - DAG(s) dict_keys(['example_kubernetes_executor']) retrieved from /home/airflow/.local/lib/python3.7/site-packages/airflow/example_dags/example_kubernetes_executor.py
[2022-08-09 08:20:57,275] {logging_mixin.py:109} INFO - [2022-08-09 08:20:57,275] {dag.py:2396} INFO - Sync 1 DAGs
[2022-08-09 08:20:57,297] {logging_mixin.py:109} INFO - [2022-08-09 08:20:57,297] {dag.py:2935} INFO - Setting next_dagrun for example_kubernetes_executor to None
[2022-08-09 08:20:57,311] {processor.py:171} INFO - Processing /home/airflow/.local/lib/python3.7/site-packages/airflow/example_dags/example_kubernetes_executor.py took 0.200 seconds
[2022-08-09 08:21:27,996] {processor.py:163} INFO - Started process (PID=2202) to work on /home/airflow/.local/lib/python3.7/site-packages/airflow/example_dags/example_kubernetes_executor.py
[2022-08-09 08:21:27,999] {processor.py:642} INFO - Processing file /home/airflow/.local/lib/python3.7/site-packages/airflow/example_dags/example_kubernetes_executor.py for tasks to queue
[2022-08-09 08:21:28,001] {logging_mixin.py:109} INFO - [2022-08-09 08:21:28,000] {dagbag.py:500} INFO - Filling up the DagBag from /home/airflow/.local/lib/python3.7/site-packages/airflow/example_dags/example_kubernetes_executor.py
[2022-08-09 08:21:28,145] {processor.py:654} INFO - DAG(s) dict_keys(['example_kubernetes_executor']) retrieved from /home/airflow/.local/lib/python3.7/site-packages/airflow/example_dags/example_kubernetes_executor.py
[2022-08-09 08:21:28,157] {logging_mixin.py:109} INFO - [2022-08-09 08:21:28,157] {dag.py:2396} INFO - Sync 1 DAGs
[2022-08-09 08:21:28,172] {logging_mixin.py:109} INFO - [2022-08-09 08:21:28,172] {dag.py:2935} INFO - Setting next_dagrun for example_kubernetes_executor to None
[2022-08-09 08:21:28,190] {processor.py:171} INFO - Processing /home/airflow/.local/lib/python3.7/site-packages/airflow/example_dags/example_kubernetes_executor.py took 0.197 seconds
[2022-08-09 08:21:58,519] {processor.py:163} INFO - Started process (PID=2262) to work on /home/airflow/.local/lib/python3.7/site-packages/airflow/example_dags/example_kubernetes_executor.py
[2022-08-09 08:21:58,522] {processor.py:642} INFO - Processing file /home/airflow/.local/lib/python3.7/site-packages/airflow/example_dags/example_kubernetes_executor.py for tasks to queue
[2022-08-09 08:21:58,523] {logging_mixin.py:109} INFO - [2022-08-09 08:21:58,523] {dagbag.py:500} INFO - Filling up the DagBag from /home/airflow/.local/lib/python3.7/site-packages/airflow/example_dags/example_kubernetes_executor.py
[2022-08-09 08:21:58,653] {processor.py:654} INFO - DAG(s) dict_keys(['example_kubernetes_executor']) retrieved from /home/airflow/.local/lib/python3.7/site-packages/airflow/example_dags/example_kubernetes_executor.py
[2022-08-09 08:21:58,664] {logging_mixin.py:109} INFO - [2022-08-09 08:21:58,664] {dag.py:2396} INFO - Sync 1 DAGs
[2022-08-09 08:21:58,680] {logging_mixin.py:109} INFO - [2022-08-09 08:21:58,680] {dag.py:2935} INFO - Setting next_dagrun for example_kubernetes_executor to None
[2022-08-09 08:21:58,694] {processor.py:171} INFO - Processing /home/airflow/.local/lib/python3.7/site-packages/airflow/example_dags/example_kubernetes_executor.py took 0.178 seconds
[2022-08-09 08:22:29,187] {processor.py:163} INFO - Started process (PID=2330) to work on /home/airflow/.local/lib/python3.7/site-packages/airflow/example_dags/example_kubernetes_executor.py
[2022-08-09 08:22:29,189] {processor.py:642} INFO - Processing file /home/airflow/.local/lib/python3.7/site-packages/airflow/example_dags/example_kubernetes_executor.py for tasks to queue
[2022-08-09 08:22:29,191] {logging_mixin.py:109} INFO - [2022-08-09 08:22:29,190] {dagbag.py:500} INFO - Filling up the DagBag from /home/airflow/.local/lib/python3.7/site-packages/airflow/example_dags/example_kubernetes_executor.py
[2022-08-09 08:22:29,321] {processor.py:654} INFO - DAG(s) dict_keys(['example_kubernetes_executor']) retrieved from /home/airflow/.local/lib/python3.7/site-packages/airflow/example_dags/example_kubernetes_executor.py
[2022-08-09 08:22:29,334] {logging_mixin.py:109} INFO - [2022-08-09 08:22:29,334] {dag.py:2396} INFO - Sync 1 DAGs
[2022-08-09 08:22:29,348] {logging_mixin.py:109} INFO - [2022-08-09 08:22:29,348] {dag.py:2935} INFO - Setting next_dagrun for example_kubernetes_executor to None
[2022-08-09 08:22:29,359] {processor.py:171} INFO - Processing /home/airflow/.local/lib/python3.7/site-packages/airflow/example_dags/example_kubernetes_executor.py took 0.176 seconds
[2022-08-09 08:22:59,805] {processor.py:163} INFO - Started process (PID=2390) to work on /home/airflow/.local/lib/python3.7/site-packages/airflow/example_dags/example_kubernetes_executor.py
[2022-08-09 08:22:59,807] {processor.py:642} INFO - Processing file /home/airflow/.local/lib/python3.7/site-packages/airflow/example_dags/example_kubernetes_executor.py for tasks to queue
[2022-08-09 08:22:59,808] {logging_mixin.py:109} INFO - [2022-08-09 08:22:59,808] {dagbag.py:500} INFO - Filling up the DagBag from /home/airflow/.local/lib/python3.7/site-packages/airflow/example_dags/example_kubernetes_executor.py
[2022-08-09 08:22:59,852] {processor.py:654} INFO - DAG(s) dict_keys(['example_kubernetes_executor']) retrieved from /home/airflow/.local/lib/python3.7/site-packages/airflow/example_dags/example_kubernetes_executor.py
[2022-08-09 08:22:59,869] {logging_mixin.py:109} INFO - [2022-08-09 08:22:59,869] {dag.py:2396} INFO - Sync 1 DAGs
[2022-08-09 08:22:59,884] {logging_mixin.py:109} INFO - [2022-08-09 08:22:59,884] {dag.py:2935} INFO - Setting next_dagrun for example_kubernetes_executor to None
[2022-08-09 08:22:59,894] {processor.py:171} INFO - Processing /home/airflow/.local/lib/python3.7/site-packages/airflow/example_dags/example_kubernetes_executor.py took 0.094 seconds
[2022-08-09 08:23:30,252] {processor.py:163} INFO - Started process (PID=2461) to work on /home/airflow/.local/lib/python3.7/site-packages/airflow/example_dags/example_kubernetes_executor.py
[2022-08-09 08:23:30,254] {processor.py:642} INFO - Processing file /home/airflow/.local/lib/python3.7/site-packages/airflow/example_dags/example_kubernetes_executor.py for tasks to queue
[2022-08-09 08:23:30,255] {logging_mixin.py:109} INFO - [2022-08-09 08:23:30,255] {dagbag.py:500} INFO - Filling up the DagBag from /home/airflow/.local/lib/python3.7/site-packages/airflow/example_dags/example_kubernetes_executor.py
[2022-08-09 08:23:30,292] {processor.py:654} INFO - DAG(s) dict_keys(['example_kubernetes_executor']) retrieved from /home/airflow/.local/lib/python3.7/site-packages/airflow/example_dags/example_kubernetes_executor.py
[2022-08-09 08:23:30,306] {logging_mixin.py:109} INFO - [2022-08-09 08:23:30,306] {dag.py:2396} INFO - Sync 1 DAGs
[2022-08-09 08:23:30,323] {logging_mixin.py:109} INFO - [2022-08-09 08:23:30,323] {dag.py:2935} INFO - Setting next_dagrun for example_kubernetes_executor to None
[2022-08-09 08:23:30,332] {processor.py:171} INFO - Processing /home/airflow/.local/lib/python3.7/site-packages/airflow/example_dags/example_kubernetes_executor.py took 0.084 seconds
[2022-08-09 08:24:00,626] {processor.py:163} INFO - Started process (PID=2521) to work on /home/airflow/.local/lib/python3.7/site-packages/airflow/example_dags/example_kubernetes_executor.py
[2022-08-09 08:24:00,629] {processor.py:642} INFO - Processing file /home/airflow/.local/lib/python3.7/site-packages/airflow/example_dags/example_kubernetes_executor.py for tasks to queue
[2022-08-09 08:24:00,631] {logging_mixin.py:109} INFO - [2022-08-09 08:24:00,630] {dagbag.py:500} INFO - Filling up the DagBag from /home/airflow/.local/lib/python3.7/site-packages/airflow/example_dags/example_kubernetes_executor.py
[2022-08-09 08:24:00,667] {processor.py:654} INFO - DAG(s) dict_keys(['example_kubernetes_executor']) retrieved from /home/airflow/.local/lib/python3.7/site-packages/airflow/example_dags/example_kubernetes_executor.py
[2022-08-09 08:24:00,682] {logging_mixin.py:109} INFO - [2022-08-09 08:24:00,682] {dag.py:2396} INFO - Sync 1 DAGs
[2022-08-09 08:24:00,704] {logging_mixin.py:109} INFO - [2022-08-09 08:24:00,704] {dag.py:2935} INFO - Setting next_dagrun for example_kubernetes_executor to None
[2022-08-09 08:24:00,719] {processor.py:171} INFO - Processing /home/airflow/.local/lib/python3.7/site-packages/airflow/example_dags/example_kubernetes_executor.py took 0.096 seconds
[2022-08-09 08:24:31,040] {processor.py:163} INFO - Started process (PID=2592) to work on /home/airflow/.local/lib/python3.7/site-packages/airflow/example_dags/example_kubernetes_executor.py
[2022-08-09 08:24:31,044] {processor.py:642} INFO - Processing file /home/airflow/.local/lib/python3.7/site-packages/airflow/example_dags/example_kubernetes_executor.py for tasks to queue
[2022-08-09 08:24:31,046] {logging_mixin.py:109} INFO - [2022-08-09 08:24:31,046] {dagbag.py:500} INFO - Filling up the DagBag from /home/airflow/.local/lib/python3.7/site-packages/airflow/example_dags/example_kubernetes_executor.py
[2022-08-09 08:24:31,089] {processor.py:654} INFO - DAG(s) dict_keys(['example_kubernetes_executor']) retrieved from /home/airflow/.local/lib/python3.7/site-packages/airflow/example_dags/example_kubernetes_executor.py
[2022-08-09 08:24:31,107] {logging_mixin.py:109} INFO - [2022-08-09 08:24:31,107] {dag.py:2396} INFO - Sync 1 DAGs
[2022-08-09 08:24:31,123] {logging_mixin.py:109} INFO - [2022-08-09 08:24:31,123] {dag.py:2935} INFO - Setting next_dagrun for example_kubernetes_executor to None
[2022-08-09 08:24:31,138] {processor.py:171} INFO - Processing /home/airflow/.local/lib/python3.7/site-packages/airflow/example_dags/example_kubernetes_executor.py took 0.103 seconds
[2022-08-09 08:25:02,047] {processor.py:163} INFO - Started process (PID=2652) to work on /home/airflow/.local/lib/python3.7/site-packages/airflow/example_dags/example_kubernetes_executor.py
[2022-08-09 08:25:02,051] {processor.py:642} INFO - Processing file /home/airflow/.local/lib/python3.7/site-packages/airflow/example_dags/example_kubernetes_executor.py for tasks to queue
[2022-08-09 08:25:02,052] {logging_mixin.py:109} INFO - [2022-08-09 08:25:02,052] {dagbag.py:500} INFO - Filling up the DagBag from /home/airflow/.local/lib/python3.7/site-packages/airflow/example_dags/example_kubernetes_executor.py
[2022-08-09 08:25:02,101] {processor.py:654} INFO - DAG(s) dict_keys(['example_kubernetes_executor']) retrieved from /home/airflow/.local/lib/python3.7/site-packages/airflow/example_dags/example_kubernetes_executor.py
[2022-08-09 08:25:02,117] {logging_mixin.py:109} INFO - [2022-08-09 08:25:02,117] {dag.py:2396} INFO - Sync 1 DAGs
[2022-08-09 08:25:02,137] {logging_mixin.py:109} INFO - [2022-08-09 08:25:02,136] {dag.py:2935} INFO - Setting next_dagrun for example_kubernetes_executor to None
[2022-08-09 08:25:02,151] {processor.py:171} INFO - Processing /home/airflow/.local/lib/python3.7/site-packages/airflow/example_dags/example_kubernetes_executor.py took 0.113 seconds
[2022-08-09 08:25:32,486] {processor.py:163} INFO - Started process (PID=2722) to work on /home/airflow/.local/lib/python3.7/site-packages/airflow/example_dags/example_kubernetes_executor.py
[2022-08-09 08:25:32,488] {processor.py:642} INFO - Processing file /home/airflow/.local/lib/python3.7/site-packages/airflow/example_dags/example_kubernetes_executor.py for tasks to queue
[2022-08-09 08:25:32,491] {logging_mixin.py:109} INFO - [2022-08-09 08:25:32,490] {dagbag.py:500} INFO - Filling up the DagBag from /home/airflow/.local/lib/python3.7/site-packages/airflow/example_dags/example_kubernetes_executor.py
[2022-08-09 08:25:32,528] {processor.py:654} INFO - DAG(s) dict_keys(['example_kubernetes_executor']) retrieved from /home/airflow/.local/lib/python3.7/site-packages/airflow/example_dags/example_kubernetes_executor.py
[2022-08-09 08:25:32,543] {logging_mixin.py:109} INFO - [2022-08-09 08:25:32,542] {dag.py:2396} INFO - Sync 1 DAGs
[2022-08-09 08:25:32,559] {logging_mixin.py:109} INFO - [2022-08-09 08:25:32,559] {dag.py:2935} INFO - Setting next_dagrun for example_kubernetes_executor to None
[2022-08-09 08:25:32,572] {processor.py:171} INFO - Processing /home/airflow/.local/lib/python3.7/site-packages/airflow/example_dags/example_kubernetes_executor.py took 0.089 seconds
[2022-08-09 08:26:02,837] {processor.py:163} INFO - Started process (PID=2782) to work on /home/airflow/.local/lib/python3.7/site-packages/airflow/example_dags/example_kubernetes_executor.py
[2022-08-09 08:26:02,839] {processor.py:642} INFO - Processing file /home/airflow/.local/lib/python3.7/site-packages/airflow/example_dags/example_kubernetes_executor.py for tasks to queue
[2022-08-09 08:26:02,840] {logging_mixin.py:109} INFO - [2022-08-09 08:26:02,840] {dagbag.py:500} INFO - Filling up the DagBag from /home/airflow/.local/lib/python3.7/site-packages/airflow/example_dags/example_kubernetes_executor.py
[2022-08-09 08:26:02,877] {processor.py:654} INFO - DAG(s) dict_keys(['example_kubernetes_executor']) retrieved from /home/airflow/.local/lib/python3.7/site-packages/airflow/example_dags/example_kubernetes_executor.py
[2022-08-09 08:26:02,894] {logging_mixin.py:109} INFO - [2022-08-09 08:26:02,894] {dag.py:2396} INFO - Sync 1 DAGs
[2022-08-09 08:26:02,912] {logging_mixin.py:109} INFO - [2022-08-09 08:26:02,912] {dag.py:2935} INFO - Setting next_dagrun for example_kubernetes_executor to None
[2022-08-09 08:26:02,923] {processor.py:171} INFO - Processing /home/airflow/.local/lib/python3.7/site-packages/airflow/example_dags/example_kubernetes_executor.py took 0.089 seconds
[2022-08-09 08:26:33,178] {processor.py:163} INFO - Started process (PID=2851) to work on /home/airflow/.local/lib/python3.7/site-packages/airflow/example_dags/example_kubernetes_executor.py
[2022-08-09 08:26:33,180] {processor.py:642} INFO - Processing file /home/airflow/.local/lib/python3.7/site-packages/airflow/example_dags/example_kubernetes_executor.py for tasks to queue
[2022-08-09 08:26:33,182] {logging_mixin.py:109} INFO - [2022-08-09 08:26:33,182] {dagbag.py:500} INFO - Filling up the DagBag from /home/airflow/.local/lib/python3.7/site-packages/airflow/example_dags/example_kubernetes_executor.py
[2022-08-09 08:26:33,223] {processor.py:654} INFO - DAG(s) dict_keys(['example_kubernetes_executor']) retrieved from /home/airflow/.local/lib/python3.7/site-packages/airflow/example_dags/example_kubernetes_executor.py
[2022-08-09 08:26:33,241] {logging_mixin.py:109} INFO - [2022-08-09 08:26:33,240] {dag.py:2396} INFO - Sync 1 DAGs
[2022-08-09 08:26:33,257] {logging_mixin.py:109} INFO - [2022-08-09 08:26:33,257] {dag.py:2935} INFO - Setting next_dagrun for example_kubernetes_executor to None
[2022-08-09 08:26:33,269] {processor.py:171} INFO - Processing /home/airflow/.local/lib/python3.7/site-packages/airflow/example_dags/example_kubernetes_executor.py took 0.095 seconds
[2022-08-09 08:27:03,760] {processor.py:163} INFO - Started process (PID=2912) to work on /home/airflow/.local/lib/python3.7/site-packages/airflow/example_dags/example_kubernetes_executor.py
[2022-08-09 08:27:03,763] {processor.py:642} INFO - Processing file /home/airflow/.local/lib/python3.7/site-packages/airflow/example_dags/example_kubernetes_executor.py for tasks to queue
[2022-08-09 08:27:03,765] {logging_mixin.py:109} INFO - [2022-08-09 08:27:03,764] {dagbag.py:500} INFO - Filling up the DagBag from /home/airflow/.local/lib/python3.7/site-packages/airflow/example_dags/example_kubernetes_executor.py
[2022-08-09 08:27:03,803] {processor.py:654} INFO - DAG(s) dict_keys(['example_kubernetes_executor']) retrieved from /home/airflow/.local/lib/python3.7/site-packages/airflow/example_dags/example_kubernetes_executor.py
[2022-08-09 08:27:03,816] {logging_mixin.py:109} INFO - [2022-08-09 08:27:03,816] {dag.py:2396} INFO - Sync 1 DAGs
[2022-08-09 08:27:03,833] {logging_mixin.py:109} INFO - [2022-08-09 08:27:03,833] {dag.py:2935} INFO - Setting next_dagrun for example_kubernetes_executor to None
[2022-08-09 08:27:03,845] {processor.py:171} INFO - Processing /home/airflow/.local/lib/python3.7/site-packages/airflow/example_dags/example_kubernetes_executor.py took 0.089 seconds
[2022-08-09 08:27:33,953] {processor.py:163} INFO - Started process (PID=2973) to work on /home/airflow/.local/lib/python3.7/site-packages/airflow/example_dags/example_kubernetes_executor.py
[2022-08-09 08:27:33,955] {processor.py:642} INFO - Processing file /home/airflow/.local/lib/python3.7/site-packages/airflow/example_dags/example_kubernetes_executor.py for tasks to queue
[2022-08-09 08:27:33,957] {logging_mixin.py:109} INFO - [2022-08-09 08:27:33,957] {dagbag.py:500} INFO - Filling up the DagBag from /home/airflow/.local/lib/python3.7/site-packages/airflow/example_dags/example_kubernetes_executor.py
[2022-08-09 08:27:33,994] {processor.py:654} INFO - DAG(s) dict_keys(['example_kubernetes_executor']) retrieved from /home/airflow/.local/lib/python3.7/site-packages/airflow/example_dags/example_kubernetes_executor.py
[2022-08-09 08:27:34,006] {logging_mixin.py:109} INFO - [2022-08-09 08:27:34,006] {dag.py:2396} INFO - Sync 1 DAGs
[2022-08-09 08:27:34,021] {logging_mixin.py:109} INFO - [2022-08-09 08:27:34,021] {dag.py:2935} INFO - Setting next_dagrun for example_kubernetes_executor to None
[2022-08-09 08:27:34,031] {processor.py:171} INFO - Processing /home/airflow/.local/lib/python3.7/site-packages/airflow/example_dags/example_kubernetes_executor.py took 0.081 seconds
[2022-08-09 08:28:04,490] {processor.py:163} INFO - Started process (PID=3042) to work on /home/airflow/.local/lib/python3.7/site-packages/airflow/example_dags/example_kubernetes_executor.py
[2022-08-09 08:28:04,494] {processor.py:642} INFO - Processing file /home/airflow/.local/lib/python3.7/site-packages/airflow/example_dags/example_kubernetes_executor.py for tasks to queue
[2022-08-09 08:28:04,495] {logging_mixin.py:109} INFO - [2022-08-09 08:28:04,495] {dagbag.py:500} INFO - Filling up the DagBag from /home/airflow/.local/lib/python3.7/site-packages/airflow/example_dags/example_kubernetes_executor.py
[2022-08-09 08:28:04,542] {processor.py:654} INFO - DAG(s) dict_keys(['example_kubernetes_executor']) retrieved from /home/airflow/.local/lib/python3.7/site-packages/airflow/example_dags/example_kubernetes_executor.py
[2022-08-09 08:28:04,555] {logging_mixin.py:109} INFO - [2022-08-09 08:28:04,555] {dag.py:2396} INFO - Sync 1 DAGs
[2022-08-09 08:28:04,570] {logging_mixin.py:109} INFO - [2022-08-09 08:28:04,570] {dag.py:2935} INFO - Setting next_dagrun for example_kubernetes_executor to None
[2022-08-09 08:28:04,582] {processor.py:171} INFO - Processing /home/airflow/.local/lib/python3.7/site-packages/airflow/example_dags/example_kubernetes_executor.py took 0.106 seconds
[2022-08-09 08:28:35,073] {processor.py:163} INFO - Started process (PID=3102) to work on /home/airflow/.local/lib/python3.7/site-packages/airflow/example_dags/example_kubernetes_executor.py
[2022-08-09 08:28:35,075] {processor.py:642} INFO - Processing file /home/airflow/.local/lib/python3.7/site-packages/airflow/example_dags/example_kubernetes_executor.py for tasks to queue
[2022-08-09 08:28:35,076] {logging_mixin.py:109} INFO - [2022-08-09 08:28:35,076] {dagbag.py:500} INFO - Filling up the DagBag from /home/airflow/.local/lib/python3.7/site-packages/airflow/example_dags/example_kubernetes_executor.py
[2022-08-09 08:28:35,118] {processor.py:654} INFO - DAG(s) dict_keys(['example_kubernetes_executor']) retrieved from /home/airflow/.local/lib/python3.7/site-packages/airflow/example_dags/example_kubernetes_executor.py
[2022-08-09 08:28:35,135] {logging_mixin.py:109} INFO - [2022-08-09 08:28:35,134] {dag.py:2396} INFO - Sync 1 DAGs
[2022-08-09 08:28:35,156] {logging_mixin.py:109} INFO - [2022-08-09 08:28:35,156] {dag.py:2935} INFO - Setting next_dagrun for example_kubernetes_executor to None
[2022-08-09 08:28:35,166] {processor.py:171} INFO - Processing /home/airflow/.local/lib/python3.7/site-packages/airflow/example_dags/example_kubernetes_executor.py took 0.097 seconds
[2022-08-09 08:29:05,486] {processor.py:163} INFO - Started process (PID=3171) to work on /home/airflow/.local/lib/python3.7/site-packages/airflow/example_dags/example_kubernetes_executor.py
[2022-08-09 08:29:05,490] {processor.py:642} INFO - Processing file /home/airflow/.local/lib/python3.7/site-packages/airflow/example_dags/example_kubernetes_executor.py for tasks to queue
[2022-08-09 08:29:05,494] {logging_mixin.py:109} INFO - [2022-08-09 08:29:05,494] {dagbag.py:500} INFO - Filling up the DagBag from /home/airflow/.local/lib/python3.7/site-packages/airflow/example_dags/example_kubernetes_executor.py
[2022-08-09 08:29:05,544] {processor.py:654} INFO - DAG(s) dict_keys(['example_kubernetes_executor']) retrieved from /home/airflow/.local/lib/python3.7/site-packages/airflow/example_dags/example_kubernetes_executor.py
[2022-08-09 08:29:05,584] {logging_mixin.py:109} INFO - [2022-08-09 08:29:05,584] {dag.py:2396} INFO - Sync 1 DAGs
[2022-08-09 08:29:05,627] {logging_mixin.py:109} INFO - [2022-08-09 08:29:05,627] {dag.py:2935} INFO - Setting next_dagrun for example_kubernetes_executor to None
[2022-08-09 08:29:05,661] {processor.py:171} INFO - Processing /home/airflow/.local/lib/python3.7/site-packages/airflow/example_dags/example_kubernetes_executor.py took 0.179 seconds
[2022-08-09 08:29:35,743] {processor.py:163} INFO - Started process (PID=3231) to work on /home/airflow/.local/lib/python3.7/site-packages/airflow/example_dags/example_kubernetes_executor.py
[2022-08-09 08:29:35,745] {processor.py:642} INFO - Processing file /home/airflow/.local/lib/python3.7/site-packages/airflow/example_dags/example_kubernetes_executor.py for tasks to queue
[2022-08-09 08:29:35,746] {logging_mixin.py:109} INFO - [2022-08-09 08:29:35,746] {dagbag.py:500} INFO - Filling up the DagBag from /home/airflow/.local/lib/python3.7/site-packages/airflow/example_dags/example_kubernetes_executor.py
[2022-08-09 08:29:35,783] {processor.py:654} INFO - DAG(s) dict_keys(['example_kubernetes_executor']) retrieved from /home/airflow/.local/lib/python3.7/site-packages/airflow/example_dags/example_kubernetes_executor.py
[2022-08-09 08:29:35,799] {logging_mixin.py:109} INFO - [2022-08-09 08:29:35,799] {dag.py:2396} INFO - Sync 1 DAGs
[2022-08-09 08:29:35,815] {logging_mixin.py:109} INFO - [2022-08-09 08:29:35,815] {dag.py:2935} INFO - Setting next_dagrun for example_kubernetes_executor to None
[2022-08-09 08:29:35,825] {processor.py:171} INFO - Processing /home/airflow/.local/lib/python3.7/site-packages/airflow/example_dags/example_kubernetes_executor.py took 0.086 seconds
[2022-08-09 08:30:06,451] {processor.py:163} INFO - Started process (PID=3300) to work on /home/airflow/.local/lib/python3.7/site-packages/airflow/example_dags/example_kubernetes_executor.py
[2022-08-09 08:30:06,454] {processor.py:642} INFO - Processing file /home/airflow/.local/lib/python3.7/site-packages/airflow/example_dags/example_kubernetes_executor.py for tasks to queue
[2022-08-09 08:30:06,455] {logging_mixin.py:109} INFO - [2022-08-09 08:30:06,455] {dagbag.py:500} INFO - Filling up the DagBag from /home/airflow/.local/lib/python3.7/site-packages/airflow/example_dags/example_kubernetes_executor.py
[2022-08-09 08:30:06,494] {processor.py:654} INFO - DAG(s) dict_keys(['example_kubernetes_executor']) retrieved from /home/airflow/.local/lib/python3.7/site-packages/airflow/example_dags/example_kubernetes_executor.py
[2022-08-09 08:30:06,512] {logging_mixin.py:109} INFO - [2022-08-09 08:30:06,512] {dag.py:2396} INFO - Sync 1 DAGs
[2022-08-09 08:30:06,530] {logging_mixin.py:109} INFO - [2022-08-09 08:30:06,530] {dag.py:2935} INFO - Setting next_dagrun for example_kubernetes_executor to None
[2022-08-09 08:30:06,549] {processor.py:171} INFO - Processing /home/airflow/.local/lib/python3.7/site-packages/airflow/example_dags/example_kubernetes_executor.py took 0.101 seconds
[2022-08-09 08:30:36,800] {processor.py:163} INFO - Started process (PID=3360) to work on /home/airflow/.local/lib/python3.7/site-packages/airflow/example_dags/example_kubernetes_executor.py
[2022-08-09 08:30:36,803] {processor.py:642} INFO - Processing file /home/airflow/.local/lib/python3.7/site-packages/airflow/example_dags/example_kubernetes_executor.py for tasks to queue
[2022-08-09 08:30:36,805] {logging_mixin.py:109} INFO - [2022-08-09 08:30:36,805] {dagbag.py:500} INFO - Filling up the DagBag from /home/airflow/.local/lib/python3.7/site-packages/airflow/example_dags/example_kubernetes_executor.py
[2022-08-09 08:30:36,853] {processor.py:654} INFO - DAG(s) dict_keys(['example_kubernetes_executor']) retrieved from /home/airflow/.local/lib/python3.7/site-packages/airflow/example_dags/example_kubernetes_executor.py
[2022-08-09 08:30:36,868] {logging_mixin.py:109} INFO - [2022-08-09 08:30:36,868] {dag.py:2396} INFO - Sync 1 DAGs
[2022-08-09 08:30:36,885] {logging_mixin.py:109} INFO - [2022-08-09 08:30:36,885] {dag.py:2935} INFO - Setting next_dagrun for example_kubernetes_executor to None
[2022-08-09 08:30:36,896] {processor.py:171} INFO - Processing /home/airflow/.local/lib/python3.7/site-packages/airflow/example_dags/example_kubernetes_executor.py took 0.101 seconds
[2022-08-09 08:31:07,385] {processor.py:163} INFO - Started process (PID=3430) to work on /home/airflow/.local/lib/python3.7/site-packages/airflow/example_dags/example_kubernetes_executor.py
[2022-08-09 08:31:07,388] {processor.py:642} INFO - Processing file /home/airflow/.local/lib/python3.7/site-packages/airflow/example_dags/example_kubernetes_executor.py for tasks to queue
[2022-08-09 08:31:07,390] {logging_mixin.py:109} INFO - [2022-08-09 08:31:07,390] {dagbag.py:500} INFO - Filling up the DagBag from /home/airflow/.local/lib/python3.7/site-packages/airflow/example_dags/example_kubernetes_executor.py
[2022-08-09 08:31:07,435] {processor.py:654} INFO - DAG(s) dict_keys(['example_kubernetes_executor']) retrieved from /home/airflow/.local/lib/python3.7/site-packages/airflow/example_dags/example_kubernetes_executor.py
[2022-08-09 08:31:07,455] {logging_mixin.py:109} INFO - [2022-08-09 08:31:07,454] {dag.py:2396} INFO - Sync 1 DAGs
[2022-08-09 08:31:07,477] {logging_mixin.py:109} INFO - [2022-08-09 08:31:07,476] {dag.py:2935} INFO - Setting next_dagrun for example_kubernetes_executor to None
[2022-08-09 08:31:07,490] {processor.py:171} INFO - Processing /home/airflow/.local/lib/python3.7/site-packages/airflow/example_dags/example_kubernetes_executor.py took 0.108 seconds
[2022-08-09 08:31:37,687] {processor.py:163} INFO - Started process (PID=3490) to work on /home/airflow/.local/lib/python3.7/site-packages/airflow/example_dags/example_kubernetes_executor.py
[2022-08-09 08:31:37,689] {processor.py:642} INFO - Processing file /home/airflow/.local/lib/python3.7/site-packages/airflow/example_dags/example_kubernetes_executor.py for tasks to queue
[2022-08-09 08:31:37,690] {logging_mixin.py:109} INFO - [2022-08-09 08:31:37,690] {dagbag.py:500} INFO - Filling up the DagBag from /home/airflow/.local/lib/python3.7/site-packages/airflow/example_dags/example_kubernetes_executor.py
[2022-08-09 08:31:37,725] {processor.py:654} INFO - DAG(s) dict_keys(['example_kubernetes_executor']) retrieved from /home/airflow/.local/lib/python3.7/site-packages/airflow/example_dags/example_kubernetes_executor.py
[2022-08-09 08:31:37,740] {logging_mixin.py:109} INFO - [2022-08-09 08:31:37,739] {dag.py:2396} INFO - Sync 1 DAGs
[2022-08-09 08:31:37,756] {logging_mixin.py:109} INFO - [2022-08-09 08:31:37,756] {dag.py:2935} INFO - Setting next_dagrun for example_kubernetes_executor to None
[2022-08-09 08:31:37,766] {processor.py:171} INFO - Processing /home/airflow/.local/lib/python3.7/site-packages/airflow/example_dags/example_kubernetes_executor.py took 0.083 seconds
[2022-08-09 08:32:08,739] {processor.py:163} INFO - Started process (PID=3561) to work on /home/airflow/.local/lib/python3.7/site-packages/airflow/example_dags/example_kubernetes_executor.py
[2022-08-09 08:32:08,757] {processor.py:642} INFO - Processing file /home/airflow/.local/lib/python3.7/site-packages/airflow/example_dags/example_kubernetes_executor.py for tasks to queue
[2022-08-09 08:32:08,759] {logging_mixin.py:109} INFO - [2022-08-09 08:32:08,759] {dagbag.py:500} INFO - Filling up the DagBag from /home/airflow/.local/lib/python3.7/site-packages/airflow/example_dags/example_kubernetes_executor.py
[2022-08-09 08:32:08,815] {processor.py:654} INFO - DAG(s) dict_keys(['example_kubernetes_executor']) retrieved from /home/airflow/.local/lib/python3.7/site-packages/airflow/example_dags/example_kubernetes_executor.py
[2022-08-09 08:32:08,829] {logging_mixin.py:109} INFO - [2022-08-09 08:32:08,829] {dag.py:2396} INFO - Sync 1 DAGs
[2022-08-09 08:32:08,845] {logging_mixin.py:109} INFO - [2022-08-09 08:32:08,845] {dag.py:2935} INFO - Setting next_dagrun for example_kubernetes_executor to None
[2022-08-09 08:32:08,857] {processor.py:171} INFO - Processing /home/airflow/.local/lib/python3.7/site-packages/airflow/example_dags/example_kubernetes_executor.py took 0.126 seconds
[2022-08-09 08:32:39,734] {processor.py:163} INFO - Started process (PID=3622) to work on /home/airflow/.local/lib/python3.7/site-packages/airflow/example_dags/example_kubernetes_executor.py
[2022-08-09 08:32:39,736] {processor.py:642} INFO - Processing file /home/airflow/.local/lib/python3.7/site-packages/airflow/example_dags/example_kubernetes_executor.py for tasks to queue
[2022-08-09 08:32:39,738] {logging_mixin.py:109} INFO - [2022-08-09 08:32:39,737] {dagbag.py:500} INFO - Filling up the DagBag from /home/airflow/.local/lib/python3.7/site-packages/airflow/example_dags/example_kubernetes_executor.py
[2022-08-09 08:32:39,778] {processor.py:654} INFO - DAG(s) dict_keys(['example_kubernetes_executor']) retrieved from /home/airflow/.local/lib/python3.7/site-packages/airflow/example_dags/example_kubernetes_executor.py
[2022-08-09 08:32:39,796] {logging_mixin.py:109} INFO - [2022-08-09 08:32:39,796] {dag.py:2396} INFO - Sync 1 DAGs
[2022-08-09 08:32:39,812] {logging_mixin.py:109} INFO - [2022-08-09 08:32:39,812] {dag.py:2935} INFO - Setting next_dagrun for example_kubernetes_executor to None
[2022-08-09 08:32:39,821] {processor.py:171} INFO - Processing /home/airflow/.local/lib/python3.7/site-packages/airflow/example_dags/example_kubernetes_executor.py took 0.090 seconds
[2022-08-09 08:33:10,501] {processor.py:163} INFO - Started process (PID=3691) to work on /home/airflow/.local/lib/python3.7/site-packages/airflow/example_dags/example_kubernetes_executor.py
[2022-08-09 08:33:10,503] {processor.py:642} INFO - Processing file /home/airflow/.local/lib/python3.7/site-packages/airflow/example_dags/example_kubernetes_executor.py for tasks to queue
[2022-08-09 08:33:10,505] {logging_mixin.py:109} INFO - [2022-08-09 08:33:10,505] {dagbag.py:500} INFO - Filling up the DagBag from /home/airflow/.local/lib/python3.7/site-packages/airflow/example_dags/example_kubernetes_executor.py
[2022-08-09 08:33:10,548] {processor.py:654} INFO - DAG(s) dict_keys(['example_kubernetes_executor']) retrieved from /home/airflow/.local/lib/python3.7/site-packages/airflow/example_dags/example_kubernetes_executor.py
[2022-08-09 08:33:10,566] {logging_mixin.py:109} INFO - [2022-08-09 08:33:10,566] {dag.py:2396} INFO - Sync 1 DAGs
[2022-08-09 08:33:10,594] {logging_mixin.py:109} INFO - [2022-08-09 08:33:10,594] {dag.py:2935} INFO - Setting next_dagrun for example_kubernetes_executor to None
[2022-08-09 08:33:10,608] {processor.py:171} INFO - Processing /home/airflow/.local/lib/python3.7/site-packages/airflow/example_dags/example_kubernetes_executor.py took 0.111 seconds
[2022-08-09 08:33:40,888] {processor.py:163} INFO - Started process (PID=3753) to work on /home/airflow/.local/lib/python3.7/site-packages/airflow/example_dags/example_kubernetes_executor.py
[2022-08-09 08:33:40,891] {processor.py:642} INFO - Processing file /home/airflow/.local/lib/python3.7/site-packages/airflow/example_dags/example_kubernetes_executor.py for tasks to queue
[2022-08-09 08:33:40,892] {logging_mixin.py:109} INFO - [2022-08-09 08:33:40,892] {dagbag.py:500} INFO - Filling up the DagBag from /home/airflow/.local/lib/python3.7/site-packages/airflow/example_dags/example_kubernetes_executor.py
[2022-08-09 08:33:40,928] {processor.py:654} INFO - DAG(s) dict_keys(['example_kubernetes_executor']) retrieved from /home/airflow/.local/lib/python3.7/site-packages/airflow/example_dags/example_kubernetes_executor.py
[2022-08-09 08:33:40,942] {logging_mixin.py:109} INFO - [2022-08-09 08:33:40,942] {dag.py:2396} INFO - Sync 1 DAGs
[2022-08-09 08:33:40,958] {logging_mixin.py:109} INFO - [2022-08-09 08:33:40,958] {dag.py:2935} INFO - Setting next_dagrun for example_kubernetes_executor to None
[2022-08-09 08:33:40,967] {processor.py:171} INFO - Processing /home/airflow/.local/lib/python3.7/site-packages/airflow/example_dags/example_kubernetes_executor.py took 0.083 seconds
[2022-08-09 08:34:11,370] {processor.py:163} INFO - Started process (PID=3822) to work on /home/airflow/.local/lib/python3.7/site-packages/airflow/example_dags/example_kubernetes_executor.py
[2022-08-09 08:34:11,373] {processor.py:642} INFO - Processing file /home/airflow/.local/lib/python3.7/site-packages/airflow/example_dags/example_kubernetes_executor.py for tasks to queue
[2022-08-09 08:34:11,375] {logging_mixin.py:109} INFO - [2022-08-09 08:34:11,375] {dagbag.py:500} INFO - Filling up the DagBag from /home/airflow/.local/lib/python3.7/site-packages/airflow/example_dags/example_kubernetes_executor.py
[2022-08-09 08:34:11,424] {processor.py:654} INFO - DAG(s) dict_keys(['example_kubernetes_executor']) retrieved from /home/airflow/.local/lib/python3.7/site-packages/airflow/example_dags/example_kubernetes_executor.py
[2022-08-09 08:34:11,440] {logging_mixin.py:109} INFO - [2022-08-09 08:34:11,440] {dag.py:2396} INFO - Sync 1 DAGs
[2022-08-09 08:34:11,457] {logging_mixin.py:109} INFO - [2022-08-09 08:34:11,457] {dag.py:2935} INFO - Setting next_dagrun for example_kubernetes_executor to None
[2022-08-09 08:34:11,469] {processor.py:171} INFO - Processing /home/airflow/.local/lib/python3.7/site-packages/airflow/example_dags/example_kubernetes_executor.py took 0.104 seconds
[2022-08-09 08:34:41,822] {processor.py:163} INFO - Started process (PID=3882) to work on /home/airflow/.local/lib/python3.7/site-packages/airflow/example_dags/example_kubernetes_executor.py
[2022-08-09 08:34:41,825] {processor.py:642} INFO - Processing file /home/airflow/.local/lib/python3.7/site-packages/airflow/example_dags/example_kubernetes_executor.py for tasks to queue
[2022-08-09 08:34:41,827] {logging_mixin.py:109} INFO - [2022-08-09 08:34:41,826] {dagbag.py:500} INFO - Filling up the DagBag from /home/airflow/.local/lib/python3.7/site-packages/airflow/example_dags/example_kubernetes_executor.py
[2022-08-09 08:34:41,871] {processor.py:654} INFO - DAG(s) dict_keys(['example_kubernetes_executor']) retrieved from /home/airflow/.local/lib/python3.7/site-packages/airflow/example_dags/example_kubernetes_executor.py
[2022-08-09 08:34:41,888] {logging_mixin.py:109} INFO - [2022-08-09 08:34:41,888] {dag.py:2396} INFO - Sync 1 DAGs
[2022-08-09 08:34:41,906] {logging_mixin.py:109} INFO - [2022-08-09 08:34:41,906] {dag.py:2935} INFO - Setting next_dagrun for example_kubernetes_executor to None
[2022-08-09 08:34:41,920] {processor.py:171} INFO - Processing /home/airflow/.local/lib/python3.7/site-packages/airflow/example_dags/example_kubernetes_executor.py took 0.101 seconds
[2022-08-09 08:35:11,996] {processor.py:163} INFO - Started process (PID=3942) to work on /home/airflow/.local/lib/python3.7/site-packages/airflow/example_dags/example_kubernetes_executor.py
[2022-08-09 08:35:11,998] {processor.py:642} INFO - Processing file /home/airflow/.local/lib/python3.7/site-packages/airflow/example_dags/example_kubernetes_executor.py for tasks to queue
[2022-08-09 08:35:12,000] {logging_mixin.py:109} INFO - [2022-08-09 08:35:11,999] {dagbag.py:500} INFO - Filling up the DagBag from /home/airflow/.local/lib/python3.7/site-packages/airflow/example_dags/example_kubernetes_executor.py
[2022-08-09 08:35:12,040] {processor.py:654} INFO - DAG(s) dict_keys(['example_kubernetes_executor']) retrieved from /home/airflow/.local/lib/python3.7/site-packages/airflow/example_dags/example_kubernetes_executor.py
[2022-08-09 08:35:12,057] {logging_mixin.py:109} INFO - [2022-08-09 08:35:12,057] {dag.py:2396} INFO - Sync 1 DAGs
[2022-08-09 08:35:12,076] {logging_mixin.py:109} INFO - [2022-08-09 08:35:12,076] {dag.py:2935} INFO - Setting next_dagrun for example_kubernetes_executor to None
[2022-08-09 08:35:12,090] {processor.py:171} INFO - Processing /home/airflow/.local/lib/python3.7/site-packages/airflow/example_dags/example_kubernetes_executor.py took 0.098 seconds
[2022-08-09 08:35:42,907] {processor.py:163} INFO - Started process (PID=4011) to work on /home/airflow/.local/lib/python3.7/site-packages/airflow/example_dags/example_kubernetes_executor.py
[2022-08-09 08:35:42,912] {processor.py:642} INFO - Processing file /home/airflow/.local/lib/python3.7/site-packages/airflow/example_dags/example_kubernetes_executor.py for tasks to queue
[2022-08-09 08:35:42,914] {logging_mixin.py:109} INFO - [2022-08-09 08:35:42,914] {dagbag.py:500} INFO - Filling up the DagBag from /home/airflow/.local/lib/python3.7/site-packages/airflow/example_dags/example_kubernetes_executor.py
[2022-08-09 08:35:43,038] {processor.py:654} INFO - DAG(s) dict_keys(['example_kubernetes_executor']) retrieved from /home/airflow/.local/lib/python3.7/site-packages/airflow/example_dags/example_kubernetes_executor.py
[2022-08-09 08:35:43,066] {logging_mixin.py:109} INFO - [2022-08-09 08:35:43,066] {dag.py:2396} INFO - Sync 1 DAGs
[2022-08-09 08:35:43,094] {logging_mixin.py:109} INFO - [2022-08-09 08:35:43,094] {dag.py:2935} INFO - Setting next_dagrun for example_kubernetes_executor to None
[2022-08-09 08:35:43,114] {processor.py:171} INFO - Processing /home/airflow/.local/lib/python3.7/site-packages/airflow/example_dags/example_kubernetes_executor.py took 0.227 seconds
[2022-08-09 08:36:13,518] {processor.py:163} INFO - Started process (PID=4071) to work on /home/airflow/.local/lib/python3.7/site-packages/airflow/example_dags/example_kubernetes_executor.py
[2022-08-09 08:36:13,521] {processor.py:642} INFO - Processing file /home/airflow/.local/lib/python3.7/site-packages/airflow/example_dags/example_kubernetes_executor.py for tasks to queue
[2022-08-09 08:36:13,524] {logging_mixin.py:109} INFO - [2022-08-09 08:36:13,523] {dagbag.py:500} INFO - Filling up the DagBag from /home/airflow/.local/lib/python3.7/site-packages/airflow/example_dags/example_kubernetes_executor.py
[2022-08-09 08:36:13,607] {processor.py:654} INFO - DAG(s) dict_keys(['example_kubernetes_executor']) retrieved from /home/airflow/.local/lib/python3.7/site-packages/airflow/example_dags/example_kubernetes_executor.py
[2022-08-09 08:36:13,637] {logging_mixin.py:109} INFO - [2022-08-09 08:36:13,636] {dag.py:2396} INFO - Sync 1 DAGs
[2022-08-09 08:36:13,673] {logging_mixin.py:109} INFO - [2022-08-09 08:36:13,673] {dag.py:2935} INFO - Setting next_dagrun for example_kubernetes_executor to None
[2022-08-09 08:36:13,695] {processor.py:171} INFO - Processing /home/airflow/.local/lib/python3.7/site-packages/airflow/example_dags/example_kubernetes_executor.py took 0.184 seconds
[2022-08-09 08:36:44,105] {processor.py:163} INFO - Started process (PID=4131) to work on /home/airflow/.local/lib/python3.7/site-packages/airflow/example_dags/example_kubernetes_executor.py
[2022-08-09 08:36:44,109] {processor.py:642} INFO - Processing file /home/airflow/.local/lib/python3.7/site-packages/airflow/example_dags/example_kubernetes_executor.py for tasks to queue
[2022-08-09 08:36:44,112] {logging_mixin.py:109} INFO - [2022-08-09 08:36:44,111] {dagbag.py:500} INFO - Filling up the DagBag from /home/airflow/.local/lib/python3.7/site-packages/airflow/example_dags/example_kubernetes_executor.py
[2022-08-09 08:36:44,176] {processor.py:654} INFO - DAG(s) dict_keys(['example_kubernetes_executor']) retrieved from /home/airflow/.local/lib/python3.7/site-packages/airflow/example_dags/example_kubernetes_executor.py
[2022-08-09 08:36:44,205] {logging_mixin.py:109} INFO - [2022-08-09 08:36:44,205] {dag.py:2396} INFO - Sync 1 DAGs
[2022-08-09 08:36:44,235] {logging_mixin.py:109} INFO - [2022-08-09 08:36:44,235] {dag.py:2935} INFO - Setting next_dagrun for example_kubernetes_executor to None
[2022-08-09 08:36:44,265] {processor.py:171} INFO - Processing /home/airflow/.local/lib/python3.7/site-packages/airflow/example_dags/example_kubernetes_executor.py took 0.167 seconds
