[2022-08-09 08:04:37,899] {processor.py:163} INFO - Started process (PID=83) to work on /home/airflow/.local/lib/python3.7/site-packages/airflow/example_dags/example_skip_dag.py
[2022-08-09 08:04:37,903] {processor.py:642} INFO - Processing file /home/airflow/.local/lib/python3.7/site-packages/airflow/example_dags/example_skip_dag.py for tasks to queue
[2022-08-09 08:04:37,905] {logging_mixin.py:109} INFO - [2022-08-09 08:04:37,905] {dagbag.py:500} INFO - Filling up the DagBag from /home/airflow/.local/lib/python3.7/site-packages/airflow/example_dags/example_skip_dag.py
[2022-08-09 08:04:37,945] {processor.py:654} INFO - DAG(s) dict_keys(['example_skip_dag']) retrieved from /home/airflow/.local/lib/python3.7/site-packages/airflow/example_dags/example_skip_dag.py
[2022-08-09 08:04:37,963] {logging_mixin.py:109} INFO - [2022-08-09 08:04:37,963] {dag.py:2396} INFO - Sync 1 DAGs
[2022-08-09 08:04:37,987] {logging_mixin.py:109} INFO - [2022-08-09 08:04:37,987] {dag.py:2935} INFO - Setting next_dagrun for example_skip_dag to 2022-08-08T08:04:37.987532+00:00
[2022-08-09 08:04:38,004] {processor.py:171} INFO - Processing /home/airflow/.local/lib/python3.7/site-packages/airflow/example_dags/example_skip_dag.py took 0.110 seconds
[2022-08-09 08:05:08,559] {processor.py:163} INFO - Started process (PID=144) to work on /home/airflow/.local/lib/python3.7/site-packages/airflow/example_dags/example_skip_dag.py
[2022-08-09 08:05:08,562] {processor.py:642} INFO - Processing file /home/airflow/.local/lib/python3.7/site-packages/airflow/example_dags/example_skip_dag.py for tasks to queue
[2022-08-09 08:05:08,563] {logging_mixin.py:109} INFO - [2022-08-09 08:05:08,563] {dagbag.py:500} INFO - Filling up the DagBag from /home/airflow/.local/lib/python3.7/site-packages/airflow/example_dags/example_skip_dag.py
[2022-08-09 08:05:08,602] {processor.py:654} INFO - DAG(s) dict_keys(['example_skip_dag']) retrieved from /home/airflow/.local/lib/python3.7/site-packages/airflow/example_dags/example_skip_dag.py
[2022-08-09 08:05:08,622] {logging_mixin.py:109} INFO - [2022-08-09 08:05:08,621] {dag.py:2396} INFO - Sync 1 DAGs
[2022-08-09 08:05:08,644] {logging_mixin.py:109} INFO - [2022-08-09 08:05:08,643] {dag.py:2935} INFO - Setting next_dagrun for example_skip_dag to 2022-08-08T08:05:08.643519+00:00
[2022-08-09 08:05:08,658] {processor.py:171} INFO - Processing /home/airflow/.local/lib/python3.7/site-packages/airflow/example_dags/example_skip_dag.py took 0.104 seconds
[2022-08-09 08:05:39,307] {processor.py:163} INFO - Started process (PID=205) to work on /home/airflow/.local/lib/python3.7/site-packages/airflow/example_dags/example_skip_dag.py
[2022-08-09 08:05:39,309] {processor.py:642} INFO - Processing file /home/airflow/.local/lib/python3.7/site-packages/airflow/example_dags/example_skip_dag.py for tasks to queue
[2022-08-09 08:05:39,310] {logging_mixin.py:109} INFO - [2022-08-09 08:05:39,310] {dagbag.py:500} INFO - Filling up the DagBag from /home/airflow/.local/lib/python3.7/site-packages/airflow/example_dags/example_skip_dag.py
[2022-08-09 08:05:39,345] {processor.py:654} INFO - DAG(s) dict_keys(['example_skip_dag']) retrieved from /home/airflow/.local/lib/python3.7/site-packages/airflow/example_dags/example_skip_dag.py
[2022-08-09 08:05:39,359] {logging_mixin.py:109} INFO - [2022-08-09 08:05:39,359] {dag.py:2396} INFO - Sync 1 DAGs
[2022-08-09 08:05:39,380] {logging_mixin.py:109} INFO - [2022-08-09 08:05:39,380] {dag.py:2935} INFO - Setting next_dagrun for example_skip_dag to 2022-08-08T08:05:39.379883+00:00
[2022-08-09 08:05:39,394] {processor.py:171} INFO - Processing /home/airflow/.local/lib/python3.7/site-packages/airflow/example_dags/example_skip_dag.py took 0.091 seconds
[2022-08-09 08:06:10,614] {processor.py:163} INFO - Started process (PID=274) to work on /home/airflow/.local/lib/python3.7/site-packages/airflow/example_dags/example_skip_dag.py
[2022-08-09 08:06:10,617] {processor.py:642} INFO - Processing file /home/airflow/.local/lib/python3.7/site-packages/airflow/example_dags/example_skip_dag.py for tasks to queue
[2022-08-09 08:06:10,620] {logging_mixin.py:109} INFO - [2022-08-09 08:06:10,620] {dagbag.py:500} INFO - Filling up the DagBag from /home/airflow/.local/lib/python3.7/site-packages/airflow/example_dags/example_skip_dag.py
[2022-08-09 08:06:10,674] {processor.py:654} INFO - DAG(s) dict_keys(['example_skip_dag']) retrieved from /home/airflow/.local/lib/python3.7/site-packages/airflow/example_dags/example_skip_dag.py
[2022-08-09 08:06:10,695] {logging_mixin.py:109} INFO - [2022-08-09 08:06:10,695] {dag.py:2396} INFO - Sync 1 DAGs
[2022-08-09 08:06:10,724] {logging_mixin.py:109} INFO - [2022-08-09 08:06:10,724] {dag.py:2935} INFO - Setting next_dagrun for example_skip_dag to 2022-08-08T08:06:10.723792+00:00
[2022-08-09 08:06:10,747] {processor.py:171} INFO - Processing /home/airflow/.local/lib/python3.7/site-packages/airflow/example_dags/example_skip_dag.py took 0.139 seconds
[2022-08-09 08:06:41,132] {processor.py:163} INFO - Started process (PID=334) to work on /home/airflow/.local/lib/python3.7/site-packages/airflow/example_dags/example_skip_dag.py
[2022-08-09 08:06:41,135] {processor.py:642} INFO - Processing file /home/airflow/.local/lib/python3.7/site-packages/airflow/example_dags/example_skip_dag.py for tasks to queue
[2022-08-09 08:06:41,137] {logging_mixin.py:109} INFO - [2022-08-09 08:06:41,137] {dagbag.py:500} INFO - Filling up the DagBag from /home/airflow/.local/lib/python3.7/site-packages/airflow/example_dags/example_skip_dag.py
[2022-08-09 08:06:41,174] {processor.py:654} INFO - DAG(s) dict_keys(['example_skip_dag']) retrieved from /home/airflow/.local/lib/python3.7/site-packages/airflow/example_dags/example_skip_dag.py
[2022-08-09 08:06:41,186] {logging_mixin.py:109} INFO - [2022-08-09 08:06:41,186] {dag.py:2396} INFO - Sync 1 DAGs
[2022-08-09 08:06:41,204] {logging_mixin.py:109} INFO - [2022-08-09 08:06:41,203] {dag.py:2935} INFO - Setting next_dagrun for example_skip_dag to 2022-08-08T08:06:41.203564+00:00
[2022-08-09 08:06:41,219] {processor.py:171} INFO - Processing /home/airflow/.local/lib/python3.7/site-packages/airflow/example_dags/example_skip_dag.py took 0.092 seconds
[2022-08-09 08:07:12,580] {processor.py:163} INFO - Started process (PID=405) to work on /home/airflow/.local/lib/python3.7/site-packages/airflow/example_dags/example_skip_dag.py
[2022-08-09 08:07:12,582] {processor.py:642} INFO - Processing file /home/airflow/.local/lib/python3.7/site-packages/airflow/example_dags/example_skip_dag.py for tasks to queue
[2022-08-09 08:07:12,584] {logging_mixin.py:109} INFO - [2022-08-09 08:07:12,584] {dagbag.py:500} INFO - Filling up the DagBag from /home/airflow/.local/lib/python3.7/site-packages/airflow/example_dags/example_skip_dag.py
[2022-08-09 08:07:12,622] {processor.py:654} INFO - DAG(s) dict_keys(['example_skip_dag']) retrieved from /home/airflow/.local/lib/python3.7/site-packages/airflow/example_dags/example_skip_dag.py
[2022-08-09 08:07:12,635] {logging_mixin.py:109} INFO - [2022-08-09 08:07:12,634] {dag.py:2396} INFO - Sync 1 DAGs
[2022-08-09 08:07:12,652] {logging_mixin.py:109} INFO - [2022-08-09 08:07:12,652] {dag.py:2935} INFO - Setting next_dagrun for example_skip_dag to 2022-08-08T08:07:12.652250+00:00
[2022-08-09 08:07:12,665] {processor.py:171} INFO - Processing /home/airflow/.local/lib/python3.7/site-packages/airflow/example_dags/example_skip_dag.py took 0.089 seconds
[2022-08-09 08:07:43,080] {processor.py:163} INFO - Started process (PID=465) to work on /home/airflow/.local/lib/python3.7/site-packages/airflow/example_dags/example_skip_dag.py
[2022-08-09 08:07:43,083] {processor.py:642} INFO - Processing file /home/airflow/.local/lib/python3.7/site-packages/airflow/example_dags/example_skip_dag.py for tasks to queue
[2022-08-09 08:07:43,084] {logging_mixin.py:109} INFO - [2022-08-09 08:07:43,084] {dagbag.py:500} INFO - Filling up the DagBag from /home/airflow/.local/lib/python3.7/site-packages/airflow/example_dags/example_skip_dag.py
[2022-08-09 08:07:43,115] {processor.py:654} INFO - DAG(s) dict_keys(['example_skip_dag']) retrieved from /home/airflow/.local/lib/python3.7/site-packages/airflow/example_dags/example_skip_dag.py
[2022-08-09 08:07:43,137] {logging_mixin.py:109} INFO - [2022-08-09 08:07:43,137] {dag.py:2396} INFO - Sync 1 DAGs
[2022-08-09 08:07:43,159] {logging_mixin.py:109} INFO - [2022-08-09 08:07:43,159] {dag.py:2935} INFO - Setting next_dagrun for example_skip_dag to 2022-08-08T08:07:43.158766+00:00
[2022-08-09 08:07:43,178] {processor.py:171} INFO - Processing /home/airflow/.local/lib/python3.7/site-packages/airflow/example_dags/example_skip_dag.py took 0.103 seconds
[2022-08-09 08:08:14,050] {processor.py:163} INFO - Started process (PID=536) to work on /home/airflow/.local/lib/python3.7/site-packages/airflow/example_dags/example_skip_dag.py
[2022-08-09 08:08:14,051] {processor.py:642} INFO - Processing file /home/airflow/.local/lib/python3.7/site-packages/airflow/example_dags/example_skip_dag.py for tasks to queue
[2022-08-09 08:08:14,053] {logging_mixin.py:109} INFO - [2022-08-09 08:08:14,053] {dagbag.py:500} INFO - Filling up the DagBag from /home/airflow/.local/lib/python3.7/site-packages/airflow/example_dags/example_skip_dag.py
[2022-08-09 08:08:14,085] {processor.py:654} INFO - DAG(s) dict_keys(['example_skip_dag']) retrieved from /home/airflow/.local/lib/python3.7/site-packages/airflow/example_dags/example_skip_dag.py
[2022-08-09 08:08:14,097] {logging_mixin.py:109} INFO - [2022-08-09 08:08:14,097] {dag.py:2396} INFO - Sync 1 DAGs
[2022-08-09 08:08:14,117] {logging_mixin.py:109} INFO - [2022-08-09 08:08:14,117] {dag.py:2935} INFO - Setting next_dagrun for example_skip_dag to 2022-08-08T08:08:14.117363+00:00
[2022-08-09 08:08:14,146] {processor.py:171} INFO - Processing /home/airflow/.local/lib/python3.7/site-packages/airflow/example_dags/example_skip_dag.py took 0.100 seconds
[2022-08-09 08:08:44,945] {processor.py:163} INFO - Started process (PID=597) to work on /home/airflow/.local/lib/python3.7/site-packages/airflow/example_dags/example_skip_dag.py
[2022-08-09 08:08:44,948] {processor.py:642} INFO - Processing file /home/airflow/.local/lib/python3.7/site-packages/airflow/example_dags/example_skip_dag.py for tasks to queue
[2022-08-09 08:08:44,950] {logging_mixin.py:109} INFO - [2022-08-09 08:08:44,950] {dagbag.py:500} INFO - Filling up the DagBag from /home/airflow/.local/lib/python3.7/site-packages/airflow/example_dags/example_skip_dag.py
[2022-08-09 08:08:44,991] {processor.py:654} INFO - DAG(s) dict_keys(['example_skip_dag']) retrieved from /home/airflow/.local/lib/python3.7/site-packages/airflow/example_dags/example_skip_dag.py
[2022-08-09 08:08:45,008] {logging_mixin.py:109} INFO - [2022-08-09 08:08:45,008] {dag.py:2396} INFO - Sync 1 DAGs
[2022-08-09 08:08:45,045] {logging_mixin.py:109} INFO - [2022-08-09 08:08:45,044] {dag.py:2935} INFO - Setting next_dagrun for example_skip_dag to 2022-08-08T08:08:45.044595+00:00
[2022-08-09 08:08:45,059] {processor.py:171} INFO - Processing /home/airflow/.local/lib/python3.7/site-packages/airflow/example_dags/example_skip_dag.py took 0.120 seconds
[2022-08-09 08:09:15,872] {processor.py:163} INFO - Started process (PID=668) to work on /home/airflow/.local/lib/python3.7/site-packages/airflow/example_dags/example_skip_dag.py
[2022-08-09 08:09:15,875] {processor.py:642} INFO - Processing file /home/airflow/.local/lib/python3.7/site-packages/airflow/example_dags/example_skip_dag.py for tasks to queue
[2022-08-09 08:09:15,876] {logging_mixin.py:109} INFO - [2022-08-09 08:09:15,876] {dagbag.py:500} INFO - Filling up the DagBag from /home/airflow/.local/lib/python3.7/site-packages/airflow/example_dags/example_skip_dag.py
[2022-08-09 08:09:15,909] {processor.py:654} INFO - DAG(s) dict_keys(['example_skip_dag']) retrieved from /home/airflow/.local/lib/python3.7/site-packages/airflow/example_dags/example_skip_dag.py
[2022-08-09 08:09:15,922] {logging_mixin.py:109} INFO - [2022-08-09 08:09:15,922] {dag.py:2396} INFO - Sync 1 DAGs
[2022-08-09 08:09:15,939] {logging_mixin.py:109} INFO - [2022-08-09 08:09:15,939] {dag.py:2935} INFO - Setting next_dagrun for example_skip_dag to 2022-08-08T08:09:15.939040+00:00
[2022-08-09 08:09:15,952] {processor.py:171} INFO - Processing /home/airflow/.local/lib/python3.7/site-packages/airflow/example_dags/example_skip_dag.py took 0.083 seconds
[2022-08-09 08:09:46,851] {processor.py:163} INFO - Started process (PID=729) to work on /home/airflow/.local/lib/python3.7/site-packages/airflow/example_dags/example_skip_dag.py
[2022-08-09 08:09:46,854] {processor.py:642} INFO - Processing file /home/airflow/.local/lib/python3.7/site-packages/airflow/example_dags/example_skip_dag.py for tasks to queue
[2022-08-09 08:09:46,856] {logging_mixin.py:109} INFO - [2022-08-09 08:09:46,856] {dagbag.py:500} INFO - Filling up the DagBag from /home/airflow/.local/lib/python3.7/site-packages/airflow/example_dags/example_skip_dag.py
[2022-08-09 08:09:46,894] {processor.py:654} INFO - DAG(s) dict_keys(['example_skip_dag']) retrieved from /home/airflow/.local/lib/python3.7/site-packages/airflow/example_dags/example_skip_dag.py
[2022-08-09 08:09:46,911] {logging_mixin.py:109} INFO - [2022-08-09 08:09:46,911] {dag.py:2396} INFO - Sync 1 DAGs
[2022-08-09 08:09:46,931] {logging_mixin.py:109} INFO - [2022-08-09 08:09:46,931] {dag.py:2935} INFO - Setting next_dagrun for example_skip_dag to 2022-08-08T08:09:46.930820+00:00
[2022-08-09 08:09:46,945] {processor.py:171} INFO - Processing /home/airflow/.local/lib/python3.7/site-packages/airflow/example_dags/example_skip_dag.py took 0.100 seconds
[2022-08-09 08:10:17,711] {processor.py:163} INFO - Started process (PID=799) to work on /home/airflow/.local/lib/python3.7/site-packages/airflow/example_dags/example_skip_dag.py
[2022-08-09 08:10:17,714] {processor.py:642} INFO - Processing file /home/airflow/.local/lib/python3.7/site-packages/airflow/example_dags/example_skip_dag.py for tasks to queue
[2022-08-09 08:10:17,715] {logging_mixin.py:109} INFO - [2022-08-09 08:10:17,715] {dagbag.py:500} INFO - Filling up the DagBag from /home/airflow/.local/lib/python3.7/site-packages/airflow/example_dags/example_skip_dag.py
[2022-08-09 08:10:17,753] {processor.py:654} INFO - DAG(s) dict_keys(['example_skip_dag']) retrieved from /home/airflow/.local/lib/python3.7/site-packages/airflow/example_dags/example_skip_dag.py
[2022-08-09 08:10:17,775] {logging_mixin.py:109} INFO - [2022-08-09 08:10:17,775] {dag.py:2396} INFO - Sync 1 DAGs
[2022-08-09 08:10:17,805] {logging_mixin.py:109} INFO - [2022-08-09 08:10:17,805] {dag.py:2935} INFO - Setting next_dagrun for example_skip_dag to 2022-08-08T08:10:17.805424+00:00
[2022-08-09 08:10:17,832] {processor.py:171} INFO - Processing /home/airflow/.local/lib/python3.7/site-packages/airflow/example_dags/example_skip_dag.py took 0.124 seconds
[2022-08-09 08:10:48,187] {processor.py:163} INFO - Started process (PID=860) to work on /home/airflow/.local/lib/python3.7/site-packages/airflow/example_dags/example_skip_dag.py
[2022-08-09 08:10:48,189] {processor.py:642} INFO - Processing file /home/airflow/.local/lib/python3.7/site-packages/airflow/example_dags/example_skip_dag.py for tasks to queue
[2022-08-09 08:10:48,190] {logging_mixin.py:109} INFO - [2022-08-09 08:10:48,190] {dagbag.py:500} INFO - Filling up the DagBag from /home/airflow/.local/lib/python3.7/site-packages/airflow/example_dags/example_skip_dag.py
[2022-08-09 08:10:48,225] {processor.py:654} INFO - DAG(s) dict_keys(['example_skip_dag']) retrieved from /home/airflow/.local/lib/python3.7/site-packages/airflow/example_dags/example_skip_dag.py
[2022-08-09 08:10:48,240] {logging_mixin.py:109} INFO - [2022-08-09 08:10:48,240] {dag.py:2396} INFO - Sync 1 DAGs
[2022-08-09 08:10:48,256] {logging_mixin.py:109} INFO - [2022-08-09 08:10:48,256] {dag.py:2935} INFO - Setting next_dagrun for example_skip_dag to 2022-08-08T08:10:48.256377+00:00
[2022-08-09 08:10:48,269] {processor.py:171} INFO - Processing /home/airflow/.local/lib/python3.7/site-packages/airflow/example_dags/example_skip_dag.py took 0.085 seconds
[2022-08-09 08:11:19,129] {processor.py:163} INFO - Started process (PID=930) to work on /home/airflow/.local/lib/python3.7/site-packages/airflow/example_dags/example_skip_dag.py
[2022-08-09 08:11:19,132] {processor.py:642} INFO - Processing file /home/airflow/.local/lib/python3.7/site-packages/airflow/example_dags/example_skip_dag.py for tasks to queue
[2022-08-09 08:11:19,133] {logging_mixin.py:109} INFO - [2022-08-09 08:11:19,133] {dagbag.py:500} INFO - Filling up the DagBag from /home/airflow/.local/lib/python3.7/site-packages/airflow/example_dags/example_skip_dag.py
[2022-08-09 08:11:19,161] {processor.py:654} INFO - DAG(s) dict_keys(['example_skip_dag']) retrieved from /home/airflow/.local/lib/python3.7/site-packages/airflow/example_dags/example_skip_dag.py
[2022-08-09 08:11:19,175] {logging_mixin.py:109} INFO - [2022-08-09 08:11:19,174] {dag.py:2396} INFO - Sync 1 DAGs
[2022-08-09 08:11:19,191] {logging_mixin.py:109} INFO - [2022-08-09 08:11:19,191] {dag.py:2935} INFO - Setting next_dagrun for example_skip_dag to 2022-08-08T08:11:19.190889+00:00
[2022-08-09 08:11:19,202] {processor.py:171} INFO - Processing /home/airflow/.local/lib/python3.7/site-packages/airflow/example_dags/example_skip_dag.py took 0.076 seconds
[2022-08-09 08:11:49,637] {processor.py:163} INFO - Started process (PID=989) to work on /home/airflow/.local/lib/python3.7/site-packages/airflow/example_dags/example_skip_dag.py
[2022-08-09 08:11:49,639] {processor.py:642} INFO - Processing file /home/airflow/.local/lib/python3.7/site-packages/airflow/example_dags/example_skip_dag.py for tasks to queue
[2022-08-09 08:11:49,640] {logging_mixin.py:109} INFO - [2022-08-09 08:11:49,640] {dagbag.py:500} INFO - Filling up the DagBag from /home/airflow/.local/lib/python3.7/site-packages/airflow/example_dags/example_skip_dag.py
[2022-08-09 08:11:49,672] {processor.py:654} INFO - DAG(s) dict_keys(['example_skip_dag']) retrieved from /home/airflow/.local/lib/python3.7/site-packages/airflow/example_dags/example_skip_dag.py
[2022-08-09 08:11:49,685] {logging_mixin.py:109} INFO - [2022-08-09 08:11:49,685] {dag.py:2396} INFO - Sync 1 DAGs
[2022-08-09 08:11:49,701] {logging_mixin.py:109} INFO - [2022-08-09 08:11:49,701] {dag.py:2935} INFO - Setting next_dagrun for example_skip_dag to 2022-08-08T08:11:49.701502+00:00
[2022-08-09 08:11:49,713] {processor.py:171} INFO - Processing /home/airflow/.local/lib/python3.7/site-packages/airflow/example_dags/example_skip_dag.py took 0.080 seconds
[2022-08-09 08:12:20,486] {processor.py:163} INFO - Started process (PID=1059) to work on /home/airflow/.local/lib/python3.7/site-packages/airflow/example_dags/example_skip_dag.py
[2022-08-09 08:12:20,488] {processor.py:642} INFO - Processing file /home/airflow/.local/lib/python3.7/site-packages/airflow/example_dags/example_skip_dag.py for tasks to queue
[2022-08-09 08:12:20,490] {logging_mixin.py:109} INFO - [2022-08-09 08:12:20,489] {dagbag.py:500} INFO - Filling up the DagBag from /home/airflow/.local/lib/python3.7/site-packages/airflow/example_dags/example_skip_dag.py
[2022-08-09 08:12:20,520] {processor.py:654} INFO - DAG(s) dict_keys(['example_skip_dag']) retrieved from /home/airflow/.local/lib/python3.7/site-packages/airflow/example_dags/example_skip_dag.py
[2022-08-09 08:12:20,538] {logging_mixin.py:109} INFO - [2022-08-09 08:12:20,538] {dag.py:2396} INFO - Sync 1 DAGs
[2022-08-09 08:12:20,558] {logging_mixin.py:109} INFO - [2022-08-09 08:12:20,558] {dag.py:2935} INFO - Setting next_dagrun for example_skip_dag to 2022-08-08T08:12:20.557869+00:00
[2022-08-09 08:12:20,570] {processor.py:171} INFO - Processing /home/airflow/.local/lib/python3.7/site-packages/airflow/example_dags/example_skip_dag.py took 0.088 seconds
[2022-08-09 08:12:51,229] {processor.py:163} INFO - Started process (PID=1119) to work on /home/airflow/.local/lib/python3.7/site-packages/airflow/example_dags/example_skip_dag.py
[2022-08-09 08:12:51,231] {processor.py:642} INFO - Processing file /home/airflow/.local/lib/python3.7/site-packages/airflow/example_dags/example_skip_dag.py for tasks to queue
[2022-08-09 08:12:51,233] {logging_mixin.py:109} INFO - [2022-08-09 08:12:51,233] {dagbag.py:500} INFO - Filling up the DagBag from /home/airflow/.local/lib/python3.7/site-packages/airflow/example_dags/example_skip_dag.py
[2022-08-09 08:12:51,281] {processor.py:654} INFO - DAG(s) dict_keys(['example_skip_dag']) retrieved from /home/airflow/.local/lib/python3.7/site-packages/airflow/example_dags/example_skip_dag.py
[2022-08-09 08:12:51,296] {logging_mixin.py:109} INFO - [2022-08-09 08:12:51,296] {dag.py:2396} INFO - Sync 1 DAGs
[2022-08-09 08:12:51,313] {logging_mixin.py:109} INFO - [2022-08-09 08:12:51,313] {dag.py:2935} INFO - Setting next_dagrun for example_skip_dag to 2022-08-08T08:12:51.312683+00:00
[2022-08-09 08:12:51,327] {processor.py:171} INFO - Processing /home/airflow/.local/lib/python3.7/site-packages/airflow/example_dags/example_skip_dag.py took 0.102 seconds
[2022-08-09 08:13:21,660] {processor.py:163} INFO - Started process (PID=1189) to work on /home/airflow/.local/lib/python3.7/site-packages/airflow/example_dags/example_skip_dag.py
[2022-08-09 08:13:21,662] {processor.py:642} INFO - Processing file /home/airflow/.local/lib/python3.7/site-packages/airflow/example_dags/example_skip_dag.py for tasks to queue
[2022-08-09 08:13:21,663] {logging_mixin.py:109} INFO - [2022-08-09 08:13:21,663] {dagbag.py:500} INFO - Filling up the DagBag from /home/airflow/.local/lib/python3.7/site-packages/airflow/example_dags/example_skip_dag.py
[2022-08-09 08:13:21,694] {processor.py:654} INFO - DAG(s) dict_keys(['example_skip_dag']) retrieved from /home/airflow/.local/lib/python3.7/site-packages/airflow/example_dags/example_skip_dag.py
[2022-08-09 08:13:21,708] {logging_mixin.py:109} INFO - [2022-08-09 08:13:21,708] {dag.py:2396} INFO - Sync 1 DAGs
[2022-08-09 08:13:21,729] {logging_mixin.py:109} INFO - [2022-08-09 08:13:21,729] {dag.py:2935} INFO - Setting next_dagrun for example_skip_dag to 2022-08-08T08:13:21.728839+00:00
[2022-08-09 08:13:21,740] {processor.py:171} INFO - Processing /home/airflow/.local/lib/python3.7/site-packages/airflow/example_dags/example_skip_dag.py took 0.085 seconds
[2022-08-09 08:13:52,046] {processor.py:163} INFO - Started process (PID=1245) to work on /home/airflow/.local/lib/python3.7/site-packages/airflow/example_dags/example_skip_dag.py
[2022-08-09 08:13:52,048] {processor.py:642} INFO - Processing file /home/airflow/.local/lib/python3.7/site-packages/airflow/example_dags/example_skip_dag.py for tasks to queue
[2022-08-09 08:13:52,050] {logging_mixin.py:109} INFO - [2022-08-09 08:13:52,049] {dagbag.py:500} INFO - Filling up the DagBag from /home/airflow/.local/lib/python3.7/site-packages/airflow/example_dags/example_skip_dag.py
[2022-08-09 08:13:52,090] {processor.py:654} INFO - DAG(s) dict_keys(['example_skip_dag']) retrieved from /home/airflow/.local/lib/python3.7/site-packages/airflow/example_dags/example_skip_dag.py
[2022-08-09 08:13:52,107] {logging_mixin.py:109} INFO - [2022-08-09 08:13:52,107] {dag.py:2396} INFO - Sync 1 DAGs
[2022-08-09 08:13:52,132] {logging_mixin.py:109} INFO - [2022-08-09 08:13:52,132] {dag.py:2935} INFO - Setting next_dagrun for example_skip_dag to 2022-08-08T08:13:52.131682+00:00
[2022-08-09 08:13:52,148] {processor.py:171} INFO - Processing /home/airflow/.local/lib/python3.7/site-packages/airflow/example_dags/example_skip_dag.py took 0.108 seconds
[2022-08-09 08:14:23,793] {processor.py:163} INFO - Started process (PID=1320) to work on /home/airflow/.local/lib/python3.7/site-packages/airflow/example_dags/example_skip_dag.py
[2022-08-09 08:14:23,796] {processor.py:642} INFO - Processing file /home/airflow/.local/lib/python3.7/site-packages/airflow/example_dags/example_skip_dag.py for tasks to queue
[2022-08-09 08:14:23,798] {logging_mixin.py:109} INFO - [2022-08-09 08:14:23,797] {dagbag.py:500} INFO - Filling up the DagBag from /home/airflow/.local/lib/python3.7/site-packages/airflow/example_dags/example_skip_dag.py
[2022-08-09 08:14:23,836] {processor.py:654} INFO - DAG(s) dict_keys(['example_skip_dag']) retrieved from /home/airflow/.local/lib/python3.7/site-packages/airflow/example_dags/example_skip_dag.py
[2022-08-09 08:14:23,851] {logging_mixin.py:109} INFO - [2022-08-09 08:14:23,851] {dag.py:2396} INFO - Sync 1 DAGs
[2022-08-09 08:14:23,871] {logging_mixin.py:109} INFO - [2022-08-09 08:14:23,871] {dag.py:2935} INFO - Setting next_dagrun for example_skip_dag to 2022-08-08T08:14:23.871409+00:00
[2022-08-09 08:14:23,890] {processor.py:171} INFO - Processing /home/airflow/.local/lib/python3.7/site-packages/airflow/example_dags/example_skip_dag.py took 0.101 seconds
[2022-08-09 08:14:54,016] {processor.py:163} INFO - Started process (PID=1375) to work on /home/airflow/.local/lib/python3.7/site-packages/airflow/example_dags/example_skip_dag.py
[2022-08-09 08:14:54,020] {processor.py:642} INFO - Processing file /home/airflow/.local/lib/python3.7/site-packages/airflow/example_dags/example_skip_dag.py for tasks to queue
[2022-08-09 08:14:54,022] {logging_mixin.py:109} INFO - [2022-08-09 08:14:54,022] {dagbag.py:500} INFO - Filling up the DagBag from /home/airflow/.local/lib/python3.7/site-packages/airflow/example_dags/example_skip_dag.py
[2022-08-09 08:14:54,062] {processor.py:654} INFO - DAG(s) dict_keys(['example_skip_dag']) retrieved from /home/airflow/.local/lib/python3.7/site-packages/airflow/example_dags/example_skip_dag.py
[2022-08-09 08:14:54,080] {logging_mixin.py:109} INFO - [2022-08-09 08:14:54,080] {dag.py:2396} INFO - Sync 1 DAGs
[2022-08-09 08:14:54,110] {logging_mixin.py:109} INFO - [2022-08-09 08:14:54,110] {dag.py:2935} INFO - Setting next_dagrun for example_skip_dag to 2022-08-08T08:14:54.109791+00:00
[2022-08-09 08:14:54,124] {processor.py:171} INFO - Processing /home/airflow/.local/lib/python3.7/site-packages/airflow/example_dags/example_skip_dag.py took 0.114 seconds
[2022-08-09 08:15:24,360] {processor.py:163} INFO - Started process (PID=1442) to work on /home/airflow/.local/lib/python3.7/site-packages/airflow/example_dags/example_skip_dag.py
[2022-08-09 08:15:24,363] {processor.py:642} INFO - Processing file /home/airflow/.local/lib/python3.7/site-packages/airflow/example_dags/example_skip_dag.py for tasks to queue
[2022-08-09 08:15:24,365] {logging_mixin.py:109} INFO - [2022-08-09 08:15:24,365] {dagbag.py:500} INFO - Filling up the DagBag from /home/airflow/.local/lib/python3.7/site-packages/airflow/example_dags/example_skip_dag.py
[2022-08-09 08:15:24,401] {processor.py:654} INFO - DAG(s) dict_keys(['example_skip_dag']) retrieved from /home/airflow/.local/lib/python3.7/site-packages/airflow/example_dags/example_skip_dag.py
[2022-08-09 08:15:24,421] {logging_mixin.py:109} INFO - [2022-08-09 08:15:24,421] {dag.py:2396} INFO - Sync 1 DAGs
[2022-08-09 08:15:24,447] {logging_mixin.py:109} INFO - [2022-08-09 08:15:24,447] {dag.py:2935} INFO - Setting next_dagrun for example_skip_dag to 2022-08-08T08:15:24.447357+00:00
[2022-08-09 08:15:24,458] {processor.py:171} INFO - Processing /home/airflow/.local/lib/python3.7/site-packages/airflow/example_dags/example_skip_dag.py took 0.105 seconds
[2022-08-09 08:15:54,916] {processor.py:163} INFO - Started process (PID=1505) to work on /home/airflow/.local/lib/python3.7/site-packages/airflow/example_dags/example_skip_dag.py
[2022-08-09 08:15:54,918] {processor.py:642} INFO - Processing file /home/airflow/.local/lib/python3.7/site-packages/airflow/example_dags/example_skip_dag.py for tasks to queue
[2022-08-09 08:15:54,920] {logging_mixin.py:109} INFO - [2022-08-09 08:15:54,920] {dagbag.py:500} INFO - Filling up the DagBag from /home/airflow/.local/lib/python3.7/site-packages/airflow/example_dags/example_skip_dag.py
[2022-08-09 08:15:54,953] {processor.py:654} INFO - DAG(s) dict_keys(['example_skip_dag']) retrieved from /home/airflow/.local/lib/python3.7/site-packages/airflow/example_dags/example_skip_dag.py
[2022-08-09 08:15:54,967] {logging_mixin.py:109} INFO - [2022-08-09 08:15:54,967] {dag.py:2396} INFO - Sync 1 DAGs
[2022-08-09 08:15:54,986] {logging_mixin.py:109} INFO - [2022-08-09 08:15:54,986] {dag.py:2935} INFO - Setting next_dagrun for example_skip_dag to 2022-08-08T08:15:54.986030+00:00
[2022-08-09 08:15:55,003] {processor.py:171} INFO - Processing /home/airflow/.local/lib/python3.7/site-packages/airflow/example_dags/example_skip_dag.py took 0.090 seconds
[2022-08-09 08:16:25,216] {processor.py:163} INFO - Started process (PID=1564) to work on /home/airflow/.local/lib/python3.7/site-packages/airflow/example_dags/example_skip_dag.py
[2022-08-09 08:16:25,219] {processor.py:642} INFO - Processing file /home/airflow/.local/lib/python3.7/site-packages/airflow/example_dags/example_skip_dag.py for tasks to queue
[2022-08-09 08:16:25,221] {logging_mixin.py:109} INFO - [2022-08-09 08:16:25,221] {dagbag.py:500} INFO - Filling up the DagBag from /home/airflow/.local/lib/python3.7/site-packages/airflow/example_dags/example_skip_dag.py
[2022-08-09 08:16:25,249] {processor.py:654} INFO - DAG(s) dict_keys(['example_skip_dag']) retrieved from /home/airflow/.local/lib/python3.7/site-packages/airflow/example_dags/example_skip_dag.py
[2022-08-09 08:16:25,260] {logging_mixin.py:109} INFO - [2022-08-09 08:16:25,260] {dag.py:2396} INFO - Sync 1 DAGs
[2022-08-09 08:16:25,278] {logging_mixin.py:109} INFO - [2022-08-09 08:16:25,278] {dag.py:2935} INFO - Setting next_dagrun for example_skip_dag to 2022-08-08T08:16:25.278215+00:00
[2022-08-09 08:16:25,292] {processor.py:171} INFO - Processing /home/airflow/.local/lib/python3.7/site-packages/airflow/example_dags/example_skip_dag.py took 0.079 seconds
[2022-08-09 08:16:56,007] {processor.py:163} INFO - Started process (PID=1633) to work on /home/airflow/.local/lib/python3.7/site-packages/airflow/example_dags/example_skip_dag.py
[2022-08-09 08:16:56,010] {processor.py:642} INFO - Processing file /home/airflow/.local/lib/python3.7/site-packages/airflow/example_dags/example_skip_dag.py for tasks to queue
[2022-08-09 08:16:56,012] {logging_mixin.py:109} INFO - [2022-08-09 08:16:56,012] {dagbag.py:500} INFO - Filling up the DagBag from /home/airflow/.local/lib/python3.7/site-packages/airflow/example_dags/example_skip_dag.py
[2022-08-09 08:16:56,045] {processor.py:654} INFO - DAG(s) dict_keys(['example_skip_dag']) retrieved from /home/airflow/.local/lib/python3.7/site-packages/airflow/example_dags/example_skip_dag.py
[2022-08-09 08:16:56,061] {logging_mixin.py:109} INFO - [2022-08-09 08:16:56,061] {dag.py:2396} INFO - Sync 1 DAGs
[2022-08-09 08:16:56,079] {logging_mixin.py:109} INFO - [2022-08-09 08:16:56,079] {dag.py:2935} INFO - Setting next_dagrun for example_skip_dag to 2022-08-08T08:16:56.079387+00:00
[2022-08-09 08:16:56,095] {processor.py:171} INFO - Processing /home/airflow/.local/lib/python3.7/site-packages/airflow/example_dags/example_skip_dag.py took 0.094 seconds
[2022-08-09 08:17:26,178] {processor.py:163} INFO - Started process (PID=1692) to work on /home/airflow/.local/lib/python3.7/site-packages/airflow/example_dags/example_skip_dag.py
[2022-08-09 08:17:26,180] {processor.py:642} INFO - Processing file /home/airflow/.local/lib/python3.7/site-packages/airflow/example_dags/example_skip_dag.py for tasks to queue
[2022-08-09 08:17:26,182] {logging_mixin.py:109} INFO - [2022-08-09 08:17:26,182] {dagbag.py:500} INFO - Filling up the DagBag from /home/airflow/.local/lib/python3.7/site-packages/airflow/example_dags/example_skip_dag.py
[2022-08-09 08:17:26,217] {processor.py:654} INFO - DAG(s) dict_keys(['example_skip_dag']) retrieved from /home/airflow/.local/lib/python3.7/site-packages/airflow/example_dags/example_skip_dag.py
[2022-08-09 08:17:26,230] {logging_mixin.py:109} INFO - [2022-08-09 08:17:26,230] {dag.py:2396} INFO - Sync 1 DAGs
[2022-08-09 08:17:26,254] {logging_mixin.py:109} INFO - [2022-08-09 08:17:26,254] {dag.py:2935} INFO - Setting next_dagrun for example_skip_dag to 2022-08-08T08:17:26.254283+00:00
[2022-08-09 08:17:26,274] {processor.py:171} INFO - Processing /home/airflow/.local/lib/python3.7/site-packages/airflow/example_dags/example_skip_dag.py took 0.102 seconds
[2022-08-09 08:17:56,710] {processor.py:163} INFO - Started process (PID=1761) to work on /home/airflow/.local/lib/python3.7/site-packages/airflow/example_dags/example_skip_dag.py
[2022-08-09 08:17:56,713] {processor.py:642} INFO - Processing file /home/airflow/.local/lib/python3.7/site-packages/airflow/example_dags/example_skip_dag.py for tasks to queue
[2022-08-09 08:17:56,715] {logging_mixin.py:109} INFO - [2022-08-09 08:17:56,715] {dagbag.py:500} INFO - Filling up the DagBag from /home/airflow/.local/lib/python3.7/site-packages/airflow/example_dags/example_skip_dag.py
[2022-08-09 08:17:56,762] {processor.py:654} INFO - DAG(s) dict_keys(['example_skip_dag']) retrieved from /home/airflow/.local/lib/python3.7/site-packages/airflow/example_dags/example_skip_dag.py
[2022-08-09 08:17:56,775] {logging_mixin.py:109} INFO - [2022-08-09 08:17:56,775] {dag.py:2396} INFO - Sync 1 DAGs
[2022-08-09 08:17:56,802] {logging_mixin.py:109} INFO - [2022-08-09 08:17:56,802] {dag.py:2935} INFO - Setting next_dagrun for example_skip_dag to 2022-08-08T08:17:56.802425+00:00
[2022-08-09 08:17:56,816] {processor.py:171} INFO - Processing /home/airflow/.local/lib/python3.7/site-packages/airflow/example_dags/example_skip_dag.py took 0.113 seconds
[2022-08-09 08:18:27,462] {processor.py:163} INFO - Started process (PID=1821) to work on /home/airflow/.local/lib/python3.7/site-packages/airflow/example_dags/example_skip_dag.py
[2022-08-09 08:18:27,464] {processor.py:642} INFO - Processing file /home/airflow/.local/lib/python3.7/site-packages/airflow/example_dags/example_skip_dag.py for tasks to queue
[2022-08-09 08:18:27,466] {logging_mixin.py:109} INFO - [2022-08-09 08:18:27,466] {dagbag.py:500} INFO - Filling up the DagBag from /home/airflow/.local/lib/python3.7/site-packages/airflow/example_dags/example_skip_dag.py
[2022-08-09 08:18:27,511] {processor.py:654} INFO - DAG(s) dict_keys(['example_skip_dag']) retrieved from /home/airflow/.local/lib/python3.7/site-packages/airflow/example_dags/example_skip_dag.py
[2022-08-09 08:18:27,523] {logging_mixin.py:109} INFO - [2022-08-09 08:18:27,523] {dag.py:2396} INFO - Sync 1 DAGs
[2022-08-09 08:18:27,543] {logging_mixin.py:109} INFO - [2022-08-09 08:18:27,543] {dag.py:2935} INFO - Setting next_dagrun for example_skip_dag to 2022-08-08T08:18:27.543418+00:00
[2022-08-09 08:18:27,554] {processor.py:171} INFO - Processing /home/airflow/.local/lib/python3.7/site-packages/airflow/example_dags/example_skip_dag.py took 0.098 seconds
[2022-08-09 08:18:58,036] {processor.py:163} INFO - Started process (PID=1891) to work on /home/airflow/.local/lib/python3.7/site-packages/airflow/example_dags/example_skip_dag.py
[2022-08-09 08:18:58,039] {processor.py:642} INFO - Processing file /home/airflow/.local/lib/python3.7/site-packages/airflow/example_dags/example_skip_dag.py for tasks to queue
[2022-08-09 08:18:58,040] {logging_mixin.py:109} INFO - [2022-08-09 08:18:58,040] {dagbag.py:500} INFO - Filling up the DagBag from /home/airflow/.local/lib/python3.7/site-packages/airflow/example_dags/example_skip_dag.py
[2022-08-09 08:18:58,069] {processor.py:654} INFO - DAG(s) dict_keys(['example_skip_dag']) retrieved from /home/airflow/.local/lib/python3.7/site-packages/airflow/example_dags/example_skip_dag.py
[2022-08-09 08:18:58,082] {logging_mixin.py:109} INFO - [2022-08-09 08:18:58,082] {dag.py:2396} INFO - Sync 1 DAGs
[2022-08-09 08:18:58,102] {logging_mixin.py:109} INFO - [2022-08-09 08:18:58,102] {dag.py:2935} INFO - Setting next_dagrun for example_skip_dag to 2022-08-08T08:18:58.101772+00:00
[2022-08-09 08:18:58,114] {processor.py:171} INFO - Processing /home/airflow/.local/lib/python3.7/site-packages/airflow/example_dags/example_skip_dag.py took 0.082 seconds
[2022-08-09 08:19:28,592] {processor.py:163} INFO - Started process (PID=1951) to work on /home/airflow/.local/lib/python3.7/site-packages/airflow/example_dags/example_skip_dag.py
[2022-08-09 08:19:28,594] {processor.py:642} INFO - Processing file /home/airflow/.local/lib/python3.7/site-packages/airflow/example_dags/example_skip_dag.py for tasks to queue
[2022-08-09 08:19:28,596] {logging_mixin.py:109} INFO - [2022-08-09 08:19:28,596] {dagbag.py:500} INFO - Filling up the DagBag from /home/airflow/.local/lib/python3.7/site-packages/airflow/example_dags/example_skip_dag.py
[2022-08-09 08:19:28,625] {processor.py:654} INFO - DAG(s) dict_keys(['example_skip_dag']) retrieved from /home/airflow/.local/lib/python3.7/site-packages/airflow/example_dags/example_skip_dag.py
[2022-08-09 08:19:28,637] {logging_mixin.py:109} INFO - [2022-08-09 08:19:28,637] {dag.py:2396} INFO - Sync 1 DAGs
[2022-08-09 08:19:28,739] {logging_mixin.py:109} INFO - [2022-08-09 08:19:28,739] {dag.py:2935} INFO - Setting next_dagrun for example_skip_dag to 2022-08-08T08:19:28.739080+00:00
[2022-08-09 08:19:28,749] {processor.py:171} INFO - Processing /home/airflow/.local/lib/python3.7/site-packages/airflow/example_dags/example_skip_dag.py took 0.161 seconds
[2022-08-09 08:19:59,319] {processor.py:163} INFO - Started process (PID=2020) to work on /home/airflow/.local/lib/python3.7/site-packages/airflow/example_dags/example_skip_dag.py
[2022-08-09 08:19:59,321] {processor.py:642} INFO - Processing file /home/airflow/.local/lib/python3.7/site-packages/airflow/example_dags/example_skip_dag.py for tasks to queue
[2022-08-09 08:19:59,322] {logging_mixin.py:109} INFO - [2022-08-09 08:19:59,322] {dagbag.py:500} INFO - Filling up the DagBag from /home/airflow/.local/lib/python3.7/site-packages/airflow/example_dags/example_skip_dag.py
[2022-08-09 08:19:59,353] {processor.py:654} INFO - DAG(s) dict_keys(['example_skip_dag']) retrieved from /home/airflow/.local/lib/python3.7/site-packages/airflow/example_dags/example_skip_dag.py
[2022-08-09 08:19:59,364] {logging_mixin.py:109} INFO - [2022-08-09 08:19:59,364] {dag.py:2396} INFO - Sync 1 DAGs
[2022-08-09 08:19:59,469] {logging_mixin.py:109} INFO - [2022-08-09 08:19:59,469] {dag.py:2935} INFO - Setting next_dagrun for example_skip_dag to 2022-08-08T08:19:59.469300+00:00
[2022-08-09 08:19:59,482] {processor.py:171} INFO - Processing /home/airflow/.local/lib/python3.7/site-packages/airflow/example_dags/example_skip_dag.py took 0.167 seconds
[2022-08-09 08:20:30,116] {processor.py:163} INFO - Started process (PID=2081) to work on /home/airflow/.local/lib/python3.7/site-packages/airflow/example_dags/example_skip_dag.py
[2022-08-09 08:20:30,118] {processor.py:642} INFO - Processing file /home/airflow/.local/lib/python3.7/site-packages/airflow/example_dags/example_skip_dag.py for tasks to queue
[2022-08-09 08:20:30,119] {logging_mixin.py:109} INFO - [2022-08-09 08:20:30,119] {dagbag.py:500} INFO - Filling up the DagBag from /home/airflow/.local/lib/python3.7/site-packages/airflow/example_dags/example_skip_dag.py
[2022-08-09 08:20:30,156] {processor.py:654} INFO - DAG(s) dict_keys(['example_skip_dag']) retrieved from /home/airflow/.local/lib/python3.7/site-packages/airflow/example_dags/example_skip_dag.py
[2022-08-09 08:20:30,252] {logging_mixin.py:109} INFO - [2022-08-09 08:20:30,252] {dag.py:2396} INFO - Sync 1 DAGs
[2022-08-09 08:20:30,269] {logging_mixin.py:109} INFO - [2022-08-09 08:20:30,269] {dag.py:2935} INFO - Setting next_dagrun for example_skip_dag to 2022-08-08T08:20:30.269177+00:00
[2022-08-09 08:20:30,282] {processor.py:171} INFO - Processing /home/airflow/.local/lib/python3.7/site-packages/airflow/example_dags/example_skip_dag.py took 0.170 seconds
[2022-08-09 08:21:00,636] {processor.py:163} INFO - Started process (PID=2151) to work on /home/airflow/.local/lib/python3.7/site-packages/airflow/example_dags/example_skip_dag.py
[2022-08-09 08:21:00,639] {processor.py:642} INFO - Processing file /home/airflow/.local/lib/python3.7/site-packages/airflow/example_dags/example_skip_dag.py for tasks to queue
[2022-08-09 08:21:00,640] {logging_mixin.py:109} INFO - [2022-08-09 08:21:00,640] {dagbag.py:500} INFO - Filling up the DagBag from /home/airflow/.local/lib/python3.7/site-packages/airflow/example_dags/example_skip_dag.py
[2022-08-09 08:21:00,764] {processor.py:654} INFO - DAG(s) dict_keys(['example_skip_dag']) retrieved from /home/airflow/.local/lib/python3.7/site-packages/airflow/example_dags/example_skip_dag.py
[2022-08-09 08:21:00,775] {logging_mixin.py:109} INFO - [2022-08-09 08:21:00,775] {dag.py:2396} INFO - Sync 1 DAGs
[2022-08-09 08:21:00,790] {logging_mixin.py:109} INFO - [2022-08-09 08:21:00,789] {dag.py:2935} INFO - Setting next_dagrun for example_skip_dag to 2022-08-08T08:21:00.789783+00:00
[2022-08-09 08:21:00,802] {processor.py:171} INFO - Processing /home/airflow/.local/lib/python3.7/site-packages/airflow/example_dags/example_skip_dag.py took 0.170 seconds
[2022-08-09 08:21:31,245] {processor.py:163} INFO - Started process (PID=2212) to work on /home/airflow/.local/lib/python3.7/site-packages/airflow/example_dags/example_skip_dag.py
[2022-08-09 08:21:31,248] {processor.py:642} INFO - Processing file /home/airflow/.local/lib/python3.7/site-packages/airflow/example_dags/example_skip_dag.py for tasks to queue
[2022-08-09 08:21:31,249] {logging_mixin.py:109} INFO - [2022-08-09 08:21:31,249] {dagbag.py:500} INFO - Filling up the DagBag from /home/airflow/.local/lib/python3.7/site-packages/airflow/example_dags/example_skip_dag.py
[2022-08-09 08:21:31,368] {processor.py:654} INFO - DAG(s) dict_keys(['example_skip_dag']) retrieved from /home/airflow/.local/lib/python3.7/site-packages/airflow/example_dags/example_skip_dag.py
[2022-08-09 08:21:31,379] {logging_mixin.py:109} INFO - [2022-08-09 08:21:31,379] {dag.py:2396} INFO - Sync 1 DAGs
[2022-08-09 08:21:31,396] {logging_mixin.py:109} INFO - [2022-08-09 08:21:31,395] {dag.py:2935} INFO - Setting next_dagrun for example_skip_dag to 2022-08-08T08:21:31.395682+00:00
[2022-08-09 08:21:31,407] {processor.py:171} INFO - Processing /home/airflow/.local/lib/python3.7/site-packages/airflow/example_dags/example_skip_dag.py took 0.165 seconds
[2022-08-09 08:22:02,100] {processor.py:163} INFO - Started process (PID=2280) to work on /home/airflow/.local/lib/python3.7/site-packages/airflow/example_dags/example_skip_dag.py
[2022-08-09 08:22:02,102] {processor.py:642} INFO - Processing file /home/airflow/.local/lib/python3.7/site-packages/airflow/example_dags/example_skip_dag.py for tasks to queue
[2022-08-09 08:22:02,104] {logging_mixin.py:109} INFO - [2022-08-09 08:22:02,104] {dagbag.py:500} INFO - Filling up the DagBag from /home/airflow/.local/lib/python3.7/site-packages/airflow/example_dags/example_skip_dag.py
[2022-08-09 08:22:02,318] {processor.py:654} INFO - DAG(s) dict_keys(['example_skip_dag']) retrieved from /home/airflow/.local/lib/python3.7/site-packages/airflow/example_dags/example_skip_dag.py
[2022-08-09 08:22:02,337] {logging_mixin.py:109} INFO - [2022-08-09 08:22:02,337] {dag.py:2396} INFO - Sync 1 DAGs
[2022-08-09 08:22:02,367] {logging_mixin.py:109} INFO - [2022-08-09 08:22:02,366] {dag.py:2935} INFO - Setting next_dagrun for example_skip_dag to 2022-08-08T08:22:02.366703+00:00
[2022-08-09 08:22:02,379] {processor.py:171} INFO - Processing /home/airflow/.local/lib/python3.7/site-packages/airflow/example_dags/example_skip_dag.py took 0.283 seconds
[2022-08-09 08:22:32,789] {processor.py:163} INFO - Started process (PID=2340) to work on /home/airflow/.local/lib/python3.7/site-packages/airflow/example_dags/example_skip_dag.py
[2022-08-09 08:22:32,792] {processor.py:642} INFO - Processing file /home/airflow/.local/lib/python3.7/site-packages/airflow/example_dags/example_skip_dag.py for tasks to queue
[2022-08-09 08:22:32,794] {logging_mixin.py:109} INFO - [2022-08-09 08:22:32,794] {dagbag.py:500} INFO - Filling up the DagBag from /home/airflow/.local/lib/python3.7/site-packages/airflow/example_dags/example_skip_dag.py
[2022-08-09 08:22:32,933] {processor.py:654} INFO - DAG(s) dict_keys(['example_skip_dag']) retrieved from /home/airflow/.local/lib/python3.7/site-packages/airflow/example_dags/example_skip_dag.py
[2022-08-09 08:22:32,949] {logging_mixin.py:109} INFO - [2022-08-09 08:22:32,949] {dag.py:2396} INFO - Sync 1 DAGs
[2022-08-09 08:22:32,965] {logging_mixin.py:109} INFO - [2022-08-09 08:22:32,965] {dag.py:2935} INFO - Setting next_dagrun for example_skip_dag to 2022-08-08T08:22:32.965473+00:00
[2022-08-09 08:22:32,977] {processor.py:171} INFO - Processing /home/airflow/.local/lib/python3.7/site-packages/airflow/example_dags/example_skip_dag.py took 0.194 seconds
[2022-08-09 08:23:03,701] {processor.py:163} INFO - Started process (PID=2410) to work on /home/airflow/.local/lib/python3.7/site-packages/airflow/example_dags/example_skip_dag.py
[2022-08-09 08:23:03,704] {processor.py:642} INFO - Processing file /home/airflow/.local/lib/python3.7/site-packages/airflow/example_dags/example_skip_dag.py for tasks to queue
[2022-08-09 08:23:03,706] {logging_mixin.py:109} INFO - [2022-08-09 08:23:03,706] {dagbag.py:500} INFO - Filling up the DagBag from /home/airflow/.local/lib/python3.7/site-packages/airflow/example_dags/example_skip_dag.py
[2022-08-09 08:23:03,749] {processor.py:654} INFO - DAG(s) dict_keys(['example_skip_dag']) retrieved from /home/airflow/.local/lib/python3.7/site-packages/airflow/example_dags/example_skip_dag.py
[2022-08-09 08:23:03,763] {logging_mixin.py:109} INFO - [2022-08-09 08:23:03,763] {dag.py:2396} INFO - Sync 1 DAGs
[2022-08-09 08:23:03,783] {logging_mixin.py:109} INFO - [2022-08-09 08:23:03,783] {dag.py:2935} INFO - Setting next_dagrun for example_skip_dag to 2022-08-08T08:23:03.782874+00:00
[2022-08-09 08:23:03,798] {processor.py:171} INFO - Processing /home/airflow/.local/lib/python3.7/site-packages/airflow/example_dags/example_skip_dag.py took 0.108 seconds
[2022-08-09 08:23:34,188] {processor.py:163} INFO - Started process (PID=2471) to work on /home/airflow/.local/lib/python3.7/site-packages/airflow/example_dags/example_skip_dag.py
[2022-08-09 08:23:34,190] {processor.py:642} INFO - Processing file /home/airflow/.local/lib/python3.7/site-packages/airflow/example_dags/example_skip_dag.py for tasks to queue
[2022-08-09 08:23:34,192] {logging_mixin.py:109} INFO - [2022-08-09 08:23:34,191] {dagbag.py:500} INFO - Filling up the DagBag from /home/airflow/.local/lib/python3.7/site-packages/airflow/example_dags/example_skip_dag.py
[2022-08-09 08:23:34,229] {processor.py:654} INFO - DAG(s) dict_keys(['example_skip_dag']) retrieved from /home/airflow/.local/lib/python3.7/site-packages/airflow/example_dags/example_skip_dag.py
[2022-08-09 08:23:34,246] {logging_mixin.py:109} INFO - [2022-08-09 08:23:34,246] {dag.py:2396} INFO - Sync 1 DAGs
[2022-08-09 08:23:34,263] {logging_mixin.py:109} INFO - [2022-08-09 08:23:34,263] {dag.py:2935} INFO - Setting next_dagrun for example_skip_dag to 2022-08-08T08:23:34.263442+00:00
[2022-08-09 08:23:34,277] {processor.py:171} INFO - Processing /home/airflow/.local/lib/python3.7/site-packages/airflow/example_dags/example_skip_dag.py took 0.094 seconds
[2022-08-09 08:24:04,409] {processor.py:163} INFO - Started process (PID=2539) to work on /home/airflow/.local/lib/python3.7/site-packages/airflow/example_dags/example_skip_dag.py
[2022-08-09 08:24:04,411] {processor.py:642} INFO - Processing file /home/airflow/.local/lib/python3.7/site-packages/airflow/example_dags/example_skip_dag.py for tasks to queue
[2022-08-09 08:24:04,412] {logging_mixin.py:109} INFO - [2022-08-09 08:24:04,412] {dagbag.py:500} INFO - Filling up the DagBag from /home/airflow/.local/lib/python3.7/site-packages/airflow/example_dags/example_skip_dag.py
[2022-08-09 08:24:04,445] {processor.py:654} INFO - DAG(s) dict_keys(['example_skip_dag']) retrieved from /home/airflow/.local/lib/python3.7/site-packages/airflow/example_dags/example_skip_dag.py
[2022-08-09 08:24:04,459] {logging_mixin.py:109} INFO - [2022-08-09 08:24:04,459] {dag.py:2396} INFO - Sync 1 DAGs
[2022-08-09 08:24:04,483] {logging_mixin.py:109} INFO - [2022-08-09 08:24:04,483] {dag.py:2935} INFO - Setting next_dagrun for example_skip_dag to 2022-08-08T08:24:04.483357+00:00
[2022-08-09 08:24:04,499] {processor.py:171} INFO - Processing /home/airflow/.local/lib/python3.7/site-packages/airflow/example_dags/example_skip_dag.py took 0.094 seconds
[2022-08-09 08:24:34,885] {processor.py:163} INFO - Started process (PID=2602) to work on /home/airflow/.local/lib/python3.7/site-packages/airflow/example_dags/example_skip_dag.py
[2022-08-09 08:24:34,887] {processor.py:642} INFO - Processing file /home/airflow/.local/lib/python3.7/site-packages/airflow/example_dags/example_skip_dag.py for tasks to queue
[2022-08-09 08:24:34,893] {logging_mixin.py:109} INFO - [2022-08-09 08:24:34,893] {dagbag.py:500} INFO - Filling up the DagBag from /home/airflow/.local/lib/python3.7/site-packages/airflow/example_dags/example_skip_dag.py
[2022-08-09 08:24:34,939] {processor.py:654} INFO - DAG(s) dict_keys(['example_skip_dag']) retrieved from /home/airflow/.local/lib/python3.7/site-packages/airflow/example_dags/example_skip_dag.py
[2022-08-09 08:24:34,954] {logging_mixin.py:109} INFO - [2022-08-09 08:24:34,954] {dag.py:2396} INFO - Sync 1 DAGs
[2022-08-09 08:24:34,972] {logging_mixin.py:109} INFO - [2022-08-09 08:24:34,972] {dag.py:2935} INFO - Setting next_dagrun for example_skip_dag to 2022-08-08T08:24:34.972253+00:00
[2022-08-09 08:24:34,989] {processor.py:171} INFO - Processing /home/airflow/.local/lib/python3.7/site-packages/airflow/example_dags/example_skip_dag.py took 0.108 seconds
[2022-08-09 08:25:05,811] {processor.py:163} INFO - Started process (PID=2662) to work on /home/airflow/.local/lib/python3.7/site-packages/airflow/example_dags/example_skip_dag.py
[2022-08-09 08:25:05,815] {processor.py:642} INFO - Processing file /home/airflow/.local/lib/python3.7/site-packages/airflow/example_dags/example_skip_dag.py for tasks to queue
[2022-08-09 08:25:05,816] {logging_mixin.py:109} INFO - [2022-08-09 08:25:05,816] {dagbag.py:500} INFO - Filling up the DagBag from /home/airflow/.local/lib/python3.7/site-packages/airflow/example_dags/example_skip_dag.py
[2022-08-09 08:25:05,846] {processor.py:654} INFO - DAG(s) dict_keys(['example_skip_dag']) retrieved from /home/airflow/.local/lib/python3.7/site-packages/airflow/example_dags/example_skip_dag.py
[2022-08-09 08:25:05,858] {logging_mixin.py:109} INFO - [2022-08-09 08:25:05,857] {dag.py:2396} INFO - Sync 1 DAGs
[2022-08-09 08:25:05,874] {logging_mixin.py:109} INFO - [2022-08-09 08:25:05,874] {dag.py:2935} INFO - Setting next_dagrun for example_skip_dag to 2022-08-08T08:25:05.873910+00:00
[2022-08-09 08:25:05,885] {processor.py:171} INFO - Processing /home/airflow/.local/lib/python3.7/site-packages/airflow/example_dags/example_skip_dag.py took 0.079 seconds
[2022-08-09 08:25:36,416] {processor.py:163} INFO - Started process (PID=2732) to work on /home/airflow/.local/lib/python3.7/site-packages/airflow/example_dags/example_skip_dag.py
[2022-08-09 08:25:36,418] {processor.py:642} INFO - Processing file /home/airflow/.local/lib/python3.7/site-packages/airflow/example_dags/example_skip_dag.py for tasks to queue
[2022-08-09 08:25:36,419] {logging_mixin.py:109} INFO - [2022-08-09 08:25:36,419] {dagbag.py:500} INFO - Filling up the DagBag from /home/airflow/.local/lib/python3.7/site-packages/airflow/example_dags/example_skip_dag.py
[2022-08-09 08:25:36,449] {processor.py:654} INFO - DAG(s) dict_keys(['example_skip_dag']) retrieved from /home/airflow/.local/lib/python3.7/site-packages/airflow/example_dags/example_skip_dag.py
[2022-08-09 08:25:36,461] {logging_mixin.py:109} INFO - [2022-08-09 08:25:36,461] {dag.py:2396} INFO - Sync 1 DAGs
[2022-08-09 08:25:36,478] {logging_mixin.py:109} INFO - [2022-08-09 08:25:36,477] {dag.py:2935} INFO - Setting next_dagrun for example_skip_dag to 2022-08-08T08:25:36.477660+00:00
[2022-08-09 08:25:36,490] {processor.py:171} INFO - Processing /home/airflow/.local/lib/python3.7/site-packages/airflow/example_dags/example_skip_dag.py took 0.079 seconds
[2022-08-09 08:26:06,800] {processor.py:163} INFO - Started process (PID=2791) to work on /home/airflow/.local/lib/python3.7/site-packages/airflow/example_dags/example_skip_dag.py
[2022-08-09 08:26:06,802] {processor.py:642} INFO - Processing file /home/airflow/.local/lib/python3.7/site-packages/airflow/example_dags/example_skip_dag.py for tasks to queue
[2022-08-09 08:26:06,805] {logging_mixin.py:109} INFO - [2022-08-09 08:26:06,805] {dagbag.py:500} INFO - Filling up the DagBag from /home/airflow/.local/lib/python3.7/site-packages/airflow/example_dags/example_skip_dag.py
[2022-08-09 08:26:06,839] {processor.py:654} INFO - DAG(s) dict_keys(['example_skip_dag']) retrieved from /home/airflow/.local/lib/python3.7/site-packages/airflow/example_dags/example_skip_dag.py
[2022-08-09 08:26:06,850] {logging_mixin.py:109} INFO - [2022-08-09 08:26:06,850] {dag.py:2396} INFO - Sync 1 DAGs
[2022-08-09 08:26:06,866] {logging_mixin.py:109} INFO - [2022-08-09 08:26:06,866] {dag.py:2935} INFO - Setting next_dagrun for example_skip_dag to 2022-08-08T08:26:06.866347+00:00
[2022-08-09 08:26:06,879] {processor.py:171} INFO - Processing /home/airflow/.local/lib/python3.7/site-packages/airflow/example_dags/example_skip_dag.py took 0.086 seconds
[2022-08-09 08:26:37,043] {processor.py:163} INFO - Started process (PID=2860) to work on /home/airflow/.local/lib/python3.7/site-packages/airflow/example_dags/example_skip_dag.py
[2022-08-09 08:26:37,045] {processor.py:642} INFO - Processing file /home/airflow/.local/lib/python3.7/site-packages/airflow/example_dags/example_skip_dag.py for tasks to queue
[2022-08-09 08:26:37,047] {logging_mixin.py:109} INFO - [2022-08-09 08:26:37,047] {dagbag.py:500} INFO - Filling up the DagBag from /home/airflow/.local/lib/python3.7/site-packages/airflow/example_dags/example_skip_dag.py
[2022-08-09 08:26:37,079] {processor.py:654} INFO - DAG(s) dict_keys(['example_skip_dag']) retrieved from /home/airflow/.local/lib/python3.7/site-packages/airflow/example_dags/example_skip_dag.py
[2022-08-09 08:26:37,094] {logging_mixin.py:109} INFO - [2022-08-09 08:26:37,094] {dag.py:2396} INFO - Sync 1 DAGs
[2022-08-09 08:26:37,117] {logging_mixin.py:109} INFO - [2022-08-09 08:26:37,117] {dag.py:2935} INFO - Setting next_dagrun for example_skip_dag to 2022-08-08T08:26:37.116777+00:00
[2022-08-09 08:26:37,130] {processor.py:171} INFO - Processing /home/airflow/.local/lib/python3.7/site-packages/airflow/example_dags/example_skip_dag.py took 0.090 seconds
[2022-08-09 08:27:07,691] {processor.py:163} INFO - Started process (PID=2921) to work on /home/airflow/.local/lib/python3.7/site-packages/airflow/example_dags/example_skip_dag.py
[2022-08-09 08:27:07,694] {processor.py:642} INFO - Processing file /home/airflow/.local/lib/python3.7/site-packages/airflow/example_dags/example_skip_dag.py for tasks to queue
[2022-08-09 08:27:07,695] {logging_mixin.py:109} INFO - [2022-08-09 08:27:07,695] {dagbag.py:500} INFO - Filling up the DagBag from /home/airflow/.local/lib/python3.7/site-packages/airflow/example_dags/example_skip_dag.py
[2022-08-09 08:27:07,731] {processor.py:654} INFO - DAG(s) dict_keys(['example_skip_dag']) retrieved from /home/airflow/.local/lib/python3.7/site-packages/airflow/example_dags/example_skip_dag.py
[2022-08-09 08:27:07,743] {logging_mixin.py:109} INFO - [2022-08-09 08:27:07,742] {dag.py:2396} INFO - Sync 1 DAGs
[2022-08-09 08:27:07,763] {logging_mixin.py:109} INFO - [2022-08-09 08:27:07,762] {dag.py:2935} INFO - Setting next_dagrun for example_skip_dag to 2022-08-08T08:27:07.762626+00:00
[2022-08-09 08:27:07,774] {processor.py:171} INFO - Processing /home/airflow/.local/lib/python3.7/site-packages/airflow/example_dags/example_skip_dag.py took 0.092 seconds
[2022-08-09 08:27:37,961] {processor.py:163} INFO - Started process (PID=2991) to work on /home/airflow/.local/lib/python3.7/site-packages/airflow/example_dags/example_skip_dag.py
[2022-08-09 08:27:37,964] {processor.py:642} INFO - Processing file /home/airflow/.local/lib/python3.7/site-packages/airflow/example_dags/example_skip_dag.py for tasks to queue
[2022-08-09 08:27:37,966] {logging_mixin.py:109} INFO - [2022-08-09 08:27:37,966] {dagbag.py:500} INFO - Filling up the DagBag from /home/airflow/.local/lib/python3.7/site-packages/airflow/example_dags/example_skip_dag.py
[2022-08-09 08:27:38,004] {processor.py:654} INFO - DAG(s) dict_keys(['example_skip_dag']) retrieved from /home/airflow/.local/lib/python3.7/site-packages/airflow/example_dags/example_skip_dag.py
[2022-08-09 08:27:38,019] {logging_mixin.py:109} INFO - [2022-08-09 08:27:38,019] {dag.py:2396} INFO - Sync 1 DAGs
[2022-08-09 08:27:38,042] {logging_mixin.py:109} INFO - [2022-08-09 08:27:38,042] {dag.py:2935} INFO - Setting next_dagrun for example_skip_dag to 2022-08-08T08:27:38.041880+00:00
[2022-08-09 08:27:38,060] {processor.py:171} INFO - Processing /home/airflow/.local/lib/python3.7/site-packages/airflow/example_dags/example_skip_dag.py took 0.103 seconds
[2022-08-09 08:28:08,146] {processor.py:163} INFO - Started process (PID=3051) to work on /home/airflow/.local/lib/python3.7/site-packages/airflow/example_dags/example_skip_dag.py
[2022-08-09 08:28:08,149] {processor.py:642} INFO - Processing file /home/airflow/.local/lib/python3.7/site-packages/airflow/example_dags/example_skip_dag.py for tasks to queue
[2022-08-09 08:28:08,152] {logging_mixin.py:109} INFO - [2022-08-09 08:28:08,152] {dagbag.py:500} INFO - Filling up the DagBag from /home/airflow/.local/lib/python3.7/site-packages/airflow/example_dags/example_skip_dag.py
[2022-08-09 08:28:08,183] {processor.py:654} INFO - DAG(s) dict_keys(['example_skip_dag']) retrieved from /home/airflow/.local/lib/python3.7/site-packages/airflow/example_dags/example_skip_dag.py
[2022-08-09 08:28:08,195] {logging_mixin.py:109} INFO - [2022-08-09 08:28:08,194] {dag.py:2396} INFO - Sync 1 DAGs
[2022-08-09 08:28:08,212] {logging_mixin.py:109} INFO - [2022-08-09 08:28:08,212] {dag.py:2935} INFO - Setting next_dagrun for example_skip_dag to 2022-08-08T08:28:08.212464+00:00
[2022-08-09 08:28:08,224] {processor.py:171} INFO - Processing /home/airflow/.local/lib/python3.7/site-packages/airflow/example_dags/example_skip_dag.py took 0.085 seconds
[2022-08-09 08:28:38,808] {processor.py:163} INFO - Started process (PID=3120) to work on /home/airflow/.local/lib/python3.7/site-packages/airflow/example_dags/example_skip_dag.py
[2022-08-09 08:28:38,811] {processor.py:642} INFO - Processing file /home/airflow/.local/lib/python3.7/site-packages/airflow/example_dags/example_skip_dag.py for tasks to queue
[2022-08-09 08:28:38,815] {logging_mixin.py:109} INFO - [2022-08-09 08:28:38,814] {dagbag.py:500} INFO - Filling up the DagBag from /home/airflow/.local/lib/python3.7/site-packages/airflow/example_dags/example_skip_dag.py
[2022-08-09 08:28:38,855] {processor.py:654} INFO - DAG(s) dict_keys(['example_skip_dag']) retrieved from /home/airflow/.local/lib/python3.7/site-packages/airflow/example_dags/example_skip_dag.py
[2022-08-09 08:28:38,874] {logging_mixin.py:109} INFO - [2022-08-09 08:28:38,874] {dag.py:2396} INFO - Sync 1 DAGs
[2022-08-09 08:28:38,903] {logging_mixin.py:109} INFO - [2022-08-09 08:28:38,903] {dag.py:2935} INFO - Setting next_dagrun for example_skip_dag to 2022-08-08T08:28:38.903174+00:00
[2022-08-09 08:28:38,924] {processor.py:171} INFO - Processing /home/airflow/.local/lib/python3.7/site-packages/airflow/example_dags/example_skip_dag.py took 0.124 seconds
[2022-08-09 08:29:09,409] {processor.py:163} INFO - Started process (PID=3180) to work on /home/airflow/.local/lib/python3.7/site-packages/airflow/example_dags/example_skip_dag.py
[2022-08-09 08:29:09,412] {processor.py:642} INFO - Processing file /home/airflow/.local/lib/python3.7/site-packages/airflow/example_dags/example_skip_dag.py for tasks to queue
[2022-08-09 08:29:09,415] {logging_mixin.py:109} INFO - [2022-08-09 08:29:09,415] {dagbag.py:500} INFO - Filling up the DagBag from /home/airflow/.local/lib/python3.7/site-packages/airflow/example_dags/example_skip_dag.py
[2022-08-09 08:29:09,450] {processor.py:654} INFO - DAG(s) dict_keys(['example_skip_dag']) retrieved from /home/airflow/.local/lib/python3.7/site-packages/airflow/example_dags/example_skip_dag.py
[2022-08-09 08:29:09,463] {logging_mixin.py:109} INFO - [2022-08-09 08:29:09,462] {dag.py:2396} INFO - Sync 1 DAGs
[2022-08-09 08:29:09,478] {logging_mixin.py:109} INFO - [2022-08-09 08:29:09,478] {dag.py:2935} INFO - Setting next_dagrun for example_skip_dag to 2022-08-08T08:29:09.478546+00:00
[2022-08-09 08:29:09,489] {processor.py:171} INFO - Processing /home/airflow/.local/lib/python3.7/site-packages/airflow/example_dags/example_skip_dag.py took 0.087 seconds
[2022-08-09 08:29:39,827] {processor.py:163} INFO - Started process (PID=3249) to work on /home/airflow/.local/lib/python3.7/site-packages/airflow/example_dags/example_skip_dag.py
[2022-08-09 08:29:39,830] {processor.py:642} INFO - Processing file /home/airflow/.local/lib/python3.7/site-packages/airflow/example_dags/example_skip_dag.py for tasks to queue
[2022-08-09 08:29:39,832] {logging_mixin.py:109} INFO - [2022-08-09 08:29:39,831] {dagbag.py:500} INFO - Filling up the DagBag from /home/airflow/.local/lib/python3.7/site-packages/airflow/example_dags/example_skip_dag.py
[2022-08-09 08:29:39,875] {processor.py:654} INFO - DAG(s) dict_keys(['example_skip_dag']) retrieved from /home/airflow/.local/lib/python3.7/site-packages/airflow/example_dags/example_skip_dag.py
[2022-08-09 08:29:39,890] {logging_mixin.py:109} INFO - [2022-08-09 08:29:39,890] {dag.py:2396} INFO - Sync 1 DAGs
[2022-08-09 08:29:39,907] {logging_mixin.py:109} INFO - [2022-08-09 08:29:39,907] {dag.py:2935} INFO - Setting next_dagrun for example_skip_dag to 2022-08-08T08:29:39.906936+00:00
[2022-08-09 08:29:39,918] {processor.py:171} INFO - Processing /home/airflow/.local/lib/python3.7/site-packages/airflow/example_dags/example_skip_dag.py took 0.094 seconds
[2022-08-09 08:30:10,572] {processor.py:163} INFO - Started process (PID=3309) to work on /home/airflow/.local/lib/python3.7/site-packages/airflow/example_dags/example_skip_dag.py
[2022-08-09 08:30:10,576] {processor.py:642} INFO - Processing file /home/airflow/.local/lib/python3.7/site-packages/airflow/example_dags/example_skip_dag.py for tasks to queue
[2022-08-09 08:30:10,577] {logging_mixin.py:109} INFO - [2022-08-09 08:30:10,577] {dagbag.py:500} INFO - Filling up the DagBag from /home/airflow/.local/lib/python3.7/site-packages/airflow/example_dags/example_skip_dag.py
[2022-08-09 08:30:10,619] {processor.py:654} INFO - DAG(s) dict_keys(['example_skip_dag']) retrieved from /home/airflow/.local/lib/python3.7/site-packages/airflow/example_dags/example_skip_dag.py
[2022-08-09 08:30:10,636] {logging_mixin.py:109} INFO - [2022-08-09 08:30:10,636] {dag.py:2396} INFO - Sync 1 DAGs
[2022-08-09 08:30:10,663] {logging_mixin.py:109} INFO - [2022-08-09 08:30:10,663] {dag.py:2935} INFO - Setting next_dagrun for example_skip_dag to 2022-08-08T08:30:10.663438+00:00
[2022-08-09 08:30:10,676] {processor.py:171} INFO - Processing /home/airflow/.local/lib/python3.7/site-packages/airflow/example_dags/example_skip_dag.py took 0.108 seconds
[2022-08-09 08:30:40,880] {processor.py:163} INFO - Started process (PID=3378) to work on /home/airflow/.local/lib/python3.7/site-packages/airflow/example_dags/example_skip_dag.py
[2022-08-09 08:30:40,883] {processor.py:642} INFO - Processing file /home/airflow/.local/lib/python3.7/site-packages/airflow/example_dags/example_skip_dag.py for tasks to queue
[2022-08-09 08:30:40,886] {logging_mixin.py:109} INFO - [2022-08-09 08:30:40,886] {dagbag.py:500} INFO - Filling up the DagBag from /home/airflow/.local/lib/python3.7/site-packages/airflow/example_dags/example_skip_dag.py
[2022-08-09 08:30:40,916] {processor.py:654} INFO - DAG(s) dict_keys(['example_skip_dag']) retrieved from /home/airflow/.local/lib/python3.7/site-packages/airflow/example_dags/example_skip_dag.py
[2022-08-09 08:30:40,932] {logging_mixin.py:109} INFO - [2022-08-09 08:30:40,932] {dag.py:2396} INFO - Sync 1 DAGs
[2022-08-09 08:30:40,955] {logging_mixin.py:109} INFO - [2022-08-09 08:30:40,954] {dag.py:2935} INFO - Setting next_dagrun for example_skip_dag to 2022-08-08T08:30:40.954220+00:00
[2022-08-09 08:30:40,978] {processor.py:171} INFO - Processing /home/airflow/.local/lib/python3.7/site-packages/airflow/example_dags/example_skip_dag.py took 0.105 seconds
[2022-08-09 08:31:11,184] {processor.py:163} INFO - Started process (PID=3439) to work on /home/airflow/.local/lib/python3.7/site-packages/airflow/example_dags/example_skip_dag.py
[2022-08-09 08:31:11,185] {processor.py:642} INFO - Processing file /home/airflow/.local/lib/python3.7/site-packages/airflow/example_dags/example_skip_dag.py for tasks to queue
[2022-08-09 08:31:11,187] {logging_mixin.py:109} INFO - [2022-08-09 08:31:11,187] {dagbag.py:500} INFO - Filling up the DagBag from /home/airflow/.local/lib/python3.7/site-packages/airflow/example_dags/example_skip_dag.py
[2022-08-09 08:31:11,223] {processor.py:654} INFO - DAG(s) dict_keys(['example_skip_dag']) retrieved from /home/airflow/.local/lib/python3.7/site-packages/airflow/example_dags/example_skip_dag.py
[2022-08-09 08:31:11,241] {logging_mixin.py:109} INFO - [2022-08-09 08:31:11,241] {dag.py:2396} INFO - Sync 1 DAGs
[2022-08-09 08:31:11,268] {logging_mixin.py:109} INFO - [2022-08-09 08:31:11,268] {dag.py:2935} INFO - Setting next_dagrun for example_skip_dag to 2022-08-08T08:31:11.267655+00:00
[2022-08-09 08:31:11,283] {processor.py:171} INFO - Processing /home/airflow/.local/lib/python3.7/site-packages/airflow/example_dags/example_skip_dag.py took 0.102 seconds
[2022-08-09 08:31:41,603] {processor.py:163} INFO - Started process (PID=3499) to work on /home/airflow/.local/lib/python3.7/site-packages/airflow/example_dags/example_skip_dag.py
[2022-08-09 08:31:41,606] {processor.py:642} INFO - Processing file /home/airflow/.local/lib/python3.7/site-packages/airflow/example_dags/example_skip_dag.py for tasks to queue
[2022-08-09 08:31:41,608] {logging_mixin.py:109} INFO - [2022-08-09 08:31:41,608] {dagbag.py:500} INFO - Filling up the DagBag from /home/airflow/.local/lib/python3.7/site-packages/airflow/example_dags/example_skip_dag.py
[2022-08-09 08:31:41,642] {processor.py:654} INFO - DAG(s) dict_keys(['example_skip_dag']) retrieved from /home/airflow/.local/lib/python3.7/site-packages/airflow/example_dags/example_skip_dag.py
[2022-08-09 08:31:41,659] {logging_mixin.py:109} INFO - [2022-08-09 08:31:41,659] {dag.py:2396} INFO - Sync 1 DAGs
[2022-08-09 08:31:41,676] {logging_mixin.py:109} INFO - [2022-08-09 08:31:41,676] {dag.py:2935} INFO - Setting next_dagrun for example_skip_dag to 2022-08-08T08:31:41.676036+00:00
[2022-08-09 08:31:41,693] {processor.py:171} INFO - Processing /home/airflow/.local/lib/python3.7/site-packages/airflow/example_dags/example_skip_dag.py took 0.095 seconds
[2022-08-09 08:32:12,512] {processor.py:163} INFO - Started process (PID=3570) to work on /home/airflow/.local/lib/python3.7/site-packages/airflow/example_dags/example_skip_dag.py
[2022-08-09 08:32:12,514] {processor.py:642} INFO - Processing file /home/airflow/.local/lib/python3.7/site-packages/airflow/example_dags/example_skip_dag.py for tasks to queue
[2022-08-09 08:32:12,515] {logging_mixin.py:109} INFO - [2022-08-09 08:32:12,515] {dagbag.py:500} INFO - Filling up the DagBag from /home/airflow/.local/lib/python3.7/site-packages/airflow/example_dags/example_skip_dag.py
[2022-08-09 08:32:12,551] {processor.py:654} INFO - DAG(s) dict_keys(['example_skip_dag']) retrieved from /home/airflow/.local/lib/python3.7/site-packages/airflow/example_dags/example_skip_dag.py
[2022-08-09 08:32:12,566] {logging_mixin.py:109} INFO - [2022-08-09 08:32:12,565] {dag.py:2396} INFO - Sync 1 DAGs
[2022-08-09 08:32:12,585] {logging_mixin.py:109} INFO - [2022-08-09 08:32:12,585] {dag.py:2935} INFO - Setting next_dagrun for example_skip_dag to 2022-08-08T08:32:12.585277+00:00
[2022-08-09 08:32:12,596] {processor.py:171} INFO - Processing /home/airflow/.local/lib/python3.7/site-packages/airflow/example_dags/example_skip_dag.py took 0.087 seconds
[2022-08-09 08:32:42,697] {processor.py:163} INFO - Started process (PID=3631) to work on /home/airflow/.local/lib/python3.7/site-packages/airflow/example_dags/example_skip_dag.py
[2022-08-09 08:32:42,701] {processor.py:642} INFO - Processing file /home/airflow/.local/lib/python3.7/site-packages/airflow/example_dags/example_skip_dag.py for tasks to queue
[2022-08-09 08:32:42,703] {logging_mixin.py:109} INFO - [2022-08-09 08:32:42,703] {dagbag.py:500} INFO - Filling up the DagBag from /home/airflow/.local/lib/python3.7/site-packages/airflow/example_dags/example_skip_dag.py
[2022-08-09 08:32:42,749] {processor.py:654} INFO - DAG(s) dict_keys(['example_skip_dag']) retrieved from /home/airflow/.local/lib/python3.7/site-packages/airflow/example_dags/example_skip_dag.py
[2022-08-09 08:32:42,771] {logging_mixin.py:109} INFO - [2022-08-09 08:32:42,771] {dag.py:2396} INFO - Sync 1 DAGs
[2022-08-09 08:32:42,798] {logging_mixin.py:109} INFO - [2022-08-09 08:32:42,798] {dag.py:2935} INFO - Setting next_dagrun for example_skip_dag to 2022-08-08T08:32:42.797957+00:00
[2022-08-09 08:32:42,818] {processor.py:171} INFO - Processing /home/airflow/.local/lib/python3.7/site-packages/airflow/example_dags/example_skip_dag.py took 0.126 seconds
[2022-08-09 08:33:13,414] {processor.py:163} INFO - Started process (PID=3700) to work on /home/airflow/.local/lib/python3.7/site-packages/airflow/example_dags/example_skip_dag.py
[2022-08-09 08:33:13,417] {processor.py:642} INFO - Processing file /home/airflow/.local/lib/python3.7/site-packages/airflow/example_dags/example_skip_dag.py for tasks to queue
[2022-08-09 08:33:13,418] {logging_mixin.py:109} INFO - [2022-08-09 08:33:13,418] {dagbag.py:500} INFO - Filling up the DagBag from /home/airflow/.local/lib/python3.7/site-packages/airflow/example_dags/example_skip_dag.py
[2022-08-09 08:33:13,477] {processor.py:654} INFO - DAG(s) dict_keys(['example_skip_dag']) retrieved from /home/airflow/.local/lib/python3.7/site-packages/airflow/example_dags/example_skip_dag.py
[2022-08-09 08:33:13,488] {logging_mixin.py:109} INFO - [2022-08-09 08:33:13,488] {dag.py:2396} INFO - Sync 1 DAGs
[2022-08-09 08:33:13,509] {logging_mixin.py:109} INFO - [2022-08-09 08:33:13,509] {dag.py:2935} INFO - Setting next_dagrun for example_skip_dag to 2022-08-08T08:33:13.508653+00:00
[2022-08-09 08:33:13,520] {processor.py:171} INFO - Processing /home/airflow/.local/lib/python3.7/site-packages/airflow/example_dags/example_skip_dag.py took 0.109 seconds
[2022-08-09 08:33:43,797] {processor.py:163} INFO - Started process (PID=3762) to work on /home/airflow/.local/lib/python3.7/site-packages/airflow/example_dags/example_skip_dag.py
[2022-08-09 08:33:43,800] {processor.py:642} INFO - Processing file /home/airflow/.local/lib/python3.7/site-packages/airflow/example_dags/example_skip_dag.py for tasks to queue
[2022-08-09 08:33:43,802] {logging_mixin.py:109} INFO - [2022-08-09 08:33:43,802] {dagbag.py:500} INFO - Filling up the DagBag from /home/airflow/.local/lib/python3.7/site-packages/airflow/example_dags/example_skip_dag.py
[2022-08-09 08:33:43,840] {processor.py:654} INFO - DAG(s) dict_keys(['example_skip_dag']) retrieved from /home/airflow/.local/lib/python3.7/site-packages/airflow/example_dags/example_skip_dag.py
[2022-08-09 08:33:43,854] {logging_mixin.py:109} INFO - [2022-08-09 08:33:43,854] {dag.py:2396} INFO - Sync 1 DAGs
[2022-08-09 08:33:43,874] {logging_mixin.py:109} INFO - [2022-08-09 08:33:43,874] {dag.py:2935} INFO - Setting next_dagrun for example_skip_dag to 2022-08-08T08:33:43.874013+00:00
[2022-08-09 08:33:43,885] {processor.py:171} INFO - Processing /home/airflow/.local/lib/python3.7/site-packages/airflow/example_dags/example_skip_dag.py took 0.093 seconds
[2022-08-09 08:34:14,203] {processor.py:163} INFO - Started process (PID=3831) to work on /home/airflow/.local/lib/python3.7/site-packages/airflow/example_dags/example_skip_dag.py
[2022-08-09 08:34:14,206] {processor.py:642} INFO - Processing file /home/airflow/.local/lib/python3.7/site-packages/airflow/example_dags/example_skip_dag.py for tasks to queue
[2022-08-09 08:34:14,208] {logging_mixin.py:109} INFO - [2022-08-09 08:34:14,208] {dagbag.py:500} INFO - Filling up the DagBag from /home/airflow/.local/lib/python3.7/site-packages/airflow/example_dags/example_skip_dag.py
[2022-08-09 08:34:14,245] {processor.py:654} INFO - DAG(s) dict_keys(['example_skip_dag']) retrieved from /home/airflow/.local/lib/python3.7/site-packages/airflow/example_dags/example_skip_dag.py
[2022-08-09 08:34:14,257] {logging_mixin.py:109} INFO - [2022-08-09 08:34:14,257] {dag.py:2396} INFO - Sync 1 DAGs
[2022-08-09 08:34:14,275] {logging_mixin.py:109} INFO - [2022-08-09 08:34:14,275] {dag.py:2935} INFO - Setting next_dagrun for example_skip_dag to 2022-08-08T08:34:14.275277+00:00
[2022-08-09 08:34:14,286] {processor.py:171} INFO - Processing /home/airflow/.local/lib/python3.7/site-packages/airflow/example_dags/example_skip_dag.py took 0.088 seconds
[2022-08-09 08:34:44,659] {processor.py:163} INFO - Started process (PID=3891) to work on /home/airflow/.local/lib/python3.7/site-packages/airflow/example_dags/example_skip_dag.py
[2022-08-09 08:34:44,661] {processor.py:642} INFO - Processing file /home/airflow/.local/lib/python3.7/site-packages/airflow/example_dags/example_skip_dag.py for tasks to queue
[2022-08-09 08:34:44,662] {logging_mixin.py:109} INFO - [2022-08-09 08:34:44,662] {dagbag.py:500} INFO - Filling up the DagBag from /home/airflow/.local/lib/python3.7/site-packages/airflow/example_dags/example_skip_dag.py
[2022-08-09 08:34:44,696] {processor.py:654} INFO - DAG(s) dict_keys(['example_skip_dag']) retrieved from /home/airflow/.local/lib/python3.7/site-packages/airflow/example_dags/example_skip_dag.py
[2022-08-09 08:34:44,692] {logging_mixin.py:109} INFO - [2022-08-09 08:34:44,692] {dag.py:2396} INFO - Sync 1 DAGs
[2022-08-09 08:34:44,721] {logging_mixin.py:109} INFO - [2022-08-09 08:34:44,720] {dag.py:2935} INFO - Setting next_dagrun for example_skip_dag to 2022-08-08T08:34:44.720668+00:00
[2022-08-09 08:34:44,737] {processor.py:171} INFO - Processing /home/airflow/.local/lib/python3.7/site-packages/airflow/example_dags/example_skip_dag.py took 0.104 seconds
[2022-08-09 08:35:14,892] {processor.py:163} INFO - Started process (PID=3960) to work on /home/airflow/.local/lib/python3.7/site-packages/airflow/example_dags/example_skip_dag.py
[2022-08-09 08:35:14,896] {processor.py:642} INFO - Processing file /home/airflow/.local/lib/python3.7/site-packages/airflow/example_dags/example_skip_dag.py for tasks to queue
[2022-08-09 08:35:14,897] {logging_mixin.py:109} INFO - [2022-08-09 08:35:14,897] {dagbag.py:500} INFO - Filling up the DagBag from /home/airflow/.local/lib/python3.7/site-packages/airflow/example_dags/example_skip_dag.py
[2022-08-09 08:35:14,952] {processor.py:654} INFO - DAG(s) dict_keys(['example_skip_dag']) retrieved from /home/airflow/.local/lib/python3.7/site-packages/airflow/example_dags/example_skip_dag.py
[2022-08-09 08:35:14,967] {logging_mixin.py:109} INFO - [2022-08-09 08:35:14,967] {dag.py:2396} INFO - Sync 1 DAGs
[2022-08-09 08:35:15,001] {logging_mixin.py:109} INFO - [2022-08-09 08:35:15,001] {dag.py:2935} INFO - Setting next_dagrun for example_skip_dag to 2022-08-08T08:35:15.000732+00:00
[2022-08-09 08:35:15,027] {processor.py:171} INFO - Processing /home/airflow/.local/lib/python3.7/site-packages/airflow/example_dags/example_skip_dag.py took 0.139 seconds
[2022-08-09 08:35:46,351] {processor.py:163} INFO - Started process (PID=4020) to work on /home/airflow/.local/lib/python3.7/site-packages/airflow/example_dags/example_skip_dag.py
[2022-08-09 08:35:46,355] {processor.py:642} INFO - Processing file /home/airflow/.local/lib/python3.7/site-packages/airflow/example_dags/example_skip_dag.py for tasks to queue
[2022-08-09 08:35:46,357] {logging_mixin.py:109} INFO - [2022-08-09 08:35:46,357] {dagbag.py:500} INFO - Filling up the DagBag from /home/airflow/.local/lib/python3.7/site-packages/airflow/example_dags/example_skip_dag.py
[2022-08-09 08:35:46,411] {processor.py:654} INFO - DAG(s) dict_keys(['example_skip_dag']) retrieved from /home/airflow/.local/lib/python3.7/site-packages/airflow/example_dags/example_skip_dag.py
[2022-08-09 08:35:46,431] {logging_mixin.py:109} INFO - [2022-08-09 08:35:46,430] {dag.py:2396} INFO - Sync 1 DAGs
[2022-08-09 08:35:46,457] {logging_mixin.py:109} INFO - [2022-08-09 08:35:46,456] {dag.py:2935} INFO - Setting next_dagrun for example_skip_dag to 2022-08-08T08:35:46.456362+00:00
[2022-08-09 08:35:46,481] {processor.py:171} INFO - Processing /home/airflow/.local/lib/python3.7/site-packages/airflow/example_dags/example_skip_dag.py took 0.136 seconds
[2022-08-09 08:36:17,027] {processor.py:163} INFO - Started process (PID=4080) to work on /home/airflow/.local/lib/python3.7/site-packages/airflow/example_dags/example_skip_dag.py
[2022-08-09 08:36:17,031] {processor.py:642} INFO - Processing file /home/airflow/.local/lib/python3.7/site-packages/airflow/example_dags/example_skip_dag.py for tasks to queue
[2022-08-09 08:36:17,034] {logging_mixin.py:109} INFO - [2022-08-09 08:36:17,033] {dagbag.py:500} INFO - Filling up the DagBag from /home/airflow/.local/lib/python3.7/site-packages/airflow/example_dags/example_skip_dag.py
[2022-08-09 08:36:17,091] {processor.py:654} INFO - DAG(s) dict_keys(['example_skip_dag']) retrieved from /home/airflow/.local/lib/python3.7/site-packages/airflow/example_dags/example_skip_dag.py
[2022-08-09 08:36:17,111] {logging_mixin.py:109} INFO - [2022-08-09 08:36:17,111] {dag.py:2396} INFO - Sync 1 DAGs
[2022-08-09 08:36:17,140] {logging_mixin.py:109} INFO - [2022-08-09 08:36:17,139] {dag.py:2935} INFO - Setting next_dagrun for example_skip_dag to 2022-08-08T08:36:17.139434+00:00
[2022-08-09 08:36:17,162] {processor.py:171} INFO - Processing /home/airflow/.local/lib/python3.7/site-packages/airflow/example_dags/example_skip_dag.py took 0.142 seconds
[2022-08-09 08:36:47,469] {processor.py:163} INFO - Started process (PID=4141) to work on /home/airflow/.local/lib/python3.7/site-packages/airflow/example_dags/example_skip_dag.py
[2022-08-09 08:36:47,472] {processor.py:642} INFO - Processing file /home/airflow/.local/lib/python3.7/site-packages/airflow/example_dags/example_skip_dag.py for tasks to queue
[2022-08-09 08:36:47,476] {logging_mixin.py:109} INFO - [2022-08-09 08:36:47,476] {dagbag.py:500} INFO - Filling up the DagBag from /home/airflow/.local/lib/python3.7/site-packages/airflow/example_dags/example_skip_dag.py
[2022-08-09 08:36:47,539] {processor.py:654} INFO - DAG(s) dict_keys(['example_skip_dag']) retrieved from /home/airflow/.local/lib/python3.7/site-packages/airflow/example_dags/example_skip_dag.py
[2022-08-09 08:36:47,558] {logging_mixin.py:109} INFO - [2022-08-09 08:36:47,558] {dag.py:2396} INFO - Sync 1 DAGs
[2022-08-09 08:36:47,586] {logging_mixin.py:109} INFO - [2022-08-09 08:36:47,586] {dag.py:2935} INFO - Setting next_dagrun for example_skip_dag to 2022-08-08T08:36:47.586155+00:00
[2022-08-09 08:36:47,605] {processor.py:171} INFO - Processing /home/airflow/.local/lib/python3.7/site-packages/airflow/example_dags/example_skip_dag.py took 0.143 seconds
