[2022-08-09 08:04:35,629] {processor.py:163} INFO - Started process (PID=60) to work on /home/airflow/.local/lib/python3.7/site-packages/airflow/example_dags/example_branch_datetime_operator.py
[2022-08-09 08:04:35,633] {processor.py:642} INFO - Processing file /home/airflow/.local/lib/python3.7/site-packages/airflow/example_dags/example_branch_datetime_operator.py for tasks to queue
[2022-08-09 08:04:35,635] {logging_mixin.py:109} INFO - [2022-08-09 08:04:35,635] {dagbag.py:500} INFO - Filling up the DagBag from /home/airflow/.local/lib/python3.7/site-packages/airflow/example_dags/example_branch_datetime_operator.py
[2022-08-09 08:04:35,707] {processor.py:654} INFO - DAG(s) dict_keys(['example_branch_datetime_operator_2']) retrieved from /home/airflow/.local/lib/python3.7/site-packages/airflow/example_dags/example_branch_datetime_operator.py
[2022-08-09 08:04:35,739] {logging_mixin.py:109} INFO - [2022-08-09 08:04:35,739] {dag.py:2396} INFO - Sync 1 DAGs
[2022-08-09 08:04:35,784] {logging_mixin.py:109} INFO - [2022-08-09 08:04:35,784] {dag.py:2935} INFO - Setting next_dagrun for example_branch_datetime_operator_2 to 2022-08-08 00:00:00+00:00
[2022-08-09 08:04:35,805] {processor.py:171} INFO - Processing /home/airflow/.local/lib/python3.7/site-packages/airflow/example_dags/example_branch_datetime_operator.py took 0.185 seconds
[2022-08-09 08:05:06,481] {processor.py:163} INFO - Started process (PID=129) to work on /home/airflow/.local/lib/python3.7/site-packages/airflow/example_dags/example_branch_datetime_operator.py
[2022-08-09 08:05:06,486] {processor.py:642} INFO - Processing file /home/airflow/.local/lib/python3.7/site-packages/airflow/example_dags/example_branch_datetime_operator.py for tasks to queue
[2022-08-09 08:05:06,489] {logging_mixin.py:109} INFO - [2022-08-09 08:05:06,489] {dagbag.py:500} INFO - Filling up the DagBag from /home/airflow/.local/lib/python3.7/site-packages/airflow/example_dags/example_branch_datetime_operator.py
[2022-08-09 08:05:06,533] {processor.py:654} INFO - DAG(s) dict_keys(['example_branch_datetime_operator_2']) retrieved from /home/airflow/.local/lib/python3.7/site-packages/airflow/example_dags/example_branch_datetime_operator.py
[2022-08-09 08:05:06,549] {logging_mixin.py:109} INFO - [2022-08-09 08:05:06,549] {dag.py:2396} INFO - Sync 1 DAGs
[2022-08-09 08:05:06,567] {logging_mixin.py:109} INFO - [2022-08-09 08:05:06,567] {dag.py:2935} INFO - Setting next_dagrun for example_branch_datetime_operator_2 to 2022-08-08 00:00:00+00:00
[2022-08-09 08:05:06,580] {processor.py:171} INFO - Processing /home/airflow/.local/lib/python3.7/site-packages/airflow/example_dags/example_branch_datetime_operator.py took 0.108 seconds
[2022-08-09 08:05:36,785] {processor.py:163} INFO - Started process (PID=190) to work on /home/airflow/.local/lib/python3.7/site-packages/airflow/example_dags/example_branch_datetime_operator.py
[2022-08-09 08:05:36,788] {processor.py:642} INFO - Processing file /home/airflow/.local/lib/python3.7/site-packages/airflow/example_dags/example_branch_datetime_operator.py for tasks to queue
[2022-08-09 08:05:36,789] {logging_mixin.py:109} INFO - [2022-08-09 08:05:36,789] {dagbag.py:500} INFO - Filling up the DagBag from /home/airflow/.local/lib/python3.7/site-packages/airflow/example_dags/example_branch_datetime_operator.py
[2022-08-09 08:05:36,834] {processor.py:654} INFO - DAG(s) dict_keys(['example_branch_datetime_operator_2']) retrieved from /home/airflow/.local/lib/python3.7/site-packages/airflow/example_dags/example_branch_datetime_operator.py
[2022-08-09 08:05:36,846] {logging_mixin.py:109} INFO - [2022-08-09 08:05:36,845] {dag.py:2396} INFO - Sync 1 DAGs
[2022-08-09 08:05:36,863] {logging_mixin.py:109} INFO - [2022-08-09 08:05:36,862] {dag.py:2935} INFO - Setting next_dagrun for example_branch_datetime_operator_2 to 2022-08-08 00:00:00+00:00
[2022-08-09 08:05:36,873] {processor.py:171} INFO - Processing /home/airflow/.local/lib/python3.7/site-packages/airflow/example_dags/example_branch_datetime_operator.py took 0.091 seconds
[2022-08-09 08:06:07,833] {processor.py:163} INFO - Started process (PID=259) to work on /home/airflow/.local/lib/python3.7/site-packages/airflow/example_dags/example_branch_datetime_operator.py
[2022-08-09 08:06:07,837] {processor.py:642} INFO - Processing file /home/airflow/.local/lib/python3.7/site-packages/airflow/example_dags/example_branch_datetime_operator.py for tasks to queue
[2022-08-09 08:06:07,840] {logging_mixin.py:109} INFO - [2022-08-09 08:06:07,840] {dagbag.py:500} INFO - Filling up the DagBag from /home/airflow/.local/lib/python3.7/site-packages/airflow/example_dags/example_branch_datetime_operator.py
[2022-08-09 08:06:07,898] {processor.py:654} INFO - DAG(s) dict_keys(['example_branch_datetime_operator_2']) retrieved from /home/airflow/.local/lib/python3.7/site-packages/airflow/example_dags/example_branch_datetime_operator.py
[2022-08-09 08:06:07,913] {logging_mixin.py:109} INFO - [2022-08-09 08:06:07,913] {dag.py:2396} INFO - Sync 1 DAGs
[2022-08-09 08:06:07,932] {logging_mixin.py:109} INFO - [2022-08-09 08:06:07,931] {dag.py:2935} INFO - Setting next_dagrun for example_branch_datetime_operator_2 to 2022-08-08 00:00:00+00:00
[2022-08-09 08:06:07,949] {processor.py:171} INFO - Processing /home/airflow/.local/lib/python3.7/site-packages/airflow/example_dags/example_branch_datetime_operator.py took 0.122 seconds
[2022-08-09 08:06:38,526] {processor.py:163} INFO - Started process (PID=319) to work on /home/airflow/.local/lib/python3.7/site-packages/airflow/example_dags/example_branch_datetime_operator.py
[2022-08-09 08:06:38,529] {processor.py:642} INFO - Processing file /home/airflow/.local/lib/python3.7/site-packages/airflow/example_dags/example_branch_datetime_operator.py for tasks to queue
[2022-08-09 08:06:38,530] {logging_mixin.py:109} INFO - [2022-08-09 08:06:38,530] {dagbag.py:500} INFO - Filling up the DagBag from /home/airflow/.local/lib/python3.7/site-packages/airflow/example_dags/example_branch_datetime_operator.py
[2022-08-09 08:06:38,577] {processor.py:654} INFO - DAG(s) dict_keys(['example_branch_datetime_operator_2']) retrieved from /home/airflow/.local/lib/python3.7/site-packages/airflow/example_dags/example_branch_datetime_operator.py
[2022-08-09 08:06:38,588] {logging_mixin.py:109} INFO - [2022-08-09 08:06:38,587] {dag.py:2396} INFO - Sync 1 DAGs
[2022-08-09 08:06:38,609] {logging_mixin.py:109} INFO - [2022-08-09 08:06:38,609] {dag.py:2935} INFO - Setting next_dagrun for example_branch_datetime_operator_2 to 2022-08-08 00:00:00+00:00
[2022-08-09 08:06:38,649] {processor.py:171} INFO - Processing /home/airflow/.local/lib/python3.7/site-packages/airflow/example_dags/example_branch_datetime_operator.py took 0.126 seconds
[2022-08-09 08:07:09,910] {processor.py:163} INFO - Started process (PID=390) to work on /home/airflow/.local/lib/python3.7/site-packages/airflow/example_dags/example_branch_datetime_operator.py
[2022-08-09 08:07:09,912] {processor.py:642} INFO - Processing file /home/airflow/.local/lib/python3.7/site-packages/airflow/example_dags/example_branch_datetime_operator.py for tasks to queue
[2022-08-09 08:07:09,913] {logging_mixin.py:109} INFO - [2022-08-09 08:07:09,913] {dagbag.py:500} INFO - Filling up the DagBag from /home/airflow/.local/lib/python3.7/site-packages/airflow/example_dags/example_branch_datetime_operator.py
[2022-08-09 08:07:09,952] {processor.py:654} INFO - DAG(s) dict_keys(['example_branch_datetime_operator_2']) retrieved from /home/airflow/.local/lib/python3.7/site-packages/airflow/example_dags/example_branch_datetime_operator.py
[2022-08-09 08:07:09,963] {logging_mixin.py:109} INFO - [2022-08-09 08:07:09,963] {dag.py:2396} INFO - Sync 1 DAGs
[2022-08-09 08:07:09,981] {logging_mixin.py:109} INFO - [2022-08-09 08:07:09,981] {dag.py:2935} INFO - Setting next_dagrun for example_branch_datetime_operator_2 to 2022-08-08 00:00:00+00:00
[2022-08-09 08:07:09,994] {processor.py:171} INFO - Processing /home/airflow/.local/lib/python3.7/site-packages/airflow/example_dags/example_branch_datetime_operator.py took 0.088 seconds
[2022-08-09 08:07:40,148] {processor.py:163} INFO - Started process (PID=446) to work on /home/airflow/.local/lib/python3.7/site-packages/airflow/example_dags/example_branch_datetime_operator.py
[2022-08-09 08:07:40,150] {processor.py:642} INFO - Processing file /home/airflow/.local/lib/python3.7/site-packages/airflow/example_dags/example_branch_datetime_operator.py for tasks to queue
[2022-08-09 08:07:40,152] {logging_mixin.py:109} INFO - [2022-08-09 08:07:40,152] {dagbag.py:500} INFO - Filling up the DagBag from /home/airflow/.local/lib/python3.7/site-packages/airflow/example_dags/example_branch_datetime_operator.py
[2022-08-09 08:07:40,181] {processor.py:654} INFO - DAG(s) dict_keys(['example_branch_datetime_operator_2']) retrieved from /home/airflow/.local/lib/python3.7/site-packages/airflow/example_dags/example_branch_datetime_operator.py
[2022-08-09 08:07:40,193] {logging_mixin.py:109} INFO - [2022-08-09 08:07:40,192] {dag.py:2396} INFO - Sync 1 DAGs
[2022-08-09 08:07:40,220] {logging_mixin.py:109} INFO - [2022-08-09 08:07:40,220] {dag.py:2935} INFO - Setting next_dagrun for example_branch_datetime_operator_2 to 2022-08-08 00:00:00+00:00
[2022-08-09 08:07:40,235] {processor.py:171} INFO - Processing /home/airflow/.local/lib/python3.7/site-packages/airflow/example_dags/example_branch_datetime_operator.py took 0.091 seconds
[2022-08-09 08:08:10,679] {processor.py:163} INFO - Started process (PID=516) to work on /home/airflow/.local/lib/python3.7/site-packages/airflow/example_dags/example_branch_datetime_operator.py
[2022-08-09 08:08:10,681] {processor.py:642} INFO - Processing file /home/airflow/.local/lib/python3.7/site-packages/airflow/example_dags/example_branch_datetime_operator.py for tasks to queue
[2022-08-09 08:08:10,684] {logging_mixin.py:109} INFO - [2022-08-09 08:08:10,684] {dagbag.py:500} INFO - Filling up the DagBag from /home/airflow/.local/lib/python3.7/site-packages/airflow/example_dags/example_branch_datetime_operator.py
[2022-08-09 08:08:10,717] {processor.py:654} INFO - DAG(s) dict_keys(['example_branch_datetime_operator_2']) retrieved from /home/airflow/.local/lib/python3.7/site-packages/airflow/example_dags/example_branch_datetime_operator.py
[2022-08-09 08:08:10,728] {logging_mixin.py:109} INFO - [2022-08-09 08:08:10,727] {dag.py:2396} INFO - Sync 1 DAGs
[2022-08-09 08:08:10,746] {logging_mixin.py:109} INFO - [2022-08-09 08:08:10,746] {dag.py:2935} INFO - Setting next_dagrun for example_branch_datetime_operator_2 to 2022-08-08 00:00:00+00:00
[2022-08-09 08:08:10,757] {processor.py:171} INFO - Processing /home/airflow/.local/lib/python3.7/site-packages/airflow/example_dags/example_branch_datetime_operator.py took 0.081 seconds
[2022-08-09 08:08:41,594] {processor.py:163} INFO - Started process (PID=577) to work on /home/airflow/.local/lib/python3.7/site-packages/airflow/example_dags/example_branch_datetime_operator.py
[2022-08-09 08:08:41,596] {processor.py:642} INFO - Processing file /home/airflow/.local/lib/python3.7/site-packages/airflow/example_dags/example_branch_datetime_operator.py for tasks to queue
[2022-08-09 08:08:41,597] {logging_mixin.py:109} INFO - [2022-08-09 08:08:41,597] {dagbag.py:500} INFO - Filling up the DagBag from /home/airflow/.local/lib/python3.7/site-packages/airflow/example_dags/example_branch_datetime_operator.py
[2022-08-09 08:08:41,629] {processor.py:654} INFO - DAG(s) dict_keys(['example_branch_datetime_operator_2']) retrieved from /home/airflow/.local/lib/python3.7/site-packages/airflow/example_dags/example_branch_datetime_operator.py
[2022-08-09 08:08:41,639] {logging_mixin.py:109} INFO - [2022-08-09 08:08:41,639] {dag.py:2396} INFO - Sync 1 DAGs
[2022-08-09 08:08:41,657] {logging_mixin.py:109} INFO - [2022-08-09 08:08:41,657] {dag.py:2935} INFO - Setting next_dagrun for example_branch_datetime_operator_2 to 2022-08-08 00:00:00+00:00
[2022-08-09 08:08:41,668] {processor.py:171} INFO - Processing /home/airflow/.local/lib/python3.7/site-packages/airflow/example_dags/example_branch_datetime_operator.py took 0.078 seconds
[2022-08-09 08:09:12,467] {processor.py:163} INFO - Started process (PID=648) to work on /home/airflow/.local/lib/python3.7/site-packages/airflow/example_dags/example_branch_datetime_operator.py
[2022-08-09 08:09:12,471] {processor.py:642} INFO - Processing file /home/airflow/.local/lib/python3.7/site-packages/airflow/example_dags/example_branch_datetime_operator.py for tasks to queue
[2022-08-09 08:09:12,472] {logging_mixin.py:109} INFO - [2022-08-09 08:09:12,472] {dagbag.py:500} INFO - Filling up the DagBag from /home/airflow/.local/lib/python3.7/site-packages/airflow/example_dags/example_branch_datetime_operator.py
[2022-08-09 08:09:12,505] {processor.py:654} INFO - DAG(s) dict_keys(['example_branch_datetime_operator_2']) retrieved from /home/airflow/.local/lib/python3.7/site-packages/airflow/example_dags/example_branch_datetime_operator.py
[2022-08-09 08:09:12,517] {logging_mixin.py:109} INFO - [2022-08-09 08:09:12,517] {dag.py:2396} INFO - Sync 1 DAGs
[2022-08-09 08:09:12,538] {logging_mixin.py:109} INFO - [2022-08-09 08:09:12,538] {dag.py:2935} INFO - Setting next_dagrun for example_branch_datetime_operator_2 to 2022-08-08 00:00:00+00:00
[2022-08-09 08:09:12,550] {processor.py:171} INFO - Processing /home/airflow/.local/lib/python3.7/site-packages/airflow/example_dags/example_branch_datetime_operator.py took 0.086 seconds
[2022-08-09 08:09:43,541] {processor.py:163} INFO - Started process (PID=709) to work on /home/airflow/.local/lib/python3.7/site-packages/airflow/example_dags/example_branch_datetime_operator.py
[2022-08-09 08:09:43,543] {processor.py:642} INFO - Processing file /home/airflow/.local/lib/python3.7/site-packages/airflow/example_dags/example_branch_datetime_operator.py for tasks to queue
[2022-08-09 08:09:43,545] {logging_mixin.py:109} INFO - [2022-08-09 08:09:43,545] {dagbag.py:500} INFO - Filling up the DagBag from /home/airflow/.local/lib/python3.7/site-packages/airflow/example_dags/example_branch_datetime_operator.py
[2022-08-09 08:09:43,583] {processor.py:654} INFO - DAG(s) dict_keys(['example_branch_datetime_operator_2']) retrieved from /home/airflow/.local/lib/python3.7/site-packages/airflow/example_dags/example_branch_datetime_operator.py
[2022-08-09 08:09:43,594] {logging_mixin.py:109} INFO - [2022-08-09 08:09:43,594] {dag.py:2396} INFO - Sync 1 DAGs
[2022-08-09 08:09:43,610] {logging_mixin.py:109} INFO - [2022-08-09 08:09:43,610] {dag.py:2935} INFO - Setting next_dagrun for example_branch_datetime_operator_2 to 2022-08-08 00:00:00+00:00
[2022-08-09 08:09:43,619] {processor.py:171} INFO - Processing /home/airflow/.local/lib/python3.7/site-packages/airflow/example_dags/example_branch_datetime_operator.py took 0.084 seconds
[2022-08-09 08:10:13,985] {processor.py:163} INFO - Started process (PID=779) to work on /home/airflow/.local/lib/python3.7/site-packages/airflow/example_dags/example_branch_datetime_operator.py
[2022-08-09 08:10:13,987] {processor.py:642} INFO - Processing file /home/airflow/.local/lib/python3.7/site-packages/airflow/example_dags/example_branch_datetime_operator.py for tasks to queue
[2022-08-09 08:10:13,988] {logging_mixin.py:109} INFO - [2022-08-09 08:10:13,988] {dagbag.py:500} INFO - Filling up the DagBag from /home/airflow/.local/lib/python3.7/site-packages/airflow/example_dags/example_branch_datetime_operator.py
[2022-08-09 08:10:14,020] {processor.py:654} INFO - DAG(s) dict_keys(['example_branch_datetime_operator_2']) retrieved from /home/airflow/.local/lib/python3.7/site-packages/airflow/example_dags/example_branch_datetime_operator.py
[2022-08-09 08:10:14,030] {logging_mixin.py:109} INFO - [2022-08-09 08:10:14,030] {dag.py:2396} INFO - Sync 1 DAGs
[2022-08-09 08:10:14,048] {logging_mixin.py:109} INFO - [2022-08-09 08:10:14,047] {dag.py:2935} INFO - Setting next_dagrun for example_branch_datetime_operator_2 to 2022-08-08 00:00:00+00:00
[2022-08-09 08:10:14,059] {processor.py:171} INFO - Processing /home/airflow/.local/lib/python3.7/site-packages/airflow/example_dags/example_branch_datetime_operator.py took 0.077 seconds
[2022-08-09 08:10:44,461] {processor.py:163} INFO - Started process (PID=840) to work on /home/airflow/.local/lib/python3.7/site-packages/airflow/example_dags/example_branch_datetime_operator.py
[2022-08-09 08:10:44,465] {processor.py:642} INFO - Processing file /home/airflow/.local/lib/python3.7/site-packages/airflow/example_dags/example_branch_datetime_operator.py for tasks to queue
[2022-08-09 08:10:44,467] {logging_mixin.py:109} INFO - [2022-08-09 08:10:44,467] {dagbag.py:500} INFO - Filling up the DagBag from /home/airflow/.local/lib/python3.7/site-packages/airflow/example_dags/example_branch_datetime_operator.py
[2022-08-09 08:10:44,505] {processor.py:654} INFO - DAG(s) dict_keys(['example_branch_datetime_operator_2']) retrieved from /home/airflow/.local/lib/python3.7/site-packages/airflow/example_dags/example_branch_datetime_operator.py
[2022-08-09 08:10:44,517] {logging_mixin.py:109} INFO - [2022-08-09 08:10:44,517] {dag.py:2396} INFO - Sync 1 DAGs
[2022-08-09 08:10:44,535] {logging_mixin.py:109} INFO - [2022-08-09 08:10:44,535] {dag.py:2935} INFO - Setting next_dagrun for example_branch_datetime_operator_2 to 2022-08-08 00:00:00+00:00
[2022-08-09 08:10:44,546] {processor.py:171} INFO - Processing /home/airflow/.local/lib/python3.7/site-packages/airflow/example_dags/example_branch_datetime_operator.py took 0.090 seconds
[2022-08-09 08:11:14,752] {processor.py:163} INFO - Started process (PID=900) to work on /home/airflow/.local/lib/python3.7/site-packages/airflow/example_dags/example_branch_datetime_operator.py
[2022-08-09 08:11:14,755] {processor.py:642} INFO - Processing file /home/airflow/.local/lib/python3.7/site-packages/airflow/example_dags/example_branch_datetime_operator.py for tasks to queue
[2022-08-09 08:11:14,757] {logging_mixin.py:109} INFO - [2022-08-09 08:11:14,757] {dagbag.py:500} INFO - Filling up the DagBag from /home/airflow/.local/lib/python3.7/site-packages/airflow/example_dags/example_branch_datetime_operator.py
[2022-08-09 08:11:14,797] {processor.py:654} INFO - DAG(s) dict_keys(['example_branch_datetime_operator_2']) retrieved from /home/airflow/.local/lib/python3.7/site-packages/airflow/example_dags/example_branch_datetime_operator.py
[2022-08-09 08:11:14,808] {logging_mixin.py:109} INFO - [2022-08-09 08:11:14,808] {dag.py:2396} INFO - Sync 1 DAGs
[2022-08-09 08:11:14,825] {logging_mixin.py:109} INFO - [2022-08-09 08:11:14,825] {dag.py:2935} INFO - Setting next_dagrun for example_branch_datetime_operator_2 to 2022-08-08 00:00:00+00:00
[2022-08-09 08:11:14,839] {processor.py:171} INFO - Processing /home/airflow/.local/lib/python3.7/site-packages/airflow/example_dags/example_branch_datetime_operator.py took 0.094 seconds
[2022-08-09 08:11:45,515] {processor.py:163} INFO - Started process (PID=970) to work on /home/airflow/.local/lib/python3.7/site-packages/airflow/example_dags/example_branch_datetime_operator.py
[2022-08-09 08:11:45,518] {processor.py:642} INFO - Processing file /home/airflow/.local/lib/python3.7/site-packages/airflow/example_dags/example_branch_datetime_operator.py for tasks to queue
[2022-08-09 08:11:45,520] {logging_mixin.py:109} INFO - [2022-08-09 08:11:45,520] {dagbag.py:500} INFO - Filling up the DagBag from /home/airflow/.local/lib/python3.7/site-packages/airflow/example_dags/example_branch_datetime_operator.py
[2022-08-09 08:11:45,539] {processor.py:654} INFO - DAG(s) dict_keys(['example_branch_datetime_operator_2']) retrieved from /home/airflow/.local/lib/python3.7/site-packages/airflow/example_dags/example_branch_datetime_operator.py
[2022-08-09 08:11:45,552] {logging_mixin.py:109} INFO - [2022-08-09 08:11:45,552] {dag.py:2396} INFO - Sync 1 DAGs
[2022-08-09 08:11:45,574] {logging_mixin.py:109} INFO - [2022-08-09 08:11:45,573] {dag.py:2935} INFO - Setting next_dagrun for example_branch_datetime_operator_2 to 2022-08-08 00:00:00+00:00
[2022-08-09 08:11:45,589] {processor.py:171} INFO - Processing /home/airflow/.local/lib/python3.7/site-packages/airflow/example_dags/example_branch_datetime_operator.py took 0.101 seconds
[2022-08-09 08:12:16,166] {processor.py:163} INFO - Started process (PID=1030) to work on /home/airflow/.local/lib/python3.7/site-packages/airflow/example_dags/example_branch_datetime_operator.py
[2022-08-09 08:12:16,168] {processor.py:642} INFO - Processing file /home/airflow/.local/lib/python3.7/site-packages/airflow/example_dags/example_branch_datetime_operator.py for tasks to queue
[2022-08-09 08:12:16,170] {logging_mixin.py:109} INFO - [2022-08-09 08:12:16,170] {dagbag.py:500} INFO - Filling up the DagBag from /home/airflow/.local/lib/python3.7/site-packages/airflow/example_dags/example_branch_datetime_operator.py
[2022-08-09 08:12:16,200] {processor.py:654} INFO - DAG(s) dict_keys(['example_branch_datetime_operator_2']) retrieved from /home/airflow/.local/lib/python3.7/site-packages/airflow/example_dags/example_branch_datetime_operator.py
[2022-08-09 08:12:16,211] {logging_mixin.py:109} INFO - [2022-08-09 08:12:16,211] {dag.py:2396} INFO - Sync 1 DAGs
[2022-08-09 08:12:16,227] {logging_mixin.py:109} INFO - [2022-08-09 08:12:16,227] {dag.py:2935} INFO - Setting next_dagrun for example_branch_datetime_operator_2 to 2022-08-08 00:00:00+00:00
[2022-08-09 08:12:16,238] {processor.py:171} INFO - Processing /home/airflow/.local/lib/python3.7/site-packages/airflow/example_dags/example_branch_datetime_operator.py took 0.076 seconds
[2022-08-09 08:12:46,986] {processor.py:163} INFO - Started process (PID=1100) to work on /home/airflow/.local/lib/python3.7/site-packages/airflow/example_dags/example_branch_datetime_operator.py
[2022-08-09 08:12:46,989] {processor.py:642} INFO - Processing file /home/airflow/.local/lib/python3.7/site-packages/airflow/example_dags/example_branch_datetime_operator.py for tasks to queue
[2022-08-09 08:12:46,990] {logging_mixin.py:109} INFO - [2022-08-09 08:12:46,990] {dagbag.py:500} INFO - Filling up the DagBag from /home/airflow/.local/lib/python3.7/site-packages/airflow/example_dags/example_branch_datetime_operator.py
[2022-08-09 08:12:47,024] {processor.py:654} INFO - DAG(s) dict_keys(['example_branch_datetime_operator_2']) retrieved from /home/airflow/.local/lib/python3.7/site-packages/airflow/example_dags/example_branch_datetime_operator.py
[2022-08-09 08:12:47,033] {logging_mixin.py:109} INFO - [2022-08-09 08:12:47,033] {dag.py:2396} INFO - Sync 1 DAGs
[2022-08-09 08:12:47,050] {logging_mixin.py:109} INFO - [2022-08-09 08:12:47,050] {dag.py:2935} INFO - Setting next_dagrun for example_branch_datetime_operator_2 to 2022-08-08 00:00:00+00:00
[2022-08-09 08:12:47,059] {processor.py:171} INFO - Processing /home/airflow/.local/lib/python3.7/site-packages/airflow/example_dags/example_branch_datetime_operator.py took 0.079 seconds
[2022-08-09 08:13:17,572] {processor.py:163} INFO - Started process (PID=1160) to work on /home/airflow/.local/lib/python3.7/site-packages/airflow/example_dags/example_branch_datetime_operator.py
[2022-08-09 08:13:17,574] {processor.py:642} INFO - Processing file /home/airflow/.local/lib/python3.7/site-packages/airflow/example_dags/example_branch_datetime_operator.py for tasks to queue
[2022-08-09 08:13:17,576] {logging_mixin.py:109} INFO - [2022-08-09 08:13:17,576] {dagbag.py:500} INFO - Filling up the DagBag from /home/airflow/.local/lib/python3.7/site-packages/airflow/example_dags/example_branch_datetime_operator.py
[2022-08-09 08:13:17,616] {processor.py:654} INFO - DAG(s) dict_keys(['example_branch_datetime_operator_2']) retrieved from /home/airflow/.local/lib/python3.7/site-packages/airflow/example_dags/example_branch_datetime_operator.py
[2022-08-09 08:13:17,641] {logging_mixin.py:109} INFO - [2022-08-09 08:13:17,641] {dag.py:2396} INFO - Sync 1 DAGs
[2022-08-09 08:13:17,663] {logging_mixin.py:109} INFO - [2022-08-09 08:13:17,663] {dag.py:2935} INFO - Setting next_dagrun for example_branch_datetime_operator_2 to 2022-08-08 00:00:00+00:00
[2022-08-09 08:13:17,676] {processor.py:171} INFO - Processing /home/airflow/.local/lib/python3.7/site-packages/airflow/example_dags/example_branch_datetime_operator.py took 0.108 seconds
[2022-08-09 08:13:48,411] {processor.py:163} INFO - Started process (PID=1231) to work on /home/airflow/.local/lib/python3.7/site-packages/airflow/example_dags/example_branch_datetime_operator.py
[2022-08-09 08:13:48,413] {processor.py:642} INFO - Processing file /home/airflow/.local/lib/python3.7/site-packages/airflow/example_dags/example_branch_datetime_operator.py for tasks to queue
[2022-08-09 08:13:48,416] {logging_mixin.py:109} INFO - [2022-08-09 08:13:48,415] {dagbag.py:500} INFO - Filling up the DagBag from /home/airflow/.local/lib/python3.7/site-packages/airflow/example_dags/example_branch_datetime_operator.py
[2022-08-09 08:13:48,446] {processor.py:654} INFO - DAG(s) dict_keys(['example_branch_datetime_operator_2']) retrieved from /home/airflow/.local/lib/python3.7/site-packages/airflow/example_dags/example_branch_datetime_operator.py
[2022-08-09 08:13:48,458] {logging_mixin.py:109} INFO - [2022-08-09 08:13:48,458] {dag.py:2396} INFO - Sync 1 DAGs
[2022-08-09 08:13:48,475] {logging_mixin.py:109} INFO - [2022-08-09 08:13:48,475] {dag.py:2935} INFO - Setting next_dagrun for example_branch_datetime_operator_2 to 2022-08-08 00:00:00+00:00
[2022-08-09 08:13:48,486] {processor.py:171} INFO - Processing /home/airflow/.local/lib/python3.7/site-packages/airflow/example_dags/example_branch_datetime_operator.py took 0.080 seconds
[2022-08-09 08:14:19,226] {processor.py:163} INFO - Started process (PID=1291) to work on /home/airflow/.local/lib/python3.7/site-packages/airflow/example_dags/example_branch_datetime_operator.py
[2022-08-09 08:14:19,228] {processor.py:642} INFO - Processing file /home/airflow/.local/lib/python3.7/site-packages/airflow/example_dags/example_branch_datetime_operator.py for tasks to queue
[2022-08-09 08:14:19,230] {logging_mixin.py:109} INFO - [2022-08-09 08:14:19,229] {dagbag.py:500} INFO - Filling up the DagBag from /home/airflow/.local/lib/python3.7/site-packages/airflow/example_dags/example_branch_datetime_operator.py
[2022-08-09 08:14:19,268] {processor.py:654} INFO - DAG(s) dict_keys(['example_branch_datetime_operator_2']) retrieved from /home/airflow/.local/lib/python3.7/site-packages/airflow/example_dags/example_branch_datetime_operator.py
[2022-08-09 08:14:19,281] {logging_mixin.py:109} INFO - [2022-08-09 08:14:19,280] {dag.py:2396} INFO - Sync 1 DAGs
[2022-08-09 08:14:19,301] {logging_mixin.py:109} INFO - [2022-08-09 08:14:19,300] {dag.py:2935} INFO - Setting next_dagrun for example_branch_datetime_operator_2 to 2022-08-08 00:00:00+00:00
[2022-08-09 08:14:19,314] {processor.py:171} INFO - Processing /home/airflow/.local/lib/python3.7/site-packages/airflow/example_dags/example_branch_datetime_operator.py took 0.092 seconds
[2022-08-09 08:14:50,124] {processor.py:163} INFO - Started process (PID=1360) to work on /home/airflow/.local/lib/python3.7/site-packages/airflow/example_dags/example_branch_datetime_operator.py
[2022-08-09 08:14:50,127] {processor.py:642} INFO - Processing file /home/airflow/.local/lib/python3.7/site-packages/airflow/example_dags/example_branch_datetime_operator.py for tasks to queue
[2022-08-09 08:14:50,129] {logging_mixin.py:109} INFO - [2022-08-09 08:14:50,129] {dagbag.py:500} INFO - Filling up the DagBag from /home/airflow/.local/lib/python3.7/site-packages/airflow/example_dags/example_branch_datetime_operator.py
[2022-08-09 08:14:50,164] {processor.py:654} INFO - DAG(s) dict_keys(['example_branch_datetime_operator_2']) retrieved from /home/airflow/.local/lib/python3.7/site-packages/airflow/example_dags/example_branch_datetime_operator.py
[2022-08-09 08:14:50,176] {logging_mixin.py:109} INFO - [2022-08-09 08:14:50,175] {dag.py:2396} INFO - Sync 1 DAGs
[2022-08-09 08:14:50,192] {logging_mixin.py:109} INFO - [2022-08-09 08:14:50,192] {dag.py:2935} INFO - Setting next_dagrun for example_branch_datetime_operator_2 to 2022-08-08 00:00:00+00:00
[2022-08-09 08:14:50,203] {processor.py:171} INFO - Processing /home/airflow/.local/lib/python3.7/site-packages/airflow/example_dags/example_branch_datetime_operator.py took 0.083 seconds
[2022-08-09 08:15:20,907] {processor.py:163} INFO - Started process (PID=1420) to work on /home/airflow/.local/lib/python3.7/site-packages/airflow/example_dags/example_branch_datetime_operator.py
[2022-08-09 08:15:20,909] {processor.py:642} INFO - Processing file /home/airflow/.local/lib/python3.7/site-packages/airflow/example_dags/example_branch_datetime_operator.py for tasks to queue
[2022-08-09 08:15:20,911] {logging_mixin.py:109} INFO - [2022-08-09 08:15:20,911] {dagbag.py:500} INFO - Filling up the DagBag from /home/airflow/.local/lib/python3.7/site-packages/airflow/example_dags/example_branch_datetime_operator.py
[2022-08-09 08:15:20,942] {processor.py:654} INFO - DAG(s) dict_keys(['example_branch_datetime_operator_2']) retrieved from /home/airflow/.local/lib/python3.7/site-packages/airflow/example_dags/example_branch_datetime_operator.py
[2022-08-09 08:15:20,955] {logging_mixin.py:109} INFO - [2022-08-09 08:15:20,955] {dag.py:2396} INFO - Sync 1 DAGs
[2022-08-09 08:15:20,972] {logging_mixin.py:109} INFO - [2022-08-09 08:15:20,972] {dag.py:2935} INFO - Setting next_dagrun for example_branch_datetime_operator_2 to 2022-08-08 00:00:00+00:00
[2022-08-09 08:15:20,982] {processor.py:171} INFO - Processing /home/airflow/.local/lib/python3.7/site-packages/airflow/example_dags/example_branch_datetime_operator.py took 0.081 seconds
[2022-08-09 08:15:51,283] {processor.py:163} INFO - Started process (PID=1490) to work on /home/airflow/.local/lib/python3.7/site-packages/airflow/example_dags/example_branch_datetime_operator.py
[2022-08-09 08:15:51,285] {processor.py:642} INFO - Processing file /home/airflow/.local/lib/python3.7/site-packages/airflow/example_dags/example_branch_datetime_operator.py for tasks to queue
[2022-08-09 08:15:51,287] {logging_mixin.py:109} INFO - [2022-08-09 08:15:51,287] {dagbag.py:500} INFO - Filling up the DagBag from /home/airflow/.local/lib/python3.7/site-packages/airflow/example_dags/example_branch_datetime_operator.py
[2022-08-09 08:15:51,324] {processor.py:654} INFO - DAG(s) dict_keys(['example_branch_datetime_operator_2']) retrieved from /home/airflow/.local/lib/python3.7/site-packages/airflow/example_dags/example_branch_datetime_operator.py
[2022-08-09 08:15:51,342] {logging_mixin.py:109} INFO - [2022-08-09 08:15:51,342] {dag.py:2396} INFO - Sync 1 DAGs
[2022-08-09 08:15:51,359] {logging_mixin.py:109} INFO - [2022-08-09 08:15:51,359] {dag.py:2935} INFO - Setting next_dagrun for example_branch_datetime_operator_2 to 2022-08-08 00:00:00+00:00
[2022-08-09 08:15:51,370] {processor.py:171} INFO - Processing /home/airflow/.local/lib/python3.7/site-packages/airflow/example_dags/example_branch_datetime_operator.py took 0.091 seconds
[2022-08-09 08:16:21,692] {processor.py:163} INFO - Started process (PID=1549) to work on /home/airflow/.local/lib/python3.7/site-packages/airflow/example_dags/example_branch_datetime_operator.py
[2022-08-09 08:16:21,694] {processor.py:642} INFO - Processing file /home/airflow/.local/lib/python3.7/site-packages/airflow/example_dags/example_branch_datetime_operator.py for tasks to queue
[2022-08-09 08:16:21,696] {logging_mixin.py:109} INFO - [2022-08-09 08:16:21,695] {dagbag.py:500} INFO - Filling up the DagBag from /home/airflow/.local/lib/python3.7/site-packages/airflow/example_dags/example_branch_datetime_operator.py
[2022-08-09 08:16:21,727] {processor.py:654} INFO - DAG(s) dict_keys(['example_branch_datetime_operator_2']) retrieved from /home/airflow/.local/lib/python3.7/site-packages/airflow/example_dags/example_branch_datetime_operator.py
[2022-08-09 08:16:21,738] {logging_mixin.py:109} INFO - [2022-08-09 08:16:21,738] {dag.py:2396} INFO - Sync 1 DAGs
[2022-08-09 08:16:21,759] {logging_mixin.py:109} INFO - [2022-08-09 08:16:21,759] {dag.py:2935} INFO - Setting next_dagrun for example_branch_datetime_operator_2 to 2022-08-08 00:00:00+00:00
[2022-08-09 08:16:21,769] {processor.py:171} INFO - Processing /home/airflow/.local/lib/python3.7/site-packages/airflow/example_dags/example_branch_datetime_operator.py took 0.082 seconds
[2022-08-09 08:16:51,853] {processor.py:163} INFO - Started process (PID=1618) to work on /home/airflow/.local/lib/python3.7/site-packages/airflow/example_dags/example_branch_datetime_operator.py
[2022-08-09 08:16:51,855] {processor.py:642} INFO - Processing file /home/airflow/.local/lib/python3.7/site-packages/airflow/example_dags/example_branch_datetime_operator.py for tasks to queue
[2022-08-09 08:16:51,858] {logging_mixin.py:109} INFO - [2022-08-09 08:16:51,858] {dagbag.py:500} INFO - Filling up the DagBag from /home/airflow/.local/lib/python3.7/site-packages/airflow/example_dags/example_branch_datetime_operator.py
[2022-08-09 08:16:51,899] {processor.py:654} INFO - DAG(s) dict_keys(['example_branch_datetime_operator_2']) retrieved from /home/airflow/.local/lib/python3.7/site-packages/airflow/example_dags/example_branch_datetime_operator.py
[2022-08-09 08:16:51,913] {logging_mixin.py:109} INFO - [2022-08-09 08:16:51,913] {dag.py:2396} INFO - Sync 1 DAGs
[2022-08-09 08:16:51,946] {logging_mixin.py:109} INFO - [2022-08-09 08:16:51,946] {dag.py:2935} INFO - Setting next_dagrun for example_branch_datetime_operator_2 to 2022-08-08 00:00:00+00:00
[2022-08-09 08:16:51,965] {processor.py:171} INFO - Processing /home/airflow/.local/lib/python3.7/site-packages/airflow/example_dags/example_branch_datetime_operator.py took 0.121 seconds
[2022-08-09 08:17:22,481] {processor.py:163} INFO - Started process (PID=1678) to work on /home/airflow/.local/lib/python3.7/site-packages/airflow/example_dags/example_branch_datetime_operator.py
[2022-08-09 08:17:22,485] {processor.py:642} INFO - Processing file /home/airflow/.local/lib/python3.7/site-packages/airflow/example_dags/example_branch_datetime_operator.py for tasks to queue
[2022-08-09 08:17:22,487] {logging_mixin.py:109} INFO - [2022-08-09 08:17:22,486] {dagbag.py:500} INFO - Filling up the DagBag from /home/airflow/.local/lib/python3.7/site-packages/airflow/example_dags/example_branch_datetime_operator.py
[2022-08-09 08:17:22,516] {processor.py:654} INFO - DAG(s) dict_keys(['example_branch_datetime_operator_2']) retrieved from /home/airflow/.local/lib/python3.7/site-packages/airflow/example_dags/example_branch_datetime_operator.py
[2022-08-09 08:17:22,526] {logging_mixin.py:109} INFO - [2022-08-09 08:17:22,526] {dag.py:2396} INFO - Sync 1 DAGs
[2022-08-09 08:17:22,543] {logging_mixin.py:109} INFO - [2022-08-09 08:17:22,543] {dag.py:2935} INFO - Setting next_dagrun for example_branch_datetime_operator_2 to 2022-08-08 00:00:00+00:00
[2022-08-09 08:17:22,554] {processor.py:171} INFO - Processing /home/airflow/.local/lib/python3.7/site-packages/airflow/example_dags/example_branch_datetime_operator.py took 0.078 seconds
[2022-08-09 08:17:53,030] {processor.py:163} INFO - Started process (PID=1745) to work on /home/airflow/.local/lib/python3.7/site-packages/airflow/example_dags/example_branch_datetime_operator.py
[2022-08-09 08:17:53,032] {processor.py:642} INFO - Processing file /home/airflow/.local/lib/python3.7/site-packages/airflow/example_dags/example_branch_datetime_operator.py for tasks to queue
[2022-08-09 08:17:53,034] {logging_mixin.py:109} INFO - [2022-08-09 08:17:53,034] {dagbag.py:500} INFO - Filling up the DagBag from /home/airflow/.local/lib/python3.7/site-packages/airflow/example_dags/example_branch_datetime_operator.py
[2022-08-09 08:17:53,066] {processor.py:654} INFO - DAG(s) dict_keys(['example_branch_datetime_operator_2']) retrieved from /home/airflow/.local/lib/python3.7/site-packages/airflow/example_dags/example_branch_datetime_operator.py
[2022-08-09 08:17:53,077] {logging_mixin.py:109} INFO - [2022-08-09 08:17:53,077] {dag.py:2396} INFO - Sync 1 DAGs
[2022-08-09 08:17:53,096] {logging_mixin.py:109} INFO - [2022-08-09 08:17:53,096] {dag.py:2935} INFO - Setting next_dagrun for example_branch_datetime_operator_2 to 2022-08-08 00:00:00+00:00
[2022-08-09 08:17:53,106] {processor.py:171} INFO - Processing /home/airflow/.local/lib/python3.7/site-packages/airflow/example_dags/example_branch_datetime_operator.py took 0.081 seconds
[2022-08-09 08:18:23,922] {processor.py:163} INFO - Started process (PID=1808) to work on /home/airflow/.local/lib/python3.7/site-packages/airflow/example_dags/example_branch_datetime_operator.py
[2022-08-09 08:18:23,925] {processor.py:642} INFO - Processing file /home/airflow/.local/lib/python3.7/site-packages/airflow/example_dags/example_branch_datetime_operator.py for tasks to queue
[2022-08-09 08:18:23,927] {logging_mixin.py:109} INFO - [2022-08-09 08:18:23,927] {dagbag.py:500} INFO - Filling up the DagBag from /home/airflow/.local/lib/python3.7/site-packages/airflow/example_dags/example_branch_datetime_operator.py
[2022-08-09 08:18:23,987] {processor.py:654} INFO - DAG(s) dict_keys(['example_branch_datetime_operator_2']) retrieved from /home/airflow/.local/lib/python3.7/site-packages/airflow/example_dags/example_branch_datetime_operator.py
[2022-08-09 08:18:24,000] {logging_mixin.py:109} INFO - [2022-08-09 08:18:24,000] {dag.py:2396} INFO - Sync 1 DAGs
[2022-08-09 08:18:24,030] {logging_mixin.py:109} INFO - [2022-08-09 08:18:24,030] {dag.py:2935} INFO - Setting next_dagrun for example_branch_datetime_operator_2 to 2022-08-08 00:00:00+00:00
[2022-08-09 08:18:24,043] {processor.py:171} INFO - Processing /home/airflow/.local/lib/python3.7/site-packages/airflow/example_dags/example_branch_datetime_operator.py took 0.125 seconds
[2022-08-09 08:18:54,259] {processor.py:163} INFO - Started process (PID=1867) to work on /home/airflow/.local/lib/python3.7/site-packages/airflow/example_dags/example_branch_datetime_operator.py
[2022-08-09 08:18:54,261] {processor.py:642} INFO - Processing file /home/airflow/.local/lib/python3.7/site-packages/airflow/example_dags/example_branch_datetime_operator.py for tasks to queue
[2022-08-09 08:18:54,263] {logging_mixin.py:109} INFO - [2022-08-09 08:18:54,263] {dagbag.py:500} INFO - Filling up the DagBag from /home/airflow/.local/lib/python3.7/site-packages/airflow/example_dags/example_branch_datetime_operator.py
[2022-08-09 08:18:54,295] {processor.py:654} INFO - DAG(s) dict_keys(['example_branch_datetime_operator_2']) retrieved from /home/airflow/.local/lib/python3.7/site-packages/airflow/example_dags/example_branch_datetime_operator.py
[2022-08-09 08:18:54,309] {logging_mixin.py:109} INFO - [2022-08-09 08:18:54,309] {dag.py:2396} INFO - Sync 1 DAGs
[2022-08-09 08:18:54,333] {logging_mixin.py:109} INFO - [2022-08-09 08:18:54,333] {dag.py:2935} INFO - Setting next_dagrun for example_branch_datetime_operator_2 to 2022-08-08 00:00:00+00:00
[2022-08-09 08:18:54,439] {processor.py:171} INFO - Processing /home/airflow/.local/lib/python3.7/site-packages/airflow/example_dags/example_branch_datetime_operator.py took 0.183 seconds
[2022-08-09 08:19:24,771] {processor.py:163} INFO - Started process (PID=1937) to work on /home/airflow/.local/lib/python3.7/site-packages/airflow/example_dags/example_branch_datetime_operator.py
[2022-08-09 08:19:24,773] {processor.py:642} INFO - Processing file /home/airflow/.local/lib/python3.7/site-packages/airflow/example_dags/example_branch_datetime_operator.py for tasks to queue
[2022-08-09 08:19:24,775] {logging_mixin.py:109} INFO - [2022-08-09 08:19:24,775] {dagbag.py:500} INFO - Filling up the DagBag from /home/airflow/.local/lib/python3.7/site-packages/airflow/example_dags/example_branch_datetime_operator.py
[2022-08-09 08:19:24,817] {processor.py:654} INFO - DAG(s) dict_keys(['example_branch_datetime_operator_2']) retrieved from /home/airflow/.local/lib/python3.7/site-packages/airflow/example_dags/example_branch_datetime_operator.py
[2022-08-09 08:19:24,832] {logging_mixin.py:109} INFO - [2022-08-09 08:19:24,832] {dag.py:2396} INFO - Sync 1 DAGs
[2022-08-09 08:19:24,934] {logging_mixin.py:109} INFO - [2022-08-09 08:19:24,934] {dag.py:2935} INFO - Setting next_dagrun for example_branch_datetime_operator_2 to 2022-08-08 00:00:00+00:00
[2022-08-09 08:19:24,946] {processor.py:171} INFO - Processing /home/airflow/.local/lib/python3.7/site-packages/airflow/example_dags/example_branch_datetime_operator.py took 0.183 seconds
[2022-08-09 08:19:55,485] {processor.py:163} INFO - Started process (PID=1998) to work on /home/airflow/.local/lib/python3.7/site-packages/airflow/example_dags/example_branch_datetime_operator.py
[2022-08-09 08:19:55,488] {processor.py:642} INFO - Processing file /home/airflow/.local/lib/python3.7/site-packages/airflow/example_dags/example_branch_datetime_operator.py for tasks to queue
[2022-08-09 08:19:55,489] {logging_mixin.py:109} INFO - [2022-08-09 08:19:55,489] {dagbag.py:500} INFO - Filling up the DagBag from /home/airflow/.local/lib/python3.7/site-packages/airflow/example_dags/example_branch_datetime_operator.py
[2022-08-09 08:19:55,525] {processor.py:654} INFO - DAG(s) dict_keys(['example_branch_datetime_operator_2']) retrieved from /home/airflow/.local/lib/python3.7/site-packages/airflow/example_dags/example_branch_datetime_operator.py
[2022-08-09 08:19:55,535] {logging_mixin.py:109} INFO - [2022-08-09 08:19:55,535] {dag.py:2396} INFO - Sync 1 DAGs
[2022-08-09 08:19:55,651] {logging_mixin.py:109} INFO - [2022-08-09 08:19:55,650] {dag.py:2935} INFO - Setting next_dagrun for example_branch_datetime_operator_2 to 2022-08-08 00:00:00+00:00
[2022-08-09 08:19:55,659] {processor.py:171} INFO - Processing /home/airflow/.local/lib/python3.7/site-packages/airflow/example_dags/example_branch_datetime_operator.py took 0.178 seconds
[2022-08-09 08:20:26,229] {processor.py:163} INFO - Started process (PID=2067) to work on /home/airflow/.local/lib/python3.7/site-packages/airflow/example_dags/example_branch_datetime_operator.py
[2022-08-09 08:20:26,231] {processor.py:642} INFO - Processing file /home/airflow/.local/lib/python3.7/site-packages/airflow/example_dags/example_branch_datetime_operator.py for tasks to queue
[2022-08-09 08:20:26,232] {logging_mixin.py:109} INFO - [2022-08-09 08:20:26,232] {dagbag.py:500} INFO - Filling up the DagBag from /home/airflow/.local/lib/python3.7/site-packages/airflow/example_dags/example_branch_datetime_operator.py
[2022-08-09 08:20:26,263] {processor.py:654} INFO - DAG(s) dict_keys(['example_branch_datetime_operator_2']) retrieved from /home/airflow/.local/lib/python3.7/site-packages/airflow/example_dags/example_branch_datetime_operator.py
[2022-08-09 08:20:26,358] {logging_mixin.py:109} INFO - [2022-08-09 08:20:26,358] {dag.py:2396} INFO - Sync 1 DAGs
[2022-08-09 08:20:26,373] {logging_mixin.py:109} INFO - [2022-08-09 08:20:26,373] {dag.py:2935} INFO - Setting next_dagrun for example_branch_datetime_operator_2 to 2022-08-08 00:00:00+00:00
[2022-08-09 08:20:26,383] {processor.py:171} INFO - Processing /home/airflow/.local/lib/python3.7/site-packages/airflow/example_dags/example_branch_datetime_operator.py took 0.158 seconds
[2022-08-09 08:20:56,529] {processor.py:163} INFO - Started process (PID=2126) to work on /home/airflow/.local/lib/python3.7/site-packages/airflow/example_dags/example_branch_datetime_operator.py
[2022-08-09 08:20:56,532] {processor.py:642} INFO - Processing file /home/airflow/.local/lib/python3.7/site-packages/airflow/example_dags/example_branch_datetime_operator.py for tasks to queue
[2022-08-09 08:20:56,534] {logging_mixin.py:109} INFO - [2022-08-09 08:20:56,534] {dagbag.py:500} INFO - Filling up the DagBag from /home/airflow/.local/lib/python3.7/site-packages/airflow/example_dags/example_branch_datetime_operator.py
[2022-08-09 08:20:56,656] {processor.py:654} INFO - DAG(s) dict_keys(['example_branch_datetime_operator_2']) retrieved from /home/airflow/.local/lib/python3.7/site-packages/airflow/example_dags/example_branch_datetime_operator.py
[2022-08-09 08:20:56,666] {logging_mixin.py:109} INFO - [2022-08-09 08:20:56,666] {dag.py:2396} INFO - Sync 1 DAGs
[2022-08-09 08:20:56,681] {logging_mixin.py:109} INFO - [2022-08-09 08:20:56,681] {dag.py:2935} INFO - Setting next_dagrun for example_branch_datetime_operator_2 to 2022-08-08 00:00:00+00:00
[2022-08-09 08:20:56,692] {processor.py:171} INFO - Processing /home/airflow/.local/lib/python3.7/site-packages/airflow/example_dags/example_branch_datetime_operator.py took 0.166 seconds
[2022-08-09 08:21:27,422] {processor.py:163} INFO - Started process (PID=2198) to work on /home/airflow/.local/lib/python3.7/site-packages/airflow/example_dags/example_branch_datetime_operator.py
[2022-08-09 08:21:27,426] {processor.py:642} INFO - Processing file /home/airflow/.local/lib/python3.7/site-packages/airflow/example_dags/example_branch_datetime_operator.py for tasks to queue
[2022-08-09 08:21:27,427] {logging_mixin.py:109} INFO - [2022-08-09 08:21:27,427] {dagbag.py:500} INFO - Filling up the DagBag from /home/airflow/.local/lib/python3.7/site-packages/airflow/example_dags/example_branch_datetime_operator.py
[2022-08-09 08:21:27,552] {processor.py:654} INFO - DAG(s) dict_keys(['example_branch_datetime_operator_2']) retrieved from /home/airflow/.local/lib/python3.7/site-packages/airflow/example_dags/example_branch_datetime_operator.py
[2022-08-09 08:21:27,563] {logging_mixin.py:109} INFO - [2022-08-09 08:21:27,563] {dag.py:2396} INFO - Sync 1 DAGs
[2022-08-09 08:21:27,581] {logging_mixin.py:109} INFO - [2022-08-09 08:21:27,581] {dag.py:2935} INFO - Setting next_dagrun for example_branch_datetime_operator_2 to 2022-08-08 00:00:00+00:00
[2022-08-09 08:21:27,595] {processor.py:171} INFO - Processing /home/airflow/.local/lib/python3.7/site-packages/airflow/example_dags/example_branch_datetime_operator.py took 0.179 seconds
[2022-08-09 08:21:57,959] {processor.py:163} INFO - Started process (PID=2258) to work on /home/airflow/.local/lib/python3.7/site-packages/airflow/example_dags/example_branch_datetime_operator.py
[2022-08-09 08:21:57,962] {processor.py:642} INFO - Processing file /home/airflow/.local/lib/python3.7/site-packages/airflow/example_dags/example_branch_datetime_operator.py for tasks to queue
[2022-08-09 08:21:57,963] {logging_mixin.py:109} INFO - [2022-08-09 08:21:57,963] {dagbag.py:500} INFO - Filling up the DagBag from /home/airflow/.local/lib/python3.7/site-packages/airflow/example_dags/example_branch_datetime_operator.py
[2022-08-09 08:21:58,087] {processor.py:654} INFO - DAG(s) dict_keys(['example_branch_datetime_operator_2']) retrieved from /home/airflow/.local/lib/python3.7/site-packages/airflow/example_dags/example_branch_datetime_operator.py
[2022-08-09 08:21:58,096] {logging_mixin.py:109} INFO - [2022-08-09 08:21:58,096] {dag.py:2396} INFO - Sync 1 DAGs
[2022-08-09 08:21:58,110] {logging_mixin.py:109} INFO - [2022-08-09 08:21:58,110] {dag.py:2935} INFO - Setting next_dagrun for example_branch_datetime_operator_2 to 2022-08-08 00:00:00+00:00
[2022-08-09 08:21:58,132] {processor.py:171} INFO - Processing /home/airflow/.local/lib/python3.7/site-packages/airflow/example_dags/example_branch_datetime_operator.py took 0.177 seconds
[2022-08-09 08:22:28,593] {processor.py:163} INFO - Started process (PID=2326) to work on /home/airflow/.local/lib/python3.7/site-packages/airflow/example_dags/example_branch_datetime_operator.py
[2022-08-09 08:22:28,596] {processor.py:642} INFO - Processing file /home/airflow/.local/lib/python3.7/site-packages/airflow/example_dags/example_branch_datetime_operator.py for tasks to queue
[2022-08-09 08:22:28,597] {logging_mixin.py:109} INFO - [2022-08-09 08:22:28,597] {dagbag.py:500} INFO - Filling up the DagBag from /home/airflow/.local/lib/python3.7/site-packages/airflow/example_dags/example_branch_datetime_operator.py
[2022-08-09 08:22:28,712] {processor.py:654} INFO - DAG(s) dict_keys(['example_branch_datetime_operator_2']) retrieved from /home/airflow/.local/lib/python3.7/site-packages/airflow/example_dags/example_branch_datetime_operator.py
[2022-08-09 08:22:28,721] {logging_mixin.py:109} INFO - [2022-08-09 08:22:28,721] {dag.py:2396} INFO - Sync 1 DAGs
[2022-08-09 08:22:28,736] {logging_mixin.py:109} INFO - [2022-08-09 08:22:28,736] {dag.py:2935} INFO - Setting next_dagrun for example_branch_datetime_operator_2 to 2022-08-08 00:00:00+00:00
[2022-08-09 08:22:28,746] {processor.py:171} INFO - Processing /home/airflow/.local/lib/python3.7/site-packages/airflow/example_dags/example_branch_datetime_operator.py took 0.156 seconds
[2022-08-09 08:22:59,476] {processor.py:163} INFO - Started process (PID=2386) to work on /home/airflow/.local/lib/python3.7/site-packages/airflow/example_dags/example_branch_datetime_operator.py
[2022-08-09 08:22:59,479] {processor.py:642} INFO - Processing file /home/airflow/.local/lib/python3.7/site-packages/airflow/example_dags/example_branch_datetime_operator.py for tasks to queue
[2022-08-09 08:22:59,480] {logging_mixin.py:109} INFO - [2022-08-09 08:22:59,480] {dagbag.py:500} INFO - Filling up the DagBag from /home/airflow/.local/lib/python3.7/site-packages/airflow/example_dags/example_branch_datetime_operator.py
[2022-08-09 08:22:59,514] {processor.py:654} INFO - DAG(s) dict_keys(['example_branch_datetime_operator_2']) retrieved from /home/airflow/.local/lib/python3.7/site-packages/airflow/example_dags/example_branch_datetime_operator.py
[2022-08-09 08:22:59,534] {logging_mixin.py:109} INFO - [2022-08-09 08:22:59,534] {dag.py:2396} INFO - Sync 1 DAGs
[2022-08-09 08:22:59,552] {logging_mixin.py:109} INFO - [2022-08-09 08:22:59,551] {dag.py:2935} INFO - Setting next_dagrun for example_branch_datetime_operator_2 to 2022-08-08 00:00:00+00:00
[2022-08-09 08:22:59,561] {processor.py:171} INFO - Processing /home/airflow/.local/lib/python3.7/site-packages/airflow/example_dags/example_branch_datetime_operator.py took 0.089 seconds
[2022-08-09 08:23:29,865] {processor.py:163} INFO - Started process (PID=2457) to work on /home/airflow/.local/lib/python3.7/site-packages/airflow/example_dags/example_branch_datetime_operator.py
[2022-08-09 08:23:29,868] {processor.py:642} INFO - Processing file /home/airflow/.local/lib/python3.7/site-packages/airflow/example_dags/example_branch_datetime_operator.py for tasks to queue
[2022-08-09 08:23:29,869] {logging_mixin.py:109} INFO - [2022-08-09 08:23:29,869] {dagbag.py:500} INFO - Filling up the DagBag from /home/airflow/.local/lib/python3.7/site-packages/airflow/example_dags/example_branch_datetime_operator.py
[2022-08-09 08:23:29,902] {processor.py:654} INFO - DAG(s) dict_keys(['example_branch_datetime_operator_2']) retrieved from /home/airflow/.local/lib/python3.7/site-packages/airflow/example_dags/example_branch_datetime_operator.py
[2022-08-09 08:23:29,913] {logging_mixin.py:109} INFO - [2022-08-09 08:23:29,913] {dag.py:2396} INFO - Sync 1 DAGs
[2022-08-09 08:23:29,933] {logging_mixin.py:109} INFO - [2022-08-09 08:23:29,933] {dag.py:2935} INFO - Setting next_dagrun for example_branch_datetime_operator_2 to 2022-08-08 00:00:00+00:00
[2022-08-09 08:23:29,943] {processor.py:171} INFO - Processing /home/airflow/.local/lib/python3.7/site-packages/airflow/example_dags/example_branch_datetime_operator.py took 0.083 seconds
[2022-08-09 08:24:00,275] {processor.py:163} INFO - Started process (PID=2517) to work on /home/airflow/.local/lib/python3.7/site-packages/airflow/example_dags/example_branch_datetime_operator.py
[2022-08-09 08:24:00,277] {processor.py:642} INFO - Processing file /home/airflow/.local/lib/python3.7/site-packages/airflow/example_dags/example_branch_datetime_operator.py for tasks to queue
[2022-08-09 08:24:00,278] {logging_mixin.py:109} INFO - [2022-08-09 08:24:00,278] {dagbag.py:500} INFO - Filling up the DagBag from /home/airflow/.local/lib/python3.7/site-packages/airflow/example_dags/example_branch_datetime_operator.py
[2022-08-09 08:24:00,310] {processor.py:654} INFO - DAG(s) dict_keys(['example_branch_datetime_operator_2']) retrieved from /home/airflow/.local/lib/python3.7/site-packages/airflow/example_dags/example_branch_datetime_operator.py
[2022-08-09 08:24:00,326] {logging_mixin.py:109} INFO - [2022-08-09 08:24:00,326] {dag.py:2396} INFO - Sync 1 DAGs
[2022-08-09 08:24:00,347] {logging_mixin.py:109} INFO - [2022-08-09 08:24:00,347] {dag.py:2935} INFO - Setting next_dagrun for example_branch_datetime_operator_2 to 2022-08-08 00:00:00+00:00
[2022-08-09 08:24:00,360] {processor.py:171} INFO - Processing /home/airflow/.local/lib/python3.7/site-packages/airflow/example_dags/example_branch_datetime_operator.py took 0.091 seconds
[2022-08-09 08:24:30,401] {processor.py:163} INFO - Started process (PID=2587) to work on /home/airflow/.local/lib/python3.7/site-packages/airflow/example_dags/example_branch_datetime_operator.py
[2022-08-09 08:24:30,403] {processor.py:642} INFO - Processing file /home/airflow/.local/lib/python3.7/site-packages/airflow/example_dags/example_branch_datetime_operator.py for tasks to queue
[2022-08-09 08:24:30,405] {logging_mixin.py:109} INFO - [2022-08-09 08:24:30,405] {dagbag.py:500} INFO - Filling up the DagBag from /home/airflow/.local/lib/python3.7/site-packages/airflow/example_dags/example_branch_datetime_operator.py
[2022-08-09 08:24:30,436] {processor.py:654} INFO - DAG(s) dict_keys(['example_branch_datetime_operator_2']) retrieved from /home/airflow/.local/lib/python3.7/site-packages/airflow/example_dags/example_branch_datetime_operator.py
[2022-08-09 08:24:30,448] {logging_mixin.py:109} INFO - [2022-08-09 08:24:30,448] {dag.py:2396} INFO - Sync 1 DAGs
[2022-08-09 08:24:30,465] {logging_mixin.py:109} INFO - [2022-08-09 08:24:30,465] {dag.py:2935} INFO - Setting next_dagrun for example_branch_datetime_operator_2 to 2022-08-08 00:00:00+00:00
[2022-08-09 08:24:30,476] {processor.py:171} INFO - Processing /home/airflow/.local/lib/python3.7/site-packages/airflow/example_dags/example_branch_datetime_operator.py took 0.078 seconds
[2022-08-09 08:25:00,588] {processor.py:163} INFO - Started process (PID=2647) to work on /home/airflow/.local/lib/python3.7/site-packages/airflow/example_dags/example_branch_datetime_operator.py
[2022-08-09 08:25:00,594] {processor.py:642} INFO - Processing file /home/airflow/.local/lib/python3.7/site-packages/airflow/example_dags/example_branch_datetime_operator.py for tasks to queue
[2022-08-09 08:25:00,597] {logging_mixin.py:109} INFO - [2022-08-09 08:25:00,596] {dagbag.py:500} INFO - Filling up the DagBag from /home/airflow/.local/lib/python3.7/site-packages/airflow/example_dags/example_branch_datetime_operator.py
[2022-08-09 08:25:00,650] {processor.py:654} INFO - DAG(s) dict_keys(['example_branch_datetime_operator_2']) retrieved from /home/airflow/.local/lib/python3.7/site-packages/airflow/example_dags/example_branch_datetime_operator.py
[2022-08-09 08:25:00,666] {logging_mixin.py:109} INFO - [2022-08-09 08:25:00,666] {dag.py:2396} INFO - Sync 1 DAGs
[2022-08-09 08:25:00,689] {logging_mixin.py:109} INFO - [2022-08-09 08:25:00,689] {dag.py:2935} INFO - Setting next_dagrun for example_branch_datetime_operator_2 to 2022-08-08 00:00:00+00:00
[2022-08-09 08:25:00,704] {processor.py:171} INFO - Processing /home/airflow/.local/lib/python3.7/site-packages/airflow/example_dags/example_branch_datetime_operator.py took 0.120 seconds
[2022-08-09 08:25:31,092] {processor.py:163} INFO - Started process (PID=2715) to work on /home/airflow/.local/lib/python3.7/site-packages/airflow/example_dags/example_branch_datetime_operator.py
[2022-08-09 08:25:31,094] {processor.py:642} INFO - Processing file /home/airflow/.local/lib/python3.7/site-packages/airflow/example_dags/example_branch_datetime_operator.py for tasks to queue
[2022-08-09 08:25:31,097] {logging_mixin.py:109} INFO - [2022-08-09 08:25:31,096] {dagbag.py:500} INFO - Filling up the DagBag from /home/airflow/.local/lib/python3.7/site-packages/airflow/example_dags/example_branch_datetime_operator.py
[2022-08-09 08:25:31,137] {processor.py:654} INFO - DAG(s) dict_keys(['example_branch_datetime_operator_2']) retrieved from /home/airflow/.local/lib/python3.7/site-packages/airflow/example_dags/example_branch_datetime_operator.py
[2022-08-09 08:25:31,152] {logging_mixin.py:109} INFO - [2022-08-09 08:25:31,151] {dag.py:2396} INFO - Sync 1 DAGs
[2022-08-09 08:25:31,180] {logging_mixin.py:109} INFO - [2022-08-09 08:25:31,180] {dag.py:2935} INFO - Setting next_dagrun for example_branch_datetime_operator_2 to 2022-08-08 00:00:00+00:00
[2022-08-09 08:25:31,195] {processor.py:171} INFO - Processing /home/airflow/.local/lib/python3.7/site-packages/airflow/example_dags/example_branch_datetime_operator.py took 0.108 seconds
[2022-08-09 08:26:01,516] {processor.py:163} INFO - Started process (PID=2777) to work on /home/airflow/.local/lib/python3.7/site-packages/airflow/example_dags/example_branch_datetime_operator.py
[2022-08-09 08:26:01,518] {processor.py:642} INFO - Processing file /home/airflow/.local/lib/python3.7/site-packages/airflow/example_dags/example_branch_datetime_operator.py for tasks to queue
[2022-08-09 08:26:01,520] {logging_mixin.py:109} INFO - [2022-08-09 08:26:01,520] {dagbag.py:500} INFO - Filling up the DagBag from /home/airflow/.local/lib/python3.7/site-packages/airflow/example_dags/example_branch_datetime_operator.py
[2022-08-09 08:26:01,571] {processor.py:654} INFO - DAG(s) dict_keys(['example_branch_datetime_operator_2']) retrieved from /home/airflow/.local/lib/python3.7/site-packages/airflow/example_dags/example_branch_datetime_operator.py
[2022-08-09 08:26:01,584] {logging_mixin.py:109} INFO - [2022-08-09 08:26:01,583] {dag.py:2396} INFO - Sync 1 DAGs
[2022-08-09 08:26:01,602] {logging_mixin.py:109} INFO - [2022-08-09 08:26:01,601] {dag.py:2935} INFO - Setting next_dagrun for example_branch_datetime_operator_2 to 2022-08-08 00:00:00+00:00
[2022-08-09 08:26:01,614] {processor.py:171} INFO - Processing /home/airflow/.local/lib/python3.7/site-packages/airflow/example_dags/example_branch_datetime_operator.py took 0.103 seconds
[2022-08-09 08:26:31,718] {processor.py:163} INFO - Started process (PID=2837) to work on /home/airflow/.local/lib/python3.7/site-packages/airflow/example_dags/example_branch_datetime_operator.py
[2022-08-09 08:26:31,720] {processor.py:642} INFO - Processing file /home/airflow/.local/lib/python3.7/site-packages/airflow/example_dags/example_branch_datetime_operator.py for tasks to queue
[2022-08-09 08:26:31,723] {logging_mixin.py:109} INFO - [2022-08-09 08:26:31,722] {dagbag.py:500} INFO - Filling up the DagBag from /home/airflow/.local/lib/python3.7/site-packages/airflow/example_dags/example_branch_datetime_operator.py
[2022-08-09 08:26:31,785] {processor.py:654} INFO - DAG(s) dict_keys(['example_branch_datetime_operator_2']) retrieved from /home/airflow/.local/lib/python3.7/site-packages/airflow/example_dags/example_branch_datetime_operator.py
[2022-08-09 08:26:31,797] {logging_mixin.py:109} INFO - [2022-08-09 08:26:31,797] {dag.py:2396} INFO - Sync 1 DAGs
[2022-08-09 08:26:31,816] {logging_mixin.py:109} INFO - [2022-08-09 08:26:31,815] {dag.py:2935} INFO - Setting next_dagrun for example_branch_datetime_operator_2 to 2022-08-08 00:00:00+00:00
[2022-08-09 08:26:31,829] {processor.py:171} INFO - Processing /home/airflow/.local/lib/python3.7/site-packages/airflow/example_dags/example_branch_datetime_operator.py took 0.116 seconds
[2022-08-09 08:27:02,409] {processor.py:163} INFO - Started process (PID=2907) to work on /home/airflow/.local/lib/python3.7/site-packages/airflow/example_dags/example_branch_datetime_operator.py
[2022-08-09 08:27:02,412] {processor.py:642} INFO - Processing file /home/airflow/.local/lib/python3.7/site-packages/airflow/example_dags/example_branch_datetime_operator.py for tasks to queue
[2022-08-09 08:27:02,413] {logging_mixin.py:109} INFO - [2022-08-09 08:27:02,413] {dagbag.py:500} INFO - Filling up the DagBag from /home/airflow/.local/lib/python3.7/site-packages/airflow/example_dags/example_branch_datetime_operator.py
[2022-08-09 08:27:02,453] {processor.py:654} INFO - DAG(s) dict_keys(['example_branch_datetime_operator_2']) retrieved from /home/airflow/.local/lib/python3.7/site-packages/airflow/example_dags/example_branch_datetime_operator.py
[2022-08-09 08:27:02,466] {logging_mixin.py:109} INFO - [2022-08-09 08:27:02,466] {dag.py:2396} INFO - Sync 1 DAGs
[2022-08-09 08:27:02,485] {logging_mixin.py:109} INFO - [2022-08-09 08:27:02,485] {dag.py:2935} INFO - Setting next_dagrun for example_branch_datetime_operator_2 to 2022-08-08 00:00:00+00:00
[2022-08-09 08:27:02,497] {processor.py:171} INFO - Processing /home/airflow/.local/lib/python3.7/site-packages/airflow/example_dags/example_branch_datetime_operator.py took 0.091 seconds
[2022-08-09 08:27:32,794] {processor.py:163} INFO - Started process (PID=2968) to work on /home/airflow/.local/lib/python3.7/site-packages/airflow/example_dags/example_branch_datetime_operator.py
[2022-08-09 08:27:32,797] {processor.py:642} INFO - Processing file /home/airflow/.local/lib/python3.7/site-packages/airflow/example_dags/example_branch_datetime_operator.py for tasks to queue
[2022-08-09 08:27:32,799] {logging_mixin.py:109} INFO - [2022-08-09 08:27:32,799] {dagbag.py:500} INFO - Filling up the DagBag from /home/airflow/.local/lib/python3.7/site-packages/airflow/example_dags/example_branch_datetime_operator.py
[2022-08-09 08:27:32,841] {processor.py:654} INFO - DAG(s) dict_keys(['example_branch_datetime_operator_2']) retrieved from /home/airflow/.local/lib/python3.7/site-packages/airflow/example_dags/example_branch_datetime_operator.py
[2022-08-09 08:27:32,854] {logging_mixin.py:109} INFO - [2022-08-09 08:27:32,854] {dag.py:2396} INFO - Sync 1 DAGs
[2022-08-09 08:27:32,874] {logging_mixin.py:109} INFO - [2022-08-09 08:27:32,874] {dag.py:2935} INFO - Setting next_dagrun for example_branch_datetime_operator_2 to 2022-08-08 00:00:00+00:00
[2022-08-09 08:27:32,885] {processor.py:171} INFO - Processing /home/airflow/.local/lib/python3.7/site-packages/airflow/example_dags/example_branch_datetime_operator.py took 0.095 seconds
[2022-08-09 08:28:03,125] {processor.py:163} INFO - Started process (PID=3037) to work on /home/airflow/.local/lib/python3.7/site-packages/airflow/example_dags/example_branch_datetime_operator.py
[2022-08-09 08:28:03,126] {processor.py:642} INFO - Processing file /home/airflow/.local/lib/python3.7/site-packages/airflow/example_dags/example_branch_datetime_operator.py for tasks to queue
[2022-08-09 08:28:03,128] {logging_mixin.py:109} INFO - [2022-08-09 08:28:03,128] {dagbag.py:500} INFO - Filling up the DagBag from /home/airflow/.local/lib/python3.7/site-packages/airflow/example_dags/example_branch_datetime_operator.py
[2022-08-09 08:28:03,163] {processor.py:654} INFO - DAG(s) dict_keys(['example_branch_datetime_operator_2']) retrieved from /home/airflow/.local/lib/python3.7/site-packages/airflow/example_dags/example_branch_datetime_operator.py
[2022-08-09 08:28:03,174] {logging_mixin.py:109} INFO - [2022-08-09 08:28:03,174] {dag.py:2396} INFO - Sync 1 DAGs
[2022-08-09 08:28:03,192] {logging_mixin.py:109} INFO - [2022-08-09 08:28:03,192] {dag.py:2935} INFO - Setting next_dagrun for example_branch_datetime_operator_2 to 2022-08-08 00:00:00+00:00
[2022-08-09 08:28:03,204] {processor.py:171} INFO - Processing /home/airflow/.local/lib/python3.7/site-packages/airflow/example_dags/example_branch_datetime_operator.py took 0.082 seconds
[2022-08-09 08:28:33,634] {processor.py:163} INFO - Started process (PID=3097) to work on /home/airflow/.local/lib/python3.7/site-packages/airflow/example_dags/example_branch_datetime_operator.py
[2022-08-09 08:28:33,636] {processor.py:642} INFO - Processing file /home/airflow/.local/lib/python3.7/site-packages/airflow/example_dags/example_branch_datetime_operator.py for tasks to queue
[2022-08-09 08:28:33,639] {logging_mixin.py:109} INFO - [2022-08-09 08:28:33,639] {dagbag.py:500} INFO - Filling up the DagBag from /home/airflow/.local/lib/python3.7/site-packages/airflow/example_dags/example_branch_datetime_operator.py
[2022-08-09 08:28:33,687] {processor.py:654} INFO - DAG(s) dict_keys(['example_branch_datetime_operator_2']) retrieved from /home/airflow/.local/lib/python3.7/site-packages/airflow/example_dags/example_branch_datetime_operator.py
[2022-08-09 08:28:33,699] {logging_mixin.py:109} INFO - [2022-08-09 08:28:33,699] {dag.py:2396} INFO - Sync 1 DAGs
[2022-08-09 08:28:33,721] {logging_mixin.py:109} INFO - [2022-08-09 08:28:33,720] {dag.py:2935} INFO - Setting next_dagrun for example_branch_datetime_operator_2 to 2022-08-08 00:00:00+00:00
[2022-08-09 08:28:33,734] {processor.py:171} INFO - Processing /home/airflow/.local/lib/python3.7/site-packages/airflow/example_dags/example_branch_datetime_operator.py took 0.106 seconds
[2022-08-09 08:29:04,099] {processor.py:163} INFO - Started process (PID=3166) to work on /home/airflow/.local/lib/python3.7/site-packages/airflow/example_dags/example_branch_datetime_operator.py
[2022-08-09 08:29:04,101] {processor.py:642} INFO - Processing file /home/airflow/.local/lib/python3.7/site-packages/airflow/example_dags/example_branch_datetime_operator.py for tasks to queue
[2022-08-09 08:29:04,102] {logging_mixin.py:109} INFO - [2022-08-09 08:29:04,102] {dagbag.py:500} INFO - Filling up the DagBag from /home/airflow/.local/lib/python3.7/site-packages/airflow/example_dags/example_branch_datetime_operator.py
[2022-08-09 08:29:04,138] {processor.py:654} INFO - DAG(s) dict_keys(['example_branch_datetime_operator_2']) retrieved from /home/airflow/.local/lib/python3.7/site-packages/airflow/example_dags/example_branch_datetime_operator.py
[2022-08-09 08:29:04,157] {logging_mixin.py:109} INFO - [2022-08-09 08:29:04,156] {dag.py:2396} INFO - Sync 1 DAGs
[2022-08-09 08:29:04,183] {logging_mixin.py:109} INFO - [2022-08-09 08:29:04,183] {dag.py:2935} INFO - Setting next_dagrun for example_branch_datetime_operator_2 to 2022-08-08 00:00:00+00:00
[2022-08-09 08:29:04,202] {processor.py:171} INFO - Processing /home/airflow/.local/lib/python3.7/site-packages/airflow/example_dags/example_branch_datetime_operator.py took 0.108 seconds
[2022-08-09 08:29:34,516] {processor.py:163} INFO - Started process (PID=3226) to work on /home/airflow/.local/lib/python3.7/site-packages/airflow/example_dags/example_branch_datetime_operator.py
[2022-08-09 08:29:34,518] {processor.py:642} INFO - Processing file /home/airflow/.local/lib/python3.7/site-packages/airflow/example_dags/example_branch_datetime_operator.py for tasks to queue
[2022-08-09 08:29:34,519] {logging_mixin.py:109} INFO - [2022-08-09 08:29:34,519] {dagbag.py:500} INFO - Filling up the DagBag from /home/airflow/.local/lib/python3.7/site-packages/airflow/example_dags/example_branch_datetime_operator.py
[2022-08-09 08:29:34,550] {processor.py:654} INFO - DAG(s) dict_keys(['example_branch_datetime_operator_2']) retrieved from /home/airflow/.local/lib/python3.7/site-packages/airflow/example_dags/example_branch_datetime_operator.py
[2022-08-09 08:29:34,561] {logging_mixin.py:109} INFO - [2022-08-09 08:29:34,560] {dag.py:2396} INFO - Sync 1 DAGs
[2022-08-09 08:29:34,578] {logging_mixin.py:109} INFO - [2022-08-09 08:29:34,578] {dag.py:2935} INFO - Setting next_dagrun for example_branch_datetime_operator_2 to 2022-08-08 00:00:00+00:00
[2022-08-09 08:29:34,589] {processor.py:171} INFO - Processing /home/airflow/.local/lib/python3.7/site-packages/airflow/example_dags/example_branch_datetime_operator.py took 0.077 seconds
[2022-08-09 08:30:05,100] {processor.py:163} INFO - Started process (PID=3295) to work on /home/airflow/.local/lib/python3.7/site-packages/airflow/example_dags/example_branch_datetime_operator.py
[2022-08-09 08:30:05,103] {processor.py:642} INFO - Processing file /home/airflow/.local/lib/python3.7/site-packages/airflow/example_dags/example_branch_datetime_operator.py for tasks to queue
[2022-08-09 08:30:05,105] {logging_mixin.py:109} INFO - [2022-08-09 08:30:05,105] {dagbag.py:500} INFO - Filling up the DagBag from /home/airflow/.local/lib/python3.7/site-packages/airflow/example_dags/example_branch_datetime_operator.py
[2022-08-09 08:30:05,147] {processor.py:654} INFO - DAG(s) dict_keys(['example_branch_datetime_operator_2']) retrieved from /home/airflow/.local/lib/python3.7/site-packages/airflow/example_dags/example_branch_datetime_operator.py
[2022-08-09 08:30:05,170] {logging_mixin.py:109} INFO - [2022-08-09 08:30:05,170] {dag.py:2396} INFO - Sync 1 DAGs
[2022-08-09 08:30:05,205] {logging_mixin.py:109} INFO - [2022-08-09 08:30:05,205] {dag.py:2935} INFO - Setting next_dagrun for example_branch_datetime_operator_2 to 2022-08-08 00:00:00+00:00
[2022-08-09 08:30:05,216] {processor.py:171} INFO - Processing /home/airflow/.local/lib/python3.7/site-packages/airflow/example_dags/example_branch_datetime_operator.py took 0.120 seconds
[2022-08-09 08:30:35,255] {processor.py:163} INFO - Started process (PID=3351) to work on /home/airflow/.local/lib/python3.7/site-packages/airflow/example_dags/example_branch_datetime_operator.py
[2022-08-09 08:30:35,257] {processor.py:642} INFO - Processing file /home/airflow/.local/lib/python3.7/site-packages/airflow/example_dags/example_branch_datetime_operator.py for tasks to queue
[2022-08-09 08:30:35,260] {logging_mixin.py:109} INFO - [2022-08-09 08:30:35,259] {dagbag.py:500} INFO - Filling up the DagBag from /home/airflow/.local/lib/python3.7/site-packages/airflow/example_dags/example_branch_datetime_operator.py
[2022-08-09 08:30:35,308] {processor.py:654} INFO - DAG(s) dict_keys(['example_branch_datetime_operator_2']) retrieved from /home/airflow/.local/lib/python3.7/site-packages/airflow/example_dags/example_branch_datetime_operator.py
[2022-08-09 08:30:35,332] {logging_mixin.py:109} INFO - [2022-08-09 08:30:35,332] {dag.py:2396} INFO - Sync 1 DAGs
[2022-08-09 08:30:35,366] {logging_mixin.py:109} INFO - [2022-08-09 08:30:35,366] {dag.py:2935} INFO - Setting next_dagrun for example_branch_datetime_operator_2 to 2022-08-08 00:00:00+00:00
[2022-08-09 08:30:35,388] {processor.py:171} INFO - Processing /home/airflow/.local/lib/python3.7/site-packages/airflow/example_dags/example_branch_datetime_operator.py took 0.139 seconds
[2022-08-09 08:31:06,006] {processor.py:163} INFO - Started process (PID=3425) to work on /home/airflow/.local/lib/python3.7/site-packages/airflow/example_dags/example_branch_datetime_operator.py
[2022-08-09 08:31:06,008] {processor.py:642} INFO - Processing file /home/airflow/.local/lib/python3.7/site-packages/airflow/example_dags/example_branch_datetime_operator.py for tasks to queue
[2022-08-09 08:31:06,010] {logging_mixin.py:109} INFO - [2022-08-09 08:31:06,010] {dagbag.py:500} INFO - Filling up the DagBag from /home/airflow/.local/lib/python3.7/site-packages/airflow/example_dags/example_branch_datetime_operator.py
[2022-08-09 08:31:06,056] {processor.py:654} INFO - DAG(s) dict_keys(['example_branch_datetime_operator_2']) retrieved from /home/airflow/.local/lib/python3.7/site-packages/airflow/example_dags/example_branch_datetime_operator.py
[2022-08-09 08:31:06,070] {logging_mixin.py:109} INFO - [2022-08-09 08:31:06,070] {dag.py:2396} INFO - Sync 1 DAGs
[2022-08-09 08:31:06,091] {logging_mixin.py:109} INFO - [2022-08-09 08:31:06,091] {dag.py:2935} INFO - Setting next_dagrun for example_branch_datetime_operator_2 to 2022-08-08 00:00:00+00:00
[2022-08-09 08:31:06,109] {processor.py:171} INFO - Processing /home/airflow/.local/lib/python3.7/site-packages/airflow/example_dags/example_branch_datetime_operator.py took 0.107 seconds
[2022-08-09 08:31:36,418] {processor.py:163} INFO - Started process (PID=3485) to work on /home/airflow/.local/lib/python3.7/site-packages/airflow/example_dags/example_branch_datetime_operator.py
[2022-08-09 08:31:36,421] {processor.py:642} INFO - Processing file /home/airflow/.local/lib/python3.7/site-packages/airflow/example_dags/example_branch_datetime_operator.py for tasks to queue
[2022-08-09 08:31:36,423] {logging_mixin.py:109} INFO - [2022-08-09 08:31:36,423] {dagbag.py:500} INFO - Filling up the DagBag from /home/airflow/.local/lib/python3.7/site-packages/airflow/example_dags/example_branch_datetime_operator.py
[2022-08-09 08:31:36,470] {processor.py:654} INFO - DAG(s) dict_keys(['example_branch_datetime_operator_2']) retrieved from /home/airflow/.local/lib/python3.7/site-packages/airflow/example_dags/example_branch_datetime_operator.py
[2022-08-09 08:31:36,484] {logging_mixin.py:109} INFO - [2022-08-09 08:31:36,484] {dag.py:2396} INFO - Sync 1 DAGs
[2022-08-09 08:31:36,512] {logging_mixin.py:109} INFO - [2022-08-09 08:31:36,511] {dag.py:2935} INFO - Setting next_dagrun for example_branch_datetime_operator_2 to 2022-08-08 00:00:00+00:00
[2022-08-09 08:31:36,525] {processor.py:171} INFO - Processing /home/airflow/.local/lib/python3.7/site-packages/airflow/example_dags/example_branch_datetime_operator.py took 0.110 seconds
[2022-08-09 08:32:07,236] {processor.py:163} INFO - Started process (PID=3552) to work on /home/airflow/.local/lib/python3.7/site-packages/airflow/example_dags/example_branch_datetime_operator.py
[2022-08-09 08:32:07,240] {processor.py:642} INFO - Processing file /home/airflow/.local/lib/python3.7/site-packages/airflow/example_dags/example_branch_datetime_operator.py for tasks to queue
[2022-08-09 08:32:07,243] {logging_mixin.py:109} INFO - [2022-08-09 08:32:07,243] {dagbag.py:500} INFO - Filling up the DagBag from /home/airflow/.local/lib/python3.7/site-packages/airflow/example_dags/example_branch_datetime_operator.py
[2022-08-09 08:32:07,300] {processor.py:654} INFO - DAG(s) dict_keys(['example_branch_datetime_operator_2']) retrieved from /home/airflow/.local/lib/python3.7/site-packages/airflow/example_dags/example_branch_datetime_operator.py
[2022-08-09 08:32:07,320] {logging_mixin.py:109} INFO - [2022-08-09 08:32:07,320] {dag.py:2396} INFO - Sync 1 DAGs
[2022-08-09 08:32:07,358] {logging_mixin.py:109} INFO - [2022-08-09 08:32:07,358] {dag.py:2935} INFO - Setting next_dagrun for example_branch_datetime_operator_2 to 2022-08-08 00:00:00+00:00
[2022-08-09 08:32:07,368] {processor.py:171} INFO - Processing /home/airflow/.local/lib/python3.7/site-packages/airflow/example_dags/example_branch_datetime_operator.py took 0.139 seconds
[2022-08-09 08:32:38,241] {processor.py:163} INFO - Started process (PID=3613) to work on /home/airflow/.local/lib/python3.7/site-packages/airflow/example_dags/example_branch_datetime_operator.py
[2022-08-09 08:32:38,244] {processor.py:642} INFO - Processing file /home/airflow/.local/lib/python3.7/site-packages/airflow/example_dags/example_branch_datetime_operator.py for tasks to queue
[2022-08-09 08:32:38,246] {logging_mixin.py:109} INFO - [2022-08-09 08:32:38,245] {dagbag.py:500} INFO - Filling up the DagBag from /home/airflow/.local/lib/python3.7/site-packages/airflow/example_dags/example_branch_datetime_operator.py
[2022-08-09 08:32:38,281] {processor.py:654} INFO - DAG(s) dict_keys(['example_branch_datetime_operator_2']) retrieved from /home/airflow/.local/lib/python3.7/site-packages/airflow/example_dags/example_branch_datetime_operator.py
[2022-08-09 08:32:38,300] {logging_mixin.py:109} INFO - [2022-08-09 08:32:38,300] {dag.py:2396} INFO - Sync 1 DAGs
[2022-08-09 08:32:38,333] {logging_mixin.py:109} INFO - [2022-08-09 08:32:38,333] {dag.py:2935} INFO - Setting next_dagrun for example_branch_datetime_operator_2 to 2022-08-08 00:00:00+00:00
[2022-08-09 08:32:38,355] {processor.py:171} INFO - Processing /home/airflow/.local/lib/python3.7/site-packages/airflow/example_dags/example_branch_datetime_operator.py took 0.119 seconds
[2022-08-09 08:33:08,993] {processor.py:163} INFO - Started process (PID=3682) to work on /home/airflow/.local/lib/python3.7/site-packages/airflow/example_dags/example_branch_datetime_operator.py
[2022-08-09 08:33:08,995] {processor.py:642} INFO - Processing file /home/airflow/.local/lib/python3.7/site-packages/airflow/example_dags/example_branch_datetime_operator.py for tasks to queue
[2022-08-09 08:33:08,997] {logging_mixin.py:109} INFO - [2022-08-09 08:33:08,997] {dagbag.py:500} INFO - Filling up the DagBag from /home/airflow/.local/lib/python3.7/site-packages/airflow/example_dags/example_branch_datetime_operator.py
[2022-08-09 08:33:09,031] {processor.py:654} INFO - DAG(s) dict_keys(['example_branch_datetime_operator_2']) retrieved from /home/airflow/.local/lib/python3.7/site-packages/airflow/example_dags/example_branch_datetime_operator.py
[2022-08-09 08:33:09,053] {logging_mixin.py:109} INFO - [2022-08-09 08:33:09,053] {dag.py:2396} INFO - Sync 1 DAGs
[2022-08-09 08:33:09,081] {logging_mixin.py:109} INFO - [2022-08-09 08:33:09,080] {dag.py:2935} INFO - Setting next_dagrun for example_branch_datetime_operator_2 to 2022-08-08 00:00:00+00:00
[2022-08-09 08:33:09,097] {processor.py:171} INFO - Processing /home/airflow/.local/lib/python3.7/site-packages/airflow/example_dags/example_branch_datetime_operator.py took 0.108 seconds
[2022-08-09 08:33:39,210] {processor.py:163} INFO - Started process (PID=3743) to work on /home/airflow/.local/lib/python3.7/site-packages/airflow/example_dags/example_branch_datetime_operator.py
[2022-08-09 08:33:39,213] {processor.py:642} INFO - Processing file /home/airflow/.local/lib/python3.7/site-packages/airflow/example_dags/example_branch_datetime_operator.py for tasks to queue
[2022-08-09 08:33:39,214] {logging_mixin.py:109} INFO - [2022-08-09 08:33:39,214] {dagbag.py:500} INFO - Filling up the DagBag from /home/airflow/.local/lib/python3.7/site-packages/airflow/example_dags/example_branch_datetime_operator.py
[2022-08-09 08:33:39,245] {processor.py:654} INFO - DAG(s) dict_keys(['example_branch_datetime_operator_2']) retrieved from /home/airflow/.local/lib/python3.7/site-packages/airflow/example_dags/example_branch_datetime_operator.py
[2022-08-09 08:33:39,256] {logging_mixin.py:109} INFO - [2022-08-09 08:33:39,256] {dag.py:2396} INFO - Sync 1 DAGs
[2022-08-09 08:33:39,274] {logging_mixin.py:109} INFO - [2022-08-09 08:33:39,274] {dag.py:2935} INFO - Setting next_dagrun for example_branch_datetime_operator_2 to 2022-08-08 00:00:00+00:00
[2022-08-09 08:33:39,285] {processor.py:171} INFO - Processing /home/airflow/.local/lib/python3.7/site-packages/airflow/example_dags/example_branch_datetime_operator.py took 0.079 seconds
[2022-08-09 08:34:09,828] {processor.py:163} INFO - Started process (PID=3804) to work on /home/airflow/.local/lib/python3.7/site-packages/airflow/example_dags/example_branch_datetime_operator.py
[2022-08-09 08:34:09,830] {processor.py:642} INFO - Processing file /home/airflow/.local/lib/python3.7/site-packages/airflow/example_dags/example_branch_datetime_operator.py for tasks to queue
[2022-08-09 08:34:09,832] {logging_mixin.py:109} INFO - [2022-08-09 08:34:09,832] {dagbag.py:500} INFO - Filling up the DagBag from /home/airflow/.local/lib/python3.7/site-packages/airflow/example_dags/example_branch_datetime_operator.py
[2022-08-09 08:34:09,865] {processor.py:654} INFO - DAG(s) dict_keys(['example_branch_datetime_operator_2']) retrieved from /home/airflow/.local/lib/python3.7/site-packages/airflow/example_dags/example_branch_datetime_operator.py
[2022-08-09 08:34:09,879] {logging_mixin.py:109} INFO - [2022-08-09 08:34:09,878] {dag.py:2396} INFO - Sync 1 DAGs
[2022-08-09 08:34:09,909] {logging_mixin.py:109} INFO - [2022-08-09 08:34:09,909] {dag.py:2935} INFO - Setting next_dagrun for example_branch_datetime_operator_2 to 2022-08-08 00:00:00+00:00
[2022-08-09 08:34:09,926] {processor.py:171} INFO - Processing /home/airflow/.local/lib/python3.7/site-packages/airflow/example_dags/example_branch_datetime_operator.py took 0.104 seconds
[2022-08-09 08:34:40,319] {processor.py:163} INFO - Started process (PID=3873) to work on /home/airflow/.local/lib/python3.7/site-packages/airflow/example_dags/example_branch_datetime_operator.py
[2022-08-09 08:34:40,322] {processor.py:642} INFO - Processing file /home/airflow/.local/lib/python3.7/site-packages/airflow/example_dags/example_branch_datetime_operator.py for tasks to queue
[2022-08-09 08:34:40,324] {logging_mixin.py:109} INFO - [2022-08-09 08:34:40,323] {dagbag.py:500} INFO - Filling up the DagBag from /home/airflow/.local/lib/python3.7/site-packages/airflow/example_dags/example_branch_datetime_operator.py
[2022-08-09 08:34:40,357] {processor.py:654} INFO - DAG(s) dict_keys(['example_branch_datetime_operator_2']) retrieved from /home/airflow/.local/lib/python3.7/site-packages/airflow/example_dags/example_branch_datetime_operator.py
[2022-08-09 08:34:40,367] {logging_mixin.py:109} INFO - [2022-08-09 08:34:40,367] {dag.py:2396} INFO - Sync 1 DAGs
[2022-08-09 08:34:40,383] {logging_mixin.py:109} INFO - [2022-08-09 08:34:40,383] {dag.py:2935} INFO - Setting next_dagrun for example_branch_datetime_operator_2 to 2022-08-08 00:00:00+00:00
[2022-08-09 08:34:40,395] {processor.py:171} INFO - Processing /home/airflow/.local/lib/python3.7/site-packages/airflow/example_dags/example_branch_datetime_operator.py took 0.079 seconds
[2022-08-09 08:35:10,493] {processor.py:163} INFO - Started process (PID=3932) to work on /home/airflow/.local/lib/python3.7/site-packages/airflow/example_dags/example_branch_datetime_operator.py
[2022-08-09 08:35:10,497] {processor.py:642} INFO - Processing file /home/airflow/.local/lib/python3.7/site-packages/airflow/example_dags/example_branch_datetime_operator.py for tasks to queue
[2022-08-09 08:35:10,498] {logging_mixin.py:109} INFO - [2022-08-09 08:35:10,498] {dagbag.py:500} INFO - Filling up the DagBag from /home/airflow/.local/lib/python3.7/site-packages/airflow/example_dags/example_branch_datetime_operator.py
[2022-08-09 08:35:10,529] {processor.py:654} INFO - DAG(s) dict_keys(['example_branch_datetime_operator_2']) retrieved from /home/airflow/.local/lib/python3.7/site-packages/airflow/example_dags/example_branch_datetime_operator.py
[2022-08-09 08:35:10,539] {logging_mixin.py:109} INFO - [2022-08-09 08:35:10,539] {dag.py:2396} INFO - Sync 1 DAGs
[2022-08-09 08:35:10,556] {logging_mixin.py:109} INFO - [2022-08-09 08:35:10,555] {dag.py:2935} INFO - Setting next_dagrun for example_branch_datetime_operator_2 to 2022-08-08 00:00:00+00:00
[2022-08-09 08:35:10,566] {processor.py:171} INFO - Processing /home/airflow/.local/lib/python3.7/site-packages/airflow/example_dags/example_branch_datetime_operator.py took 0.078 seconds
[2022-08-09 08:35:40,793] {processor.py:163} INFO - Started process (PID=4001) to work on /home/airflow/.local/lib/python3.7/site-packages/airflow/example_dags/example_branch_datetime_operator.py
[2022-08-09 08:35:40,799] {processor.py:642} INFO - Processing file /home/airflow/.local/lib/python3.7/site-packages/airflow/example_dags/example_branch_datetime_operator.py for tasks to queue
[2022-08-09 08:35:40,802] {logging_mixin.py:109} INFO - [2022-08-09 08:35:40,802] {dagbag.py:500} INFO - Filling up the DagBag from /home/airflow/.local/lib/python3.7/site-packages/airflow/example_dags/example_branch_datetime_operator.py
[2022-08-09 08:35:40,874] {processor.py:654} INFO - DAG(s) dict_keys(['example_branch_datetime_operator_2']) retrieved from /home/airflow/.local/lib/python3.7/site-packages/airflow/example_dags/example_branch_datetime_operator.py
[2022-08-09 08:35:40,893] {logging_mixin.py:109} INFO - [2022-08-09 08:35:40,892] {dag.py:2396} INFO - Sync 1 DAGs
[2022-08-09 08:35:40,920] {logging_mixin.py:109} INFO - [2022-08-09 08:35:40,920] {dag.py:2935} INFO - Setting next_dagrun for example_branch_datetime_operator_2 to 2022-08-08 00:00:00+00:00
[2022-08-09 08:35:40,939] {processor.py:171} INFO - Processing /home/airflow/.local/lib/python3.7/site-packages/airflow/example_dags/example_branch_datetime_operator.py took 0.157 seconds
[2022-08-09 08:36:11,575] {processor.py:163} INFO - Started process (PID=4060) to work on /home/airflow/.local/lib/python3.7/site-packages/airflow/example_dags/example_branch_datetime_operator.py
[2022-08-09 08:36:11,580] {processor.py:642} INFO - Processing file /home/airflow/.local/lib/python3.7/site-packages/airflow/example_dags/example_branch_datetime_operator.py for tasks to queue
[2022-08-09 08:36:11,584] {logging_mixin.py:109} INFO - [2022-08-09 08:36:11,584] {dagbag.py:500} INFO - Filling up the DagBag from /home/airflow/.local/lib/python3.7/site-packages/airflow/example_dags/example_branch_datetime_operator.py
[2022-08-09 08:36:11,635] {processor.py:654} INFO - DAG(s) dict_keys(['example_branch_datetime_operator_2']) retrieved from /home/airflow/.local/lib/python3.7/site-packages/airflow/example_dags/example_branch_datetime_operator.py
[2022-08-09 08:36:11,657] {logging_mixin.py:109} INFO - [2022-08-09 08:36:11,656] {dag.py:2396} INFO - Sync 1 DAGs
[2022-08-09 08:36:11,690] {logging_mixin.py:109} INFO - [2022-08-09 08:36:11,690] {dag.py:2935} INFO - Setting next_dagrun for example_branch_datetime_operator_2 to 2022-08-08 00:00:00+00:00
[2022-08-09 08:36:11,711] {processor.py:171} INFO - Processing /home/airflow/.local/lib/python3.7/site-packages/airflow/example_dags/example_branch_datetime_operator.py took 0.144 seconds
[2022-08-09 08:36:42,509] {processor.py:163} INFO - Started process (PID=4117) to work on /home/airflow/.local/lib/python3.7/site-packages/airflow/example_dags/example_branch_datetime_operator.py
[2022-08-09 08:36:42,514] {processor.py:642} INFO - Processing file /home/airflow/.local/lib/python3.7/site-packages/airflow/example_dags/example_branch_datetime_operator.py for tasks to queue
[2022-08-09 08:36:42,518] {logging_mixin.py:109} INFO - [2022-08-09 08:36:42,518] {dagbag.py:500} INFO - Filling up the DagBag from /home/airflow/.local/lib/python3.7/site-packages/airflow/example_dags/example_branch_datetime_operator.py
[2022-08-09 08:36:42,601] {processor.py:654} INFO - DAG(s) dict_keys(['example_branch_datetime_operator_2']) retrieved from /home/airflow/.local/lib/python3.7/site-packages/airflow/example_dags/example_branch_datetime_operator.py
[2022-08-09 08:36:42,623] {logging_mixin.py:109} INFO - [2022-08-09 08:36:42,622] {dag.py:2396} INFO - Sync 1 DAGs
[2022-08-09 08:36:42,658] {logging_mixin.py:109} INFO - [2022-08-09 08:36:42,658] {dag.py:2935} INFO - Setting next_dagrun for example_branch_datetime_operator_2 to 2022-08-08 00:00:00+00:00
[2022-08-09 08:36:42,677] {processor.py:171} INFO - Processing /home/airflow/.local/lib/python3.7/site-packages/airflow/example_dags/example_branch_datetime_operator.py took 0.178 seconds
