[2022-08-09 08:04:34,790] {processor.py:163} INFO - Started process (PID=55) to work on /home/airflow/.local/lib/python3.7/site-packages/airflow/example_dags/example_time_delta_sensor_async.py
[2022-08-09 08:04:34,797] {processor.py:642} INFO - Processing file /home/airflow/.local/lib/python3.7/site-packages/airflow/example_dags/example_time_delta_sensor_async.py for tasks to queue
[2022-08-09 08:04:34,801] {logging_mixin.py:109} INFO - [2022-08-09 08:04:34,800] {dagbag.py:500} INFO - Filling up the DagBag from /home/airflow/.local/lib/python3.7/site-packages/airflow/example_dags/example_time_delta_sensor_async.py
[2022-08-09 08:04:34,871] {processor.py:654} INFO - DAG(s) dict_keys(['example_time_delta_sensor_async']) retrieved from /home/airflow/.local/lib/python3.7/site-packages/airflow/example_dags/example_time_delta_sensor_async.py
[2022-08-09 08:04:34,894] {logging_mixin.py:109} INFO - [2022-08-09 08:04:34,894] {dag.py:2396} INFO - Sync 1 DAGs
[2022-08-09 08:04:34,947] {logging_mixin.py:109} INFO - [2022-08-09 08:04:34,946] {dag.py:2935} INFO - Setting next_dagrun for example_time_delta_sensor_async to None
[2022-08-09 08:04:34,965] {processor.py:171} INFO - Processing /home/airflow/.local/lib/python3.7/site-packages/airflow/example_dags/example_time_delta_sensor_async.py took 0.190 seconds
[2022-08-09 08:05:05,877] {processor.py:163} INFO - Started process (PID=124) to work on /home/airflow/.local/lib/python3.7/site-packages/airflow/example_dags/example_time_delta_sensor_async.py
[2022-08-09 08:05:05,879] {processor.py:642} INFO - Processing file /home/airflow/.local/lib/python3.7/site-packages/airflow/example_dags/example_time_delta_sensor_async.py for tasks to queue
[2022-08-09 08:05:05,881] {logging_mixin.py:109} INFO - [2022-08-09 08:05:05,881] {dagbag.py:500} INFO - Filling up the DagBag from /home/airflow/.local/lib/python3.7/site-packages/airflow/example_dags/example_time_delta_sensor_async.py
[2022-08-09 08:05:05,912] {processor.py:654} INFO - DAG(s) dict_keys(['example_time_delta_sensor_async']) retrieved from /home/airflow/.local/lib/python3.7/site-packages/airflow/example_dags/example_time_delta_sensor_async.py
[2022-08-09 08:05:05,926] {logging_mixin.py:109} INFO - [2022-08-09 08:05:05,926] {dag.py:2396} INFO - Sync 1 DAGs
[2022-08-09 08:05:05,942] {logging_mixin.py:109} INFO - [2022-08-09 08:05:05,942] {dag.py:2935} INFO - Setting next_dagrun for example_time_delta_sensor_async to None
[2022-08-09 08:05:05,953] {processor.py:171} INFO - Processing /home/airflow/.local/lib/python3.7/site-packages/airflow/example_dags/example_time_delta_sensor_async.py took 0.081 seconds
[2022-08-09 08:05:36,341] {processor.py:163} INFO - Started process (PID=185) to work on /home/airflow/.local/lib/python3.7/site-packages/airflow/example_dags/example_time_delta_sensor_async.py
[2022-08-09 08:05:36,343] {processor.py:642} INFO - Processing file /home/airflow/.local/lib/python3.7/site-packages/airflow/example_dags/example_time_delta_sensor_async.py for tasks to queue
[2022-08-09 08:05:36,345] {logging_mixin.py:109} INFO - [2022-08-09 08:05:36,344] {dagbag.py:500} INFO - Filling up the DagBag from /home/airflow/.local/lib/python3.7/site-packages/airflow/example_dags/example_time_delta_sensor_async.py
[2022-08-09 08:05:36,378] {processor.py:654} INFO - DAG(s) dict_keys(['example_time_delta_sensor_async']) retrieved from /home/airflow/.local/lib/python3.7/site-packages/airflow/example_dags/example_time_delta_sensor_async.py
[2022-08-09 08:05:36,389] {logging_mixin.py:109} INFO - [2022-08-09 08:05:36,389] {dag.py:2396} INFO - Sync 1 DAGs
[2022-08-09 08:05:36,405] {logging_mixin.py:109} INFO - [2022-08-09 08:05:36,405] {dag.py:2935} INFO - Setting next_dagrun for example_time_delta_sensor_async to None
[2022-08-09 08:05:36,415] {processor.py:171} INFO - Processing /home/airflow/.local/lib/python3.7/site-packages/airflow/example_dags/example_time_delta_sensor_async.py took 0.078 seconds
[2022-08-09 08:06:07,237] {processor.py:163} INFO - Started process (PID=254) to work on /home/airflow/.local/lib/python3.7/site-packages/airflow/example_dags/example_time_delta_sensor_async.py
[2022-08-09 08:06:07,241] {processor.py:642} INFO - Processing file /home/airflow/.local/lib/python3.7/site-packages/airflow/example_dags/example_time_delta_sensor_async.py for tasks to queue
[2022-08-09 08:06:07,243] {logging_mixin.py:109} INFO - [2022-08-09 08:06:07,243] {dagbag.py:500} INFO - Filling up the DagBag from /home/airflow/.local/lib/python3.7/site-packages/airflow/example_dags/example_time_delta_sensor_async.py
[2022-08-09 08:06:07,288] {processor.py:654} INFO - DAG(s) dict_keys(['example_time_delta_sensor_async']) retrieved from /home/airflow/.local/lib/python3.7/site-packages/airflow/example_dags/example_time_delta_sensor_async.py
[2022-08-09 08:06:07,303] {logging_mixin.py:109} INFO - [2022-08-09 08:06:07,303] {dag.py:2396} INFO - Sync 1 DAGs
[2022-08-09 08:06:07,336] {logging_mixin.py:109} INFO - [2022-08-09 08:06:07,336] {dag.py:2935} INFO - Setting next_dagrun for example_time_delta_sensor_async to None
[2022-08-09 08:06:07,352] {processor.py:171} INFO - Processing /home/airflow/.local/lib/python3.7/site-packages/airflow/example_dags/example_time_delta_sensor_async.py took 0.122 seconds
[2022-08-09 08:06:37,572] {processor.py:163} INFO - Started process (PID=309) to work on /home/airflow/.local/lib/python3.7/site-packages/airflow/example_dags/example_time_delta_sensor_async.py
[2022-08-09 08:06:37,574] {processor.py:642} INFO - Processing file /home/airflow/.local/lib/python3.7/site-packages/airflow/example_dags/example_time_delta_sensor_async.py for tasks to queue
[2022-08-09 08:06:37,576] {logging_mixin.py:109} INFO - [2022-08-09 08:06:37,576] {dagbag.py:500} INFO - Filling up the DagBag from /home/airflow/.local/lib/python3.7/site-packages/airflow/example_dags/example_time_delta_sensor_async.py
[2022-08-09 08:06:37,612] {processor.py:654} INFO - DAG(s) dict_keys(['example_time_delta_sensor_async']) retrieved from /home/airflow/.local/lib/python3.7/site-packages/airflow/example_dags/example_time_delta_sensor_async.py
[2022-08-09 08:06:37,623] {logging_mixin.py:109} INFO - [2022-08-09 08:06:37,623] {dag.py:2396} INFO - Sync 1 DAGs
[2022-08-09 08:06:37,640] {logging_mixin.py:109} INFO - [2022-08-09 08:06:37,640] {dag.py:2935} INFO - Setting next_dagrun for example_time_delta_sensor_async to None
[2022-08-09 08:06:37,651] {processor.py:171} INFO - Processing /home/airflow/.local/lib/python3.7/site-packages/airflow/example_dags/example_time_delta_sensor_async.py took 0.083 seconds
[2022-08-09 08:07:08,076] {processor.py:163} INFO - Started process (PID=379) to work on /home/airflow/.local/lib/python3.7/site-packages/airflow/example_dags/example_time_delta_sensor_async.py
[2022-08-09 08:07:08,080] {processor.py:642} INFO - Processing file /home/airflow/.local/lib/python3.7/site-packages/airflow/example_dags/example_time_delta_sensor_async.py for tasks to queue
[2022-08-09 08:07:08,083] {logging_mixin.py:109} INFO - [2022-08-09 08:07:08,082] {dagbag.py:500} INFO - Filling up the DagBag from /home/airflow/.local/lib/python3.7/site-packages/airflow/example_dags/example_time_delta_sensor_async.py
[2022-08-09 08:07:08,141] {processor.py:654} INFO - DAG(s) dict_keys(['example_time_delta_sensor_async']) retrieved from /home/airflow/.local/lib/python3.7/site-packages/airflow/example_dags/example_time_delta_sensor_async.py
[2022-08-09 08:07:08,154] {logging_mixin.py:109} INFO - [2022-08-09 08:07:08,154] {dag.py:2396} INFO - Sync 1 DAGs
[2022-08-09 08:07:08,174] {logging_mixin.py:109} INFO - [2022-08-09 08:07:08,174] {dag.py:2935} INFO - Setting next_dagrun for example_time_delta_sensor_async to None
[2022-08-09 08:07:08,189] {processor.py:171} INFO - Processing /home/airflow/.local/lib/python3.7/site-packages/airflow/example_dags/example_time_delta_sensor_async.py took 0.120 seconds
[2022-08-09 08:07:38,535] {processor.py:163} INFO - Started process (PID=439) to work on /home/airflow/.local/lib/python3.7/site-packages/airflow/example_dags/example_time_delta_sensor_async.py
[2022-08-09 08:07:38,539] {processor.py:642} INFO - Processing file /home/airflow/.local/lib/python3.7/site-packages/airflow/example_dags/example_time_delta_sensor_async.py for tasks to queue
[2022-08-09 08:07:38,542] {logging_mixin.py:109} INFO - [2022-08-09 08:07:38,541] {dagbag.py:500} INFO - Filling up the DagBag from /home/airflow/.local/lib/python3.7/site-packages/airflow/example_dags/example_time_delta_sensor_async.py
[2022-08-09 08:07:38,592] {processor.py:654} INFO - DAG(s) dict_keys(['example_time_delta_sensor_async']) retrieved from /home/airflow/.local/lib/python3.7/site-packages/airflow/example_dags/example_time_delta_sensor_async.py
[2022-08-09 08:07:38,604] {logging_mixin.py:109} INFO - [2022-08-09 08:07:38,603] {dag.py:2396} INFO - Sync 1 DAGs
[2022-08-09 08:07:38,625] {logging_mixin.py:109} INFO - [2022-08-09 08:07:38,625] {dag.py:2935} INFO - Setting next_dagrun for example_time_delta_sensor_async to None
[2022-08-09 08:07:38,638] {processor.py:171} INFO - Processing /home/airflow/.local/lib/python3.7/site-packages/airflow/example_dags/example_time_delta_sensor_async.py took 0.108 seconds
[2022-08-09 08:08:09,152] {processor.py:163} INFO - Started process (PID=510) to work on /home/airflow/.local/lib/python3.7/site-packages/airflow/example_dags/example_time_delta_sensor_async.py
[2022-08-09 08:08:09,157] {processor.py:642} INFO - Processing file /home/airflow/.local/lib/python3.7/site-packages/airflow/example_dags/example_time_delta_sensor_async.py for tasks to queue
[2022-08-09 08:08:09,162] {logging_mixin.py:109} INFO - [2022-08-09 08:08:09,162] {dagbag.py:500} INFO - Filling up the DagBag from /home/airflow/.local/lib/python3.7/site-packages/airflow/example_dags/example_time_delta_sensor_async.py
[2022-08-09 08:08:09,212] {processor.py:654} INFO - DAG(s) dict_keys(['example_time_delta_sensor_async']) retrieved from /home/airflow/.local/lib/python3.7/site-packages/airflow/example_dags/example_time_delta_sensor_async.py
[2022-08-09 08:08:09,232] {logging_mixin.py:109} INFO - [2022-08-09 08:08:09,232] {dag.py:2396} INFO - Sync 1 DAGs
[2022-08-09 08:08:09,258] {logging_mixin.py:109} INFO - [2022-08-09 08:08:09,258] {dag.py:2935} INFO - Setting next_dagrun for example_time_delta_sensor_async to None
[2022-08-09 08:08:09,270] {processor.py:171} INFO - Processing /home/airflow/.local/lib/python3.7/site-packages/airflow/example_dags/example_time_delta_sensor_async.py took 0.122 seconds
[2022-08-09 08:08:40,149] {processor.py:163} INFO - Started process (PID=571) to work on /home/airflow/.local/lib/python3.7/site-packages/airflow/example_dags/example_time_delta_sensor_async.py
[2022-08-09 08:08:40,154] {processor.py:642} INFO - Processing file /home/airflow/.local/lib/python3.7/site-packages/airflow/example_dags/example_time_delta_sensor_async.py for tasks to queue
[2022-08-09 08:08:40,156] {logging_mixin.py:109} INFO - [2022-08-09 08:08:40,155] {dagbag.py:500} INFO - Filling up the DagBag from /home/airflow/.local/lib/python3.7/site-packages/airflow/example_dags/example_time_delta_sensor_async.py
[2022-08-09 08:08:40,200] {processor.py:654} INFO - DAG(s) dict_keys(['example_time_delta_sensor_async']) retrieved from /home/airflow/.local/lib/python3.7/site-packages/airflow/example_dags/example_time_delta_sensor_async.py
[2022-08-09 08:08:40,220] {logging_mixin.py:109} INFO - [2022-08-09 08:08:40,220] {dag.py:2396} INFO - Sync 1 DAGs
[2022-08-09 08:08:40,245] {logging_mixin.py:109} INFO - [2022-08-09 08:08:40,245] {dag.py:2935} INFO - Setting next_dagrun for example_time_delta_sensor_async to None
[2022-08-09 08:08:40,259] {processor.py:171} INFO - Processing /home/airflow/.local/lib/python3.7/site-packages/airflow/example_dags/example_time_delta_sensor_async.py took 0.117 seconds
[2022-08-09 08:09:10,903] {processor.py:163} INFO - Started process (PID=642) to work on /home/airflow/.local/lib/python3.7/site-packages/airflow/example_dags/example_time_delta_sensor_async.py
[2022-08-09 08:09:10,906] {processor.py:642} INFO - Processing file /home/airflow/.local/lib/python3.7/site-packages/airflow/example_dags/example_time_delta_sensor_async.py for tasks to queue
[2022-08-09 08:09:10,908] {logging_mixin.py:109} INFO - [2022-08-09 08:09:10,908] {dagbag.py:500} INFO - Filling up the DagBag from /home/airflow/.local/lib/python3.7/site-packages/airflow/example_dags/example_time_delta_sensor_async.py
[2022-08-09 08:09:10,966] {processor.py:654} INFO - DAG(s) dict_keys(['example_time_delta_sensor_async']) retrieved from /home/airflow/.local/lib/python3.7/site-packages/airflow/example_dags/example_time_delta_sensor_async.py
[2022-08-09 08:09:10,982] {logging_mixin.py:109} INFO - [2022-08-09 08:09:10,982] {dag.py:2396} INFO - Sync 1 DAGs
[2022-08-09 08:09:11,006] {logging_mixin.py:109} INFO - [2022-08-09 08:09:11,005] {dag.py:2935} INFO - Setting next_dagrun for example_time_delta_sensor_async to None
[2022-08-09 08:09:11,023] {processor.py:171} INFO - Processing /home/airflow/.local/lib/python3.7/site-packages/airflow/example_dags/example_time_delta_sensor_async.py took 0.124 seconds
[2022-08-09 08:09:41,244] {processor.py:163} INFO - Started process (PID=703) to work on /home/airflow/.local/lib/python3.7/site-packages/airflow/example_dags/example_time_delta_sensor_async.py
[2022-08-09 08:09:41,247] {processor.py:642} INFO - Processing file /home/airflow/.local/lib/python3.7/site-packages/airflow/example_dags/example_time_delta_sensor_async.py for tasks to queue
[2022-08-09 08:09:41,248] {logging_mixin.py:109} INFO - [2022-08-09 08:09:41,248] {dagbag.py:500} INFO - Filling up the DagBag from /home/airflow/.local/lib/python3.7/site-packages/airflow/example_dags/example_time_delta_sensor_async.py
[2022-08-09 08:09:41,287] {processor.py:654} INFO - DAG(s) dict_keys(['example_time_delta_sensor_async']) retrieved from /home/airflow/.local/lib/python3.7/site-packages/airflow/example_dags/example_time_delta_sensor_async.py
[2022-08-09 08:09:41,302] {logging_mixin.py:109} INFO - [2022-08-09 08:09:41,302] {dag.py:2396} INFO - Sync 1 DAGs
[2022-08-09 08:09:41,321] {logging_mixin.py:109} INFO - [2022-08-09 08:09:41,321] {dag.py:2935} INFO - Setting next_dagrun for example_time_delta_sensor_async to None
[2022-08-09 08:09:41,334] {processor.py:171} INFO - Processing /home/airflow/.local/lib/python3.7/site-packages/airflow/example_dags/example_time_delta_sensor_async.py took 0.095 seconds
[2022-08-09 08:10:11,828] {processor.py:163} INFO - Started process (PID=764) to work on /home/airflow/.local/lib/python3.7/site-packages/airflow/example_dags/example_time_delta_sensor_async.py
[2022-08-09 08:10:11,831] {processor.py:642} INFO - Processing file /home/airflow/.local/lib/python3.7/site-packages/airflow/example_dags/example_time_delta_sensor_async.py for tasks to queue
[2022-08-09 08:10:11,833] {logging_mixin.py:109} INFO - [2022-08-09 08:10:11,833] {dagbag.py:500} INFO - Filling up the DagBag from /home/airflow/.local/lib/python3.7/site-packages/airflow/example_dags/example_time_delta_sensor_async.py
[2022-08-09 08:10:11,866] {processor.py:654} INFO - DAG(s) dict_keys(['example_time_delta_sensor_async']) retrieved from /home/airflow/.local/lib/python3.7/site-packages/airflow/example_dags/example_time_delta_sensor_async.py
[2022-08-09 08:10:11,879] {logging_mixin.py:109} INFO - [2022-08-09 08:10:11,879] {dag.py:2396} INFO - Sync 1 DAGs
[2022-08-09 08:10:11,895] {logging_mixin.py:109} INFO - [2022-08-09 08:10:11,895] {dag.py:2935} INFO - Setting next_dagrun for example_time_delta_sensor_async to None
[2022-08-09 08:10:11,905] {processor.py:171} INFO - Processing /home/airflow/.local/lib/python3.7/site-packages/airflow/example_dags/example_time_delta_sensor_async.py took 0.084 seconds
[2022-08-09 08:10:42,133] {processor.py:163} INFO - Started process (PID=834) to work on /home/airflow/.local/lib/python3.7/site-packages/airflow/example_dags/example_time_delta_sensor_async.py
[2022-08-09 08:10:42,135] {processor.py:642} INFO - Processing file /home/airflow/.local/lib/python3.7/site-packages/airflow/example_dags/example_time_delta_sensor_async.py for tasks to queue
[2022-08-09 08:10:42,137] {logging_mixin.py:109} INFO - [2022-08-09 08:10:42,137] {dagbag.py:500} INFO - Filling up the DagBag from /home/airflow/.local/lib/python3.7/site-packages/airflow/example_dags/example_time_delta_sensor_async.py
[2022-08-09 08:10:42,177] {processor.py:654} INFO - DAG(s) dict_keys(['example_time_delta_sensor_async']) retrieved from /home/airflow/.local/lib/python3.7/site-packages/airflow/example_dags/example_time_delta_sensor_async.py
[2022-08-09 08:10:42,190] {logging_mixin.py:109} INFO - [2022-08-09 08:10:42,190] {dag.py:2396} INFO - Sync 1 DAGs
[2022-08-09 08:10:42,210] {logging_mixin.py:109} INFO - [2022-08-09 08:10:42,210] {dag.py:2935} INFO - Setting next_dagrun for example_time_delta_sensor_async to None
[2022-08-09 08:10:42,229] {processor.py:171} INFO - Processing /home/airflow/.local/lib/python3.7/site-packages/airflow/example_dags/example_time_delta_sensor_async.py took 0.101 seconds
[2022-08-09 08:11:12,500] {processor.py:163} INFO - Started process (PID=895) to work on /home/airflow/.local/lib/python3.7/site-packages/airflow/example_dags/example_time_delta_sensor_async.py
[2022-08-09 08:11:12,503] {processor.py:642} INFO - Processing file /home/airflow/.local/lib/python3.7/site-packages/airflow/example_dags/example_time_delta_sensor_async.py for tasks to queue
[2022-08-09 08:11:12,504] {logging_mixin.py:109} INFO - [2022-08-09 08:11:12,504] {dagbag.py:500} INFO - Filling up the DagBag from /home/airflow/.local/lib/python3.7/site-packages/airflow/example_dags/example_time_delta_sensor_async.py
[2022-08-09 08:11:12,536] {processor.py:654} INFO - DAG(s) dict_keys(['example_time_delta_sensor_async']) retrieved from /home/airflow/.local/lib/python3.7/site-packages/airflow/example_dags/example_time_delta_sensor_async.py
[2022-08-09 08:11:12,548] {logging_mixin.py:109} INFO - [2022-08-09 08:11:12,548] {dag.py:2396} INFO - Sync 1 DAGs
[2022-08-09 08:11:12,564] {logging_mixin.py:109} INFO - [2022-08-09 08:11:12,563] {dag.py:2935} INFO - Setting next_dagrun for example_time_delta_sensor_async to None
[2022-08-09 08:11:12,576] {processor.py:171} INFO - Processing /home/airflow/.local/lib/python3.7/site-packages/airflow/example_dags/example_time_delta_sensor_async.py took 0.083 seconds
[2022-08-09 08:11:43,226] {processor.py:163} INFO - Started process (PID=964) to work on /home/airflow/.local/lib/python3.7/site-packages/airflow/example_dags/example_time_delta_sensor_async.py
[2022-08-09 08:11:43,229] {processor.py:642} INFO - Processing file /home/airflow/.local/lib/python3.7/site-packages/airflow/example_dags/example_time_delta_sensor_async.py for tasks to queue
[2022-08-09 08:11:43,231] {logging_mixin.py:109} INFO - [2022-08-09 08:11:43,231] {dagbag.py:500} INFO - Filling up the DagBag from /home/airflow/.local/lib/python3.7/site-packages/airflow/example_dags/example_time_delta_sensor_async.py
[2022-08-09 08:11:43,273] {processor.py:654} INFO - DAG(s) dict_keys(['example_time_delta_sensor_async']) retrieved from /home/airflow/.local/lib/python3.7/site-packages/airflow/example_dags/example_time_delta_sensor_async.py
[2022-08-09 08:11:43,287] {logging_mixin.py:109} INFO - [2022-08-09 08:11:43,287] {dag.py:2396} INFO - Sync 1 DAGs
[2022-08-09 08:11:43,310] {logging_mixin.py:109} INFO - [2022-08-09 08:11:43,310] {dag.py:2935} INFO - Setting next_dagrun for example_time_delta_sensor_async to None
[2022-08-09 08:11:43,327] {processor.py:171} INFO - Processing /home/airflow/.local/lib/python3.7/site-packages/airflow/example_dags/example_time_delta_sensor_async.py took 0.107 seconds
[2022-08-09 08:12:13,912] {processor.py:163} INFO - Started process (PID=1024) to work on /home/airflow/.local/lib/python3.7/site-packages/airflow/example_dags/example_time_delta_sensor_async.py
[2022-08-09 08:12:13,914] {processor.py:642} INFO - Processing file /home/airflow/.local/lib/python3.7/site-packages/airflow/example_dags/example_time_delta_sensor_async.py for tasks to queue
[2022-08-09 08:12:13,915] {logging_mixin.py:109} INFO - [2022-08-09 08:12:13,915] {dagbag.py:500} INFO - Filling up the DagBag from /home/airflow/.local/lib/python3.7/site-packages/airflow/example_dags/example_time_delta_sensor_async.py
[2022-08-09 08:12:13,949] {processor.py:654} INFO - DAG(s) dict_keys(['example_time_delta_sensor_async']) retrieved from /home/airflow/.local/lib/python3.7/site-packages/airflow/example_dags/example_time_delta_sensor_async.py
[2022-08-09 08:12:13,962] {logging_mixin.py:109} INFO - [2022-08-09 08:12:13,962] {dag.py:2396} INFO - Sync 1 DAGs
[2022-08-09 08:12:13,994] {logging_mixin.py:109} INFO - [2022-08-09 08:12:13,994] {dag.py:2935} INFO - Setting next_dagrun for example_time_delta_sensor_async to None
[2022-08-09 08:12:14,007] {processor.py:171} INFO - Processing /home/airflow/.local/lib/python3.7/site-packages/airflow/example_dags/example_time_delta_sensor_async.py took 0.100 seconds
[2022-08-09 08:12:44,727] {processor.py:163} INFO - Started process (PID=1094) to work on /home/airflow/.local/lib/python3.7/site-packages/airflow/example_dags/example_time_delta_sensor_async.py
[2022-08-09 08:12:44,731] {processor.py:642} INFO - Processing file /home/airflow/.local/lib/python3.7/site-packages/airflow/example_dags/example_time_delta_sensor_async.py for tasks to queue
[2022-08-09 08:12:44,733] {logging_mixin.py:109} INFO - [2022-08-09 08:12:44,733] {dagbag.py:500} INFO - Filling up the DagBag from /home/airflow/.local/lib/python3.7/site-packages/airflow/example_dags/example_time_delta_sensor_async.py
[2022-08-09 08:12:44,765] {processor.py:654} INFO - DAG(s) dict_keys(['example_time_delta_sensor_async']) retrieved from /home/airflow/.local/lib/python3.7/site-packages/airflow/example_dags/example_time_delta_sensor_async.py
[2022-08-09 08:12:44,778] {logging_mixin.py:109} INFO - [2022-08-09 08:12:44,778] {dag.py:2396} INFO - Sync 1 DAGs
[2022-08-09 08:12:44,798] {logging_mixin.py:109} INFO - [2022-08-09 08:12:44,798] {dag.py:2935} INFO - Setting next_dagrun for example_time_delta_sensor_async to None
[2022-08-09 08:12:44,812] {processor.py:171} INFO - Processing /home/airflow/.local/lib/python3.7/site-packages/airflow/example_dags/example_time_delta_sensor_async.py took 0.091 seconds
[2022-08-09 08:13:15,354] {processor.py:163} INFO - Started process (PID=1154) to work on /home/airflow/.local/lib/python3.7/site-packages/airflow/example_dags/example_time_delta_sensor_async.py
[2022-08-09 08:13:15,356] {processor.py:642} INFO - Processing file /home/airflow/.local/lib/python3.7/site-packages/airflow/example_dags/example_time_delta_sensor_async.py for tasks to queue
[2022-08-09 08:13:15,358] {logging_mixin.py:109} INFO - [2022-08-09 08:13:15,358] {dagbag.py:500} INFO - Filling up the DagBag from /home/airflow/.local/lib/python3.7/site-packages/airflow/example_dags/example_time_delta_sensor_async.py
[2022-08-09 08:13:15,394] {processor.py:654} INFO - DAG(s) dict_keys(['example_time_delta_sensor_async']) retrieved from /home/airflow/.local/lib/python3.7/site-packages/airflow/example_dags/example_time_delta_sensor_async.py
[2022-08-09 08:13:15,406] {logging_mixin.py:109} INFO - [2022-08-09 08:13:15,406] {dag.py:2396} INFO - Sync 1 DAGs
[2022-08-09 08:13:15,426] {logging_mixin.py:109} INFO - [2022-08-09 08:13:15,426] {dag.py:2935} INFO - Setting next_dagrun for example_time_delta_sensor_async to None
[2022-08-09 08:13:15,439] {processor.py:171} INFO - Processing /home/airflow/.local/lib/python3.7/site-packages/airflow/example_dags/example_time_delta_sensor_async.py took 0.088 seconds
[2022-08-09 08:13:46,114] {processor.py:163} INFO - Started process (PID=1225) to work on /home/airflow/.local/lib/python3.7/site-packages/airflow/example_dags/example_time_delta_sensor_async.py
[2022-08-09 08:13:46,116] {processor.py:642} INFO - Processing file /home/airflow/.local/lib/python3.7/site-packages/airflow/example_dags/example_time_delta_sensor_async.py for tasks to queue
[2022-08-09 08:13:46,117] {logging_mixin.py:109} INFO - [2022-08-09 08:13:46,117] {dagbag.py:500} INFO - Filling up the DagBag from /home/airflow/.local/lib/python3.7/site-packages/airflow/example_dags/example_time_delta_sensor_async.py
[2022-08-09 08:13:46,150] {processor.py:654} INFO - DAG(s) dict_keys(['example_time_delta_sensor_async']) retrieved from /home/airflow/.local/lib/python3.7/site-packages/airflow/example_dags/example_time_delta_sensor_async.py
[2022-08-09 08:13:46,175] {logging_mixin.py:109} INFO - [2022-08-09 08:13:46,175] {dag.py:2396} INFO - Sync 1 DAGs
[2022-08-09 08:13:46,221] {logging_mixin.py:109} INFO - [2022-08-09 08:13:46,221] {dag.py:2935} INFO - Setting next_dagrun for example_time_delta_sensor_async to None
[2022-08-09 08:13:46,241] {processor.py:171} INFO - Processing /home/airflow/.local/lib/python3.7/site-packages/airflow/example_dags/example_time_delta_sensor_async.py took 0.134 seconds
[2022-08-09 08:14:16,955] {processor.py:163} INFO - Started process (PID=1285) to work on /home/airflow/.local/lib/python3.7/site-packages/airflow/example_dags/example_time_delta_sensor_async.py
[2022-08-09 08:14:16,959] {processor.py:642} INFO - Processing file /home/airflow/.local/lib/python3.7/site-packages/airflow/example_dags/example_time_delta_sensor_async.py for tasks to queue
[2022-08-09 08:14:16,964] {logging_mixin.py:109} INFO - [2022-08-09 08:14:16,963] {dagbag.py:500} INFO - Filling up the DagBag from /home/airflow/.local/lib/python3.7/site-packages/airflow/example_dags/example_time_delta_sensor_async.py
[2022-08-09 08:14:17,034] {processor.py:654} INFO - DAG(s) dict_keys(['example_time_delta_sensor_async']) retrieved from /home/airflow/.local/lib/python3.7/site-packages/airflow/example_dags/example_time_delta_sensor_async.py
[2022-08-09 08:14:17,051] {logging_mixin.py:109} INFO - [2022-08-09 08:14:17,051] {dag.py:2396} INFO - Sync 1 DAGs
[2022-08-09 08:14:17,077] {logging_mixin.py:109} INFO - [2022-08-09 08:14:17,077] {dag.py:2935} INFO - Setting next_dagrun for example_time_delta_sensor_async to None
[2022-08-09 08:14:17,089] {processor.py:171} INFO - Processing /home/airflow/.local/lib/python3.7/site-packages/airflow/example_dags/example_time_delta_sensor_async.py took 0.146 seconds
[2022-08-09 08:14:47,865] {processor.py:163} INFO - Started process (PID=1354) to work on /home/airflow/.local/lib/python3.7/site-packages/airflow/example_dags/example_time_delta_sensor_async.py
[2022-08-09 08:14:47,868] {processor.py:642} INFO - Processing file /home/airflow/.local/lib/python3.7/site-packages/airflow/example_dags/example_time_delta_sensor_async.py for tasks to queue
[2022-08-09 08:14:47,870] {logging_mixin.py:109} INFO - [2022-08-09 08:14:47,870] {dagbag.py:500} INFO - Filling up the DagBag from /home/airflow/.local/lib/python3.7/site-packages/airflow/example_dags/example_time_delta_sensor_async.py
[2022-08-09 08:14:47,902] {processor.py:654} INFO - DAG(s) dict_keys(['example_time_delta_sensor_async']) retrieved from /home/airflow/.local/lib/python3.7/site-packages/airflow/example_dags/example_time_delta_sensor_async.py
[2022-08-09 08:14:47,913] {logging_mixin.py:109} INFO - [2022-08-09 08:14:47,912] {dag.py:2396} INFO - Sync 1 DAGs
[2022-08-09 08:14:47,930] {logging_mixin.py:109} INFO - [2022-08-09 08:14:47,930] {dag.py:2935} INFO - Setting next_dagrun for example_time_delta_sensor_async to None
[2022-08-09 08:14:47,941] {processor.py:171} INFO - Processing /home/airflow/.local/lib/python3.7/site-packages/airflow/example_dags/example_time_delta_sensor_async.py took 0.080 seconds
[2022-08-09 08:15:18,644] {processor.py:163} INFO - Started process (PID=1414) to work on /home/airflow/.local/lib/python3.7/site-packages/airflow/example_dags/example_time_delta_sensor_async.py
[2022-08-09 08:15:18,647] {processor.py:642} INFO - Processing file /home/airflow/.local/lib/python3.7/site-packages/airflow/example_dags/example_time_delta_sensor_async.py for tasks to queue
[2022-08-09 08:15:18,649] {logging_mixin.py:109} INFO - [2022-08-09 08:15:18,649] {dagbag.py:500} INFO - Filling up the DagBag from /home/airflow/.local/lib/python3.7/site-packages/airflow/example_dags/example_time_delta_sensor_async.py
[2022-08-09 08:15:18,681] {processor.py:654} INFO - DAG(s) dict_keys(['example_time_delta_sensor_async']) retrieved from /home/airflow/.local/lib/python3.7/site-packages/airflow/example_dags/example_time_delta_sensor_async.py
[2022-08-09 08:15:18,694] {logging_mixin.py:109} INFO - [2022-08-09 08:15:18,694] {dag.py:2396} INFO - Sync 1 DAGs
[2022-08-09 08:15:18,715] {logging_mixin.py:109} INFO - [2022-08-09 08:15:18,715] {dag.py:2935} INFO - Setting next_dagrun for example_time_delta_sensor_async to None
[2022-08-09 08:15:18,731] {processor.py:171} INFO - Processing /home/airflow/.local/lib/python3.7/site-packages/airflow/example_dags/example_time_delta_sensor_async.py took 0.093 seconds
[2022-08-09 08:15:49,010] {processor.py:163} INFO - Started process (PID=1476) to work on /home/airflow/.local/lib/python3.7/site-packages/airflow/example_dags/example_time_delta_sensor_async.py
[2022-08-09 08:15:49,015] {processor.py:642} INFO - Processing file /home/airflow/.local/lib/python3.7/site-packages/airflow/example_dags/example_time_delta_sensor_async.py for tasks to queue
[2022-08-09 08:15:49,018] {logging_mixin.py:109} INFO - [2022-08-09 08:15:49,018] {dagbag.py:500} INFO - Filling up the DagBag from /home/airflow/.local/lib/python3.7/site-packages/airflow/example_dags/example_time_delta_sensor_async.py
[2022-08-09 08:15:49,061] {processor.py:654} INFO - DAG(s) dict_keys(['example_time_delta_sensor_async']) retrieved from /home/airflow/.local/lib/python3.7/site-packages/airflow/example_dags/example_time_delta_sensor_async.py
[2022-08-09 08:15:49,076] {logging_mixin.py:109} INFO - [2022-08-09 08:15:49,075] {dag.py:2396} INFO - Sync 1 DAGs
[2022-08-09 08:15:49,094] {logging_mixin.py:109} INFO - [2022-08-09 08:15:49,093] {dag.py:2935} INFO - Setting next_dagrun for example_time_delta_sensor_async to None
[2022-08-09 08:15:49,105] {processor.py:171} INFO - Processing /home/airflow/.local/lib/python3.7/site-packages/airflow/example_dags/example_time_delta_sensor_async.py took 0.098 seconds
[2022-08-09 08:16:19,422] {processor.py:163} INFO - Started process (PID=1544) to work on /home/airflow/.local/lib/python3.7/site-packages/airflow/example_dags/example_time_delta_sensor_async.py
[2022-08-09 08:16:19,425] {processor.py:642} INFO - Processing file /home/airflow/.local/lib/python3.7/site-packages/airflow/example_dags/example_time_delta_sensor_async.py for tasks to queue
[2022-08-09 08:16:19,427] {logging_mixin.py:109} INFO - [2022-08-09 08:16:19,426] {dagbag.py:500} INFO - Filling up the DagBag from /home/airflow/.local/lib/python3.7/site-packages/airflow/example_dags/example_time_delta_sensor_async.py
[2022-08-09 08:16:19,469] {processor.py:654} INFO - DAG(s) dict_keys(['example_time_delta_sensor_async']) retrieved from /home/airflow/.local/lib/python3.7/site-packages/airflow/example_dags/example_time_delta_sensor_async.py
[2022-08-09 08:16:19,487] {logging_mixin.py:109} INFO - [2022-08-09 08:16:19,487] {dag.py:2396} INFO - Sync 1 DAGs
[2022-08-09 08:16:19,503] {logging_mixin.py:109} INFO - [2022-08-09 08:16:19,503] {dag.py:2935} INFO - Setting next_dagrun for example_time_delta_sensor_async to None
[2022-08-09 08:16:19,514] {processor.py:171} INFO - Processing /home/airflow/.local/lib/python3.7/site-packages/airflow/example_dags/example_time_delta_sensor_async.py took 0.095 seconds
[2022-08-09 08:16:49,618] {processor.py:163} INFO - Started process (PID=1604) to work on /home/airflow/.local/lib/python3.7/site-packages/airflow/example_dags/example_time_delta_sensor_async.py
[2022-08-09 08:16:49,620] {processor.py:642} INFO - Processing file /home/airflow/.local/lib/python3.7/site-packages/airflow/example_dags/example_time_delta_sensor_async.py for tasks to queue
[2022-08-09 08:16:49,621] {logging_mixin.py:109} INFO - [2022-08-09 08:16:49,621] {dagbag.py:500} INFO - Filling up the DagBag from /home/airflow/.local/lib/python3.7/site-packages/airflow/example_dags/example_time_delta_sensor_async.py
[2022-08-09 08:16:49,655] {processor.py:654} INFO - DAG(s) dict_keys(['example_time_delta_sensor_async']) retrieved from /home/airflow/.local/lib/python3.7/site-packages/airflow/example_dags/example_time_delta_sensor_async.py
[2022-08-09 08:16:49,665] {logging_mixin.py:109} INFO - [2022-08-09 08:16:49,665] {dag.py:2396} INFO - Sync 1 DAGs
[2022-08-09 08:16:49,682] {logging_mixin.py:109} INFO - [2022-08-09 08:16:49,682] {dag.py:2935} INFO - Setting next_dagrun for example_time_delta_sensor_async to None
[2022-08-09 08:16:49,693] {processor.py:171} INFO - Processing /home/airflow/.local/lib/python3.7/site-packages/airflow/example_dags/example_time_delta_sensor_async.py took 0.078 seconds
[2022-08-09 08:17:20,178] {processor.py:163} INFO - Started process (PID=1673) to work on /home/airflow/.local/lib/python3.7/site-packages/airflow/example_dags/example_time_delta_sensor_async.py
[2022-08-09 08:17:20,181] {processor.py:642} INFO - Processing file /home/airflow/.local/lib/python3.7/site-packages/airflow/example_dags/example_time_delta_sensor_async.py for tasks to queue
[2022-08-09 08:17:20,184] {logging_mixin.py:109} INFO - [2022-08-09 08:17:20,184] {dagbag.py:500} INFO - Filling up the DagBag from /home/airflow/.local/lib/python3.7/site-packages/airflow/example_dags/example_time_delta_sensor_async.py
[2022-08-09 08:17:20,242] {processor.py:654} INFO - DAG(s) dict_keys(['example_time_delta_sensor_async']) retrieved from /home/airflow/.local/lib/python3.7/site-packages/airflow/example_dags/example_time_delta_sensor_async.py
[2022-08-09 08:17:20,259] {logging_mixin.py:109} INFO - [2022-08-09 08:17:20,259] {dag.py:2396} INFO - Sync 1 DAGs
[2022-08-09 08:17:20,285] {logging_mixin.py:109} INFO - [2022-08-09 08:17:20,285] {dag.py:2935} INFO - Setting next_dagrun for example_time_delta_sensor_async to None
[2022-08-09 08:17:20,299] {processor.py:171} INFO - Processing /home/airflow/.local/lib/python3.7/site-packages/airflow/example_dags/example_time_delta_sensor_async.py took 0.128 seconds
[2022-08-09 08:17:50,780] {processor.py:163} INFO - Started process (PID=1733) to work on /home/airflow/.local/lib/python3.7/site-packages/airflow/example_dags/example_time_delta_sensor_async.py
[2022-08-09 08:17:50,781] {processor.py:642} INFO - Processing file /home/airflow/.local/lib/python3.7/site-packages/airflow/example_dags/example_time_delta_sensor_async.py for tasks to queue
[2022-08-09 08:17:50,783] {logging_mixin.py:109} INFO - [2022-08-09 08:17:50,783] {dagbag.py:500} INFO - Filling up the DagBag from /home/airflow/.local/lib/python3.7/site-packages/airflow/example_dags/example_time_delta_sensor_async.py
[2022-08-09 08:17:50,814] {processor.py:654} INFO - DAG(s) dict_keys(['example_time_delta_sensor_async']) retrieved from /home/airflow/.local/lib/python3.7/site-packages/airflow/example_dags/example_time_delta_sensor_async.py
[2022-08-09 08:17:50,825] {logging_mixin.py:109} INFO - [2022-08-09 08:17:50,825] {dag.py:2396} INFO - Sync 1 DAGs
[2022-08-09 08:17:50,843] {logging_mixin.py:109} INFO - [2022-08-09 08:17:50,843] {dag.py:2935} INFO - Setting next_dagrun for example_time_delta_sensor_async to None
[2022-08-09 08:17:50,855] {processor.py:171} INFO - Processing /home/airflow/.local/lib/python3.7/site-packages/airflow/example_dags/example_time_delta_sensor_async.py took 0.079 seconds
[2022-08-09 08:18:21,573] {processor.py:163} INFO - Started process (PID=1802) to work on /home/airflow/.local/lib/python3.7/site-packages/airflow/example_dags/example_time_delta_sensor_async.py
[2022-08-09 08:18:21,575] {processor.py:642} INFO - Processing file /home/airflow/.local/lib/python3.7/site-packages/airflow/example_dags/example_time_delta_sensor_async.py for tasks to queue
[2022-08-09 08:18:21,577] {logging_mixin.py:109} INFO - [2022-08-09 08:18:21,576] {dagbag.py:500} INFO - Filling up the DagBag from /home/airflow/.local/lib/python3.7/site-packages/airflow/example_dags/example_time_delta_sensor_async.py
[2022-08-09 08:18:21,606] {processor.py:654} INFO - DAG(s) dict_keys(['example_time_delta_sensor_async']) retrieved from /home/airflow/.local/lib/python3.7/site-packages/airflow/example_dags/example_time_delta_sensor_async.py
[2022-08-09 08:18:21,616] {logging_mixin.py:109} INFO - [2022-08-09 08:18:21,616] {dag.py:2396} INFO - Sync 1 DAGs
[2022-08-09 08:18:21,634] {logging_mixin.py:109} INFO - [2022-08-09 08:18:21,634] {dag.py:2935} INFO - Setting next_dagrun for example_time_delta_sensor_async to None
[2022-08-09 08:18:21,645] {processor.py:171} INFO - Processing /home/airflow/.local/lib/python3.7/site-packages/airflow/example_dags/example_time_delta_sensor_async.py took 0.075 seconds
[2022-08-09 08:18:51,913] {processor.py:163} INFO - Started process (PID=1862) to work on /home/airflow/.local/lib/python3.7/site-packages/airflow/example_dags/example_time_delta_sensor_async.py
[2022-08-09 08:18:51,915] {processor.py:642} INFO - Processing file /home/airflow/.local/lib/python3.7/site-packages/airflow/example_dags/example_time_delta_sensor_async.py for tasks to queue
[2022-08-09 08:18:51,917] {logging_mixin.py:109} INFO - [2022-08-09 08:18:51,917] {dagbag.py:500} INFO - Filling up the DagBag from /home/airflow/.local/lib/python3.7/site-packages/airflow/example_dags/example_time_delta_sensor_async.py
[2022-08-09 08:18:51,945] {processor.py:654} INFO - DAG(s) dict_keys(['example_time_delta_sensor_async']) retrieved from /home/airflow/.local/lib/python3.7/site-packages/airflow/example_dags/example_time_delta_sensor_async.py
[2022-08-09 08:18:51,956] {logging_mixin.py:109} INFO - [2022-08-09 08:18:51,956] {dag.py:2396} INFO - Sync 1 DAGs
[2022-08-09 08:18:51,973] {logging_mixin.py:109} INFO - [2022-08-09 08:18:51,973] {dag.py:2935} INFO - Setting next_dagrun for example_time_delta_sensor_async to None
[2022-08-09 08:18:51,983] {processor.py:171} INFO - Processing /home/airflow/.local/lib/python3.7/site-packages/airflow/example_dags/example_time_delta_sensor_async.py took 0.074 seconds
[2022-08-09 08:19:22,101] {processor.py:163} INFO - Started process (PID=1927) to work on /home/airflow/.local/lib/python3.7/site-packages/airflow/example_dags/example_time_delta_sensor_async.py
[2022-08-09 08:19:22,103] {processor.py:642} INFO - Processing file /home/airflow/.local/lib/python3.7/site-packages/airflow/example_dags/example_time_delta_sensor_async.py for tasks to queue
[2022-08-09 08:19:22,104] {logging_mixin.py:109} INFO - [2022-08-09 08:19:22,104] {dagbag.py:500} INFO - Filling up the DagBag from /home/airflow/.local/lib/python3.7/site-packages/airflow/example_dags/example_time_delta_sensor_async.py
[2022-08-09 08:19:22,134] {processor.py:654} INFO - DAG(s) dict_keys(['example_time_delta_sensor_async']) retrieved from /home/airflow/.local/lib/python3.7/site-packages/airflow/example_dags/example_time_delta_sensor_async.py
[2022-08-09 08:19:22,144] {logging_mixin.py:109} INFO - [2022-08-09 08:19:22,144] {dag.py:2396} INFO - Sync 1 DAGs
[2022-08-09 08:19:22,163] {logging_mixin.py:109} INFO - [2022-08-09 08:19:22,163] {dag.py:2935} INFO - Setting next_dagrun for example_time_delta_sensor_async to None
[2022-08-09 08:19:22,263] {processor.py:171} INFO - Processing /home/airflow/.local/lib/python3.7/site-packages/airflow/example_dags/example_time_delta_sensor_async.py took 0.166 seconds
[2022-08-09 08:19:53,018] {processor.py:163} INFO - Started process (PID=1987) to work on /home/airflow/.local/lib/python3.7/site-packages/airflow/example_dags/example_time_delta_sensor_async.py
[2022-08-09 08:19:53,020] {processor.py:642} INFO - Processing file /home/airflow/.local/lib/python3.7/site-packages/airflow/example_dags/example_time_delta_sensor_async.py for tasks to queue
[2022-08-09 08:19:53,022] {logging_mixin.py:109} INFO - [2022-08-09 08:19:53,021] {dagbag.py:500} INFO - Filling up the DagBag from /home/airflow/.local/lib/python3.7/site-packages/airflow/example_dags/example_time_delta_sensor_async.py
[2022-08-09 08:19:53,057] {processor.py:654} INFO - DAG(s) dict_keys(['example_time_delta_sensor_async']) retrieved from /home/airflow/.local/lib/python3.7/site-packages/airflow/example_dags/example_time_delta_sensor_async.py
[2022-08-09 08:19:53,071] {logging_mixin.py:109} INFO - [2022-08-09 08:19:53,071] {dag.py:2396} INFO - Sync 1 DAGs
[2022-08-09 08:19:53,168] {logging_mixin.py:109} INFO - [2022-08-09 08:19:53,168] {dag.py:2935} INFO - Setting next_dagrun for example_time_delta_sensor_async to None
[2022-08-09 08:19:53,183] {processor.py:171} INFO - Processing /home/airflow/.local/lib/python3.7/site-packages/airflow/example_dags/example_time_delta_sensor_async.py took 0.170 seconds
[2022-08-09 08:20:23,607] {processor.py:163} INFO - Started process (PID=2056) to work on /home/airflow/.local/lib/python3.7/site-packages/airflow/example_dags/example_time_delta_sensor_async.py
[2022-08-09 08:20:23,609] {processor.py:642} INFO - Processing file /home/airflow/.local/lib/python3.7/site-packages/airflow/example_dags/example_time_delta_sensor_async.py for tasks to queue
[2022-08-09 08:20:23,611] {logging_mixin.py:109} INFO - [2022-08-09 08:20:23,611] {dagbag.py:500} INFO - Filling up the DagBag from /home/airflow/.local/lib/python3.7/site-packages/airflow/example_dags/example_time_delta_sensor_async.py
[2022-08-09 08:20:23,643] {processor.py:654} INFO - DAG(s) dict_keys(['example_time_delta_sensor_async']) retrieved from /home/airflow/.local/lib/python3.7/site-packages/airflow/example_dags/example_time_delta_sensor_async.py
[2022-08-09 08:20:23,743] {logging_mixin.py:109} INFO - [2022-08-09 08:20:23,743] {dag.py:2396} INFO - Sync 1 DAGs
[2022-08-09 08:20:23,758] {logging_mixin.py:109} INFO - [2022-08-09 08:20:23,758] {dag.py:2935} INFO - Setting next_dagrun for example_time_delta_sensor_async to None
[2022-08-09 08:20:23,771] {processor.py:171} INFO - Processing /home/airflow/.local/lib/python3.7/site-packages/airflow/example_dags/example_time_delta_sensor_async.py took 0.170 seconds
[2022-08-09 08:20:53,928] {processor.py:163} INFO - Started process (PID=2116) to work on /home/airflow/.local/lib/python3.7/site-packages/airflow/example_dags/example_time_delta_sensor_async.py
[2022-08-09 08:20:53,931] {processor.py:642} INFO - Processing file /home/airflow/.local/lib/python3.7/site-packages/airflow/example_dags/example_time_delta_sensor_async.py for tasks to queue
[2022-08-09 08:20:53,933] {logging_mixin.py:109} INFO - [2022-08-09 08:20:53,932] {dagbag.py:500} INFO - Filling up the DagBag from /home/airflow/.local/lib/python3.7/site-packages/airflow/example_dags/example_time_delta_sensor_async.py
[2022-08-09 08:20:53,964] {processor.py:654} INFO - DAG(s) dict_keys(['example_time_delta_sensor_async']) retrieved from /home/airflow/.local/lib/python3.7/site-packages/airflow/example_dags/example_time_delta_sensor_async.py
[2022-08-09 08:20:54,064] {logging_mixin.py:109} INFO - [2022-08-09 08:20:54,063] {dag.py:2396} INFO - Sync 1 DAGs
[2022-08-09 08:20:54,080] {logging_mixin.py:109} INFO - [2022-08-09 08:20:54,080] {dag.py:2935} INFO - Setting next_dagrun for example_time_delta_sensor_async to None
[2022-08-09 08:20:54,089] {processor.py:171} INFO - Processing /home/airflow/.local/lib/python3.7/site-packages/airflow/example_dags/example_time_delta_sensor_async.py took 0.165 seconds
[2022-08-09 08:21:24,955] {processor.py:163} INFO - Started process (PID=2187) to work on /home/airflow/.local/lib/python3.7/site-packages/airflow/example_dags/example_time_delta_sensor_async.py
[2022-08-09 08:21:24,957] {processor.py:642} INFO - Processing file /home/airflow/.local/lib/python3.7/site-packages/airflow/example_dags/example_time_delta_sensor_async.py for tasks to queue
[2022-08-09 08:21:24,958] {logging_mixin.py:109} INFO - [2022-08-09 08:21:24,958] {dagbag.py:500} INFO - Filling up the DagBag from /home/airflow/.local/lib/python3.7/site-packages/airflow/example_dags/example_time_delta_sensor_async.py
[2022-08-09 08:21:25,081] {processor.py:654} INFO - DAG(s) dict_keys(['example_time_delta_sensor_async']) retrieved from /home/airflow/.local/lib/python3.7/site-packages/airflow/example_dags/example_time_delta_sensor_async.py
[2022-08-09 08:21:25,091] {logging_mixin.py:109} INFO - [2022-08-09 08:21:25,091] {dag.py:2396} INFO - Sync 1 DAGs
[2022-08-09 08:21:25,106] {logging_mixin.py:109} INFO - [2022-08-09 08:21:25,106] {dag.py:2935} INFO - Setting next_dagrun for example_time_delta_sensor_async to None
[2022-08-09 08:21:25,116] {processor.py:171} INFO - Processing /home/airflow/.local/lib/python3.7/site-packages/airflow/example_dags/example_time_delta_sensor_async.py took 0.166 seconds
[2022-08-09 08:21:55,192] {processor.py:163} INFO - Started process (PID=2247) to work on /home/airflow/.local/lib/python3.7/site-packages/airflow/example_dags/example_time_delta_sensor_async.py
[2022-08-09 08:21:55,194] {processor.py:642} INFO - Processing file /home/airflow/.local/lib/python3.7/site-packages/airflow/example_dags/example_time_delta_sensor_async.py for tasks to queue
[2022-08-09 08:21:55,197] {logging_mixin.py:109} INFO - [2022-08-09 08:21:55,196] {dagbag.py:500} INFO - Filling up the DagBag from /home/airflow/.local/lib/python3.7/site-packages/airflow/example_dags/example_time_delta_sensor_async.py
[2022-08-09 08:21:55,345] {processor.py:654} INFO - DAG(s) dict_keys(['example_time_delta_sensor_async']) retrieved from /home/airflow/.local/lib/python3.7/site-packages/airflow/example_dags/example_time_delta_sensor_async.py
[2022-08-09 08:21:55,356] {logging_mixin.py:109} INFO - [2022-08-09 08:21:55,356] {dag.py:2396} INFO - Sync 1 DAGs
[2022-08-09 08:21:55,370] {logging_mixin.py:109} INFO - [2022-08-09 08:21:55,370] {dag.py:2935} INFO - Setting next_dagrun for example_time_delta_sensor_async to None
[2022-08-09 08:21:55,382] {processor.py:171} INFO - Processing /home/airflow/.local/lib/python3.7/site-packages/airflow/example_dags/example_time_delta_sensor_async.py took 0.193 seconds
[2022-08-09 08:22:25,713] {processor.py:163} INFO - Started process (PID=2315) to work on /home/airflow/.local/lib/python3.7/site-packages/airflow/example_dags/example_time_delta_sensor_async.py
[2022-08-09 08:22:25,716] {processor.py:642} INFO - Processing file /home/airflow/.local/lib/python3.7/site-packages/airflow/example_dags/example_time_delta_sensor_async.py for tasks to queue
[2022-08-09 08:22:25,717] {logging_mixin.py:109} INFO - [2022-08-09 08:22:25,717] {dagbag.py:500} INFO - Filling up the DagBag from /home/airflow/.local/lib/python3.7/site-packages/airflow/example_dags/example_time_delta_sensor_async.py
[2022-08-09 08:22:25,839] {processor.py:654} INFO - DAG(s) dict_keys(['example_time_delta_sensor_async']) retrieved from /home/airflow/.local/lib/python3.7/site-packages/airflow/example_dags/example_time_delta_sensor_async.py
[2022-08-09 08:22:25,850] {logging_mixin.py:109} INFO - [2022-08-09 08:22:25,850] {dag.py:2396} INFO - Sync 1 DAGs
[2022-08-09 08:22:25,870] {logging_mixin.py:109} INFO - [2022-08-09 08:22:25,869] {dag.py:2935} INFO - Setting next_dagrun for example_time_delta_sensor_async to None
[2022-08-09 08:22:25,882] {processor.py:171} INFO - Processing /home/airflow/.local/lib/python3.7/site-packages/airflow/example_dags/example_time_delta_sensor_async.py took 0.172 seconds
[2022-08-09 08:22:56,013] {processor.py:163} INFO - Started process (PID=2375) to work on /home/airflow/.local/lib/python3.7/site-packages/airflow/example_dags/example_time_delta_sensor_async.py
[2022-08-09 08:22:56,016] {processor.py:642} INFO - Processing file /home/airflow/.local/lib/python3.7/site-packages/airflow/example_dags/example_time_delta_sensor_async.py for tasks to queue
[2022-08-09 08:22:56,017] {logging_mixin.py:109} INFO - [2022-08-09 08:22:56,017] {dagbag.py:500} INFO - Filling up the DagBag from /home/airflow/.local/lib/python3.7/site-packages/airflow/example_dags/example_time_delta_sensor_async.py
[2022-08-09 08:22:56,050] {processor.py:654} INFO - DAG(s) dict_keys(['example_time_delta_sensor_async']) retrieved from /home/airflow/.local/lib/python3.7/site-packages/airflow/example_dags/example_time_delta_sensor_async.py
[2022-08-09 08:22:56,061] {logging_mixin.py:109} INFO - [2022-08-09 08:22:56,061] {dag.py:2396} INFO - Sync 1 DAGs
[2022-08-09 08:22:56,085] {logging_mixin.py:109} INFO - [2022-08-09 08:22:56,085] {dag.py:2935} INFO - Setting next_dagrun for example_time_delta_sensor_async to None
[2022-08-09 08:22:56,097] {processor.py:171} INFO - Processing /home/airflow/.local/lib/python3.7/site-packages/airflow/example_dags/example_time_delta_sensor_async.py took 0.088 seconds
[2022-08-09 08:23:26,415] {processor.py:163} INFO - Started process (PID=2437) to work on /home/airflow/.local/lib/python3.7/site-packages/airflow/example_dags/example_time_delta_sensor_async.py
[2022-08-09 08:23:26,417] {processor.py:642} INFO - Processing file /home/airflow/.local/lib/python3.7/site-packages/airflow/example_dags/example_time_delta_sensor_async.py for tasks to queue
[2022-08-09 08:23:26,420] {logging_mixin.py:109} INFO - [2022-08-09 08:23:26,419] {dagbag.py:500} INFO - Filling up the DagBag from /home/airflow/.local/lib/python3.7/site-packages/airflow/example_dags/example_time_delta_sensor_async.py
[2022-08-09 08:23:26,463] {processor.py:654} INFO - DAG(s) dict_keys(['example_time_delta_sensor_async']) retrieved from /home/airflow/.local/lib/python3.7/site-packages/airflow/example_dags/example_time_delta_sensor_async.py
[2022-08-09 08:23:26,474] {logging_mixin.py:109} INFO - [2022-08-09 08:23:26,473] {dag.py:2396} INFO - Sync 1 DAGs
[2022-08-09 08:23:26,491] {logging_mixin.py:109} INFO - [2022-08-09 08:23:26,491] {dag.py:2935} INFO - Setting next_dagrun for example_time_delta_sensor_async to None
[2022-08-09 08:23:26,508] {processor.py:171} INFO - Processing /home/airflow/.local/lib/python3.7/site-packages/airflow/example_dags/example_time_delta_sensor_async.py took 0.098 seconds
[2022-08-09 08:23:56,711] {processor.py:163} INFO - Started process (PID=2506) to work on /home/airflow/.local/lib/python3.7/site-packages/airflow/example_dags/example_time_delta_sensor_async.py
[2022-08-09 08:23:56,717] {processor.py:642} INFO - Processing file /home/airflow/.local/lib/python3.7/site-packages/airflow/example_dags/example_time_delta_sensor_async.py for tasks to queue
[2022-08-09 08:23:56,719] {logging_mixin.py:109} INFO - [2022-08-09 08:23:56,719] {dagbag.py:500} INFO - Filling up the DagBag from /home/airflow/.local/lib/python3.7/site-packages/airflow/example_dags/example_time_delta_sensor_async.py
[2022-08-09 08:23:56,760] {processor.py:654} INFO - DAG(s) dict_keys(['example_time_delta_sensor_async']) retrieved from /home/airflow/.local/lib/python3.7/site-packages/airflow/example_dags/example_time_delta_sensor_async.py
[2022-08-09 08:23:56,777] {logging_mixin.py:109} INFO - [2022-08-09 08:23:56,777] {dag.py:2396} INFO - Sync 1 DAGs
[2022-08-09 08:23:56,838] {logging_mixin.py:109} INFO - [2022-08-09 08:23:56,838] {dag.py:2935} INFO - Setting next_dagrun for example_time_delta_sensor_async to None
[2022-08-09 08:23:56,866] {processor.py:171} INFO - Processing /home/airflow/.local/lib/python3.7/site-packages/airflow/example_dags/example_time_delta_sensor_async.py took 0.159 seconds
[2022-08-09 08:24:26,941] {processor.py:163} INFO - Started process (PID=2567) to work on /home/airflow/.local/lib/python3.7/site-packages/airflow/example_dags/example_time_delta_sensor_async.py
[2022-08-09 08:24:26,943] {processor.py:642} INFO - Processing file /home/airflow/.local/lib/python3.7/site-packages/airflow/example_dags/example_time_delta_sensor_async.py for tasks to queue
[2022-08-09 08:24:26,945] {logging_mixin.py:109} INFO - [2022-08-09 08:24:26,945] {dagbag.py:500} INFO - Filling up the DagBag from /home/airflow/.local/lib/python3.7/site-packages/airflow/example_dags/example_time_delta_sensor_async.py
[2022-08-09 08:24:26,975] {processor.py:654} INFO - DAG(s) dict_keys(['example_time_delta_sensor_async']) retrieved from /home/airflow/.local/lib/python3.7/site-packages/airflow/example_dags/example_time_delta_sensor_async.py
[2022-08-09 08:24:26,989] {logging_mixin.py:109} INFO - [2022-08-09 08:24:26,989] {dag.py:2396} INFO - Sync 1 DAGs
[2022-08-09 08:24:27,011] {logging_mixin.py:109} INFO - [2022-08-09 08:24:27,010] {dag.py:2935} INFO - Setting next_dagrun for example_time_delta_sensor_async to None
[2022-08-09 08:24:27,023] {processor.py:171} INFO - Processing /home/airflow/.local/lib/python3.7/site-packages/airflow/example_dags/example_time_delta_sensor_async.py took 0.086 seconds
[2022-08-09 08:24:57,051] {processor.py:163} INFO - Started process (PID=2637) to work on /home/airflow/.local/lib/python3.7/site-packages/airflow/example_dags/example_time_delta_sensor_async.py
[2022-08-09 08:24:57,053] {processor.py:642} INFO - Processing file /home/airflow/.local/lib/python3.7/site-packages/airflow/example_dags/example_time_delta_sensor_async.py for tasks to queue
[2022-08-09 08:24:57,054] {logging_mixin.py:109} INFO - [2022-08-09 08:24:57,054] {dagbag.py:500} INFO - Filling up the DagBag from /home/airflow/.local/lib/python3.7/site-packages/airflow/example_dags/example_time_delta_sensor_async.py
[2022-08-09 08:24:57,083] {processor.py:654} INFO - DAG(s) dict_keys(['example_time_delta_sensor_async']) retrieved from /home/airflow/.local/lib/python3.7/site-packages/airflow/example_dags/example_time_delta_sensor_async.py
[2022-08-09 08:24:57,096] {logging_mixin.py:109} INFO - [2022-08-09 08:24:57,096] {dag.py:2396} INFO - Sync 1 DAGs
[2022-08-09 08:24:57,122] {logging_mixin.py:109} INFO - [2022-08-09 08:24:57,122] {dag.py:2935} INFO - Setting next_dagrun for example_time_delta_sensor_async to None
[2022-08-09 08:24:57,139] {processor.py:171} INFO - Processing /home/airflow/.local/lib/python3.7/site-packages/airflow/example_dags/example_time_delta_sensor_async.py took 0.091 seconds
[2022-08-09 08:25:27,595] {processor.py:163} INFO - Started process (PID=2697) to work on /home/airflow/.local/lib/python3.7/site-packages/airflow/example_dags/example_time_delta_sensor_async.py
[2022-08-09 08:25:27,597] {processor.py:642} INFO - Processing file /home/airflow/.local/lib/python3.7/site-packages/airflow/example_dags/example_time_delta_sensor_async.py for tasks to queue
[2022-08-09 08:25:27,599] {logging_mixin.py:109} INFO - [2022-08-09 08:25:27,599] {dagbag.py:500} INFO - Filling up the DagBag from /home/airflow/.local/lib/python3.7/site-packages/airflow/example_dags/example_time_delta_sensor_async.py
[2022-08-09 08:25:27,662] {processor.py:654} INFO - DAG(s) dict_keys(['example_time_delta_sensor_async']) retrieved from /home/airflow/.local/lib/python3.7/site-packages/airflow/example_dags/example_time_delta_sensor_async.py
[2022-08-09 08:25:27,673] {logging_mixin.py:109} INFO - [2022-08-09 08:25:27,673] {dag.py:2396} INFO - Sync 1 DAGs
[2022-08-09 08:25:27,699] {logging_mixin.py:109} INFO - [2022-08-09 08:25:27,699] {dag.py:2935} INFO - Setting next_dagrun for example_time_delta_sensor_async to None
[2022-08-09 08:25:27,714] {processor.py:171} INFO - Processing /home/airflow/.local/lib/python3.7/site-packages/airflow/example_dags/example_time_delta_sensor_async.py took 0.123 seconds
[2022-08-09 08:25:58,036] {processor.py:163} INFO - Started process (PID=2767) to work on /home/airflow/.local/lib/python3.7/site-packages/airflow/example_dags/example_time_delta_sensor_async.py
[2022-08-09 08:25:58,038] {processor.py:642} INFO - Processing file /home/airflow/.local/lib/python3.7/site-packages/airflow/example_dags/example_time_delta_sensor_async.py for tasks to queue
[2022-08-09 08:25:58,039] {logging_mixin.py:109} INFO - [2022-08-09 08:25:58,039] {dagbag.py:500} INFO - Filling up the DagBag from /home/airflow/.local/lib/python3.7/site-packages/airflow/example_dags/example_time_delta_sensor_async.py
[2022-08-09 08:25:58,066] {processor.py:654} INFO - DAG(s) dict_keys(['example_time_delta_sensor_async']) retrieved from /home/airflow/.local/lib/python3.7/site-packages/airflow/example_dags/example_time_delta_sensor_async.py
[2022-08-09 08:25:58,077] {logging_mixin.py:109} INFO - [2022-08-09 08:25:58,076] {dag.py:2396} INFO - Sync 1 DAGs
[2022-08-09 08:25:58,092] {logging_mixin.py:109} INFO - [2022-08-09 08:25:58,092] {dag.py:2935} INFO - Setting next_dagrun for example_time_delta_sensor_async to None
[2022-08-09 08:25:58,102] {processor.py:171} INFO - Processing /home/airflow/.local/lib/python3.7/site-packages/airflow/example_dags/example_time_delta_sensor_async.py took 0.070 seconds
[2022-08-09 08:26:28,339] {processor.py:163} INFO - Started process (PID=2827) to work on /home/airflow/.local/lib/python3.7/site-packages/airflow/example_dags/example_time_delta_sensor_async.py
[2022-08-09 08:26:28,341] {processor.py:642} INFO - Processing file /home/airflow/.local/lib/python3.7/site-packages/airflow/example_dags/example_time_delta_sensor_async.py for tasks to queue
[2022-08-09 08:26:28,342] {logging_mixin.py:109} INFO - [2022-08-09 08:26:28,342] {dagbag.py:500} INFO - Filling up the DagBag from /home/airflow/.local/lib/python3.7/site-packages/airflow/example_dags/example_time_delta_sensor_async.py
[2022-08-09 08:26:28,370] {processor.py:654} INFO - DAG(s) dict_keys(['example_time_delta_sensor_async']) retrieved from /home/airflow/.local/lib/python3.7/site-packages/airflow/example_dags/example_time_delta_sensor_async.py
[2022-08-09 08:26:28,381] {logging_mixin.py:109} INFO - [2022-08-09 08:26:28,381] {dag.py:2396} INFO - Sync 1 DAGs
[2022-08-09 08:26:28,397] {logging_mixin.py:109} INFO - [2022-08-09 08:26:28,397] {dag.py:2935} INFO - Setting next_dagrun for example_time_delta_sensor_async to None
[2022-08-09 08:26:28,407] {processor.py:171} INFO - Processing /home/airflow/.local/lib/python3.7/site-packages/airflow/example_dags/example_time_delta_sensor_async.py took 0.071 seconds
[2022-08-09 08:26:58,865] {processor.py:163} INFO - Started process (PID=2897) to work on /home/airflow/.local/lib/python3.7/site-packages/airflow/example_dags/example_time_delta_sensor_async.py
[2022-08-09 08:26:58,867] {processor.py:642} INFO - Processing file /home/airflow/.local/lib/python3.7/site-packages/airflow/example_dags/example_time_delta_sensor_async.py for tasks to queue
[2022-08-09 08:26:58,869] {logging_mixin.py:109} INFO - [2022-08-09 08:26:58,868] {dagbag.py:500} INFO - Filling up the DagBag from /home/airflow/.local/lib/python3.7/site-packages/airflow/example_dags/example_time_delta_sensor_async.py
[2022-08-09 08:26:58,907] {processor.py:654} INFO - DAG(s) dict_keys(['example_time_delta_sensor_async']) retrieved from /home/airflow/.local/lib/python3.7/site-packages/airflow/example_dags/example_time_delta_sensor_async.py
[2022-08-09 08:26:58,918] {logging_mixin.py:109} INFO - [2022-08-09 08:26:58,918] {dag.py:2396} INFO - Sync 1 DAGs
[2022-08-09 08:26:58,938] {logging_mixin.py:109} INFO - [2022-08-09 08:26:58,938] {dag.py:2935} INFO - Setting next_dagrun for example_time_delta_sensor_async to None
[2022-08-09 08:26:58,951] {processor.py:171} INFO - Processing /home/airflow/.local/lib/python3.7/site-packages/airflow/example_dags/example_time_delta_sensor_async.py took 0.090 seconds
[2022-08-09 08:27:29,303] {processor.py:163} INFO - Started process (PID=2958) to work on /home/airflow/.local/lib/python3.7/site-packages/airflow/example_dags/example_time_delta_sensor_async.py
[2022-08-09 08:27:29,305] {processor.py:642} INFO - Processing file /home/airflow/.local/lib/python3.7/site-packages/airflow/example_dags/example_time_delta_sensor_async.py for tasks to queue
[2022-08-09 08:27:29,307] {logging_mixin.py:109} INFO - [2022-08-09 08:27:29,307] {dagbag.py:500} INFO - Filling up the DagBag from /home/airflow/.local/lib/python3.7/site-packages/airflow/example_dags/example_time_delta_sensor_async.py
[2022-08-09 08:27:29,338] {processor.py:654} INFO - DAG(s) dict_keys(['example_time_delta_sensor_async']) retrieved from /home/airflow/.local/lib/python3.7/site-packages/airflow/example_dags/example_time_delta_sensor_async.py
[2022-08-09 08:27:29,348] {logging_mixin.py:109} INFO - [2022-08-09 08:27:29,348] {dag.py:2396} INFO - Sync 1 DAGs
[2022-08-09 08:27:29,365] {logging_mixin.py:109} INFO - [2022-08-09 08:27:29,365] {dag.py:2935} INFO - Setting next_dagrun for example_time_delta_sensor_async to None
[2022-08-09 08:27:29,377] {processor.py:171} INFO - Processing /home/airflow/.local/lib/python3.7/site-packages/airflow/example_dags/example_time_delta_sensor_async.py took 0.077 seconds
[2022-08-09 08:27:59,646] {processor.py:163} INFO - Started process (PID=3024) to work on /home/airflow/.local/lib/python3.7/site-packages/airflow/example_dags/example_time_delta_sensor_async.py
[2022-08-09 08:27:59,649] {processor.py:642} INFO - Processing file /home/airflow/.local/lib/python3.7/site-packages/airflow/example_dags/example_time_delta_sensor_async.py for tasks to queue
[2022-08-09 08:27:59,652] {logging_mixin.py:109} INFO - [2022-08-09 08:27:59,652] {dagbag.py:500} INFO - Filling up the DagBag from /home/airflow/.local/lib/python3.7/site-packages/airflow/example_dags/example_time_delta_sensor_async.py
[2022-08-09 08:27:59,691] {processor.py:654} INFO - DAG(s) dict_keys(['example_time_delta_sensor_async']) retrieved from /home/airflow/.local/lib/python3.7/site-packages/airflow/example_dags/example_time_delta_sensor_async.py
[2022-08-09 08:27:59,710] {logging_mixin.py:109} INFO - [2022-08-09 08:27:59,710] {dag.py:2396} INFO - Sync 1 DAGs
[2022-08-09 08:27:59,735] {logging_mixin.py:109} INFO - [2022-08-09 08:27:59,735] {dag.py:2935} INFO - Setting next_dagrun for example_time_delta_sensor_async to None
[2022-08-09 08:27:59,756] {processor.py:171} INFO - Processing /home/airflow/.local/lib/python3.7/site-packages/airflow/example_dags/example_time_delta_sensor_async.py took 0.117 seconds
[2022-08-09 08:28:30,133] {processor.py:163} INFO - Started process (PID=3087) to work on /home/airflow/.local/lib/python3.7/site-packages/airflow/example_dags/example_time_delta_sensor_async.py
[2022-08-09 08:28:30,134] {processor.py:642} INFO - Processing file /home/airflow/.local/lib/python3.7/site-packages/airflow/example_dags/example_time_delta_sensor_async.py for tasks to queue
[2022-08-09 08:28:30,136] {logging_mixin.py:109} INFO - [2022-08-09 08:28:30,136] {dagbag.py:500} INFO - Filling up the DagBag from /home/airflow/.local/lib/python3.7/site-packages/airflow/example_dags/example_time_delta_sensor_async.py
[2022-08-09 08:28:30,170] {processor.py:654} INFO - DAG(s) dict_keys(['example_time_delta_sensor_async']) retrieved from /home/airflow/.local/lib/python3.7/site-packages/airflow/example_dags/example_time_delta_sensor_async.py
[2022-08-09 08:28:30,181] {logging_mixin.py:109} INFO - [2022-08-09 08:28:30,181] {dag.py:2396} INFO - Sync 1 DAGs
[2022-08-09 08:28:30,204] {logging_mixin.py:109} INFO - [2022-08-09 08:28:30,204] {dag.py:2935} INFO - Setting next_dagrun for example_time_delta_sensor_async to None
[2022-08-09 08:28:30,215] {processor.py:171} INFO - Processing /home/airflow/.local/lib/python3.7/site-packages/airflow/example_dags/example_time_delta_sensor_async.py took 0.085 seconds
[2022-08-09 08:29:00,673] {processor.py:163} INFO - Started process (PID=3147) to work on /home/airflow/.local/lib/python3.7/site-packages/airflow/example_dags/example_time_delta_sensor_async.py
[2022-08-09 08:29:00,677] {processor.py:642} INFO - Processing file /home/airflow/.local/lib/python3.7/site-packages/airflow/example_dags/example_time_delta_sensor_async.py for tasks to queue
[2022-08-09 08:29:00,680] {logging_mixin.py:109} INFO - [2022-08-09 08:29:00,680] {dagbag.py:500} INFO - Filling up the DagBag from /home/airflow/.local/lib/python3.7/site-packages/airflow/example_dags/example_time_delta_sensor_async.py
[2022-08-09 08:29:00,721] {processor.py:654} INFO - DAG(s) dict_keys(['example_time_delta_sensor_async']) retrieved from /home/airflow/.local/lib/python3.7/site-packages/airflow/example_dags/example_time_delta_sensor_async.py
[2022-08-09 08:29:00,733] {logging_mixin.py:109} INFO - [2022-08-09 08:29:00,733] {dag.py:2396} INFO - Sync 1 DAGs
[2022-08-09 08:29:00,750] {logging_mixin.py:109} INFO - [2022-08-09 08:29:00,749] {dag.py:2935} INFO - Setting next_dagrun for example_time_delta_sensor_async to None
[2022-08-09 08:29:00,759] {processor.py:171} INFO - Processing /home/airflow/.local/lib/python3.7/site-packages/airflow/example_dags/example_time_delta_sensor_async.py took 0.093 seconds
[2022-08-09 08:29:31,001] {processor.py:163} INFO - Started process (PID=3216) to work on /home/airflow/.local/lib/python3.7/site-packages/airflow/example_dags/example_time_delta_sensor_async.py
[2022-08-09 08:29:31,004] {processor.py:642} INFO - Processing file /home/airflow/.local/lib/python3.7/site-packages/airflow/example_dags/example_time_delta_sensor_async.py for tasks to queue
[2022-08-09 08:29:31,006] {logging_mixin.py:109} INFO - [2022-08-09 08:29:31,006] {dagbag.py:500} INFO - Filling up the DagBag from /home/airflow/.local/lib/python3.7/site-packages/airflow/example_dags/example_time_delta_sensor_async.py
[2022-08-09 08:29:31,040] {processor.py:654} INFO - DAG(s) dict_keys(['example_time_delta_sensor_async']) retrieved from /home/airflow/.local/lib/python3.7/site-packages/airflow/example_dags/example_time_delta_sensor_async.py
[2022-08-09 08:29:31,059] {logging_mixin.py:109} INFO - [2022-08-09 08:29:31,059] {dag.py:2396} INFO - Sync 1 DAGs
[2022-08-09 08:29:31,089] {logging_mixin.py:109} INFO - [2022-08-09 08:29:31,089] {dag.py:2935} INFO - Setting next_dagrun for example_time_delta_sensor_async to None
[2022-08-09 08:29:31,100] {processor.py:171} INFO - Processing /home/airflow/.local/lib/python3.7/site-packages/airflow/example_dags/example_time_delta_sensor_async.py took 0.103 seconds
[2022-08-09 08:30:01,637] {processor.py:163} INFO - Started process (PID=3276) to work on /home/airflow/.local/lib/python3.7/site-packages/airflow/example_dags/example_time_delta_sensor_async.py
[2022-08-09 08:30:01,639] {processor.py:642} INFO - Processing file /home/airflow/.local/lib/python3.7/site-packages/airflow/example_dags/example_time_delta_sensor_async.py for tasks to queue
[2022-08-09 08:30:01,640] {logging_mixin.py:109} INFO - [2022-08-09 08:30:01,640] {dagbag.py:500} INFO - Filling up the DagBag from /home/airflow/.local/lib/python3.7/site-packages/airflow/example_dags/example_time_delta_sensor_async.py
[2022-08-09 08:30:01,670] {processor.py:654} INFO - DAG(s) dict_keys(['example_time_delta_sensor_async']) retrieved from /home/airflow/.local/lib/python3.7/site-packages/airflow/example_dags/example_time_delta_sensor_async.py
[2022-08-09 08:30:01,682] {logging_mixin.py:109} INFO - [2022-08-09 08:30:01,682] {dag.py:2396} INFO - Sync 1 DAGs
[2022-08-09 08:30:01,700] {logging_mixin.py:109} INFO - [2022-08-09 08:30:01,700] {dag.py:2935} INFO - Setting next_dagrun for example_time_delta_sensor_async to None
[2022-08-09 08:30:01,712] {processor.py:171} INFO - Processing /home/airflow/.local/lib/python3.7/site-packages/airflow/example_dags/example_time_delta_sensor_async.py took 0.078 seconds
[2022-08-09 08:30:31,951] {processor.py:163} INFO - Started process (PID=3345) to work on /home/airflow/.local/lib/python3.7/site-packages/airflow/example_dags/example_time_delta_sensor_async.py
[2022-08-09 08:30:31,954] {processor.py:642} INFO - Processing file /home/airflow/.local/lib/python3.7/site-packages/airflow/example_dags/example_time_delta_sensor_async.py for tasks to queue
[2022-08-09 08:30:31,955] {logging_mixin.py:109} INFO - [2022-08-09 08:30:31,955] {dagbag.py:500} INFO - Filling up the DagBag from /home/airflow/.local/lib/python3.7/site-packages/airflow/example_dags/example_time_delta_sensor_async.py
[2022-08-09 08:30:31,985] {processor.py:654} INFO - DAG(s) dict_keys(['example_time_delta_sensor_async']) retrieved from /home/airflow/.local/lib/python3.7/site-packages/airflow/example_dags/example_time_delta_sensor_async.py
[2022-08-09 08:30:31,995] {logging_mixin.py:109} INFO - [2022-08-09 08:30:31,995] {dag.py:2396} INFO - Sync 1 DAGs
[2022-08-09 08:30:32,015] {logging_mixin.py:109} INFO - [2022-08-09 08:30:32,015] {dag.py:2935} INFO - Setting next_dagrun for example_time_delta_sensor_async to None
[2022-08-09 08:30:32,025] {processor.py:171} INFO - Processing /home/airflow/.local/lib/python3.7/site-packages/airflow/example_dags/example_time_delta_sensor_async.py took 0.080 seconds
[2022-08-09 08:31:02,489] {processor.py:163} INFO - Started process (PID=3406) to work on /home/airflow/.local/lib/python3.7/site-packages/airflow/example_dags/example_time_delta_sensor_async.py
[2022-08-09 08:31:02,491] {processor.py:642} INFO - Processing file /home/airflow/.local/lib/python3.7/site-packages/airflow/example_dags/example_time_delta_sensor_async.py for tasks to queue
[2022-08-09 08:31:02,492] {logging_mixin.py:109} INFO - [2022-08-09 08:31:02,492] {dagbag.py:500} INFO - Filling up the DagBag from /home/airflow/.local/lib/python3.7/site-packages/airflow/example_dags/example_time_delta_sensor_async.py
[2022-08-09 08:31:02,532] {processor.py:654} INFO - DAG(s) dict_keys(['example_time_delta_sensor_async']) retrieved from /home/airflow/.local/lib/python3.7/site-packages/airflow/example_dags/example_time_delta_sensor_async.py
[2022-08-09 08:31:02,547] {logging_mixin.py:109} INFO - [2022-08-09 08:31:02,547] {dag.py:2396} INFO - Sync 1 DAGs
[2022-08-09 08:31:02,576] {logging_mixin.py:109} INFO - [2022-08-09 08:31:02,575] {dag.py:2935} INFO - Setting next_dagrun for example_time_delta_sensor_async to None
[2022-08-09 08:31:02,595] {processor.py:171} INFO - Processing /home/airflow/.local/lib/python3.7/site-packages/airflow/example_dags/example_time_delta_sensor_async.py took 0.111 seconds
[2022-08-09 08:31:32,693] {processor.py:163} INFO - Started process (PID=3475) to work on /home/airflow/.local/lib/python3.7/site-packages/airflow/example_dags/example_time_delta_sensor_async.py
[2022-08-09 08:31:32,695] {processor.py:642} INFO - Processing file /home/airflow/.local/lib/python3.7/site-packages/airflow/example_dags/example_time_delta_sensor_async.py for tasks to queue
[2022-08-09 08:31:32,696] {logging_mixin.py:109} INFO - [2022-08-09 08:31:32,696] {dagbag.py:500} INFO - Filling up the DagBag from /home/airflow/.local/lib/python3.7/site-packages/airflow/example_dags/example_time_delta_sensor_async.py
[2022-08-09 08:31:32,725] {processor.py:654} INFO - DAG(s) dict_keys(['example_time_delta_sensor_async']) retrieved from /home/airflow/.local/lib/python3.7/site-packages/airflow/example_dags/example_time_delta_sensor_async.py
[2022-08-09 08:31:32,736] {logging_mixin.py:109} INFO - [2022-08-09 08:31:32,736] {dag.py:2396} INFO - Sync 1 DAGs
[2022-08-09 08:31:32,753] {logging_mixin.py:109} INFO - [2022-08-09 08:31:32,753] {dag.py:2935} INFO - Setting next_dagrun for example_time_delta_sensor_async to None
[2022-08-09 08:31:32,766] {processor.py:171} INFO - Processing /home/airflow/.local/lib/python3.7/site-packages/airflow/example_dags/example_time_delta_sensor_async.py took 0.076 seconds
[2022-08-09 08:32:02,884] {processor.py:163} INFO - Started process (PID=3537) to work on /home/airflow/.local/lib/python3.7/site-packages/airflow/example_dags/example_time_delta_sensor_async.py
[2022-08-09 08:32:02,886] {processor.py:642} INFO - Processing file /home/airflow/.local/lib/python3.7/site-packages/airflow/example_dags/example_time_delta_sensor_async.py for tasks to queue
[2022-08-09 08:32:02,888] {logging_mixin.py:109} INFO - [2022-08-09 08:32:02,888] {dagbag.py:500} INFO - Filling up the DagBag from /home/airflow/.local/lib/python3.7/site-packages/airflow/example_dags/example_time_delta_sensor_async.py
[2022-08-09 08:32:02,920] {processor.py:654} INFO - DAG(s) dict_keys(['example_time_delta_sensor_async']) retrieved from /home/airflow/.local/lib/python3.7/site-packages/airflow/example_dags/example_time_delta_sensor_async.py
[2022-08-09 08:32:02,931] {logging_mixin.py:109} INFO - [2022-08-09 08:32:02,930] {dag.py:2396} INFO - Sync 1 DAGs
[2022-08-09 08:32:02,947] {logging_mixin.py:109} INFO - [2022-08-09 08:32:02,946] {dag.py:2935} INFO - Setting next_dagrun for example_time_delta_sensor_async to None
[2022-08-09 08:32:02,958] {processor.py:171} INFO - Processing /home/airflow/.local/lib/python3.7/site-packages/airflow/example_dags/example_time_delta_sensor_async.py took 0.081 seconds
[2022-08-09 08:32:33,810] {processor.py:163} INFO - Started process (PID=3607) to work on /home/airflow/.local/lib/python3.7/site-packages/airflow/example_dags/example_time_delta_sensor_async.py
[2022-08-09 08:32:33,812] {processor.py:642} INFO - Processing file /home/airflow/.local/lib/python3.7/site-packages/airflow/example_dags/example_time_delta_sensor_async.py for tasks to queue
[2022-08-09 08:32:33,813] {logging_mixin.py:109} INFO - [2022-08-09 08:32:33,813] {dagbag.py:500} INFO - Filling up the DagBag from /home/airflow/.local/lib/python3.7/site-packages/airflow/example_dags/example_time_delta_sensor_async.py
[2022-08-09 08:32:33,841] {processor.py:654} INFO - DAG(s) dict_keys(['example_time_delta_sensor_async']) retrieved from /home/airflow/.local/lib/python3.7/site-packages/airflow/example_dags/example_time_delta_sensor_async.py
[2022-08-09 08:32:33,852] {logging_mixin.py:109} INFO - [2022-08-09 08:32:33,852] {dag.py:2396} INFO - Sync 1 DAGs
[2022-08-09 08:32:33,869] {logging_mixin.py:109} INFO - [2022-08-09 08:32:33,869] {dag.py:2935} INFO - Setting next_dagrun for example_time_delta_sensor_async to None
[2022-08-09 08:32:33,881] {processor.py:171} INFO - Processing /home/airflow/.local/lib/python3.7/site-packages/airflow/example_dags/example_time_delta_sensor_async.py took 0.075 seconds
[2022-08-09 08:33:03,973] {processor.py:163} INFO - Started process (PID=3662) to work on /home/airflow/.local/lib/python3.7/site-packages/airflow/example_dags/example_time_delta_sensor_async.py
[2022-08-09 08:33:03,975] {processor.py:642} INFO - Processing file /home/airflow/.local/lib/python3.7/site-packages/airflow/example_dags/example_time_delta_sensor_async.py for tasks to queue
[2022-08-09 08:33:03,976] {logging_mixin.py:109} INFO - [2022-08-09 08:33:03,976] {dagbag.py:500} INFO - Filling up the DagBag from /home/airflow/.local/lib/python3.7/site-packages/airflow/example_dags/example_time_delta_sensor_async.py
[2022-08-09 08:33:04,008] {processor.py:654} INFO - DAG(s) dict_keys(['example_time_delta_sensor_async']) retrieved from /home/airflow/.local/lib/python3.7/site-packages/airflow/example_dags/example_time_delta_sensor_async.py
[2022-08-09 08:33:04,018] {logging_mixin.py:109} INFO - [2022-08-09 08:33:04,018] {dag.py:2396} INFO - Sync 1 DAGs
[2022-08-09 08:33:04,034] {logging_mixin.py:109} INFO - [2022-08-09 08:33:04,034] {dag.py:2935} INFO - Setting next_dagrun for example_time_delta_sensor_async to None
[2022-08-09 08:33:04,044] {processor.py:171} INFO - Processing /home/airflow/.local/lib/python3.7/site-packages/airflow/example_dags/example_time_delta_sensor_async.py took 0.075 seconds
[2022-08-09 08:33:34,132] {processor.py:163} INFO - Started process (PID=3733) to work on /home/airflow/.local/lib/python3.7/site-packages/airflow/example_dags/example_time_delta_sensor_async.py
[2022-08-09 08:33:34,134] {processor.py:642} INFO - Processing file /home/airflow/.local/lib/python3.7/site-packages/airflow/example_dags/example_time_delta_sensor_async.py for tasks to queue
[2022-08-09 08:33:34,136] {logging_mixin.py:109} INFO - [2022-08-09 08:33:34,136] {dagbag.py:500} INFO - Filling up the DagBag from /home/airflow/.local/lib/python3.7/site-packages/airflow/example_dags/example_time_delta_sensor_async.py
[2022-08-09 08:33:34,165] {processor.py:654} INFO - DAG(s) dict_keys(['example_time_delta_sensor_async']) retrieved from /home/airflow/.local/lib/python3.7/site-packages/airflow/example_dags/example_time_delta_sensor_async.py
[2022-08-09 08:33:34,176] {logging_mixin.py:109} INFO - [2022-08-09 08:33:34,176] {dag.py:2396} INFO - Sync 1 DAGs
[2022-08-09 08:33:34,193] {logging_mixin.py:109} INFO - [2022-08-09 08:33:34,193] {dag.py:2935} INFO - Setting next_dagrun for example_time_delta_sensor_async to None
[2022-08-09 08:33:34,207] {processor.py:171} INFO - Processing /home/airflow/.local/lib/python3.7/site-packages/airflow/example_dags/example_time_delta_sensor_async.py took 0.080 seconds
[2022-08-09 08:34:04,867] {processor.py:163} INFO - Started process (PID=3793) to work on /home/airflow/.local/lib/python3.7/site-packages/airflow/example_dags/example_time_delta_sensor_async.py
[2022-08-09 08:34:04,870] {processor.py:642} INFO - Processing file /home/airflow/.local/lib/python3.7/site-packages/airflow/example_dags/example_time_delta_sensor_async.py for tasks to queue
[2022-08-09 08:34:04,871] {logging_mixin.py:109} INFO - [2022-08-09 08:34:04,871] {dagbag.py:500} INFO - Filling up the DagBag from /home/airflow/.local/lib/python3.7/site-packages/airflow/example_dags/example_time_delta_sensor_async.py
[2022-08-09 08:34:04,898] {processor.py:654} INFO - DAG(s) dict_keys(['example_time_delta_sensor_async']) retrieved from /home/airflow/.local/lib/python3.7/site-packages/airflow/example_dags/example_time_delta_sensor_async.py
[2022-08-09 08:34:04,909] {logging_mixin.py:109} INFO - [2022-08-09 08:34:04,909] {dag.py:2396} INFO - Sync 1 DAGs
[2022-08-09 08:34:04,925] {logging_mixin.py:109} INFO - [2022-08-09 08:34:04,924] {dag.py:2935} INFO - Setting next_dagrun for example_time_delta_sensor_async to None
[2022-08-09 08:34:04,938] {processor.py:171} INFO - Processing /home/airflow/.local/lib/python3.7/site-packages/airflow/example_dags/example_time_delta_sensor_async.py took 0.074 seconds
[2022-08-09 08:34:35,225] {processor.py:163} INFO - Started process (PID=3860) to work on /home/airflow/.local/lib/python3.7/site-packages/airflow/example_dags/example_time_delta_sensor_async.py
[2022-08-09 08:34:35,228] {processor.py:642} INFO - Processing file /home/airflow/.local/lib/python3.7/site-packages/airflow/example_dags/example_time_delta_sensor_async.py for tasks to queue
[2022-08-09 08:34:35,229] {logging_mixin.py:109} INFO - [2022-08-09 08:34:35,229] {dagbag.py:500} INFO - Filling up the DagBag from /home/airflow/.local/lib/python3.7/site-packages/airflow/example_dags/example_time_delta_sensor_async.py
[2022-08-09 08:34:35,277] {processor.py:654} INFO - DAG(s) dict_keys(['example_time_delta_sensor_async']) retrieved from /home/airflow/.local/lib/python3.7/site-packages/airflow/example_dags/example_time_delta_sensor_async.py
[2022-08-09 08:34:35,298] {logging_mixin.py:109} INFO - [2022-08-09 08:34:35,298] {dag.py:2396} INFO - Sync 1 DAGs
[2022-08-09 08:34:35,322] {logging_mixin.py:109} INFO - [2022-08-09 08:34:35,322] {dag.py:2935} INFO - Setting next_dagrun for example_time_delta_sensor_async to None
[2022-08-09 08:34:35,337] {processor.py:171} INFO - Processing /home/airflow/.local/lib/python3.7/site-packages/airflow/example_dags/example_time_delta_sensor_async.py took 0.117 seconds
[2022-08-09 08:35:05,594] {processor.py:163} INFO - Started process (PID=3922) to work on /home/airflow/.local/lib/python3.7/site-packages/airflow/example_dags/example_time_delta_sensor_async.py
[2022-08-09 08:35:05,597] {processor.py:642} INFO - Processing file /home/airflow/.local/lib/python3.7/site-packages/airflow/example_dags/example_time_delta_sensor_async.py for tasks to queue
[2022-08-09 08:35:05,600] {logging_mixin.py:109} INFO - [2022-08-09 08:35:05,599] {dagbag.py:500} INFO - Filling up the DagBag from /home/airflow/.local/lib/python3.7/site-packages/airflow/example_dags/example_time_delta_sensor_async.py
[2022-08-09 08:35:05,658] {processor.py:654} INFO - DAG(s) dict_keys(['example_time_delta_sensor_async']) retrieved from /home/airflow/.local/lib/python3.7/site-packages/airflow/example_dags/example_time_delta_sensor_async.py
[2022-08-09 08:35:05,677] {logging_mixin.py:109} INFO - [2022-08-09 08:35:05,677] {dag.py:2396} INFO - Sync 1 DAGs
[2022-08-09 08:35:05,699] {logging_mixin.py:109} INFO - [2022-08-09 08:35:05,699] {dag.py:2935} INFO - Setting next_dagrun for example_time_delta_sensor_async to None
[2022-08-09 08:35:05,710] {processor.py:171} INFO - Processing /home/airflow/.local/lib/python3.7/site-packages/airflow/example_dags/example_time_delta_sensor_async.py took 0.122 seconds
[2022-08-09 08:35:36,229] {processor.py:163} INFO - Started process (PID=3982) to work on /home/airflow/.local/lib/python3.7/site-packages/airflow/example_dags/example_time_delta_sensor_async.py
[2022-08-09 08:35:36,232] {processor.py:642} INFO - Processing file /home/airflow/.local/lib/python3.7/site-packages/airflow/example_dags/example_time_delta_sensor_async.py for tasks to queue
[2022-08-09 08:35:36,235] {logging_mixin.py:109} INFO - [2022-08-09 08:35:36,234] {dagbag.py:500} INFO - Filling up the DagBag from /home/airflow/.local/lib/python3.7/site-packages/airflow/example_dags/example_time_delta_sensor_async.py
[2022-08-09 08:35:36,284] {processor.py:654} INFO - DAG(s) dict_keys(['example_time_delta_sensor_async']) retrieved from /home/airflow/.local/lib/python3.7/site-packages/airflow/example_dags/example_time_delta_sensor_async.py
[2022-08-09 08:35:36,302] {logging_mixin.py:109} INFO - [2022-08-09 08:35:36,301] {dag.py:2396} INFO - Sync 1 DAGs
[2022-08-09 08:35:36,329] {logging_mixin.py:109} INFO - [2022-08-09 08:35:36,329] {dag.py:2935} INFO - Setting next_dagrun for example_time_delta_sensor_async to None
[2022-08-09 08:35:36,347] {processor.py:171} INFO - Processing /home/airflow/.local/lib/python3.7/site-packages/airflow/example_dags/example_time_delta_sensor_async.py took 0.125 seconds
[2022-08-09 08:36:06,848] {processor.py:163} INFO - Started process (PID=4051) to work on /home/airflow/.local/lib/python3.7/site-packages/airflow/example_dags/example_time_delta_sensor_async.py
[2022-08-09 08:36:06,853] {processor.py:642} INFO - Processing file /home/airflow/.local/lib/python3.7/site-packages/airflow/example_dags/example_time_delta_sensor_async.py for tasks to queue
[2022-08-09 08:36:06,857] {logging_mixin.py:109} INFO - [2022-08-09 08:36:06,857] {dagbag.py:500} INFO - Filling up the DagBag from /home/airflow/.local/lib/python3.7/site-packages/airflow/example_dags/example_time_delta_sensor_async.py
[2022-08-09 08:36:06,929] {processor.py:654} INFO - DAG(s) dict_keys(['example_time_delta_sensor_async']) retrieved from /home/airflow/.local/lib/python3.7/site-packages/airflow/example_dags/example_time_delta_sensor_async.py
[2022-08-09 08:36:06,963] {logging_mixin.py:109} INFO - [2022-08-09 08:36:06,963] {dag.py:2396} INFO - Sync 1 DAGs
[2022-08-09 08:36:07,011] {logging_mixin.py:109} INFO - [2022-08-09 08:36:07,011] {dag.py:2935} INFO - Setting next_dagrun for example_time_delta_sensor_async to None
[2022-08-09 08:36:07,048] {processor.py:171} INFO - Processing /home/airflow/.local/lib/python3.7/site-packages/airflow/example_dags/example_time_delta_sensor_async.py took 0.207 seconds
[2022-08-09 08:36:37,838] {processor.py:163} INFO - Started process (PID=4112) to work on /home/airflow/.local/lib/python3.7/site-packages/airflow/example_dags/example_time_delta_sensor_async.py
[2022-08-09 08:36:37,848] {processor.py:642} INFO - Processing file /home/airflow/.local/lib/python3.7/site-packages/airflow/example_dags/example_time_delta_sensor_async.py for tasks to queue
[2022-08-09 08:36:37,852] {logging_mixin.py:109} INFO - [2022-08-09 08:36:37,851] {dagbag.py:500} INFO - Filling up the DagBag from /home/airflow/.local/lib/python3.7/site-packages/airflow/example_dags/example_time_delta_sensor_async.py
[2022-08-09 08:36:37,917] {processor.py:654} INFO - DAG(s) dict_keys(['example_time_delta_sensor_async']) retrieved from /home/airflow/.local/lib/python3.7/site-packages/airflow/example_dags/example_time_delta_sensor_async.py
[2022-08-09 08:36:37,935] {logging_mixin.py:109} INFO - [2022-08-09 08:36:37,934] {dag.py:2396} INFO - Sync 1 DAGs
[2022-08-09 08:36:37,974] {logging_mixin.py:109} INFO - [2022-08-09 08:36:37,974] {dag.py:2935} INFO - Setting next_dagrun for example_time_delta_sensor_async to None
[2022-08-09 08:36:38,000] {processor.py:171} INFO - Processing /home/airflow/.local/lib/python3.7/site-packages/airflow/example_dags/example_time_delta_sensor_async.py took 0.169 seconds
[2022-08-09 08:55:26,837] {processor.py:163} INFO - Started process (PID=4183) to work on /home/airflow/.local/lib/python3.7/site-packages/airflow/example_dags/example_time_delta_sensor_async.py
[2022-08-09 08:55:26,850] {processor.py:642} INFO - Processing file /home/airflow/.local/lib/python3.7/site-packages/airflow/example_dags/example_time_delta_sensor_async.py for tasks to queue
[2022-08-09 08:55:26,857] {logging_mixin.py:109} INFO - [2022-08-09 08:55:26,857] {dagbag.py:500} INFO - Filling up the DagBag from /home/airflow/.local/lib/python3.7/site-packages/airflow/example_dags/example_time_delta_sensor_async.py
[2022-08-09 08:55:27,004] {processor.py:654} INFO - DAG(s) dict_keys(['example_time_delta_sensor_async']) retrieved from /home/airflow/.local/lib/python3.7/site-packages/airflow/example_dags/example_time_delta_sensor_async.py
[2022-08-09 08:55:27,077] {logging_mixin.py:109} INFO - [2022-08-09 08:55:27,077] {dag.py:2396} INFO - Sync 1 DAGs
[2022-08-09 08:55:27,188] {logging_mixin.py:109} INFO - [2022-08-09 08:55:27,188] {dag.py:2935} INFO - Setting next_dagrun for example_time_delta_sensor_async to None
[2022-08-09 08:55:27,252] {processor.py:171} INFO - Processing /home/airflow/.local/lib/python3.7/site-packages/airflow/example_dags/example_time_delta_sensor_async.py took 0.448 seconds
