[2022-08-09 08:04:38,196] {processor.py:163} INFO - Started process (PID=85) to work on /home/airflow/.local/lib/python3.7/site-packages/airflow/example_dags/example_trigger_target_dag.py
[2022-08-09 08:04:38,199] {processor.py:642} INFO - Processing file /home/airflow/.local/lib/python3.7/site-packages/airflow/example_dags/example_trigger_target_dag.py for tasks to queue
[2022-08-09 08:04:38,201] {logging_mixin.py:109} INFO - [2022-08-09 08:04:38,201] {dagbag.py:500} INFO - Filling up the DagBag from /home/airflow/.local/lib/python3.7/site-packages/airflow/example_dags/example_trigger_target_dag.py
[2022-08-09 08:04:38,269] {processor.py:654} INFO - DAG(s) dict_keys(['example_trigger_target_dag']) retrieved from /home/airflow/.local/lib/python3.7/site-packages/airflow/example_dags/example_trigger_target_dag.py
[2022-08-09 08:04:38,297] {logging_mixin.py:109} INFO - [2022-08-09 08:04:38,292] {dag.py:2396} INFO - Sync 1 DAGs
[2022-08-09 08:04:38,347] {logging_mixin.py:109} INFO - [2022-08-09 08:04:38,346] {dag.py:2935} INFO - Setting next_dagrun for example_trigger_target_dag to None
[2022-08-09 08:04:38,359] {processor.py:171} INFO - Processing /home/airflow/.local/lib/python3.7/site-packages/airflow/example_dags/example_trigger_target_dag.py took 0.170 seconds
[2022-08-09 08:05:08,815] {processor.py:163} INFO - Started process (PID=146) to work on /home/airflow/.local/lib/python3.7/site-packages/airflow/example_dags/example_trigger_target_dag.py
[2022-08-09 08:05:08,825] {processor.py:642} INFO - Processing file /home/airflow/.local/lib/python3.7/site-packages/airflow/example_dags/example_trigger_target_dag.py for tasks to queue
[2022-08-09 08:05:08,827] {logging_mixin.py:109} INFO - [2022-08-09 08:05:08,827] {dagbag.py:500} INFO - Filling up the DagBag from /home/airflow/.local/lib/python3.7/site-packages/airflow/example_dags/example_trigger_target_dag.py
[2022-08-09 08:05:08,874] {processor.py:654} INFO - DAG(s) dict_keys(['example_trigger_target_dag']) retrieved from /home/airflow/.local/lib/python3.7/site-packages/airflow/example_dags/example_trigger_target_dag.py
[2022-08-09 08:05:08,888] {logging_mixin.py:109} INFO - [2022-08-09 08:05:08,888] {dag.py:2396} INFO - Sync 1 DAGs
[2022-08-09 08:05:08,907] {logging_mixin.py:109} INFO - [2022-08-09 08:05:08,907] {dag.py:2935} INFO - Setting next_dagrun for example_trigger_target_dag to None
[2022-08-09 08:05:08,920] {processor.py:171} INFO - Processing /home/airflow/.local/lib/python3.7/site-packages/airflow/example_dags/example_trigger_target_dag.py took 0.119 seconds
[2022-08-09 08:05:39,534] {processor.py:163} INFO - Started process (PID=207) to work on /home/airflow/.local/lib/python3.7/site-packages/airflow/example_dags/example_trigger_target_dag.py
[2022-08-09 08:05:39,538] {processor.py:642} INFO - Processing file /home/airflow/.local/lib/python3.7/site-packages/airflow/example_dags/example_trigger_target_dag.py for tasks to queue
[2022-08-09 08:05:39,542] {logging_mixin.py:109} INFO - [2022-08-09 08:05:39,542] {dagbag.py:500} INFO - Filling up the DagBag from /home/airflow/.local/lib/python3.7/site-packages/airflow/example_dags/example_trigger_target_dag.py
[2022-08-09 08:05:39,585] {processor.py:654} INFO - DAG(s) dict_keys(['example_trigger_target_dag']) retrieved from /home/airflow/.local/lib/python3.7/site-packages/airflow/example_dags/example_trigger_target_dag.py
[2022-08-09 08:05:39,603] {logging_mixin.py:109} INFO - [2022-08-09 08:05:39,603] {dag.py:2396} INFO - Sync 1 DAGs
[2022-08-09 08:05:39,652] {logging_mixin.py:109} INFO - [2022-08-09 08:05:39,652] {dag.py:2935} INFO - Setting next_dagrun for example_trigger_target_dag to None
[2022-08-09 08:05:39,666] {processor.py:171} INFO - Processing /home/airflow/.local/lib/python3.7/site-packages/airflow/example_dags/example_trigger_target_dag.py took 0.138 seconds
[2022-08-09 08:06:10,862] {processor.py:163} INFO - Started process (PID=276) to work on /home/airflow/.local/lib/python3.7/site-packages/airflow/example_dags/example_trigger_target_dag.py
[2022-08-09 08:06:10,864] {processor.py:642} INFO - Processing file /home/airflow/.local/lib/python3.7/site-packages/airflow/example_dags/example_trigger_target_dag.py for tasks to queue
[2022-08-09 08:06:10,866] {logging_mixin.py:109} INFO - [2022-08-09 08:06:10,866] {dagbag.py:500} INFO - Filling up the DagBag from /home/airflow/.local/lib/python3.7/site-packages/airflow/example_dags/example_trigger_target_dag.py
[2022-08-09 08:06:10,919] {processor.py:654} INFO - DAG(s) dict_keys(['example_trigger_target_dag']) retrieved from /home/airflow/.local/lib/python3.7/site-packages/airflow/example_dags/example_trigger_target_dag.py
[2022-08-09 08:06:10,937] {logging_mixin.py:109} INFO - [2022-08-09 08:06:10,936] {dag.py:2396} INFO - Sync 1 DAGs
[2022-08-09 08:06:10,965] {logging_mixin.py:109} INFO - [2022-08-09 08:06:10,965] {dag.py:2935} INFO - Setting next_dagrun for example_trigger_target_dag to None
[2022-08-09 08:06:10,983] {processor.py:171} INFO - Processing /home/airflow/.local/lib/python3.7/site-packages/airflow/example_dags/example_trigger_target_dag.py took 0.124 seconds
[2022-08-09 08:06:41,370] {processor.py:163} INFO - Started process (PID=336) to work on /home/airflow/.local/lib/python3.7/site-packages/airflow/example_dags/example_trigger_target_dag.py
[2022-08-09 08:06:41,373] {processor.py:642} INFO - Processing file /home/airflow/.local/lib/python3.7/site-packages/airflow/example_dags/example_trigger_target_dag.py for tasks to queue
[2022-08-09 08:06:41,375] {logging_mixin.py:109} INFO - [2022-08-09 08:06:41,375] {dagbag.py:500} INFO - Filling up the DagBag from /home/airflow/.local/lib/python3.7/site-packages/airflow/example_dags/example_trigger_target_dag.py
[2022-08-09 08:06:41,417] {processor.py:654} INFO - DAG(s) dict_keys(['example_trigger_target_dag']) retrieved from /home/airflow/.local/lib/python3.7/site-packages/airflow/example_dags/example_trigger_target_dag.py
[2022-08-09 08:06:41,432] {logging_mixin.py:109} INFO - [2022-08-09 08:06:41,432] {dag.py:2396} INFO - Sync 1 DAGs
[2022-08-09 08:06:41,455] {logging_mixin.py:109} INFO - [2022-08-09 08:06:41,455] {dag.py:2935} INFO - Setting next_dagrun for example_trigger_target_dag to None
[2022-08-09 08:06:41,468] {processor.py:171} INFO - Processing /home/airflow/.local/lib/python3.7/site-packages/airflow/example_dags/example_trigger_target_dag.py took 0.102 seconds
[2022-08-09 08:07:12,854] {processor.py:163} INFO - Started process (PID=407) to work on /home/airflow/.local/lib/python3.7/site-packages/airflow/example_dags/example_trigger_target_dag.py
[2022-08-09 08:07:12,857] {processor.py:642} INFO - Processing file /home/airflow/.local/lib/python3.7/site-packages/airflow/example_dags/example_trigger_target_dag.py for tasks to queue
[2022-08-09 08:07:12,866] {logging_mixin.py:109} INFO - [2022-08-09 08:07:12,866] {dagbag.py:500} INFO - Filling up the DagBag from /home/airflow/.local/lib/python3.7/site-packages/airflow/example_dags/example_trigger_target_dag.py
[2022-08-09 08:07:12,923] {processor.py:654} INFO - DAG(s) dict_keys(['example_trigger_target_dag']) retrieved from /home/airflow/.local/lib/python3.7/site-packages/airflow/example_dags/example_trigger_target_dag.py
[2022-08-09 08:07:12,938] {logging_mixin.py:109} INFO - [2022-08-09 08:07:12,938] {dag.py:2396} INFO - Sync 1 DAGs
[2022-08-09 08:07:12,967] {logging_mixin.py:109} INFO - [2022-08-09 08:07:12,967] {dag.py:2935} INFO - Setting next_dagrun for example_trigger_target_dag to None
[2022-08-09 08:07:12,991] {processor.py:171} INFO - Processing /home/airflow/.local/lib/python3.7/site-packages/airflow/example_dags/example_trigger_target_dag.py took 0.143 seconds
[2022-08-09 08:07:43,359] {processor.py:163} INFO - Started process (PID=467) to work on /home/airflow/.local/lib/python3.7/site-packages/airflow/example_dags/example_trigger_target_dag.py
[2022-08-09 08:07:43,362] {processor.py:642} INFO - Processing file /home/airflow/.local/lib/python3.7/site-packages/airflow/example_dags/example_trigger_target_dag.py for tasks to queue
[2022-08-09 08:07:43,363] {logging_mixin.py:109} INFO - [2022-08-09 08:07:43,363] {dagbag.py:500} INFO - Filling up the DagBag from /home/airflow/.local/lib/python3.7/site-packages/airflow/example_dags/example_trigger_target_dag.py
[2022-08-09 08:07:43,419] {processor.py:654} INFO - DAG(s) dict_keys(['example_trigger_target_dag']) retrieved from /home/airflow/.local/lib/python3.7/site-packages/airflow/example_dags/example_trigger_target_dag.py
[2022-08-09 08:07:43,436] {logging_mixin.py:109} INFO - [2022-08-09 08:07:43,436] {dag.py:2396} INFO - Sync 1 DAGs
[2022-08-09 08:07:43,468] {logging_mixin.py:109} INFO - [2022-08-09 08:07:43,468] {dag.py:2935} INFO - Setting next_dagrun for example_trigger_target_dag to None
[2022-08-09 08:07:43,489] {processor.py:171} INFO - Processing /home/airflow/.local/lib/python3.7/site-packages/airflow/example_dags/example_trigger_target_dag.py took 0.138 seconds
[2022-08-09 08:08:14,301] {processor.py:163} INFO - Started process (PID=538) to work on /home/airflow/.local/lib/python3.7/site-packages/airflow/example_dags/example_trigger_target_dag.py
[2022-08-09 08:08:14,303] {processor.py:642} INFO - Processing file /home/airflow/.local/lib/python3.7/site-packages/airflow/example_dags/example_trigger_target_dag.py for tasks to queue
[2022-08-09 08:08:14,308] {logging_mixin.py:109} INFO - [2022-08-09 08:08:14,308] {dagbag.py:500} INFO - Filling up the DagBag from /home/airflow/.local/lib/python3.7/site-packages/airflow/example_dags/example_trigger_target_dag.py
[2022-08-09 08:08:14,353] {processor.py:654} INFO - DAG(s) dict_keys(['example_trigger_target_dag']) retrieved from /home/airflow/.local/lib/python3.7/site-packages/airflow/example_dags/example_trigger_target_dag.py
[2022-08-09 08:08:14,364] {logging_mixin.py:109} INFO - [2022-08-09 08:08:14,363] {dag.py:2396} INFO - Sync 1 DAGs
[2022-08-09 08:08:14,383] {logging_mixin.py:109} INFO - [2022-08-09 08:08:14,382] {dag.py:2935} INFO - Setting next_dagrun for example_trigger_target_dag to None
[2022-08-09 08:08:14,403] {processor.py:171} INFO - Processing /home/airflow/.local/lib/python3.7/site-packages/airflow/example_dags/example_trigger_target_dag.py took 0.108 seconds
[2022-08-09 08:08:45,153] {processor.py:163} INFO - Started process (PID=599) to work on /home/airflow/.local/lib/python3.7/site-packages/airflow/example_dags/example_trigger_target_dag.py
[2022-08-09 08:08:45,156] {processor.py:642} INFO - Processing file /home/airflow/.local/lib/python3.7/site-packages/airflow/example_dags/example_trigger_target_dag.py for tasks to queue
[2022-08-09 08:08:45,158] {logging_mixin.py:109} INFO - [2022-08-09 08:08:45,158] {dagbag.py:500} INFO - Filling up the DagBag from /home/airflow/.local/lib/python3.7/site-packages/airflow/example_dags/example_trigger_target_dag.py
[2022-08-09 08:08:45,225] {processor.py:654} INFO - DAG(s) dict_keys(['example_trigger_target_dag']) retrieved from /home/airflow/.local/lib/python3.7/site-packages/airflow/example_dags/example_trigger_target_dag.py
[2022-08-09 08:08:45,246] {logging_mixin.py:109} INFO - [2022-08-09 08:08:45,245] {dag.py:2396} INFO - Sync 1 DAGs
[2022-08-09 08:08:45,267] {logging_mixin.py:109} INFO - [2022-08-09 08:08:45,267] {dag.py:2935} INFO - Setting next_dagrun for example_trigger_target_dag to None
[2022-08-09 08:08:45,282] {processor.py:171} INFO - Processing /home/airflow/.local/lib/python3.7/site-packages/airflow/example_dags/example_trigger_target_dag.py took 0.136 seconds
[2022-08-09 08:09:16,096] {processor.py:163} INFO - Started process (PID=670) to work on /home/airflow/.local/lib/python3.7/site-packages/airflow/example_dags/example_trigger_target_dag.py
[2022-08-09 08:09:16,099] {processor.py:642} INFO - Processing file /home/airflow/.local/lib/python3.7/site-packages/airflow/example_dags/example_trigger_target_dag.py for tasks to queue
[2022-08-09 08:09:16,101] {logging_mixin.py:109} INFO - [2022-08-09 08:09:16,101] {dagbag.py:500} INFO - Filling up the DagBag from /home/airflow/.local/lib/python3.7/site-packages/airflow/example_dags/example_trigger_target_dag.py
[2022-08-09 08:09:16,146] {processor.py:654} INFO - DAG(s) dict_keys(['example_trigger_target_dag']) retrieved from /home/airflow/.local/lib/python3.7/site-packages/airflow/example_dags/example_trigger_target_dag.py
[2022-08-09 08:09:16,165] {logging_mixin.py:109} INFO - [2022-08-09 08:09:16,165] {dag.py:2396} INFO - Sync 1 DAGs
[2022-08-09 08:09:16,185] {logging_mixin.py:109} INFO - [2022-08-09 08:09:16,185] {dag.py:2935} INFO - Setting next_dagrun for example_trigger_target_dag to None
[2022-08-09 08:09:16,199] {processor.py:171} INFO - Processing /home/airflow/.local/lib/python3.7/site-packages/airflow/example_dags/example_trigger_target_dag.py took 0.107 seconds
[2022-08-09 08:09:47,009] {processor.py:163} INFO - Started process (PID=731) to work on /home/airflow/.local/lib/python3.7/site-packages/airflow/example_dags/example_trigger_target_dag.py
[2022-08-09 08:09:47,012] {processor.py:642} INFO - Processing file /home/airflow/.local/lib/python3.7/site-packages/airflow/example_dags/example_trigger_target_dag.py for tasks to queue
[2022-08-09 08:09:47,014] {logging_mixin.py:109} INFO - [2022-08-09 08:09:47,013] {dagbag.py:500} INFO - Filling up the DagBag from /home/airflow/.local/lib/python3.7/site-packages/airflow/example_dags/example_trigger_target_dag.py
[2022-08-09 08:09:47,051] {processor.py:654} INFO - DAG(s) dict_keys(['example_trigger_target_dag']) retrieved from /home/airflow/.local/lib/python3.7/site-packages/airflow/example_dags/example_trigger_target_dag.py
[2022-08-09 08:09:47,068] {logging_mixin.py:109} INFO - [2022-08-09 08:09:47,068] {dag.py:2396} INFO - Sync 1 DAGs
[2022-08-09 08:09:47,086] {logging_mixin.py:109} INFO - [2022-08-09 08:09:47,086] {dag.py:2935} INFO - Setting next_dagrun for example_trigger_target_dag to None
[2022-08-09 08:09:47,099] {processor.py:171} INFO - Processing /home/airflow/.local/lib/python3.7/site-packages/airflow/example_dags/example_trigger_target_dag.py took 0.096 seconds
[2022-08-09 08:10:17,854] {processor.py:163} INFO - Started process (PID=801) to work on /home/airflow/.local/lib/python3.7/site-packages/airflow/example_dags/example_trigger_target_dag.py
[2022-08-09 08:10:17,856] {processor.py:642} INFO - Processing file /home/airflow/.local/lib/python3.7/site-packages/airflow/example_dags/example_trigger_target_dag.py for tasks to queue
[2022-08-09 08:10:17,857] {logging_mixin.py:109} INFO - [2022-08-09 08:10:17,857] {dagbag.py:500} INFO - Filling up the DagBag from /home/airflow/.local/lib/python3.7/site-packages/airflow/example_dags/example_trigger_target_dag.py
[2022-08-09 08:10:17,888] {processor.py:654} INFO - DAG(s) dict_keys(['example_trigger_target_dag']) retrieved from /home/airflow/.local/lib/python3.7/site-packages/airflow/example_dags/example_trigger_target_dag.py
[2022-08-09 08:10:17,898] {logging_mixin.py:109} INFO - [2022-08-09 08:10:17,898] {dag.py:2396} INFO - Sync 1 DAGs
[2022-08-09 08:10:17,914] {logging_mixin.py:109} INFO - [2022-08-09 08:10:17,914] {dag.py:2935} INFO - Setting next_dagrun for example_trigger_target_dag to None
[2022-08-09 08:10:17,926] {processor.py:171} INFO - Processing /home/airflow/.local/lib/python3.7/site-packages/airflow/example_dags/example_trigger_target_dag.py took 0.075 seconds
[2022-08-09 08:10:48,400] {processor.py:163} INFO - Started process (PID=862) to work on /home/airflow/.local/lib/python3.7/site-packages/airflow/example_dags/example_trigger_target_dag.py
[2022-08-09 08:10:48,402] {processor.py:642} INFO - Processing file /home/airflow/.local/lib/python3.7/site-packages/airflow/example_dags/example_trigger_target_dag.py for tasks to queue
[2022-08-09 08:10:48,404] {logging_mixin.py:109} INFO - [2022-08-09 08:10:48,403] {dagbag.py:500} INFO - Filling up the DagBag from /home/airflow/.local/lib/python3.7/site-packages/airflow/example_dags/example_trigger_target_dag.py
[2022-08-09 08:10:48,442] {processor.py:654} INFO - DAG(s) dict_keys(['example_trigger_target_dag']) retrieved from /home/airflow/.local/lib/python3.7/site-packages/airflow/example_dags/example_trigger_target_dag.py
[2022-08-09 08:10:48,457] {logging_mixin.py:109} INFO - [2022-08-09 08:10:48,456] {dag.py:2396} INFO - Sync 1 DAGs
[2022-08-09 08:10:48,475] {logging_mixin.py:109} INFO - [2022-08-09 08:10:48,475] {dag.py:2935} INFO - Setting next_dagrun for example_trigger_target_dag to None
[2022-08-09 08:10:48,488] {processor.py:171} INFO - Processing /home/airflow/.local/lib/python3.7/site-packages/airflow/example_dags/example_trigger_target_dag.py took 0.092 seconds
[2022-08-09 08:11:19,349] {processor.py:163} INFO - Started process (PID=932) to work on /home/airflow/.local/lib/python3.7/site-packages/airflow/example_dags/example_trigger_target_dag.py
[2022-08-09 08:11:19,352] {processor.py:642} INFO - Processing file /home/airflow/.local/lib/python3.7/site-packages/airflow/example_dags/example_trigger_target_dag.py for tasks to queue
[2022-08-09 08:11:19,353] {logging_mixin.py:109} INFO - [2022-08-09 08:11:19,353] {dagbag.py:500} INFO - Filling up the DagBag from /home/airflow/.local/lib/python3.7/site-packages/airflow/example_dags/example_trigger_target_dag.py
[2022-08-09 08:11:19,394] {processor.py:654} INFO - DAG(s) dict_keys(['example_trigger_target_dag']) retrieved from /home/airflow/.local/lib/python3.7/site-packages/airflow/example_dags/example_trigger_target_dag.py
[2022-08-09 08:11:19,407] {logging_mixin.py:109} INFO - [2022-08-09 08:11:19,407] {dag.py:2396} INFO - Sync 1 DAGs
[2022-08-09 08:11:19,427] {logging_mixin.py:109} INFO - [2022-08-09 08:11:19,427] {dag.py:2935} INFO - Setting next_dagrun for example_trigger_target_dag to None
[2022-08-09 08:11:19,438] {processor.py:171} INFO - Processing /home/airflow/.local/lib/python3.7/site-packages/airflow/example_dags/example_trigger_target_dag.py took 0.092 seconds
[2022-08-09 08:11:49,858] {processor.py:163} INFO - Started process (PID=992) to work on /home/airflow/.local/lib/python3.7/site-packages/airflow/example_dags/example_trigger_target_dag.py
[2022-08-09 08:11:49,860] {processor.py:642} INFO - Processing file /home/airflow/.local/lib/python3.7/site-packages/airflow/example_dags/example_trigger_target_dag.py for tasks to queue
[2022-08-09 08:11:49,862] {logging_mixin.py:109} INFO - [2022-08-09 08:11:49,862] {dagbag.py:500} INFO - Filling up the DagBag from /home/airflow/.local/lib/python3.7/site-packages/airflow/example_dags/example_trigger_target_dag.py
[2022-08-09 08:11:49,901] {processor.py:654} INFO - DAG(s) dict_keys(['example_trigger_target_dag']) retrieved from /home/airflow/.local/lib/python3.7/site-packages/airflow/example_dags/example_trigger_target_dag.py
[2022-08-09 08:11:49,912] {logging_mixin.py:109} INFO - [2022-08-09 08:11:49,912] {dag.py:2396} INFO - Sync 1 DAGs
[2022-08-09 08:11:49,929] {logging_mixin.py:109} INFO - [2022-08-09 08:11:49,928] {dag.py:2935} INFO - Setting next_dagrun for example_trigger_target_dag to None
[2022-08-09 08:11:49,939] {processor.py:171} INFO - Processing /home/airflow/.local/lib/python3.7/site-packages/airflow/example_dags/example_trigger_target_dag.py took 0.085 seconds
[2022-08-09 08:12:20,721] {processor.py:163} INFO - Started process (PID=1062) to work on /home/airflow/.local/lib/python3.7/site-packages/airflow/example_dags/example_trigger_target_dag.py
[2022-08-09 08:12:20,724] {processor.py:642} INFO - Processing file /home/airflow/.local/lib/python3.7/site-packages/airflow/example_dags/example_trigger_target_dag.py for tasks to queue
[2022-08-09 08:12:20,726] {logging_mixin.py:109} INFO - [2022-08-09 08:12:20,725] {dagbag.py:500} INFO - Filling up the DagBag from /home/airflow/.local/lib/python3.7/site-packages/airflow/example_dags/example_trigger_target_dag.py
[2022-08-09 08:12:20,762] {processor.py:654} INFO - DAG(s) dict_keys(['example_trigger_target_dag']) retrieved from /home/airflow/.local/lib/python3.7/site-packages/airflow/example_dags/example_trigger_target_dag.py
[2022-08-09 08:12:20,779] {logging_mixin.py:109} INFO - [2022-08-09 08:12:20,779] {dag.py:2396} INFO - Sync 1 DAGs
[2022-08-09 08:12:20,804] {logging_mixin.py:109} INFO - [2022-08-09 08:12:20,803] {dag.py:2935} INFO - Setting next_dagrun for example_trigger_target_dag to None
[2022-08-09 08:12:20,815] {processor.py:171} INFO - Processing /home/airflow/.local/lib/python3.7/site-packages/airflow/example_dags/example_trigger_target_dag.py took 0.097 seconds
[2022-08-09 08:12:51,385] {processor.py:163} INFO - Started process (PID=1122) to work on /home/airflow/.local/lib/python3.7/site-packages/airflow/example_dags/example_trigger_target_dag.py
[2022-08-09 08:12:51,387] {processor.py:642} INFO - Processing file /home/airflow/.local/lib/python3.7/site-packages/airflow/example_dags/example_trigger_target_dag.py for tasks to queue
[2022-08-09 08:12:51,388] {logging_mixin.py:109} INFO - [2022-08-09 08:12:51,388] {dagbag.py:500} INFO - Filling up the DagBag from /home/airflow/.local/lib/python3.7/site-packages/airflow/example_dags/example_trigger_target_dag.py
[2022-08-09 08:12:51,426] {processor.py:654} INFO - DAG(s) dict_keys(['example_trigger_target_dag']) retrieved from /home/airflow/.local/lib/python3.7/site-packages/airflow/example_dags/example_trigger_target_dag.py
[2022-08-09 08:12:51,437] {logging_mixin.py:109} INFO - [2022-08-09 08:12:51,436] {dag.py:2396} INFO - Sync 1 DAGs
[2022-08-09 08:12:51,455] {logging_mixin.py:109} INFO - [2022-08-09 08:12:51,455] {dag.py:2935} INFO - Setting next_dagrun for example_trigger_target_dag to None
[2022-08-09 08:12:51,467] {processor.py:171} INFO - Processing /home/airflow/.local/lib/python3.7/site-packages/airflow/example_dags/example_trigger_target_dag.py took 0.086 seconds
[2022-08-09 08:13:22,317] {processor.py:163} INFO - Started process (PID=1192) to work on /home/airflow/.local/lib/python3.7/site-packages/airflow/example_dags/example_trigger_target_dag.py
[2022-08-09 08:13:22,326] {processor.py:642} INFO - Processing file /home/airflow/.local/lib/python3.7/site-packages/airflow/example_dags/example_trigger_target_dag.py for tasks to queue
[2022-08-09 08:13:22,330] {logging_mixin.py:109} INFO - [2022-08-09 08:13:22,330] {dagbag.py:500} INFO - Filling up the DagBag from /home/airflow/.local/lib/python3.7/site-packages/airflow/example_dags/example_trigger_target_dag.py
[2022-08-09 08:13:22,396] {processor.py:654} INFO - DAG(s) dict_keys(['example_trigger_target_dag']) retrieved from /home/airflow/.local/lib/python3.7/site-packages/airflow/example_dags/example_trigger_target_dag.py
[2022-08-09 08:13:22,418] {logging_mixin.py:109} INFO - [2022-08-09 08:13:22,418] {dag.py:2396} INFO - Sync 1 DAGs
[2022-08-09 08:13:22,446] {logging_mixin.py:109} INFO - [2022-08-09 08:13:22,446] {dag.py:2935} INFO - Setting next_dagrun for example_trigger_target_dag to None
[2022-08-09 08:13:22,459] {processor.py:171} INFO - Processing /home/airflow/.local/lib/python3.7/site-packages/airflow/example_dags/example_trigger_target_dag.py took 0.165 seconds
[2022-08-09 08:13:52,990] {processor.py:163} INFO - Started process (PID=1253) to work on /home/airflow/.local/lib/python3.7/site-packages/airflow/example_dags/example_trigger_target_dag.py
[2022-08-09 08:13:52,992] {processor.py:642} INFO - Processing file /home/airflow/.local/lib/python3.7/site-packages/airflow/example_dags/example_trigger_target_dag.py for tasks to queue
[2022-08-09 08:13:52,993] {logging_mixin.py:109} INFO - [2022-08-09 08:13:52,993] {dagbag.py:500} INFO - Filling up the DagBag from /home/airflow/.local/lib/python3.7/site-packages/airflow/example_dags/example_trigger_target_dag.py
[2022-08-09 08:13:53,037] {processor.py:654} INFO - DAG(s) dict_keys(['example_trigger_target_dag']) retrieved from /home/airflow/.local/lib/python3.7/site-packages/airflow/example_dags/example_trigger_target_dag.py
[2022-08-09 08:13:53,049] {logging_mixin.py:109} INFO - [2022-08-09 08:13:53,049] {dag.py:2396} INFO - Sync 1 DAGs
[2022-08-09 08:13:53,067] {logging_mixin.py:109} INFO - [2022-08-09 08:13:53,067] {dag.py:2935} INFO - Setting next_dagrun for example_trigger_target_dag to None
[2022-08-09 08:13:53,079] {processor.py:171} INFO - Processing /home/airflow/.local/lib/python3.7/site-packages/airflow/example_dags/example_trigger_target_dag.py took 0.092 seconds
[2022-08-09 08:14:24,025] {processor.py:163} INFO - Started process (PID=1322) to work on /home/airflow/.local/lib/python3.7/site-packages/airflow/example_dags/example_trigger_target_dag.py
[2022-08-09 08:14:24,028] {processor.py:642} INFO - Processing file /home/airflow/.local/lib/python3.7/site-packages/airflow/example_dags/example_trigger_target_dag.py for tasks to queue
[2022-08-09 08:14:24,031] {logging_mixin.py:109} INFO - [2022-08-09 08:14:24,031] {dagbag.py:500} INFO - Filling up the DagBag from /home/airflow/.local/lib/python3.7/site-packages/airflow/example_dags/example_trigger_target_dag.py
[2022-08-09 08:14:24,072] {processor.py:654} INFO - DAG(s) dict_keys(['example_trigger_target_dag']) retrieved from /home/airflow/.local/lib/python3.7/site-packages/airflow/example_dags/example_trigger_target_dag.py
[2022-08-09 08:14:24,089] {logging_mixin.py:109} INFO - [2022-08-09 08:14:24,089] {dag.py:2396} INFO - Sync 1 DAGs
[2022-08-09 08:14:24,113] {logging_mixin.py:109} INFO - [2022-08-09 08:14:24,113] {dag.py:2935} INFO - Setting next_dagrun for example_trigger_target_dag to None
[2022-08-09 08:14:24,131] {processor.py:171} INFO - Processing /home/airflow/.local/lib/python3.7/site-packages/airflow/example_dags/example_trigger_target_dag.py took 0.111 seconds
[2022-08-09 08:14:54,587] {processor.py:163} INFO - Started process (PID=1381) to work on /home/airflow/.local/lib/python3.7/site-packages/airflow/example_dags/example_trigger_target_dag.py
[2022-08-09 08:14:54,593] {processor.py:642} INFO - Processing file /home/airflow/.local/lib/python3.7/site-packages/airflow/example_dags/example_trigger_target_dag.py for tasks to queue
[2022-08-09 08:14:54,595] {logging_mixin.py:109} INFO - [2022-08-09 08:14:54,595] {dagbag.py:500} INFO - Filling up the DagBag from /home/airflow/.local/lib/python3.7/site-packages/airflow/example_dags/example_trigger_target_dag.py
[2022-08-09 08:14:54,693] {processor.py:654} INFO - DAG(s) dict_keys(['example_trigger_target_dag']) retrieved from /home/airflow/.local/lib/python3.7/site-packages/airflow/example_dags/example_trigger_target_dag.py
[2022-08-09 08:14:54,708] {logging_mixin.py:109} INFO - [2022-08-09 08:14:54,708] {dag.py:2396} INFO - Sync 1 DAGs
[2022-08-09 08:14:54,731] {logging_mixin.py:109} INFO - [2022-08-09 08:14:54,731] {dag.py:2935} INFO - Setting next_dagrun for example_trigger_target_dag to None
[2022-08-09 08:14:54,747] {processor.py:171} INFO - Processing /home/airflow/.local/lib/python3.7/site-packages/airflow/example_dags/example_trigger_target_dag.py took 0.167 seconds
[2022-08-09 08:15:24,864] {processor.py:163} INFO - Started process (PID=1447) to work on /home/airflow/.local/lib/python3.7/site-packages/airflow/example_dags/example_trigger_target_dag.py
[2022-08-09 08:15:24,870] {processor.py:642} INFO - Processing file /home/airflow/.local/lib/python3.7/site-packages/airflow/example_dags/example_trigger_target_dag.py for tasks to queue
[2022-08-09 08:15:24,872] {logging_mixin.py:109} INFO - [2022-08-09 08:15:24,872] {dagbag.py:500} INFO - Filling up the DagBag from /home/airflow/.local/lib/python3.7/site-packages/airflow/example_dags/example_trigger_target_dag.py
[2022-08-09 08:15:24,925] {processor.py:654} INFO - DAG(s) dict_keys(['example_trigger_target_dag']) retrieved from /home/airflow/.local/lib/python3.7/site-packages/airflow/example_dags/example_trigger_target_dag.py
[2022-08-09 08:15:24,941] {logging_mixin.py:109} INFO - [2022-08-09 08:15:24,941] {dag.py:2396} INFO - Sync 1 DAGs
[2022-08-09 08:15:24,966] {logging_mixin.py:109} INFO - [2022-08-09 08:15:24,965] {dag.py:2935} INFO - Setting next_dagrun for example_trigger_target_dag to None
[2022-08-09 08:15:24,980] {processor.py:171} INFO - Processing /home/airflow/.local/lib/python3.7/site-packages/airflow/example_dags/example_trigger_target_dag.py took 0.120 seconds
[2022-08-09 08:15:55,048] {processor.py:163} INFO - Started process (PID=1507) to work on /home/airflow/.local/lib/python3.7/site-packages/airflow/example_dags/example_trigger_target_dag.py
[2022-08-09 08:15:55,050] {processor.py:642} INFO - Processing file /home/airflow/.local/lib/python3.7/site-packages/airflow/example_dags/example_trigger_target_dag.py for tasks to queue
[2022-08-09 08:15:55,052] {logging_mixin.py:109} INFO - [2022-08-09 08:15:55,052] {dagbag.py:500} INFO - Filling up the DagBag from /home/airflow/.local/lib/python3.7/site-packages/airflow/example_dags/example_trigger_target_dag.py
[2022-08-09 08:15:55,097] {processor.py:654} INFO - DAG(s) dict_keys(['example_trigger_target_dag']) retrieved from /home/airflow/.local/lib/python3.7/site-packages/airflow/example_dags/example_trigger_target_dag.py
[2022-08-09 08:15:55,110] {logging_mixin.py:109} INFO - [2022-08-09 08:15:55,110] {dag.py:2396} INFO - Sync 1 DAGs
[2022-08-09 08:15:55,129] {logging_mixin.py:109} INFO - [2022-08-09 08:15:55,129] {dag.py:2935} INFO - Setting next_dagrun for example_trigger_target_dag to None
[2022-08-09 08:15:55,144] {processor.py:171} INFO - Processing /home/airflow/.local/lib/python3.7/site-packages/airflow/example_dags/example_trigger_target_dag.py took 0.100 seconds
[2022-08-09 08:16:25,423] {processor.py:163} INFO - Started process (PID=1566) to work on /home/airflow/.local/lib/python3.7/site-packages/airflow/example_dags/example_trigger_target_dag.py
[2022-08-09 08:16:25,426] {processor.py:642} INFO - Processing file /home/airflow/.local/lib/python3.7/site-packages/airflow/example_dags/example_trigger_target_dag.py for tasks to queue
[2022-08-09 08:16:25,427] {logging_mixin.py:109} INFO - [2022-08-09 08:16:25,427] {dagbag.py:500} INFO - Filling up the DagBag from /home/airflow/.local/lib/python3.7/site-packages/airflow/example_dags/example_trigger_target_dag.py
[2022-08-09 08:16:25,464] {processor.py:654} INFO - DAG(s) dict_keys(['example_trigger_target_dag']) retrieved from /home/airflow/.local/lib/python3.7/site-packages/airflow/example_dags/example_trigger_target_dag.py
[2022-08-09 08:16:25,476] {logging_mixin.py:109} INFO - [2022-08-09 08:16:25,476] {dag.py:2396} INFO - Sync 1 DAGs
[2022-08-09 08:16:25,496] {logging_mixin.py:109} INFO - [2022-08-09 08:16:25,496] {dag.py:2935} INFO - Setting next_dagrun for example_trigger_target_dag to None
[2022-08-09 08:16:25,511] {processor.py:171} INFO - Processing /home/airflow/.local/lib/python3.7/site-packages/airflow/example_dags/example_trigger_target_dag.py took 0.092 seconds
[2022-08-09 08:16:56,180] {processor.py:163} INFO - Started process (PID=1635) to work on /home/airflow/.local/lib/python3.7/site-packages/airflow/example_dags/example_trigger_target_dag.py
[2022-08-09 08:16:56,183] {processor.py:642} INFO - Processing file /home/airflow/.local/lib/python3.7/site-packages/airflow/example_dags/example_trigger_target_dag.py for tasks to queue
[2022-08-09 08:16:56,186] {logging_mixin.py:109} INFO - [2022-08-09 08:16:56,186] {dagbag.py:500} INFO - Filling up the DagBag from /home/airflow/.local/lib/python3.7/site-packages/airflow/example_dags/example_trigger_target_dag.py
[2022-08-09 08:16:56,225] {processor.py:654} INFO - DAG(s) dict_keys(['example_trigger_target_dag']) retrieved from /home/airflow/.local/lib/python3.7/site-packages/airflow/example_dags/example_trigger_target_dag.py
[2022-08-09 08:16:56,239] {logging_mixin.py:109} INFO - [2022-08-09 08:16:56,239] {dag.py:2396} INFO - Sync 1 DAGs
[2022-08-09 08:16:56,256] {logging_mixin.py:109} INFO - [2022-08-09 08:16:56,256] {dag.py:2935} INFO - Setting next_dagrun for example_trigger_target_dag to None
[2022-08-09 08:16:56,267] {processor.py:171} INFO - Processing /home/airflow/.local/lib/python3.7/site-packages/airflow/example_dags/example_trigger_target_dag.py took 0.092 seconds
[2022-08-09 08:17:26,409] {processor.py:163} INFO - Started process (PID=1695) to work on /home/airflow/.local/lib/python3.7/site-packages/airflow/example_dags/example_trigger_target_dag.py
[2022-08-09 08:17:26,411] {processor.py:642} INFO - Processing file /home/airflow/.local/lib/python3.7/site-packages/airflow/example_dags/example_trigger_target_dag.py for tasks to queue
[2022-08-09 08:17:26,412] {logging_mixin.py:109} INFO - [2022-08-09 08:17:26,412] {dagbag.py:500} INFO - Filling up the DagBag from /home/airflow/.local/lib/python3.7/site-packages/airflow/example_dags/example_trigger_target_dag.py
[2022-08-09 08:17:26,448] {processor.py:654} INFO - DAG(s) dict_keys(['example_trigger_target_dag']) retrieved from /home/airflow/.local/lib/python3.7/site-packages/airflow/example_dags/example_trigger_target_dag.py
[2022-08-09 08:17:26,459] {logging_mixin.py:109} INFO - [2022-08-09 08:17:26,459] {dag.py:2396} INFO - Sync 1 DAGs
[2022-08-09 08:17:26,479] {logging_mixin.py:109} INFO - [2022-08-09 08:17:26,478] {dag.py:2935} INFO - Setting next_dagrun for example_trigger_target_dag to None
[2022-08-09 08:17:26,493] {processor.py:171} INFO - Processing /home/airflow/.local/lib/python3.7/site-packages/airflow/example_dags/example_trigger_target_dag.py took 0.088 seconds
[2022-08-09 08:17:56,998] {processor.py:163} INFO - Started process (PID=1764) to work on /home/airflow/.local/lib/python3.7/site-packages/airflow/example_dags/example_trigger_target_dag.py
[2022-08-09 08:17:57,001] {processor.py:642} INFO - Processing file /home/airflow/.local/lib/python3.7/site-packages/airflow/example_dags/example_trigger_target_dag.py for tasks to queue
[2022-08-09 08:17:57,003] {logging_mixin.py:109} INFO - [2022-08-09 08:17:57,003] {dagbag.py:500} INFO - Filling up the DagBag from /home/airflow/.local/lib/python3.7/site-packages/airflow/example_dags/example_trigger_target_dag.py
[2022-08-09 08:17:57,047] {processor.py:654} INFO - DAG(s) dict_keys(['example_trigger_target_dag']) retrieved from /home/airflow/.local/lib/python3.7/site-packages/airflow/example_dags/example_trigger_target_dag.py
[2022-08-09 08:17:57,071] {logging_mixin.py:109} INFO - [2022-08-09 08:17:57,071] {dag.py:2396} INFO - Sync 1 DAGs
[2022-08-09 08:17:57,103] {logging_mixin.py:109} INFO - [2022-08-09 08:17:57,103] {dag.py:2935} INFO - Setting next_dagrun for example_trigger_target_dag to None
[2022-08-09 08:17:57,214] {processor.py:171} INFO - Processing /home/airflow/.local/lib/python3.7/site-packages/airflow/example_dags/example_trigger_target_dag.py took 0.224 seconds
[2022-08-09 08:18:27,689] {processor.py:163} INFO - Started process (PID=1824) to work on /home/airflow/.local/lib/python3.7/site-packages/airflow/example_dags/example_trigger_target_dag.py
[2022-08-09 08:18:27,692] {processor.py:642} INFO - Processing file /home/airflow/.local/lib/python3.7/site-packages/airflow/example_dags/example_trigger_target_dag.py for tasks to queue
[2022-08-09 08:18:27,693] {logging_mixin.py:109} INFO - [2022-08-09 08:18:27,693] {dagbag.py:500} INFO - Filling up the DagBag from /home/airflow/.local/lib/python3.7/site-packages/airflow/example_dags/example_trigger_target_dag.py
[2022-08-09 08:18:27,730] {processor.py:654} INFO - DAG(s) dict_keys(['example_trigger_target_dag']) retrieved from /home/airflow/.local/lib/python3.7/site-packages/airflow/example_dags/example_trigger_target_dag.py
[2022-08-09 08:18:27,742] {logging_mixin.py:109} INFO - [2022-08-09 08:18:27,742] {dag.py:2396} INFO - Sync 1 DAGs
[2022-08-09 08:18:27,843] {logging_mixin.py:109} INFO - [2022-08-09 08:18:27,843] {dag.py:2935} INFO - Setting next_dagrun for example_trigger_target_dag to None
[2022-08-09 08:18:27,856] {processor.py:171} INFO - Processing /home/airflow/.local/lib/python3.7/site-packages/airflow/example_dags/example_trigger_target_dag.py took 0.171 seconds
[2022-08-09 08:18:58,359] {processor.py:163} INFO - Started process (PID=1893) to work on /home/airflow/.local/lib/python3.7/site-packages/airflow/example_dags/example_trigger_target_dag.py
[2022-08-09 08:18:58,361] {processor.py:642} INFO - Processing file /home/airflow/.local/lib/python3.7/site-packages/airflow/example_dags/example_trigger_target_dag.py for tasks to queue
[2022-08-09 08:18:58,363] {logging_mixin.py:109} INFO - [2022-08-09 08:18:58,363] {dagbag.py:500} INFO - Filling up the DagBag from /home/airflow/.local/lib/python3.7/site-packages/airflow/example_dags/example_trigger_target_dag.py
[2022-08-09 08:18:58,397] {processor.py:654} INFO - DAG(s) dict_keys(['example_trigger_target_dag']) retrieved from /home/airflow/.local/lib/python3.7/site-packages/airflow/example_dags/example_trigger_target_dag.py
[2022-08-09 08:18:58,410] {logging_mixin.py:109} INFO - [2022-08-09 08:18:58,410] {dag.py:2396} INFO - Sync 1 DAGs
[2022-08-09 08:18:58,510] {logging_mixin.py:109} INFO - [2022-08-09 08:18:58,510] {dag.py:2935} INFO - Setting next_dagrun for example_trigger_target_dag to None
[2022-08-09 08:18:58,521] {processor.py:171} INFO - Processing /home/airflow/.local/lib/python3.7/site-packages/airflow/example_dags/example_trigger_target_dag.py took 0.165 seconds
[2022-08-09 08:19:29,000] {processor.py:163} INFO - Started process (PID=1954) to work on /home/airflow/.local/lib/python3.7/site-packages/airflow/example_dags/example_trigger_target_dag.py
[2022-08-09 08:19:29,002] {processor.py:642} INFO - Processing file /home/airflow/.local/lib/python3.7/site-packages/airflow/example_dags/example_trigger_target_dag.py for tasks to queue
[2022-08-09 08:19:29,004] {logging_mixin.py:109} INFO - [2022-08-09 08:19:29,004] {dagbag.py:500} INFO - Filling up the DagBag from /home/airflow/.local/lib/python3.7/site-packages/airflow/example_dags/example_trigger_target_dag.py
[2022-08-09 08:19:29,040] {processor.py:654} INFO - DAG(s) dict_keys(['example_trigger_target_dag']) retrieved from /home/airflow/.local/lib/python3.7/site-packages/airflow/example_dags/example_trigger_target_dag.py
[2022-08-09 08:19:29,051] {logging_mixin.py:109} INFO - [2022-08-09 08:19:29,051] {dag.py:2396} INFO - Sync 1 DAGs
[2022-08-09 08:19:29,156] {logging_mixin.py:109} INFO - [2022-08-09 08:19:29,156] {dag.py:2935} INFO - Setting next_dagrun for example_trigger_target_dag to None
[2022-08-09 08:19:29,167] {processor.py:171} INFO - Processing /home/airflow/.local/lib/python3.7/site-packages/airflow/example_dags/example_trigger_target_dag.py took 0.170 seconds
[2022-08-09 08:19:59,737] {processor.py:163} INFO - Started process (PID=2023) to work on /home/airflow/.local/lib/python3.7/site-packages/airflow/example_dags/example_trigger_target_dag.py
[2022-08-09 08:19:59,740] {processor.py:642} INFO - Processing file /home/airflow/.local/lib/python3.7/site-packages/airflow/example_dags/example_trigger_target_dag.py for tasks to queue
[2022-08-09 08:19:59,741] {logging_mixin.py:109} INFO - [2022-08-09 08:19:59,741] {dagbag.py:500} INFO - Filling up the DagBag from /home/airflow/.local/lib/python3.7/site-packages/airflow/example_dags/example_trigger_target_dag.py
[2022-08-09 08:19:59,779] {processor.py:654} INFO - DAG(s) dict_keys(['example_trigger_target_dag']) retrieved from /home/airflow/.local/lib/python3.7/site-packages/airflow/example_dags/example_trigger_target_dag.py
[2022-08-09 08:19:59,881] {logging_mixin.py:109} INFO - [2022-08-09 08:19:59,881] {dag.py:2396} INFO - Sync 1 DAGs
[2022-08-09 08:19:59,897] {logging_mixin.py:109} INFO - [2022-08-09 08:19:59,897] {dag.py:2935} INFO - Setting next_dagrun for example_trigger_target_dag to None
[2022-08-09 08:19:59,909] {processor.py:171} INFO - Processing /home/airflow/.local/lib/python3.7/site-packages/airflow/example_dags/example_trigger_target_dag.py took 0.175 seconds
[2022-08-09 08:20:30,441] {processor.py:163} INFO - Started process (PID=2083) to work on /home/airflow/.local/lib/python3.7/site-packages/airflow/example_dags/example_trigger_target_dag.py
[2022-08-09 08:20:30,443] {processor.py:642} INFO - Processing file /home/airflow/.local/lib/python3.7/site-packages/airflow/example_dags/example_trigger_target_dag.py for tasks to queue
[2022-08-09 08:20:30,445] {logging_mixin.py:109} INFO - [2022-08-09 08:20:30,445] {dagbag.py:500} INFO - Filling up the DagBag from /home/airflow/.local/lib/python3.7/site-packages/airflow/example_dags/example_trigger_target_dag.py
[2022-08-09 08:20:30,599] {processor.py:654} INFO - DAG(s) dict_keys(['example_trigger_target_dag']) retrieved from /home/airflow/.local/lib/python3.7/site-packages/airflow/example_dags/example_trigger_target_dag.py
[2022-08-09 08:20:30,608] {logging_mixin.py:109} INFO - [2022-08-09 08:20:30,608] {dag.py:2396} INFO - Sync 1 DAGs
[2022-08-09 08:20:30,625] {logging_mixin.py:109} INFO - [2022-08-09 08:20:30,625] {dag.py:2935} INFO - Setting next_dagrun for example_trigger_target_dag to None
[2022-08-09 08:20:30,637] {processor.py:171} INFO - Processing /home/airflow/.local/lib/python3.7/site-packages/airflow/example_dags/example_trigger_target_dag.py took 0.200 seconds
[2022-08-09 08:21:00,886] {processor.py:163} INFO - Started process (PID=2153) to work on /home/airflow/.local/lib/python3.7/site-packages/airflow/example_dags/example_trigger_target_dag.py
[2022-08-09 08:21:00,888] {processor.py:642} INFO - Processing file /home/airflow/.local/lib/python3.7/site-packages/airflow/example_dags/example_trigger_target_dag.py for tasks to queue
[2022-08-09 08:21:00,890] {logging_mixin.py:109} INFO - [2022-08-09 08:21:00,890] {dagbag.py:500} INFO - Filling up the DagBag from /home/airflow/.local/lib/python3.7/site-packages/airflow/example_dags/example_trigger_target_dag.py
[2022-08-09 08:21:01,019] {processor.py:654} INFO - DAG(s) dict_keys(['example_trigger_target_dag']) retrieved from /home/airflow/.local/lib/python3.7/site-packages/airflow/example_dags/example_trigger_target_dag.py
[2022-08-09 08:21:01,032] {logging_mixin.py:109} INFO - [2022-08-09 08:21:01,032] {dag.py:2396} INFO - Sync 1 DAGs
[2022-08-09 08:21:01,058] {logging_mixin.py:109} INFO - [2022-08-09 08:21:01,058] {dag.py:2935} INFO - Setting next_dagrun for example_trigger_target_dag to None
[2022-08-09 08:21:01,071] {processor.py:171} INFO - Processing /home/airflow/.local/lib/python3.7/site-packages/airflow/example_dags/example_trigger_target_dag.py took 0.190 seconds
[2022-08-09 08:21:31,436] {processor.py:163} INFO - Started process (PID=2214) to work on /home/airflow/.local/lib/python3.7/site-packages/airflow/example_dags/example_trigger_target_dag.py
[2022-08-09 08:21:31,439] {processor.py:642} INFO - Processing file /home/airflow/.local/lib/python3.7/site-packages/airflow/example_dags/example_trigger_target_dag.py for tasks to queue
[2022-08-09 08:21:31,441] {logging_mixin.py:109} INFO - [2022-08-09 08:21:31,441] {dagbag.py:500} INFO - Filling up the DagBag from /home/airflow/.local/lib/python3.7/site-packages/airflow/example_dags/example_trigger_target_dag.py
[2022-08-09 08:21:31,567] {processor.py:654} INFO - DAG(s) dict_keys(['example_trigger_target_dag']) retrieved from /home/airflow/.local/lib/python3.7/site-packages/airflow/example_dags/example_trigger_target_dag.py
[2022-08-09 08:21:31,578] {logging_mixin.py:109} INFO - [2022-08-09 08:21:31,578] {dag.py:2396} INFO - Sync 1 DAGs
[2022-08-09 08:21:31,593] {logging_mixin.py:109} INFO - [2022-08-09 08:21:31,593] {dag.py:2935} INFO - Setting next_dagrun for example_trigger_target_dag to None
[2022-08-09 08:21:31,604] {processor.py:171} INFO - Processing /home/airflow/.local/lib/python3.7/site-packages/airflow/example_dags/example_trigger_target_dag.py took 0.172 seconds
[2022-08-09 08:22:02,423] {processor.py:163} INFO - Started process (PID=2282) to work on /home/airflow/.local/lib/python3.7/site-packages/airflow/example_dags/example_trigger_target_dag.py
[2022-08-09 08:22:02,426] {processor.py:642} INFO - Processing file /home/airflow/.local/lib/python3.7/site-packages/airflow/example_dags/example_trigger_target_dag.py for tasks to queue
[2022-08-09 08:22:02,429] {logging_mixin.py:109} INFO - [2022-08-09 08:22:02,428] {dagbag.py:500} INFO - Filling up the DagBag from /home/airflow/.local/lib/python3.7/site-packages/airflow/example_dags/example_trigger_target_dag.py
[2022-08-09 08:22:02,592] {processor.py:654} INFO - DAG(s) dict_keys(['example_trigger_target_dag']) retrieved from /home/airflow/.local/lib/python3.7/site-packages/airflow/example_dags/example_trigger_target_dag.py
[2022-08-09 08:22:02,603] {logging_mixin.py:109} INFO - [2022-08-09 08:22:02,603] {dag.py:2396} INFO - Sync 1 DAGs
[2022-08-09 08:22:02,627] {logging_mixin.py:109} INFO - [2022-08-09 08:22:02,626] {dag.py:2935} INFO - Setting next_dagrun for example_trigger_target_dag to None
[2022-08-09 08:22:02,644] {processor.py:171} INFO - Processing /home/airflow/.local/lib/python3.7/site-packages/airflow/example_dags/example_trigger_target_dag.py took 0.225 seconds
[2022-08-09 08:22:33,012] {processor.py:163} INFO - Started process (PID=2342) to work on /home/airflow/.local/lib/python3.7/site-packages/airflow/example_dags/example_trigger_target_dag.py
[2022-08-09 08:22:33,014] {processor.py:642} INFO - Processing file /home/airflow/.local/lib/python3.7/site-packages/airflow/example_dags/example_trigger_target_dag.py for tasks to queue
[2022-08-09 08:22:33,016] {logging_mixin.py:109} INFO - [2022-08-09 08:22:33,016] {dagbag.py:500} INFO - Filling up the DagBag from /home/airflow/.local/lib/python3.7/site-packages/airflow/example_dags/example_trigger_target_dag.py
[2022-08-09 08:22:33,147] {processor.py:654} INFO - DAG(s) dict_keys(['example_trigger_target_dag']) retrieved from /home/airflow/.local/lib/python3.7/site-packages/airflow/example_dags/example_trigger_target_dag.py
[2022-08-09 08:22:33,157] {logging_mixin.py:109} INFO - [2022-08-09 08:22:33,157] {dag.py:2396} INFO - Sync 1 DAGs
[2022-08-09 08:22:33,177] {logging_mixin.py:109} INFO - [2022-08-09 08:22:33,176] {dag.py:2935} INFO - Setting next_dagrun for example_trigger_target_dag to None
[2022-08-09 08:22:33,186] {processor.py:171} INFO - Processing /home/airflow/.local/lib/python3.7/site-packages/airflow/example_dags/example_trigger_target_dag.py took 0.179 seconds
[2022-08-09 08:23:03,951] {processor.py:163} INFO - Started process (PID=2412) to work on /home/airflow/.local/lib/python3.7/site-packages/airflow/example_dags/example_trigger_target_dag.py
[2022-08-09 08:23:03,953] {processor.py:642} INFO - Processing file /home/airflow/.local/lib/python3.7/site-packages/airflow/example_dags/example_trigger_target_dag.py for tasks to queue
[2022-08-09 08:23:03,955] {logging_mixin.py:109} INFO - [2022-08-09 08:23:03,955] {dagbag.py:500} INFO - Filling up the DagBag from /home/airflow/.local/lib/python3.7/site-packages/airflow/example_dags/example_trigger_target_dag.py
[2022-08-09 08:23:04,007] {processor.py:654} INFO - DAG(s) dict_keys(['example_trigger_target_dag']) retrieved from /home/airflow/.local/lib/python3.7/site-packages/airflow/example_dags/example_trigger_target_dag.py
[2022-08-09 08:23:04,019] {logging_mixin.py:109} INFO - [2022-08-09 08:23:04,019] {dag.py:2396} INFO - Sync 1 DAGs
[2022-08-09 08:23:04,042] {logging_mixin.py:109} INFO - [2022-08-09 08:23:04,042] {dag.py:2935} INFO - Setting next_dagrun for example_trigger_target_dag to None
[2022-08-09 08:23:04,059] {processor.py:171} INFO - Processing /home/airflow/.local/lib/python3.7/site-packages/airflow/example_dags/example_trigger_target_dag.py took 0.111 seconds
[2022-08-09 08:23:34,401] {processor.py:163} INFO - Started process (PID=2473) to work on /home/airflow/.local/lib/python3.7/site-packages/airflow/example_dags/example_trigger_target_dag.py
[2022-08-09 08:23:34,403] {processor.py:642} INFO - Processing file /home/airflow/.local/lib/python3.7/site-packages/airflow/example_dags/example_trigger_target_dag.py for tasks to queue
[2022-08-09 08:23:34,405] {logging_mixin.py:109} INFO - [2022-08-09 08:23:34,405] {dagbag.py:500} INFO - Filling up the DagBag from /home/airflow/.local/lib/python3.7/site-packages/airflow/example_dags/example_trigger_target_dag.py
[2022-08-09 08:23:34,440] {processor.py:654} INFO - DAG(s) dict_keys(['example_trigger_target_dag']) retrieved from /home/airflow/.local/lib/python3.7/site-packages/airflow/example_dags/example_trigger_target_dag.py
[2022-08-09 08:23:34,453] {logging_mixin.py:109} INFO - [2022-08-09 08:23:34,452] {dag.py:2396} INFO - Sync 1 DAGs
[2022-08-09 08:23:34,472] {logging_mixin.py:109} INFO - [2022-08-09 08:23:34,472] {dag.py:2935} INFO - Setting next_dagrun for example_trigger_target_dag to None
[2022-08-09 08:23:34,485] {processor.py:171} INFO - Processing /home/airflow/.local/lib/python3.7/site-packages/airflow/example_dags/example_trigger_target_dag.py took 0.087 seconds
[2022-08-09 08:24:04,550] {processor.py:163} INFO - Started process (PID=2542) to work on /home/airflow/.local/lib/python3.7/site-packages/airflow/example_dags/example_trigger_target_dag.py
[2022-08-09 08:24:04,552] {processor.py:642} INFO - Processing file /home/airflow/.local/lib/python3.7/site-packages/airflow/example_dags/example_trigger_target_dag.py for tasks to queue
[2022-08-09 08:24:04,554] {logging_mixin.py:109} INFO - [2022-08-09 08:24:04,554] {dagbag.py:500} INFO - Filling up the DagBag from /home/airflow/.local/lib/python3.7/site-packages/airflow/example_dags/example_trigger_target_dag.py
[2022-08-09 08:24:04,603] {processor.py:654} INFO - DAG(s) dict_keys(['example_trigger_target_dag']) retrieved from /home/airflow/.local/lib/python3.7/site-packages/airflow/example_dags/example_trigger_target_dag.py
[2022-08-09 08:24:04,620] {logging_mixin.py:109} INFO - [2022-08-09 08:24:04,620] {dag.py:2396} INFO - Sync 1 DAGs
[2022-08-09 08:24:04,637] {logging_mixin.py:109} INFO - [2022-08-09 08:24:04,637] {dag.py:2935} INFO - Setting next_dagrun for example_trigger_target_dag to None
[2022-08-09 08:24:04,650] {processor.py:171} INFO - Processing /home/airflow/.local/lib/python3.7/site-packages/airflow/example_dags/example_trigger_target_dag.py took 0.103 seconds
[2022-08-09 08:24:35,189] {processor.py:163} INFO - Started process (PID=2604) to work on /home/airflow/.local/lib/python3.7/site-packages/airflow/example_dags/example_trigger_target_dag.py
[2022-08-09 08:24:35,194] {processor.py:642} INFO - Processing file /home/airflow/.local/lib/python3.7/site-packages/airflow/example_dags/example_trigger_target_dag.py for tasks to queue
[2022-08-09 08:24:35,197] {logging_mixin.py:109} INFO - [2022-08-09 08:24:35,197] {dagbag.py:500} INFO - Filling up the DagBag from /home/airflow/.local/lib/python3.7/site-packages/airflow/example_dags/example_trigger_target_dag.py
[2022-08-09 08:24:35,257] {processor.py:654} INFO - DAG(s) dict_keys(['example_trigger_target_dag']) retrieved from /home/airflow/.local/lib/python3.7/site-packages/airflow/example_dags/example_trigger_target_dag.py
[2022-08-09 08:24:35,268] {logging_mixin.py:109} INFO - [2022-08-09 08:24:35,268] {dag.py:2396} INFO - Sync 1 DAGs
[2022-08-09 08:24:35,291] {logging_mixin.py:109} INFO - [2022-08-09 08:24:35,291] {dag.py:2935} INFO - Setting next_dagrun for example_trigger_target_dag to None
[2022-08-09 08:24:35,303] {processor.py:171} INFO - Processing /home/airflow/.local/lib/python3.7/site-packages/airflow/example_dags/example_trigger_target_dag.py took 0.122 seconds
[2022-08-09 08:25:06,027] {processor.py:163} INFO - Started process (PID=2664) to work on /home/airflow/.local/lib/python3.7/site-packages/airflow/example_dags/example_trigger_target_dag.py
[2022-08-09 08:25:06,031] {processor.py:642} INFO - Processing file /home/airflow/.local/lib/python3.7/site-packages/airflow/example_dags/example_trigger_target_dag.py for tasks to queue
[2022-08-09 08:25:06,035] {logging_mixin.py:109} INFO - [2022-08-09 08:25:06,035] {dagbag.py:500} INFO - Filling up the DagBag from /home/airflow/.local/lib/python3.7/site-packages/airflow/example_dags/example_trigger_target_dag.py
[2022-08-09 08:25:06,082] {processor.py:654} INFO - DAG(s) dict_keys(['example_trigger_target_dag']) retrieved from /home/airflow/.local/lib/python3.7/site-packages/airflow/example_dags/example_trigger_target_dag.py
[2022-08-09 08:25:06,098] {logging_mixin.py:109} INFO - [2022-08-09 08:25:06,098] {dag.py:2396} INFO - Sync 1 DAGs
[2022-08-09 08:25:06,117] {logging_mixin.py:109} INFO - [2022-08-09 08:25:06,117] {dag.py:2935} INFO - Setting next_dagrun for example_trigger_target_dag to None
[2022-08-09 08:25:06,131] {processor.py:171} INFO - Processing /home/airflow/.local/lib/python3.7/site-packages/airflow/example_dags/example_trigger_target_dag.py took 0.107 seconds
[2022-08-09 08:25:36,657] {processor.py:163} INFO - Started process (PID=2734) to work on /home/airflow/.local/lib/python3.7/site-packages/airflow/example_dags/example_trigger_target_dag.py
[2022-08-09 08:25:36,659] {processor.py:642} INFO - Processing file /home/airflow/.local/lib/python3.7/site-packages/airflow/example_dags/example_trigger_target_dag.py for tasks to queue
[2022-08-09 08:25:36,661] {logging_mixin.py:109} INFO - [2022-08-09 08:25:36,661] {dagbag.py:500} INFO - Filling up the DagBag from /home/airflow/.local/lib/python3.7/site-packages/airflow/example_dags/example_trigger_target_dag.py
[2022-08-09 08:25:36,734] {processor.py:654} INFO - DAG(s) dict_keys(['example_trigger_target_dag']) retrieved from /home/airflow/.local/lib/python3.7/site-packages/airflow/example_dags/example_trigger_target_dag.py
[2022-08-09 08:25:36,754] {logging_mixin.py:109} INFO - [2022-08-09 08:25:36,754] {dag.py:2396} INFO - Sync 1 DAGs
[2022-08-09 08:25:36,779] {logging_mixin.py:109} INFO - [2022-08-09 08:25:36,779] {dag.py:2935} INFO - Setting next_dagrun for example_trigger_target_dag to None
[2022-08-09 08:25:36,798] {processor.py:171} INFO - Processing /home/airflow/.local/lib/python3.7/site-packages/airflow/example_dags/example_trigger_target_dag.py took 0.146 seconds
[2022-08-09 08:26:06,912] {processor.py:163} INFO - Started process (PID=2794) to work on /home/airflow/.local/lib/python3.7/site-packages/airflow/example_dags/example_trigger_target_dag.py
[2022-08-09 08:26:06,914] {processor.py:642} INFO - Processing file /home/airflow/.local/lib/python3.7/site-packages/airflow/example_dags/example_trigger_target_dag.py for tasks to queue
[2022-08-09 08:26:06,915] {logging_mixin.py:109} INFO - [2022-08-09 08:26:06,915] {dagbag.py:500} INFO - Filling up the DagBag from /home/airflow/.local/lib/python3.7/site-packages/airflow/example_dags/example_trigger_target_dag.py
[2022-08-09 08:26:06,948] {processor.py:654} INFO - DAG(s) dict_keys(['example_trigger_target_dag']) retrieved from /home/airflow/.local/lib/python3.7/site-packages/airflow/example_dags/example_trigger_target_dag.py
[2022-08-09 08:26:06,959] {logging_mixin.py:109} INFO - [2022-08-09 08:26:06,959] {dag.py:2396} INFO - Sync 1 DAGs
[2022-08-09 08:26:06,975] {logging_mixin.py:109} INFO - [2022-08-09 08:26:06,975] {dag.py:2935} INFO - Setting next_dagrun for example_trigger_target_dag to None
[2022-08-09 08:26:06,984] {processor.py:171} INFO - Processing /home/airflow/.local/lib/python3.7/site-packages/airflow/example_dags/example_trigger_target_dag.py took 0.075 seconds
[2022-08-09 08:26:37,164] {processor.py:163} INFO - Started process (PID=2862) to work on /home/airflow/.local/lib/python3.7/site-packages/airflow/example_dags/example_trigger_target_dag.py
[2022-08-09 08:26:37,168] {processor.py:642} INFO - Processing file /home/airflow/.local/lib/python3.7/site-packages/airflow/example_dags/example_trigger_target_dag.py for tasks to queue
[2022-08-09 08:26:37,170] {logging_mixin.py:109} INFO - [2022-08-09 08:26:37,170] {dagbag.py:500} INFO - Filling up the DagBag from /home/airflow/.local/lib/python3.7/site-packages/airflow/example_dags/example_trigger_target_dag.py
[2022-08-09 08:26:37,237] {processor.py:654} INFO - DAG(s) dict_keys(['example_trigger_target_dag']) retrieved from /home/airflow/.local/lib/python3.7/site-packages/airflow/example_dags/example_trigger_target_dag.py
[2022-08-09 08:26:37,271] {logging_mixin.py:109} INFO - [2022-08-09 08:26:37,270] {dag.py:2396} INFO - Sync 1 DAGs
[2022-08-09 08:26:37,312] {logging_mixin.py:109} INFO - [2022-08-09 08:26:37,312] {dag.py:2935} INFO - Setting next_dagrun for example_trigger_target_dag to None
[2022-08-09 08:26:37,337] {processor.py:171} INFO - Processing /home/airflow/.local/lib/python3.7/site-packages/airflow/example_dags/example_trigger_target_dag.py took 0.178 seconds
[2022-08-09 08:27:07,800] {processor.py:163} INFO - Started process (PID=2923) to work on /home/airflow/.local/lib/python3.7/site-packages/airflow/example_dags/example_trigger_target_dag.py
[2022-08-09 08:27:07,802] {processor.py:642} INFO - Processing file /home/airflow/.local/lib/python3.7/site-packages/airflow/example_dags/example_trigger_target_dag.py for tasks to queue
[2022-08-09 08:27:07,803] {logging_mixin.py:109} INFO - [2022-08-09 08:27:07,803] {dagbag.py:500} INFO - Filling up the DagBag from /home/airflow/.local/lib/python3.7/site-packages/airflow/example_dags/example_trigger_target_dag.py
[2022-08-09 08:27:07,834] {processor.py:654} INFO - DAG(s) dict_keys(['example_trigger_target_dag']) retrieved from /home/airflow/.local/lib/python3.7/site-packages/airflow/example_dags/example_trigger_target_dag.py
[2022-08-09 08:27:07,846] {logging_mixin.py:109} INFO - [2022-08-09 08:27:07,846] {dag.py:2396} INFO - Sync 1 DAGs
[2022-08-09 08:27:07,867] {logging_mixin.py:109} INFO - [2022-08-09 08:27:07,867] {dag.py:2935} INFO - Setting next_dagrun for example_trigger_target_dag to None
[2022-08-09 08:27:07,878] {processor.py:171} INFO - Processing /home/airflow/.local/lib/python3.7/site-packages/airflow/example_dags/example_trigger_target_dag.py took 0.082 seconds
[2022-08-09 08:27:38,092] {processor.py:163} INFO - Started process (PID=2993) to work on /home/airflow/.local/lib/python3.7/site-packages/airflow/example_dags/example_trigger_target_dag.py
[2022-08-09 08:27:38,096] {processor.py:642} INFO - Processing file /home/airflow/.local/lib/python3.7/site-packages/airflow/example_dags/example_trigger_target_dag.py for tasks to queue
[2022-08-09 08:27:38,099] {logging_mixin.py:109} INFO - [2022-08-09 08:27:38,098] {dagbag.py:500} INFO - Filling up the DagBag from /home/airflow/.local/lib/python3.7/site-packages/airflow/example_dags/example_trigger_target_dag.py
[2022-08-09 08:27:38,148] {processor.py:654} INFO - DAG(s) dict_keys(['example_trigger_target_dag']) retrieved from /home/airflow/.local/lib/python3.7/site-packages/airflow/example_dags/example_trigger_target_dag.py
[2022-08-09 08:27:38,165] {logging_mixin.py:109} INFO - [2022-08-09 08:27:38,165] {dag.py:2396} INFO - Sync 1 DAGs
[2022-08-09 08:27:38,196] {logging_mixin.py:109} INFO - [2022-08-09 08:27:38,196] {dag.py:2935} INFO - Setting next_dagrun for example_trigger_target_dag to None
[2022-08-09 08:27:38,211] {processor.py:171} INFO - Processing /home/airflow/.local/lib/python3.7/site-packages/airflow/example_dags/example_trigger_target_dag.py took 0.125 seconds
[2022-08-09 08:28:08,250] {processor.py:163} INFO - Started process (PID=3053) to work on /home/airflow/.local/lib/python3.7/site-packages/airflow/example_dags/example_trigger_target_dag.py
[2022-08-09 08:28:08,252] {processor.py:642} INFO - Processing file /home/airflow/.local/lib/python3.7/site-packages/airflow/example_dags/example_trigger_target_dag.py for tasks to queue
[2022-08-09 08:28:08,254] {logging_mixin.py:109} INFO - [2022-08-09 08:28:08,253] {dagbag.py:500} INFO - Filling up the DagBag from /home/airflow/.local/lib/python3.7/site-packages/airflow/example_dags/example_trigger_target_dag.py
[2022-08-09 08:28:08,290] {processor.py:654} INFO - DAG(s) dict_keys(['example_trigger_target_dag']) retrieved from /home/airflow/.local/lib/python3.7/site-packages/airflow/example_dags/example_trigger_target_dag.py
[2022-08-09 08:28:08,300] {logging_mixin.py:109} INFO - [2022-08-09 08:28:08,300] {dag.py:2396} INFO - Sync 1 DAGs
[2022-08-09 08:28:08,318] {logging_mixin.py:109} INFO - [2022-08-09 08:28:08,318] {dag.py:2935} INFO - Setting next_dagrun for example_trigger_target_dag to None
[2022-08-09 08:28:08,329] {processor.py:171} INFO - Processing /home/airflow/.local/lib/python3.7/site-packages/airflow/example_dags/example_trigger_target_dag.py took 0.082 seconds
[2022-08-09 08:28:38,937] {processor.py:163} INFO - Started process (PID=3122) to work on /home/airflow/.local/lib/python3.7/site-packages/airflow/example_dags/example_trigger_target_dag.py
[2022-08-09 08:28:38,939] {processor.py:642} INFO - Processing file /home/airflow/.local/lib/python3.7/site-packages/airflow/example_dags/example_trigger_target_dag.py for tasks to queue
[2022-08-09 08:28:38,941] {logging_mixin.py:109} INFO - [2022-08-09 08:28:38,941] {dagbag.py:500} INFO - Filling up the DagBag from /home/airflow/.local/lib/python3.7/site-packages/airflow/example_dags/example_trigger_target_dag.py
[2022-08-09 08:28:38,993] {processor.py:654} INFO - DAG(s) dict_keys(['example_trigger_target_dag']) retrieved from /home/airflow/.local/lib/python3.7/site-packages/airflow/example_dags/example_trigger_target_dag.py
[2022-08-09 08:28:39,015] {logging_mixin.py:109} INFO - [2022-08-09 08:28:39,015] {dag.py:2396} INFO - Sync 1 DAGs
[2022-08-09 08:28:39,069] {logging_mixin.py:109} INFO - [2022-08-09 08:28:39,069] {dag.py:2935} INFO - Setting next_dagrun for example_trigger_target_dag to None
[2022-08-09 08:28:39,085] {processor.py:171} INFO - Processing /home/airflow/.local/lib/python3.7/site-packages/airflow/example_dags/example_trigger_target_dag.py took 0.153 seconds
[2022-08-09 08:29:09,514] {processor.py:163} INFO - Started process (PID=3182) to work on /home/airflow/.local/lib/python3.7/site-packages/airflow/example_dags/example_trigger_target_dag.py
[2022-08-09 08:29:09,516] {processor.py:642} INFO - Processing file /home/airflow/.local/lib/python3.7/site-packages/airflow/example_dags/example_trigger_target_dag.py for tasks to queue
[2022-08-09 08:29:09,518] {logging_mixin.py:109} INFO - [2022-08-09 08:29:09,518] {dagbag.py:500} INFO - Filling up the DagBag from /home/airflow/.local/lib/python3.7/site-packages/airflow/example_dags/example_trigger_target_dag.py
[2022-08-09 08:29:09,558] {processor.py:654} INFO - DAG(s) dict_keys(['example_trigger_target_dag']) retrieved from /home/airflow/.local/lib/python3.7/site-packages/airflow/example_dags/example_trigger_target_dag.py
[2022-08-09 08:29:09,568] {logging_mixin.py:109} INFO - [2022-08-09 08:29:09,568] {dag.py:2396} INFO - Sync 1 DAGs
[2022-08-09 08:29:09,589] {logging_mixin.py:109} INFO - [2022-08-09 08:29:09,589] {dag.py:2935} INFO - Setting next_dagrun for example_trigger_target_dag to None
[2022-08-09 08:29:09,599] {processor.py:171} INFO - Processing /home/airflow/.local/lib/python3.7/site-packages/airflow/example_dags/example_trigger_target_dag.py took 0.089 seconds
[2022-08-09 08:29:39,946] {processor.py:163} INFO - Started process (PID=3251) to work on /home/airflow/.local/lib/python3.7/site-packages/airflow/example_dags/example_trigger_target_dag.py
[2022-08-09 08:29:39,949] {processor.py:642} INFO - Processing file /home/airflow/.local/lib/python3.7/site-packages/airflow/example_dags/example_trigger_target_dag.py for tasks to queue
[2022-08-09 08:29:39,950] {logging_mixin.py:109} INFO - [2022-08-09 08:29:39,950] {dagbag.py:500} INFO - Filling up the DagBag from /home/airflow/.local/lib/python3.7/site-packages/airflow/example_dags/example_trigger_target_dag.py
[2022-08-09 08:29:39,994] {processor.py:654} INFO - DAG(s) dict_keys(['example_trigger_target_dag']) retrieved from /home/airflow/.local/lib/python3.7/site-packages/airflow/example_dags/example_trigger_target_dag.py
[2022-08-09 08:29:40,012] {logging_mixin.py:109} INFO - [2022-08-09 08:29:40,012] {dag.py:2396} INFO - Sync 1 DAGs
[2022-08-09 08:29:40,036] {logging_mixin.py:109} INFO - [2022-08-09 08:29:40,036] {dag.py:2935} INFO - Setting next_dagrun for example_trigger_target_dag to None
[2022-08-09 08:29:40,057] {processor.py:171} INFO - Processing /home/airflow/.local/lib/python3.7/site-packages/airflow/example_dags/example_trigger_target_dag.py took 0.115 seconds
[2022-08-09 08:30:10,706] {processor.py:163} INFO - Started process (PID=3311) to work on /home/airflow/.local/lib/python3.7/site-packages/airflow/example_dags/example_trigger_target_dag.py
[2022-08-09 08:30:10,708] {processor.py:642} INFO - Processing file /home/airflow/.local/lib/python3.7/site-packages/airflow/example_dags/example_trigger_target_dag.py for tasks to queue
[2022-08-09 08:30:10,710] {logging_mixin.py:109} INFO - [2022-08-09 08:30:10,710] {dagbag.py:500} INFO - Filling up the DagBag from /home/airflow/.local/lib/python3.7/site-packages/airflow/example_dags/example_trigger_target_dag.py
[2022-08-09 08:30:10,758] {processor.py:654} INFO - DAG(s) dict_keys(['example_trigger_target_dag']) retrieved from /home/airflow/.local/lib/python3.7/site-packages/airflow/example_dags/example_trigger_target_dag.py
[2022-08-09 08:30:10,771] {logging_mixin.py:109} INFO - [2022-08-09 08:30:10,771] {dag.py:2396} INFO - Sync 1 DAGs
[2022-08-09 08:30:10,793] {logging_mixin.py:109} INFO - [2022-08-09 08:30:10,793] {dag.py:2935} INFO - Setting next_dagrun for example_trigger_target_dag to None
[2022-08-09 08:30:10,808] {processor.py:171} INFO - Processing /home/airflow/.local/lib/python3.7/site-packages/airflow/example_dags/example_trigger_target_dag.py took 0.106 seconds
[2022-08-09 08:30:40,985] {processor.py:163} INFO - Started process (PID=3380) to work on /home/airflow/.local/lib/python3.7/site-packages/airflow/example_dags/example_trigger_target_dag.py
[2022-08-09 08:30:40,988] {processor.py:642} INFO - Processing file /home/airflow/.local/lib/python3.7/site-packages/airflow/example_dags/example_trigger_target_dag.py for tasks to queue
[2022-08-09 08:30:40,991] {logging_mixin.py:109} INFO - [2022-08-09 08:30:40,990] {dagbag.py:500} INFO - Filling up the DagBag from /home/airflow/.local/lib/python3.7/site-packages/airflow/example_dags/example_trigger_target_dag.py
[2022-08-09 08:30:41,046] {processor.py:654} INFO - DAG(s) dict_keys(['example_trigger_target_dag']) retrieved from /home/airflow/.local/lib/python3.7/site-packages/airflow/example_dags/example_trigger_target_dag.py
[2022-08-09 08:30:41,063] {logging_mixin.py:109} INFO - [2022-08-09 08:30:41,063] {dag.py:2396} INFO - Sync 1 DAGs
[2022-08-09 08:30:41,093] {logging_mixin.py:109} INFO - [2022-08-09 08:30:41,093] {dag.py:2935} INFO - Setting next_dagrun for example_trigger_target_dag to None
[2022-08-09 08:30:41,116] {processor.py:171} INFO - Processing /home/airflow/.local/lib/python3.7/site-packages/airflow/example_dags/example_trigger_target_dag.py took 0.134 seconds
[2022-08-09 08:31:11,329] {processor.py:163} INFO - Started process (PID=3441) to work on /home/airflow/.local/lib/python3.7/site-packages/airflow/example_dags/example_trigger_target_dag.py
[2022-08-09 08:31:11,331] {processor.py:642} INFO - Processing file /home/airflow/.local/lib/python3.7/site-packages/airflow/example_dags/example_trigger_target_dag.py for tasks to queue
[2022-08-09 08:31:11,333] {logging_mixin.py:109} INFO - [2022-08-09 08:31:11,333] {dagbag.py:500} INFO - Filling up the DagBag from /home/airflow/.local/lib/python3.7/site-packages/airflow/example_dags/example_trigger_target_dag.py
[2022-08-09 08:31:11,387] {processor.py:654} INFO - DAG(s) dict_keys(['example_trigger_target_dag']) retrieved from /home/airflow/.local/lib/python3.7/site-packages/airflow/example_dags/example_trigger_target_dag.py
[2022-08-09 08:31:11,413] {logging_mixin.py:109} INFO - [2022-08-09 08:31:11,413] {dag.py:2396} INFO - Sync 1 DAGs
[2022-08-09 08:31:11,433] {logging_mixin.py:109} INFO - [2022-08-09 08:31:11,432] {dag.py:2935} INFO - Setting next_dagrun for example_trigger_target_dag to None
[2022-08-09 08:31:11,460] {processor.py:171} INFO - Processing /home/airflow/.local/lib/python3.7/site-packages/airflow/example_dags/example_trigger_target_dag.py took 0.139 seconds
[2022-08-09 08:31:41,730] {processor.py:163} INFO - Started process (PID=3501) to work on /home/airflow/.local/lib/python3.7/site-packages/airflow/example_dags/example_trigger_target_dag.py
[2022-08-09 08:31:41,732] {processor.py:642} INFO - Processing file /home/airflow/.local/lib/python3.7/site-packages/airflow/example_dags/example_trigger_target_dag.py for tasks to queue
[2022-08-09 08:31:41,734] {logging_mixin.py:109} INFO - [2022-08-09 08:31:41,733] {dagbag.py:500} INFO - Filling up the DagBag from /home/airflow/.local/lib/python3.7/site-packages/airflow/example_dags/example_trigger_target_dag.py
[2022-08-09 08:31:41,785] {processor.py:654} INFO - DAG(s) dict_keys(['example_trigger_target_dag']) retrieved from /home/airflow/.local/lib/python3.7/site-packages/airflow/example_dags/example_trigger_target_dag.py
[2022-08-09 08:31:41,804] {logging_mixin.py:109} INFO - [2022-08-09 08:31:41,803] {dag.py:2396} INFO - Sync 1 DAGs
[2022-08-09 08:31:41,833] {logging_mixin.py:109} INFO - [2022-08-09 08:31:41,833] {dag.py:2935} INFO - Setting next_dagrun for example_trigger_target_dag to None
[2022-08-09 08:31:41,847] {processor.py:171} INFO - Processing /home/airflow/.local/lib/python3.7/site-packages/airflow/example_dags/example_trigger_target_dag.py took 0.127 seconds
[2022-08-09 08:32:12,623] {processor.py:163} INFO - Started process (PID=3572) to work on /home/airflow/.local/lib/python3.7/site-packages/airflow/example_dags/example_trigger_target_dag.py
[2022-08-09 08:32:12,625] {processor.py:642} INFO - Processing file /home/airflow/.local/lib/python3.7/site-packages/airflow/example_dags/example_trigger_target_dag.py for tasks to queue
[2022-08-09 08:32:12,627] {logging_mixin.py:109} INFO - [2022-08-09 08:32:12,626] {dagbag.py:500} INFO - Filling up the DagBag from /home/airflow/.local/lib/python3.7/site-packages/airflow/example_dags/example_trigger_target_dag.py
[2022-08-09 08:32:12,662] {processor.py:654} INFO - DAG(s) dict_keys(['example_trigger_target_dag']) retrieved from /home/airflow/.local/lib/python3.7/site-packages/airflow/example_dags/example_trigger_target_dag.py
[2022-08-09 08:32:12,674] {logging_mixin.py:109} INFO - [2022-08-09 08:32:12,674] {dag.py:2396} INFO - Sync 1 DAGs
[2022-08-09 08:32:12,704] {logging_mixin.py:109} INFO - [2022-08-09 08:32:12,703] {dag.py:2935} INFO - Setting next_dagrun for example_trigger_target_dag to None
[2022-08-09 08:32:12,716] {processor.py:171} INFO - Processing /home/airflow/.local/lib/python3.7/site-packages/airflow/example_dags/example_trigger_target_dag.py took 0.097 seconds
[2022-08-09 08:32:42,857] {processor.py:163} INFO - Started process (PID=3633) to work on /home/airflow/.local/lib/python3.7/site-packages/airflow/example_dags/example_trigger_target_dag.py
[2022-08-09 08:32:42,860] {processor.py:642} INFO - Processing file /home/airflow/.local/lib/python3.7/site-packages/airflow/example_dags/example_trigger_target_dag.py for tasks to queue
[2022-08-09 08:32:42,862] {logging_mixin.py:109} INFO - [2022-08-09 08:32:42,861] {dagbag.py:500} INFO - Filling up the DagBag from /home/airflow/.local/lib/python3.7/site-packages/airflow/example_dags/example_trigger_target_dag.py
[2022-08-09 08:32:42,910] {processor.py:654} INFO - DAG(s) dict_keys(['example_trigger_target_dag']) retrieved from /home/airflow/.local/lib/python3.7/site-packages/airflow/example_dags/example_trigger_target_dag.py
[2022-08-09 08:32:42,932] {logging_mixin.py:109} INFO - [2022-08-09 08:32:42,932] {dag.py:2396} INFO - Sync 1 DAGs
[2022-08-09 08:32:42,954] {logging_mixin.py:109} INFO - [2022-08-09 08:32:42,954] {dag.py:2935} INFO - Setting next_dagrun for example_trigger_target_dag to None
[2022-08-09 08:32:42,972] {processor.py:171} INFO - Processing /home/airflow/.local/lib/python3.7/site-packages/airflow/example_dags/example_trigger_target_dag.py took 0.119 seconds
[2022-08-09 08:33:13,547] {processor.py:163} INFO - Started process (PID=3702) to work on /home/airflow/.local/lib/python3.7/site-packages/airflow/example_dags/example_trigger_target_dag.py
[2022-08-09 08:33:13,549] {processor.py:642} INFO - Processing file /home/airflow/.local/lib/python3.7/site-packages/airflow/example_dags/example_trigger_target_dag.py for tasks to queue
[2022-08-09 08:33:13,550] {logging_mixin.py:109} INFO - [2022-08-09 08:33:13,550] {dagbag.py:500} INFO - Filling up the DagBag from /home/airflow/.local/lib/python3.7/site-packages/airflow/example_dags/example_trigger_target_dag.py
[2022-08-09 08:33:13,587] {processor.py:654} INFO - DAG(s) dict_keys(['example_trigger_target_dag']) retrieved from /home/airflow/.local/lib/python3.7/site-packages/airflow/example_dags/example_trigger_target_dag.py
[2022-08-09 08:33:13,609] {logging_mixin.py:109} INFO - [2022-08-09 08:33:13,609] {dag.py:2396} INFO - Sync 1 DAGs
[2022-08-09 08:33:13,627] {logging_mixin.py:109} INFO - [2022-08-09 08:33:13,627] {dag.py:2935} INFO - Setting next_dagrun for example_trigger_target_dag to None
[2022-08-09 08:33:13,639] {processor.py:171} INFO - Processing /home/airflow/.local/lib/python3.7/site-packages/airflow/example_dags/example_trigger_target_dag.py took 0.097 seconds
[2022-08-09 08:33:43,924] {processor.py:163} INFO - Started process (PID=3764) to work on /home/airflow/.local/lib/python3.7/site-packages/airflow/example_dags/example_trigger_target_dag.py
[2022-08-09 08:33:43,926] {processor.py:642} INFO - Processing file /home/airflow/.local/lib/python3.7/site-packages/airflow/example_dags/example_trigger_target_dag.py for tasks to queue
[2022-08-09 08:33:43,927] {logging_mixin.py:109} INFO - [2022-08-09 08:33:43,927] {dagbag.py:500} INFO - Filling up the DagBag from /home/airflow/.local/lib/python3.7/site-packages/airflow/example_dags/example_trigger_target_dag.py
[2022-08-09 08:33:43,965] {processor.py:654} INFO - DAG(s) dict_keys(['example_trigger_target_dag']) retrieved from /home/airflow/.local/lib/python3.7/site-packages/airflow/example_dags/example_trigger_target_dag.py
[2022-08-09 08:33:43,981] {logging_mixin.py:109} INFO - [2022-08-09 08:33:43,981] {dag.py:2396} INFO - Sync 1 DAGs
[2022-08-09 08:33:43,999] {logging_mixin.py:109} INFO - [2022-08-09 08:33:43,999] {dag.py:2935} INFO - Setting next_dagrun for example_trigger_target_dag to None
[2022-08-09 08:33:44,014] {processor.py:171} INFO - Processing /home/airflow/.local/lib/python3.7/site-packages/airflow/example_dags/example_trigger_target_dag.py took 0.093 seconds
[2022-08-09 08:34:14,310] {processor.py:163} INFO - Started process (PID=3833) to work on /home/airflow/.local/lib/python3.7/site-packages/airflow/example_dags/example_trigger_target_dag.py
[2022-08-09 08:34:14,312] {processor.py:642} INFO - Processing file /home/airflow/.local/lib/python3.7/site-packages/airflow/example_dags/example_trigger_target_dag.py for tasks to queue
[2022-08-09 08:34:14,314] {logging_mixin.py:109} INFO - [2022-08-09 08:34:14,314] {dagbag.py:500} INFO - Filling up the DagBag from /home/airflow/.local/lib/python3.7/site-packages/airflow/example_dags/example_trigger_target_dag.py
[2022-08-09 08:34:14,352] {processor.py:654} INFO - DAG(s) dict_keys(['example_trigger_target_dag']) retrieved from /home/airflow/.local/lib/python3.7/site-packages/airflow/example_dags/example_trigger_target_dag.py
[2022-08-09 08:34:14,364] {logging_mixin.py:109} INFO - [2022-08-09 08:34:14,364] {dag.py:2396} INFO - Sync 1 DAGs
[2022-08-09 08:34:14,382] {logging_mixin.py:109} INFO - [2022-08-09 08:34:14,382] {dag.py:2935} INFO - Setting next_dagrun for example_trigger_target_dag to None
[2022-08-09 08:34:14,394] {processor.py:171} INFO - Processing /home/airflow/.local/lib/python3.7/site-packages/airflow/example_dags/example_trigger_target_dag.py took 0.087 seconds
[2022-08-09 08:34:44,760] {processor.py:163} INFO - Started process (PID=3893) to work on /home/airflow/.local/lib/python3.7/site-packages/airflow/example_dags/example_trigger_target_dag.py
[2022-08-09 08:34:44,762] {processor.py:642} INFO - Processing file /home/airflow/.local/lib/python3.7/site-packages/airflow/example_dags/example_trigger_target_dag.py for tasks to queue
[2022-08-09 08:34:44,764] {logging_mixin.py:109} INFO - [2022-08-09 08:34:44,764] {dagbag.py:500} INFO - Filling up the DagBag from /home/airflow/.local/lib/python3.7/site-packages/airflow/example_dags/example_trigger_target_dag.py
[2022-08-09 08:34:44,807] {processor.py:654} INFO - DAG(s) dict_keys(['example_trigger_target_dag']) retrieved from /home/airflow/.local/lib/python3.7/site-packages/airflow/example_dags/example_trigger_target_dag.py
[2022-08-09 08:34:44,818] {logging_mixin.py:109} INFO - [2022-08-09 08:34:44,818] {dag.py:2396} INFO - Sync 1 DAGs
[2022-08-09 08:34:44,842] {logging_mixin.py:109} INFO - [2022-08-09 08:34:44,842] {dag.py:2935} INFO - Setting next_dagrun for example_trigger_target_dag to None
[2022-08-09 08:34:44,855] {processor.py:171} INFO - Processing /home/airflow/.local/lib/python3.7/site-packages/airflow/example_dags/example_trigger_target_dag.py took 0.099 seconds
[2022-08-09 08:35:15,061] {processor.py:163} INFO - Started process (PID=3962) to work on /home/airflow/.local/lib/python3.7/site-packages/airflow/example_dags/example_trigger_target_dag.py
[2022-08-09 08:35:15,063] {processor.py:642} INFO - Processing file /home/airflow/.local/lib/python3.7/site-packages/airflow/example_dags/example_trigger_target_dag.py for tasks to queue
[2022-08-09 08:35:15,065] {logging_mixin.py:109} INFO - [2022-08-09 08:35:15,065] {dagbag.py:500} INFO - Filling up the DagBag from /home/airflow/.local/lib/python3.7/site-packages/airflow/example_dags/example_trigger_target_dag.py
[2022-08-09 08:35:15,110] {processor.py:654} INFO - DAG(s) dict_keys(['example_trigger_target_dag']) retrieved from /home/airflow/.local/lib/python3.7/site-packages/airflow/example_dags/example_trigger_target_dag.py
[2022-08-09 08:35:15,130] {logging_mixin.py:109} INFO - [2022-08-09 08:35:15,130] {dag.py:2396} INFO - Sync 1 DAGs
[2022-08-09 08:35:15,153] {logging_mixin.py:109} INFO - [2022-08-09 08:35:15,153] {dag.py:2935} INFO - Setting next_dagrun for example_trigger_target_dag to None
[2022-08-09 08:35:15,168] {processor.py:171} INFO - Processing /home/airflow/.local/lib/python3.7/site-packages/airflow/example_dags/example_trigger_target_dag.py took 0.115 seconds
[2022-08-09 08:35:46,522] {processor.py:163} INFO - Started process (PID=4022) to work on /home/airflow/.local/lib/python3.7/site-packages/airflow/example_dags/example_trigger_target_dag.py
[2022-08-09 08:35:46,526] {processor.py:642} INFO - Processing file /home/airflow/.local/lib/python3.7/site-packages/airflow/example_dags/example_trigger_target_dag.py for tasks to queue
[2022-08-09 08:35:46,529] {logging_mixin.py:109} INFO - [2022-08-09 08:35:46,529] {dagbag.py:500} INFO - Filling up the DagBag from /home/airflow/.local/lib/python3.7/site-packages/airflow/example_dags/example_trigger_target_dag.py
[2022-08-09 08:35:46,595] {processor.py:654} INFO - DAG(s) dict_keys(['example_trigger_target_dag']) retrieved from /home/airflow/.local/lib/python3.7/site-packages/airflow/example_dags/example_trigger_target_dag.py
[2022-08-09 08:35:46,616] {logging_mixin.py:109} INFO - [2022-08-09 08:35:46,616] {dag.py:2396} INFO - Sync 1 DAGs
[2022-08-09 08:35:46,647] {logging_mixin.py:109} INFO - [2022-08-09 08:35:46,646] {dag.py:2935} INFO - Setting next_dagrun for example_trigger_target_dag to None
[2022-08-09 08:35:46,672] {processor.py:171} INFO - Processing /home/airflow/.local/lib/python3.7/site-packages/airflow/example_dags/example_trigger_target_dag.py took 0.156 seconds
[2022-08-09 08:36:17,225] {processor.py:163} INFO - Started process (PID=4082) to work on /home/airflow/.local/lib/python3.7/site-packages/airflow/example_dags/example_trigger_target_dag.py
[2022-08-09 08:36:17,245] {processor.py:642} INFO - Processing file /home/airflow/.local/lib/python3.7/site-packages/airflow/example_dags/example_trigger_target_dag.py for tasks to queue
[2022-08-09 08:36:17,248] {logging_mixin.py:109} INFO - [2022-08-09 08:36:17,248] {dagbag.py:500} INFO - Filling up the DagBag from /home/airflow/.local/lib/python3.7/site-packages/airflow/example_dags/example_trigger_target_dag.py
[2022-08-09 08:36:17,344] {processor.py:654} INFO - DAG(s) dict_keys(['example_trigger_target_dag']) retrieved from /home/airflow/.local/lib/python3.7/site-packages/airflow/example_dags/example_trigger_target_dag.py
[2022-08-09 08:36:17,365] {logging_mixin.py:109} INFO - [2022-08-09 08:36:17,365] {dag.py:2396} INFO - Sync 1 DAGs
[2022-08-09 08:36:17,398] {logging_mixin.py:109} INFO - [2022-08-09 08:36:17,398] {dag.py:2935} INFO - Setting next_dagrun for example_trigger_target_dag to None
[2022-08-09 08:36:17,415] {processor.py:171} INFO - Processing /home/airflow/.local/lib/python3.7/site-packages/airflow/example_dags/example_trigger_target_dag.py took 0.197 seconds
[2022-08-09 08:36:47,646] {processor.py:163} INFO - Started process (PID=4143) to work on /home/airflow/.local/lib/python3.7/site-packages/airflow/example_dags/example_trigger_target_dag.py
[2022-08-09 08:36:47,651] {processor.py:642} INFO - Processing file /home/airflow/.local/lib/python3.7/site-packages/airflow/example_dags/example_trigger_target_dag.py for tasks to queue
[2022-08-09 08:36:47,653] {logging_mixin.py:109} INFO - [2022-08-09 08:36:47,653] {dagbag.py:500} INFO - Filling up the DagBag from /home/airflow/.local/lib/python3.7/site-packages/airflow/example_dags/example_trigger_target_dag.py
[2022-08-09 08:36:47,715] {processor.py:654} INFO - DAG(s) dict_keys(['example_trigger_target_dag']) retrieved from /home/airflow/.local/lib/python3.7/site-packages/airflow/example_dags/example_trigger_target_dag.py
[2022-08-09 08:36:47,742] {logging_mixin.py:109} INFO - [2022-08-09 08:36:47,742] {dag.py:2396} INFO - Sync 1 DAGs
[2022-08-09 08:36:47,774] {logging_mixin.py:109} INFO - [2022-08-09 08:36:47,772] {dag.py:2935} INFO - Setting next_dagrun for example_trigger_target_dag to None
[2022-08-09 08:36:47,810] {processor.py:171} INFO - Processing /home/airflow/.local/lib/python3.7/site-packages/airflow/example_dags/example_trigger_target_dag.py took 0.170 seconds
