[2022-08-09 08:04:37,180] {processor.py:163} INFO - Started process (PID=77) to work on /home/airflow/.local/lib/python3.7/site-packages/airflow/example_dags/example_latest_only.py
[2022-08-09 08:04:37,183] {processor.py:642} INFO - Processing file /home/airflow/.local/lib/python3.7/site-packages/airflow/example_dags/example_latest_only.py for tasks to queue
[2022-08-09 08:04:37,184] {logging_mixin.py:109} INFO - [2022-08-09 08:04:37,184] {dagbag.py:500} INFO - Filling up the DagBag from /home/airflow/.local/lib/python3.7/site-packages/airflow/example_dags/example_latest_only.py
[2022-08-09 08:04:37,228] {processor.py:654} INFO - DAG(s) dict_keys(['latest_only']) retrieved from /home/airflow/.local/lib/python3.7/site-packages/airflow/example_dags/example_latest_only.py
[2022-08-09 08:04:37,251] {logging_mixin.py:109} INFO - [2022-08-09 08:04:37,251] {dag.py:2396} INFO - Sync 1 DAGs
[2022-08-09 08:04:37,276] {logging_mixin.py:109} INFO - [2022-08-09 08:04:37,276] {dag.py:2935} INFO - Setting next_dagrun for latest_only to 2022-08-09T04:04:37.275804+00:00
[2022-08-09 08:04:37,291] {processor.py:171} INFO - Processing /home/airflow/.local/lib/python3.7/site-packages/airflow/example_dags/example_latest_only.py took 0.116 seconds
[2022-08-09 08:05:07,837] {processor.py:163} INFO - Started process (PID=138) to work on /home/airflow/.local/lib/python3.7/site-packages/airflow/example_dags/example_latest_only.py
[2022-08-09 08:05:07,844] {processor.py:642} INFO - Processing file /home/airflow/.local/lib/python3.7/site-packages/airflow/example_dags/example_latest_only.py for tasks to queue
[2022-08-09 08:05:07,846] {logging_mixin.py:109} INFO - [2022-08-09 08:05:07,845] {dagbag.py:500} INFO - Filling up the DagBag from /home/airflow/.local/lib/python3.7/site-packages/airflow/example_dags/example_latest_only.py
[2022-08-09 08:05:07,884] {processor.py:654} INFO - DAG(s) dict_keys(['latest_only']) retrieved from /home/airflow/.local/lib/python3.7/site-packages/airflow/example_dags/example_latest_only.py
[2022-08-09 08:05:07,903] {logging_mixin.py:109} INFO - [2022-08-09 08:05:07,903] {dag.py:2396} INFO - Sync 1 DAGs
[2022-08-09 08:05:07,931] {logging_mixin.py:109} INFO - [2022-08-09 08:05:07,931] {dag.py:2935} INFO - Setting next_dagrun for latest_only to 2022-08-09T04:05:07.930793+00:00
[2022-08-09 08:05:07,955] {processor.py:171} INFO - Processing /home/airflow/.local/lib/python3.7/site-packages/airflow/example_dags/example_latest_only.py took 0.128 seconds
[2022-08-09 08:05:38,554] {processor.py:163} INFO - Started process (PID=198) to work on /home/airflow/.local/lib/python3.7/site-packages/airflow/example_dags/example_latest_only.py
[2022-08-09 08:05:38,556] {processor.py:642} INFO - Processing file /home/airflow/.local/lib/python3.7/site-packages/airflow/example_dags/example_latest_only.py for tasks to queue
[2022-08-09 08:05:38,558] {logging_mixin.py:109} INFO - [2022-08-09 08:05:38,558] {dagbag.py:500} INFO - Filling up the DagBag from /home/airflow/.local/lib/python3.7/site-packages/airflow/example_dags/example_latest_only.py
[2022-08-09 08:05:38,601] {processor.py:654} INFO - DAG(s) dict_keys(['latest_only']) retrieved from /home/airflow/.local/lib/python3.7/site-packages/airflow/example_dags/example_latest_only.py
[2022-08-09 08:05:38,612] {logging_mixin.py:109} INFO - [2022-08-09 08:05:38,612] {dag.py:2396} INFO - Sync 1 DAGs
[2022-08-09 08:05:38,629] {logging_mixin.py:109} INFO - [2022-08-09 08:05:38,629] {dag.py:2935} INFO - Setting next_dagrun for latest_only to 2022-08-09T04:05:38.629442+00:00
[2022-08-09 08:05:38,643] {processor.py:171} INFO - Processing /home/airflow/.local/lib/python3.7/site-packages/airflow/example_dags/example_latest_only.py took 0.093 seconds
[2022-08-09 08:06:09,975] {processor.py:163} INFO - Started process (PID=268) to work on /home/airflow/.local/lib/python3.7/site-packages/airflow/example_dags/example_latest_only.py
[2022-08-09 08:06:09,977] {processor.py:642} INFO - Processing file /home/airflow/.local/lib/python3.7/site-packages/airflow/example_dags/example_latest_only.py for tasks to queue
[2022-08-09 08:06:09,979] {logging_mixin.py:109} INFO - [2022-08-09 08:06:09,979] {dagbag.py:500} INFO - Filling up the DagBag from /home/airflow/.local/lib/python3.7/site-packages/airflow/example_dags/example_latest_only.py
[2022-08-09 08:06:10,013] {processor.py:654} INFO - DAG(s) dict_keys(['latest_only']) retrieved from /home/airflow/.local/lib/python3.7/site-packages/airflow/example_dags/example_latest_only.py
[2022-08-09 08:06:10,024] {logging_mixin.py:109} INFO - [2022-08-09 08:06:10,023] {dag.py:2396} INFO - Sync 1 DAGs
[2022-08-09 08:06:10,043] {logging_mixin.py:109} INFO - [2022-08-09 08:06:10,043] {dag.py:2935} INFO - Setting next_dagrun for latest_only to 2022-08-09T04:06:10.042898+00:00
[2022-08-09 08:06:10,056] {processor.py:171} INFO - Processing /home/airflow/.local/lib/python3.7/site-packages/airflow/example_dags/example_latest_only.py took 0.085 seconds
[2022-08-09 08:06:40,322] {processor.py:163} INFO - Started process (PID=327) to work on /home/airflow/.local/lib/python3.7/site-packages/airflow/example_dags/example_latest_only.py
[2022-08-09 08:06:40,324] {processor.py:642} INFO - Processing file /home/airflow/.local/lib/python3.7/site-packages/airflow/example_dags/example_latest_only.py for tasks to queue
[2022-08-09 08:06:40,326] {logging_mixin.py:109} INFO - [2022-08-09 08:06:40,326] {dagbag.py:500} INFO - Filling up the DagBag from /home/airflow/.local/lib/python3.7/site-packages/airflow/example_dags/example_latest_only.py
[2022-08-09 08:06:40,359] {processor.py:654} INFO - DAG(s) dict_keys(['latest_only']) retrieved from /home/airflow/.local/lib/python3.7/site-packages/airflow/example_dags/example_latest_only.py
[2022-08-09 08:06:40,370] {logging_mixin.py:109} INFO - [2022-08-09 08:06:40,370] {dag.py:2396} INFO - Sync 1 DAGs
[2022-08-09 08:06:40,387] {logging_mixin.py:109} INFO - [2022-08-09 08:06:40,386] {dag.py:2935} INFO - Setting next_dagrun for latest_only to 2022-08-09T04:06:40.386590+00:00
[2022-08-09 08:06:40,398] {processor.py:171} INFO - Processing /home/airflow/.local/lib/python3.7/site-packages/airflow/example_dags/example_latest_only.py took 0.079 seconds
[2022-08-09 08:07:12,122] {processor.py:163} INFO - Started process (PID=399) to work on /home/airflow/.local/lib/python3.7/site-packages/airflow/example_dags/example_latest_only.py
[2022-08-09 08:07:12,127] {processor.py:642} INFO - Processing file /home/airflow/.local/lib/python3.7/site-packages/airflow/example_dags/example_latest_only.py for tasks to queue
[2022-08-09 08:07:12,130] {logging_mixin.py:109} INFO - [2022-08-09 08:07:12,129] {dagbag.py:500} INFO - Filling up the DagBag from /home/airflow/.local/lib/python3.7/site-packages/airflow/example_dags/example_latest_only.py
[2022-08-09 08:07:12,179] {processor.py:654} INFO - DAG(s) dict_keys(['latest_only']) retrieved from /home/airflow/.local/lib/python3.7/site-packages/airflow/example_dags/example_latest_only.py
[2022-08-09 08:07:12,195] {logging_mixin.py:109} INFO - [2022-08-09 08:07:12,195] {dag.py:2396} INFO - Sync 1 DAGs
[2022-08-09 08:07:12,237] {logging_mixin.py:109} INFO - [2022-08-09 08:07:12,237] {dag.py:2935} INFO - Setting next_dagrun for latest_only to 2022-08-09T04:07:12.236902+00:00
[2022-08-09 08:07:12,267] {processor.py:171} INFO - Processing /home/airflow/.local/lib/python3.7/site-packages/airflow/example_dags/example_latest_only.py took 0.150 seconds
[2022-08-09 08:07:42,649] {processor.py:163} INFO - Started process (PID=459) to work on /home/airflow/.local/lib/python3.7/site-packages/airflow/example_dags/example_latest_only.py
[2022-08-09 08:07:42,652] {processor.py:642} INFO - Processing file /home/airflow/.local/lib/python3.7/site-packages/airflow/example_dags/example_latest_only.py for tasks to queue
[2022-08-09 08:07:42,653] {logging_mixin.py:109} INFO - [2022-08-09 08:07:42,653] {dagbag.py:500} INFO - Filling up the DagBag from /home/airflow/.local/lib/python3.7/site-packages/airflow/example_dags/example_latest_only.py
[2022-08-09 08:07:42,687] {processor.py:654} INFO - DAG(s) dict_keys(['latest_only']) retrieved from /home/airflow/.local/lib/python3.7/site-packages/airflow/example_dags/example_latest_only.py
[2022-08-09 08:07:42,698] {logging_mixin.py:109} INFO - [2022-08-09 08:07:42,698] {dag.py:2396} INFO - Sync 1 DAGs
[2022-08-09 08:07:42,714] {logging_mixin.py:109} INFO - [2022-08-09 08:07:42,714] {dag.py:2935} INFO - Setting next_dagrun for latest_only to 2022-08-09T04:07:42.714509+00:00
[2022-08-09 08:07:42,727] {processor.py:171} INFO - Processing /home/airflow/.local/lib/python3.7/site-packages/airflow/example_dags/example_latest_only.py took 0.081 seconds
[2022-08-09 08:08:13,453] {processor.py:163} INFO - Started process (PID=530) to work on /home/airflow/.local/lib/python3.7/site-packages/airflow/example_dags/example_latest_only.py
[2022-08-09 08:08:13,455] {processor.py:642} INFO - Processing file /home/airflow/.local/lib/python3.7/site-packages/airflow/example_dags/example_latest_only.py for tasks to queue
[2022-08-09 08:08:13,457] {logging_mixin.py:109} INFO - [2022-08-09 08:08:13,457] {dagbag.py:500} INFO - Filling up the DagBag from /home/airflow/.local/lib/python3.7/site-packages/airflow/example_dags/example_latest_only.py
[2022-08-09 08:08:13,491] {processor.py:654} INFO - DAG(s) dict_keys(['latest_only']) retrieved from /home/airflow/.local/lib/python3.7/site-packages/airflow/example_dags/example_latest_only.py
[2022-08-09 08:08:13,504] {logging_mixin.py:109} INFO - [2022-08-09 08:08:13,504] {dag.py:2396} INFO - Sync 1 DAGs
[2022-08-09 08:08:13,524] {logging_mixin.py:109} INFO - [2022-08-09 08:08:13,523] {dag.py:2935} INFO - Setting next_dagrun for latest_only to 2022-08-09T04:08:13.523180+00:00
[2022-08-09 08:08:13,535] {processor.py:171} INFO - Processing /home/airflow/.local/lib/python3.7/site-packages/airflow/example_dags/example_latest_only.py took 0.085 seconds
[2022-08-09 08:08:44,393] {processor.py:163} INFO - Started process (PID=591) to work on /home/airflow/.local/lib/python3.7/site-packages/airflow/example_dags/example_latest_only.py
[2022-08-09 08:08:44,395] {processor.py:642} INFO - Processing file /home/airflow/.local/lib/python3.7/site-packages/airflow/example_dags/example_latest_only.py for tasks to queue
[2022-08-09 08:08:44,396] {logging_mixin.py:109} INFO - [2022-08-09 08:08:44,396] {dagbag.py:500} INFO - Filling up the DagBag from /home/airflow/.local/lib/python3.7/site-packages/airflow/example_dags/example_latest_only.py
[2022-08-09 08:08:44,430] {processor.py:654} INFO - DAG(s) dict_keys(['latest_only']) retrieved from /home/airflow/.local/lib/python3.7/site-packages/airflow/example_dags/example_latest_only.py
[2022-08-09 08:08:44,443] {logging_mixin.py:109} INFO - [2022-08-09 08:08:44,443] {dag.py:2396} INFO - Sync 1 DAGs
[2022-08-09 08:08:44,467] {logging_mixin.py:109} INFO - [2022-08-09 08:08:44,467] {dag.py:2935} INFO - Setting next_dagrun for latest_only to 2022-08-09T04:08:44.466856+00:00
[2022-08-09 08:08:44,482] {processor.py:171} INFO - Processing /home/airflow/.local/lib/python3.7/site-packages/airflow/example_dags/example_latest_only.py took 0.094 seconds
[2022-08-09 08:09:15,534] {processor.py:163} INFO - Started process (PID=662) to work on /home/airflow/.local/lib/python3.7/site-packages/airflow/example_dags/example_latest_only.py
[2022-08-09 08:09:15,538] {processor.py:642} INFO - Processing file /home/airflow/.local/lib/python3.7/site-packages/airflow/example_dags/example_latest_only.py for tasks to queue
[2022-08-09 08:09:15,540] {logging_mixin.py:109} INFO - [2022-08-09 08:09:15,540] {dagbag.py:500} INFO - Filling up the DagBag from /home/airflow/.local/lib/python3.7/site-packages/airflow/example_dags/example_latest_only.py
[2022-08-09 08:09:15,569] {processor.py:654} INFO - DAG(s) dict_keys(['latest_only']) retrieved from /home/airflow/.local/lib/python3.7/site-packages/airflow/example_dags/example_latest_only.py
[2022-08-09 08:09:15,582] {logging_mixin.py:109} INFO - [2022-08-09 08:09:15,582] {dag.py:2396} INFO - Sync 1 DAGs
[2022-08-09 08:09:15,609] {logging_mixin.py:109} INFO - [2022-08-09 08:09:15,609] {dag.py:2935} INFO - Setting next_dagrun for latest_only to 2022-08-09T04:09:15.608863+00:00
[2022-08-09 08:09:15,627] {processor.py:171} INFO - Processing /home/airflow/.local/lib/python3.7/site-packages/airflow/example_dags/example_latest_only.py took 0.097 seconds
[2022-08-09 08:09:46,416] {processor.py:163} INFO - Started process (PID=723) to work on /home/airflow/.local/lib/python3.7/site-packages/airflow/example_dags/example_latest_only.py
[2022-08-09 08:09:46,418] {processor.py:642} INFO - Processing file /home/airflow/.local/lib/python3.7/site-packages/airflow/example_dags/example_latest_only.py for tasks to queue
[2022-08-09 08:09:46,419] {logging_mixin.py:109} INFO - [2022-08-09 08:09:46,419] {dagbag.py:500} INFO - Filling up the DagBag from /home/airflow/.local/lib/python3.7/site-packages/airflow/example_dags/example_latest_only.py
[2022-08-09 08:09:46,446] {processor.py:654} INFO - DAG(s) dict_keys(['latest_only']) retrieved from /home/airflow/.local/lib/python3.7/site-packages/airflow/example_dags/example_latest_only.py
[2022-08-09 08:09:46,457] {logging_mixin.py:109} INFO - [2022-08-09 08:09:46,457] {dag.py:2396} INFO - Sync 1 DAGs
[2022-08-09 08:09:46,473] {logging_mixin.py:109} INFO - [2022-08-09 08:09:46,473] {dag.py:2935} INFO - Setting next_dagrun for latest_only to 2022-08-09T04:09:46.472863+00:00
[2022-08-09 08:09:46,483] {processor.py:171} INFO - Processing /home/airflow/.local/lib/python3.7/site-packages/airflow/example_dags/example_latest_only.py took 0.071 seconds
[2022-08-09 08:10:16,930] {processor.py:163} INFO - Started process (PID=793) to work on /home/airflow/.local/lib/python3.7/site-packages/airflow/example_dags/example_latest_only.py
[2022-08-09 08:10:16,932] {processor.py:642} INFO - Processing file /home/airflow/.local/lib/python3.7/site-packages/airflow/example_dags/example_latest_only.py for tasks to queue
[2022-08-09 08:10:16,933] {logging_mixin.py:109} INFO - [2022-08-09 08:10:16,933] {dagbag.py:500} INFO - Filling up the DagBag from /home/airflow/.local/lib/python3.7/site-packages/airflow/example_dags/example_latest_only.py
[2022-08-09 08:10:16,975] {processor.py:654} INFO - DAG(s) dict_keys(['latest_only']) retrieved from /home/airflow/.local/lib/python3.7/site-packages/airflow/example_dags/example_latest_only.py
[2022-08-09 08:10:16,994] {logging_mixin.py:109} INFO - [2022-08-09 08:10:16,994] {dag.py:2396} INFO - Sync 1 DAGs
[2022-08-09 08:10:17,023] {logging_mixin.py:109} INFO - [2022-08-09 08:10:17,022] {dag.py:2935} INFO - Setting next_dagrun for latest_only to 2022-08-09T04:10:17.022630+00:00
[2022-08-09 08:10:17,040] {processor.py:171} INFO - Processing /home/airflow/.local/lib/python3.7/site-packages/airflow/example_dags/example_latest_only.py took 0.113 seconds
[2022-08-09 08:10:47,756] {processor.py:163} INFO - Started process (PID=854) to work on /home/airflow/.local/lib/python3.7/site-packages/airflow/example_dags/example_latest_only.py
[2022-08-09 08:10:47,759] {processor.py:642} INFO - Processing file /home/airflow/.local/lib/python3.7/site-packages/airflow/example_dags/example_latest_only.py for tasks to queue
[2022-08-09 08:10:47,760] {logging_mixin.py:109} INFO - [2022-08-09 08:10:47,760] {dagbag.py:500} INFO - Filling up the DagBag from /home/airflow/.local/lib/python3.7/site-packages/airflow/example_dags/example_latest_only.py
[2022-08-09 08:10:47,787] {processor.py:654} INFO - DAG(s) dict_keys(['latest_only']) retrieved from /home/airflow/.local/lib/python3.7/site-packages/airflow/example_dags/example_latest_only.py
[2022-08-09 08:10:47,798] {logging_mixin.py:109} INFO - [2022-08-09 08:10:47,798] {dag.py:2396} INFO - Sync 1 DAGs
[2022-08-09 08:10:47,816] {logging_mixin.py:109} INFO - [2022-08-09 08:10:47,816] {dag.py:2935} INFO - Setting next_dagrun for latest_only to 2022-08-09T04:10:47.816112+00:00
[2022-08-09 08:10:47,829] {processor.py:171} INFO - Processing /home/airflow/.local/lib/python3.7/site-packages/airflow/example_dags/example_latest_only.py took 0.077 seconds
[2022-08-09 08:11:18,678] {processor.py:163} INFO - Started process (PID=924) to work on /home/airflow/.local/lib/python3.7/site-packages/airflow/example_dags/example_latest_only.py
[2022-08-09 08:11:18,680] {processor.py:642} INFO - Processing file /home/airflow/.local/lib/python3.7/site-packages/airflow/example_dags/example_latest_only.py for tasks to queue
[2022-08-09 08:11:18,683] {logging_mixin.py:109} INFO - [2022-08-09 08:11:18,683] {dagbag.py:500} INFO - Filling up the DagBag from /home/airflow/.local/lib/python3.7/site-packages/airflow/example_dags/example_latest_only.py
[2022-08-09 08:11:18,724] {processor.py:654} INFO - DAG(s) dict_keys(['latest_only']) retrieved from /home/airflow/.local/lib/python3.7/site-packages/airflow/example_dags/example_latest_only.py
[2022-08-09 08:11:18,739] {logging_mixin.py:109} INFO - [2022-08-09 08:11:18,739] {dag.py:2396} INFO - Sync 1 DAGs
[2022-08-09 08:11:18,764] {logging_mixin.py:109} INFO - [2022-08-09 08:11:18,764] {dag.py:2935} INFO - Setting next_dagrun for latest_only to 2022-08-09T04:11:18.764267+00:00
[2022-08-09 08:11:18,778] {processor.py:171} INFO - Processing /home/airflow/.local/lib/python3.7/site-packages/airflow/example_dags/example_latest_only.py took 0.103 seconds
[2022-08-09 08:11:49,228] {processor.py:163} INFO - Started process (PID=984) to work on /home/airflow/.local/lib/python3.7/site-packages/airflow/example_dags/example_latest_only.py
[2022-08-09 08:11:49,230] {processor.py:642} INFO - Processing file /home/airflow/.local/lib/python3.7/site-packages/airflow/example_dags/example_latest_only.py for tasks to queue
[2022-08-09 08:11:49,231] {logging_mixin.py:109} INFO - [2022-08-09 08:11:49,231] {dagbag.py:500} INFO - Filling up the DagBag from /home/airflow/.local/lib/python3.7/site-packages/airflow/example_dags/example_latest_only.py
[2022-08-09 08:11:49,261] {processor.py:654} INFO - DAG(s) dict_keys(['latest_only']) retrieved from /home/airflow/.local/lib/python3.7/site-packages/airflow/example_dags/example_latest_only.py
[2022-08-09 08:11:49,274] {logging_mixin.py:109} INFO - [2022-08-09 08:11:49,274] {dag.py:2396} INFO - Sync 1 DAGs
[2022-08-09 08:11:49,294] {logging_mixin.py:109} INFO - [2022-08-09 08:11:49,294] {dag.py:2935} INFO - Setting next_dagrun for latest_only to 2022-08-09T04:11:49.294073+00:00
[2022-08-09 08:11:49,310] {processor.py:171} INFO - Processing /home/airflow/.local/lib/python3.7/site-packages/airflow/example_dags/example_latest_only.py took 0.086 seconds
[2022-08-09 08:12:20,014] {processor.py:163} INFO - Started process (PID=1054) to work on /home/airflow/.local/lib/python3.7/site-packages/airflow/example_dags/example_latest_only.py
[2022-08-09 08:12:20,016] {processor.py:642} INFO - Processing file /home/airflow/.local/lib/python3.7/site-packages/airflow/example_dags/example_latest_only.py for tasks to queue
[2022-08-09 08:12:20,017] {logging_mixin.py:109} INFO - [2022-08-09 08:12:20,017] {dagbag.py:500} INFO - Filling up the DagBag from /home/airflow/.local/lib/python3.7/site-packages/airflow/example_dags/example_latest_only.py
[2022-08-09 08:12:20,048] {processor.py:654} INFO - DAG(s) dict_keys(['latest_only']) retrieved from /home/airflow/.local/lib/python3.7/site-packages/airflow/example_dags/example_latest_only.py
[2022-08-09 08:12:20,060] {logging_mixin.py:109} INFO - [2022-08-09 08:12:20,060] {dag.py:2396} INFO - Sync 1 DAGs
[2022-08-09 08:12:20,083] {logging_mixin.py:109} INFO - [2022-08-09 08:12:20,082] {dag.py:2935} INFO - Setting next_dagrun for latest_only to 2022-08-09T04:12:20.082701+00:00
[2022-08-09 08:12:20,101] {processor.py:171} INFO - Processing /home/airflow/.local/lib/python3.7/site-packages/airflow/example_dags/example_latest_only.py took 0.091 seconds
[2022-08-09 08:12:50,684] {processor.py:163} INFO - Started process (PID=1114) to work on /home/airflow/.local/lib/python3.7/site-packages/airflow/example_dags/example_latest_only.py
[2022-08-09 08:12:50,686] {processor.py:642} INFO - Processing file /home/airflow/.local/lib/python3.7/site-packages/airflow/example_dags/example_latest_only.py for tasks to queue
[2022-08-09 08:12:50,687] {logging_mixin.py:109} INFO - [2022-08-09 08:12:50,687] {dagbag.py:500} INFO - Filling up the DagBag from /home/airflow/.local/lib/python3.7/site-packages/airflow/example_dags/example_latest_only.py
[2022-08-09 08:12:50,719] {processor.py:654} INFO - DAG(s) dict_keys(['latest_only']) retrieved from /home/airflow/.local/lib/python3.7/site-packages/airflow/example_dags/example_latest_only.py
[2022-08-09 08:12:50,730] {logging_mixin.py:109} INFO - [2022-08-09 08:12:50,730] {dag.py:2396} INFO - Sync 1 DAGs
[2022-08-09 08:12:50,747] {logging_mixin.py:109} INFO - [2022-08-09 08:12:50,747] {dag.py:2935} INFO - Setting next_dagrun for latest_only to 2022-08-09T04:12:50.747192+00:00
[2022-08-09 08:12:50,759] {processor.py:171} INFO - Processing /home/airflow/.local/lib/python3.7/site-packages/airflow/example_dags/example_latest_only.py took 0.079 seconds
[2022-08-09 08:13:20,832] {processor.py:163} INFO - Started process (PID=1179) to work on /home/airflow/.local/lib/python3.7/site-packages/airflow/example_dags/example_latest_only.py
[2022-08-09 08:13:20,835] {processor.py:642} INFO - Processing file /home/airflow/.local/lib/python3.7/site-packages/airflow/example_dags/example_latest_only.py for tasks to queue
[2022-08-09 08:13:20,837] {logging_mixin.py:109} INFO - [2022-08-09 08:13:20,837] {dagbag.py:500} INFO - Filling up the DagBag from /home/airflow/.local/lib/python3.7/site-packages/airflow/example_dags/example_latest_only.py
[2022-08-09 08:13:20,872] {processor.py:654} INFO - DAG(s) dict_keys(['latest_only']) retrieved from /home/airflow/.local/lib/python3.7/site-packages/airflow/example_dags/example_latest_only.py
[2022-08-09 08:13:20,887] {logging_mixin.py:109} INFO - [2022-08-09 08:13:20,887] {dag.py:2396} INFO - Sync 1 DAGs
[2022-08-09 08:13:20,904] {logging_mixin.py:109} INFO - [2022-08-09 08:13:20,904] {dag.py:2935} INFO - Setting next_dagrun for latest_only to 2022-08-09T04:13:20.904430+00:00
[2022-08-09 08:13:20,918] {processor.py:171} INFO - Processing /home/airflow/.local/lib/python3.7/site-packages/airflow/example_dags/example_latest_only.py took 0.090 seconds
[2022-08-09 08:13:51,754] {processor.py:163} INFO - Started process (PID=1240) to work on /home/airflow/.local/lib/python3.7/site-packages/airflow/example_dags/example_latest_only.py
[2022-08-09 08:13:51,756] {processor.py:642} INFO - Processing file /home/airflow/.local/lib/python3.7/site-packages/airflow/example_dags/example_latest_only.py for tasks to queue
[2022-08-09 08:13:51,757] {logging_mixin.py:109} INFO - [2022-08-09 08:13:51,757] {dagbag.py:500} INFO - Filling up the DagBag from /home/airflow/.local/lib/python3.7/site-packages/airflow/example_dags/example_latest_only.py
[2022-08-09 08:13:51,805] {processor.py:654} INFO - DAG(s) dict_keys(['latest_only']) retrieved from /home/airflow/.local/lib/python3.7/site-packages/airflow/example_dags/example_latest_only.py
[2022-08-09 08:13:51,817] {logging_mixin.py:109} INFO - [2022-08-09 08:13:51,817] {dag.py:2396} INFO - Sync 1 DAGs
[2022-08-09 08:13:51,838] {logging_mixin.py:109} INFO - [2022-08-09 08:13:51,838] {dag.py:2935} INFO - Setting next_dagrun for latest_only to 2022-08-09T04:13:51.837984+00:00
[2022-08-09 08:13:51,856] {processor.py:171} INFO - Processing /home/airflow/.local/lib/python3.7/site-packages/airflow/example_dags/example_latest_only.py took 0.107 seconds
[2022-08-09 08:14:22,750] {processor.py:163} INFO - Started process (PID=1309) to work on /home/airflow/.local/lib/python3.7/site-packages/airflow/example_dags/example_latest_only.py
[2022-08-09 08:14:22,754] {processor.py:642} INFO - Processing file /home/airflow/.local/lib/python3.7/site-packages/airflow/example_dags/example_latest_only.py for tasks to queue
[2022-08-09 08:14:22,756] {logging_mixin.py:109} INFO - [2022-08-09 08:14:22,755] {dagbag.py:500} INFO - Filling up the DagBag from /home/airflow/.local/lib/python3.7/site-packages/airflow/example_dags/example_latest_only.py
[2022-08-09 08:14:22,834] {processor.py:654} INFO - DAG(s) dict_keys(['latest_only']) retrieved from /home/airflow/.local/lib/python3.7/site-packages/airflow/example_dags/example_latest_only.py
[2022-08-09 08:14:22,849] {logging_mixin.py:109} INFO - [2022-08-09 08:14:22,849] {dag.py:2396} INFO - Sync 1 DAGs
[2022-08-09 08:14:22,874] {logging_mixin.py:109} INFO - [2022-08-09 08:14:22,874] {dag.py:2935} INFO - Setting next_dagrun for latest_only to 2022-08-09T04:14:22.874036+00:00
[2022-08-09 08:14:22,892] {processor.py:171} INFO - Processing /home/airflow/.local/lib/python3.7/site-packages/airflow/example_dags/example_latest_only.py took 0.146 seconds
[2022-08-09 08:14:53,370] {processor.py:163} INFO - Started process (PID=1368) to work on /home/airflow/.local/lib/python3.7/site-packages/airflow/example_dags/example_latest_only.py
[2022-08-09 08:14:53,373] {processor.py:642} INFO - Processing file /home/airflow/.local/lib/python3.7/site-packages/airflow/example_dags/example_latest_only.py for tasks to queue
[2022-08-09 08:14:53,374] {logging_mixin.py:109} INFO - [2022-08-09 08:14:53,374] {dagbag.py:500} INFO - Filling up the DagBag from /home/airflow/.local/lib/python3.7/site-packages/airflow/example_dags/example_latest_only.py
[2022-08-09 08:14:53,402] {processor.py:654} INFO - DAG(s) dict_keys(['latest_only']) retrieved from /home/airflow/.local/lib/python3.7/site-packages/airflow/example_dags/example_latest_only.py
[2022-08-09 08:14:53,413] {logging_mixin.py:109} INFO - [2022-08-09 08:14:53,413] {dag.py:2396} INFO - Sync 1 DAGs
[2022-08-09 08:14:53,429] {logging_mixin.py:109} INFO - [2022-08-09 08:14:53,429] {dag.py:2935} INFO - Setting next_dagrun for latest_only to 2022-08-09T04:14:53.429160+00:00
[2022-08-09 08:14:53,440] {processor.py:171} INFO - Processing /home/airflow/.local/lib/python3.7/site-packages/airflow/example_dags/example_latest_only.py took 0.074 seconds
[2022-08-09 08:15:23,798] {processor.py:163} INFO - Started process (PID=1428) to work on /home/airflow/.local/lib/python3.7/site-packages/airflow/example_dags/example_latest_only.py
[2022-08-09 08:15:23,801] {processor.py:642} INFO - Processing file /home/airflow/.local/lib/python3.7/site-packages/airflow/example_dags/example_latest_only.py for tasks to queue
[2022-08-09 08:15:23,803] {logging_mixin.py:109} INFO - [2022-08-09 08:15:23,803] {dagbag.py:500} INFO - Filling up the DagBag from /home/airflow/.local/lib/python3.7/site-packages/airflow/example_dags/example_latest_only.py
[2022-08-09 08:15:23,848] {processor.py:654} INFO - DAG(s) dict_keys(['latest_only']) retrieved from /home/airflow/.local/lib/python3.7/site-packages/airflow/example_dags/example_latest_only.py
[2022-08-09 08:15:23,867] {logging_mixin.py:109} INFO - [2022-08-09 08:15:23,867] {dag.py:2396} INFO - Sync 1 DAGs
[2022-08-09 08:15:23,887] {logging_mixin.py:109} INFO - [2022-08-09 08:15:23,887] {dag.py:2935} INFO - Setting next_dagrun for latest_only to 2022-08-09T04:15:23.887451+00:00
[2022-08-09 08:15:23,902] {processor.py:171} INFO - Processing /home/airflow/.local/lib/python3.7/site-packages/airflow/example_dags/example_latest_only.py took 0.111 seconds
[2022-08-09 08:15:54,453] {processor.py:163} INFO - Started process (PID=1499) to work on /home/airflow/.local/lib/python3.7/site-packages/airflow/example_dags/example_latest_only.py
[2022-08-09 08:15:54,454] {processor.py:642} INFO - Processing file /home/airflow/.local/lib/python3.7/site-packages/airflow/example_dags/example_latest_only.py for tasks to queue
[2022-08-09 08:15:54,456] {logging_mixin.py:109} INFO - [2022-08-09 08:15:54,456] {dagbag.py:500} INFO - Filling up the DagBag from /home/airflow/.local/lib/python3.7/site-packages/airflow/example_dags/example_latest_only.py
[2022-08-09 08:15:54,497] {processor.py:654} INFO - DAG(s) dict_keys(['latest_only']) retrieved from /home/airflow/.local/lib/python3.7/site-packages/airflow/example_dags/example_latest_only.py
[2022-08-09 08:15:54,509] {logging_mixin.py:109} INFO - [2022-08-09 08:15:54,509] {dag.py:2396} INFO - Sync 1 DAGs
[2022-08-09 08:15:54,527] {logging_mixin.py:109} INFO - [2022-08-09 08:15:54,526] {dag.py:2935} INFO - Setting next_dagrun for latest_only to 2022-08-09T04:15:54.526639+00:00
[2022-08-09 08:15:54,544] {processor.py:171} INFO - Processing /home/airflow/.local/lib/python3.7/site-packages/airflow/example_dags/example_latest_only.py took 0.095 seconds
[2022-08-09 08:16:24,864] {processor.py:163} INFO - Started process (PID=1558) to work on /home/airflow/.local/lib/python3.7/site-packages/airflow/example_dags/example_latest_only.py
[2022-08-09 08:16:24,867] {processor.py:642} INFO - Processing file /home/airflow/.local/lib/python3.7/site-packages/airflow/example_dags/example_latest_only.py for tasks to queue
[2022-08-09 08:16:24,869] {logging_mixin.py:109} INFO - [2022-08-09 08:16:24,869] {dagbag.py:500} INFO - Filling up the DagBag from /home/airflow/.local/lib/python3.7/site-packages/airflow/example_dags/example_latest_only.py
[2022-08-09 08:16:24,900] {processor.py:654} INFO - DAG(s) dict_keys(['latest_only']) retrieved from /home/airflow/.local/lib/python3.7/site-packages/airflow/example_dags/example_latest_only.py
[2022-08-09 08:16:24,911] {logging_mixin.py:109} INFO - [2022-08-09 08:16:24,910] {dag.py:2396} INFO - Sync 1 DAGs
[2022-08-09 08:16:24,926] {logging_mixin.py:109} INFO - [2022-08-09 08:16:24,926] {dag.py:2935} INFO - Setting next_dagrun for latest_only to 2022-08-09T04:16:24.926508+00:00
[2022-08-09 08:16:24,937] {processor.py:171} INFO - Processing /home/airflow/.local/lib/python3.7/site-packages/airflow/example_dags/example_latest_only.py took 0.077 seconds
[2022-08-09 08:16:55,538] {processor.py:163} INFO - Started process (PID=1627) to work on /home/airflow/.local/lib/python3.7/site-packages/airflow/example_dags/example_latest_only.py
[2022-08-09 08:16:55,540] {processor.py:642} INFO - Processing file /home/airflow/.local/lib/python3.7/site-packages/airflow/example_dags/example_latest_only.py for tasks to queue
[2022-08-09 08:16:55,542] {logging_mixin.py:109} INFO - [2022-08-09 08:16:55,542] {dagbag.py:500} INFO - Filling up the DagBag from /home/airflow/.local/lib/python3.7/site-packages/airflow/example_dags/example_latest_only.py
[2022-08-09 08:16:55,570] {processor.py:654} INFO - DAG(s) dict_keys(['latest_only']) retrieved from /home/airflow/.local/lib/python3.7/site-packages/airflow/example_dags/example_latest_only.py
[2022-08-09 08:16:55,581] {logging_mixin.py:109} INFO - [2022-08-09 08:16:55,581] {dag.py:2396} INFO - Sync 1 DAGs
[2022-08-09 08:16:55,598] {logging_mixin.py:109} INFO - [2022-08-09 08:16:55,597] {dag.py:2935} INFO - Setting next_dagrun for latest_only to 2022-08-09T04:16:55.597590+00:00
[2022-08-09 08:16:55,609] {processor.py:171} INFO - Processing /home/airflow/.local/lib/python3.7/site-packages/airflow/example_dags/example_latest_only.py took 0.075 seconds
[2022-08-09 08:17:25,956] {processor.py:163} INFO - Started process (PID=1687) to work on /home/airflow/.local/lib/python3.7/site-packages/airflow/example_dags/example_latest_only.py
[2022-08-09 08:17:25,958] {processor.py:642} INFO - Processing file /home/airflow/.local/lib/python3.7/site-packages/airflow/example_dags/example_latest_only.py for tasks to queue
[2022-08-09 08:17:25,959] {logging_mixin.py:109} INFO - [2022-08-09 08:17:25,959] {dagbag.py:500} INFO - Filling up the DagBag from /home/airflow/.local/lib/python3.7/site-packages/airflow/example_dags/example_latest_only.py
[2022-08-09 08:17:25,990] {processor.py:654} INFO - DAG(s) dict_keys(['latest_only']) retrieved from /home/airflow/.local/lib/python3.7/site-packages/airflow/example_dags/example_latest_only.py
[2022-08-09 08:17:26,001] {logging_mixin.py:109} INFO - [2022-08-09 08:17:26,001] {dag.py:2396} INFO - Sync 1 DAGs
[2022-08-09 08:17:26,019] {logging_mixin.py:109} INFO - [2022-08-09 08:17:26,019] {dag.py:2935} INFO - Setting next_dagrun for latest_only to 2022-08-09T04:17:26.019131+00:00
[2022-08-09 08:17:26,033] {processor.py:171} INFO - Processing /home/airflow/.local/lib/python3.7/site-packages/airflow/example_dags/example_latest_only.py took 0.081 seconds
[2022-08-09 08:17:56,390] {processor.py:163} INFO - Started process (PID=1756) to work on /home/airflow/.local/lib/python3.7/site-packages/airflow/example_dags/example_latest_only.py
[2022-08-09 08:17:56,393] {processor.py:642} INFO - Processing file /home/airflow/.local/lib/python3.7/site-packages/airflow/example_dags/example_latest_only.py for tasks to queue
[2022-08-09 08:17:56,395] {logging_mixin.py:109} INFO - [2022-08-09 08:17:56,395] {dagbag.py:500} INFO - Filling up the DagBag from /home/airflow/.local/lib/python3.7/site-packages/airflow/example_dags/example_latest_only.py
[2022-08-09 08:17:56,437] {processor.py:654} INFO - DAG(s) dict_keys(['latest_only']) retrieved from /home/airflow/.local/lib/python3.7/site-packages/airflow/example_dags/example_latest_only.py
[2022-08-09 08:17:56,455] {logging_mixin.py:109} INFO - [2022-08-09 08:17:56,455] {dag.py:2396} INFO - Sync 1 DAGs
[2022-08-09 08:17:56,480] {logging_mixin.py:109} INFO - [2022-08-09 08:17:56,480] {dag.py:2935} INFO - Setting next_dagrun for latest_only to 2022-08-09T04:17:56.480201+00:00
[2022-08-09 08:17:56,492] {processor.py:171} INFO - Processing /home/airflow/.local/lib/python3.7/site-packages/airflow/example_dags/example_latest_only.py took 0.106 seconds
[2022-08-09 08:18:26,999] {processor.py:163} INFO - Started process (PID=1816) to work on /home/airflow/.local/lib/python3.7/site-packages/airflow/example_dags/example_latest_only.py
[2022-08-09 08:18:27,002] {processor.py:642} INFO - Processing file /home/airflow/.local/lib/python3.7/site-packages/airflow/example_dags/example_latest_only.py for tasks to queue
[2022-08-09 08:18:27,003] {logging_mixin.py:109} INFO - [2022-08-09 08:18:27,003] {dagbag.py:500} INFO - Filling up the DagBag from /home/airflow/.local/lib/python3.7/site-packages/airflow/example_dags/example_latest_only.py
[2022-08-09 08:18:27,041] {processor.py:654} INFO - DAG(s) dict_keys(['latest_only']) retrieved from /home/airflow/.local/lib/python3.7/site-packages/airflow/example_dags/example_latest_only.py
[2022-08-09 08:18:27,054] {logging_mixin.py:109} INFO - [2022-08-09 08:18:27,054] {dag.py:2396} INFO - Sync 1 DAGs
[2022-08-09 08:18:27,076] {logging_mixin.py:109} INFO - [2022-08-09 08:18:27,076] {dag.py:2935} INFO - Setting next_dagrun for latest_only to 2022-08-09T04:18:27.075695+00:00
[2022-08-09 08:18:27,089] {processor.py:171} INFO - Processing /home/airflow/.local/lib/python3.7/site-packages/airflow/example_dags/example_latest_only.py took 0.095 seconds
[2022-08-09 08:18:57,453] {processor.py:163} INFO - Started process (PID=1885) to work on /home/airflow/.local/lib/python3.7/site-packages/airflow/example_dags/example_latest_only.py
[2022-08-09 08:18:57,455] {processor.py:642} INFO - Processing file /home/airflow/.local/lib/python3.7/site-packages/airflow/example_dags/example_latest_only.py for tasks to queue
[2022-08-09 08:18:57,457] {logging_mixin.py:109} INFO - [2022-08-09 08:18:57,456] {dagbag.py:500} INFO - Filling up the DagBag from /home/airflow/.local/lib/python3.7/site-packages/airflow/example_dags/example_latest_only.py
[2022-08-09 08:18:57,490] {processor.py:654} INFO - DAG(s) dict_keys(['latest_only']) retrieved from /home/airflow/.local/lib/python3.7/site-packages/airflow/example_dags/example_latest_only.py
[2022-08-09 08:18:57,501] {logging_mixin.py:109} INFO - [2022-08-09 08:18:57,501] {dag.py:2396} INFO - Sync 1 DAGs
[2022-08-09 08:18:57,518] {logging_mixin.py:109} INFO - [2022-08-09 08:18:57,518] {dag.py:2935} INFO - Setting next_dagrun for latest_only to 2022-08-09T04:18:57.517940+00:00
[2022-08-09 08:18:57,530] {processor.py:171} INFO - Processing /home/airflow/.local/lib/python3.7/site-packages/airflow/example_dags/example_latest_only.py took 0.081 seconds
[2022-08-09 08:19:27,928] {processor.py:163} INFO - Started process (PID=1945) to work on /home/airflow/.local/lib/python3.7/site-packages/airflow/example_dags/example_latest_only.py
[2022-08-09 08:19:27,936] {processor.py:642} INFO - Processing file /home/airflow/.local/lib/python3.7/site-packages/airflow/example_dags/example_latest_only.py for tasks to queue
[2022-08-09 08:19:27,938] {logging_mixin.py:109} INFO - [2022-08-09 08:19:27,938] {dagbag.py:500} INFO - Filling up the DagBag from /home/airflow/.local/lib/python3.7/site-packages/airflow/example_dags/example_latest_only.py
[2022-08-09 08:19:27,969] {processor.py:654} INFO - DAG(s) dict_keys(['latest_only']) retrieved from /home/airflow/.local/lib/python3.7/site-packages/airflow/example_dags/example_latest_only.py
[2022-08-09 08:19:27,982] {logging_mixin.py:109} INFO - [2022-08-09 08:19:27,981] {dag.py:2396} INFO - Sync 1 DAGs
[2022-08-09 08:19:28,081] {logging_mixin.py:109} INFO - [2022-08-09 08:19:28,081] {dag.py:2935} INFO - Setting next_dagrun for latest_only to 2022-08-09T04:19:28.081281+00:00
[2022-08-09 08:19:28,090] {processor.py:171} INFO - Processing /home/airflow/.local/lib/python3.7/site-packages/airflow/example_dags/example_latest_only.py took 0.166 seconds
[2022-08-09 08:19:58,500] {processor.py:163} INFO - Started process (PID=2014) to work on /home/airflow/.local/lib/python3.7/site-packages/airflow/example_dags/example_latest_only.py
[2022-08-09 08:19:58,502] {processor.py:642} INFO - Processing file /home/airflow/.local/lib/python3.7/site-packages/airflow/example_dags/example_latest_only.py for tasks to queue
[2022-08-09 08:19:58,504] {logging_mixin.py:109} INFO - [2022-08-09 08:19:58,504] {dagbag.py:500} INFO - Filling up the DagBag from /home/airflow/.local/lib/python3.7/site-packages/airflow/example_dags/example_latest_only.py
[2022-08-09 08:19:58,539] {processor.py:654} INFO - DAG(s) dict_keys(['latest_only']) retrieved from /home/airflow/.local/lib/python3.7/site-packages/airflow/example_dags/example_latest_only.py
[2022-08-09 08:19:58,551] {logging_mixin.py:109} INFO - [2022-08-09 08:19:58,551] {dag.py:2396} INFO - Sync 1 DAGs
[2022-08-09 08:19:58,651] {logging_mixin.py:109} INFO - [2022-08-09 08:19:58,651] {dag.py:2935} INFO - Setting next_dagrun for latest_only to 2022-08-09T04:19:58.651162+00:00
[2022-08-09 08:19:58,663] {processor.py:171} INFO - Processing /home/airflow/.local/lib/python3.7/site-packages/airflow/example_dags/example_latest_only.py took 0.167 seconds
[2022-08-09 08:20:29,239] {processor.py:163} INFO - Started process (PID=2074) to work on /home/airflow/.local/lib/python3.7/site-packages/airflow/example_dags/example_latest_only.py
[2022-08-09 08:20:29,241] {processor.py:642} INFO - Processing file /home/airflow/.local/lib/python3.7/site-packages/airflow/example_dags/example_latest_only.py for tasks to queue
[2022-08-09 08:20:29,243] {logging_mixin.py:109} INFO - [2022-08-09 08:20:29,243] {dagbag.py:500} INFO - Filling up the DagBag from /home/airflow/.local/lib/python3.7/site-packages/airflow/example_dags/example_latest_only.py
[2022-08-09 08:20:29,273] {processor.py:654} INFO - DAG(s) dict_keys(['latest_only']) retrieved from /home/airflow/.local/lib/python3.7/site-packages/airflow/example_dags/example_latest_only.py
[2022-08-09 08:20:29,371] {logging_mixin.py:109} INFO - [2022-08-09 08:20:29,371] {dag.py:2396} INFO - Sync 1 DAGs
[2022-08-09 08:20:29,388] {logging_mixin.py:109} INFO - [2022-08-09 08:20:29,388] {dag.py:2935} INFO - Setting next_dagrun for latest_only to 2022-08-09T04:20:29.387848+00:00
[2022-08-09 08:20:29,399] {processor.py:171} INFO - Processing /home/airflow/.local/lib/python3.7/site-packages/airflow/example_dags/example_latest_only.py took 0.164 seconds
[2022-08-09 08:20:59,749] {processor.py:163} INFO - Started process (PID=2144) to work on /home/airflow/.local/lib/python3.7/site-packages/airflow/example_dags/example_latest_only.py
[2022-08-09 08:20:59,752] {processor.py:642} INFO - Processing file /home/airflow/.local/lib/python3.7/site-packages/airflow/example_dags/example_latest_only.py for tasks to queue
[2022-08-09 08:20:59,754] {logging_mixin.py:109} INFO - [2022-08-09 08:20:59,754] {dagbag.py:500} INFO - Filling up the DagBag from /home/airflow/.local/lib/python3.7/site-packages/airflow/example_dags/example_latest_only.py
[2022-08-09 08:20:59,803] {processor.py:654} INFO - DAG(s) dict_keys(['latest_only']) retrieved from /home/airflow/.local/lib/python3.7/site-packages/airflow/example_dags/example_latest_only.py
[2022-08-09 08:20:59,916] {logging_mixin.py:109} INFO - [2022-08-09 08:20:59,916] {dag.py:2396} INFO - Sync 1 DAGs
[2022-08-09 08:20:59,942] {logging_mixin.py:109} INFO - [2022-08-09 08:20:59,942] {dag.py:2935} INFO - Setting next_dagrun for latest_only to 2022-08-09T04:20:59.941720+00:00
[2022-08-09 08:20:59,958] {processor.py:171} INFO - Processing /home/airflow/.local/lib/python3.7/site-packages/airflow/example_dags/example_latest_only.py took 0.213 seconds
[2022-08-09 08:21:30,416] {processor.py:163} INFO - Started process (PID=2205) to work on /home/airflow/.local/lib/python3.7/site-packages/airflow/example_dags/example_latest_only.py
[2022-08-09 08:21:30,418] {processor.py:642} INFO - Processing file /home/airflow/.local/lib/python3.7/site-packages/airflow/example_dags/example_latest_only.py for tasks to queue
[2022-08-09 08:21:30,420] {logging_mixin.py:109} INFO - [2022-08-09 08:21:30,419] {dagbag.py:500} INFO - Filling up the DagBag from /home/airflow/.local/lib/python3.7/site-packages/airflow/example_dags/example_latest_only.py
[2022-08-09 08:21:30,541] {processor.py:654} INFO - DAG(s) dict_keys(['latest_only']) retrieved from /home/airflow/.local/lib/python3.7/site-packages/airflow/example_dags/example_latest_only.py
[2022-08-09 08:21:30,550] {logging_mixin.py:109} INFO - [2022-08-09 08:21:30,550] {dag.py:2396} INFO - Sync 1 DAGs
[2022-08-09 08:21:30,565] {logging_mixin.py:109} INFO - [2022-08-09 08:21:30,565] {dag.py:2935} INFO - Setting next_dagrun for latest_only to 2022-08-09T04:21:30.564890+00:00
[2022-08-09 08:21:30,575] {processor.py:171} INFO - Processing /home/airflow/.local/lib/python3.7/site-packages/airflow/example_dags/example_latest_only.py took 0.162 seconds
[2022-08-09 08:22:00,990] {processor.py:163} INFO - Started process (PID=2273) to work on /home/airflow/.local/lib/python3.7/site-packages/airflow/example_dags/example_latest_only.py
[2022-08-09 08:22:00,993] {processor.py:642} INFO - Processing file /home/airflow/.local/lib/python3.7/site-packages/airflow/example_dags/example_latest_only.py for tasks to queue
[2022-08-09 08:22:00,995] {logging_mixin.py:109} INFO - [2022-08-09 08:22:00,995] {dagbag.py:500} INFO - Filling up the DagBag from /home/airflow/.local/lib/python3.7/site-packages/airflow/example_dags/example_latest_only.py
[2022-08-09 08:22:01,109] {processor.py:654} INFO - DAG(s) dict_keys(['latest_only']) retrieved from /home/airflow/.local/lib/python3.7/site-packages/airflow/example_dags/example_latest_only.py
[2022-08-09 08:22:01,119] {logging_mixin.py:109} INFO - [2022-08-09 08:22:01,119] {dag.py:2396} INFO - Sync 1 DAGs
[2022-08-09 08:22:01,151] {logging_mixin.py:109} INFO - [2022-08-09 08:22:01,151] {dag.py:2935} INFO - Setting next_dagrun for latest_only to 2022-08-09T04:22:01.151310+00:00
[2022-08-09 08:22:01,163] {processor.py:171} INFO - Processing /home/airflow/.local/lib/python3.7/site-packages/airflow/example_dags/example_latest_only.py took 0.176 seconds
[2022-08-09 08:22:31,576] {processor.py:163} INFO - Started process (PID=2333) to work on /home/airflow/.local/lib/python3.7/site-packages/airflow/example_dags/example_latest_only.py
[2022-08-09 08:22:31,579] {processor.py:642} INFO - Processing file /home/airflow/.local/lib/python3.7/site-packages/airflow/example_dags/example_latest_only.py for tasks to queue
[2022-08-09 08:22:31,580] {logging_mixin.py:109} INFO - [2022-08-09 08:22:31,580] {dagbag.py:500} INFO - Filling up the DagBag from /home/airflow/.local/lib/python3.7/site-packages/airflow/example_dags/example_latest_only.py
[2022-08-09 08:22:31,706] {processor.py:654} INFO - DAG(s) dict_keys(['latest_only']) retrieved from /home/airflow/.local/lib/python3.7/site-packages/airflow/example_dags/example_latest_only.py
[2022-08-09 08:22:31,718] {logging_mixin.py:109} INFO - [2022-08-09 08:22:31,717] {dag.py:2396} INFO - Sync 1 DAGs
[2022-08-09 08:22:31,733] {logging_mixin.py:109} INFO - [2022-08-09 08:22:31,733] {dag.py:2935} INFO - Setting next_dagrun for latest_only to 2022-08-09T04:22:31.733283+00:00
[2022-08-09 08:22:31,745] {processor.py:171} INFO - Processing /home/airflow/.local/lib/python3.7/site-packages/airflow/example_dags/example_latest_only.py took 0.173 seconds
[2022-08-09 08:23:02,197] {processor.py:163} INFO - Started process (PID=2401) to work on /home/airflow/.local/lib/python3.7/site-packages/airflow/example_dags/example_latest_only.py
[2022-08-09 08:23:02,201] {processor.py:642} INFO - Processing file /home/airflow/.local/lib/python3.7/site-packages/airflow/example_dags/example_latest_only.py for tasks to queue
[2022-08-09 08:23:02,203] {logging_mixin.py:109} INFO - [2022-08-09 08:23:02,203] {dagbag.py:500} INFO - Filling up the DagBag from /home/airflow/.local/lib/python3.7/site-packages/airflow/example_dags/example_latest_only.py
[2022-08-09 08:23:02,247] {processor.py:654} INFO - DAG(s) dict_keys(['latest_only']) retrieved from /home/airflow/.local/lib/python3.7/site-packages/airflow/example_dags/example_latest_only.py
[2022-08-09 08:23:02,272] {logging_mixin.py:109} INFO - [2022-08-09 08:23:02,272] {dag.py:2396} INFO - Sync 1 DAGs
[2022-08-09 08:23:02,295] {logging_mixin.py:109} INFO - [2022-08-09 08:23:02,295] {dag.py:2935} INFO - Setting next_dagrun for latest_only to 2022-08-09T04:23:02.295200+00:00
[2022-08-09 08:23:02,316] {processor.py:171} INFO - Processing /home/airflow/.local/lib/python3.7/site-packages/airflow/example_dags/example_latest_only.py took 0.122 seconds
[2022-08-09 08:23:32,644] {processor.py:163} INFO - Started process (PID=2464) to work on /home/airflow/.local/lib/python3.7/site-packages/airflow/example_dags/example_latest_only.py
[2022-08-09 08:23:32,648] {processor.py:642} INFO - Processing file /home/airflow/.local/lib/python3.7/site-packages/airflow/example_dags/example_latest_only.py for tasks to queue
[2022-08-09 08:23:32,650] {logging_mixin.py:109} INFO - [2022-08-09 08:23:32,650] {dagbag.py:500} INFO - Filling up the DagBag from /home/airflow/.local/lib/python3.7/site-packages/airflow/example_dags/example_latest_only.py
[2022-08-09 08:23:32,702] {processor.py:654} INFO - DAG(s) dict_keys(['latest_only']) retrieved from /home/airflow/.local/lib/python3.7/site-packages/airflow/example_dags/example_latest_only.py
[2022-08-09 08:23:32,720] {logging_mixin.py:109} INFO - [2022-08-09 08:23:32,719] {dag.py:2396} INFO - Sync 1 DAGs
[2022-08-09 08:23:32,738] {logging_mixin.py:109} INFO - [2022-08-09 08:23:32,738] {dag.py:2935} INFO - Setting next_dagrun for latest_only to 2022-08-09T04:23:32.737911+00:00
[2022-08-09 08:23:32,750] {processor.py:171} INFO - Processing /home/airflow/.local/lib/python3.7/site-packages/airflow/example_dags/example_latest_only.py took 0.113 seconds
[2022-08-09 08:24:03,031] {processor.py:163} INFO - Started process (PID=2525) to work on /home/airflow/.local/lib/python3.7/site-packages/airflow/example_dags/example_latest_only.py
[2022-08-09 08:24:03,032] {processor.py:642} INFO - Processing file /home/airflow/.local/lib/python3.7/site-packages/airflow/example_dags/example_latest_only.py for tasks to queue
[2022-08-09 08:24:03,034] {logging_mixin.py:109} INFO - [2022-08-09 08:24:03,034] {dagbag.py:500} INFO - Filling up the DagBag from /home/airflow/.local/lib/python3.7/site-packages/airflow/example_dags/example_latest_only.py
[2022-08-09 08:24:03,063] {processor.py:654} INFO - DAG(s) dict_keys(['latest_only']) retrieved from /home/airflow/.local/lib/python3.7/site-packages/airflow/example_dags/example_latest_only.py
[2022-08-09 08:24:03,073] {logging_mixin.py:109} INFO - [2022-08-09 08:24:03,073] {dag.py:2396} INFO - Sync 1 DAGs
[2022-08-09 08:24:03,091] {logging_mixin.py:109} INFO - [2022-08-09 08:24:03,091] {dag.py:2935} INFO - Setting next_dagrun for latest_only to 2022-08-09T04:24:03.090987+00:00
[2022-08-09 08:24:03,102] {processor.py:171} INFO - Processing /home/airflow/.local/lib/python3.7/site-packages/airflow/example_dags/example_latest_only.py took 0.076 seconds
[2022-08-09 08:24:33,418] {processor.py:163} INFO - Started process (PID=2595) to work on /home/airflow/.local/lib/python3.7/site-packages/airflow/example_dags/example_latest_only.py
[2022-08-09 08:24:33,420] {processor.py:642} INFO - Processing file /home/airflow/.local/lib/python3.7/site-packages/airflow/example_dags/example_latest_only.py for tasks to queue
[2022-08-09 08:24:33,422] {logging_mixin.py:109} INFO - [2022-08-09 08:24:33,422] {dagbag.py:500} INFO - Filling up the DagBag from /home/airflow/.local/lib/python3.7/site-packages/airflow/example_dags/example_latest_only.py
[2022-08-09 08:24:33,456] {processor.py:654} INFO - DAG(s) dict_keys(['latest_only']) retrieved from /home/airflow/.local/lib/python3.7/site-packages/airflow/example_dags/example_latest_only.py
[2022-08-09 08:24:33,467] {logging_mixin.py:109} INFO - [2022-08-09 08:24:33,467] {dag.py:2396} INFO - Sync 1 DAGs
[2022-08-09 08:24:33,495] {logging_mixin.py:109} INFO - [2022-08-09 08:24:33,495] {dag.py:2935} INFO - Setting next_dagrun for latest_only to 2022-08-09T04:24:33.495258+00:00
[2022-08-09 08:24:33,507] {processor.py:171} INFO - Processing /home/airflow/.local/lib/python3.7/site-packages/airflow/example_dags/example_latest_only.py took 0.092 seconds
[2022-08-09 08:25:04,427] {processor.py:163} INFO - Started process (PID=2656) to work on /home/airflow/.local/lib/python3.7/site-packages/airflow/example_dags/example_latest_only.py
[2022-08-09 08:25:04,429] {processor.py:642} INFO - Processing file /home/airflow/.local/lib/python3.7/site-packages/airflow/example_dags/example_latest_only.py for tasks to queue
[2022-08-09 08:25:04,430] {logging_mixin.py:109} INFO - [2022-08-09 08:25:04,430] {dagbag.py:500} INFO - Filling up the DagBag from /home/airflow/.local/lib/python3.7/site-packages/airflow/example_dags/example_latest_only.py
[2022-08-09 08:25:04,460] {processor.py:654} INFO - DAG(s) dict_keys(['latest_only']) retrieved from /home/airflow/.local/lib/python3.7/site-packages/airflow/example_dags/example_latest_only.py
[2022-08-09 08:25:04,471] {logging_mixin.py:109} INFO - [2022-08-09 08:25:04,470] {dag.py:2396} INFO - Sync 1 DAGs
[2022-08-09 08:25:04,488] {logging_mixin.py:109} INFO - [2022-08-09 08:25:04,487] {dag.py:2935} INFO - Setting next_dagrun for latest_only to 2022-08-09T04:25:04.487594+00:00
[2022-08-09 08:25:04,499] {processor.py:171} INFO - Processing /home/airflow/.local/lib/python3.7/site-packages/airflow/example_dags/example_latest_only.py took 0.076 seconds
[2022-08-09 08:25:34,930] {processor.py:163} INFO - Started process (PID=2725) to work on /home/airflow/.local/lib/python3.7/site-packages/airflow/example_dags/example_latest_only.py
[2022-08-09 08:25:34,932] {processor.py:642} INFO - Processing file /home/airflow/.local/lib/python3.7/site-packages/airflow/example_dags/example_latest_only.py for tasks to queue
[2022-08-09 08:25:34,933] {logging_mixin.py:109} INFO - [2022-08-09 08:25:34,933] {dagbag.py:500} INFO - Filling up the DagBag from /home/airflow/.local/lib/python3.7/site-packages/airflow/example_dags/example_latest_only.py
[2022-08-09 08:25:34,964] {processor.py:654} INFO - DAG(s) dict_keys(['latest_only']) retrieved from /home/airflow/.local/lib/python3.7/site-packages/airflow/example_dags/example_latest_only.py
[2022-08-09 08:25:34,975] {logging_mixin.py:109} INFO - [2022-08-09 08:25:34,975] {dag.py:2396} INFO - Sync 1 DAGs
[2022-08-09 08:25:34,993] {logging_mixin.py:109} INFO - [2022-08-09 08:25:34,993] {dag.py:2935} INFO - Setting next_dagrun for latest_only to 2022-08-09T04:25:34.993361+00:00
[2022-08-09 08:25:35,005] {processor.py:171} INFO - Processing /home/airflow/.local/lib/python3.7/site-packages/airflow/example_dags/example_latest_only.py took 0.080 seconds
[2022-08-09 08:26:05,258] {processor.py:163} INFO - Started process (PID=2785) to work on /home/airflow/.local/lib/python3.7/site-packages/airflow/example_dags/example_latest_only.py
[2022-08-09 08:26:05,261] {processor.py:642} INFO - Processing file /home/airflow/.local/lib/python3.7/site-packages/airflow/example_dags/example_latest_only.py for tasks to queue
[2022-08-09 08:26:05,263] {logging_mixin.py:109} INFO - [2022-08-09 08:26:05,263] {dagbag.py:500} INFO - Filling up the DagBag from /home/airflow/.local/lib/python3.7/site-packages/airflow/example_dags/example_latest_only.py
[2022-08-09 08:26:05,298] {processor.py:654} INFO - DAG(s) dict_keys(['latest_only']) retrieved from /home/airflow/.local/lib/python3.7/site-packages/airflow/example_dags/example_latest_only.py
[2022-08-09 08:26:05,313] {logging_mixin.py:109} INFO - [2022-08-09 08:26:05,313] {dag.py:2396} INFO - Sync 1 DAGs
[2022-08-09 08:26:05,336] {logging_mixin.py:109} INFO - [2022-08-09 08:26:05,336] {dag.py:2935} INFO - Setting next_dagrun for latest_only to 2022-08-09T04:26:05.335909+00:00
[2022-08-09 08:26:05,358] {processor.py:171} INFO - Processing /home/airflow/.local/lib/python3.7/site-packages/airflow/example_dags/example_latest_only.py took 0.107 seconds
[2022-08-09 08:26:35,560] {processor.py:163} INFO - Started process (PID=2854) to work on /home/airflow/.local/lib/python3.7/site-packages/airflow/example_dags/example_latest_only.py
[2022-08-09 08:26:35,562] {processor.py:642} INFO - Processing file /home/airflow/.local/lib/python3.7/site-packages/airflow/example_dags/example_latest_only.py for tasks to queue
[2022-08-09 08:26:35,563] {logging_mixin.py:109} INFO - [2022-08-09 08:26:35,563] {dagbag.py:500} INFO - Filling up the DagBag from /home/airflow/.local/lib/python3.7/site-packages/airflow/example_dags/example_latest_only.py
[2022-08-09 08:26:35,594] {processor.py:654} INFO - DAG(s) dict_keys(['latest_only']) retrieved from /home/airflow/.local/lib/python3.7/site-packages/airflow/example_dags/example_latest_only.py
[2022-08-09 08:26:35,605] {logging_mixin.py:109} INFO - [2022-08-09 08:26:35,604] {dag.py:2396} INFO - Sync 1 DAGs
[2022-08-09 08:26:35,624] {logging_mixin.py:109} INFO - [2022-08-09 08:26:35,624] {dag.py:2935} INFO - Setting next_dagrun for latest_only to 2022-08-09T04:26:35.623747+00:00
[2022-08-09 08:26:35,638] {processor.py:171} INFO - Processing /home/airflow/.local/lib/python3.7/site-packages/airflow/example_dags/example_latest_only.py took 0.081 seconds
[2022-08-09 08:27:06,196] {processor.py:163} INFO - Started process (PID=2915) to work on /home/airflow/.local/lib/python3.7/site-packages/airflow/example_dags/example_latest_only.py
[2022-08-09 08:27:06,198] {processor.py:642} INFO - Processing file /home/airflow/.local/lib/python3.7/site-packages/airflow/example_dags/example_latest_only.py for tasks to queue
[2022-08-09 08:27:06,199] {logging_mixin.py:109} INFO - [2022-08-09 08:27:06,199] {dagbag.py:500} INFO - Filling up the DagBag from /home/airflow/.local/lib/python3.7/site-packages/airflow/example_dags/example_latest_only.py
[2022-08-09 08:27:06,227] {processor.py:654} INFO - DAG(s) dict_keys(['latest_only']) retrieved from /home/airflow/.local/lib/python3.7/site-packages/airflow/example_dags/example_latest_only.py
[2022-08-09 08:27:06,238] {logging_mixin.py:109} INFO - [2022-08-09 08:27:06,238] {dag.py:2396} INFO - Sync 1 DAGs
[2022-08-09 08:27:06,254] {logging_mixin.py:109} INFO - [2022-08-09 08:27:06,253] {dag.py:2935} INFO - Setting next_dagrun for latest_only to 2022-08-09T04:27:06.253639+00:00
[2022-08-09 08:27:06,264] {processor.py:171} INFO - Processing /home/airflow/.local/lib/python3.7/site-packages/airflow/example_dags/example_latest_only.py took 0.072 seconds
[2022-08-09 08:27:36,346] {processor.py:163} INFO - Started process (PID=2985) to work on /home/airflow/.local/lib/python3.7/site-packages/airflow/example_dags/example_latest_only.py
[2022-08-09 08:27:36,349] {processor.py:642} INFO - Processing file /home/airflow/.local/lib/python3.7/site-packages/airflow/example_dags/example_latest_only.py for tasks to queue
[2022-08-09 08:27:36,350] {logging_mixin.py:109} INFO - [2022-08-09 08:27:36,350] {dagbag.py:500} INFO - Filling up the DagBag from /home/airflow/.local/lib/python3.7/site-packages/airflow/example_dags/example_latest_only.py
[2022-08-09 08:27:36,380] {processor.py:654} INFO - DAG(s) dict_keys(['latest_only']) retrieved from /home/airflow/.local/lib/python3.7/site-packages/airflow/example_dags/example_latest_only.py
[2022-08-09 08:27:36,393] {logging_mixin.py:109} INFO - [2022-08-09 08:27:36,393] {dag.py:2396} INFO - Sync 1 DAGs
[2022-08-09 08:27:36,411] {logging_mixin.py:109} INFO - [2022-08-09 08:27:36,411] {dag.py:2935} INFO - Setting next_dagrun for latest_only to 2022-08-09T04:27:36.411196+00:00
[2022-08-09 08:27:36,422] {processor.py:171} INFO - Processing /home/airflow/.local/lib/python3.7/site-packages/airflow/example_dags/example_latest_only.py took 0.080 seconds
[2022-08-09 08:28:06,554] {processor.py:163} INFO - Started process (PID=3044) to work on /home/airflow/.local/lib/python3.7/site-packages/airflow/example_dags/example_latest_only.py
[2022-08-09 08:28:06,556] {processor.py:642} INFO - Processing file /home/airflow/.local/lib/python3.7/site-packages/airflow/example_dags/example_latest_only.py for tasks to queue
[2022-08-09 08:28:06,557] {logging_mixin.py:109} INFO - [2022-08-09 08:28:06,557] {dagbag.py:500} INFO - Filling up the DagBag from /home/airflow/.local/lib/python3.7/site-packages/airflow/example_dags/example_latest_only.py
[2022-08-09 08:28:06,588] {processor.py:654} INFO - DAG(s) dict_keys(['latest_only']) retrieved from /home/airflow/.local/lib/python3.7/site-packages/airflow/example_dags/example_latest_only.py
[2022-08-09 08:28:06,600] {logging_mixin.py:109} INFO - [2022-08-09 08:28:06,600] {dag.py:2396} INFO - Sync 1 DAGs
[2022-08-09 08:28:06,616] {logging_mixin.py:109} INFO - [2022-08-09 08:28:06,616] {dag.py:2935} INFO - Setting next_dagrun for latest_only to 2022-08-09T04:28:06.616472+00:00
[2022-08-09 08:28:06,627] {processor.py:171} INFO - Processing /home/airflow/.local/lib/python3.7/site-packages/airflow/example_dags/example_latest_only.py took 0.077 seconds
[2022-08-09 08:28:37,472] {processor.py:163} INFO - Started process (PID=3114) to work on /home/airflow/.local/lib/python3.7/site-packages/airflow/example_dags/example_latest_only.py
[2022-08-09 08:28:37,474] {processor.py:642} INFO - Processing file /home/airflow/.local/lib/python3.7/site-packages/airflow/example_dags/example_latest_only.py for tasks to queue
[2022-08-09 08:28:37,476] {logging_mixin.py:109} INFO - [2022-08-09 08:28:37,475] {dagbag.py:500} INFO - Filling up the DagBag from /home/airflow/.local/lib/python3.7/site-packages/airflow/example_dags/example_latest_only.py
[2022-08-09 08:28:37,513] {processor.py:654} INFO - DAG(s) dict_keys(['latest_only']) retrieved from /home/airflow/.local/lib/python3.7/site-packages/airflow/example_dags/example_latest_only.py
[2022-08-09 08:28:37,524] {logging_mixin.py:109} INFO - [2022-08-09 08:28:37,524] {dag.py:2396} INFO - Sync 1 DAGs
[2022-08-09 08:28:37,542] {logging_mixin.py:109} INFO - [2022-08-09 08:28:37,542] {dag.py:2935} INFO - Setting next_dagrun for latest_only to 2022-08-09T04:28:37.541888+00:00
[2022-08-09 08:28:37,555] {processor.py:171} INFO - Processing /home/airflow/.local/lib/python3.7/site-packages/airflow/example_dags/example_latest_only.py took 0.086 seconds
[2022-08-09 08:29:07,976] {processor.py:163} INFO - Started process (PID=3174) to work on /home/airflow/.local/lib/python3.7/site-packages/airflow/example_dags/example_latest_only.py
[2022-08-09 08:29:07,978] {processor.py:642} INFO - Processing file /home/airflow/.local/lib/python3.7/site-packages/airflow/example_dags/example_latest_only.py for tasks to queue
[2022-08-09 08:29:07,980] {logging_mixin.py:109} INFO - [2022-08-09 08:29:07,980] {dagbag.py:500} INFO - Filling up the DagBag from /home/airflow/.local/lib/python3.7/site-packages/airflow/example_dags/example_latest_only.py
[2022-08-09 08:29:08,013] {processor.py:654} INFO - DAG(s) dict_keys(['latest_only']) retrieved from /home/airflow/.local/lib/python3.7/site-packages/airflow/example_dags/example_latest_only.py
[2022-08-09 08:29:08,025] {logging_mixin.py:109} INFO - [2022-08-09 08:29:08,025] {dag.py:2396} INFO - Sync 1 DAGs
[2022-08-09 08:29:08,041] {logging_mixin.py:109} INFO - [2022-08-09 08:29:08,041] {dag.py:2935} INFO - Setting next_dagrun for latest_only to 2022-08-09T04:29:08.041269+00:00
[2022-08-09 08:29:08,056] {processor.py:171} INFO - Processing /home/airflow/.local/lib/python3.7/site-packages/airflow/example_dags/example_latest_only.py took 0.083 seconds
[2022-08-09 08:29:38,361] {processor.py:163} INFO - Started process (PID=3234) to work on /home/airflow/.local/lib/python3.7/site-packages/airflow/example_dags/example_latest_only.py
[2022-08-09 08:29:38,363] {processor.py:642} INFO - Processing file /home/airflow/.local/lib/python3.7/site-packages/airflow/example_dags/example_latest_only.py for tasks to queue
[2022-08-09 08:29:38,365] {logging_mixin.py:109} INFO - [2022-08-09 08:29:38,365] {dagbag.py:500} INFO - Filling up the DagBag from /home/airflow/.local/lib/python3.7/site-packages/airflow/example_dags/example_latest_only.py
[2022-08-09 08:29:38,393] {processor.py:654} INFO - DAG(s) dict_keys(['latest_only']) retrieved from /home/airflow/.local/lib/python3.7/site-packages/airflow/example_dags/example_latest_only.py
[2022-08-09 08:29:38,404] {logging_mixin.py:109} INFO - [2022-08-09 08:29:38,404] {dag.py:2396} INFO - Sync 1 DAGs
[2022-08-09 08:29:38,420] {logging_mixin.py:109} INFO - [2022-08-09 08:29:38,420] {dag.py:2935} INFO - Setting next_dagrun for latest_only to 2022-08-09T04:29:38.419714+00:00
[2022-08-09 08:29:38,430] {processor.py:171} INFO - Processing /home/airflow/.local/lib/python3.7/site-packages/airflow/example_dags/example_latest_only.py took 0.073 seconds
[2022-08-09 08:30:08,931] {processor.py:163} INFO - Started process (PID=3303) to work on /home/airflow/.local/lib/python3.7/site-packages/airflow/example_dags/example_latest_only.py
[2022-08-09 08:30:08,941] {processor.py:642} INFO - Processing file /home/airflow/.local/lib/python3.7/site-packages/airflow/example_dags/example_latest_only.py for tasks to queue
[2022-08-09 08:30:08,943] {logging_mixin.py:109} INFO - [2022-08-09 08:30:08,942] {dagbag.py:500} INFO - Filling up the DagBag from /home/airflow/.local/lib/python3.7/site-packages/airflow/example_dags/example_latest_only.py
[2022-08-09 08:30:08,975] {processor.py:654} INFO - DAG(s) dict_keys(['latest_only']) retrieved from /home/airflow/.local/lib/python3.7/site-packages/airflow/example_dags/example_latest_only.py
[2022-08-09 08:30:08,986] {logging_mixin.py:109} INFO - [2022-08-09 08:30:08,985] {dag.py:2396} INFO - Sync 1 DAGs
[2022-08-09 08:30:09,015] {logging_mixin.py:109} INFO - [2022-08-09 08:30:09,015] {dag.py:2935} INFO - Setting next_dagrun for latest_only to 2022-08-09T04:30:09.015389+00:00
[2022-08-09 08:30:09,037] {processor.py:171} INFO - Processing /home/airflow/.local/lib/python3.7/site-packages/airflow/example_dags/example_latest_only.py took 0.110 seconds
[2022-08-09 08:30:39,220] {processor.py:163} INFO - Started process (PID=3363) to work on /home/airflow/.local/lib/python3.7/site-packages/airflow/example_dags/example_latest_only.py
[2022-08-09 08:30:39,222] {processor.py:642} INFO - Processing file /home/airflow/.local/lib/python3.7/site-packages/airflow/example_dags/example_latest_only.py for tasks to queue
[2022-08-09 08:30:39,224] {logging_mixin.py:109} INFO - [2022-08-09 08:30:39,223] {dagbag.py:500} INFO - Filling up the DagBag from /home/airflow/.local/lib/python3.7/site-packages/airflow/example_dags/example_latest_only.py
[2022-08-09 08:30:39,252] {processor.py:654} INFO - DAG(s) dict_keys(['latest_only']) retrieved from /home/airflow/.local/lib/python3.7/site-packages/airflow/example_dags/example_latest_only.py
[2022-08-09 08:30:39,262] {logging_mixin.py:109} INFO - [2022-08-09 08:30:39,262] {dag.py:2396} INFO - Sync 1 DAGs
[2022-08-09 08:30:39,278] {logging_mixin.py:109} INFO - [2022-08-09 08:30:39,277] {dag.py:2935} INFO - Setting next_dagrun for latest_only to 2022-08-09T04:30:39.277707+00:00
[2022-08-09 08:30:39,290] {processor.py:171} INFO - Processing /home/airflow/.local/lib/python3.7/site-packages/airflow/example_dags/example_latest_only.py took 0.073 seconds
[2022-08-09 08:31:09,509] {processor.py:163} INFO - Started process (PID=3432) to work on /home/airflow/.local/lib/python3.7/site-packages/airflow/example_dags/example_latest_only.py
[2022-08-09 08:31:09,511] {processor.py:642} INFO - Processing file /home/airflow/.local/lib/python3.7/site-packages/airflow/example_dags/example_latest_only.py for tasks to queue
[2022-08-09 08:31:09,512] {logging_mixin.py:109} INFO - [2022-08-09 08:31:09,512] {dagbag.py:500} INFO - Filling up the DagBag from /home/airflow/.local/lib/python3.7/site-packages/airflow/example_dags/example_latest_only.py
[2022-08-09 08:31:09,549] {processor.py:654} INFO - DAG(s) dict_keys(['latest_only']) retrieved from /home/airflow/.local/lib/python3.7/site-packages/airflow/example_dags/example_latest_only.py
[2022-08-09 08:31:09,563] {logging_mixin.py:109} INFO - [2022-08-09 08:31:09,563] {dag.py:2396} INFO - Sync 1 DAGs
[2022-08-09 08:31:09,581] {logging_mixin.py:109} INFO - [2022-08-09 08:31:09,581] {dag.py:2935} INFO - Setting next_dagrun for latest_only to 2022-08-09T04:31:09.580878+00:00
[2022-08-09 08:31:09,592] {processor.py:171} INFO - Processing /home/airflow/.local/lib/python3.7/site-packages/airflow/example_dags/example_latest_only.py took 0.087 seconds
[2022-08-09 08:31:39,808] {processor.py:163} INFO - Started process (PID=3492) to work on /home/airflow/.local/lib/python3.7/site-packages/airflow/example_dags/example_latest_only.py
[2022-08-09 08:31:39,810] {processor.py:642} INFO - Processing file /home/airflow/.local/lib/python3.7/site-packages/airflow/example_dags/example_latest_only.py for tasks to queue
[2022-08-09 08:31:39,811] {logging_mixin.py:109} INFO - [2022-08-09 08:31:39,811] {dagbag.py:500} INFO - Filling up the DagBag from /home/airflow/.local/lib/python3.7/site-packages/airflow/example_dags/example_latest_only.py
[2022-08-09 08:31:39,843] {processor.py:654} INFO - DAG(s) dict_keys(['latest_only']) retrieved from /home/airflow/.local/lib/python3.7/site-packages/airflow/example_dags/example_latest_only.py
[2022-08-09 08:31:39,857] {logging_mixin.py:109} INFO - [2022-08-09 08:31:39,857] {dag.py:2396} INFO - Sync 1 DAGs
[2022-08-09 08:31:39,874] {logging_mixin.py:109} INFO - [2022-08-09 08:31:39,873] {dag.py:2935} INFO - Setting next_dagrun for latest_only to 2022-08-09T04:31:39.873635+00:00
[2022-08-09 08:31:39,891] {processor.py:171} INFO - Processing /home/airflow/.local/lib/python3.7/site-packages/airflow/example_dags/example_latest_only.py took 0.089 seconds
[2022-08-09 08:32:11,148] {processor.py:163} INFO - Started process (PID=3564) to work on /home/airflow/.local/lib/python3.7/site-packages/airflow/example_dags/example_latest_only.py
[2022-08-09 08:32:11,150] {processor.py:642} INFO - Processing file /home/airflow/.local/lib/python3.7/site-packages/airflow/example_dags/example_latest_only.py for tasks to queue
[2022-08-09 08:32:11,151] {logging_mixin.py:109} INFO - [2022-08-09 08:32:11,151] {dagbag.py:500} INFO - Filling up the DagBag from /home/airflow/.local/lib/python3.7/site-packages/airflow/example_dags/example_latest_only.py
[2022-08-09 08:32:11,185] {processor.py:654} INFO - DAG(s) dict_keys(['latest_only']) retrieved from /home/airflow/.local/lib/python3.7/site-packages/airflow/example_dags/example_latest_only.py
[2022-08-09 08:32:11,208] {logging_mixin.py:109} INFO - [2022-08-09 08:32:11,208] {dag.py:2396} INFO - Sync 1 DAGs
[2022-08-09 08:32:11,236] {logging_mixin.py:109} INFO - [2022-08-09 08:32:11,236] {dag.py:2935} INFO - Setting next_dagrun for latest_only to 2022-08-09T04:32:11.235782+00:00
[2022-08-09 08:32:11,250] {processor.py:171} INFO - Processing /home/airflow/.local/lib/python3.7/site-packages/airflow/example_dags/example_latest_only.py took 0.111 seconds
[2022-08-09 08:32:42,152] {processor.py:163} INFO - Started process (PID=3626) to work on /home/airflow/.local/lib/python3.7/site-packages/airflow/example_dags/example_latest_only.py
[2022-08-09 08:32:42,159] {processor.py:642} INFO - Processing file /home/airflow/.local/lib/python3.7/site-packages/airflow/example_dags/example_latest_only.py for tasks to queue
[2022-08-09 08:32:42,160] {logging_mixin.py:109} INFO - [2022-08-09 08:32:42,160] {dagbag.py:500} INFO - Filling up the DagBag from /home/airflow/.local/lib/python3.7/site-packages/airflow/example_dags/example_latest_only.py
[2022-08-09 08:32:42,221] {processor.py:654} INFO - DAG(s) dict_keys(['latest_only']) retrieved from /home/airflow/.local/lib/python3.7/site-packages/airflow/example_dags/example_latest_only.py
[2022-08-09 08:32:42,234] {logging_mixin.py:109} INFO - [2022-08-09 08:32:42,234] {dag.py:2396} INFO - Sync 1 DAGs
[2022-08-09 08:32:42,259] {logging_mixin.py:109} INFO - [2022-08-09 08:32:42,259] {dag.py:2935} INFO - Setting next_dagrun for latest_only to 2022-08-09T04:32:42.258871+00:00
[2022-08-09 08:32:42,278] {processor.py:171} INFO - Processing /home/airflow/.local/lib/python3.7/site-packages/airflow/example_dags/example_latest_only.py took 0.129 seconds
[2022-08-09 08:33:13,146] {processor.py:163} INFO - Started process (PID=3695) to work on /home/airflow/.local/lib/python3.7/site-packages/airflow/example_dags/example_latest_only.py
[2022-08-09 08:33:13,148] {processor.py:642} INFO - Processing file /home/airflow/.local/lib/python3.7/site-packages/airflow/example_dags/example_latest_only.py for tasks to queue
[2022-08-09 08:33:13,150] {logging_mixin.py:109} INFO - [2022-08-09 08:33:13,149] {dagbag.py:500} INFO - Filling up the DagBag from /home/airflow/.local/lib/python3.7/site-packages/airflow/example_dags/example_latest_only.py
[2022-08-09 08:33:13,183] {processor.py:654} INFO - DAG(s) dict_keys(['latest_only']) retrieved from /home/airflow/.local/lib/python3.7/site-packages/airflow/example_dags/example_latest_only.py
[2022-08-09 08:33:13,204] {logging_mixin.py:109} INFO - [2022-08-09 08:33:13,203] {dag.py:2396} INFO - Sync 1 DAGs
[2022-08-09 08:33:13,227] {logging_mixin.py:109} INFO - [2022-08-09 08:33:13,227] {dag.py:2935} INFO - Setting next_dagrun for latest_only to 2022-08-09T04:33:13.226714+00:00
[2022-08-09 08:33:13,246] {processor.py:171} INFO - Processing /home/airflow/.local/lib/python3.7/site-packages/airflow/example_dags/example_latest_only.py took 0.104 seconds
[2022-08-09 08:33:43,474] {processor.py:163} INFO - Started process (PID=3757) to work on /home/airflow/.local/lib/python3.7/site-packages/airflow/example_dags/example_latest_only.py
[2022-08-09 08:33:43,476] {processor.py:642} INFO - Processing file /home/airflow/.local/lib/python3.7/site-packages/airflow/example_dags/example_latest_only.py for tasks to queue
[2022-08-09 08:33:43,478] {logging_mixin.py:109} INFO - [2022-08-09 08:33:43,477] {dagbag.py:500} INFO - Filling up the DagBag from /home/airflow/.local/lib/python3.7/site-packages/airflow/example_dags/example_latest_only.py
[2022-08-09 08:33:43,510] {processor.py:654} INFO - DAG(s) dict_keys(['latest_only']) retrieved from /home/airflow/.local/lib/python3.7/site-packages/airflow/example_dags/example_latest_only.py
[2022-08-09 08:33:43,521] {logging_mixin.py:109} INFO - [2022-08-09 08:33:43,521] {dag.py:2396} INFO - Sync 1 DAGs
[2022-08-09 08:33:43,540] {logging_mixin.py:109} INFO - [2022-08-09 08:33:43,540] {dag.py:2935} INFO - Setting next_dagrun for latest_only to 2022-08-09T04:33:43.540228+00:00
[2022-08-09 08:33:43,552] {processor.py:171} INFO - Processing /home/airflow/.local/lib/python3.7/site-packages/airflow/example_dags/example_latest_only.py took 0.083 seconds
[2022-08-09 08:34:13,740] {processor.py:163} INFO - Started process (PID=3826) to work on /home/airflow/.local/lib/python3.7/site-packages/airflow/example_dags/example_latest_only.py
[2022-08-09 08:34:13,742] {processor.py:642} INFO - Processing file /home/airflow/.local/lib/python3.7/site-packages/airflow/example_dags/example_latest_only.py for tasks to queue
[2022-08-09 08:34:13,744] {logging_mixin.py:109} INFO - [2022-08-09 08:34:13,743] {dagbag.py:500} INFO - Filling up the DagBag from /home/airflow/.local/lib/python3.7/site-packages/airflow/example_dags/example_latest_only.py
[2022-08-09 08:34:13,781] {processor.py:654} INFO - DAG(s) dict_keys(['latest_only']) retrieved from /home/airflow/.local/lib/python3.7/site-packages/airflow/example_dags/example_latest_only.py
[2022-08-09 08:34:13,793] {logging_mixin.py:109} INFO - [2022-08-09 08:34:13,793] {dag.py:2396} INFO - Sync 1 DAGs
[2022-08-09 08:34:13,811] {logging_mixin.py:109} INFO - [2022-08-09 08:34:13,811] {dag.py:2935} INFO - Setting next_dagrun for latest_only to 2022-08-09T04:34:13.811430+00:00
[2022-08-09 08:34:13,823] {processor.py:171} INFO - Processing /home/airflow/.local/lib/python3.7/site-packages/airflow/example_dags/example_latest_only.py took 0.087 seconds
[2022-08-09 08:34:44,192] {processor.py:163} INFO - Started process (PID=3885) to work on /home/airflow/.local/lib/python3.7/site-packages/airflow/example_dags/example_latest_only.py
[2022-08-09 08:34:44,195] {processor.py:642} INFO - Processing file /home/airflow/.local/lib/python3.7/site-packages/airflow/example_dags/example_latest_only.py for tasks to queue
[2022-08-09 08:34:44,196] {logging_mixin.py:109} INFO - [2022-08-09 08:34:44,196] {dagbag.py:500} INFO - Filling up the DagBag from /home/airflow/.local/lib/python3.7/site-packages/airflow/example_dags/example_latest_only.py
[2022-08-09 08:34:44,225] {processor.py:654} INFO - DAG(s) dict_keys(['latest_only']) retrieved from /home/airflow/.local/lib/python3.7/site-packages/airflow/example_dags/example_latest_only.py
[2022-08-09 08:34:44,237] {logging_mixin.py:109} INFO - [2022-08-09 08:34:44,237] {dag.py:2396} INFO - Sync 1 DAGs
[2022-08-09 08:34:44,254] {logging_mixin.py:109} INFO - [2022-08-09 08:34:44,254] {dag.py:2935} INFO - Setting next_dagrun for latest_only to 2022-08-09T04:34:44.253714+00:00
[2022-08-09 08:34:44,265] {processor.py:171} INFO - Processing /home/airflow/.local/lib/python3.7/site-packages/airflow/example_dags/example_latest_only.py took 0.076 seconds
[2022-08-09 08:35:14,525] {processor.py:163} INFO - Started process (PID=3954) to work on /home/airflow/.local/lib/python3.7/site-packages/airflow/example_dags/example_latest_only.py
[2022-08-09 08:35:14,528] {processor.py:642} INFO - Processing file /home/airflow/.local/lib/python3.7/site-packages/airflow/example_dags/example_latest_only.py for tasks to queue
[2022-08-09 08:35:14,529] {logging_mixin.py:109} INFO - [2022-08-09 08:35:14,529] {dagbag.py:500} INFO - Filling up the DagBag from /home/airflow/.local/lib/python3.7/site-packages/airflow/example_dags/example_latest_only.py
[2022-08-09 08:35:14,566] {processor.py:654} INFO - DAG(s) dict_keys(['latest_only']) retrieved from /home/airflow/.local/lib/python3.7/site-packages/airflow/example_dags/example_latest_only.py
[2022-08-09 08:35:14,578] {logging_mixin.py:109} INFO - [2022-08-09 08:35:14,577] {dag.py:2396} INFO - Sync 1 DAGs
[2022-08-09 08:35:14,594] {logging_mixin.py:109} INFO - [2022-08-09 08:35:14,593] {dag.py:2935} INFO - Setting next_dagrun for latest_only to 2022-08-09T04:35:14.593662+00:00
[2022-08-09 08:35:14,604] {processor.py:171} INFO - Processing /home/airflow/.local/lib/python3.7/site-packages/airflow/example_dags/example_latest_only.py took 0.083 seconds
[2022-08-09 08:35:45,639] {processor.py:163} INFO - Started process (PID=4015) to work on /home/airflow/.local/lib/python3.7/site-packages/airflow/example_dags/example_latest_only.py
[2022-08-09 08:35:45,642] {processor.py:642} INFO - Processing file /home/airflow/.local/lib/python3.7/site-packages/airflow/example_dags/example_latest_only.py for tasks to queue
[2022-08-09 08:35:45,645] {logging_mixin.py:109} INFO - [2022-08-09 08:35:45,645] {dagbag.py:500} INFO - Filling up the DagBag from /home/airflow/.local/lib/python3.7/site-packages/airflow/example_dags/example_latest_only.py
[2022-08-09 08:35:45,694] {processor.py:654} INFO - DAG(s) dict_keys(['latest_only']) retrieved from /home/airflow/.local/lib/python3.7/site-packages/airflow/example_dags/example_latest_only.py
[2022-08-09 08:35:45,712] {logging_mixin.py:109} INFO - [2022-08-09 08:35:45,712] {dag.py:2396} INFO - Sync 1 DAGs
[2022-08-09 08:35:45,742] {logging_mixin.py:109} INFO - [2022-08-09 08:35:45,741] {dag.py:2935} INFO - Setting next_dagrun for latest_only to 2022-08-09T04:35:45.741323+00:00
[2022-08-09 08:35:45,765] {processor.py:171} INFO - Processing /home/airflow/.local/lib/python3.7/site-packages/airflow/example_dags/example_latest_only.py took 0.132 seconds
[2022-08-09 08:36:16,217] {processor.py:163} INFO - Started process (PID=4074) to work on /home/airflow/.local/lib/python3.7/site-packages/airflow/example_dags/example_latest_only.py
[2022-08-09 08:36:16,220] {processor.py:642} INFO - Processing file /home/airflow/.local/lib/python3.7/site-packages/airflow/example_dags/example_latest_only.py for tasks to queue
[2022-08-09 08:36:16,222] {logging_mixin.py:109} INFO - [2022-08-09 08:36:16,222] {dagbag.py:500} INFO - Filling up the DagBag from /home/airflow/.local/lib/python3.7/site-packages/airflow/example_dags/example_latest_only.py
[2022-08-09 08:36:16,269] {processor.py:654} INFO - DAG(s) dict_keys(['latest_only']) retrieved from /home/airflow/.local/lib/python3.7/site-packages/airflow/example_dags/example_latest_only.py
[2022-08-09 08:36:16,287] {logging_mixin.py:109} INFO - [2022-08-09 08:36:16,287] {dag.py:2396} INFO - Sync 1 DAGs
[2022-08-09 08:36:16,312] {logging_mixin.py:109} INFO - [2022-08-09 08:36:16,312] {dag.py:2935} INFO - Setting next_dagrun for latest_only to 2022-08-09T04:36:16.312360+00:00
[2022-08-09 08:36:16,331] {processor.py:171} INFO - Processing /home/airflow/.local/lib/python3.7/site-packages/airflow/example_dags/example_latest_only.py took 0.120 seconds
[2022-08-09 08:36:46,703] {processor.py:163} INFO - Started process (PID=4135) to work on /home/airflow/.local/lib/python3.7/site-packages/airflow/example_dags/example_latest_only.py
[2022-08-09 08:36:46,709] {processor.py:642} INFO - Processing file /home/airflow/.local/lib/python3.7/site-packages/airflow/example_dags/example_latest_only.py for tasks to queue
[2022-08-09 08:36:46,712] {logging_mixin.py:109} INFO - [2022-08-09 08:36:46,711] {dagbag.py:500} INFO - Filling up the DagBag from /home/airflow/.local/lib/python3.7/site-packages/airflow/example_dags/example_latest_only.py
[2022-08-09 08:36:46,786] {processor.py:654} INFO - DAG(s) dict_keys(['latest_only']) retrieved from /home/airflow/.local/lib/python3.7/site-packages/airflow/example_dags/example_latest_only.py
[2022-08-09 08:36:46,804] {logging_mixin.py:109} INFO - [2022-08-09 08:36:46,804] {dag.py:2396} INFO - Sync 1 DAGs
[2022-08-09 08:36:46,832] {logging_mixin.py:109} INFO - [2022-08-09 08:36:46,832] {dag.py:2935} INFO - Setting next_dagrun for latest_only to 2022-08-09T04:36:46.832290+00:00
[2022-08-09 08:36:46,849] {processor.py:171} INFO - Processing /home/airflow/.local/lib/python3.7/site-packages/airflow/example_dags/example_latest_only.py took 0.151 seconds
