[2022-08-09 08:04:38,035] {processor.py:163} INFO - Started process (PID=84) to work on /home/airflow/.local/lib/python3.7/site-packages/airflow/example_dags/example_bash_operator.py
[2022-08-09 08:04:38,038] {processor.py:642} INFO - Processing file /home/airflow/.local/lib/python3.7/site-packages/airflow/example_dags/example_bash_operator.py for tasks to queue
[2022-08-09 08:04:38,039] {logging_mixin.py:109} INFO - [2022-08-09 08:04:38,039] {dagbag.py:500} INFO - Filling up the DagBag from /home/airflow/.local/lib/python3.7/site-packages/airflow/example_dags/example_bash_operator.py
[2022-08-09 08:04:38,087] {processor.py:654} INFO - DAG(s) dict_keys(['example_bash_operator']) retrieved from /home/airflow/.local/lib/python3.7/site-packages/airflow/example_dags/example_bash_operator.py
[2022-08-09 08:04:38,104] {logging_mixin.py:109} INFO - [2022-08-09 08:04:38,104] {dag.py:2396} INFO - Sync 1 DAGs
[2022-08-09 08:04:38,134] {logging_mixin.py:109} INFO - [2022-08-09 08:04:38,134] {dag.py:2935} INFO - Setting next_dagrun for example_bash_operator to 2022-08-08 00:00:00+00:00
[2022-08-09 08:04:38,149] {processor.py:171} INFO - Processing /home/airflow/.local/lib/python3.7/site-packages/airflow/example_dags/example_bash_operator.py took 0.118 seconds
[2022-08-09 08:05:08,690] {processor.py:163} INFO - Started process (PID=145) to work on /home/airflow/.local/lib/python3.7/site-packages/airflow/example_dags/example_bash_operator.py
[2022-08-09 08:05:08,693] {processor.py:642} INFO - Processing file /home/airflow/.local/lib/python3.7/site-packages/airflow/example_dags/example_bash_operator.py for tasks to queue
[2022-08-09 08:05:08,695] {logging_mixin.py:109} INFO - [2022-08-09 08:05:08,695] {dagbag.py:500} INFO - Filling up the DagBag from /home/airflow/.local/lib/python3.7/site-packages/airflow/example_dags/example_bash_operator.py
[2022-08-09 08:05:08,745] {processor.py:654} INFO - DAG(s) dict_keys(['example_bash_operator']) retrieved from /home/airflow/.local/lib/python3.7/site-packages/airflow/example_dags/example_bash_operator.py
[2022-08-09 08:05:08,761] {logging_mixin.py:109} INFO - [2022-08-09 08:05:08,761] {dag.py:2396} INFO - Sync 1 DAGs
[2022-08-09 08:05:08,791] {logging_mixin.py:109} INFO - [2022-08-09 08:05:08,791] {dag.py:2935} INFO - Setting next_dagrun for example_bash_operator to 2022-08-08 00:00:00+00:00
[2022-08-09 08:05:08,806] {processor.py:171} INFO - Processing /home/airflow/.local/lib/python3.7/site-packages/airflow/example_dags/example_bash_operator.py took 0.120 seconds
[2022-08-09 08:05:39,419] {processor.py:163} INFO - Started process (PID=206) to work on /home/airflow/.local/lib/python3.7/site-packages/airflow/example_dags/example_bash_operator.py
[2022-08-09 08:05:39,422] {processor.py:642} INFO - Processing file /home/airflow/.local/lib/python3.7/site-packages/airflow/example_dags/example_bash_operator.py for tasks to queue
[2022-08-09 08:05:39,423] {logging_mixin.py:109} INFO - [2022-08-09 08:05:39,423] {dagbag.py:500} INFO - Filling up the DagBag from /home/airflow/.local/lib/python3.7/site-packages/airflow/example_dags/example_bash_operator.py
[2022-08-09 08:05:39,465] {processor.py:654} INFO - DAG(s) dict_keys(['example_bash_operator']) retrieved from /home/airflow/.local/lib/python3.7/site-packages/airflow/example_dags/example_bash_operator.py
[2022-08-09 08:05:39,477] {logging_mixin.py:109} INFO - [2022-08-09 08:05:39,477] {dag.py:2396} INFO - Sync 1 DAGs
[2022-08-09 08:05:39,494] {logging_mixin.py:109} INFO - [2022-08-09 08:05:39,494] {dag.py:2935} INFO - Setting next_dagrun for example_bash_operator to 2022-08-08 00:00:00+00:00
[2022-08-09 08:05:39,505] {processor.py:171} INFO - Processing /home/airflow/.local/lib/python3.7/site-packages/airflow/example_dags/example_bash_operator.py took 0.089 seconds
[2022-08-09 08:06:10,797] {processor.py:163} INFO - Started process (PID=275) to work on /home/airflow/.local/lib/python3.7/site-packages/airflow/example_dags/example_bash_operator.py
[2022-08-09 08:06:10,802] {processor.py:642} INFO - Processing file /home/airflow/.local/lib/python3.7/site-packages/airflow/example_dags/example_bash_operator.py for tasks to queue
[2022-08-09 08:06:10,806] {logging_mixin.py:109} INFO - [2022-08-09 08:06:10,805] {dagbag.py:500} INFO - Filling up the DagBag from /home/airflow/.local/lib/python3.7/site-packages/airflow/example_dags/example_bash_operator.py
[2022-08-09 08:06:10,868] {processor.py:654} INFO - DAG(s) dict_keys(['example_bash_operator']) retrieved from /home/airflow/.local/lib/python3.7/site-packages/airflow/example_dags/example_bash_operator.py
[2022-08-09 08:06:10,888] {logging_mixin.py:109} INFO - [2022-08-09 08:06:10,887] {dag.py:2396} INFO - Sync 1 DAGs
[2022-08-09 08:06:10,918] {logging_mixin.py:109} INFO - [2022-08-09 08:06:10,918] {dag.py:2935} INFO - Setting next_dagrun for example_bash_operator to 2022-08-08 00:00:00+00:00
[2022-08-09 08:06:10,934] {processor.py:171} INFO - Processing /home/airflow/.local/lib/python3.7/site-packages/airflow/example_dags/example_bash_operator.py took 0.145 seconds
[2022-08-09 08:06:41,247] {processor.py:163} INFO - Started process (PID=335) to work on /home/airflow/.local/lib/python3.7/site-packages/airflow/example_dags/example_bash_operator.py
[2022-08-09 08:06:41,249] {processor.py:642} INFO - Processing file /home/airflow/.local/lib/python3.7/site-packages/airflow/example_dags/example_bash_operator.py for tasks to queue
[2022-08-09 08:06:41,251] {logging_mixin.py:109} INFO - [2022-08-09 08:06:41,251] {dagbag.py:500} INFO - Filling up the DagBag from /home/airflow/.local/lib/python3.7/site-packages/airflow/example_dags/example_bash_operator.py
[2022-08-09 08:06:41,293] {processor.py:654} INFO - DAG(s) dict_keys(['example_bash_operator']) retrieved from /home/airflow/.local/lib/python3.7/site-packages/airflow/example_dags/example_bash_operator.py
[2022-08-09 08:06:41,309] {logging_mixin.py:109} INFO - [2022-08-09 08:06:41,308] {dag.py:2396} INFO - Sync 1 DAGs
[2022-08-09 08:06:41,330] {logging_mixin.py:109} INFO - [2022-08-09 08:06:41,330] {dag.py:2935} INFO - Setting next_dagrun for example_bash_operator to 2022-08-08 00:00:00+00:00
[2022-08-09 08:06:41,346] {processor.py:171} INFO - Processing /home/airflow/.local/lib/python3.7/site-packages/airflow/example_dags/example_bash_operator.py took 0.102 seconds
[2022-08-09 08:07:12,706] {processor.py:163} INFO - Started process (PID=406) to work on /home/airflow/.local/lib/python3.7/site-packages/airflow/example_dags/example_bash_operator.py
[2022-08-09 08:07:12,709] {processor.py:642} INFO - Processing file /home/airflow/.local/lib/python3.7/site-packages/airflow/example_dags/example_bash_operator.py for tasks to queue
[2022-08-09 08:07:12,711] {logging_mixin.py:109} INFO - [2022-08-09 08:07:12,711] {dagbag.py:500} INFO - Filling up the DagBag from /home/airflow/.local/lib/python3.7/site-packages/airflow/example_dags/example_bash_operator.py
[2022-08-09 08:07:12,756] {processor.py:654} INFO - DAG(s) dict_keys(['example_bash_operator']) retrieved from /home/airflow/.local/lib/python3.7/site-packages/airflow/example_dags/example_bash_operator.py
[2022-08-09 08:07:12,776] {logging_mixin.py:109} INFO - [2022-08-09 08:07:12,776] {dag.py:2396} INFO - Sync 1 DAGs
[2022-08-09 08:07:12,802] {logging_mixin.py:109} INFO - [2022-08-09 08:07:12,802] {dag.py:2935} INFO - Setting next_dagrun for example_bash_operator to 2022-08-08 00:00:00+00:00
[2022-08-09 08:07:12,818] {processor.py:171} INFO - Processing /home/airflow/.local/lib/python3.7/site-packages/airflow/example_dags/example_bash_operator.py took 0.117 seconds
[2022-08-09 08:07:43,224] {processor.py:163} INFO - Started process (PID=466) to work on /home/airflow/.local/lib/python3.7/site-packages/airflow/example_dags/example_bash_operator.py
[2022-08-09 08:07:43,226] {processor.py:642} INFO - Processing file /home/airflow/.local/lib/python3.7/site-packages/airflow/example_dags/example_bash_operator.py for tasks to queue
[2022-08-09 08:07:43,228] {logging_mixin.py:109} INFO - [2022-08-09 08:07:43,228] {dagbag.py:500} INFO - Filling up the DagBag from /home/airflow/.local/lib/python3.7/site-packages/airflow/example_dags/example_bash_operator.py
[2022-08-09 08:07:43,270] {processor.py:654} INFO - DAG(s) dict_keys(['example_bash_operator']) retrieved from /home/airflow/.local/lib/python3.7/site-packages/airflow/example_dags/example_bash_operator.py
[2022-08-09 08:07:43,285] {logging_mixin.py:109} INFO - [2022-08-09 08:07:43,285] {dag.py:2396} INFO - Sync 1 DAGs
[2022-08-09 08:07:43,306] {logging_mixin.py:109} INFO - [2022-08-09 08:07:43,306] {dag.py:2935} INFO - Setting next_dagrun for example_bash_operator to 2022-08-08 00:00:00+00:00
[2022-08-09 08:07:43,321] {processor.py:171} INFO - Processing /home/airflow/.local/lib/python3.7/site-packages/airflow/example_dags/example_bash_operator.py took 0.103 seconds
[2022-08-09 08:08:14,172] {processor.py:163} INFO - Started process (PID=537) to work on /home/airflow/.local/lib/python3.7/site-packages/airflow/example_dags/example_bash_operator.py
[2022-08-09 08:08:14,173] {processor.py:642} INFO - Processing file /home/airflow/.local/lib/python3.7/site-packages/airflow/example_dags/example_bash_operator.py for tasks to queue
[2022-08-09 08:08:14,175] {logging_mixin.py:109} INFO - [2022-08-09 08:08:14,175] {dagbag.py:500} INFO - Filling up the DagBag from /home/airflow/.local/lib/python3.7/site-packages/airflow/example_dags/example_bash_operator.py
[2022-08-09 08:08:14,214] {processor.py:654} INFO - DAG(s) dict_keys(['example_bash_operator']) retrieved from /home/airflow/.local/lib/python3.7/site-packages/airflow/example_dags/example_bash_operator.py
[2022-08-09 08:08:14,225] {logging_mixin.py:109} INFO - [2022-08-09 08:08:14,225] {dag.py:2396} INFO - Sync 1 DAGs
[2022-08-09 08:08:14,246] {logging_mixin.py:109} INFO - [2022-08-09 08:08:14,246] {dag.py:2935} INFO - Setting next_dagrun for example_bash_operator to 2022-08-08 00:00:00+00:00
[2022-08-09 08:08:14,265] {processor.py:171} INFO - Processing /home/airflow/.local/lib/python3.7/site-packages/airflow/example_dags/example_bash_operator.py took 0.097 seconds
[2022-08-09 08:08:45,100] {processor.py:163} INFO - Started process (PID=598) to work on /home/airflow/.local/lib/python3.7/site-packages/airflow/example_dags/example_bash_operator.py
[2022-08-09 08:08:45,103] {processor.py:642} INFO - Processing file /home/airflow/.local/lib/python3.7/site-packages/airflow/example_dags/example_bash_operator.py for tasks to queue
[2022-08-09 08:08:45,104] {logging_mixin.py:109} INFO - [2022-08-09 08:08:45,104] {dagbag.py:500} INFO - Filling up the DagBag from /home/airflow/.local/lib/python3.7/site-packages/airflow/example_dags/example_bash_operator.py
[2022-08-09 08:08:45,151] {processor.py:654} INFO - DAG(s) dict_keys(['example_bash_operator']) retrieved from /home/airflow/.local/lib/python3.7/site-packages/airflow/example_dags/example_bash_operator.py
[2022-08-09 08:08:45,168] {logging_mixin.py:109} INFO - [2022-08-09 08:08:45,167] {dag.py:2396} INFO - Sync 1 DAGs
[2022-08-09 08:08:45,188] {logging_mixin.py:109} INFO - [2022-08-09 08:08:45,188] {dag.py:2935} INFO - Setting next_dagrun for example_bash_operator to 2022-08-08 00:00:00+00:00
[2022-08-09 08:08:45,201] {processor.py:171} INFO - Processing /home/airflow/.local/lib/python3.7/site-packages/airflow/example_dags/example_bash_operator.py took 0.106 seconds
[2022-08-09 08:09:15,980] {processor.py:163} INFO - Started process (PID=669) to work on /home/airflow/.local/lib/python3.7/site-packages/airflow/example_dags/example_bash_operator.py
[2022-08-09 08:09:15,983] {processor.py:642} INFO - Processing file /home/airflow/.local/lib/python3.7/site-packages/airflow/example_dags/example_bash_operator.py for tasks to queue
[2022-08-09 08:09:15,984] {logging_mixin.py:109} INFO - [2022-08-09 08:09:15,984] {dagbag.py:500} INFO - Filling up the DagBag from /home/airflow/.local/lib/python3.7/site-packages/airflow/example_dags/example_bash_operator.py
[2022-08-09 08:09:16,022] {processor.py:654} INFO - DAG(s) dict_keys(['example_bash_operator']) retrieved from /home/airflow/.local/lib/python3.7/site-packages/airflow/example_dags/example_bash_operator.py
[2022-08-09 08:09:16,036] {logging_mixin.py:109} INFO - [2022-08-09 08:09:16,035] {dag.py:2396} INFO - Sync 1 DAGs
[2022-08-09 08:09:16,054] {logging_mixin.py:109} INFO - [2022-08-09 08:09:16,054] {dag.py:2935} INFO - Setting next_dagrun for example_bash_operator to 2022-08-08 00:00:00+00:00
[2022-08-09 08:09:16,067] {processor.py:171} INFO - Processing /home/airflow/.local/lib/python3.7/site-packages/airflow/example_dags/example_bash_operator.py took 0.090 seconds
[2022-08-09 08:09:46,977] {processor.py:163} INFO - Started process (PID=730) to work on /home/airflow/.local/lib/python3.7/site-packages/airflow/example_dags/example_bash_operator.py
[2022-08-09 08:09:46,980] {processor.py:642} INFO - Processing file /home/airflow/.local/lib/python3.7/site-packages/airflow/example_dags/example_bash_operator.py for tasks to queue
[2022-08-09 08:09:46,981] {logging_mixin.py:109} INFO - [2022-08-09 08:09:46,981] {dagbag.py:500} INFO - Filling up the DagBag from /home/airflow/.local/lib/python3.7/site-packages/airflow/example_dags/example_bash_operator.py
[2022-08-09 08:09:47,022] {processor.py:654} INFO - DAG(s) dict_keys(['example_bash_operator']) retrieved from /home/airflow/.local/lib/python3.7/site-packages/airflow/example_dags/example_bash_operator.py
[2022-08-09 08:09:47,033] {logging_mixin.py:109} INFO - [2022-08-09 08:09:47,033] {dag.py:2396} INFO - Sync 1 DAGs
[2022-08-09 08:09:47,052] {logging_mixin.py:109} INFO - [2022-08-09 08:09:47,052] {dag.py:2935} INFO - Setting next_dagrun for example_bash_operator to 2022-08-08 00:00:00+00:00
[2022-08-09 08:09:47,069] {processor.py:171} INFO - Processing /home/airflow/.local/lib/python3.7/site-packages/airflow/example_dags/example_bash_operator.py took 0.098 seconds
[2022-08-09 08:10:17,718] {processor.py:163} INFO - Started process (PID=800) to work on /home/airflow/.local/lib/python3.7/site-packages/airflow/example_dags/example_bash_operator.py
[2022-08-09 08:10:17,720] {processor.py:642} INFO - Processing file /home/airflow/.local/lib/python3.7/site-packages/airflow/example_dags/example_bash_operator.py for tasks to queue
[2022-08-09 08:10:17,721] {logging_mixin.py:109} INFO - [2022-08-09 08:10:17,721] {dagbag.py:500} INFO - Filling up the DagBag from /home/airflow/.local/lib/python3.7/site-packages/airflow/example_dags/example_bash_operator.py
[2022-08-09 08:10:17,762] {processor.py:654} INFO - DAG(s) dict_keys(['example_bash_operator']) retrieved from /home/airflow/.local/lib/python3.7/site-packages/airflow/example_dags/example_bash_operator.py
[2022-08-09 08:10:17,780] {logging_mixin.py:109} INFO - [2022-08-09 08:10:17,780] {dag.py:2396} INFO - Sync 1 DAGs
[2022-08-09 08:10:17,811] {logging_mixin.py:109} INFO - [2022-08-09 08:10:17,811] {dag.py:2935} INFO - Setting next_dagrun for example_bash_operator to 2022-08-08 00:00:00+00:00
[2022-08-09 08:10:17,827] {processor.py:171} INFO - Processing /home/airflow/.local/lib/python3.7/site-packages/airflow/example_dags/example_bash_operator.py took 0.113 seconds
[2022-08-09 08:10:48,292] {processor.py:163} INFO - Started process (PID=861) to work on /home/airflow/.local/lib/python3.7/site-packages/airflow/example_dags/example_bash_operator.py
[2022-08-09 08:10:48,295] {processor.py:642} INFO - Processing file /home/airflow/.local/lib/python3.7/site-packages/airflow/example_dags/example_bash_operator.py for tasks to queue
[2022-08-09 08:10:48,296] {logging_mixin.py:109} INFO - [2022-08-09 08:10:48,296] {dagbag.py:500} INFO - Filling up the DagBag from /home/airflow/.local/lib/python3.7/site-packages/airflow/example_dags/example_bash_operator.py
[2022-08-09 08:10:48,332] {processor.py:654} INFO - DAG(s) dict_keys(['example_bash_operator']) retrieved from /home/airflow/.local/lib/python3.7/site-packages/airflow/example_dags/example_bash_operator.py
[2022-08-09 08:10:48,344] {logging_mixin.py:109} INFO - [2022-08-09 08:10:48,344] {dag.py:2396} INFO - Sync 1 DAGs
[2022-08-09 08:10:48,362] {logging_mixin.py:109} INFO - [2022-08-09 08:10:48,361] {dag.py:2935} INFO - Setting next_dagrun for example_bash_operator to 2022-08-08 00:00:00+00:00
[2022-08-09 08:10:48,373] {processor.py:171} INFO - Processing /home/airflow/.local/lib/python3.7/site-packages/airflow/example_dags/example_bash_operator.py took 0.084 seconds
[2022-08-09 08:11:19,231] {processor.py:163} INFO - Started process (PID=931) to work on /home/airflow/.local/lib/python3.7/site-packages/airflow/example_dags/example_bash_operator.py
[2022-08-09 08:11:19,233] {processor.py:642} INFO - Processing file /home/airflow/.local/lib/python3.7/site-packages/airflow/example_dags/example_bash_operator.py for tasks to queue
[2022-08-09 08:11:19,235] {logging_mixin.py:109} INFO - [2022-08-09 08:11:19,235] {dagbag.py:500} INFO - Filling up the DagBag from /home/airflow/.local/lib/python3.7/site-packages/airflow/example_dags/example_bash_operator.py
[2022-08-09 08:11:19,272] {processor.py:654} INFO - DAG(s) dict_keys(['example_bash_operator']) retrieved from /home/airflow/.local/lib/python3.7/site-packages/airflow/example_dags/example_bash_operator.py
[2022-08-09 08:11:19,285] {logging_mixin.py:109} INFO - [2022-08-09 08:11:19,284] {dag.py:2396} INFO - Sync 1 DAGs
[2022-08-09 08:11:19,312] {logging_mixin.py:109} INFO - [2022-08-09 08:11:19,312] {dag.py:2935} INFO - Setting next_dagrun for example_bash_operator to 2022-08-08 00:00:00+00:00
[2022-08-09 08:11:19,325] {processor.py:171} INFO - Processing /home/airflow/.local/lib/python3.7/site-packages/airflow/example_dags/example_bash_operator.py took 0.098 seconds
[2022-08-09 08:11:49,740] {processor.py:163} INFO - Started process (PID=991) to work on /home/airflow/.local/lib/python3.7/site-packages/airflow/example_dags/example_bash_operator.py
[2022-08-09 08:11:49,742] {processor.py:642} INFO - Processing file /home/airflow/.local/lib/python3.7/site-packages/airflow/example_dags/example_bash_operator.py for tasks to queue
[2022-08-09 08:11:49,744] {logging_mixin.py:109} INFO - [2022-08-09 08:11:49,743] {dagbag.py:500} INFO - Filling up the DagBag from /home/airflow/.local/lib/python3.7/site-packages/airflow/example_dags/example_bash_operator.py
[2022-08-09 08:11:49,785] {processor.py:654} INFO - DAG(s) dict_keys(['example_bash_operator']) retrieved from /home/airflow/.local/lib/python3.7/site-packages/airflow/example_dags/example_bash_operator.py
[2022-08-09 08:11:49,798] {logging_mixin.py:109} INFO - [2022-08-09 08:11:49,798] {dag.py:2396} INFO - Sync 1 DAGs
[2022-08-09 08:11:49,822] {logging_mixin.py:109} INFO - [2022-08-09 08:11:49,822] {dag.py:2935} INFO - Setting next_dagrun for example_bash_operator to 2022-08-08 00:00:00+00:00
[2022-08-09 08:11:49,834] {processor.py:171} INFO - Processing /home/airflow/.local/lib/python3.7/site-packages/airflow/example_dags/example_bash_operator.py took 0.097 seconds
[2022-08-09 08:12:20,600] {processor.py:163} INFO - Started process (PID=1061) to work on /home/airflow/.local/lib/python3.7/site-packages/airflow/example_dags/example_bash_operator.py
[2022-08-09 08:12:20,602] {processor.py:642} INFO - Processing file /home/airflow/.local/lib/python3.7/site-packages/airflow/example_dags/example_bash_operator.py for tasks to queue
[2022-08-09 08:12:20,604] {logging_mixin.py:109} INFO - [2022-08-09 08:12:20,604] {dagbag.py:500} INFO - Filling up the DagBag from /home/airflow/.local/lib/python3.7/site-packages/airflow/example_dags/example_bash_operator.py
[2022-08-09 08:12:20,642] {processor.py:654} INFO - DAG(s) dict_keys(['example_bash_operator']) retrieved from /home/airflow/.local/lib/python3.7/site-packages/airflow/example_dags/example_bash_operator.py
[2022-08-09 08:12:20,654] {logging_mixin.py:109} INFO - [2022-08-09 08:12:20,654] {dag.py:2396} INFO - Sync 1 DAGs
[2022-08-09 08:12:20,677] {logging_mixin.py:109} INFO - [2022-08-09 08:12:20,677] {dag.py:2935} INFO - Setting next_dagrun for example_bash_operator to 2022-08-08 00:00:00+00:00
[2022-08-09 08:12:20,691] {processor.py:171} INFO - Processing /home/airflow/.local/lib/python3.7/site-packages/airflow/example_dags/example_bash_operator.py took 0.096 seconds
[2022-08-09 08:12:51,265] {processor.py:163} INFO - Started process (PID=1120) to work on /home/airflow/.local/lib/python3.7/site-packages/airflow/example_dags/example_bash_operator.py
[2022-08-09 08:12:51,269] {processor.py:642} INFO - Processing file /home/airflow/.local/lib/python3.7/site-packages/airflow/example_dags/example_bash_operator.py for tasks to queue
[2022-08-09 08:12:51,270] {logging_mixin.py:109} INFO - [2022-08-09 08:12:51,270] {dagbag.py:500} INFO - Filling up the DagBag from /home/airflow/.local/lib/python3.7/site-packages/airflow/example_dags/example_bash_operator.py
[2022-08-09 08:12:51,312] {processor.py:654} INFO - DAG(s) dict_keys(['example_bash_operator']) retrieved from /home/airflow/.local/lib/python3.7/site-packages/airflow/example_dags/example_bash_operator.py
[2022-08-09 08:12:51,327] {logging_mixin.py:109} INFO - [2022-08-09 08:12:51,327] {dag.py:2396} INFO - Sync 1 DAGs
[2022-08-09 08:12:51,348] {logging_mixin.py:109} INFO - [2022-08-09 08:12:51,348] {dag.py:2935} INFO - Setting next_dagrun for example_bash_operator to 2022-08-08 00:00:00+00:00
[2022-08-09 08:12:51,359] {processor.py:171} INFO - Processing /home/airflow/.local/lib/python3.7/site-packages/airflow/example_dags/example_bash_operator.py took 0.099 seconds
[2022-08-09 08:13:22,047] {processor.py:163} INFO - Started process (PID=1191) to work on /home/airflow/.local/lib/python3.7/site-packages/airflow/example_dags/example_bash_operator.py
[2022-08-09 08:13:22,049] {processor.py:642} INFO - Processing file /home/airflow/.local/lib/python3.7/site-packages/airflow/example_dags/example_bash_operator.py for tasks to queue
[2022-08-09 08:13:22,051] {logging_mixin.py:109} INFO - [2022-08-09 08:13:22,051] {dagbag.py:500} INFO - Filling up the DagBag from /home/airflow/.local/lib/python3.7/site-packages/airflow/example_dags/example_bash_operator.py
[2022-08-09 08:13:22,093] {processor.py:654} INFO - DAG(s) dict_keys(['example_bash_operator']) retrieved from /home/airflow/.local/lib/python3.7/site-packages/airflow/example_dags/example_bash_operator.py
[2022-08-09 08:13:22,118] {logging_mixin.py:109} INFO - [2022-08-09 08:13:22,118] {dag.py:2396} INFO - Sync 1 DAGs
[2022-08-09 08:13:22,172] {logging_mixin.py:109} INFO - [2022-08-09 08:13:22,171] {dag.py:2935} INFO - Setting next_dagrun for example_bash_operator to 2022-08-08 00:00:00+00:00
[2022-08-09 08:13:22,253] {processor.py:171} INFO - Processing /home/airflow/.local/lib/python3.7/site-packages/airflow/example_dags/example_bash_operator.py took 0.211 seconds
[2022-08-09 08:13:52,864] {processor.py:163} INFO - Started process (PID=1252) to work on /home/airflow/.local/lib/python3.7/site-packages/airflow/example_dags/example_bash_operator.py
[2022-08-09 08:13:52,866] {processor.py:642} INFO - Processing file /home/airflow/.local/lib/python3.7/site-packages/airflow/example_dags/example_bash_operator.py for tasks to queue
[2022-08-09 08:13:52,868] {logging_mixin.py:109} INFO - [2022-08-09 08:13:52,867] {dagbag.py:500} INFO - Filling up the DagBag from /home/airflow/.local/lib/python3.7/site-packages/airflow/example_dags/example_bash_operator.py
[2022-08-09 08:13:52,906] {processor.py:654} INFO - DAG(s) dict_keys(['example_bash_operator']) retrieved from /home/airflow/.local/lib/python3.7/site-packages/airflow/example_dags/example_bash_operator.py
[2022-08-09 08:13:52,927] {logging_mixin.py:109} INFO - [2022-08-09 08:13:52,927] {dag.py:2396} INFO - Sync 1 DAGs
[2022-08-09 08:13:52,948] {logging_mixin.py:109} INFO - [2022-08-09 08:13:52,948] {dag.py:2935} INFO - Setting next_dagrun for example_bash_operator to 2022-08-08 00:00:00+00:00
[2022-08-09 08:13:52,963] {processor.py:171} INFO - Processing /home/airflow/.local/lib/python3.7/site-packages/airflow/example_dags/example_bash_operator.py took 0.103 seconds
[2022-08-09 08:14:23,915] {processor.py:163} INFO - Started process (PID=1321) to work on /home/airflow/.local/lib/python3.7/site-packages/airflow/example_dags/example_bash_operator.py
[2022-08-09 08:14:23,918] {processor.py:642} INFO - Processing file /home/airflow/.local/lib/python3.7/site-packages/airflow/example_dags/example_bash_operator.py for tasks to queue
[2022-08-09 08:14:23,919] {logging_mixin.py:109} INFO - [2022-08-09 08:14:23,919] {dagbag.py:500} INFO - Filling up the DagBag from /home/airflow/.local/lib/python3.7/site-packages/airflow/example_dags/example_bash_operator.py
[2022-08-09 08:14:23,956] {processor.py:654} INFO - DAG(s) dict_keys(['example_bash_operator']) retrieved from /home/airflow/.local/lib/python3.7/site-packages/airflow/example_dags/example_bash_operator.py
[2022-08-09 08:14:23,968] {logging_mixin.py:109} INFO - [2022-08-09 08:14:23,968] {dag.py:2396} INFO - Sync 1 DAGs
[2022-08-09 08:14:23,986] {logging_mixin.py:109} INFO - [2022-08-09 08:14:23,986] {dag.py:2935} INFO - Setting next_dagrun for example_bash_operator to 2022-08-08 00:00:00+00:00
[2022-08-09 08:14:23,999] {processor.py:171} INFO - Processing /home/airflow/.local/lib/python3.7/site-packages/airflow/example_dags/example_bash_operator.py took 0.087 seconds
[2022-08-09 08:14:54,409] {processor.py:163} INFO - Started process (PID=1377) to work on /home/airflow/.local/lib/python3.7/site-packages/airflow/example_dags/example_bash_operator.py
[2022-08-09 08:14:54,412] {processor.py:642} INFO - Processing file /home/airflow/.local/lib/python3.7/site-packages/airflow/example_dags/example_bash_operator.py for tasks to queue
[2022-08-09 08:14:54,414] {logging_mixin.py:109} INFO - [2022-08-09 08:14:54,414] {dagbag.py:500} INFO - Filling up the DagBag from /home/airflow/.local/lib/python3.7/site-packages/airflow/example_dags/example_bash_operator.py
[2022-08-09 08:14:54,459] {processor.py:654} INFO - DAG(s) dict_keys(['example_bash_operator']) retrieved from /home/airflow/.local/lib/python3.7/site-packages/airflow/example_dags/example_bash_operator.py
[2022-08-09 08:14:54,482] {logging_mixin.py:109} INFO - [2022-08-09 08:14:54,482] {dag.py:2396} INFO - Sync 1 DAGs
[2022-08-09 08:14:54,510] {logging_mixin.py:109} INFO - [2022-08-09 08:14:54,510] {dag.py:2935} INFO - Setting next_dagrun for example_bash_operator to 2022-08-08 00:00:00+00:00
[2022-08-09 08:14:54,526] {processor.py:171} INFO - Processing /home/airflow/.local/lib/python3.7/site-packages/airflow/example_dags/example_bash_operator.py took 0.123 seconds
[2022-08-09 08:15:24,842] {processor.py:163} INFO - Started process (PID=1446) to work on /home/airflow/.local/lib/python3.7/site-packages/airflow/example_dags/example_bash_operator.py
[2022-08-09 08:15:24,844] {processor.py:642} INFO - Processing file /home/airflow/.local/lib/python3.7/site-packages/airflow/example_dags/example_bash_operator.py for tasks to queue
[2022-08-09 08:15:24,846] {logging_mixin.py:109} INFO - [2022-08-09 08:15:24,845] {dagbag.py:500} INFO - Filling up the DagBag from /home/airflow/.local/lib/python3.7/site-packages/airflow/example_dags/example_bash_operator.py
[2022-08-09 08:15:24,903] {processor.py:654} INFO - DAG(s) dict_keys(['example_bash_operator']) retrieved from /home/airflow/.local/lib/python3.7/site-packages/airflow/example_dags/example_bash_operator.py
[2022-08-09 08:15:24,920] {logging_mixin.py:109} INFO - [2022-08-09 08:15:24,919] {dag.py:2396} INFO - Sync 1 DAGs
[2022-08-09 08:15:24,998] {logging_mixin.py:109} INFO - [2022-08-09 08:15:24,998] {dag.py:2935} INFO - Setting next_dagrun for example_bash_operator to 2022-08-08 00:00:00+00:00
[2022-08-09 08:15:25,015] {processor.py:171} INFO - Processing /home/airflow/.local/lib/python3.7/site-packages/airflow/example_dags/example_bash_operator.py took 0.177 seconds
[2022-08-09 08:15:55,176] {processor.py:163} INFO - Started process (PID=1508) to work on /home/airflow/.local/lib/python3.7/site-packages/airflow/example_dags/example_bash_operator.py
[2022-08-09 08:15:55,179] {processor.py:642} INFO - Processing file /home/airflow/.local/lib/python3.7/site-packages/airflow/example_dags/example_bash_operator.py for tasks to queue
[2022-08-09 08:15:55,181] {logging_mixin.py:109} INFO - [2022-08-09 08:15:55,181] {dagbag.py:500} INFO - Filling up the DagBag from /home/airflow/.local/lib/python3.7/site-packages/airflow/example_dags/example_bash_operator.py
[2022-08-09 08:15:55,217] {processor.py:654} INFO - DAG(s) dict_keys(['example_bash_operator']) retrieved from /home/airflow/.local/lib/python3.7/site-packages/airflow/example_dags/example_bash_operator.py
[2022-08-09 08:15:55,232] {logging_mixin.py:109} INFO - [2022-08-09 08:15:55,232] {dag.py:2396} INFO - Sync 1 DAGs
[2022-08-09 08:15:55,252] {logging_mixin.py:109} INFO - [2022-08-09 08:15:55,252] {dag.py:2935} INFO - Setting next_dagrun for example_bash_operator to 2022-08-08 00:00:00+00:00
[2022-08-09 08:15:55,265] {processor.py:171} INFO - Processing /home/airflow/.local/lib/python3.7/site-packages/airflow/example_dags/example_bash_operator.py took 0.094 seconds
[2022-08-09 08:16:25,317] {processor.py:163} INFO - Started process (PID=1565) to work on /home/airflow/.local/lib/python3.7/site-packages/airflow/example_dags/example_bash_operator.py
[2022-08-09 08:16:25,320] {processor.py:642} INFO - Processing file /home/airflow/.local/lib/python3.7/site-packages/airflow/example_dags/example_bash_operator.py for tasks to queue
[2022-08-09 08:16:25,322] {logging_mixin.py:109} INFO - [2022-08-09 08:16:25,322] {dagbag.py:500} INFO - Filling up the DagBag from /home/airflow/.local/lib/python3.7/site-packages/airflow/example_dags/example_bash_operator.py
[2022-08-09 08:16:25,360] {processor.py:654} INFO - DAG(s) dict_keys(['example_bash_operator']) retrieved from /home/airflow/.local/lib/python3.7/site-packages/airflow/example_dags/example_bash_operator.py
[2022-08-09 08:16:25,371] {logging_mixin.py:109} INFO - [2022-08-09 08:16:25,371] {dag.py:2396} INFO - Sync 1 DAGs
[2022-08-09 08:16:25,388] {logging_mixin.py:109} INFO - [2022-08-09 08:16:25,388] {dag.py:2935} INFO - Setting next_dagrun for example_bash_operator to 2022-08-08 00:00:00+00:00
[2022-08-09 08:16:25,398] {processor.py:171} INFO - Processing /home/airflow/.local/lib/python3.7/site-packages/airflow/example_dags/example_bash_operator.py took 0.085 seconds
[2022-08-09 08:16:56,136] {processor.py:163} INFO - Started process (PID=1634) to work on /home/airflow/.local/lib/python3.7/site-packages/airflow/example_dags/example_bash_operator.py
[2022-08-09 08:16:56,140] {processor.py:642} INFO - Processing file /home/airflow/.local/lib/python3.7/site-packages/airflow/example_dags/example_bash_operator.py for tasks to queue
[2022-08-09 08:16:56,148] {logging_mixin.py:109} INFO - [2022-08-09 08:16:56,148] {dagbag.py:500} INFO - Filling up the DagBag from /home/airflow/.local/lib/python3.7/site-packages/airflow/example_dags/example_bash_operator.py
[2022-08-09 08:16:56,211] {processor.py:654} INFO - DAG(s) dict_keys(['example_bash_operator']) retrieved from /home/airflow/.local/lib/python3.7/site-packages/airflow/example_dags/example_bash_operator.py
[2022-08-09 08:16:56,230] {logging_mixin.py:109} INFO - [2022-08-09 08:16:56,230] {dag.py:2396} INFO - Sync 1 DAGs
[2022-08-09 08:16:56,253] {logging_mixin.py:109} INFO - [2022-08-09 08:16:56,251] {dag.py:2935} INFO - Setting next_dagrun for example_bash_operator to 2022-08-08 00:00:00+00:00
[2022-08-09 08:16:56,267] {processor.py:171} INFO - Processing /home/airflow/.local/lib/python3.7/site-packages/airflow/example_dags/example_bash_operator.py took 0.139 seconds
[2022-08-09 08:17:26,303] {processor.py:163} INFO - Started process (PID=1694) to work on /home/airflow/.local/lib/python3.7/site-packages/airflow/example_dags/example_bash_operator.py
[2022-08-09 08:17:26,305] {processor.py:642} INFO - Processing file /home/airflow/.local/lib/python3.7/site-packages/airflow/example_dags/example_bash_operator.py for tasks to queue
[2022-08-09 08:17:26,307] {logging_mixin.py:109} INFO - [2022-08-09 08:17:26,306] {dagbag.py:500} INFO - Filling up the DagBag from /home/airflow/.local/lib/python3.7/site-packages/airflow/example_dags/example_bash_operator.py
[2022-08-09 08:17:26,340] {processor.py:654} INFO - DAG(s) dict_keys(['example_bash_operator']) retrieved from /home/airflow/.local/lib/python3.7/site-packages/airflow/example_dags/example_bash_operator.py
[2022-08-09 08:17:26,352] {logging_mixin.py:109} INFO - [2022-08-09 08:17:26,351] {dag.py:2396} INFO - Sync 1 DAGs
[2022-08-09 08:17:26,369] {logging_mixin.py:109} INFO - [2022-08-09 08:17:26,369] {dag.py:2935} INFO - Setting next_dagrun for example_bash_operator to 2022-08-08 00:00:00+00:00
[2022-08-09 08:17:26,382] {processor.py:171} INFO - Processing /home/airflow/.local/lib/python3.7/site-packages/airflow/example_dags/example_bash_operator.py took 0.083 seconds
[2022-08-09 08:17:56,848] {processor.py:163} INFO - Started process (PID=1763) to work on /home/airflow/.local/lib/python3.7/site-packages/airflow/example_dags/example_bash_operator.py
[2022-08-09 08:17:56,850] {processor.py:642} INFO - Processing file /home/airflow/.local/lib/python3.7/site-packages/airflow/example_dags/example_bash_operator.py for tasks to queue
[2022-08-09 08:17:56,852] {logging_mixin.py:109} INFO - [2022-08-09 08:17:56,851] {dagbag.py:500} INFO - Filling up the DagBag from /home/airflow/.local/lib/python3.7/site-packages/airflow/example_dags/example_bash_operator.py
[2022-08-09 08:17:56,891] {processor.py:654} INFO - DAG(s) dict_keys(['example_bash_operator']) retrieved from /home/airflow/.local/lib/python3.7/site-packages/airflow/example_dags/example_bash_operator.py
[2022-08-09 08:17:56,905] {logging_mixin.py:109} INFO - [2022-08-09 08:17:56,905] {dag.py:2396} INFO - Sync 1 DAGs
[2022-08-09 08:17:56,939] {logging_mixin.py:109} INFO - [2022-08-09 08:17:56,938] {dag.py:2935} INFO - Setting next_dagrun for example_bash_operator to 2022-08-08 00:00:00+00:00
[2022-08-09 08:17:56,957] {processor.py:171} INFO - Processing /home/airflow/.local/lib/python3.7/site-packages/airflow/example_dags/example_bash_operator.py took 0.113 seconds
[2022-08-09 08:18:27,485] {processor.py:163} INFO - Started process (PID=1822) to work on /home/airflow/.local/lib/python3.7/site-packages/airflow/example_dags/example_bash_operator.py
[2022-08-09 08:18:27,488] {processor.py:642} INFO - Processing file /home/airflow/.local/lib/python3.7/site-packages/airflow/example_dags/example_bash_operator.py for tasks to queue
[2022-08-09 08:18:27,490] {logging_mixin.py:109} INFO - [2022-08-09 08:18:27,489] {dagbag.py:500} INFO - Filling up the DagBag from /home/airflow/.local/lib/python3.7/site-packages/airflow/example_dags/example_bash_operator.py
[2022-08-09 08:18:27,528] {processor.py:654} INFO - DAG(s) dict_keys(['example_bash_operator']) retrieved from /home/airflow/.local/lib/python3.7/site-packages/airflow/example_dags/example_bash_operator.py
[2022-08-09 08:18:27,541] {logging_mixin.py:109} INFO - [2022-08-09 08:18:27,540] {dag.py:2396} INFO - Sync 1 DAGs
[2022-08-09 08:18:27,648] {logging_mixin.py:109} INFO - [2022-08-09 08:18:27,648] {dag.py:2935} INFO - Setting next_dagrun for example_bash_operator to 2022-08-08 00:00:00+00:00
[2022-08-09 08:18:27,660] {processor.py:171} INFO - Processing /home/airflow/.local/lib/python3.7/site-packages/airflow/example_dags/example_bash_operator.py took 0.178 seconds
[2022-08-09 08:18:58,158] {processor.py:163} INFO - Started process (PID=1892) to work on /home/airflow/.local/lib/python3.7/site-packages/airflow/example_dags/example_bash_operator.py
[2022-08-09 08:18:58,161] {processor.py:642} INFO - Processing file /home/airflow/.local/lib/python3.7/site-packages/airflow/example_dags/example_bash_operator.py for tasks to queue
[2022-08-09 08:18:58,162] {logging_mixin.py:109} INFO - [2022-08-09 08:18:58,162] {dagbag.py:500} INFO - Filling up the DagBag from /home/airflow/.local/lib/python3.7/site-packages/airflow/example_dags/example_bash_operator.py
[2022-08-09 08:18:58,199] {processor.py:654} INFO - DAG(s) dict_keys(['example_bash_operator']) retrieved from /home/airflow/.local/lib/python3.7/site-packages/airflow/example_dags/example_bash_operator.py
[2022-08-09 08:18:58,211] {logging_mixin.py:109} INFO - [2022-08-09 08:18:58,211] {dag.py:2396} INFO - Sync 1 DAGs
[2022-08-09 08:18:58,318] {logging_mixin.py:109} INFO - [2022-08-09 08:18:58,318] {dag.py:2935} INFO - Setting next_dagrun for example_bash_operator to 2022-08-08 00:00:00+00:00
[2022-08-09 08:18:58,328] {processor.py:171} INFO - Processing /home/airflow/.local/lib/python3.7/site-packages/airflow/example_dags/example_bash_operator.py took 0.173 seconds
[2022-08-09 08:19:28,806] {processor.py:163} INFO - Started process (PID=1953) to work on /home/airflow/.local/lib/python3.7/site-packages/airflow/example_dags/example_bash_operator.py
[2022-08-09 08:19:28,809] {processor.py:642} INFO - Processing file /home/airflow/.local/lib/python3.7/site-packages/airflow/example_dags/example_bash_operator.py for tasks to queue
[2022-08-09 08:19:28,810] {logging_mixin.py:109} INFO - [2022-08-09 08:19:28,810] {dagbag.py:500} INFO - Filling up the DagBag from /home/airflow/.local/lib/python3.7/site-packages/airflow/example_dags/example_bash_operator.py
[2022-08-09 08:19:28,844] {processor.py:654} INFO - DAG(s) dict_keys(['example_bash_operator']) retrieved from /home/airflow/.local/lib/python3.7/site-packages/airflow/example_dags/example_bash_operator.py
[2022-08-09 08:19:28,855] {logging_mixin.py:109} INFO - [2022-08-09 08:19:28,855] {dag.py:2396} INFO - Sync 1 DAGs
[2022-08-09 08:19:28,956] {logging_mixin.py:109} INFO - [2022-08-09 08:19:28,956] {dag.py:2935} INFO - Setting next_dagrun for example_bash_operator to 2022-08-08 00:00:00+00:00
[2022-08-09 08:19:28,966] {processor.py:171} INFO - Processing /home/airflow/.local/lib/python3.7/site-packages/airflow/example_dags/example_bash_operator.py took 0.163 seconds
[2022-08-09 08:19:59,537] {processor.py:163} INFO - Started process (PID=2022) to work on /home/airflow/.local/lib/python3.7/site-packages/airflow/example_dags/example_bash_operator.py
[2022-08-09 08:19:59,539] {processor.py:642} INFO - Processing file /home/airflow/.local/lib/python3.7/site-packages/airflow/example_dags/example_bash_operator.py for tasks to queue
[2022-08-09 08:19:59,541] {logging_mixin.py:109} INFO - [2022-08-09 08:19:59,541] {dagbag.py:500} INFO - Filling up the DagBag from /home/airflow/.local/lib/python3.7/site-packages/airflow/example_dags/example_bash_operator.py
[2022-08-09 08:19:59,582] {processor.py:654} INFO - DAG(s) dict_keys(['example_bash_operator']) retrieved from /home/airflow/.local/lib/python3.7/site-packages/airflow/example_dags/example_bash_operator.py
[2022-08-09 08:19:59,679] {logging_mixin.py:109} INFO - [2022-08-09 08:19:59,679] {dag.py:2396} INFO - Sync 1 DAGs
[2022-08-09 08:19:59,695] {logging_mixin.py:109} INFO - [2022-08-09 08:19:59,695] {dag.py:2935} INFO - Setting next_dagrun for example_bash_operator to 2022-08-08 00:00:00+00:00
[2022-08-09 08:19:59,707] {processor.py:171} INFO - Processing /home/airflow/.local/lib/python3.7/site-packages/airflow/example_dags/example_bash_operator.py took 0.174 seconds
[2022-08-09 08:20:30,315] {processor.py:163} INFO - Started process (PID=2082) to work on /home/airflow/.local/lib/python3.7/site-packages/airflow/example_dags/example_bash_operator.py
[2022-08-09 08:20:30,317] {processor.py:642} INFO - Processing file /home/airflow/.local/lib/python3.7/site-packages/airflow/example_dags/example_bash_operator.py for tasks to queue
[2022-08-09 08:20:30,318] {logging_mixin.py:109} INFO - [2022-08-09 08:20:30,318] {dagbag.py:500} INFO - Filling up the DagBag from /home/airflow/.local/lib/python3.7/site-packages/airflow/example_dags/example_bash_operator.py
[2022-08-09 08:20:30,446] {processor.py:654} INFO - DAG(s) dict_keys(['example_bash_operator']) retrieved from /home/airflow/.local/lib/python3.7/site-packages/airflow/example_dags/example_bash_operator.py
[2022-08-09 08:20:30,458] {logging_mixin.py:109} INFO - [2022-08-09 08:20:30,458] {dag.py:2396} INFO - Sync 1 DAGs
[2022-08-09 08:20:30,477] {logging_mixin.py:109} INFO - [2022-08-09 08:20:30,477] {dag.py:2935} INFO - Setting next_dagrun for example_bash_operator to 2022-08-08 00:00:00+00:00
[2022-08-09 08:20:30,494] {processor.py:171} INFO - Processing /home/airflow/.local/lib/python3.7/site-packages/airflow/example_dags/example_bash_operator.py took 0.183 seconds
[2022-08-09 08:21:00,844] {processor.py:163} INFO - Started process (PID=2152) to work on /home/airflow/.local/lib/python3.7/site-packages/airflow/example_dags/example_bash_operator.py
[2022-08-09 08:21:00,846] {processor.py:642} INFO - Processing file /home/airflow/.local/lib/python3.7/site-packages/airflow/example_dags/example_bash_operator.py for tasks to queue
[2022-08-09 08:21:00,849] {logging_mixin.py:109} INFO - [2022-08-09 08:21:00,848] {dagbag.py:500} INFO - Filling up the DagBag from /home/airflow/.local/lib/python3.7/site-packages/airflow/example_dags/example_bash_operator.py
[2022-08-09 08:21:00,979] {processor.py:654} INFO - DAG(s) dict_keys(['example_bash_operator']) retrieved from /home/airflow/.local/lib/python3.7/site-packages/airflow/example_dags/example_bash_operator.py
[2022-08-09 08:21:00,990] {logging_mixin.py:109} INFO - [2022-08-09 08:21:00,990] {dag.py:2396} INFO - Sync 1 DAGs
[2022-08-09 08:21:01,013] {logging_mixin.py:109} INFO - [2022-08-09 08:21:01,013] {dag.py:2935} INFO - Setting next_dagrun for example_bash_operator to 2022-08-08 00:00:00+00:00
[2022-08-09 08:21:01,027] {processor.py:171} INFO - Processing /home/airflow/.local/lib/python3.7/site-packages/airflow/example_dags/example_bash_operator.py took 0.187 seconds
[2022-08-09 08:21:31,400] {processor.py:163} INFO - Started process (PID=2213) to work on /home/airflow/.local/lib/python3.7/site-packages/airflow/example_dags/example_bash_operator.py
[2022-08-09 08:21:31,402] {processor.py:642} INFO - Processing file /home/airflow/.local/lib/python3.7/site-packages/airflow/example_dags/example_bash_operator.py for tasks to queue
[2022-08-09 08:21:31,404] {logging_mixin.py:109} INFO - [2022-08-09 08:21:31,403] {dagbag.py:500} INFO - Filling up the DagBag from /home/airflow/.local/lib/python3.7/site-packages/airflow/example_dags/example_bash_operator.py
[2022-08-09 08:21:31,533] {processor.py:654} INFO - DAG(s) dict_keys(['example_bash_operator']) retrieved from /home/airflow/.local/lib/python3.7/site-packages/airflow/example_dags/example_bash_operator.py
[2022-08-09 08:21:31,544] {logging_mixin.py:109} INFO - [2022-08-09 08:21:31,544] {dag.py:2396} INFO - Sync 1 DAGs
[2022-08-09 08:21:31,562] {logging_mixin.py:109} INFO - [2022-08-09 08:21:31,562] {dag.py:2935} INFO - Setting next_dagrun for example_bash_operator to 2022-08-08 00:00:00+00:00
[2022-08-09 08:21:31,574] {processor.py:171} INFO - Processing /home/airflow/.local/lib/python3.7/site-packages/airflow/example_dags/example_bash_operator.py took 0.178 seconds
[2022-08-09 08:22:02,363] {processor.py:163} INFO - Started process (PID=2281) to work on /home/airflow/.local/lib/python3.7/site-packages/airflow/example_dags/example_bash_operator.py
[2022-08-09 08:22:02,366] {processor.py:642} INFO - Processing file /home/airflow/.local/lib/python3.7/site-packages/airflow/example_dags/example_bash_operator.py for tasks to queue
[2022-08-09 08:22:02,369] {logging_mixin.py:109} INFO - [2022-08-09 08:22:02,368] {dagbag.py:500} INFO - Filling up the DagBag from /home/airflow/.local/lib/python3.7/site-packages/airflow/example_dags/example_bash_operator.py
[2022-08-09 08:22:02,519] {processor.py:654} INFO - DAG(s) dict_keys(['example_bash_operator']) retrieved from /home/airflow/.local/lib/python3.7/site-packages/airflow/example_dags/example_bash_operator.py
[2022-08-09 08:22:02,543] {logging_mixin.py:109} INFO - [2022-08-09 08:22:02,543] {dag.py:2396} INFO - Sync 1 DAGs
[2022-08-09 08:22:02,563] {logging_mixin.py:109} INFO - [2022-08-09 08:22:02,563] {dag.py:2935} INFO - Setting next_dagrun for example_bash_operator to 2022-08-08 00:00:00+00:00
[2022-08-09 08:22:02,577] {processor.py:171} INFO - Processing /home/airflow/.local/lib/python3.7/site-packages/airflow/example_dags/example_bash_operator.py took 0.219 seconds
[2022-08-09 08:22:32,797] {processor.py:163} INFO - Started process (PID=2341) to work on /home/airflow/.local/lib/python3.7/site-packages/airflow/example_dags/example_bash_operator.py
[2022-08-09 08:22:32,800] {processor.py:642} INFO - Processing file /home/airflow/.local/lib/python3.7/site-packages/airflow/example_dags/example_bash_operator.py for tasks to queue
[2022-08-09 08:22:32,802] {logging_mixin.py:109} INFO - [2022-08-09 08:22:32,802] {dagbag.py:500} INFO - Filling up the DagBag from /home/airflow/.local/lib/python3.7/site-packages/airflow/example_dags/example_bash_operator.py
[2022-08-09 08:22:32,951] {processor.py:654} INFO - DAG(s) dict_keys(['example_bash_operator']) retrieved from /home/airflow/.local/lib/python3.7/site-packages/airflow/example_dags/example_bash_operator.py
[2022-08-09 08:22:32,962] {logging_mixin.py:109} INFO - [2022-08-09 08:22:32,962] {dag.py:2396} INFO - Sync 1 DAGs
[2022-08-09 08:22:32,980] {logging_mixin.py:109} INFO - [2022-08-09 08:22:32,979] {dag.py:2935} INFO - Setting next_dagrun for example_bash_operator to 2022-08-08 00:00:00+00:00
[2022-08-09 08:22:32,993] {processor.py:171} INFO - Processing /home/airflow/.local/lib/python3.7/site-packages/airflow/example_dags/example_bash_operator.py took 0.202 seconds
[2022-08-09 08:23:03,827] {processor.py:163} INFO - Started process (PID=2411) to work on /home/airflow/.local/lib/python3.7/site-packages/airflow/example_dags/example_bash_operator.py
[2022-08-09 08:23:03,829] {processor.py:642} INFO - Processing file /home/airflow/.local/lib/python3.7/site-packages/airflow/example_dags/example_bash_operator.py for tasks to queue
[2022-08-09 08:23:03,831] {logging_mixin.py:109} INFO - [2022-08-09 08:23:03,831] {dagbag.py:500} INFO - Filling up the DagBag from /home/airflow/.local/lib/python3.7/site-packages/airflow/example_dags/example_bash_operator.py
[2022-08-09 08:23:03,872] {processor.py:654} INFO - DAG(s) dict_keys(['example_bash_operator']) retrieved from /home/airflow/.local/lib/python3.7/site-packages/airflow/example_dags/example_bash_operator.py
[2022-08-09 08:23:03,888] {logging_mixin.py:109} INFO - [2022-08-09 08:23:03,888] {dag.py:2396} INFO - Sync 1 DAGs
[2022-08-09 08:23:03,908] {logging_mixin.py:109} INFO - [2022-08-09 08:23:03,908] {dag.py:2935} INFO - Setting next_dagrun for example_bash_operator to 2022-08-08 00:00:00+00:00
[2022-08-09 08:23:03,922] {processor.py:171} INFO - Processing /home/airflow/.local/lib/python3.7/site-packages/airflow/example_dags/example_bash_operator.py took 0.101 seconds
[2022-08-09 08:23:34,301] {processor.py:163} INFO - Started process (PID=2472) to work on /home/airflow/.local/lib/python3.7/site-packages/airflow/example_dags/example_bash_operator.py
[2022-08-09 08:23:34,303] {processor.py:642} INFO - Processing file /home/airflow/.local/lib/python3.7/site-packages/airflow/example_dags/example_bash_operator.py for tasks to queue
[2022-08-09 08:23:34,305] {logging_mixin.py:109} INFO - [2022-08-09 08:23:34,304] {dagbag.py:500} INFO - Filling up the DagBag from /home/airflow/.local/lib/python3.7/site-packages/airflow/example_dags/example_bash_operator.py
[2022-08-09 08:23:34,338] {processor.py:654} INFO - DAG(s) dict_keys(['example_bash_operator']) retrieved from /home/airflow/.local/lib/python3.7/site-packages/airflow/example_dags/example_bash_operator.py
[2022-08-09 08:23:34,349] {logging_mixin.py:109} INFO - [2022-08-09 08:23:34,349] {dag.py:2396} INFO - Sync 1 DAGs
[2022-08-09 08:23:34,365] {logging_mixin.py:109} INFO - [2022-08-09 08:23:34,365] {dag.py:2935} INFO - Setting next_dagrun for example_bash_operator to 2022-08-08 00:00:00+00:00
[2022-08-09 08:23:34,376] {processor.py:171} INFO - Processing /home/airflow/.local/lib/python3.7/site-packages/airflow/example_dags/example_bash_operator.py took 0.079 seconds
[2022-08-09 08:24:04,432] {processor.py:163} INFO - Started process (PID=2540) to work on /home/airflow/.local/lib/python3.7/site-packages/airflow/example_dags/example_bash_operator.py
[2022-08-09 08:24:04,433] {processor.py:642} INFO - Processing file /home/airflow/.local/lib/python3.7/site-packages/airflow/example_dags/example_bash_operator.py for tasks to queue
[2022-08-09 08:24:04,435] {logging_mixin.py:109} INFO - [2022-08-09 08:24:04,435] {dagbag.py:500} INFO - Filling up the DagBag from /home/airflow/.local/lib/python3.7/site-packages/airflow/example_dags/example_bash_operator.py
[2022-08-09 08:24:04,472] {processor.py:654} INFO - DAG(s) dict_keys(['example_bash_operator']) retrieved from /home/airflow/.local/lib/python3.7/site-packages/airflow/example_dags/example_bash_operator.py
[2022-08-09 08:24:04,486] {logging_mixin.py:109} INFO - [2022-08-09 08:24:04,486] {dag.py:2396} INFO - Sync 1 DAGs
[2022-08-09 08:24:04,507] {logging_mixin.py:109} INFO - [2022-08-09 08:24:04,506] {dag.py:2935} INFO - Setting next_dagrun for example_bash_operator to 2022-08-08 00:00:00+00:00
[2022-08-09 08:24:04,525] {processor.py:171} INFO - Processing /home/airflow/.local/lib/python3.7/site-packages/airflow/example_dags/example_bash_operator.py took 0.097 seconds
[2022-08-09 08:24:35,026] {processor.py:163} INFO - Started process (PID=2603) to work on /home/airflow/.local/lib/python3.7/site-packages/airflow/example_dags/example_bash_operator.py
[2022-08-09 08:24:35,029] {processor.py:642} INFO - Processing file /home/airflow/.local/lib/python3.7/site-packages/airflow/example_dags/example_bash_operator.py for tasks to queue
[2022-08-09 08:24:35,031] {logging_mixin.py:109} INFO - [2022-08-09 08:24:35,031] {dagbag.py:500} INFO - Filling up the DagBag from /home/airflow/.local/lib/python3.7/site-packages/airflow/example_dags/example_bash_operator.py
[2022-08-09 08:24:35,084] {processor.py:654} INFO - DAG(s) dict_keys(['example_bash_operator']) retrieved from /home/airflow/.local/lib/python3.7/site-packages/airflow/example_dags/example_bash_operator.py
[2022-08-09 08:24:35,104] {logging_mixin.py:109} INFO - [2022-08-09 08:24:35,104] {dag.py:2396} INFO - Sync 1 DAGs
[2022-08-09 08:24:35,128] {logging_mixin.py:109} INFO - [2022-08-09 08:24:35,128] {dag.py:2935} INFO - Setting next_dagrun for example_bash_operator to 2022-08-08 00:00:00+00:00
[2022-08-09 08:24:35,143] {processor.py:171} INFO - Processing /home/airflow/.local/lib/python3.7/site-packages/airflow/example_dags/example_bash_operator.py took 0.121 seconds
[2022-08-09 08:25:05,908] {processor.py:163} INFO - Started process (PID=2663) to work on /home/airflow/.local/lib/python3.7/site-packages/airflow/example_dags/example_bash_operator.py
[2022-08-09 08:25:05,911] {processor.py:642} INFO - Processing file /home/airflow/.local/lib/python3.7/site-packages/airflow/example_dags/example_bash_operator.py for tasks to queue
[2022-08-09 08:25:05,912] {logging_mixin.py:109} INFO - [2022-08-09 08:25:05,912] {dagbag.py:500} INFO - Filling up the DagBag from /home/airflow/.local/lib/python3.7/site-packages/airflow/example_dags/example_bash_operator.py
[2022-08-09 08:25:05,945] {processor.py:654} INFO - DAG(s) dict_keys(['example_bash_operator']) retrieved from /home/airflow/.local/lib/python3.7/site-packages/airflow/example_dags/example_bash_operator.py
[2022-08-09 08:25:05,957] {logging_mixin.py:109} INFO - [2022-08-09 08:25:05,956] {dag.py:2396} INFO - Sync 1 DAGs
[2022-08-09 08:25:05,974] {logging_mixin.py:109} INFO - [2022-08-09 08:25:05,974] {dag.py:2935} INFO - Setting next_dagrun for example_bash_operator to 2022-08-08 00:00:00+00:00
[2022-08-09 08:25:05,988] {processor.py:171} INFO - Processing /home/airflow/.local/lib/python3.7/site-packages/airflow/example_dags/example_bash_operator.py took 0.083 seconds
[2022-08-09 08:25:36,513] {processor.py:163} INFO - Started process (PID=2733) to work on /home/airflow/.local/lib/python3.7/site-packages/airflow/example_dags/example_bash_operator.py
[2022-08-09 08:25:36,515] {processor.py:642} INFO - Processing file /home/airflow/.local/lib/python3.7/site-packages/airflow/example_dags/example_bash_operator.py for tasks to queue
[2022-08-09 08:25:36,516] {logging_mixin.py:109} INFO - [2022-08-09 08:25:36,516] {dagbag.py:500} INFO - Filling up the DagBag from /home/airflow/.local/lib/python3.7/site-packages/airflow/example_dags/example_bash_operator.py
[2022-08-09 08:25:36,552] {processor.py:654} INFO - DAG(s) dict_keys(['example_bash_operator']) retrieved from /home/airflow/.local/lib/python3.7/site-packages/airflow/example_dags/example_bash_operator.py
[2022-08-09 08:25:36,566] {logging_mixin.py:109} INFO - [2022-08-09 08:25:36,566] {dag.py:2396} INFO - Sync 1 DAGs
[2022-08-09 08:25:36,587] {logging_mixin.py:109} INFO - [2022-08-09 08:25:36,587] {dag.py:2935} INFO - Setting next_dagrun for example_bash_operator to 2022-08-08 00:00:00+00:00
[2022-08-09 08:25:36,601] {processor.py:171} INFO - Processing /home/airflow/.local/lib/python3.7/site-packages/airflow/example_dags/example_bash_operator.py took 0.091 seconds
[2022-08-09 08:26:06,803] {processor.py:163} INFO - Started process (PID=2792) to work on /home/airflow/.local/lib/python3.7/site-packages/airflow/example_dags/example_bash_operator.py
[2022-08-09 08:26:06,805] {processor.py:642} INFO - Processing file /home/airflow/.local/lib/python3.7/site-packages/airflow/example_dags/example_bash_operator.py for tasks to queue
[2022-08-09 08:26:06,810] {logging_mixin.py:109} INFO - [2022-08-09 08:26:06,810] {dagbag.py:500} INFO - Filling up the DagBag from /home/airflow/.local/lib/python3.7/site-packages/airflow/example_dags/example_bash_operator.py
[2022-08-09 08:26:06,846] {processor.py:654} INFO - DAG(s) dict_keys(['example_bash_operator']) retrieved from /home/airflow/.local/lib/python3.7/site-packages/airflow/example_dags/example_bash_operator.py
[2022-08-09 08:26:06,859] {logging_mixin.py:109} INFO - [2022-08-09 08:26:06,859] {dag.py:2396} INFO - Sync 1 DAGs
[2022-08-09 08:26:06,874] {logging_mixin.py:109} INFO - [2022-08-09 08:26:06,874] {dag.py:2935} INFO - Setting next_dagrun for example_bash_operator to 2022-08-08 00:00:00+00:00
[2022-08-09 08:26:06,884] {processor.py:171} INFO - Processing /home/airflow/.local/lib/python3.7/site-packages/airflow/example_dags/example_bash_operator.py took 0.086 seconds
[2022-08-09 08:26:37,051] {processor.py:163} INFO - Started process (PID=2861) to work on /home/airflow/.local/lib/python3.7/site-packages/airflow/example_dags/example_bash_operator.py
[2022-08-09 08:26:37,053] {processor.py:642} INFO - Processing file /home/airflow/.local/lib/python3.7/site-packages/airflow/example_dags/example_bash_operator.py for tasks to queue
[2022-08-09 08:26:37,055] {logging_mixin.py:109} INFO - [2022-08-09 08:26:37,054] {dagbag.py:500} INFO - Filling up the DagBag from /home/airflow/.local/lib/python3.7/site-packages/airflow/example_dags/example_bash_operator.py
[2022-08-09 08:26:37,092] {processor.py:654} INFO - DAG(s) dict_keys(['example_bash_operator']) retrieved from /home/airflow/.local/lib/python3.7/site-packages/airflow/example_dags/example_bash_operator.py
[2022-08-09 08:26:37,104] {logging_mixin.py:109} INFO - [2022-08-09 08:26:37,104] {dag.py:2396} INFO - Sync 1 DAGs
[2022-08-09 08:26:37,122] {logging_mixin.py:109} INFO - [2022-08-09 08:26:37,122] {dag.py:2935} INFO - Setting next_dagrun for example_bash_operator to 2022-08-08 00:00:00+00:00
[2022-08-09 08:26:37,133] {processor.py:171} INFO - Processing /home/airflow/.local/lib/python3.7/site-packages/airflow/example_dags/example_bash_operator.py took 0.086 seconds
[2022-08-09 08:27:07,690] {processor.py:163} INFO - Started process (PID=2922) to work on /home/airflow/.local/lib/python3.7/site-packages/airflow/example_dags/example_bash_operator.py
[2022-08-09 08:27:07,693] {processor.py:642} INFO - Processing file /home/airflow/.local/lib/python3.7/site-packages/airflow/example_dags/example_bash_operator.py for tasks to queue
[2022-08-09 08:27:07,695] {logging_mixin.py:109} INFO - [2022-08-09 08:27:07,695] {dagbag.py:500} INFO - Filling up the DagBag from /home/airflow/.local/lib/python3.7/site-packages/airflow/example_dags/example_bash_operator.py
[2022-08-09 08:27:07,735] {processor.py:654} INFO - DAG(s) dict_keys(['example_bash_operator']) retrieved from /home/airflow/.local/lib/python3.7/site-packages/airflow/example_dags/example_bash_operator.py
[2022-08-09 08:27:07,746] {logging_mixin.py:109} INFO - [2022-08-09 08:27:07,746] {dag.py:2396} INFO - Sync 1 DAGs
[2022-08-09 08:27:07,767] {logging_mixin.py:109} INFO - [2022-08-09 08:27:07,766] {dag.py:2935} INFO - Setting next_dagrun for example_bash_operator to 2022-08-08 00:00:00+00:00
[2022-08-09 08:27:07,778] {processor.py:171} INFO - Processing /home/airflow/.local/lib/python3.7/site-packages/airflow/example_dags/example_bash_operator.py took 0.093 seconds
[2022-08-09 08:27:37,969] {processor.py:163} INFO - Started process (PID=2992) to work on /home/airflow/.local/lib/python3.7/site-packages/airflow/example_dags/example_bash_operator.py
[2022-08-09 08:27:37,972] {processor.py:642} INFO - Processing file /home/airflow/.local/lib/python3.7/site-packages/airflow/example_dags/example_bash_operator.py for tasks to queue
[2022-08-09 08:27:37,975] {logging_mixin.py:109} INFO - [2022-08-09 08:27:37,975] {dagbag.py:500} INFO - Filling up the DagBag from /home/airflow/.local/lib/python3.7/site-packages/airflow/example_dags/example_bash_operator.py
[2022-08-09 08:27:38,016] {processor.py:654} INFO - DAG(s) dict_keys(['example_bash_operator']) retrieved from /home/airflow/.local/lib/python3.7/site-packages/airflow/example_dags/example_bash_operator.py
[2022-08-09 08:27:38,031] {logging_mixin.py:109} INFO - [2022-08-09 08:27:38,031] {dag.py:2396} INFO - Sync 1 DAGs
[2022-08-09 08:27:38,063] {logging_mixin.py:109} INFO - [2022-08-09 08:27:38,063] {dag.py:2935} INFO - Setting next_dagrun for example_bash_operator to 2022-08-08 00:00:00+00:00
[2022-08-09 08:27:38,077] {processor.py:171} INFO - Processing /home/airflow/.local/lib/python3.7/site-packages/airflow/example_dags/example_bash_operator.py took 0.113 seconds
[2022-08-09 08:28:08,151] {processor.py:163} INFO - Started process (PID=3052) to work on /home/airflow/.local/lib/python3.7/site-packages/airflow/example_dags/example_bash_operator.py
[2022-08-09 08:28:08,154] {processor.py:642} INFO - Processing file /home/airflow/.local/lib/python3.7/site-packages/airflow/example_dags/example_bash_operator.py for tasks to queue
[2022-08-09 08:28:08,155] {logging_mixin.py:109} INFO - [2022-08-09 08:28:08,155] {dagbag.py:500} INFO - Filling up the DagBag from /home/airflow/.local/lib/python3.7/site-packages/airflow/example_dags/example_bash_operator.py
[2022-08-09 08:28:08,193] {processor.py:654} INFO - DAG(s) dict_keys(['example_bash_operator']) retrieved from /home/airflow/.local/lib/python3.7/site-packages/airflow/example_dags/example_bash_operator.py
[2022-08-09 08:28:08,206] {logging_mixin.py:109} INFO - [2022-08-09 08:28:08,206] {dag.py:2396} INFO - Sync 1 DAGs
[2022-08-09 08:28:08,224] {logging_mixin.py:109} INFO - [2022-08-09 08:28:08,224] {dag.py:2935} INFO - Setting next_dagrun for example_bash_operator to 2022-08-08 00:00:00+00:00
[2022-08-09 08:28:08,234] {processor.py:171} INFO - Processing /home/airflow/.local/lib/python3.7/site-packages/airflow/example_dags/example_bash_operator.py took 0.089 seconds
[2022-08-09 08:28:38,813] {processor.py:163} INFO - Started process (PID=3121) to work on /home/airflow/.local/lib/python3.7/site-packages/airflow/example_dags/example_bash_operator.py
[2022-08-09 08:28:38,815] {processor.py:642} INFO - Processing file /home/airflow/.local/lib/python3.7/site-packages/airflow/example_dags/example_bash_operator.py for tasks to queue
[2022-08-09 08:28:38,817] {logging_mixin.py:109} INFO - [2022-08-09 08:28:38,817] {dagbag.py:500} INFO - Filling up the DagBag from /home/airflow/.local/lib/python3.7/site-packages/airflow/example_dags/example_bash_operator.py
[2022-08-09 08:28:38,856] {processor.py:654} INFO - DAG(s) dict_keys(['example_bash_operator']) retrieved from /home/airflow/.local/lib/python3.7/site-packages/airflow/example_dags/example_bash_operator.py
[2022-08-09 08:28:38,869] {logging_mixin.py:109} INFO - [2022-08-09 08:28:38,869] {dag.py:2396} INFO - Sync 1 DAGs
[2022-08-09 08:28:38,887] {logging_mixin.py:109} INFO - [2022-08-09 08:28:38,887] {dag.py:2935} INFO - Setting next_dagrun for example_bash_operator to 2022-08-08 00:00:00+00:00
[2022-08-09 08:28:38,900] {processor.py:171} INFO - Processing /home/airflow/.local/lib/python3.7/site-packages/airflow/example_dags/example_bash_operator.py took 0.092 seconds
[2022-08-09 08:29:09,420] {processor.py:163} INFO - Started process (PID=3181) to work on /home/airflow/.local/lib/python3.7/site-packages/airflow/example_dags/example_bash_operator.py
[2022-08-09 08:29:09,422] {processor.py:642} INFO - Processing file /home/airflow/.local/lib/python3.7/site-packages/airflow/example_dags/example_bash_operator.py for tasks to queue
[2022-08-09 08:29:09,423] {logging_mixin.py:109} INFO - [2022-08-09 08:29:09,423] {dagbag.py:500} INFO - Filling up the DagBag from /home/airflow/.local/lib/python3.7/site-packages/airflow/example_dags/example_bash_operator.py
[2022-08-09 08:29:09,462] {processor.py:654} INFO - DAG(s) dict_keys(['example_bash_operator']) retrieved from /home/airflow/.local/lib/python3.7/site-packages/airflow/example_dags/example_bash_operator.py
[2022-08-09 08:29:09,473] {logging_mixin.py:109} INFO - [2022-08-09 08:29:09,473] {dag.py:2396} INFO - Sync 1 DAGs
[2022-08-09 08:29:09,490] {logging_mixin.py:109} INFO - [2022-08-09 08:29:09,490] {dag.py:2935} INFO - Setting next_dagrun for example_bash_operator to 2022-08-08 00:00:00+00:00
[2022-08-09 08:29:09,503] {processor.py:171} INFO - Processing /home/airflow/.local/lib/python3.7/site-packages/airflow/example_dags/example_bash_operator.py took 0.087 seconds
[2022-08-09 08:29:39,827] {processor.py:163} INFO - Started process (PID=3250) to work on /home/airflow/.local/lib/python3.7/site-packages/airflow/example_dags/example_bash_operator.py
[2022-08-09 08:29:39,830] {processor.py:642} INFO - Processing file /home/airflow/.local/lib/python3.7/site-packages/airflow/example_dags/example_bash_operator.py for tasks to queue
[2022-08-09 08:29:39,833] {logging_mixin.py:109} INFO - [2022-08-09 08:29:39,832] {dagbag.py:500} INFO - Filling up the DagBag from /home/airflow/.local/lib/python3.7/site-packages/airflow/example_dags/example_bash_operator.py
[2022-08-09 08:29:39,888] {processor.py:654} INFO - DAG(s) dict_keys(['example_bash_operator']) retrieved from /home/airflow/.local/lib/python3.7/site-packages/airflow/example_dags/example_bash_operator.py
[2022-08-09 08:29:39,903] {logging_mixin.py:109} INFO - [2022-08-09 08:29:39,903] {dag.py:2396} INFO - Sync 1 DAGs
[2022-08-09 08:29:39,931] {logging_mixin.py:109} INFO - [2022-08-09 08:29:39,931] {dag.py:2935} INFO - Setting next_dagrun for example_bash_operator to 2022-08-08 00:00:00+00:00
[2022-08-09 08:29:39,950] {processor.py:171} INFO - Processing /home/airflow/.local/lib/python3.7/site-packages/airflow/example_dags/example_bash_operator.py took 0.126 seconds
[2022-08-09 08:30:10,594] {processor.py:163} INFO - Started process (PID=3310) to work on /home/airflow/.local/lib/python3.7/site-packages/airflow/example_dags/example_bash_operator.py
[2022-08-09 08:30:10,597] {processor.py:642} INFO - Processing file /home/airflow/.local/lib/python3.7/site-packages/airflow/example_dags/example_bash_operator.py for tasks to queue
[2022-08-09 08:30:10,599] {logging_mixin.py:109} INFO - [2022-08-09 08:30:10,599] {dagbag.py:500} INFO - Filling up the DagBag from /home/airflow/.local/lib/python3.7/site-packages/airflow/example_dags/example_bash_operator.py
[2022-08-09 08:30:10,640] {processor.py:654} INFO - DAG(s) dict_keys(['example_bash_operator']) retrieved from /home/airflow/.local/lib/python3.7/site-packages/airflow/example_dags/example_bash_operator.py
[2022-08-09 08:30:10,655] {logging_mixin.py:109} INFO - [2022-08-09 08:30:10,654] {dag.py:2396} INFO - Sync 1 DAGs
[2022-08-09 08:30:10,672] {logging_mixin.py:109} INFO - [2022-08-09 08:30:10,672] {dag.py:2935} INFO - Setting next_dagrun for example_bash_operator to 2022-08-08 00:00:00+00:00
[2022-08-09 08:30:10,683] {processor.py:171} INFO - Processing /home/airflow/.local/lib/python3.7/site-packages/airflow/example_dags/example_bash_operator.py took 0.093 seconds
[2022-08-09 08:30:40,880] {processor.py:163} INFO - Started process (PID=3379) to work on /home/airflow/.local/lib/python3.7/site-packages/airflow/example_dags/example_bash_operator.py
[2022-08-09 08:30:40,882] {processor.py:642} INFO - Processing file /home/airflow/.local/lib/python3.7/site-packages/airflow/example_dags/example_bash_operator.py for tasks to queue
[2022-08-09 08:30:40,884] {logging_mixin.py:109} INFO - [2022-08-09 08:30:40,884] {dagbag.py:500} INFO - Filling up the DagBag from /home/airflow/.local/lib/python3.7/site-packages/airflow/example_dags/example_bash_operator.py
[2022-08-09 08:30:40,918] {processor.py:654} INFO - DAG(s) dict_keys(['example_bash_operator']) retrieved from /home/airflow/.local/lib/python3.7/site-packages/airflow/example_dags/example_bash_operator.py
[2022-08-09 08:30:40,930] {logging_mixin.py:109} INFO - [2022-08-09 08:30:40,930] {dag.py:2396} INFO - Sync 1 DAGs
[2022-08-09 08:30:40,947] {logging_mixin.py:109} INFO - [2022-08-09 08:30:40,947] {dag.py:2935} INFO - Setting next_dagrun for example_bash_operator to 2022-08-08 00:00:00+00:00
[2022-08-09 08:30:40,959] {processor.py:171} INFO - Processing /home/airflow/.local/lib/python3.7/site-packages/airflow/example_dags/example_bash_operator.py took 0.082 seconds
[2022-08-09 08:31:11,205] {processor.py:163} INFO - Started process (PID=3440) to work on /home/airflow/.local/lib/python3.7/site-packages/airflow/example_dags/example_bash_operator.py
[2022-08-09 08:31:11,207] {processor.py:642} INFO - Processing file /home/airflow/.local/lib/python3.7/site-packages/airflow/example_dags/example_bash_operator.py for tasks to queue
[2022-08-09 08:31:11,209] {logging_mixin.py:109} INFO - [2022-08-09 08:31:11,208] {dagbag.py:500} INFO - Filling up the DagBag from /home/airflow/.local/lib/python3.7/site-packages/airflow/example_dags/example_bash_operator.py
[2022-08-09 08:31:11,251] {processor.py:654} INFO - DAG(s) dict_keys(['example_bash_operator']) retrieved from /home/airflow/.local/lib/python3.7/site-packages/airflow/example_dags/example_bash_operator.py
[2022-08-09 08:31:11,265] {logging_mixin.py:109} INFO - [2022-08-09 08:31:11,265] {dag.py:2396} INFO - Sync 1 DAGs
[2022-08-09 08:31:11,289] {logging_mixin.py:109} INFO - [2022-08-09 08:31:11,289] {dag.py:2935} INFO - Setting next_dagrun for example_bash_operator to 2022-08-08 00:00:00+00:00
[2022-08-09 08:31:11,301] {processor.py:171} INFO - Processing /home/airflow/.local/lib/python3.7/site-packages/airflow/example_dags/example_bash_operator.py took 0.099 seconds
[2022-08-09 08:31:41,610] {processor.py:163} INFO - Started process (PID=3500) to work on /home/airflow/.local/lib/python3.7/site-packages/airflow/example_dags/example_bash_operator.py
[2022-08-09 08:31:41,612] {processor.py:642} INFO - Processing file /home/airflow/.local/lib/python3.7/site-packages/airflow/example_dags/example_bash_operator.py for tasks to queue
[2022-08-09 08:31:41,614] {logging_mixin.py:109} INFO - [2022-08-09 08:31:41,614] {dagbag.py:500} INFO - Filling up the DagBag from /home/airflow/.local/lib/python3.7/site-packages/airflow/example_dags/example_bash_operator.py
[2022-08-09 08:31:41,657] {processor.py:654} INFO - DAG(s) dict_keys(['example_bash_operator']) retrieved from /home/airflow/.local/lib/python3.7/site-packages/airflow/example_dags/example_bash_operator.py
[2022-08-09 08:31:41,670] {logging_mixin.py:109} INFO - [2022-08-09 08:31:41,670] {dag.py:2396} INFO - Sync 1 DAGs
[2022-08-09 08:31:41,693] {logging_mixin.py:109} INFO - [2022-08-09 08:31:41,692] {dag.py:2935} INFO - Setting next_dagrun for example_bash_operator to 2022-08-08 00:00:00+00:00
[2022-08-09 08:31:41,708] {processor.py:171} INFO - Processing /home/airflow/.local/lib/python3.7/site-packages/airflow/example_dags/example_bash_operator.py took 0.102 seconds
[2022-08-09 08:32:12,534] {processor.py:163} INFO - Started process (PID=3571) to work on /home/airflow/.local/lib/python3.7/site-packages/airflow/example_dags/example_bash_operator.py
[2022-08-09 08:32:12,536] {processor.py:642} INFO - Processing file /home/airflow/.local/lib/python3.7/site-packages/airflow/example_dags/example_bash_operator.py for tasks to queue
[2022-08-09 08:32:12,538] {logging_mixin.py:109} INFO - [2022-08-09 08:32:12,538] {dagbag.py:500} INFO - Filling up the DagBag from /home/airflow/.local/lib/python3.7/site-packages/airflow/example_dags/example_bash_operator.py
[2022-08-09 08:32:12,574] {processor.py:654} INFO - DAG(s) dict_keys(['example_bash_operator']) retrieved from /home/airflow/.local/lib/python3.7/site-packages/airflow/example_dags/example_bash_operator.py
[2022-08-09 08:32:12,586] {logging_mixin.py:109} INFO - [2022-08-09 08:32:12,586] {dag.py:2396} INFO - Sync 1 DAGs
[2022-08-09 08:32:12,605] {logging_mixin.py:109} INFO - [2022-08-09 08:32:12,605] {dag.py:2935} INFO - Setting next_dagrun for example_bash_operator to 2022-08-08 00:00:00+00:00
[2022-08-09 08:32:12,625] {processor.py:171} INFO - Processing /home/airflow/.local/lib/python3.7/site-packages/airflow/example_dags/example_bash_operator.py took 0.095 seconds
[2022-08-09 08:32:42,708] {processor.py:163} INFO - Started process (PID=3632) to work on /home/airflow/.local/lib/python3.7/site-packages/airflow/example_dags/example_bash_operator.py
[2022-08-09 08:32:42,710] {processor.py:642} INFO - Processing file /home/airflow/.local/lib/python3.7/site-packages/airflow/example_dags/example_bash_operator.py for tasks to queue
[2022-08-09 08:32:42,712] {logging_mixin.py:109} INFO - [2022-08-09 08:32:42,712] {dagbag.py:500} INFO - Filling up the DagBag from /home/airflow/.local/lib/python3.7/site-packages/airflow/example_dags/example_bash_operator.py
[2022-08-09 08:32:42,772] {processor.py:654} INFO - DAG(s) dict_keys(['example_bash_operator']) retrieved from /home/airflow/.local/lib/python3.7/site-packages/airflow/example_dags/example_bash_operator.py
[2022-08-09 08:32:42,793] {logging_mixin.py:109} INFO - [2022-08-09 08:32:42,792] {dag.py:2396} INFO - Sync 1 DAGs
[2022-08-09 08:32:42,834] {logging_mixin.py:109} INFO - [2022-08-09 08:32:42,834] {dag.py:2935} INFO - Setting next_dagrun for example_bash_operator to 2022-08-08 00:00:00+00:00
[2022-08-09 08:32:42,845] {processor.py:171} INFO - Processing /home/airflow/.local/lib/python3.7/site-packages/airflow/example_dags/example_bash_operator.py took 0.143 seconds
[2022-08-09 08:33:13,526] {processor.py:163} INFO - Started process (PID=3701) to work on /home/airflow/.local/lib/python3.7/site-packages/airflow/example_dags/example_bash_operator.py
[2022-08-09 08:33:13,529] {processor.py:642} INFO - Processing file /home/airflow/.local/lib/python3.7/site-packages/airflow/example_dags/example_bash_operator.py for tasks to queue
[2022-08-09 08:33:13,530] {logging_mixin.py:109} INFO - [2022-08-09 08:33:13,530] {dagbag.py:500} INFO - Filling up the DagBag from /home/airflow/.local/lib/python3.7/site-packages/airflow/example_dags/example_bash_operator.py
[2022-08-09 08:33:13,578] {processor.py:654} INFO - DAG(s) dict_keys(['example_bash_operator']) retrieved from /home/airflow/.local/lib/python3.7/site-packages/airflow/example_dags/example_bash_operator.py
[2022-08-09 08:33:13,598] {logging_mixin.py:109} INFO - [2022-08-09 08:33:13,598] {dag.py:2396} INFO - Sync 1 DAGs
[2022-08-09 08:33:13,618] {logging_mixin.py:109} INFO - [2022-08-09 08:33:13,617] {dag.py:2935} INFO - Setting next_dagrun for example_bash_operator to 2022-08-08 00:00:00+00:00
[2022-08-09 08:33:13,627] {processor.py:171} INFO - Processing /home/airflow/.local/lib/python3.7/site-packages/airflow/example_dags/example_bash_operator.py took 0.104 seconds
[2022-08-09 08:33:43,914] {processor.py:163} INFO - Started process (PID=3763) to work on /home/airflow/.local/lib/python3.7/site-packages/airflow/example_dags/example_bash_operator.py
[2022-08-09 08:33:43,916] {processor.py:642} INFO - Processing file /home/airflow/.local/lib/python3.7/site-packages/airflow/example_dags/example_bash_operator.py for tasks to queue
[2022-08-09 08:33:43,918] {logging_mixin.py:109} INFO - [2022-08-09 08:33:43,918] {dagbag.py:500} INFO - Filling up the DagBag from /home/airflow/.local/lib/python3.7/site-packages/airflow/example_dags/example_bash_operator.py
[2022-08-09 08:33:43,955] {processor.py:654} INFO - DAG(s) dict_keys(['example_bash_operator']) retrieved from /home/airflow/.local/lib/python3.7/site-packages/airflow/example_dags/example_bash_operator.py
[2022-08-09 08:33:43,967] {logging_mixin.py:109} INFO - [2022-08-09 08:33:43,967] {dag.py:2396} INFO - Sync 1 DAGs
[2022-08-09 08:33:43,987] {logging_mixin.py:109} INFO - [2022-08-09 08:33:43,987] {dag.py:2935} INFO - Setting next_dagrun for example_bash_operator to 2022-08-08 00:00:00+00:00
[2022-08-09 08:33:43,999] {processor.py:171} INFO - Processing /home/airflow/.local/lib/python3.7/site-packages/airflow/example_dags/example_bash_operator.py took 0.089 seconds
[2022-08-09 08:34:14,237] {processor.py:163} INFO - Started process (PID=3832) to work on /home/airflow/.local/lib/python3.7/site-packages/airflow/example_dags/example_bash_operator.py
[2022-08-09 08:34:14,241] {processor.py:642} INFO - Processing file /home/airflow/.local/lib/python3.7/site-packages/airflow/example_dags/example_bash_operator.py for tasks to queue
[2022-08-09 08:34:14,243] {logging_mixin.py:109} INFO - [2022-08-09 08:34:14,243] {dagbag.py:500} INFO - Filling up the DagBag from /home/airflow/.local/lib/python3.7/site-packages/airflow/example_dags/example_bash_operator.py
[2022-08-09 08:34:14,280] {processor.py:654} INFO - DAG(s) dict_keys(['example_bash_operator']) retrieved from /home/airflow/.local/lib/python3.7/site-packages/airflow/example_dags/example_bash_operator.py
[2022-08-09 08:34:14,291] {logging_mixin.py:109} INFO - [2022-08-09 08:34:14,291] {dag.py:2396} INFO - Sync 1 DAGs
[2022-08-09 08:34:14,315] {logging_mixin.py:109} INFO - [2022-08-09 08:34:14,315] {dag.py:2935} INFO - Setting next_dagrun for example_bash_operator to 2022-08-08 00:00:00+00:00
[2022-08-09 08:34:14,325] {processor.py:171} INFO - Processing /home/airflow/.local/lib/python3.7/site-packages/airflow/example_dags/example_bash_operator.py took 0.092 seconds
[2022-08-09 08:34:44,716] {processor.py:163} INFO - Started process (PID=3892) to work on /home/airflow/.local/lib/python3.7/site-packages/airflow/example_dags/example_bash_operator.py
[2022-08-09 08:34:44,721] {processor.py:642} INFO - Processing file /home/airflow/.local/lib/python3.7/site-packages/airflow/example_dags/example_bash_operator.py for tasks to queue
[2022-08-09 08:34:44,723] {logging_mixin.py:109} INFO - [2022-08-09 08:34:44,723] {dagbag.py:500} INFO - Filling up the DagBag from /home/airflow/.local/lib/python3.7/site-packages/airflow/example_dags/example_bash_operator.py
[2022-08-09 08:34:44,769] {processor.py:654} INFO - DAG(s) dict_keys(['example_bash_operator']) retrieved from /home/airflow/.local/lib/python3.7/site-packages/airflow/example_dags/example_bash_operator.py
[2022-08-09 08:34:44,784] {logging_mixin.py:109} INFO - [2022-08-09 08:34:44,784] {dag.py:2396} INFO - Sync 1 DAGs
[2022-08-09 08:34:44,803] {logging_mixin.py:109} INFO - [2022-08-09 08:34:44,802] {dag.py:2935} INFO - Setting next_dagrun for example_bash_operator to 2022-08-08 00:00:00+00:00
[2022-08-09 08:34:44,812] {processor.py:171} INFO - Processing /home/airflow/.local/lib/python3.7/site-packages/airflow/example_dags/example_bash_operator.py took 0.100 seconds
[2022-08-09 08:35:14,936] {processor.py:163} INFO - Started process (PID=3961) to work on /home/airflow/.local/lib/python3.7/site-packages/airflow/example_dags/example_bash_operator.py
[2022-08-09 08:35:14,940] {processor.py:642} INFO - Processing file /home/airflow/.local/lib/python3.7/site-packages/airflow/example_dags/example_bash_operator.py for tasks to queue
[2022-08-09 08:35:14,942] {logging_mixin.py:109} INFO - [2022-08-09 08:35:14,942] {dagbag.py:500} INFO - Filling up the DagBag from /home/airflow/.local/lib/python3.7/site-packages/airflow/example_dags/example_bash_operator.py
[2022-08-09 08:35:14,989] {processor.py:654} INFO - DAG(s) dict_keys(['example_bash_operator']) retrieved from /home/airflow/.local/lib/python3.7/site-packages/airflow/example_dags/example_bash_operator.py
[2022-08-09 08:35:15,009] {logging_mixin.py:109} INFO - [2022-08-09 08:35:15,009] {dag.py:2396} INFO - Sync 1 DAGs
[2022-08-09 08:35:15,042] {logging_mixin.py:109} INFO - [2022-08-09 08:35:15,042] {dag.py:2935} INFO - Setting next_dagrun for example_bash_operator to 2022-08-08 00:00:00+00:00
[2022-08-09 08:35:15,056] {processor.py:171} INFO - Processing /home/airflow/.local/lib/python3.7/site-packages/airflow/example_dags/example_bash_operator.py took 0.124 seconds
[2022-08-09 08:35:46,418] {processor.py:163} INFO - Started process (PID=4021) to work on /home/airflow/.local/lib/python3.7/site-packages/airflow/example_dags/example_bash_operator.py
[2022-08-09 08:35:46,422] {processor.py:642} INFO - Processing file /home/airflow/.local/lib/python3.7/site-packages/airflow/example_dags/example_bash_operator.py for tasks to queue
[2022-08-09 08:35:46,425] {logging_mixin.py:109} INFO - [2022-08-09 08:35:46,424] {dagbag.py:500} INFO - Filling up the DagBag from /home/airflow/.local/lib/python3.7/site-packages/airflow/example_dags/example_bash_operator.py
[2022-08-09 08:35:46,490] {processor.py:654} INFO - DAG(s) dict_keys(['example_bash_operator']) retrieved from /home/airflow/.local/lib/python3.7/site-packages/airflow/example_dags/example_bash_operator.py
[2022-08-09 08:35:46,513] {logging_mixin.py:109} INFO - [2022-08-09 08:35:46,512] {dag.py:2396} INFO - Sync 1 DAGs
[2022-08-09 08:35:46,546] {logging_mixin.py:109} INFO - [2022-08-09 08:35:46,546] {dag.py:2935} INFO - Setting next_dagrun for example_bash_operator to 2022-08-08 00:00:00+00:00
[2022-08-09 08:35:46,564] {processor.py:171} INFO - Processing /home/airflow/.local/lib/python3.7/site-packages/airflow/example_dags/example_bash_operator.py took 0.152 seconds
[2022-08-09 08:36:17,036] {processor.py:163} INFO - Started process (PID=4081) to work on /home/airflow/.local/lib/python3.7/site-packages/airflow/example_dags/example_bash_operator.py
[2022-08-09 08:36:17,039] {processor.py:642} INFO - Processing file /home/airflow/.local/lib/python3.7/site-packages/airflow/example_dags/example_bash_operator.py for tasks to queue
[2022-08-09 08:36:17,043] {logging_mixin.py:109} INFO - [2022-08-09 08:36:17,043] {dagbag.py:500} INFO - Filling up the DagBag from /home/airflow/.local/lib/python3.7/site-packages/airflow/example_dags/example_bash_operator.py
[2022-08-09 08:36:17,110] {processor.py:654} INFO - DAG(s) dict_keys(['example_bash_operator']) retrieved from /home/airflow/.local/lib/python3.7/site-packages/airflow/example_dags/example_bash_operator.py
[2022-08-09 08:36:17,129] {logging_mixin.py:109} INFO - [2022-08-09 08:36:17,129] {dag.py:2396} INFO - Sync 1 DAGs
[2022-08-09 08:36:17,157] {logging_mixin.py:109} INFO - [2022-08-09 08:36:17,157] {dag.py:2935} INFO - Setting next_dagrun for example_bash_operator to 2022-08-08 00:00:00+00:00
[2022-08-09 08:36:17,192] {processor.py:171} INFO - Processing /home/airflow/.local/lib/python3.7/site-packages/airflow/example_dags/example_bash_operator.py took 0.163 seconds
[2022-08-09 08:36:47,520] {processor.py:163} INFO - Started process (PID=4142) to work on /home/airflow/.local/lib/python3.7/site-packages/airflow/example_dags/example_bash_operator.py
[2022-08-09 08:36:47,524] {processor.py:642} INFO - Processing file /home/airflow/.local/lib/python3.7/site-packages/airflow/example_dags/example_bash_operator.py for tasks to queue
[2022-08-09 08:36:47,526] {logging_mixin.py:109} INFO - [2022-08-09 08:36:47,526] {dagbag.py:500} INFO - Filling up the DagBag from /home/airflow/.local/lib/python3.7/site-packages/airflow/example_dags/example_bash_operator.py
[2022-08-09 08:36:47,585] {processor.py:654} INFO - DAG(s) dict_keys(['example_bash_operator']) retrieved from /home/airflow/.local/lib/python3.7/site-packages/airflow/example_dags/example_bash_operator.py
[2022-08-09 08:36:47,604] {logging_mixin.py:109} INFO - [2022-08-09 08:36:47,604] {dag.py:2396} INFO - Sync 1 DAGs
[2022-08-09 08:36:47,632] {logging_mixin.py:109} INFO - [2022-08-09 08:36:47,632] {dag.py:2935} INFO - Setting next_dagrun for example_bash_operator to 2022-08-08 00:00:00+00:00
[2022-08-09 08:36:47,655] {processor.py:171} INFO - Processing /home/airflow/.local/lib/python3.7/site-packages/airflow/example_dags/example_bash_operator.py took 0.141 seconds
