[2022-08-09 08:04:36,060] {processor.py:163} INFO - Started process (PID=64) to work on /home/airflow/.local/lib/python3.7/site-packages/airflow/example_dags/example_latest_only_with_trigger.py
[2022-08-09 08:04:36,064] {processor.py:642} INFO - Processing file /home/airflow/.local/lib/python3.7/site-packages/airflow/example_dags/example_latest_only_with_trigger.py for tasks to queue
[2022-08-09 08:04:36,068] {logging_mixin.py:109} INFO - [2022-08-09 08:04:36,067] {dagbag.py:500} INFO - Filling up the DagBag from /home/airflow/.local/lib/python3.7/site-packages/airflow/example_dags/example_latest_only_with_trigger.py
[2022-08-09 08:04:36,129] {processor.py:654} INFO - DAG(s) dict_keys(['latest_only_with_trigger']) retrieved from /home/airflow/.local/lib/python3.7/site-packages/airflow/example_dags/example_latest_only_with_trigger.py
[2022-08-09 08:04:36,203] {logging_mixin.py:109} INFO - [2022-08-09 08:04:36,202] {dag.py:2396} INFO - Sync 1 DAGs
[2022-08-09 08:04:36,243] {logging_mixin.py:109} INFO - [2022-08-09 08:04:36,243] {dag.py:2935} INFO - Setting next_dagrun for latest_only_with_trigger to 2022-08-09T04:04:36.243045+00:00
[2022-08-09 08:04:36,266] {processor.py:171} INFO - Processing /home/airflow/.local/lib/python3.7/site-packages/airflow/example_dags/example_latest_only_with_trigger.py took 0.213 seconds
[2022-08-09 08:05:06,672] {processor.py:163} INFO - Started process (PID=132) to work on /home/airflow/.local/lib/python3.7/site-packages/airflow/example_dags/example_latest_only_with_trigger.py
[2022-08-09 08:05:06,675] {processor.py:642} INFO - Processing file /home/airflow/.local/lib/python3.7/site-packages/airflow/example_dags/example_latest_only_with_trigger.py for tasks to queue
[2022-08-09 08:05:06,678] {logging_mixin.py:109} INFO - [2022-08-09 08:05:06,678] {dagbag.py:500} INFO - Filling up the DagBag from /home/airflow/.local/lib/python3.7/site-packages/airflow/example_dags/example_latest_only_with_trigger.py
[2022-08-09 08:05:06,734] {processor.py:654} INFO - DAG(s) dict_keys(['latest_only_with_trigger']) retrieved from /home/airflow/.local/lib/python3.7/site-packages/airflow/example_dags/example_latest_only_with_trigger.py
[2022-08-09 08:05:06,750] {logging_mixin.py:109} INFO - [2022-08-09 08:05:06,749] {dag.py:2396} INFO - Sync 1 DAGs
[2022-08-09 08:05:06,766] {logging_mixin.py:109} INFO - [2022-08-09 08:05:06,766] {dag.py:2935} INFO - Setting next_dagrun for latest_only_with_trigger to 2022-08-09T04:05:06.766467+00:00
[2022-08-09 08:05:06,778] {processor.py:171} INFO - Processing /home/airflow/.local/lib/python3.7/site-packages/airflow/example_dags/example_latest_only_with_trigger.py took 0.112 seconds
[2022-08-09 08:05:36,955] {processor.py:163} INFO - Started process (PID=193) to work on /home/airflow/.local/lib/python3.7/site-packages/airflow/example_dags/example_latest_only_with_trigger.py
[2022-08-09 08:05:36,957] {processor.py:642} INFO - Processing file /home/airflow/.local/lib/python3.7/site-packages/airflow/example_dags/example_latest_only_with_trigger.py for tasks to queue
[2022-08-09 08:05:36,958] {logging_mixin.py:109} INFO - [2022-08-09 08:05:36,958] {dagbag.py:500} INFO - Filling up the DagBag from /home/airflow/.local/lib/python3.7/site-packages/airflow/example_dags/example_latest_only_with_trigger.py
[2022-08-09 08:05:36,996] {processor.py:654} INFO - DAG(s) dict_keys(['latest_only_with_trigger']) retrieved from /home/airflow/.local/lib/python3.7/site-packages/airflow/example_dags/example_latest_only_with_trigger.py
[2022-08-09 08:05:37,008] {logging_mixin.py:109} INFO - [2022-08-09 08:05:37,008] {dag.py:2396} INFO - Sync 1 DAGs
[2022-08-09 08:05:37,030] {logging_mixin.py:109} INFO - [2022-08-09 08:05:37,030] {dag.py:2935} INFO - Setting next_dagrun for latest_only_with_trigger to 2022-08-09T04:05:37.030185+00:00
[2022-08-09 08:05:37,042] {processor.py:171} INFO - Processing /home/airflow/.local/lib/python3.7/site-packages/airflow/example_dags/example_latest_only_with_trigger.py took 0.091 seconds
[2022-08-09 08:06:08,054] {processor.py:163} INFO - Started process (PID=262) to work on /home/airflow/.local/lib/python3.7/site-packages/airflow/example_dags/example_latest_only_with_trigger.py
[2022-08-09 08:06:08,057] {processor.py:642} INFO - Processing file /home/airflow/.local/lib/python3.7/site-packages/airflow/example_dags/example_latest_only_with_trigger.py for tasks to queue
[2022-08-09 08:06:08,059] {logging_mixin.py:109} INFO - [2022-08-09 08:06:08,058] {dagbag.py:500} INFO - Filling up the DagBag from /home/airflow/.local/lib/python3.7/site-packages/airflow/example_dags/example_latest_only_with_trigger.py
[2022-08-09 08:06:08,093] {processor.py:654} INFO - DAG(s) dict_keys(['latest_only_with_trigger']) retrieved from /home/airflow/.local/lib/python3.7/site-packages/airflow/example_dags/example_latest_only_with_trigger.py
[2022-08-09 08:06:08,107] {logging_mixin.py:109} INFO - [2022-08-09 08:06:08,107] {dag.py:2396} INFO - Sync 1 DAGs
[2022-08-09 08:06:08,131] {logging_mixin.py:109} INFO - [2022-08-09 08:06:08,131] {dag.py:2935} INFO - Setting next_dagrun for latest_only_with_trigger to 2022-08-09T04:06:08.130732+00:00
[2022-08-09 08:06:08,148] {processor.py:171} INFO - Processing /home/airflow/.local/lib/python3.7/site-packages/airflow/example_dags/example_latest_only_with_trigger.py took 0.098 seconds
[2022-08-09 08:06:38,771] {processor.py:163} INFO - Started process (PID=322) to work on /home/airflow/.local/lib/python3.7/site-packages/airflow/example_dags/example_latest_only_with_trigger.py
[2022-08-09 08:06:38,774] {processor.py:642} INFO - Processing file /home/airflow/.local/lib/python3.7/site-packages/airflow/example_dags/example_latest_only_with_trigger.py for tasks to queue
[2022-08-09 08:06:38,777] {logging_mixin.py:109} INFO - [2022-08-09 08:06:38,775] {dagbag.py:500} INFO - Filling up the DagBag from /home/airflow/.local/lib/python3.7/site-packages/airflow/example_dags/example_latest_only_with_trigger.py
[2022-08-09 08:06:38,822] {processor.py:654} INFO - DAG(s) dict_keys(['latest_only_with_trigger']) retrieved from /home/airflow/.local/lib/python3.7/site-packages/airflow/example_dags/example_latest_only_with_trigger.py
[2022-08-09 08:06:38,837] {logging_mixin.py:109} INFO - [2022-08-09 08:06:38,836] {dag.py:2396} INFO - Sync 1 DAGs
[2022-08-09 08:06:38,859] {logging_mixin.py:109} INFO - [2022-08-09 08:06:38,859] {dag.py:2935} INFO - Setting next_dagrun for latest_only_with_trigger to 2022-08-09T04:06:38.858940+00:00
[2022-08-09 08:06:38,873] {processor.py:171} INFO - Processing /home/airflow/.local/lib/python3.7/site-packages/airflow/example_dags/example_latest_only_with_trigger.py took 0.110 seconds
[2022-08-09 08:07:10,068] {processor.py:163} INFO - Started process (PID=393) to work on /home/airflow/.local/lib/python3.7/site-packages/airflow/example_dags/example_latest_only_with_trigger.py
[2022-08-09 08:07:10,072] {processor.py:642} INFO - Processing file /home/airflow/.local/lib/python3.7/site-packages/airflow/example_dags/example_latest_only_with_trigger.py for tasks to queue
[2022-08-09 08:07:10,075] {logging_mixin.py:109} INFO - [2022-08-09 08:07:10,075] {dagbag.py:500} INFO - Filling up the DagBag from /home/airflow/.local/lib/python3.7/site-packages/airflow/example_dags/example_latest_only_with_trigger.py
[2022-08-09 08:07:10,116] {processor.py:654} INFO - DAG(s) dict_keys(['latest_only_with_trigger']) retrieved from /home/airflow/.local/lib/python3.7/site-packages/airflow/example_dags/example_latest_only_with_trigger.py
[2022-08-09 08:07:10,130] {logging_mixin.py:109} INFO - [2022-08-09 08:07:10,130] {dag.py:2396} INFO - Sync 1 DAGs
[2022-08-09 08:07:10,151] {logging_mixin.py:109} INFO - [2022-08-09 08:07:10,151] {dag.py:2935} INFO - Setting next_dagrun for latest_only_with_trigger to 2022-08-09T04:07:10.151032+00:00
[2022-08-09 08:07:10,165] {processor.py:171} INFO - Processing /home/airflow/.local/lib/python3.7/site-packages/airflow/example_dags/example_latest_only_with_trigger.py took 0.103 seconds
[2022-08-09 08:07:40,561] {processor.py:163} INFO - Started process (PID=453) to work on /home/airflow/.local/lib/python3.7/site-packages/airflow/example_dags/example_latest_only_with_trigger.py
[2022-08-09 08:07:40,565] {processor.py:642} INFO - Processing file /home/airflow/.local/lib/python3.7/site-packages/airflow/example_dags/example_latest_only_with_trigger.py for tasks to queue
[2022-08-09 08:07:40,566] {logging_mixin.py:109} INFO - [2022-08-09 08:07:40,566] {dagbag.py:500} INFO - Filling up the DagBag from /home/airflow/.local/lib/python3.7/site-packages/airflow/example_dags/example_latest_only_with_trigger.py
[2022-08-09 08:07:40,599] {processor.py:654} INFO - DAG(s) dict_keys(['latest_only_with_trigger']) retrieved from /home/airflow/.local/lib/python3.7/site-packages/airflow/example_dags/example_latest_only_with_trigger.py
[2022-08-09 08:07:40,611] {logging_mixin.py:109} INFO - [2022-08-09 08:07:40,611] {dag.py:2396} INFO - Sync 1 DAGs
[2022-08-09 08:07:40,628] {logging_mixin.py:109} INFO - [2022-08-09 08:07:40,628] {dag.py:2935} INFO - Setting next_dagrun for latest_only_with_trigger to 2022-08-09T04:07:40.627992+00:00
[2022-08-09 08:07:40,639] {processor.py:171} INFO - Processing /home/airflow/.local/lib/python3.7/site-packages/airflow/example_dags/example_latest_only_with_trigger.py took 0.081 seconds
[2022-08-09 08:08:10,834] {processor.py:163} INFO - Started process (PID=519) to work on /home/airflow/.local/lib/python3.7/site-packages/airflow/example_dags/example_latest_only_with_trigger.py
[2022-08-09 08:08:10,836] {processor.py:642} INFO - Processing file /home/airflow/.local/lib/python3.7/site-packages/airflow/example_dags/example_latest_only_with_trigger.py for tasks to queue
[2022-08-09 08:08:10,837] {logging_mixin.py:109} INFO - [2022-08-09 08:08:10,837] {dagbag.py:500} INFO - Filling up the DagBag from /home/airflow/.local/lib/python3.7/site-packages/airflow/example_dags/example_latest_only_with_trigger.py
[2022-08-09 08:08:10,873] {processor.py:654} INFO - DAG(s) dict_keys(['latest_only_with_trigger']) retrieved from /home/airflow/.local/lib/python3.7/site-packages/airflow/example_dags/example_latest_only_with_trigger.py
[2022-08-09 08:08:10,885] {logging_mixin.py:109} INFO - [2022-08-09 08:08:10,885] {dag.py:2396} INFO - Sync 1 DAGs
[2022-08-09 08:08:10,904] {logging_mixin.py:109} INFO - [2022-08-09 08:08:10,904] {dag.py:2935} INFO - Setting next_dagrun for latest_only_with_trigger to 2022-08-09T04:08:10.904055+00:00
[2022-08-09 08:08:10,917] {processor.py:171} INFO - Processing /home/airflow/.local/lib/python3.7/site-packages/airflow/example_dags/example_latest_only_with_trigger.py took 0.087 seconds
[2022-08-09 08:08:41,742] {processor.py:163} INFO - Started process (PID=580) to work on /home/airflow/.local/lib/python3.7/site-packages/airflow/example_dags/example_latest_only_with_trigger.py
[2022-08-09 08:08:41,745] {processor.py:642} INFO - Processing file /home/airflow/.local/lib/python3.7/site-packages/airflow/example_dags/example_latest_only_with_trigger.py for tasks to queue
[2022-08-09 08:08:41,746] {logging_mixin.py:109} INFO - [2022-08-09 08:08:41,746] {dagbag.py:500} INFO - Filling up the DagBag from /home/airflow/.local/lib/python3.7/site-packages/airflow/example_dags/example_latest_only_with_trigger.py
[2022-08-09 08:08:41,775] {processor.py:654} INFO - DAG(s) dict_keys(['latest_only_with_trigger']) retrieved from /home/airflow/.local/lib/python3.7/site-packages/airflow/example_dags/example_latest_only_with_trigger.py
[2022-08-09 08:08:41,788] {logging_mixin.py:109} INFO - [2022-08-09 08:08:41,788] {dag.py:2396} INFO - Sync 1 DAGs
[2022-08-09 08:08:41,808] {logging_mixin.py:109} INFO - [2022-08-09 08:08:41,808] {dag.py:2935} INFO - Setting next_dagrun for latest_only_with_trigger to 2022-08-09T04:08:41.807750+00:00
[2022-08-09 08:08:41,820] {processor.py:171} INFO - Processing /home/airflow/.local/lib/python3.7/site-packages/airflow/example_dags/example_latest_only_with_trigger.py took 0.081 seconds
[2022-08-09 08:09:12,772] {processor.py:163} INFO - Started process (PID=651) to work on /home/airflow/.local/lib/python3.7/site-packages/airflow/example_dags/example_latest_only_with_trigger.py
[2022-08-09 08:09:12,782] {processor.py:642} INFO - Processing file /home/airflow/.local/lib/python3.7/site-packages/airflow/example_dags/example_latest_only_with_trigger.py for tasks to queue
[2022-08-09 08:09:12,784] {logging_mixin.py:109} INFO - [2022-08-09 08:09:12,784] {dagbag.py:500} INFO - Filling up the DagBag from /home/airflow/.local/lib/python3.7/site-packages/airflow/example_dags/example_latest_only_with_trigger.py
[2022-08-09 08:09:12,836] {processor.py:654} INFO - DAG(s) dict_keys(['latest_only_with_trigger']) retrieved from /home/airflow/.local/lib/python3.7/site-packages/airflow/example_dags/example_latest_only_with_trigger.py
[2022-08-09 08:09:12,855] {logging_mixin.py:109} INFO - [2022-08-09 08:09:12,855] {dag.py:2396} INFO - Sync 1 DAGs
[2022-08-09 08:09:12,885] {logging_mixin.py:109} INFO - [2022-08-09 08:09:12,885] {dag.py:2935} INFO - Setting next_dagrun for latest_only_with_trigger to 2022-08-09T04:09:12.885153+00:00
[2022-08-09 08:09:12,900] {processor.py:171} INFO - Processing /home/airflow/.local/lib/python3.7/site-packages/airflow/example_dags/example_latest_only_with_trigger.py took 0.132 seconds
[2022-08-09 08:09:43,836] {processor.py:163} INFO - Started process (PID=712) to work on /home/airflow/.local/lib/python3.7/site-packages/airflow/example_dags/example_latest_only_with_trigger.py
[2022-08-09 08:09:43,839] {processor.py:642} INFO - Processing file /home/airflow/.local/lib/python3.7/site-packages/airflow/example_dags/example_latest_only_with_trigger.py for tasks to queue
[2022-08-09 08:09:43,840] {logging_mixin.py:109} INFO - [2022-08-09 08:09:43,840] {dagbag.py:500} INFO - Filling up the DagBag from /home/airflow/.local/lib/python3.7/site-packages/airflow/example_dags/example_latest_only_with_trigger.py
[2022-08-09 08:09:43,869] {processor.py:654} INFO - DAG(s) dict_keys(['latest_only_with_trigger']) retrieved from /home/airflow/.local/lib/python3.7/site-packages/airflow/example_dags/example_latest_only_with_trigger.py
[2022-08-09 08:09:43,880] {logging_mixin.py:109} INFO - [2022-08-09 08:09:43,880] {dag.py:2396} INFO - Sync 1 DAGs
[2022-08-09 08:09:43,899] {logging_mixin.py:109} INFO - [2022-08-09 08:09:43,899] {dag.py:2935} INFO - Setting next_dagrun for latest_only_with_trigger to 2022-08-09T04:09:43.899455+00:00
[2022-08-09 08:09:43,912] {processor.py:171} INFO - Processing /home/airflow/.local/lib/python3.7/site-packages/airflow/example_dags/example_latest_only_with_trigger.py took 0.079 seconds
[2022-08-09 08:10:14,276] {processor.py:163} INFO - Started process (PID=782) to work on /home/airflow/.local/lib/python3.7/site-packages/airflow/example_dags/example_latest_only_with_trigger.py
[2022-08-09 08:10:14,278] {processor.py:642} INFO - Processing file /home/airflow/.local/lib/python3.7/site-packages/airflow/example_dags/example_latest_only_with_trigger.py for tasks to queue
[2022-08-09 08:10:14,280] {logging_mixin.py:109} INFO - [2022-08-09 08:10:14,280] {dagbag.py:500} INFO - Filling up the DagBag from /home/airflow/.local/lib/python3.7/site-packages/airflow/example_dags/example_latest_only_with_trigger.py
[2022-08-09 08:10:14,315] {processor.py:654} INFO - DAG(s) dict_keys(['latest_only_with_trigger']) retrieved from /home/airflow/.local/lib/python3.7/site-packages/airflow/example_dags/example_latest_only_with_trigger.py
[2022-08-09 08:10:14,331] {logging_mixin.py:109} INFO - [2022-08-09 08:10:14,331] {dag.py:2396} INFO - Sync 1 DAGs
[2022-08-09 08:10:14,348] {logging_mixin.py:109} INFO - [2022-08-09 08:10:14,348] {dag.py:2935} INFO - Setting next_dagrun for latest_only_with_trigger to 2022-08-09T04:10:14.348495+00:00
[2022-08-09 08:10:14,361] {processor.py:171} INFO - Processing /home/airflow/.local/lib/python3.7/site-packages/airflow/example_dags/example_latest_only_with_trigger.py took 0.089 seconds
[2022-08-09 08:10:44,808] {processor.py:163} INFO - Started process (PID=843) to work on /home/airflow/.local/lib/python3.7/site-packages/airflow/example_dags/example_latest_only_with_trigger.py
[2022-08-09 08:10:44,810] {processor.py:642} INFO - Processing file /home/airflow/.local/lib/python3.7/site-packages/airflow/example_dags/example_latest_only_with_trigger.py for tasks to queue
[2022-08-09 08:10:44,812] {logging_mixin.py:109} INFO - [2022-08-09 08:10:44,812] {dagbag.py:500} INFO - Filling up the DagBag from /home/airflow/.local/lib/python3.7/site-packages/airflow/example_dags/example_latest_only_with_trigger.py
[2022-08-09 08:10:44,852] {processor.py:654} INFO - DAG(s) dict_keys(['latest_only_with_trigger']) retrieved from /home/airflow/.local/lib/python3.7/site-packages/airflow/example_dags/example_latest_only_with_trigger.py
[2022-08-09 08:10:44,871] {logging_mixin.py:109} INFO - [2022-08-09 08:10:44,870] {dag.py:2396} INFO - Sync 1 DAGs
[2022-08-09 08:10:44,896] {logging_mixin.py:109} INFO - [2022-08-09 08:10:44,896] {dag.py:2935} INFO - Setting next_dagrun for latest_only_with_trigger to 2022-08-09T04:10:44.896260+00:00
[2022-08-09 08:10:44,952] {processor.py:171} INFO - Processing /home/airflow/.local/lib/python3.7/site-packages/airflow/example_dags/example_latest_only_with_trigger.py took 0.148 seconds
[2022-08-09 08:11:15,290] {processor.py:163} INFO - Started process (PID=904) to work on /home/airflow/.local/lib/python3.7/site-packages/airflow/example_dags/example_latest_only_with_trigger.py
[2022-08-09 08:11:15,292] {processor.py:642} INFO - Processing file /home/airflow/.local/lib/python3.7/site-packages/airflow/example_dags/example_latest_only_with_trigger.py for tasks to queue
[2022-08-09 08:11:15,294] {logging_mixin.py:109} INFO - [2022-08-09 08:11:15,294] {dagbag.py:500} INFO - Filling up the DagBag from /home/airflow/.local/lib/python3.7/site-packages/airflow/example_dags/example_latest_only_with_trigger.py
[2022-08-09 08:11:15,323] {processor.py:654} INFO - DAG(s) dict_keys(['latest_only_with_trigger']) retrieved from /home/airflow/.local/lib/python3.7/site-packages/airflow/example_dags/example_latest_only_with_trigger.py
[2022-08-09 08:11:15,335] {logging_mixin.py:109} INFO - [2022-08-09 08:11:15,335] {dag.py:2396} INFO - Sync 1 DAGs
[2022-08-09 08:11:15,354] {logging_mixin.py:109} INFO - [2022-08-09 08:11:15,354] {dag.py:2935} INFO - Setting next_dagrun for latest_only_with_trigger to 2022-08-09T04:11:15.353978+00:00
[2022-08-09 08:11:15,365] {processor.py:171} INFO - Processing /home/airflow/.local/lib/python3.7/site-packages/airflow/example_dags/example_latest_only_with_trigger.py took 0.079 seconds
[2022-08-09 08:11:45,908] {processor.py:163} INFO - Started process (PID=973) to work on /home/airflow/.local/lib/python3.7/site-packages/airflow/example_dags/example_latest_only_with_trigger.py
[2022-08-09 08:11:45,909] {processor.py:642} INFO - Processing file /home/airflow/.local/lib/python3.7/site-packages/airflow/example_dags/example_latest_only_with_trigger.py for tasks to queue
[2022-08-09 08:11:45,912] {logging_mixin.py:109} INFO - [2022-08-09 08:11:45,912] {dagbag.py:500} INFO - Filling up the DagBag from /home/airflow/.local/lib/python3.7/site-packages/airflow/example_dags/example_latest_only_with_trigger.py
[2022-08-09 08:11:45,954] {processor.py:654} INFO - DAG(s) dict_keys(['latest_only_with_trigger']) retrieved from /home/airflow/.local/lib/python3.7/site-packages/airflow/example_dags/example_latest_only_with_trigger.py
[2022-08-09 08:11:45,974] {logging_mixin.py:109} INFO - [2022-08-09 08:11:45,974] {dag.py:2396} INFO - Sync 1 DAGs
[2022-08-09 08:11:46,002] {logging_mixin.py:109} INFO - [2022-08-09 08:11:46,002] {dag.py:2935} INFO - Setting next_dagrun for latest_only_with_trigger to 2022-08-09T04:11:46.001949+00:00
[2022-08-09 08:11:46,019] {processor.py:171} INFO - Processing /home/airflow/.local/lib/python3.7/site-packages/airflow/example_dags/example_latest_only_with_trigger.py took 0.114 seconds
[2022-08-09 08:12:16,470] {processor.py:163} INFO - Started process (PID=1033) to work on /home/airflow/.local/lib/python3.7/site-packages/airflow/example_dags/example_latest_only_with_trigger.py
[2022-08-09 08:12:16,472] {processor.py:642} INFO - Processing file /home/airflow/.local/lib/python3.7/site-packages/airflow/example_dags/example_latest_only_with_trigger.py for tasks to queue
[2022-08-09 08:12:16,474] {logging_mixin.py:109} INFO - [2022-08-09 08:12:16,474] {dagbag.py:500} INFO - Filling up the DagBag from /home/airflow/.local/lib/python3.7/site-packages/airflow/example_dags/example_latest_only_with_trigger.py
[2022-08-09 08:12:16,504] {processor.py:654} INFO - DAG(s) dict_keys(['latest_only_with_trigger']) retrieved from /home/airflow/.local/lib/python3.7/site-packages/airflow/example_dags/example_latest_only_with_trigger.py
[2022-08-09 08:12:16,516] {logging_mixin.py:109} INFO - [2022-08-09 08:12:16,516] {dag.py:2396} INFO - Sync 1 DAGs
[2022-08-09 08:12:16,536] {logging_mixin.py:109} INFO - [2022-08-09 08:12:16,536] {dag.py:2935} INFO - Setting next_dagrun for latest_only_with_trigger to 2022-08-09T04:12:16.535800+00:00
[2022-08-09 08:12:16,554] {processor.py:171} INFO - Processing /home/airflow/.local/lib/python3.7/site-packages/airflow/example_dags/example_latest_only_with_trigger.py took 0.087 seconds
[2022-08-09 08:12:47,335] {processor.py:163} INFO - Started process (PID=1103) to work on /home/airflow/.local/lib/python3.7/site-packages/airflow/example_dags/example_latest_only_with_trigger.py
[2022-08-09 08:12:47,338] {processor.py:642} INFO - Processing file /home/airflow/.local/lib/python3.7/site-packages/airflow/example_dags/example_latest_only_with_trigger.py for tasks to queue
[2022-08-09 08:12:47,339] {logging_mixin.py:109} INFO - [2022-08-09 08:12:47,339] {dagbag.py:500} INFO - Filling up the DagBag from /home/airflow/.local/lib/python3.7/site-packages/airflow/example_dags/example_latest_only_with_trigger.py
[2022-08-09 08:12:47,369] {processor.py:654} INFO - DAG(s) dict_keys(['latest_only_with_trigger']) retrieved from /home/airflow/.local/lib/python3.7/site-packages/airflow/example_dags/example_latest_only_with_trigger.py
[2022-08-09 08:12:47,382] {logging_mixin.py:109} INFO - [2022-08-09 08:12:47,382] {dag.py:2396} INFO - Sync 1 DAGs
[2022-08-09 08:12:47,400] {logging_mixin.py:109} INFO - [2022-08-09 08:12:47,400] {dag.py:2935} INFO - Setting next_dagrun for latest_only_with_trigger to 2022-08-09T04:12:47.399866+00:00
[2022-08-09 08:12:47,410] {processor.py:171} INFO - Processing /home/airflow/.local/lib/python3.7/site-packages/airflow/example_dags/example_latest_only_with_trigger.py took 0.079 seconds
[2022-08-09 08:13:17,920] {processor.py:163} INFO - Started process (PID=1163) to work on /home/airflow/.local/lib/python3.7/site-packages/airflow/example_dags/example_latest_only_with_trigger.py
[2022-08-09 08:13:17,922] {processor.py:642} INFO - Processing file /home/airflow/.local/lib/python3.7/site-packages/airflow/example_dags/example_latest_only_with_trigger.py for tasks to queue
[2022-08-09 08:13:17,924] {logging_mixin.py:109} INFO - [2022-08-09 08:13:17,923] {dagbag.py:500} INFO - Filling up the DagBag from /home/airflow/.local/lib/python3.7/site-packages/airflow/example_dags/example_latest_only_with_trigger.py
[2022-08-09 08:13:17,956] {processor.py:654} INFO - DAG(s) dict_keys(['latest_only_with_trigger']) retrieved from /home/airflow/.local/lib/python3.7/site-packages/airflow/example_dags/example_latest_only_with_trigger.py
[2022-08-09 08:13:17,969] {logging_mixin.py:109} INFO - [2022-08-09 08:13:17,969] {dag.py:2396} INFO - Sync 1 DAGs
[2022-08-09 08:13:17,987] {logging_mixin.py:109} INFO - [2022-08-09 08:13:17,986] {dag.py:2935} INFO - Setting next_dagrun for latest_only_with_trigger to 2022-08-09T04:13:17.986664+00:00
[2022-08-09 08:13:17,999] {processor.py:171} INFO - Processing /home/airflow/.local/lib/python3.7/site-packages/airflow/example_dags/example_latest_only_with_trigger.py took 0.083 seconds
[2022-08-09 08:13:48,730] {processor.py:163} INFO - Started process (PID=1234) to work on /home/airflow/.local/lib/python3.7/site-packages/airflow/example_dags/example_latest_only_with_trigger.py
[2022-08-09 08:13:48,733] {processor.py:642} INFO - Processing file /home/airflow/.local/lib/python3.7/site-packages/airflow/example_dags/example_latest_only_with_trigger.py for tasks to queue
[2022-08-09 08:13:48,734] {logging_mixin.py:109} INFO - [2022-08-09 08:13:48,734] {dagbag.py:500} INFO - Filling up the DagBag from /home/airflow/.local/lib/python3.7/site-packages/airflow/example_dags/example_latest_only_with_trigger.py
[2022-08-09 08:13:48,765] {processor.py:654} INFO - DAG(s) dict_keys(['latest_only_with_trigger']) retrieved from /home/airflow/.local/lib/python3.7/site-packages/airflow/example_dags/example_latest_only_with_trigger.py
[2022-08-09 08:13:48,777] {logging_mixin.py:109} INFO - [2022-08-09 08:13:48,777] {dag.py:2396} INFO - Sync 1 DAGs
[2022-08-09 08:13:48,794] {logging_mixin.py:109} INFO - [2022-08-09 08:13:48,794] {dag.py:2935} INFO - Setting next_dagrun for latest_only_with_trigger to 2022-08-09T04:13:48.794076+00:00
[2022-08-09 08:13:48,804] {processor.py:171} INFO - Processing /home/airflow/.local/lib/python3.7/site-packages/airflow/example_dags/example_latest_only_with_trigger.py took 0.078 seconds
[2022-08-09 08:14:19,587] {processor.py:163} INFO - Started process (PID=1294) to work on /home/airflow/.local/lib/python3.7/site-packages/airflow/example_dags/example_latest_only_with_trigger.py
[2022-08-09 08:14:19,590] {processor.py:642} INFO - Processing file /home/airflow/.local/lib/python3.7/site-packages/airflow/example_dags/example_latest_only_with_trigger.py for tasks to queue
[2022-08-09 08:14:19,592] {logging_mixin.py:109} INFO - [2022-08-09 08:14:19,592] {dagbag.py:500} INFO - Filling up the DagBag from /home/airflow/.local/lib/python3.7/site-packages/airflow/example_dags/example_latest_only_with_trigger.py
[2022-08-09 08:14:19,630] {processor.py:654} INFO - DAG(s) dict_keys(['latest_only_with_trigger']) retrieved from /home/airflow/.local/lib/python3.7/site-packages/airflow/example_dags/example_latest_only_with_trigger.py
[2022-08-09 08:14:19,646] {logging_mixin.py:109} INFO - [2022-08-09 08:14:19,645] {dag.py:2396} INFO - Sync 1 DAGs
[2022-08-09 08:14:19,668] {logging_mixin.py:109} INFO - [2022-08-09 08:14:19,668] {dag.py:2935} INFO - Setting next_dagrun for latest_only_with_trigger to 2022-08-09T04:14:19.667780+00:00
[2022-08-09 08:14:19,683] {processor.py:171} INFO - Processing /home/airflow/.local/lib/python3.7/site-packages/airflow/example_dags/example_latest_only_with_trigger.py took 0.101 seconds
[2022-08-09 08:14:50,442] {processor.py:163} INFO - Started process (PID=1363) to work on /home/airflow/.local/lib/python3.7/site-packages/airflow/example_dags/example_latest_only_with_trigger.py
[2022-08-09 08:14:50,444] {processor.py:642} INFO - Processing file /home/airflow/.local/lib/python3.7/site-packages/airflow/example_dags/example_latest_only_with_trigger.py for tasks to queue
[2022-08-09 08:14:50,446] {logging_mixin.py:109} INFO - [2022-08-09 08:14:50,446] {dagbag.py:500} INFO - Filling up the DagBag from /home/airflow/.local/lib/python3.7/site-packages/airflow/example_dags/example_latest_only_with_trigger.py
[2022-08-09 08:14:50,483] {processor.py:654} INFO - DAG(s) dict_keys(['latest_only_with_trigger']) retrieved from /home/airflow/.local/lib/python3.7/site-packages/airflow/example_dags/example_latest_only_with_trigger.py
[2022-08-09 08:14:50,494] {logging_mixin.py:109} INFO - [2022-08-09 08:14:50,494] {dag.py:2396} INFO - Sync 1 DAGs
[2022-08-09 08:14:50,512] {logging_mixin.py:109} INFO - [2022-08-09 08:14:50,512] {dag.py:2935} INFO - Setting next_dagrun for latest_only_with_trigger to 2022-08-09T04:14:50.512567+00:00
[2022-08-09 08:14:50,524] {processor.py:171} INFO - Processing /home/airflow/.local/lib/python3.7/site-packages/airflow/example_dags/example_latest_only_with_trigger.py took 0.086 seconds
[2022-08-09 08:15:21,265] {processor.py:163} INFO - Started process (PID=1423) to work on /home/airflow/.local/lib/python3.7/site-packages/airflow/example_dags/example_latest_only_with_trigger.py
[2022-08-09 08:15:21,268] {processor.py:642} INFO - Processing file /home/airflow/.local/lib/python3.7/site-packages/airflow/example_dags/example_latest_only_with_trigger.py for tasks to queue
[2022-08-09 08:15:21,271] {logging_mixin.py:109} INFO - [2022-08-09 08:15:21,271] {dagbag.py:500} INFO - Filling up the DagBag from /home/airflow/.local/lib/python3.7/site-packages/airflow/example_dags/example_latest_only_with_trigger.py
[2022-08-09 08:15:21,311] {processor.py:654} INFO - DAG(s) dict_keys(['latest_only_with_trigger']) retrieved from /home/airflow/.local/lib/python3.7/site-packages/airflow/example_dags/example_latest_only_with_trigger.py
[2022-08-09 08:15:21,328] {logging_mixin.py:109} INFO - [2022-08-09 08:15:21,328] {dag.py:2396} INFO - Sync 1 DAGs
[2022-08-09 08:15:21,346] {logging_mixin.py:109} INFO - [2022-08-09 08:15:21,346] {dag.py:2935} INFO - Setting next_dagrun for latest_only_with_trigger to 2022-08-09T04:15:21.346539+00:00
[2022-08-09 08:15:21,357] {processor.py:171} INFO - Processing /home/airflow/.local/lib/python3.7/site-packages/airflow/example_dags/example_latest_only_with_trigger.py took 0.095 seconds
[2022-08-09 08:15:51,511] {processor.py:163} INFO - Started process (PID=1494) to work on /home/airflow/.local/lib/python3.7/site-packages/airflow/example_dags/example_latest_only_with_trigger.py
[2022-08-09 08:15:51,512] {processor.py:642} INFO - Processing file /home/airflow/.local/lib/python3.7/site-packages/airflow/example_dags/example_latest_only_with_trigger.py for tasks to queue
[2022-08-09 08:15:51,514] {logging_mixin.py:109} INFO - [2022-08-09 08:15:51,514] {dagbag.py:500} INFO - Filling up the DagBag from /home/airflow/.local/lib/python3.7/site-packages/airflow/example_dags/example_latest_only_with_trigger.py
[2022-08-09 08:15:51,552] {processor.py:654} INFO - DAG(s) dict_keys(['latest_only_with_trigger']) retrieved from /home/airflow/.local/lib/python3.7/site-packages/airflow/example_dags/example_latest_only_with_trigger.py
[2022-08-09 08:15:51,563] {logging_mixin.py:109} INFO - [2022-08-09 08:15:51,563] {dag.py:2396} INFO - Sync 1 DAGs
[2022-08-09 08:15:51,581] {logging_mixin.py:109} INFO - [2022-08-09 08:15:51,581] {dag.py:2935} INFO - Setting next_dagrun for latest_only_with_trigger to 2022-08-09T04:15:51.580966+00:00
[2022-08-09 08:15:51,591] {processor.py:171} INFO - Processing /home/airflow/.local/lib/python3.7/site-packages/airflow/example_dags/example_latest_only_with_trigger.py took 0.084 seconds
[2022-08-09 08:16:21,884] {processor.py:163} INFO - Started process (PID=1552) to work on /home/airflow/.local/lib/python3.7/site-packages/airflow/example_dags/example_latest_only_with_trigger.py
[2022-08-09 08:16:21,886] {processor.py:642} INFO - Processing file /home/airflow/.local/lib/python3.7/site-packages/airflow/example_dags/example_latest_only_with_trigger.py for tasks to queue
[2022-08-09 08:16:21,887] {logging_mixin.py:109} INFO - [2022-08-09 08:16:21,887] {dagbag.py:500} INFO - Filling up the DagBag from /home/airflow/.local/lib/python3.7/site-packages/airflow/example_dags/example_latest_only_with_trigger.py
[2022-08-09 08:16:21,917] {processor.py:654} INFO - DAG(s) dict_keys(['latest_only_with_trigger']) retrieved from /home/airflow/.local/lib/python3.7/site-packages/airflow/example_dags/example_latest_only_with_trigger.py
[2022-08-09 08:16:21,931] {logging_mixin.py:109} INFO - [2022-08-09 08:16:21,931] {dag.py:2396} INFO - Sync 1 DAGs
[2022-08-09 08:16:21,955] {logging_mixin.py:109} INFO - [2022-08-09 08:16:21,955] {dag.py:2935} INFO - Setting next_dagrun for latest_only_with_trigger to 2022-08-09T04:16:21.954937+00:00
[2022-08-09 08:16:21,971] {processor.py:171} INFO - Processing /home/airflow/.local/lib/python3.7/site-packages/airflow/example_dags/example_latest_only_with_trigger.py took 0.091 seconds
[2022-08-09 08:16:52,071] {processor.py:163} INFO - Started process (PID=1621) to work on /home/airflow/.local/lib/python3.7/site-packages/airflow/example_dags/example_latest_only_with_trigger.py
[2022-08-09 08:16:52,073] {processor.py:642} INFO - Processing file /home/airflow/.local/lib/python3.7/site-packages/airflow/example_dags/example_latest_only_with_trigger.py for tasks to queue
[2022-08-09 08:16:52,075] {logging_mixin.py:109} INFO - [2022-08-09 08:16:52,075] {dagbag.py:500} INFO - Filling up the DagBag from /home/airflow/.local/lib/python3.7/site-packages/airflow/example_dags/example_latest_only_with_trigger.py
[2022-08-09 08:16:52,120] {processor.py:654} INFO - DAG(s) dict_keys(['latest_only_with_trigger']) retrieved from /home/airflow/.local/lib/python3.7/site-packages/airflow/example_dags/example_latest_only_with_trigger.py
[2022-08-09 08:16:52,133] {logging_mixin.py:109} INFO - [2022-08-09 08:16:52,133] {dag.py:2396} INFO - Sync 1 DAGs
[2022-08-09 08:16:52,151] {logging_mixin.py:109} INFO - [2022-08-09 08:16:52,151] {dag.py:2935} INFO - Setting next_dagrun for latest_only_with_trigger to 2022-08-09T04:16:52.151247+00:00
[2022-08-09 08:16:52,168] {processor.py:171} INFO - Processing /home/airflow/.local/lib/python3.7/site-packages/airflow/example_dags/example_latest_only_with_trigger.py took 0.101 seconds
[2022-08-09 08:17:22,608] {processor.py:163} INFO - Started process (PID=1681) to work on /home/airflow/.local/lib/python3.7/site-packages/airflow/example_dags/example_latest_only_with_trigger.py
[2022-08-09 08:17:22,609] {processor.py:642} INFO - Processing file /home/airflow/.local/lib/python3.7/site-packages/airflow/example_dags/example_latest_only_with_trigger.py for tasks to queue
[2022-08-09 08:17:22,611] {logging_mixin.py:109} INFO - [2022-08-09 08:17:22,611] {dagbag.py:500} INFO - Filling up the DagBag from /home/airflow/.local/lib/python3.7/site-packages/airflow/example_dags/example_latest_only_with_trigger.py
[2022-08-09 08:17:22,643] {processor.py:654} INFO - DAG(s) dict_keys(['latest_only_with_trigger']) retrieved from /home/airflow/.local/lib/python3.7/site-packages/airflow/example_dags/example_latest_only_with_trigger.py
[2022-08-09 08:17:22,655] {logging_mixin.py:109} INFO - [2022-08-09 08:17:22,655] {dag.py:2396} INFO - Sync 1 DAGs
[2022-08-09 08:17:22,673] {logging_mixin.py:109} INFO - [2022-08-09 08:17:22,673] {dag.py:2935} INFO - Setting next_dagrun for latest_only_with_trigger to 2022-08-09T04:17:22.673489+00:00
[2022-08-09 08:17:22,687] {processor.py:171} INFO - Processing /home/airflow/.local/lib/python3.7/site-packages/airflow/example_dags/example_latest_only_with_trigger.py took 0.082 seconds
[2022-08-09 08:17:53,160] {processor.py:163} INFO - Started process (PID=1750) to work on /home/airflow/.local/lib/python3.7/site-packages/airflow/example_dags/example_latest_only_with_trigger.py
[2022-08-09 08:17:53,162] {processor.py:642} INFO - Processing file /home/airflow/.local/lib/python3.7/site-packages/airflow/example_dags/example_latest_only_with_trigger.py for tasks to queue
[2022-08-09 08:17:53,165] {logging_mixin.py:109} INFO - [2022-08-09 08:17:53,165] {dagbag.py:500} INFO - Filling up the DagBag from /home/airflow/.local/lib/python3.7/site-packages/airflow/example_dags/example_latest_only_with_trigger.py
[2022-08-09 08:17:53,218] {processor.py:654} INFO - DAG(s) dict_keys(['latest_only_with_trigger']) retrieved from /home/airflow/.local/lib/python3.7/site-packages/airflow/example_dags/example_latest_only_with_trigger.py
[2022-08-09 08:17:53,237] {logging_mixin.py:109} INFO - [2022-08-09 08:17:53,236] {dag.py:2396} INFO - Sync 1 DAGs
[2022-08-09 08:17:53,259] {logging_mixin.py:109} INFO - [2022-08-09 08:17:53,259] {dag.py:2935} INFO - Setting next_dagrun for latest_only_with_trigger to 2022-08-09T04:17:53.259503+00:00
[2022-08-09 08:17:53,272] {processor.py:171} INFO - Processing /home/airflow/.local/lib/python3.7/site-packages/airflow/example_dags/example_latest_only_with_trigger.py took 0.116 seconds
[2022-08-09 08:18:24,418] {processor.py:163} INFO - Started process (PID=1811) to work on /home/airflow/.local/lib/python3.7/site-packages/airflow/example_dags/example_latest_only_with_trigger.py
[2022-08-09 08:18:24,421] {processor.py:642} INFO - Processing file /home/airflow/.local/lib/python3.7/site-packages/airflow/example_dags/example_latest_only_with_trigger.py for tasks to queue
[2022-08-09 08:18:24,422] {logging_mixin.py:109} INFO - [2022-08-09 08:18:24,422] {dagbag.py:500} INFO - Filling up the DagBag from /home/airflow/.local/lib/python3.7/site-packages/airflow/example_dags/example_latest_only_with_trigger.py
[2022-08-09 08:18:24,460] {processor.py:654} INFO - DAG(s) dict_keys(['latest_only_with_trigger']) retrieved from /home/airflow/.local/lib/python3.7/site-packages/airflow/example_dags/example_latest_only_with_trigger.py
[2022-08-09 08:18:24,476] {logging_mixin.py:109} INFO - [2022-08-09 08:18:24,476] {dag.py:2396} INFO - Sync 1 DAGs
[2022-08-09 08:18:24,495] {logging_mixin.py:109} INFO - [2022-08-09 08:18:24,495] {dag.py:2935} INFO - Setting next_dagrun for latest_only_with_trigger to 2022-08-09T04:18:24.495260+00:00
[2022-08-09 08:18:24,509] {processor.py:171} INFO - Processing /home/airflow/.local/lib/python3.7/site-packages/airflow/example_dags/example_latest_only_with_trigger.py took 0.094 seconds
[2022-08-09 08:18:54,854] {processor.py:163} INFO - Started process (PID=1881) to work on /home/airflow/.local/lib/python3.7/site-packages/airflow/example_dags/example_latest_only_with_trigger.py
[2022-08-09 08:18:54,858] {processor.py:642} INFO - Processing file /home/airflow/.local/lib/python3.7/site-packages/airflow/example_dags/example_latest_only_with_trigger.py for tasks to queue
[2022-08-09 08:18:54,860] {logging_mixin.py:109} INFO - [2022-08-09 08:18:54,860] {dagbag.py:500} INFO - Filling up the DagBag from /home/airflow/.local/lib/python3.7/site-packages/airflow/example_dags/example_latest_only_with_trigger.py
[2022-08-09 08:18:54,900] {processor.py:654} INFO - DAG(s) dict_keys(['latest_only_with_trigger']) retrieved from /home/airflow/.local/lib/python3.7/site-packages/airflow/example_dags/example_latest_only_with_trigger.py
[2022-08-09 08:18:54,912] {logging_mixin.py:109} INFO - [2022-08-09 08:18:54,911] {dag.py:2396} INFO - Sync 1 DAGs
[2022-08-09 08:18:54,929] {logging_mixin.py:109} INFO - [2022-08-09 08:18:54,928] {dag.py:2935} INFO - Setting next_dagrun for latest_only_with_trigger to 2022-08-09T04:18:54.928614+00:00
[2022-08-09 08:18:55,026] {processor.py:171} INFO - Processing /home/airflow/.local/lib/python3.7/site-packages/airflow/example_dags/example_latest_only_with_trigger.py took 0.176 seconds
[2022-08-09 08:19:25,102] {processor.py:163} INFO - Started process (PID=1941) to work on /home/airflow/.local/lib/python3.7/site-packages/airflow/example_dags/example_latest_only_with_trigger.py
[2022-08-09 08:19:25,104] {processor.py:642} INFO - Processing file /home/airflow/.local/lib/python3.7/site-packages/airflow/example_dags/example_latest_only_with_trigger.py for tasks to queue
[2022-08-09 08:19:25,105] {logging_mixin.py:109} INFO - [2022-08-09 08:19:25,105] {dagbag.py:500} INFO - Filling up the DagBag from /home/airflow/.local/lib/python3.7/site-packages/airflow/example_dags/example_latest_only_with_trigger.py
[2022-08-09 08:19:25,143] {processor.py:654} INFO - DAG(s) dict_keys(['latest_only_with_trigger']) retrieved from /home/airflow/.local/lib/python3.7/site-packages/airflow/example_dags/example_latest_only_with_trigger.py
[2022-08-09 08:19:25,158] {logging_mixin.py:109} INFO - [2022-08-09 08:19:25,158] {dag.py:2396} INFO - Sync 1 DAGs
[2022-08-09 08:19:25,263] {logging_mixin.py:109} INFO - [2022-08-09 08:19:25,263] {dag.py:2935} INFO - Setting next_dagrun for latest_only_with_trigger to 2022-08-09T04:19:25.263455+00:00
[2022-08-09 08:19:25,276] {processor.py:171} INFO - Processing /home/airflow/.local/lib/python3.7/site-packages/airflow/example_dags/example_latest_only_with_trigger.py took 0.178 seconds
[2022-08-09 08:19:55,931] {processor.py:163} INFO - Started process (PID=2001) to work on /home/airflow/.local/lib/python3.7/site-packages/airflow/example_dags/example_latest_only_with_trigger.py
[2022-08-09 08:19:55,933] {processor.py:642} INFO - Processing file /home/airflow/.local/lib/python3.7/site-packages/airflow/example_dags/example_latest_only_with_trigger.py for tasks to queue
[2022-08-09 08:19:55,935] {logging_mixin.py:109} INFO - [2022-08-09 08:19:55,935] {dagbag.py:500} INFO - Filling up the DagBag from /home/airflow/.local/lib/python3.7/site-packages/airflow/example_dags/example_latest_only_with_trigger.py
[2022-08-09 08:19:55,963] {processor.py:654} INFO - DAG(s) dict_keys(['latest_only_with_trigger']) retrieved from /home/airflow/.local/lib/python3.7/site-packages/airflow/example_dags/example_latest_only_with_trigger.py
[2022-08-09 08:19:55,975] {logging_mixin.py:109} INFO - [2022-08-09 08:19:55,975] {dag.py:2396} INFO - Sync 1 DAGs
[2022-08-09 08:19:56,079] {logging_mixin.py:109} INFO - [2022-08-09 08:19:56,079] {dag.py:2935} INFO - Setting next_dagrun for latest_only_with_trigger to 2022-08-09T04:19:56.079057+00:00
[2022-08-09 08:19:56,089] {processor.py:171} INFO - Processing /home/airflow/.local/lib/python3.7/site-packages/airflow/example_dags/example_latest_only_with_trigger.py took 0.162 seconds
[2022-08-09 08:20:26,640] {processor.py:163} INFO - Started process (PID=2070) to work on /home/airflow/.local/lib/python3.7/site-packages/airflow/example_dags/example_latest_only_with_trigger.py
[2022-08-09 08:20:26,642] {processor.py:642} INFO - Processing file /home/airflow/.local/lib/python3.7/site-packages/airflow/example_dags/example_latest_only_with_trigger.py for tasks to queue
[2022-08-09 08:20:26,643] {logging_mixin.py:109} INFO - [2022-08-09 08:20:26,643] {dagbag.py:500} INFO - Filling up the DagBag from /home/airflow/.local/lib/python3.7/site-packages/airflow/example_dags/example_latest_only_with_trigger.py
[2022-08-09 08:20:26,673] {processor.py:654} INFO - DAG(s) dict_keys(['latest_only_with_trigger']) retrieved from /home/airflow/.local/lib/python3.7/site-packages/airflow/example_dags/example_latest_only_with_trigger.py
[2022-08-09 08:20:26,774] {logging_mixin.py:109} INFO - [2022-08-09 08:20:26,773] {dag.py:2396} INFO - Sync 1 DAGs
[2022-08-09 08:20:26,795] {logging_mixin.py:109} INFO - [2022-08-09 08:20:26,794] {dag.py:2935} INFO - Setting next_dagrun for latest_only_with_trigger to 2022-08-09T04:20:26.794674+00:00
[2022-08-09 08:20:26,812] {processor.py:171} INFO - Processing /home/airflow/.local/lib/python3.7/site-packages/airflow/example_dags/example_latest_only_with_trigger.py took 0.176 seconds
[2022-08-09 08:20:57,098] {processor.py:163} INFO - Started process (PID=2130) to work on /home/airflow/.local/lib/python3.7/site-packages/airflow/example_dags/example_latest_only_with_trigger.py
[2022-08-09 08:20:57,100] {processor.py:642} INFO - Processing file /home/airflow/.local/lib/python3.7/site-packages/airflow/example_dags/example_latest_only_with_trigger.py for tasks to queue
[2022-08-09 08:20:57,101] {logging_mixin.py:109} INFO - [2022-08-09 08:20:57,101] {dagbag.py:500} INFO - Filling up the DagBag from /home/airflow/.local/lib/python3.7/site-packages/airflow/example_dags/example_latest_only_with_trigger.py
[2022-08-09 08:20:57,224] {processor.py:654} INFO - DAG(s) dict_keys(['latest_only_with_trigger']) retrieved from /home/airflow/.local/lib/python3.7/site-packages/airflow/example_dags/example_latest_only_with_trigger.py
[2022-08-09 08:20:57,238] {logging_mixin.py:109} INFO - [2022-08-09 08:20:57,238] {dag.py:2396} INFO - Sync 1 DAGs
[2022-08-09 08:20:57,274] {logging_mixin.py:109} INFO - [2022-08-09 08:20:57,274] {dag.py:2935} INFO - Setting next_dagrun for latest_only_with_trigger to 2022-08-09T04:20:57.274060+00:00
[2022-08-09 08:20:57,284] {processor.py:171} INFO - Processing /home/airflow/.local/lib/python3.7/site-packages/airflow/example_dags/example_latest_only_with_trigger.py took 0.190 seconds
[2022-08-09 08:21:27,838] {processor.py:163} INFO - Started process (PID=2201) to work on /home/airflow/.local/lib/python3.7/site-packages/airflow/example_dags/example_latest_only_with_trigger.py
[2022-08-09 08:21:27,840] {processor.py:642} INFO - Processing file /home/airflow/.local/lib/python3.7/site-packages/airflow/example_dags/example_latest_only_with_trigger.py for tasks to queue
[2022-08-09 08:21:27,842] {logging_mixin.py:109} INFO - [2022-08-09 08:21:27,842] {dagbag.py:500} INFO - Filling up the DagBag from /home/airflow/.local/lib/python3.7/site-packages/airflow/example_dags/example_latest_only_with_trigger.py
[2022-08-09 08:21:27,960] {processor.py:654} INFO - DAG(s) dict_keys(['latest_only_with_trigger']) retrieved from /home/airflow/.local/lib/python3.7/site-packages/airflow/example_dags/example_latest_only_with_trigger.py
[2022-08-09 08:21:27,970] {logging_mixin.py:109} INFO - [2022-08-09 08:21:27,970] {dag.py:2396} INFO - Sync 1 DAGs
[2022-08-09 08:21:27,989] {logging_mixin.py:109} INFO - [2022-08-09 08:21:27,989] {dag.py:2935} INFO - Setting next_dagrun for latest_only_with_trigger to 2022-08-09T04:21:27.988997+00:00
[2022-08-09 08:21:28,001] {processor.py:171} INFO - Processing /home/airflow/.local/lib/python3.7/site-packages/airflow/example_dags/example_latest_only_with_trigger.py took 0.167 seconds
[2022-08-09 08:21:58,380] {processor.py:163} INFO - Started process (PID=2261) to work on /home/airflow/.local/lib/python3.7/site-packages/airflow/example_dags/example_latest_only_with_trigger.py
[2022-08-09 08:21:58,382] {processor.py:642} INFO - Processing file /home/airflow/.local/lib/python3.7/site-packages/airflow/example_dags/example_latest_only_with_trigger.py for tasks to queue
[2022-08-09 08:21:58,384] {logging_mixin.py:109} INFO - [2022-08-09 08:21:58,384] {dagbag.py:500} INFO - Filling up the DagBag from /home/airflow/.local/lib/python3.7/site-packages/airflow/example_dags/example_latest_only_with_trigger.py
[2022-08-09 08:21:58,501] {processor.py:654} INFO - DAG(s) dict_keys(['latest_only_with_trigger']) retrieved from /home/airflow/.local/lib/python3.7/site-packages/airflow/example_dags/example_latest_only_with_trigger.py
[2022-08-09 08:21:58,512] {logging_mixin.py:109} INFO - [2022-08-09 08:21:58,511] {dag.py:2396} INFO - Sync 1 DAGs
[2022-08-09 08:21:58,528] {logging_mixin.py:109} INFO - [2022-08-09 08:21:58,528] {dag.py:2935} INFO - Setting next_dagrun for latest_only_with_trigger to 2022-08-09T04:21:58.527886+00:00
[2022-08-09 08:21:58,537] {processor.py:171} INFO - Processing /home/airflow/.local/lib/python3.7/site-packages/airflow/example_dags/example_latest_only_with_trigger.py took 0.161 seconds
[2022-08-09 08:22:28,986] {processor.py:163} INFO - Started process (PID=2329) to work on /home/airflow/.local/lib/python3.7/site-packages/airflow/example_dags/example_latest_only_with_trigger.py
[2022-08-09 08:22:28,988] {processor.py:642} INFO - Processing file /home/airflow/.local/lib/python3.7/site-packages/airflow/example_dags/example_latest_only_with_trigger.py for tasks to queue
[2022-08-09 08:22:28,990] {logging_mixin.py:109} INFO - [2022-08-09 08:22:28,990] {dagbag.py:500} INFO - Filling up the DagBag from /home/airflow/.local/lib/python3.7/site-packages/airflow/example_dags/example_latest_only_with_trigger.py
[2022-08-09 08:22:29,117] {processor.py:654} INFO - DAG(s) dict_keys(['latest_only_with_trigger']) retrieved from /home/airflow/.local/lib/python3.7/site-packages/airflow/example_dags/example_latest_only_with_trigger.py
[2022-08-09 08:22:29,128] {logging_mixin.py:109} INFO - [2022-08-09 08:22:29,128] {dag.py:2396} INFO - Sync 1 DAGs
[2022-08-09 08:22:29,142] {logging_mixin.py:109} INFO - [2022-08-09 08:22:29,142] {dag.py:2935} INFO - Setting next_dagrun for latest_only_with_trigger to 2022-08-09T04:22:29.141776+00:00
[2022-08-09 08:22:29,152] {processor.py:171} INFO - Processing /home/airflow/.local/lib/python3.7/site-packages/airflow/example_dags/example_latest_only_with_trigger.py took 0.169 seconds
[2022-08-09 08:22:59,756] {processor.py:163} INFO - Started process (PID=2389) to work on /home/airflow/.local/lib/python3.7/site-packages/airflow/example_dags/example_latest_only_with_trigger.py
[2022-08-09 08:22:59,759] {processor.py:642} INFO - Processing file /home/airflow/.local/lib/python3.7/site-packages/airflow/example_dags/example_latest_only_with_trigger.py for tasks to queue
[2022-08-09 08:22:59,761] {logging_mixin.py:109} INFO - [2022-08-09 08:22:59,761] {dagbag.py:500} INFO - Filling up the DagBag from /home/airflow/.local/lib/python3.7/site-packages/airflow/example_dags/example_latest_only_with_trigger.py
[2022-08-09 08:22:59,798] {processor.py:654} INFO - DAG(s) dict_keys(['latest_only_with_trigger']) retrieved from /home/airflow/.local/lib/python3.7/site-packages/airflow/example_dags/example_latest_only_with_trigger.py
[2022-08-09 08:22:59,810] {logging_mixin.py:109} INFO - [2022-08-09 08:22:59,810] {dag.py:2396} INFO - Sync 1 DAGs
[2022-08-09 08:22:59,826] {logging_mixin.py:109} INFO - [2022-08-09 08:22:59,826] {dag.py:2935} INFO - Setting next_dagrun for latest_only_with_trigger to 2022-08-09T04:22:59.825774+00:00
[2022-08-09 08:22:59,837] {processor.py:171} INFO - Processing /home/airflow/.local/lib/python3.7/site-packages/airflow/example_dags/example_latest_only_with_trigger.py took 0.084 seconds
[2022-08-09 08:23:30,186] {processor.py:163} INFO - Started process (PID=2460) to work on /home/airflow/.local/lib/python3.7/site-packages/airflow/example_dags/example_latest_only_with_trigger.py
[2022-08-09 08:23:30,188] {processor.py:642} INFO - Processing file /home/airflow/.local/lib/python3.7/site-packages/airflow/example_dags/example_latest_only_with_trigger.py for tasks to queue
[2022-08-09 08:23:30,190] {logging_mixin.py:109} INFO - [2022-08-09 08:23:30,190] {dagbag.py:500} INFO - Filling up the DagBag from /home/airflow/.local/lib/python3.7/site-packages/airflow/example_dags/example_latest_only_with_trigger.py
[2022-08-09 08:23:30,231] {processor.py:654} INFO - DAG(s) dict_keys(['latest_only_with_trigger']) retrieved from /home/airflow/.local/lib/python3.7/site-packages/airflow/example_dags/example_latest_only_with_trigger.py
[2022-08-09 08:23:30,243] {logging_mixin.py:109} INFO - [2022-08-09 08:23:30,243] {dag.py:2396} INFO - Sync 1 DAGs
[2022-08-09 08:23:30,263] {logging_mixin.py:109} INFO - [2022-08-09 08:23:30,263] {dag.py:2935} INFO - Setting next_dagrun for latest_only_with_trigger to 2022-08-09T04:23:30.263446+00:00
[2022-08-09 08:23:30,275] {processor.py:171} INFO - Processing /home/airflow/.local/lib/python3.7/site-packages/airflow/example_dags/example_latest_only_with_trigger.py took 0.099 seconds
[2022-08-09 08:24:00,593] {processor.py:163} INFO - Started process (PID=2520) to work on /home/airflow/.local/lib/python3.7/site-packages/airflow/example_dags/example_latest_only_with_trigger.py
[2022-08-09 08:24:00,595] {processor.py:642} INFO - Processing file /home/airflow/.local/lib/python3.7/site-packages/airflow/example_dags/example_latest_only_with_trigger.py for tasks to queue
[2022-08-09 08:24:00,597] {logging_mixin.py:109} INFO - [2022-08-09 08:24:00,597] {dagbag.py:500} INFO - Filling up the DagBag from /home/airflow/.local/lib/python3.7/site-packages/airflow/example_dags/example_latest_only_with_trigger.py
[2022-08-09 08:24:00,643] {processor.py:654} INFO - DAG(s) dict_keys(['latest_only_with_trigger']) retrieved from /home/airflow/.local/lib/python3.7/site-packages/airflow/example_dags/example_latest_only_with_trigger.py
[2022-08-09 08:24:00,657] {logging_mixin.py:109} INFO - [2022-08-09 08:24:00,657] {dag.py:2396} INFO - Sync 1 DAGs
[2022-08-09 08:24:00,680] {logging_mixin.py:109} INFO - [2022-08-09 08:24:00,680] {dag.py:2935} INFO - Setting next_dagrun for latest_only_with_trigger to 2022-08-09T04:24:00.680545+00:00
[2022-08-09 08:24:00,692] {processor.py:171} INFO - Processing /home/airflow/.local/lib/python3.7/site-packages/airflow/example_dags/example_latest_only_with_trigger.py took 0.102 seconds
[2022-08-09 08:24:30,916] {processor.py:163} INFO - Started process (PID=2591) to work on /home/airflow/.local/lib/python3.7/site-packages/airflow/example_dags/example_latest_only_with_trigger.py
[2022-08-09 08:24:30,919] {processor.py:642} INFO - Processing file /home/airflow/.local/lib/python3.7/site-packages/airflow/example_dags/example_latest_only_with_trigger.py for tasks to queue
[2022-08-09 08:24:30,920] {logging_mixin.py:109} INFO - [2022-08-09 08:24:30,920] {dagbag.py:500} INFO - Filling up the DagBag from /home/airflow/.local/lib/python3.7/site-packages/airflow/example_dags/example_latest_only_with_trigger.py
[2022-08-09 08:24:30,954] {processor.py:654} INFO - DAG(s) dict_keys(['latest_only_with_trigger']) retrieved from /home/airflow/.local/lib/python3.7/site-packages/airflow/example_dags/example_latest_only_with_trigger.py
[2022-08-09 08:24:30,965] {logging_mixin.py:109} INFO - [2022-08-09 08:24:30,965] {dag.py:2396} INFO - Sync 1 DAGs
[2022-08-09 08:24:30,986] {logging_mixin.py:109} INFO - [2022-08-09 08:24:30,985] {dag.py:2935} INFO - Setting next_dagrun for latest_only_with_trigger to 2022-08-09T04:24:30.985357+00:00
[2022-08-09 08:24:31,003] {processor.py:171} INFO - Processing /home/airflow/.local/lib/python3.7/site-packages/airflow/example_dags/example_latest_only_with_trigger.py took 0.090 seconds
[2022-08-09 08:25:01,911] {processor.py:163} INFO - Started process (PID=2651) to work on /home/airflow/.local/lib/python3.7/site-packages/airflow/example_dags/example_latest_only_with_trigger.py
[2022-08-09 08:25:01,914] {processor.py:642} INFO - Processing file /home/airflow/.local/lib/python3.7/site-packages/airflow/example_dags/example_latest_only_with_trigger.py for tasks to queue
[2022-08-09 08:25:01,916] {logging_mixin.py:109} INFO - [2022-08-09 08:25:01,916] {dagbag.py:500} INFO - Filling up the DagBag from /home/airflow/.local/lib/python3.7/site-packages/airflow/example_dags/example_latest_only_with_trigger.py
[2022-08-09 08:25:01,951] {processor.py:654} INFO - DAG(s) dict_keys(['latest_only_with_trigger']) retrieved from /home/airflow/.local/lib/python3.7/site-packages/airflow/example_dags/example_latest_only_with_trigger.py
[2022-08-09 08:25:01,965] {logging_mixin.py:109} INFO - [2022-08-09 08:25:01,965] {dag.py:2396} INFO - Sync 1 DAGs
[2022-08-09 08:25:01,989] {logging_mixin.py:109} INFO - [2022-08-09 08:25:01,989] {dag.py:2935} INFO - Setting next_dagrun for latest_only_with_trigger to 2022-08-09T04:25:01.989331+00:00
[2022-08-09 08:25:02,007] {processor.py:171} INFO - Processing /home/airflow/.local/lib/python3.7/site-packages/airflow/example_dags/example_latest_only_with_trigger.py took 0.102 seconds
[2022-08-09 08:25:32,370] {processor.py:163} INFO - Started process (PID=2721) to work on /home/airflow/.local/lib/python3.7/site-packages/airflow/example_dags/example_latest_only_with_trigger.py
[2022-08-09 08:25:32,372] {processor.py:642} INFO - Processing file /home/airflow/.local/lib/python3.7/site-packages/airflow/example_dags/example_latest_only_with_trigger.py for tasks to queue
[2022-08-09 08:25:32,373] {logging_mixin.py:109} INFO - [2022-08-09 08:25:32,373] {dagbag.py:500} INFO - Filling up the DagBag from /home/airflow/.local/lib/python3.7/site-packages/airflow/example_dags/example_latest_only_with_trigger.py
[2022-08-09 08:25:32,414] {processor.py:654} INFO - DAG(s) dict_keys(['latest_only_with_trigger']) retrieved from /home/airflow/.local/lib/python3.7/site-packages/airflow/example_dags/example_latest_only_with_trigger.py
[2022-08-09 08:25:32,426] {logging_mixin.py:109} INFO - [2022-08-09 08:25:32,426] {dag.py:2396} INFO - Sync 1 DAGs
[2022-08-09 08:25:32,444] {logging_mixin.py:109} INFO - [2022-08-09 08:25:32,444] {dag.py:2935} INFO - Setting next_dagrun for latest_only_with_trigger to 2022-08-09T04:25:32.444513+00:00
[2022-08-09 08:25:32,456] {processor.py:171} INFO - Processing /home/airflow/.local/lib/python3.7/site-packages/airflow/example_dags/example_latest_only_with_trigger.py took 0.090 seconds
[2022-08-09 08:26:02,739] {processor.py:163} INFO - Started process (PID=2781) to work on /home/airflow/.local/lib/python3.7/site-packages/airflow/example_dags/example_latest_only_with_trigger.py
[2022-08-09 08:26:02,741] {processor.py:642} INFO - Processing file /home/airflow/.local/lib/python3.7/site-packages/airflow/example_dags/example_latest_only_with_trigger.py for tasks to queue
[2022-08-09 08:26:02,742] {logging_mixin.py:109} INFO - [2022-08-09 08:26:02,742] {dagbag.py:500} INFO - Filling up the DagBag from /home/airflow/.local/lib/python3.7/site-packages/airflow/example_dags/example_latest_only_with_trigger.py
[2022-08-09 08:26:02,772] {processor.py:654} INFO - DAG(s) dict_keys(['latest_only_with_trigger']) retrieved from /home/airflow/.local/lib/python3.7/site-packages/airflow/example_dags/example_latest_only_with_trigger.py
[2022-08-09 08:26:02,782] {logging_mixin.py:109} INFO - [2022-08-09 08:26:02,782] {dag.py:2396} INFO - Sync 1 DAGs
[2022-08-09 08:26:02,801] {logging_mixin.py:109} INFO - [2022-08-09 08:26:02,801] {dag.py:2935} INFO - Setting next_dagrun for latest_only_with_trigger to 2022-08-09T04:26:02.800736+00:00
[2022-08-09 08:26:02,812] {processor.py:171} INFO - Processing /home/airflow/.local/lib/python3.7/site-packages/airflow/example_dags/example_latest_only_with_trigger.py took 0.077 seconds
[2022-08-09 08:26:33,062] {processor.py:163} INFO - Started process (PID=2850) to work on /home/airflow/.local/lib/python3.7/site-packages/airflow/example_dags/example_latest_only_with_trigger.py
[2022-08-09 08:26:33,064] {processor.py:642} INFO - Processing file /home/airflow/.local/lib/python3.7/site-packages/airflow/example_dags/example_latest_only_with_trigger.py for tasks to queue
[2022-08-09 08:26:33,065] {logging_mixin.py:109} INFO - [2022-08-09 08:26:33,065] {dagbag.py:500} INFO - Filling up the DagBag from /home/airflow/.local/lib/python3.7/site-packages/airflow/example_dags/example_latest_only_with_trigger.py
[2022-08-09 08:26:33,097] {processor.py:654} INFO - DAG(s) dict_keys(['latest_only_with_trigger']) retrieved from /home/airflow/.local/lib/python3.7/site-packages/airflow/example_dags/example_latest_only_with_trigger.py
[2022-08-09 08:26:33,108] {logging_mixin.py:109} INFO - [2022-08-09 08:26:33,108] {dag.py:2396} INFO - Sync 1 DAGs
[2022-08-09 08:26:33,136] {logging_mixin.py:109} INFO - [2022-08-09 08:26:33,136] {dag.py:2935} INFO - Setting next_dagrun for latest_only_with_trigger to 2022-08-09T04:26:33.136049+00:00
[2022-08-09 08:26:33,152] {processor.py:171} INFO - Processing /home/airflow/.local/lib/python3.7/site-packages/airflow/example_dags/example_latest_only_with_trigger.py took 0.093 seconds
[2022-08-09 08:27:03,650] {processor.py:163} INFO - Started process (PID=2911) to work on /home/airflow/.local/lib/python3.7/site-packages/airflow/example_dags/example_latest_only_with_trigger.py
[2022-08-09 08:27:03,652] {processor.py:642} INFO - Processing file /home/airflow/.local/lib/python3.7/site-packages/airflow/example_dags/example_latest_only_with_trigger.py for tasks to queue
[2022-08-09 08:27:03,654] {logging_mixin.py:109} INFO - [2022-08-09 08:27:03,654] {dagbag.py:500} INFO - Filling up the DagBag from /home/airflow/.local/lib/python3.7/site-packages/airflow/example_dags/example_latest_only_with_trigger.py
[2022-08-09 08:27:03,690] {processor.py:654} INFO - DAG(s) dict_keys(['latest_only_with_trigger']) retrieved from /home/airflow/.local/lib/python3.7/site-packages/airflow/example_dags/example_latest_only_with_trigger.py
[2022-08-09 08:27:03,703] {logging_mixin.py:109} INFO - [2022-08-09 08:27:03,703] {dag.py:2396} INFO - Sync 1 DAGs
[2022-08-09 08:27:03,720] {logging_mixin.py:109} INFO - [2022-08-09 08:27:03,720] {dag.py:2935} INFO - Setting next_dagrun for latest_only_with_trigger to 2022-08-09T04:27:03.720299+00:00
[2022-08-09 08:27:03,733] {processor.py:171} INFO - Processing /home/airflow/.local/lib/python3.7/site-packages/airflow/example_dags/example_latest_only_with_trigger.py took 0.087 seconds
[2022-08-09 08:27:33,847] {processor.py:163} INFO - Started process (PID=2971) to work on /home/airflow/.local/lib/python3.7/site-packages/airflow/example_dags/example_latest_only_with_trigger.py
[2022-08-09 08:27:33,850] {processor.py:642} INFO - Processing file /home/airflow/.local/lib/python3.7/site-packages/airflow/example_dags/example_latest_only_with_trigger.py for tasks to queue
[2022-08-09 08:27:33,851] {logging_mixin.py:109} INFO - [2022-08-09 08:27:33,851] {dagbag.py:500} INFO - Filling up the DagBag from /home/airflow/.local/lib/python3.7/site-packages/airflow/example_dags/example_latest_only_with_trigger.py
[2022-08-09 08:27:33,885] {processor.py:654} INFO - DAG(s) dict_keys(['latest_only_with_trigger']) retrieved from /home/airflow/.local/lib/python3.7/site-packages/airflow/example_dags/example_latest_only_with_trigger.py
[2022-08-09 08:27:33,896] {logging_mixin.py:109} INFO - [2022-08-09 08:27:33,896] {dag.py:2396} INFO - Sync 1 DAGs
[2022-08-09 08:27:33,914] {logging_mixin.py:109} INFO - [2022-08-09 08:27:33,914] {dag.py:2935} INFO - Setting next_dagrun for latest_only_with_trigger to 2022-08-09T04:27:33.914552+00:00
[2022-08-09 08:27:33,927] {processor.py:171} INFO - Processing /home/airflow/.local/lib/python3.7/site-packages/airflow/example_dags/example_latest_only_with_trigger.py took 0.086 seconds
[2022-08-09 08:28:04,355] {processor.py:163} INFO - Started process (PID=3041) to work on /home/airflow/.local/lib/python3.7/site-packages/airflow/example_dags/example_latest_only_with_trigger.py
[2022-08-09 08:28:04,358] {processor.py:642} INFO - Processing file /home/airflow/.local/lib/python3.7/site-packages/airflow/example_dags/example_latest_only_with_trigger.py for tasks to queue
[2022-08-09 08:28:04,360] {logging_mixin.py:109} INFO - [2022-08-09 08:28:04,360] {dagbag.py:500} INFO - Filling up the DagBag from /home/airflow/.local/lib/python3.7/site-packages/airflow/example_dags/example_latest_only_with_trigger.py
[2022-08-09 08:28:04,393] {processor.py:654} INFO - DAG(s) dict_keys(['latest_only_with_trigger']) retrieved from /home/airflow/.local/lib/python3.7/site-packages/airflow/example_dags/example_latest_only_with_trigger.py
[2022-08-09 08:28:04,407] {logging_mixin.py:109} INFO - [2022-08-09 08:28:04,407] {dag.py:2396} INFO - Sync 1 DAGs
[2022-08-09 08:28:04,427] {logging_mixin.py:109} INFO - [2022-08-09 08:28:04,427] {dag.py:2935} INFO - Setting next_dagrun for latest_only_with_trigger to 2022-08-09T04:28:04.427529+00:00
[2022-08-09 08:28:04,442] {processor.py:171} INFO - Processing /home/airflow/.local/lib/python3.7/site-packages/airflow/example_dags/example_latest_only_with_trigger.py took 0.093 seconds
[2022-08-09 08:28:34,941] {processor.py:163} INFO - Started process (PID=3101) to work on /home/airflow/.local/lib/python3.7/site-packages/airflow/example_dags/example_latest_only_with_trigger.py
[2022-08-09 08:28:34,944] {processor.py:642} INFO - Processing file /home/airflow/.local/lib/python3.7/site-packages/airflow/example_dags/example_latest_only_with_trigger.py for tasks to queue
[2022-08-09 08:28:34,946] {logging_mixin.py:109} INFO - [2022-08-09 08:28:34,946] {dagbag.py:500} INFO - Filling up the DagBag from /home/airflow/.local/lib/python3.7/site-packages/airflow/example_dags/example_latest_only_with_trigger.py
[2022-08-09 08:28:35,000] {processor.py:654} INFO - DAG(s) dict_keys(['latest_only_with_trigger']) retrieved from /home/airflow/.local/lib/python3.7/site-packages/airflow/example_dags/example_latest_only_with_trigger.py
[2022-08-09 08:28:35,014] {logging_mixin.py:109} INFO - [2022-08-09 08:28:35,014] {dag.py:2396} INFO - Sync 1 DAGs
[2022-08-09 08:28:35,031] {logging_mixin.py:109} INFO - [2022-08-09 08:28:35,030] {dag.py:2935} INFO - Setting next_dagrun for latest_only_with_trigger to 2022-08-09T04:28:35.030589+00:00
[2022-08-09 08:28:35,047] {processor.py:171} INFO - Processing /home/airflow/.local/lib/python3.7/site-packages/airflow/example_dags/example_latest_only_with_trigger.py took 0.113 seconds
[2022-08-09 08:29:05,364] {processor.py:163} INFO - Started process (PID=3170) to work on /home/airflow/.local/lib/python3.7/site-packages/airflow/example_dags/example_latest_only_with_trigger.py
[2022-08-09 08:29:05,367] {processor.py:642} INFO - Processing file /home/airflow/.local/lib/python3.7/site-packages/airflow/example_dags/example_latest_only_with_trigger.py for tasks to queue
[2022-08-09 08:29:05,369] {logging_mixin.py:109} INFO - [2022-08-09 08:29:05,369] {dagbag.py:500} INFO - Filling up the DagBag from /home/airflow/.local/lib/python3.7/site-packages/airflow/example_dags/example_latest_only_with_trigger.py
[2022-08-09 08:29:05,398] {processor.py:654} INFO - DAG(s) dict_keys(['latest_only_with_trigger']) retrieved from /home/airflow/.local/lib/python3.7/site-packages/airflow/example_dags/example_latest_only_with_trigger.py
[2022-08-09 08:29:05,410] {logging_mixin.py:109} INFO - [2022-08-09 08:29:05,410] {dag.py:2396} INFO - Sync 1 DAGs
[2022-08-09 08:29:05,432] {logging_mixin.py:109} INFO - [2022-08-09 08:29:05,432] {dag.py:2935} INFO - Setting next_dagrun for latest_only_with_trigger to 2022-08-09T04:29:05.431696+00:00
[2022-08-09 08:29:05,448] {processor.py:171} INFO - Processing /home/airflow/.local/lib/python3.7/site-packages/airflow/example_dags/example_latest_only_with_trigger.py took 0.087 seconds
[2022-08-09 08:29:35,640] {processor.py:163} INFO - Started process (PID=3229) to work on /home/airflow/.local/lib/python3.7/site-packages/airflow/example_dags/example_latest_only_with_trigger.py
[2022-08-09 08:29:35,643] {processor.py:642} INFO - Processing file /home/airflow/.local/lib/python3.7/site-packages/airflow/example_dags/example_latest_only_with_trigger.py for tasks to queue
[2022-08-09 08:29:35,644] {logging_mixin.py:109} INFO - [2022-08-09 08:29:35,644] {dagbag.py:500} INFO - Filling up the DagBag from /home/airflow/.local/lib/python3.7/site-packages/airflow/example_dags/example_latest_only_with_trigger.py
[2022-08-09 08:29:35,676] {processor.py:654} INFO - DAG(s) dict_keys(['latest_only_with_trigger']) retrieved from /home/airflow/.local/lib/python3.7/site-packages/airflow/example_dags/example_latest_only_with_trigger.py
[2022-08-09 08:29:35,687] {logging_mixin.py:109} INFO - [2022-08-09 08:29:35,687] {dag.py:2396} INFO - Sync 1 DAGs
[2022-08-09 08:29:35,705] {logging_mixin.py:109} INFO - [2022-08-09 08:29:35,705] {dag.py:2935} INFO - Setting next_dagrun for latest_only_with_trigger to 2022-08-09T04:29:35.704910+00:00
[2022-08-09 08:29:35,716] {processor.py:171} INFO - Processing /home/airflow/.local/lib/python3.7/site-packages/airflow/example_dags/example_latest_only_with_trigger.py took 0.082 seconds
[2022-08-09 08:30:06,355] {processor.py:163} INFO - Started process (PID=3299) to work on /home/airflow/.local/lib/python3.7/site-packages/airflow/example_dags/example_latest_only_with_trigger.py
[2022-08-09 08:30:06,358] {processor.py:642} INFO - Processing file /home/airflow/.local/lib/python3.7/site-packages/airflow/example_dags/example_latest_only_with_trigger.py for tasks to queue
[2022-08-09 08:30:06,359] {logging_mixin.py:109} INFO - [2022-08-09 08:30:06,359] {dagbag.py:500} INFO - Filling up the DagBag from /home/airflow/.local/lib/python3.7/site-packages/airflow/example_dags/example_latest_only_with_trigger.py
[2022-08-09 08:30:06,388] {processor.py:654} INFO - DAG(s) dict_keys(['latest_only_with_trigger']) retrieved from /home/airflow/.local/lib/python3.7/site-packages/airflow/example_dags/example_latest_only_with_trigger.py
[2022-08-09 08:30:06,399] {logging_mixin.py:109} INFO - [2022-08-09 08:30:06,399] {dag.py:2396} INFO - Sync 1 DAGs
[2022-08-09 08:30:06,416] {logging_mixin.py:109} INFO - [2022-08-09 08:30:06,416] {dag.py:2935} INFO - Setting next_dagrun for latest_only_with_trigger to 2022-08-09T04:30:06.415969+00:00
[2022-08-09 08:30:06,427] {processor.py:171} INFO - Processing /home/airflow/.local/lib/python3.7/site-packages/airflow/example_dags/example_latest_only_with_trigger.py took 0.075 seconds
[2022-08-09 08:30:36,674] {processor.py:163} INFO - Started process (PID=3359) to work on /home/airflow/.local/lib/python3.7/site-packages/airflow/example_dags/example_latest_only_with_trigger.py
[2022-08-09 08:30:36,676] {processor.py:642} INFO - Processing file /home/airflow/.local/lib/python3.7/site-packages/airflow/example_dags/example_latest_only_with_trigger.py for tasks to queue
[2022-08-09 08:30:36,678] {logging_mixin.py:109} INFO - [2022-08-09 08:30:36,678] {dagbag.py:500} INFO - Filling up the DagBag from /home/airflow/.local/lib/python3.7/site-packages/airflow/example_dags/example_latest_only_with_trigger.py
[2022-08-09 08:30:36,713] {processor.py:654} INFO - DAG(s) dict_keys(['latest_only_with_trigger']) retrieved from /home/airflow/.local/lib/python3.7/site-packages/airflow/example_dags/example_latest_only_with_trigger.py
[2022-08-09 08:30:36,727] {logging_mixin.py:109} INFO - [2022-08-09 08:30:36,726] {dag.py:2396} INFO - Sync 1 DAGs
[2022-08-09 08:30:36,752] {logging_mixin.py:109} INFO - [2022-08-09 08:30:36,752] {dag.py:2935} INFO - Setting next_dagrun for latest_only_with_trigger to 2022-08-09T04:30:36.752130+00:00
[2022-08-09 08:30:36,766] {processor.py:171} INFO - Processing /home/airflow/.local/lib/python3.7/site-packages/airflow/example_dags/example_latest_only_with_trigger.py took 0.098 seconds
[2022-08-09 08:31:07,278] {processor.py:163} INFO - Started process (PID=3429) to work on /home/airflow/.local/lib/python3.7/site-packages/airflow/example_dags/example_latest_only_with_trigger.py
[2022-08-09 08:31:07,281] {processor.py:642} INFO - Processing file /home/airflow/.local/lib/python3.7/site-packages/airflow/example_dags/example_latest_only_with_trigger.py for tasks to queue
[2022-08-09 08:31:07,282] {logging_mixin.py:109} INFO - [2022-08-09 08:31:07,282] {dagbag.py:500} INFO - Filling up the DagBag from /home/airflow/.local/lib/python3.7/site-packages/airflow/example_dags/example_latest_only_with_trigger.py
[2022-08-09 08:31:07,313] {processor.py:654} INFO - DAG(s) dict_keys(['latest_only_with_trigger']) retrieved from /home/airflow/.local/lib/python3.7/site-packages/airflow/example_dags/example_latest_only_with_trigger.py
[2022-08-09 08:31:07,326] {logging_mixin.py:109} INFO - [2022-08-09 08:31:07,326] {dag.py:2396} INFO - Sync 1 DAGs
[2022-08-09 08:31:07,342] {logging_mixin.py:109} INFO - [2022-08-09 08:31:07,342] {dag.py:2935} INFO - Setting next_dagrun for latest_only_with_trigger to 2022-08-09T04:31:07.342418+00:00
[2022-08-09 08:31:07,360] {processor.py:171} INFO - Processing /home/airflow/.local/lib/python3.7/site-packages/airflow/example_dags/example_latest_only_with_trigger.py took 0.085 seconds
[2022-08-09 08:31:37,677] {processor.py:163} INFO - Started process (PID=3489) to work on /home/airflow/.local/lib/python3.7/site-packages/airflow/example_dags/example_latest_only_with_trigger.py
[2022-08-09 08:31:37,680] {processor.py:642} INFO - Processing file /home/airflow/.local/lib/python3.7/site-packages/airflow/example_dags/example_latest_only_with_trigger.py for tasks to queue
[2022-08-09 08:31:37,682] {logging_mixin.py:109} INFO - [2022-08-09 08:31:37,682] {dagbag.py:500} INFO - Filling up the DagBag from /home/airflow/.local/lib/python3.7/site-packages/airflow/example_dags/example_latest_only_with_trigger.py
[2022-08-09 08:31:37,718] {processor.py:654} INFO - DAG(s) dict_keys(['latest_only_with_trigger']) retrieved from /home/airflow/.local/lib/python3.7/site-packages/airflow/example_dags/example_latest_only_with_trigger.py
[2022-08-09 08:31:37,733] {logging_mixin.py:109} INFO - [2022-08-09 08:31:37,733] {dag.py:2396} INFO - Sync 1 DAGs
[2022-08-09 08:31:37,755] {logging_mixin.py:109} INFO - [2022-08-09 08:31:37,755] {dag.py:2935} INFO - Setting next_dagrun for latest_only_with_trigger to 2022-08-09T04:31:37.755451+00:00
[2022-08-09 08:31:37,772] {processor.py:171} INFO - Processing /home/airflow/.local/lib/python3.7/site-packages/airflow/example_dags/example_latest_only_with_trigger.py took 0.101 seconds
[2022-08-09 08:32:08,622] {processor.py:163} INFO - Started process (PID=3560) to work on /home/airflow/.local/lib/python3.7/site-packages/airflow/example_dags/example_latest_only_with_trigger.py
[2022-08-09 08:32:08,624] {processor.py:642} INFO - Processing file /home/airflow/.local/lib/python3.7/site-packages/airflow/example_dags/example_latest_only_with_trigger.py for tasks to queue
[2022-08-09 08:32:08,625] {logging_mixin.py:109} INFO - [2022-08-09 08:32:08,625] {dagbag.py:500} INFO - Filling up the DagBag from /home/airflow/.local/lib/python3.7/site-packages/airflow/example_dags/example_latest_only_with_trigger.py
[2022-08-09 08:32:08,662] {processor.py:654} INFO - DAG(s) dict_keys(['latest_only_with_trigger']) retrieved from /home/airflow/.local/lib/python3.7/site-packages/airflow/example_dags/example_latest_only_with_trigger.py
[2022-08-09 08:32:08,676] {logging_mixin.py:109} INFO - [2022-08-09 08:32:08,676] {dag.py:2396} INFO - Sync 1 DAGs
[2022-08-09 08:32:08,694] {logging_mixin.py:109} INFO - [2022-08-09 08:32:08,694] {dag.py:2935} INFO - Setting next_dagrun for latest_only_with_trigger to 2022-08-09T04:32:08.694201+00:00
[2022-08-09 08:32:08,707] {processor.py:171} INFO - Processing /home/airflow/.local/lib/python3.7/site-packages/airflow/example_dags/example_latest_only_with_trigger.py took 0.092 seconds
[2022-08-09 08:32:39,629] {processor.py:163} INFO - Started process (PID=3621) to work on /home/airflow/.local/lib/python3.7/site-packages/airflow/example_dags/example_latest_only_with_trigger.py
[2022-08-09 08:32:39,632] {processor.py:642} INFO - Processing file /home/airflow/.local/lib/python3.7/site-packages/airflow/example_dags/example_latest_only_with_trigger.py for tasks to queue
[2022-08-09 08:32:39,633] {logging_mixin.py:109} INFO - [2022-08-09 08:32:39,633] {dagbag.py:500} INFO - Filling up the DagBag from /home/airflow/.local/lib/python3.7/site-packages/airflow/example_dags/example_latest_only_with_trigger.py
[2022-08-09 08:32:39,662] {processor.py:654} INFO - DAG(s) dict_keys(['latest_only_with_trigger']) retrieved from /home/airflow/.local/lib/python3.7/site-packages/airflow/example_dags/example_latest_only_with_trigger.py
[2022-08-09 08:32:39,673] {logging_mixin.py:109} INFO - [2022-08-09 08:32:39,673] {dag.py:2396} INFO - Sync 1 DAGs
[2022-08-09 08:32:39,691] {logging_mixin.py:109} INFO - [2022-08-09 08:32:39,690] {dag.py:2935} INFO - Setting next_dagrun for latest_only_with_trigger to 2022-08-09T04:32:39.690626+00:00
[2022-08-09 08:32:39,706] {processor.py:171} INFO - Processing /home/airflow/.local/lib/python3.7/site-packages/airflow/example_dags/example_latest_only_with_trigger.py took 0.081 seconds
[2022-08-09 08:33:10,401] {processor.py:163} INFO - Started process (PID=3690) to work on /home/airflow/.local/lib/python3.7/site-packages/airflow/example_dags/example_latest_only_with_trigger.py
[2022-08-09 08:33:10,404] {processor.py:642} INFO - Processing file /home/airflow/.local/lib/python3.7/site-packages/airflow/example_dags/example_latest_only_with_trigger.py for tasks to queue
[2022-08-09 08:33:10,405] {logging_mixin.py:109} INFO - [2022-08-09 08:33:10,405] {dagbag.py:500} INFO - Filling up the DagBag from /home/airflow/.local/lib/python3.7/site-packages/airflow/example_dags/example_latest_only_with_trigger.py
[2022-08-09 08:33:10,435] {processor.py:654} INFO - DAG(s) dict_keys(['latest_only_with_trigger']) retrieved from /home/airflow/.local/lib/python3.7/site-packages/airflow/example_dags/example_latest_only_with_trigger.py
[2022-08-09 08:33:10,446] {logging_mixin.py:109} INFO - [2022-08-09 08:33:10,446] {dag.py:2396} INFO - Sync 1 DAGs
[2022-08-09 08:33:10,465] {logging_mixin.py:109} INFO - [2022-08-09 08:33:10,464] {dag.py:2935} INFO - Setting next_dagrun for latest_only_with_trigger to 2022-08-09T04:33:10.464688+00:00
[2022-08-09 08:33:10,477] {processor.py:171} INFO - Processing /home/airflow/.local/lib/python3.7/site-packages/airflow/example_dags/example_latest_only_with_trigger.py took 0.080 seconds
[2022-08-09 08:33:40,527] {processor.py:163} INFO - Started process (PID=3751) to work on /home/airflow/.local/lib/python3.7/site-packages/airflow/example_dags/example_latest_only_with_trigger.py
[2022-08-09 08:33:40,529] {processor.py:642} INFO - Processing file /home/airflow/.local/lib/python3.7/site-packages/airflow/example_dags/example_latest_only_with_trigger.py for tasks to queue
[2022-08-09 08:33:40,530] {logging_mixin.py:109} INFO - [2022-08-09 08:33:40,530] {dagbag.py:500} INFO - Filling up the DagBag from /home/airflow/.local/lib/python3.7/site-packages/airflow/example_dags/example_latest_only_with_trigger.py
[2022-08-09 08:33:40,556] {processor.py:654} INFO - DAG(s) dict_keys(['latest_only_with_trigger']) retrieved from /home/airflow/.local/lib/python3.7/site-packages/airflow/example_dags/example_latest_only_with_trigger.py
[2022-08-09 08:33:40,566] {logging_mixin.py:109} INFO - [2022-08-09 08:33:40,566] {dag.py:2396} INFO - Sync 1 DAGs
[2022-08-09 08:33:40,581] {logging_mixin.py:109} INFO - [2022-08-09 08:33:40,581] {dag.py:2935} INFO - Setting next_dagrun for latest_only_with_trigger to 2022-08-09T04:33:40.581414+00:00
[2022-08-09 08:33:40,596] {processor.py:171} INFO - Processing /home/airflow/.local/lib/python3.7/site-packages/airflow/example_dags/example_latest_only_with_trigger.py took 0.073 seconds
[2022-08-09 08:34:11,248] {processor.py:163} INFO - Started process (PID=3821) to work on /home/airflow/.local/lib/python3.7/site-packages/airflow/example_dags/example_latest_only_with_trigger.py
[2022-08-09 08:34:11,251] {processor.py:642} INFO - Processing file /home/airflow/.local/lib/python3.7/site-packages/airflow/example_dags/example_latest_only_with_trigger.py for tasks to queue
[2022-08-09 08:34:11,254] {logging_mixin.py:109} INFO - [2022-08-09 08:34:11,253] {dagbag.py:500} INFO - Filling up the DagBag from /home/airflow/.local/lib/python3.7/site-packages/airflow/example_dags/example_latest_only_with_trigger.py
[2022-08-09 08:34:11,286] {processor.py:654} INFO - DAG(s) dict_keys(['latest_only_with_trigger']) retrieved from /home/airflow/.local/lib/python3.7/site-packages/airflow/example_dags/example_latest_only_with_trigger.py
[2022-08-09 08:34:11,298] {logging_mixin.py:109} INFO - [2022-08-09 08:34:11,298] {dag.py:2396} INFO - Sync 1 DAGs
[2022-08-09 08:34:11,319] {logging_mixin.py:109} INFO - [2022-08-09 08:34:11,318] {dag.py:2935} INFO - Setting next_dagrun for latest_only_with_trigger to 2022-08-09T04:34:11.318692+00:00
[2022-08-09 08:34:11,332] {processor.py:171} INFO - Processing /home/airflow/.local/lib/python3.7/site-packages/airflow/example_dags/example_latest_only_with_trigger.py took 0.088 seconds
[2022-08-09 08:34:41,721] {processor.py:163} INFO - Started process (PID=3881) to work on /home/airflow/.local/lib/python3.7/site-packages/airflow/example_dags/example_latest_only_with_trigger.py
[2022-08-09 08:34:41,724] {processor.py:642} INFO - Processing file /home/airflow/.local/lib/python3.7/site-packages/airflow/example_dags/example_latest_only_with_trigger.py for tasks to queue
[2022-08-09 08:34:41,725] {logging_mixin.py:109} INFO - [2022-08-09 08:34:41,725] {dagbag.py:500} INFO - Filling up the DagBag from /home/airflow/.local/lib/python3.7/site-packages/airflow/example_dags/example_latest_only_with_trigger.py
[2022-08-09 08:34:41,757] {processor.py:654} INFO - DAG(s) dict_keys(['latest_only_with_trigger']) retrieved from /home/airflow/.local/lib/python3.7/site-packages/airflow/example_dags/example_latest_only_with_trigger.py
[2022-08-09 08:34:41,769] {logging_mixin.py:109} INFO - [2022-08-09 08:34:41,769] {dag.py:2396} INFO - Sync 1 DAGs
[2022-08-09 08:34:41,787] {logging_mixin.py:109} INFO - [2022-08-09 08:34:41,787] {dag.py:2935} INFO - Setting next_dagrun for latest_only_with_trigger to 2022-08-09T04:34:41.786771+00:00
[2022-08-09 08:34:41,799] {processor.py:171} INFO - Processing /home/airflow/.local/lib/python3.7/site-packages/airflow/example_dags/example_latest_only_with_trigger.py took 0.082 seconds
[2022-08-09 08:35:11,882] {processor.py:163} INFO - Started process (PID=3940) to work on /home/airflow/.local/lib/python3.7/site-packages/airflow/example_dags/example_latest_only_with_trigger.py
[2022-08-09 08:35:11,885] {processor.py:642} INFO - Processing file /home/airflow/.local/lib/python3.7/site-packages/airflow/example_dags/example_latest_only_with_trigger.py for tasks to queue
[2022-08-09 08:35:11,886] {logging_mixin.py:109} INFO - [2022-08-09 08:35:11,886] {dagbag.py:500} INFO - Filling up the DagBag from /home/airflow/.local/lib/python3.7/site-packages/airflow/example_dags/example_latest_only_with_trigger.py
[2022-08-09 08:35:11,919] {processor.py:654} INFO - DAG(s) dict_keys(['latest_only_with_trigger']) retrieved from /home/airflow/.local/lib/python3.7/site-packages/airflow/example_dags/example_latest_only_with_trigger.py
[2022-08-09 08:35:11,932] {logging_mixin.py:109} INFO - [2022-08-09 08:35:11,931] {dag.py:2396} INFO - Sync 1 DAGs
[2022-08-09 08:35:11,947] {logging_mixin.py:109} INFO - [2022-08-09 08:35:11,947] {dag.py:2935} INFO - Setting next_dagrun for latest_only_with_trigger to 2022-08-09T04:35:11.947441+00:00
[2022-08-09 08:35:11,959] {processor.py:171} INFO - Processing /home/airflow/.local/lib/python3.7/site-packages/airflow/example_dags/example_latest_only_with_trigger.py took 0.080 seconds
[2022-08-09 08:35:42,671] {processor.py:163} INFO - Started process (PID=4010) to work on /home/airflow/.local/lib/python3.7/site-packages/airflow/example_dags/example_latest_only_with_trigger.py
[2022-08-09 08:35:42,675] {processor.py:642} INFO - Processing file /home/airflow/.local/lib/python3.7/site-packages/airflow/example_dags/example_latest_only_with_trigger.py for tasks to queue
[2022-08-09 08:35:42,680] {logging_mixin.py:109} INFO - [2022-08-09 08:35:42,679] {dagbag.py:500} INFO - Filling up the DagBag from /home/airflow/.local/lib/python3.7/site-packages/airflow/example_dags/example_latest_only_with_trigger.py
[2022-08-09 08:35:42,736] {processor.py:654} INFO - DAG(s) dict_keys(['latest_only_with_trigger']) retrieved from /home/airflow/.local/lib/python3.7/site-packages/airflow/example_dags/example_latest_only_with_trigger.py
[2022-08-09 08:35:42,758] {logging_mixin.py:109} INFO - [2022-08-09 08:35:42,758] {dag.py:2396} INFO - Sync 1 DAGs
[2022-08-09 08:35:42,806] {logging_mixin.py:109} INFO - [2022-08-09 08:35:42,806] {dag.py:2935} INFO - Setting next_dagrun for latest_only_with_trigger to 2022-08-09T04:35:42.806022+00:00
[2022-08-09 08:35:42,823] {processor.py:171} INFO - Processing /home/airflow/.local/lib/python3.7/site-packages/airflow/example_dags/example_latest_only_with_trigger.py took 0.160 seconds
[2022-08-09 08:36:13,280] {processor.py:163} INFO - Started process (PID=4070) to work on /home/airflow/.local/lib/python3.7/site-packages/airflow/example_dags/example_latest_only_with_trigger.py
[2022-08-09 08:36:13,290] {processor.py:642} INFO - Processing file /home/airflow/.local/lib/python3.7/site-packages/airflow/example_dags/example_latest_only_with_trigger.py for tasks to queue
[2022-08-09 08:36:13,295] {logging_mixin.py:109} INFO - [2022-08-09 08:36:13,294] {dagbag.py:500} INFO - Filling up the DagBag from /home/airflow/.local/lib/python3.7/site-packages/airflow/example_dags/example_latest_only_with_trigger.py
[2022-08-09 08:36:13,385] {processor.py:654} INFO - DAG(s) dict_keys(['latest_only_with_trigger']) retrieved from /home/airflow/.local/lib/python3.7/site-packages/airflow/example_dags/example_latest_only_with_trigger.py
[2022-08-09 08:36:13,408] {logging_mixin.py:109} INFO - [2022-08-09 08:36:13,408] {dag.py:2396} INFO - Sync 1 DAGs
[2022-08-09 08:36:13,449] {logging_mixin.py:109} INFO - [2022-08-09 08:36:13,449] {dag.py:2935} INFO - Setting next_dagrun for latest_only_with_trigger to 2022-08-09T04:36:13.448626+00:00
[2022-08-09 08:36:13,469] {processor.py:171} INFO - Processing /home/airflow/.local/lib/python3.7/site-packages/airflow/example_dags/example_latest_only_with_trigger.py took 0.210 seconds
[2022-08-09 08:36:43,879] {processor.py:163} INFO - Started process (PID=4126) to work on /home/airflow/.local/lib/python3.7/site-packages/airflow/example_dags/example_latest_only_with_trigger.py
[2022-08-09 08:36:43,883] {processor.py:642} INFO - Processing file /home/airflow/.local/lib/python3.7/site-packages/airflow/example_dags/example_latest_only_with_trigger.py for tasks to queue
[2022-08-09 08:36:43,885] {logging_mixin.py:109} INFO - [2022-08-09 08:36:43,885] {dagbag.py:500} INFO - Filling up the DagBag from /home/airflow/.local/lib/python3.7/site-packages/airflow/example_dags/example_latest_only_with_trigger.py
[2022-08-09 08:36:43,939] {processor.py:654} INFO - DAG(s) dict_keys(['latest_only_with_trigger']) retrieved from /home/airflow/.local/lib/python3.7/site-packages/airflow/example_dags/example_latest_only_with_trigger.py
[2022-08-09 08:36:43,966] {logging_mixin.py:109} INFO - [2022-08-09 08:36:43,966] {dag.py:2396} INFO - Sync 1 DAGs
[2022-08-09 08:36:44,012] {logging_mixin.py:109} INFO - [2022-08-09 08:36:44,012] {dag.py:2935} INFO - Setting next_dagrun for latest_only_with_trigger to 2022-08-09T04:36:44.012234+00:00
[2022-08-09 08:36:44,041] {processor.py:171} INFO - Processing /home/airflow/.local/lib/python3.7/site-packages/airflow/example_dags/example_latest_only_with_trigger.py took 0.186 seconds
