[2022-08-09 08:04:36,588] {processor.py:163} INFO - Started process (PID=72) to work on /home/airflow/.local/lib/python3.7/site-packages/airflow/example_dags/example_task_group_decorator.py
[2022-08-09 08:04:36,592] {processor.py:642} INFO - Processing file /home/airflow/.local/lib/python3.7/site-packages/airflow/example_dags/example_task_group_decorator.py for tasks to queue
[2022-08-09 08:04:36,596] {logging_mixin.py:109} INFO - [2022-08-09 08:04:36,595] {dagbag.py:500} INFO - Filling up the DagBag from /home/airflow/.local/lib/python3.7/site-packages/airflow/example_dags/example_task_group_decorator.py
[2022-08-09 08:04:36,711] {processor.py:654} INFO - DAG(s) dict_keys(['example_task_group_decorator']) retrieved from /home/airflow/.local/lib/python3.7/site-packages/airflow/example_dags/example_task_group_decorator.py
[2022-08-09 08:04:37,027] {logging_mixin.py:109} INFO - [2022-08-09 08:04:37,027] {dag.py:2396} INFO - Sync 1 DAGs
[2022-08-09 08:04:37,044] {logging_mixin.py:109} INFO - [2022-08-09 08:04:37,044] {dag.py:2935} INFO - Setting next_dagrun for example_task_group_decorator to 2022-08-08T08:04:37.044091+00:00
[2022-08-09 08:04:37,062] {processor.py:171} INFO - Processing /home/airflow/.local/lib/python3.7/site-packages/airflow/example_dags/example_task_group_decorator.py took 0.484 seconds
[2022-08-09 08:05:07,294] {processor.py:163} INFO - Started process (PID=135) to work on /home/airflow/.local/lib/python3.7/site-packages/airflow/example_dags/example_task_group_decorator.py
[2022-08-09 08:05:07,297] {processor.py:642} INFO - Processing file /home/airflow/.local/lib/python3.7/site-packages/airflow/example_dags/example_task_group_decorator.py for tasks to queue
[2022-08-09 08:05:07,306] {logging_mixin.py:109} INFO - [2022-08-09 08:05:07,306] {dagbag.py:500} INFO - Filling up the DagBag from /home/airflow/.local/lib/python3.7/site-packages/airflow/example_dags/example_task_group_decorator.py
[2022-08-09 08:05:07,397] {processor.py:654} INFO - DAG(s) dict_keys(['example_task_group_decorator']) retrieved from /home/airflow/.local/lib/python3.7/site-packages/airflow/example_dags/example_task_group_decorator.py
[2022-08-09 08:05:07,743] {logging_mixin.py:109} INFO - [2022-08-09 08:05:07,743] {dag.py:2396} INFO - Sync 1 DAGs
[2022-08-09 08:05:07,767] {logging_mixin.py:109} INFO - [2022-08-09 08:05:07,767] {dag.py:2935} INFO - Setting next_dagrun for example_task_group_decorator to 2022-08-08T08:05:07.767216+00:00
[2022-08-09 08:05:07,788] {processor.py:171} INFO - Processing /home/airflow/.local/lib/python3.7/site-packages/airflow/example_dags/example_task_group_decorator.py took 0.505 seconds
[2022-08-09 08:05:38,089] {processor.py:163} INFO - Started process (PID=196) to work on /home/airflow/.local/lib/python3.7/site-packages/airflow/example_dags/example_task_group_decorator.py
[2022-08-09 08:05:38,094] {processor.py:642} INFO - Processing file /home/airflow/.local/lib/python3.7/site-packages/airflow/example_dags/example_task_group_decorator.py for tasks to queue
[2022-08-09 08:05:38,097] {logging_mixin.py:109} INFO - [2022-08-09 08:05:38,096] {dagbag.py:500} INFO - Filling up the DagBag from /home/airflow/.local/lib/python3.7/site-packages/airflow/example_dags/example_task_group_decorator.py
[2022-08-09 08:05:38,173] {processor.py:654} INFO - DAG(s) dict_keys(['example_task_group_decorator']) retrieved from /home/airflow/.local/lib/python3.7/site-packages/airflow/example_dags/example_task_group_decorator.py
[2022-08-09 08:05:38,463] {logging_mixin.py:109} INFO - [2022-08-09 08:05:38,463] {dag.py:2396} INFO - Sync 1 DAGs
[2022-08-09 08:05:38,486] {logging_mixin.py:109} INFO - [2022-08-09 08:05:38,486] {dag.py:2935} INFO - Setting next_dagrun for example_task_group_decorator to 2022-08-08T08:05:38.485535+00:00
[2022-08-09 08:05:38,505] {processor.py:171} INFO - Processing /home/airflow/.local/lib/python3.7/site-packages/airflow/example_dags/example_task_group_decorator.py took 0.420 seconds
[2022-08-09 08:06:09,206] {processor.py:163} INFO - Started process (PID=265) to work on /home/airflow/.local/lib/python3.7/site-packages/airflow/example_dags/example_task_group_decorator.py
[2022-08-09 08:06:09,209] {processor.py:642} INFO - Processing file /home/airflow/.local/lib/python3.7/site-packages/airflow/example_dags/example_task_group_decorator.py for tasks to queue
[2022-08-09 08:06:09,210] {logging_mixin.py:109} INFO - [2022-08-09 08:06:09,210] {dagbag.py:500} INFO - Filling up the DagBag from /home/airflow/.local/lib/python3.7/site-packages/airflow/example_dags/example_task_group_decorator.py
[2022-08-09 08:06:09,259] {processor.py:654} INFO - DAG(s) dict_keys(['example_task_group_decorator']) retrieved from /home/airflow/.local/lib/python3.7/site-packages/airflow/example_dags/example_task_group_decorator.py
[2022-08-09 08:06:09,515] {logging_mixin.py:109} INFO - [2022-08-09 08:06:09,515] {dag.py:2396} INFO - Sync 1 DAGs
[2022-08-09 08:06:09,529] {logging_mixin.py:109} INFO - [2022-08-09 08:06:09,529] {dag.py:2935} INFO - Setting next_dagrun for example_task_group_decorator to 2022-08-08T08:06:09.528925+00:00
[2022-08-09 08:06:09,543] {processor.py:171} INFO - Processing /home/airflow/.local/lib/python3.7/site-packages/airflow/example_dags/example_task_group_decorator.py took 0.342 seconds
[2022-08-09 08:06:39,925] {processor.py:163} INFO - Started process (PID=325) to work on /home/airflow/.local/lib/python3.7/site-packages/airflow/example_dags/example_task_group_decorator.py
[2022-08-09 08:06:39,927] {processor.py:642} INFO - Processing file /home/airflow/.local/lib/python3.7/site-packages/airflow/example_dags/example_task_group_decorator.py for tasks to queue
[2022-08-09 08:06:39,928] {logging_mixin.py:109} INFO - [2022-08-09 08:06:39,928] {dagbag.py:500} INFO - Filling up the DagBag from /home/airflow/.local/lib/python3.7/site-packages/airflow/example_dags/example_task_group_decorator.py
[2022-08-09 08:06:39,975] {processor.py:654} INFO - DAG(s) dict_keys(['example_task_group_decorator']) retrieved from /home/airflow/.local/lib/python3.7/site-packages/airflow/example_dags/example_task_group_decorator.py
[2022-08-09 08:06:40,256] {logging_mixin.py:109} INFO - [2022-08-09 08:06:40,256] {dag.py:2396} INFO - Sync 1 DAGs
[2022-08-09 08:06:40,270] {logging_mixin.py:109} INFO - [2022-08-09 08:06:40,270] {dag.py:2935} INFO - Setting next_dagrun for example_task_group_decorator to 2022-08-08T08:06:40.270550+00:00
[2022-08-09 08:06:40,285] {processor.py:171} INFO - Processing /home/airflow/.local/lib/python3.7/site-packages/airflow/example_dags/example_task_group_decorator.py took 0.365 seconds
[2022-08-09 08:07:11,213] {processor.py:163} INFO - Started process (PID=396) to work on /home/airflow/.local/lib/python3.7/site-packages/airflow/example_dags/example_task_group_decorator.py
[2022-08-09 08:07:11,215] {processor.py:642} INFO - Processing file /home/airflow/.local/lib/python3.7/site-packages/airflow/example_dags/example_task_group_decorator.py for tasks to queue
[2022-08-09 08:07:11,216] {logging_mixin.py:109} INFO - [2022-08-09 08:07:11,216] {dagbag.py:500} INFO - Filling up the DagBag from /home/airflow/.local/lib/python3.7/site-packages/airflow/example_dags/example_task_group_decorator.py
[2022-08-09 08:07:11,268] {processor.py:654} INFO - DAG(s) dict_keys(['example_task_group_decorator']) retrieved from /home/airflow/.local/lib/python3.7/site-packages/airflow/example_dags/example_task_group_decorator.py
[2022-08-09 08:07:11,562] {logging_mixin.py:109} INFO - [2022-08-09 08:07:11,562] {dag.py:2396} INFO - Sync 1 DAGs
[2022-08-09 08:07:11,595] {logging_mixin.py:109} INFO - [2022-08-09 08:07:11,595] {dag.py:2935} INFO - Setting next_dagrun for example_task_group_decorator to 2022-08-08T08:07:11.594793+00:00
[2022-08-09 08:07:11,616] {processor.py:171} INFO - Processing /home/airflow/.local/lib/python3.7/site-packages/airflow/example_dags/example_task_group_decorator.py took 0.407 seconds
[2022-08-09 08:07:41,788] {processor.py:163} INFO - Started process (PID=456) to work on /home/airflow/.local/lib/python3.7/site-packages/airflow/example_dags/example_task_group_decorator.py
[2022-08-09 08:07:41,790] {processor.py:642} INFO - Processing file /home/airflow/.local/lib/python3.7/site-packages/airflow/example_dags/example_task_group_decorator.py for tasks to queue
[2022-08-09 08:07:41,792] {logging_mixin.py:109} INFO - [2022-08-09 08:07:41,792] {dagbag.py:500} INFO - Filling up the DagBag from /home/airflow/.local/lib/python3.7/site-packages/airflow/example_dags/example_task_group_decorator.py
[2022-08-09 08:07:41,839] {processor.py:654} INFO - DAG(s) dict_keys(['example_task_group_decorator']) retrieved from /home/airflow/.local/lib/python3.7/site-packages/airflow/example_dags/example_task_group_decorator.py
[2022-08-09 08:07:42,136] {logging_mixin.py:109} INFO - [2022-08-09 08:07:42,135] {dag.py:2396} INFO - Sync 1 DAGs
[2022-08-09 08:07:42,152] {logging_mixin.py:109} INFO - [2022-08-09 08:07:42,152] {dag.py:2935} INFO - Setting next_dagrun for example_task_group_decorator to 2022-08-08T08:07:42.151785+00:00
[2022-08-09 08:07:42,187] {processor.py:171} INFO - Processing /home/airflow/.local/lib/python3.7/site-packages/airflow/example_dags/example_task_group_decorator.py took 0.403 seconds
[2022-08-09 08:08:12,705] {processor.py:163} INFO - Started process (PID=527) to work on /home/airflow/.local/lib/python3.7/site-packages/airflow/example_dags/example_task_group_decorator.py
[2022-08-09 08:08:12,708] {processor.py:642} INFO - Processing file /home/airflow/.local/lib/python3.7/site-packages/airflow/example_dags/example_task_group_decorator.py for tasks to queue
[2022-08-09 08:08:12,710] {logging_mixin.py:109} INFO - [2022-08-09 08:08:12,710] {dagbag.py:500} INFO - Filling up the DagBag from /home/airflow/.local/lib/python3.7/site-packages/airflow/example_dags/example_task_group_decorator.py
[2022-08-09 08:08:12,754] {processor.py:654} INFO - DAG(s) dict_keys(['example_task_group_decorator']) retrieved from /home/airflow/.local/lib/python3.7/site-packages/airflow/example_dags/example_task_group_decorator.py
[2022-08-09 08:08:13,031] {logging_mixin.py:109} INFO - [2022-08-09 08:08:13,031] {dag.py:2396} INFO - Sync 1 DAGs
[2022-08-09 08:08:13,049] {logging_mixin.py:109} INFO - [2022-08-09 08:08:13,049] {dag.py:2935} INFO - Setting next_dagrun for example_task_group_decorator to 2022-08-08T08:08:13.049221+00:00
[2022-08-09 08:08:13,063] {processor.py:171} INFO - Processing /home/airflow/.local/lib/python3.7/site-packages/airflow/example_dags/example_task_group_decorator.py took 0.365 seconds
[2022-08-09 08:08:43,649] {processor.py:163} INFO - Started process (PID=588) to work on /home/airflow/.local/lib/python3.7/site-packages/airflow/example_dags/example_task_group_decorator.py
[2022-08-09 08:08:43,652] {processor.py:642} INFO - Processing file /home/airflow/.local/lib/python3.7/site-packages/airflow/example_dags/example_task_group_decorator.py for tasks to queue
[2022-08-09 08:08:43,653] {logging_mixin.py:109} INFO - [2022-08-09 08:08:43,653] {dagbag.py:500} INFO - Filling up the DagBag from /home/airflow/.local/lib/python3.7/site-packages/airflow/example_dags/example_task_group_decorator.py
[2022-08-09 08:08:43,696] {processor.py:654} INFO - DAG(s) dict_keys(['example_task_group_decorator']) retrieved from /home/airflow/.local/lib/python3.7/site-packages/airflow/example_dags/example_task_group_decorator.py
[2022-08-09 08:08:43,960] {logging_mixin.py:109} INFO - [2022-08-09 08:08:43,960] {dag.py:2396} INFO - Sync 1 DAGs
[2022-08-09 08:08:43,979] {logging_mixin.py:109} INFO - [2022-08-09 08:08:43,978] {dag.py:2935} INFO - Setting next_dagrun for example_task_group_decorator to 2022-08-08T08:08:43.978581+00:00
[2022-08-09 08:08:43,999] {processor.py:171} INFO - Processing /home/airflow/.local/lib/python3.7/site-packages/airflow/example_dags/example_task_group_decorator.py took 0.354 seconds
[2022-08-09 08:09:14,771] {processor.py:163} INFO - Started process (PID=659) to work on /home/airflow/.local/lib/python3.7/site-packages/airflow/example_dags/example_task_group_decorator.py
[2022-08-09 08:09:14,773] {processor.py:642} INFO - Processing file /home/airflow/.local/lib/python3.7/site-packages/airflow/example_dags/example_task_group_decorator.py for tasks to queue
[2022-08-09 08:09:14,775] {logging_mixin.py:109} INFO - [2022-08-09 08:09:14,775] {dagbag.py:500} INFO - Filling up the DagBag from /home/airflow/.local/lib/python3.7/site-packages/airflow/example_dags/example_task_group_decorator.py
[2022-08-09 08:09:14,819] {processor.py:654} INFO - DAG(s) dict_keys(['example_task_group_decorator']) retrieved from /home/airflow/.local/lib/python3.7/site-packages/airflow/example_dags/example_task_group_decorator.py
[2022-08-09 08:09:15,095] {logging_mixin.py:109} INFO - [2022-08-09 08:09:15,095] {dag.py:2396} INFO - Sync 1 DAGs
[2022-08-09 08:09:15,109] {logging_mixin.py:109} INFO - [2022-08-09 08:09:15,109] {dag.py:2935} INFO - Setting next_dagrun for example_task_group_decorator to 2022-08-08T08:09:15.109682+00:00
[2022-08-09 08:09:15,122] {processor.py:171} INFO - Processing /home/airflow/.local/lib/python3.7/site-packages/airflow/example_dags/example_task_group_decorator.py took 0.357 seconds
[2022-08-09 08:09:45,658] {processor.py:163} INFO - Started process (PID=720) to work on /home/airflow/.local/lib/python3.7/site-packages/airflow/example_dags/example_task_group_decorator.py
[2022-08-09 08:09:45,660] {processor.py:642} INFO - Processing file /home/airflow/.local/lib/python3.7/site-packages/airflow/example_dags/example_task_group_decorator.py for tasks to queue
[2022-08-09 08:09:45,662] {logging_mixin.py:109} INFO - [2022-08-09 08:09:45,662] {dagbag.py:500} INFO - Filling up the DagBag from /home/airflow/.local/lib/python3.7/site-packages/airflow/example_dags/example_task_group_decorator.py
[2022-08-09 08:09:45,705] {processor.py:654} INFO - DAG(s) dict_keys(['example_task_group_decorator']) retrieved from /home/airflow/.local/lib/python3.7/site-packages/airflow/example_dags/example_task_group_decorator.py
[2022-08-09 08:09:45,972] {logging_mixin.py:109} INFO - [2022-08-09 08:09:45,972] {dag.py:2396} INFO - Sync 1 DAGs
[2022-08-09 08:09:45,987] {logging_mixin.py:109} INFO - [2022-08-09 08:09:45,987] {dag.py:2935} INFO - Setting next_dagrun for example_task_group_decorator to 2022-08-08T08:09:45.987027+00:00
[2022-08-09 08:09:46,000] {processor.py:171} INFO - Processing /home/airflow/.local/lib/python3.7/site-packages/airflow/example_dags/example_task_group_decorator.py took 0.348 seconds
[2022-08-09 08:10:16,153] {processor.py:163} INFO - Started process (PID=790) to work on /home/airflow/.local/lib/python3.7/site-packages/airflow/example_dags/example_task_group_decorator.py
[2022-08-09 08:10:16,155] {processor.py:642} INFO - Processing file /home/airflow/.local/lib/python3.7/site-packages/airflow/example_dags/example_task_group_decorator.py for tasks to queue
[2022-08-09 08:10:16,157] {logging_mixin.py:109} INFO - [2022-08-09 08:10:16,156] {dagbag.py:500} INFO - Filling up the DagBag from /home/airflow/.local/lib/python3.7/site-packages/airflow/example_dags/example_task_group_decorator.py
[2022-08-09 08:10:16,205] {processor.py:654} INFO - DAG(s) dict_keys(['example_task_group_decorator']) retrieved from /home/airflow/.local/lib/python3.7/site-packages/airflow/example_dags/example_task_group_decorator.py
[2022-08-09 08:10:16,483] {logging_mixin.py:109} INFO - [2022-08-09 08:10:16,483] {dag.py:2396} INFO - Sync 1 DAGs
[2022-08-09 08:10:16,501] {logging_mixin.py:109} INFO - [2022-08-09 08:10:16,501] {dag.py:2935} INFO - Setting next_dagrun for example_task_group_decorator to 2022-08-08T08:10:16.500967+00:00
[2022-08-09 08:10:16,517] {processor.py:171} INFO - Processing /home/airflow/.local/lib/python3.7/site-packages/airflow/example_dags/example_task_group_decorator.py took 0.370 seconds
[2022-08-09 08:10:46,999] {processor.py:163} INFO - Started process (PID=851) to work on /home/airflow/.local/lib/python3.7/site-packages/airflow/example_dags/example_task_group_decorator.py
[2022-08-09 08:10:47,001] {processor.py:642} INFO - Processing file /home/airflow/.local/lib/python3.7/site-packages/airflow/example_dags/example_task_group_decorator.py for tasks to queue
[2022-08-09 08:10:47,003] {logging_mixin.py:109} INFO - [2022-08-09 08:10:47,003] {dagbag.py:500} INFO - Filling up the DagBag from /home/airflow/.local/lib/python3.7/site-packages/airflow/example_dags/example_task_group_decorator.py
[2022-08-09 08:10:47,041] {processor.py:654} INFO - DAG(s) dict_keys(['example_task_group_decorator']) retrieved from /home/airflow/.local/lib/python3.7/site-packages/airflow/example_dags/example_task_group_decorator.py
[2022-08-09 08:10:47,315] {logging_mixin.py:109} INFO - [2022-08-09 08:10:47,314] {dag.py:2396} INFO - Sync 1 DAGs
[2022-08-09 08:10:47,327] {logging_mixin.py:109} INFO - [2022-08-09 08:10:47,327] {dag.py:2935} INFO - Setting next_dagrun for example_task_group_decorator to 2022-08-08T08:10:47.327520+00:00
[2022-08-09 08:10:47,341] {processor.py:171} INFO - Processing /home/airflow/.local/lib/python3.7/site-packages/airflow/example_dags/example_task_group_decorator.py took 0.345 seconds
[2022-08-09 08:11:17,784] {processor.py:163} INFO - Started process (PID=921) to work on /home/airflow/.local/lib/python3.7/site-packages/airflow/example_dags/example_task_group_decorator.py
[2022-08-09 08:11:17,786] {processor.py:642} INFO - Processing file /home/airflow/.local/lib/python3.7/site-packages/airflow/example_dags/example_task_group_decorator.py for tasks to queue
[2022-08-09 08:11:17,788] {logging_mixin.py:109} INFO - [2022-08-09 08:11:17,788] {dagbag.py:500} INFO - Filling up the DagBag from /home/airflow/.local/lib/python3.7/site-packages/airflow/example_dags/example_task_group_decorator.py
[2022-08-09 08:11:17,832] {processor.py:654} INFO - DAG(s) dict_keys(['example_task_group_decorator']) retrieved from /home/airflow/.local/lib/python3.7/site-packages/airflow/example_dags/example_task_group_decorator.py
[2022-08-09 08:11:18,297] {logging_mixin.py:109} INFO - [2022-08-09 08:11:18,297] {dag.py:2396} INFO - Sync 1 DAGs
[2022-08-09 08:11:18,316] {logging_mixin.py:109} INFO - [2022-08-09 08:11:18,315] {dag.py:2935} INFO - Setting next_dagrun for example_task_group_decorator to 2022-08-08T08:11:18.315666+00:00
[2022-08-09 08:11:18,335] {processor.py:171} INFO - Processing /home/airflow/.local/lib/python3.7/site-packages/airflow/example_dags/example_task_group_decorator.py took 0.555 seconds
[2022-08-09 08:11:48,483] {processor.py:163} INFO - Started process (PID=977) to work on /home/airflow/.local/lib/python3.7/site-packages/airflow/example_dags/example_task_group_decorator.py
[2022-08-09 08:11:48,485] {processor.py:642} INFO - Processing file /home/airflow/.local/lib/python3.7/site-packages/airflow/example_dags/example_task_group_decorator.py for tasks to queue
[2022-08-09 08:11:48,486] {logging_mixin.py:109} INFO - [2022-08-09 08:11:48,486] {dagbag.py:500} INFO - Filling up the DagBag from /home/airflow/.local/lib/python3.7/site-packages/airflow/example_dags/example_task_group_decorator.py
[2022-08-09 08:11:48,530] {processor.py:654} INFO - DAG(s) dict_keys(['example_task_group_decorator']) retrieved from /home/airflow/.local/lib/python3.7/site-packages/airflow/example_dags/example_task_group_decorator.py
[2022-08-09 08:11:48,797] {logging_mixin.py:109} INFO - [2022-08-09 08:11:48,797] {dag.py:2396} INFO - Sync 1 DAGs
[2022-08-09 08:11:48,812] {logging_mixin.py:109} INFO - [2022-08-09 08:11:48,812] {dag.py:2935} INFO - Setting next_dagrun for example_task_group_decorator to 2022-08-08T08:11:48.812528+00:00
[2022-08-09 08:11:48,828] {processor.py:171} INFO - Processing /home/airflow/.local/lib/python3.7/site-packages/airflow/example_dags/example_task_group_decorator.py took 0.351 seconds
[2022-08-09 08:12:18,942] {processor.py:163} INFO - Started process (PID=1046) to work on /home/airflow/.local/lib/python3.7/site-packages/airflow/example_dags/example_task_group_decorator.py
[2022-08-09 08:12:18,944] {processor.py:642} INFO - Processing file /home/airflow/.local/lib/python3.7/site-packages/airflow/example_dags/example_task_group_decorator.py for tasks to queue
[2022-08-09 08:12:18,946] {logging_mixin.py:109} INFO - [2022-08-09 08:12:18,945] {dagbag.py:500} INFO - Filling up the DagBag from /home/airflow/.local/lib/python3.7/site-packages/airflow/example_dags/example_task_group_decorator.py
[2022-08-09 08:12:18,984] {processor.py:654} INFO - DAG(s) dict_keys(['example_task_group_decorator']) retrieved from /home/airflow/.local/lib/python3.7/site-packages/airflow/example_dags/example_task_group_decorator.py
[2022-08-09 08:12:19,238] {logging_mixin.py:109} INFO - [2022-08-09 08:12:19,238] {dag.py:2396} INFO - Sync 1 DAGs
[2022-08-09 08:12:19,251] {logging_mixin.py:109} INFO - [2022-08-09 08:12:19,251] {dag.py:2935} INFO - Setting next_dagrun for example_task_group_decorator to 2022-08-08T08:12:19.250954+00:00
[2022-08-09 08:12:19,263] {processor.py:171} INFO - Processing /home/airflow/.local/lib/python3.7/site-packages/airflow/example_dags/example_task_group_decorator.py took 0.324 seconds
[2022-08-09 08:12:49,446] {processor.py:163} INFO - Started process (PID=1106) to work on /home/airflow/.local/lib/python3.7/site-packages/airflow/example_dags/example_task_group_decorator.py
[2022-08-09 08:12:49,448] {processor.py:642} INFO - Processing file /home/airflow/.local/lib/python3.7/site-packages/airflow/example_dags/example_task_group_decorator.py for tasks to queue
[2022-08-09 08:12:49,450] {logging_mixin.py:109} INFO - [2022-08-09 08:12:49,450] {dagbag.py:500} INFO - Filling up the DagBag from /home/airflow/.local/lib/python3.7/site-packages/airflow/example_dags/example_task_group_decorator.py
[2022-08-09 08:12:49,492] {processor.py:654} INFO - DAG(s) dict_keys(['example_task_group_decorator']) retrieved from /home/airflow/.local/lib/python3.7/site-packages/airflow/example_dags/example_task_group_decorator.py
[2022-08-09 08:12:49,754] {logging_mixin.py:109} INFO - [2022-08-09 08:12:49,754] {dag.py:2396} INFO - Sync 1 DAGs
[2022-08-09 08:12:49,768] {logging_mixin.py:109} INFO - [2022-08-09 08:12:49,768] {dag.py:2935} INFO - Setting next_dagrun for example_task_group_decorator to 2022-08-08T08:12:49.768470+00:00
[2022-08-09 08:12:49,782] {processor.py:171} INFO - Processing /home/airflow/.local/lib/python3.7/site-packages/airflow/example_dags/example_task_group_decorator.py took 0.339 seconds
[2022-08-09 08:13:20,040] {processor.py:163} INFO - Started process (PID=1174) to work on /home/airflow/.local/lib/python3.7/site-packages/airflow/example_dags/example_task_group_decorator.py
[2022-08-09 08:13:20,043] {processor.py:642} INFO - Processing file /home/airflow/.local/lib/python3.7/site-packages/airflow/example_dags/example_task_group_decorator.py for tasks to queue
[2022-08-09 08:13:20,044] {logging_mixin.py:109} INFO - [2022-08-09 08:13:20,044] {dagbag.py:500} INFO - Filling up the DagBag from /home/airflow/.local/lib/python3.7/site-packages/airflow/example_dags/example_task_group_decorator.py
[2022-08-09 08:13:20,095] {processor.py:654} INFO - DAG(s) dict_keys(['example_task_group_decorator']) retrieved from /home/airflow/.local/lib/python3.7/site-packages/airflow/example_dags/example_task_group_decorator.py
[2022-08-09 08:13:20,370] {logging_mixin.py:109} INFO - [2022-08-09 08:13:20,370] {dag.py:2396} INFO - Sync 1 DAGs
[2022-08-09 08:13:20,387] {logging_mixin.py:109} INFO - [2022-08-09 08:13:20,387] {dag.py:2935} INFO - Setting next_dagrun for example_task_group_decorator to 2022-08-08T08:13:20.386773+00:00
[2022-08-09 08:13:20,414] {processor.py:171} INFO - Processing /home/airflow/.local/lib/python3.7/site-packages/airflow/example_dags/example_task_group_decorator.py took 0.378 seconds
[2022-08-09 08:13:50,845] {processor.py:163} INFO - Started process (PID=1237) to work on /home/airflow/.local/lib/python3.7/site-packages/airflow/example_dags/example_task_group_decorator.py
[2022-08-09 08:13:50,848] {processor.py:642} INFO - Processing file /home/airflow/.local/lib/python3.7/site-packages/airflow/example_dags/example_task_group_decorator.py for tasks to queue
[2022-08-09 08:13:50,850] {logging_mixin.py:109} INFO - [2022-08-09 08:13:50,850] {dagbag.py:500} INFO - Filling up the DagBag from /home/airflow/.local/lib/python3.7/site-packages/airflow/example_dags/example_task_group_decorator.py
[2022-08-09 08:13:50,901] {processor.py:654} INFO - DAG(s) dict_keys(['example_task_group_decorator']) retrieved from /home/airflow/.local/lib/python3.7/site-packages/airflow/example_dags/example_task_group_decorator.py
[2022-08-09 08:13:51,192] {logging_mixin.py:109} INFO - [2022-08-09 08:13:51,191] {dag.py:2396} INFO - Sync 1 DAGs
[2022-08-09 08:13:51,211] {logging_mixin.py:109} INFO - [2022-08-09 08:13:51,211] {dag.py:2935} INFO - Setting next_dagrun for example_task_group_decorator to 2022-08-08T08:13:51.210941+00:00
[2022-08-09 08:13:51,228] {processor.py:171} INFO - Processing /home/airflow/.local/lib/python3.7/site-packages/airflow/example_dags/example_task_group_decorator.py took 0.388 seconds
[2022-08-09 08:14:21,611] {processor.py:163} INFO - Started process (PID=1297) to work on /home/airflow/.local/lib/python3.7/site-packages/airflow/example_dags/example_task_group_decorator.py
[2022-08-09 08:14:21,614] {processor.py:642} INFO - Processing file /home/airflow/.local/lib/python3.7/site-packages/airflow/example_dags/example_task_group_decorator.py for tasks to queue
[2022-08-09 08:14:21,616] {logging_mixin.py:109} INFO - [2022-08-09 08:14:21,616] {dagbag.py:500} INFO - Filling up the DagBag from /home/airflow/.local/lib/python3.7/site-packages/airflow/example_dags/example_task_group_decorator.py
[2022-08-09 08:14:21,671] {processor.py:654} INFO - DAG(s) dict_keys(['example_task_group_decorator']) retrieved from /home/airflow/.local/lib/python3.7/site-packages/airflow/example_dags/example_task_group_decorator.py
[2022-08-09 08:14:22,038] {logging_mixin.py:109} INFO - [2022-08-09 08:14:22,038] {dag.py:2396} INFO - Sync 1 DAGs
[2022-08-09 08:14:22,060] {logging_mixin.py:109} INFO - [2022-08-09 08:14:22,060] {dag.py:2935} INFO - Setting next_dagrun for example_task_group_decorator to 2022-08-08T08:14:22.059731+00:00
[2022-08-09 08:14:22,090] {processor.py:171} INFO - Processing /home/airflow/.local/lib/python3.7/site-packages/airflow/example_dags/example_task_group_decorator.py took 0.483 seconds
[2022-08-09 08:14:52,566] {processor.py:163} INFO - Started process (PID=1366) to work on /home/airflow/.local/lib/python3.7/site-packages/airflow/example_dags/example_task_group_decorator.py
[2022-08-09 08:14:52,570] {processor.py:642} INFO - Processing file /home/airflow/.local/lib/python3.7/site-packages/airflow/example_dags/example_task_group_decorator.py for tasks to queue
[2022-08-09 08:14:52,572] {logging_mixin.py:109} INFO - [2022-08-09 08:14:52,572] {dagbag.py:500} INFO - Filling up the DagBag from /home/airflow/.local/lib/python3.7/site-packages/airflow/example_dags/example_task_group_decorator.py
[2022-08-09 08:14:52,617] {processor.py:654} INFO - DAG(s) dict_keys(['example_task_group_decorator']) retrieved from /home/airflow/.local/lib/python3.7/site-packages/airflow/example_dags/example_task_group_decorator.py
[2022-08-09 08:14:52,899] {logging_mixin.py:109} INFO - [2022-08-09 08:14:52,899] {dag.py:2396} INFO - Sync 1 DAGs
[2022-08-09 08:14:52,914] {logging_mixin.py:109} INFO - [2022-08-09 08:14:52,914] {dag.py:2935} INFO - Setting next_dagrun for example_task_group_decorator to 2022-08-08T08:14:52.914429+00:00
[2022-08-09 08:14:52,930] {processor.py:171} INFO - Processing /home/airflow/.local/lib/python3.7/site-packages/airflow/example_dags/example_task_group_decorator.py took 0.368 seconds
[2022-08-09 08:15:23,393] {processor.py:163} INFO - Started process (PID=1426) to work on /home/airflow/.local/lib/python3.7/site-packages/airflow/example_dags/example_task_group_decorator.py
[2022-08-09 08:15:23,400] {processor.py:642} INFO - Processing file /home/airflow/.local/lib/python3.7/site-packages/airflow/example_dags/example_task_group_decorator.py for tasks to queue
[2022-08-09 08:15:23,401] {logging_mixin.py:109} INFO - [2022-08-09 08:15:23,401] {dagbag.py:500} INFO - Filling up the DagBag from /home/airflow/.local/lib/python3.7/site-packages/airflow/example_dags/example_task_group_decorator.py
[2022-08-09 08:15:23,451] {processor.py:654} INFO - DAG(s) dict_keys(['example_task_group_decorator']) retrieved from /home/airflow/.local/lib/python3.7/site-packages/airflow/example_dags/example_task_group_decorator.py
[2022-08-09 08:15:23,726] {logging_mixin.py:109} INFO - [2022-08-09 08:15:23,726] {dag.py:2396} INFO - Sync 1 DAGs
[2022-08-09 08:15:23,743] {logging_mixin.py:109} INFO - [2022-08-09 08:15:23,743] {dag.py:2935} INFO - Setting next_dagrun for example_task_group_decorator to 2022-08-08T08:15:23.743226+00:00
[2022-08-09 08:15:23,759] {processor.py:171} INFO - Processing /home/airflow/.local/lib/python3.7/site-packages/airflow/example_dags/example_task_group_decorator.py took 0.369 seconds
[2022-08-09 08:15:54,098] {processor.py:163} INFO - Started process (PID=1497) to work on /home/airflow/.local/lib/python3.7/site-packages/airflow/example_dags/example_task_group_decorator.py
[2022-08-09 08:15:54,100] {processor.py:642} INFO - Processing file /home/airflow/.local/lib/python3.7/site-packages/airflow/example_dags/example_task_group_decorator.py for tasks to queue
[2022-08-09 08:15:54,101] {logging_mixin.py:109} INFO - [2022-08-09 08:15:54,101] {dagbag.py:500} INFO - Filling up the DagBag from /home/airflow/.local/lib/python3.7/site-packages/airflow/example_dags/example_task_group_decorator.py
[2022-08-09 08:15:54,142] {processor.py:654} INFO - DAG(s) dict_keys(['example_task_group_decorator']) retrieved from /home/airflow/.local/lib/python3.7/site-packages/airflow/example_dags/example_task_group_decorator.py
[2022-08-09 08:15:54,390] {logging_mixin.py:109} INFO - [2022-08-09 08:15:54,390] {dag.py:2396} INFO - Sync 1 DAGs
[2022-08-09 08:15:54,403] {logging_mixin.py:109} INFO - [2022-08-09 08:15:54,403] {dag.py:2935} INFO - Setting next_dagrun for example_task_group_decorator to 2022-08-08T08:15:54.403568+00:00
[2022-08-09 08:15:54,417] {processor.py:171} INFO - Processing /home/airflow/.local/lib/python3.7/site-packages/airflow/example_dags/example_task_group_decorator.py took 0.322 seconds
[2022-08-09 08:16:24,502] {processor.py:163} INFO - Started process (PID=1556) to work on /home/airflow/.local/lib/python3.7/site-packages/airflow/example_dags/example_task_group_decorator.py
[2022-08-09 08:16:24,504] {processor.py:642} INFO - Processing file /home/airflow/.local/lib/python3.7/site-packages/airflow/example_dags/example_task_group_decorator.py for tasks to queue
[2022-08-09 08:16:24,506] {logging_mixin.py:109} INFO - [2022-08-09 08:16:24,506] {dagbag.py:500} INFO - Filling up the DagBag from /home/airflow/.local/lib/python3.7/site-packages/airflow/example_dags/example_task_group_decorator.py
[2022-08-09 08:16:24,544] {processor.py:654} INFO - DAG(s) dict_keys(['example_task_group_decorator']) retrieved from /home/airflow/.local/lib/python3.7/site-packages/airflow/example_dags/example_task_group_decorator.py
[2022-08-09 08:16:24,804] {logging_mixin.py:109} INFO - [2022-08-09 08:16:24,804] {dag.py:2396} INFO - Sync 1 DAGs
[2022-08-09 08:16:24,818] {logging_mixin.py:109} INFO - [2022-08-09 08:16:24,818] {dag.py:2935} INFO - Setting next_dagrun for example_task_group_decorator to 2022-08-08T08:16:24.818064+00:00
[2022-08-09 08:16:24,829] {processor.py:171} INFO - Processing /home/airflow/.local/lib/python3.7/site-packages/airflow/example_dags/example_task_group_decorator.py took 0.331 seconds
[2022-08-09 08:16:55,174] {processor.py:163} INFO - Started process (PID=1625) to work on /home/airflow/.local/lib/python3.7/site-packages/airflow/example_dags/example_task_group_decorator.py
[2022-08-09 08:16:55,176] {processor.py:642} INFO - Processing file /home/airflow/.local/lib/python3.7/site-packages/airflow/example_dags/example_task_group_decorator.py for tasks to queue
[2022-08-09 08:16:55,178] {logging_mixin.py:109} INFO - [2022-08-09 08:16:55,177] {dagbag.py:500} INFO - Filling up the DagBag from /home/airflow/.local/lib/python3.7/site-packages/airflow/example_dags/example_task_group_decorator.py
[2022-08-09 08:16:55,219] {processor.py:654} INFO - DAG(s) dict_keys(['example_task_group_decorator']) retrieved from /home/airflow/.local/lib/python3.7/site-packages/airflow/example_dags/example_task_group_decorator.py
[2022-08-09 08:16:55,473] {logging_mixin.py:109} INFO - [2022-08-09 08:16:55,473] {dag.py:2396} INFO - Sync 1 DAGs
[2022-08-09 08:16:55,487] {logging_mixin.py:109} INFO - [2022-08-09 08:16:55,487] {dag.py:2935} INFO - Setting next_dagrun for example_task_group_decorator to 2022-08-08T08:16:55.487194+00:00
[2022-08-09 08:16:55,501] {processor.py:171} INFO - Processing /home/airflow/.local/lib/python3.7/site-packages/airflow/example_dags/example_task_group_decorator.py took 0.331 seconds
[2022-08-09 08:17:25,571] {processor.py:163} INFO - Started process (PID=1685) to work on /home/airflow/.local/lib/python3.7/site-packages/airflow/example_dags/example_task_group_decorator.py
[2022-08-09 08:17:25,573] {processor.py:642} INFO - Processing file /home/airflow/.local/lib/python3.7/site-packages/airflow/example_dags/example_task_group_decorator.py for tasks to queue
[2022-08-09 08:17:25,574] {logging_mixin.py:109} INFO - [2022-08-09 08:17:25,574] {dagbag.py:500} INFO - Filling up the DagBag from /home/airflow/.local/lib/python3.7/site-packages/airflow/example_dags/example_task_group_decorator.py
[2022-08-09 08:17:25,619] {processor.py:654} INFO - DAG(s) dict_keys(['example_task_group_decorator']) retrieved from /home/airflow/.local/lib/python3.7/site-packages/airflow/example_dags/example_task_group_decorator.py
[2022-08-09 08:17:25,892] {logging_mixin.py:109} INFO - [2022-08-09 08:17:25,892] {dag.py:2396} INFO - Sync 1 DAGs
[2022-08-09 08:17:25,906] {logging_mixin.py:109} INFO - [2022-08-09 08:17:25,906] {dag.py:2935} INFO - Setting next_dagrun for example_task_group_decorator to 2022-08-08T08:17:25.906258+00:00
[2022-08-09 08:17:25,920] {processor.py:171} INFO - Processing /home/airflow/.local/lib/python3.7/site-packages/airflow/example_dags/example_task_group_decorator.py took 0.353 seconds
[2022-08-09 08:17:56,018] {processor.py:163} INFO - Started process (PID=1754) to work on /home/airflow/.local/lib/python3.7/site-packages/airflow/example_dags/example_task_group_decorator.py
[2022-08-09 08:17:56,020] {processor.py:642} INFO - Processing file /home/airflow/.local/lib/python3.7/site-packages/airflow/example_dags/example_task_group_decorator.py for tasks to queue
[2022-08-09 08:17:56,022] {logging_mixin.py:109} INFO - [2022-08-09 08:17:56,021] {dagbag.py:500} INFO - Filling up the DagBag from /home/airflow/.local/lib/python3.7/site-packages/airflow/example_dags/example_task_group_decorator.py
[2022-08-09 08:17:56,067] {processor.py:654} INFO - DAG(s) dict_keys(['example_task_group_decorator']) retrieved from /home/airflow/.local/lib/python3.7/site-packages/airflow/example_dags/example_task_group_decorator.py
[2022-08-09 08:17:56,323] {logging_mixin.py:109} INFO - [2022-08-09 08:17:56,323] {dag.py:2396} INFO - Sync 1 DAGs
[2022-08-09 08:17:56,339] {logging_mixin.py:109} INFO - [2022-08-09 08:17:56,339] {dag.py:2935} INFO - Setting next_dagrun for example_task_group_decorator to 2022-08-08T08:17:56.338960+00:00
[2022-08-09 08:17:56,353] {processor.py:171} INFO - Processing /home/airflow/.local/lib/python3.7/site-packages/airflow/example_dags/example_task_group_decorator.py took 0.339 seconds
[2022-08-09 08:18:26,575] {processor.py:163} INFO - Started process (PID=1814) to work on /home/airflow/.local/lib/python3.7/site-packages/airflow/example_dags/example_task_group_decorator.py
[2022-08-09 08:18:26,577] {processor.py:642} INFO - Processing file /home/airflow/.local/lib/python3.7/site-packages/airflow/example_dags/example_task_group_decorator.py for tasks to queue
[2022-08-09 08:18:26,578] {logging_mixin.py:109} INFO - [2022-08-09 08:18:26,578] {dagbag.py:500} INFO - Filling up the DagBag from /home/airflow/.local/lib/python3.7/site-packages/airflow/example_dags/example_task_group_decorator.py
[2022-08-09 08:18:26,620] {processor.py:654} INFO - DAG(s) dict_keys(['example_task_group_decorator']) retrieved from /home/airflow/.local/lib/python3.7/site-packages/airflow/example_dags/example_task_group_decorator.py
[2022-08-09 08:18:26,882] {logging_mixin.py:109} INFO - [2022-08-09 08:18:26,882] {dag.py:2396} INFO - Sync 1 DAGs
[2022-08-09 08:18:26,898] {logging_mixin.py:109} INFO - [2022-08-09 08:18:26,898] {dag.py:2935} INFO - Setting next_dagrun for example_task_group_decorator to 2022-08-08T08:18:26.898047+00:00
[2022-08-09 08:18:26,958] {processor.py:171} INFO - Processing /home/airflow/.local/lib/python3.7/site-packages/airflow/example_dags/example_task_group_decorator.py took 0.391 seconds
[2022-08-09 08:18:57,097] {processor.py:163} INFO - Started process (PID=1884) to work on /home/airflow/.local/lib/python3.7/site-packages/airflow/example_dags/example_task_group_decorator.py
[2022-08-09 08:18:57,100] {processor.py:642} INFO - Processing file /home/airflow/.local/lib/python3.7/site-packages/airflow/example_dags/example_task_group_decorator.py for tasks to queue
[2022-08-09 08:18:57,102] {logging_mixin.py:109} INFO - [2022-08-09 08:18:57,102] {dagbag.py:500} INFO - Filling up the DagBag from /home/airflow/.local/lib/python3.7/site-packages/airflow/example_dags/example_task_group_decorator.py
[2022-08-09 08:18:57,142] {processor.py:654} INFO - DAG(s) dict_keys(['example_task_group_decorator']) retrieved from /home/airflow/.local/lib/python3.7/site-packages/airflow/example_dags/example_task_group_decorator.py
[2022-08-09 08:18:57,422] {logging_mixin.py:109} INFO - [2022-08-09 08:18:57,422] {dag.py:2396} INFO - Sync 1 DAGs
[2022-08-09 08:18:57,437] {logging_mixin.py:109} INFO - [2022-08-09 08:18:57,437] {dag.py:2935} INFO - Setting next_dagrun for example_task_group_decorator to 2022-08-08T08:18:57.437389+00:00
[2022-08-09 08:18:57,449] {processor.py:171} INFO - Processing /home/airflow/.local/lib/python3.7/site-packages/airflow/example_dags/example_task_group_decorator.py took 0.359 seconds
[2022-08-09 08:19:27,588] {processor.py:163} INFO - Started process (PID=1944) to work on /home/airflow/.local/lib/python3.7/site-packages/airflow/example_dags/example_task_group_decorator.py
[2022-08-09 08:19:27,590] {processor.py:642} INFO - Processing file /home/airflow/.local/lib/python3.7/site-packages/airflow/example_dags/example_task_group_decorator.py for tasks to queue
[2022-08-09 08:19:27,592] {logging_mixin.py:109} INFO - [2022-08-09 08:19:27,592] {dagbag.py:500} INFO - Filling up the DagBag from /home/airflow/.local/lib/python3.7/site-packages/airflow/example_dags/example_task_group_decorator.py
[2022-08-09 08:19:27,635] {processor.py:654} INFO - DAG(s) dict_keys(['example_task_group_decorator']) retrieved from /home/airflow/.local/lib/python3.7/site-packages/airflow/example_dags/example_task_group_decorator.py
[2022-08-09 08:19:27,878] {logging_mixin.py:109} INFO - [2022-08-09 08:19:27,878] {dag.py:2396} INFO - Sync 1 DAGs
[2022-08-09 08:19:27,899] {logging_mixin.py:109} INFO - [2022-08-09 08:19:27,899] {dag.py:2935} INFO - Setting next_dagrun for example_task_group_decorator to 2022-08-08T08:19:27.899113+00:00
[2022-08-09 08:19:27,913] {processor.py:171} INFO - Processing /home/airflow/.local/lib/python3.7/site-packages/airflow/example_dags/example_task_group_decorator.py took 0.328 seconds
[2022-08-09 08:19:58,133] {processor.py:163} INFO - Started process (PID=2013) to work on /home/airflow/.local/lib/python3.7/site-packages/airflow/example_dags/example_task_group_decorator.py
[2022-08-09 08:19:58,135] {processor.py:642} INFO - Processing file /home/airflow/.local/lib/python3.7/site-packages/airflow/example_dags/example_task_group_decorator.py for tasks to queue
[2022-08-09 08:19:58,136] {logging_mixin.py:109} INFO - [2022-08-09 08:19:58,136] {dagbag.py:500} INFO - Filling up the DagBag from /home/airflow/.local/lib/python3.7/site-packages/airflow/example_dags/example_task_group_decorator.py
[2022-08-09 08:19:58,271] {processor.py:654} INFO - DAG(s) dict_keys(['example_task_group_decorator']) retrieved from /home/airflow/.local/lib/python3.7/site-packages/airflow/example_dags/example_task_group_decorator.py
[2022-08-09 08:19:58,451] {logging_mixin.py:109} INFO - [2022-08-09 08:19:58,450] {dag.py:2396} INFO - Sync 1 DAGs
[2022-08-09 08:19:58,464] {logging_mixin.py:109} INFO - [2022-08-09 08:19:58,464] {dag.py:2935} INFO - Setting next_dagrun for example_task_group_decorator to 2022-08-08T08:19:58.464433+00:00
[2022-08-09 08:19:58,478] {processor.py:171} INFO - Processing /home/airflow/.local/lib/python3.7/site-packages/airflow/example_dags/example_task_group_decorator.py took 0.350 seconds
[2022-08-09 08:20:28,872] {processor.py:163} INFO - Started process (PID=2073) to work on /home/airflow/.local/lib/python3.7/site-packages/airflow/example_dags/example_task_group_decorator.py
[2022-08-09 08:20:28,875] {processor.py:642} INFO - Processing file /home/airflow/.local/lib/python3.7/site-packages/airflow/example_dags/example_task_group_decorator.py for tasks to queue
[2022-08-09 08:20:28,876] {logging_mixin.py:109} INFO - [2022-08-09 08:20:28,876] {dagbag.py:500} INFO - Filling up the DagBag from /home/airflow/.local/lib/python3.7/site-packages/airflow/example_dags/example_task_group_decorator.py
[2022-08-09 08:20:29,009] {processor.py:654} INFO - DAG(s) dict_keys(['example_task_group_decorator']) retrieved from /home/airflow/.local/lib/python3.7/site-packages/airflow/example_dags/example_task_group_decorator.py
[2022-08-09 08:20:29,175] {logging_mixin.py:109} INFO - [2022-08-09 08:20:29,175] {dag.py:2396} INFO - Sync 1 DAGs
[2022-08-09 08:20:29,191] {logging_mixin.py:109} INFO - [2022-08-09 08:20:29,191] {dag.py:2935} INFO - Setting next_dagrun for example_task_group_decorator to 2022-08-08T08:20:29.191005+00:00
[2022-08-09 08:20:29,203] {processor.py:171} INFO - Processing /home/airflow/.local/lib/python3.7/site-packages/airflow/example_dags/example_task_group_decorator.py took 0.336 seconds
[2022-08-09 08:20:59,346] {processor.py:163} INFO - Started process (PID=2143) to work on /home/airflow/.local/lib/python3.7/site-packages/airflow/example_dags/example_task_group_decorator.py
[2022-08-09 08:20:59,348] {processor.py:642} INFO - Processing file /home/airflow/.local/lib/python3.7/site-packages/airflow/example_dags/example_task_group_decorator.py for tasks to queue
[2022-08-09 08:20:59,349] {logging_mixin.py:109} INFO - [2022-08-09 08:20:59,349] {dagbag.py:500} INFO - Filling up the DagBag from /home/airflow/.local/lib/python3.7/site-packages/airflow/example_dags/example_task_group_decorator.py
[2022-08-09 08:20:59,478] {processor.py:654} INFO - DAG(s) dict_keys(['example_task_group_decorator']) retrieved from /home/airflow/.local/lib/python3.7/site-packages/airflow/example_dags/example_task_group_decorator.py
[2022-08-09 08:20:59,693] {logging_mixin.py:109} INFO - [2022-08-09 08:20:59,693] {dag.py:2396} INFO - Sync 1 DAGs
[2022-08-09 08:20:59,712] {logging_mixin.py:109} INFO - [2022-08-09 08:20:59,712] {dag.py:2935} INFO - Setting next_dagrun for example_task_group_decorator to 2022-08-08T08:20:59.712290+00:00
[2022-08-09 08:20:59,726] {processor.py:171} INFO - Processing /home/airflow/.local/lib/python3.7/site-packages/airflow/example_dags/example_task_group_decorator.py took 0.384 seconds
[2022-08-09 08:21:30,061] {processor.py:163} INFO - Started process (PID=2204) to work on /home/airflow/.local/lib/python3.7/site-packages/airflow/example_dags/example_task_group_decorator.py
[2022-08-09 08:21:30,063] {processor.py:642} INFO - Processing file /home/airflow/.local/lib/python3.7/site-packages/airflow/example_dags/example_task_group_decorator.py for tasks to queue
[2022-08-09 08:21:30,064] {logging_mixin.py:109} INFO - [2022-08-09 08:21:30,064] {dagbag.py:500} INFO - Filling up the DagBag from /home/airflow/.local/lib/python3.7/site-packages/airflow/example_dags/example_task_group_decorator.py
[2022-08-09 08:21:30,202] {processor.py:654} INFO - DAG(s) dict_keys(['example_task_group_decorator']) retrieved from /home/airflow/.local/lib/python3.7/site-packages/airflow/example_dags/example_task_group_decorator.py
[2022-08-09 08:21:30,366] {logging_mixin.py:109} INFO - [2022-08-09 08:21:30,366] {dag.py:2396} INFO - Sync 1 DAGs
[2022-08-09 08:21:30,380] {logging_mixin.py:109} INFO - [2022-08-09 08:21:30,380] {dag.py:2935} INFO - Setting next_dagrun for example_task_group_decorator to 2022-08-08T08:21:30.380039+00:00
[2022-08-09 08:21:30,393] {processor.py:171} INFO - Processing /home/airflow/.local/lib/python3.7/site-packages/airflow/example_dags/example_task_group_decorator.py took 0.337 seconds
[2022-08-09 08:22:00,585] {processor.py:163} INFO - Started process (PID=2272) to work on /home/airflow/.local/lib/python3.7/site-packages/airflow/example_dags/example_task_group_decorator.py
[2022-08-09 08:22:00,587] {processor.py:642} INFO - Processing file /home/airflow/.local/lib/python3.7/site-packages/airflow/example_dags/example_task_group_decorator.py for tasks to queue
[2022-08-09 08:22:00,589] {logging_mixin.py:109} INFO - [2022-08-09 08:22:00,588] {dagbag.py:500} INFO - Filling up the DagBag from /home/airflow/.local/lib/python3.7/site-packages/airflow/example_dags/example_task_group_decorator.py
[2022-08-09 08:22:00,723] {processor.py:654} INFO - DAG(s) dict_keys(['example_task_group_decorator']) retrieved from /home/airflow/.local/lib/python3.7/site-packages/airflow/example_dags/example_task_group_decorator.py
[2022-08-09 08:22:00,924] {logging_mixin.py:109} INFO - [2022-08-09 08:22:00,924] {dag.py:2396} INFO - Sync 1 DAGs
[2022-08-09 08:22:00,940] {logging_mixin.py:109} INFO - [2022-08-09 08:22:00,940] {dag.py:2935} INFO - Setting next_dagrun for example_task_group_decorator to 2022-08-08T08:22:00.939945+00:00
[2022-08-09 08:22:00,953] {processor.py:171} INFO - Processing /home/airflow/.local/lib/python3.7/site-packages/airflow/example_dags/example_task_group_decorator.py took 0.372 seconds
[2022-08-09 08:22:31,230] {processor.py:163} INFO - Started process (PID=2332) to work on /home/airflow/.local/lib/python3.7/site-packages/airflow/example_dags/example_task_group_decorator.py
[2022-08-09 08:22:31,232] {processor.py:642} INFO - Processing file /home/airflow/.local/lib/python3.7/site-packages/airflow/example_dags/example_task_group_decorator.py for tasks to queue
[2022-08-09 08:22:31,235] {logging_mixin.py:109} INFO - [2022-08-09 08:22:31,234] {dagbag.py:500} INFO - Filling up the DagBag from /home/airflow/.local/lib/python3.7/site-packages/airflow/example_dags/example_task_group_decorator.py
[2022-08-09 08:22:31,366] {processor.py:654} INFO - DAG(s) dict_keys(['example_task_group_decorator']) retrieved from /home/airflow/.local/lib/python3.7/site-packages/airflow/example_dags/example_task_group_decorator.py
[2022-08-09 08:22:31,553] {logging_mixin.py:109} INFO - [2022-08-09 08:22:31,553] {dag.py:2396} INFO - Sync 1 DAGs
[2022-08-09 08:22:31,576] {logging_mixin.py:109} INFO - [2022-08-09 08:22:31,576] {dag.py:2935} INFO - Setting next_dagrun for example_task_group_decorator to 2022-08-08T08:22:31.576120+00:00
[2022-08-09 08:22:31,588] {processor.py:171} INFO - Processing /home/airflow/.local/lib/python3.7/site-packages/airflow/example_dags/example_task_group_decorator.py took 0.364 seconds
[2022-08-09 08:23:01,895] {processor.py:163} INFO - Started process (PID=2392) to work on /home/airflow/.local/lib/python3.7/site-packages/airflow/example_dags/example_task_group_decorator.py
[2022-08-09 08:23:01,899] {processor.py:642} INFO - Processing file /home/airflow/.local/lib/python3.7/site-packages/airflow/example_dags/example_task_group_decorator.py for tasks to queue
[2022-08-09 08:23:01,900] {logging_mixin.py:109} INFO - [2022-08-09 08:23:01,900] {dagbag.py:500} INFO - Filling up the DagBag from /home/airflow/.local/lib/python3.7/site-packages/airflow/example_dags/example_task_group_decorator.py
[2022-08-09 08:23:01,944] {processor.py:654} INFO - DAG(s) dict_keys(['example_task_group_decorator']) retrieved from /home/airflow/.local/lib/python3.7/site-packages/airflow/example_dags/example_task_group_decorator.py
[2022-08-09 08:23:02,137] {logging_mixin.py:109} INFO - [2022-08-09 08:23:02,137] {dag.py:2396} INFO - Sync 1 DAGs
[2022-08-09 08:23:02,154] {logging_mixin.py:109} INFO - [2022-08-09 08:23:02,154] {dag.py:2935} INFO - Setting next_dagrun for example_task_group_decorator to 2022-08-08T08:23:02.153743+00:00
[2022-08-09 08:23:02,174] {processor.py:171} INFO - Processing /home/airflow/.local/lib/python3.7/site-packages/airflow/example_dags/example_task_group_decorator.py took 0.283 seconds
[2022-08-09 08:23:32,317] {processor.py:163} INFO - Started process (PID=2463) to work on /home/airflow/.local/lib/python3.7/site-packages/airflow/example_dags/example_task_group_decorator.py
[2022-08-09 08:23:32,320] {processor.py:642} INFO - Processing file /home/airflow/.local/lib/python3.7/site-packages/airflow/example_dags/example_task_group_decorator.py for tasks to queue
[2022-08-09 08:23:32,322] {logging_mixin.py:109} INFO - [2022-08-09 08:23:32,322] {dagbag.py:500} INFO - Filling up the DagBag from /home/airflow/.local/lib/python3.7/site-packages/airflow/example_dags/example_task_group_decorator.py
[2022-08-09 08:23:32,369] {processor.py:654} INFO - DAG(s) dict_keys(['example_task_group_decorator']) retrieved from /home/airflow/.local/lib/python3.7/site-packages/airflow/example_dags/example_task_group_decorator.py
[2022-08-09 08:23:32,573] {logging_mixin.py:109} INFO - [2022-08-09 08:23:32,572] {dag.py:2396} INFO - Sync 1 DAGs
[2022-08-09 08:23:32,591] {logging_mixin.py:109} INFO - [2022-08-09 08:23:32,591] {dag.py:2935} INFO - Setting next_dagrun for example_task_group_decorator to 2022-08-08T08:23:32.590871+00:00
[2022-08-09 08:23:32,606] {processor.py:171} INFO - Processing /home/airflow/.local/lib/python3.7/site-packages/airflow/example_dags/example_task_group_decorator.py took 0.294 seconds
[2022-08-09 08:24:02,731] {processor.py:163} INFO - Started process (PID=2523) to work on /home/airflow/.local/lib/python3.7/site-packages/airflow/example_dags/example_task_group_decorator.py
[2022-08-09 08:24:02,733] {processor.py:642} INFO - Processing file /home/airflow/.local/lib/python3.7/site-packages/airflow/example_dags/example_task_group_decorator.py for tasks to queue
[2022-08-09 08:24:02,734] {logging_mixin.py:109} INFO - [2022-08-09 08:24:02,734] {dagbag.py:500} INFO - Filling up the DagBag from /home/airflow/.local/lib/python3.7/site-packages/airflow/example_dags/example_task_group_decorator.py
[2022-08-09 08:24:02,775] {processor.py:654} INFO - DAG(s) dict_keys(['example_task_group_decorator']) retrieved from /home/airflow/.local/lib/python3.7/site-packages/airflow/example_dags/example_task_group_decorator.py
[2022-08-09 08:24:02,955] {logging_mixin.py:109} INFO - [2022-08-09 08:24:02,955] {dag.py:2396} INFO - Sync 1 DAGs
[2022-08-09 08:24:02,976] {logging_mixin.py:109} INFO - [2022-08-09 08:24:02,976] {dag.py:2935} INFO - Setting next_dagrun for example_task_group_decorator to 2022-08-08T08:24:02.976083+00:00
[2022-08-09 08:24:02,996] {processor.py:171} INFO - Processing /home/airflow/.local/lib/python3.7/site-packages/airflow/example_dags/example_task_group_decorator.py took 0.269 seconds
[2022-08-09 08:24:33,128] {processor.py:163} INFO - Started process (PID=2594) to work on /home/airflow/.local/lib/python3.7/site-packages/airflow/example_dags/example_task_group_decorator.py
[2022-08-09 08:24:33,130] {processor.py:642} INFO - Processing file /home/airflow/.local/lib/python3.7/site-packages/airflow/example_dags/example_task_group_decorator.py for tasks to queue
[2022-08-09 08:24:33,132] {logging_mixin.py:109} INFO - [2022-08-09 08:24:33,132] {dagbag.py:500} INFO - Filling up the DagBag from /home/airflow/.local/lib/python3.7/site-packages/airflow/example_dags/example_task_group_decorator.py
[2022-08-09 08:24:33,175] {processor.py:654} INFO - DAG(s) dict_keys(['example_task_group_decorator']) retrieved from /home/airflow/.local/lib/python3.7/site-packages/airflow/example_dags/example_task_group_decorator.py
[2022-08-09 08:24:33,360] {logging_mixin.py:109} INFO - [2022-08-09 08:24:33,360] {dag.py:2396} INFO - Sync 1 DAGs
[2022-08-09 08:24:33,377] {logging_mixin.py:109} INFO - [2022-08-09 08:24:33,377] {dag.py:2935} INFO - Setting next_dagrun for example_task_group_decorator to 2022-08-08T08:24:33.376876+00:00
[2022-08-09 08:24:33,391] {processor.py:171} INFO - Processing /home/airflow/.local/lib/python3.7/site-packages/airflow/example_dags/example_task_group_decorator.py took 0.268 seconds
[2022-08-09 08:25:04,128] {processor.py:163} INFO - Started process (PID=2654) to work on /home/airflow/.local/lib/python3.7/site-packages/airflow/example_dags/example_task_group_decorator.py
[2022-08-09 08:25:04,130] {processor.py:642} INFO - Processing file /home/airflow/.local/lib/python3.7/site-packages/airflow/example_dags/example_task_group_decorator.py for tasks to queue
[2022-08-09 08:25:04,132] {logging_mixin.py:109} INFO - [2022-08-09 08:25:04,132] {dagbag.py:500} INFO - Filling up the DagBag from /home/airflow/.local/lib/python3.7/site-packages/airflow/example_dags/example_task_group_decorator.py
[2022-08-09 08:25:04,173] {processor.py:654} INFO - DAG(s) dict_keys(['example_task_group_decorator']) retrieved from /home/airflow/.local/lib/python3.7/site-packages/airflow/example_dags/example_task_group_decorator.py
[2022-08-09 08:25:04,371] {logging_mixin.py:109} INFO - [2022-08-09 08:25:04,371] {dag.py:2396} INFO - Sync 1 DAGs
[2022-08-09 08:25:04,387] {logging_mixin.py:109} INFO - [2022-08-09 08:25:04,387] {dag.py:2935} INFO - Setting next_dagrun for example_task_group_decorator to 2022-08-08T08:25:04.386122+00:00
[2022-08-09 08:25:04,401] {processor.py:171} INFO - Processing /home/airflow/.local/lib/python3.7/site-packages/airflow/example_dags/example_task_group_decorator.py took 0.277 seconds
[2022-08-09 08:25:34,646] {processor.py:163} INFO - Started process (PID=2724) to work on /home/airflow/.local/lib/python3.7/site-packages/airflow/example_dags/example_task_group_decorator.py
[2022-08-09 08:25:34,648] {processor.py:642} INFO - Processing file /home/airflow/.local/lib/python3.7/site-packages/airflow/example_dags/example_task_group_decorator.py for tasks to queue
[2022-08-09 08:25:34,649] {logging_mixin.py:109} INFO - [2022-08-09 08:25:34,649] {dagbag.py:500} INFO - Filling up the DagBag from /home/airflow/.local/lib/python3.7/site-packages/airflow/example_dags/example_task_group_decorator.py
[2022-08-09 08:25:34,692] {processor.py:654} INFO - DAG(s) dict_keys(['example_task_group_decorator']) retrieved from /home/airflow/.local/lib/python3.7/site-packages/airflow/example_dags/example_task_group_decorator.py
[2022-08-09 08:25:34,872] {logging_mixin.py:109} INFO - [2022-08-09 08:25:34,872] {dag.py:2396} INFO - Sync 1 DAGs
[2022-08-09 08:25:34,886] {logging_mixin.py:109} INFO - [2022-08-09 08:25:34,886] {dag.py:2935} INFO - Setting next_dagrun for example_task_group_decorator to 2022-08-08T08:25:34.886463+00:00
[2022-08-09 08:25:34,899] {processor.py:171} INFO - Processing /home/airflow/.local/lib/python3.7/site-packages/airflow/example_dags/example_task_group_decorator.py took 0.257 seconds
[2022-08-09 08:26:04,945] {processor.py:163} INFO - Started process (PID=2784) to work on /home/airflow/.local/lib/python3.7/site-packages/airflow/example_dags/example_task_group_decorator.py
[2022-08-09 08:26:04,947] {processor.py:642} INFO - Processing file /home/airflow/.local/lib/python3.7/site-packages/airflow/example_dags/example_task_group_decorator.py for tasks to queue
[2022-08-09 08:26:04,948] {logging_mixin.py:109} INFO - [2022-08-09 08:26:04,948] {dagbag.py:500} INFO - Filling up the DagBag from /home/airflow/.local/lib/python3.7/site-packages/airflow/example_dags/example_task_group_decorator.py
[2022-08-09 08:26:04,994] {processor.py:654} INFO - DAG(s) dict_keys(['example_task_group_decorator']) retrieved from /home/airflow/.local/lib/python3.7/site-packages/airflow/example_dags/example_task_group_decorator.py
[2022-08-09 08:26:05,176] {logging_mixin.py:109} INFO - [2022-08-09 08:26:05,175] {dag.py:2396} INFO - Sync 1 DAGs
[2022-08-09 08:26:05,191] {logging_mixin.py:109} INFO - [2022-08-09 08:26:05,191] {dag.py:2935} INFO - Setting next_dagrun for example_task_group_decorator to 2022-08-08T08:26:05.190900+00:00
[2022-08-09 08:26:05,209] {processor.py:171} INFO - Processing /home/airflow/.local/lib/python3.7/site-packages/airflow/example_dags/example_task_group_decorator.py took 0.267 seconds
[2022-08-09 08:26:35,267] {processor.py:163} INFO - Started process (PID=2852) to work on /home/airflow/.local/lib/python3.7/site-packages/airflow/example_dags/example_task_group_decorator.py
[2022-08-09 08:26:35,270] {processor.py:642} INFO - Processing file /home/airflow/.local/lib/python3.7/site-packages/airflow/example_dags/example_task_group_decorator.py for tasks to queue
[2022-08-09 08:26:35,272] {logging_mixin.py:109} INFO - [2022-08-09 08:26:35,272] {dagbag.py:500} INFO - Filling up the DagBag from /home/airflow/.local/lib/python3.7/site-packages/airflow/example_dags/example_task_group_decorator.py
[2022-08-09 08:26:35,316] {processor.py:654} INFO - DAG(s) dict_keys(['example_task_group_decorator']) retrieved from /home/airflow/.local/lib/python3.7/site-packages/airflow/example_dags/example_task_group_decorator.py
[2022-08-09 08:26:35,493] {logging_mixin.py:109} INFO - [2022-08-09 08:26:35,493] {dag.py:2396} INFO - Sync 1 DAGs
[2022-08-09 08:26:35,507] {logging_mixin.py:109} INFO - [2022-08-09 08:26:35,507] {dag.py:2935} INFO - Setting next_dagrun for example_task_group_decorator to 2022-08-08T08:26:35.507364+00:00
[2022-08-09 08:26:35,520] {processor.py:171} INFO - Processing /home/airflow/.local/lib/python3.7/site-packages/airflow/example_dags/example_task_group_decorator.py took 0.258 seconds
[2022-08-09 08:27:05,913] {processor.py:163} INFO - Started process (PID=2914) to work on /home/airflow/.local/lib/python3.7/site-packages/airflow/example_dags/example_task_group_decorator.py
[2022-08-09 08:27:05,916] {processor.py:642} INFO - Processing file /home/airflow/.local/lib/python3.7/site-packages/airflow/example_dags/example_task_group_decorator.py for tasks to queue
[2022-08-09 08:27:05,918] {logging_mixin.py:109} INFO - [2022-08-09 08:27:05,918] {dagbag.py:500} INFO - Filling up the DagBag from /home/airflow/.local/lib/python3.7/site-packages/airflow/example_dags/example_task_group_decorator.py
[2022-08-09 08:27:05,958] {processor.py:654} INFO - DAG(s) dict_keys(['example_task_group_decorator']) retrieved from /home/airflow/.local/lib/python3.7/site-packages/airflow/example_dags/example_task_group_decorator.py
[2022-08-09 08:27:06,138] {logging_mixin.py:109} INFO - [2022-08-09 08:27:06,138] {dag.py:2396} INFO - Sync 1 DAGs
[2022-08-09 08:27:06,156] {logging_mixin.py:109} INFO - [2022-08-09 08:27:06,156] {dag.py:2935} INFO - Setting next_dagrun for example_task_group_decorator to 2022-08-08T08:27:06.155950+00:00
[2022-08-09 08:27:06,172] {processor.py:171} INFO - Processing /home/airflow/.local/lib/python3.7/site-packages/airflow/example_dags/example_task_group_decorator.py took 0.265 seconds
[2022-08-09 08:27:36,219] {processor.py:163} INFO - Started process (PID=2984) to work on /home/airflow/.local/lib/python3.7/site-packages/airflow/example_dags/example_task_group_decorator.py
[2022-08-09 08:27:36,221] {processor.py:642} INFO - Processing file /home/airflow/.local/lib/python3.7/site-packages/airflow/example_dags/example_task_group_decorator.py for tasks to queue
[2022-08-09 08:27:36,223] {logging_mixin.py:109} INFO - [2022-08-09 08:27:36,223] {dagbag.py:500} INFO - Filling up the DagBag from /home/airflow/.local/lib/python3.7/site-packages/airflow/example_dags/example_task_group_decorator.py
[2022-08-09 08:27:36,282] {processor.py:654} INFO - DAG(s) dict_keys(['example_task_group_decorator']) retrieved from /home/airflow/.local/lib/python3.7/site-packages/airflow/example_dags/example_task_group_decorator.py
[2022-08-09 08:27:36,514] {logging_mixin.py:109} INFO - [2022-08-09 08:27:36,514] {dag.py:2396} INFO - Sync 1 DAGs
[2022-08-09 08:27:36,531] {logging_mixin.py:109} INFO - [2022-08-09 08:27:36,530] {dag.py:2935} INFO - Setting next_dagrun for example_task_group_decorator to 2022-08-08T08:27:36.530702+00:00
[2022-08-09 08:27:36,544] {processor.py:171} INFO - Processing /home/airflow/.local/lib/python3.7/site-packages/airflow/example_dags/example_task_group_decorator.py took 0.329 seconds
[2022-08-09 08:28:06,656] {processor.py:163} INFO - Started process (PID=3045) to work on /home/airflow/.local/lib/python3.7/site-packages/airflow/example_dags/example_task_group_decorator.py
[2022-08-09 08:28:06,658] {processor.py:642} INFO - Processing file /home/airflow/.local/lib/python3.7/site-packages/airflow/example_dags/example_task_group_decorator.py for tasks to queue
[2022-08-09 08:28:06,660] {logging_mixin.py:109} INFO - [2022-08-09 08:28:06,660] {dagbag.py:500} INFO - Filling up the DagBag from /home/airflow/.local/lib/python3.7/site-packages/airflow/example_dags/example_task_group_decorator.py
[2022-08-09 08:28:06,703] {processor.py:654} INFO - DAG(s) dict_keys(['example_task_group_decorator']) retrieved from /home/airflow/.local/lib/python3.7/site-packages/airflow/example_dags/example_task_group_decorator.py
[2022-08-09 08:28:06,880] {logging_mixin.py:109} INFO - [2022-08-09 08:28:06,879] {dag.py:2396} INFO - Sync 1 DAGs
[2022-08-09 08:28:06,895] {logging_mixin.py:109} INFO - [2022-08-09 08:28:06,895] {dag.py:2935} INFO - Setting next_dagrun for example_task_group_decorator to 2022-08-08T08:28:06.894855+00:00
[2022-08-09 08:28:06,916] {processor.py:171} INFO - Processing /home/airflow/.local/lib/python3.7/site-packages/airflow/example_dags/example_task_group_decorator.py took 0.263 seconds
[2022-08-09 08:28:37,162] {processor.py:163} INFO - Started process (PID=3113) to work on /home/airflow/.local/lib/python3.7/site-packages/airflow/example_dags/example_task_group_decorator.py
[2022-08-09 08:28:37,164] {processor.py:642} INFO - Processing file /home/airflow/.local/lib/python3.7/site-packages/airflow/example_dags/example_task_group_decorator.py for tasks to queue
[2022-08-09 08:28:37,166] {logging_mixin.py:109} INFO - [2022-08-09 08:28:37,166] {dagbag.py:500} INFO - Filling up the DagBag from /home/airflow/.local/lib/python3.7/site-packages/airflow/example_dags/example_task_group_decorator.py
[2022-08-09 08:28:37,217] {processor.py:654} INFO - DAG(s) dict_keys(['example_task_group_decorator']) retrieved from /home/airflow/.local/lib/python3.7/site-packages/airflow/example_dags/example_task_group_decorator.py
[2022-08-09 08:28:37,441] {logging_mixin.py:109} INFO - [2022-08-09 08:28:37,440] {dag.py:2396} INFO - Sync 1 DAGs
[2022-08-09 08:28:37,464] {logging_mixin.py:109} INFO - [2022-08-09 08:28:37,464] {dag.py:2935} INFO - Setting next_dagrun for example_task_group_decorator to 2022-08-08T08:28:37.464019+00:00
[2022-08-09 08:28:37,480] {processor.py:171} INFO - Processing /home/airflow/.local/lib/python3.7/site-packages/airflow/example_dags/example_task_group_decorator.py took 0.321 seconds
[2022-08-09 08:29:07,702] {processor.py:163} INFO - Started process (PID=3173) to work on /home/airflow/.local/lib/python3.7/site-packages/airflow/example_dags/example_task_group_decorator.py
[2022-08-09 08:29:07,704] {processor.py:642} INFO - Processing file /home/airflow/.local/lib/python3.7/site-packages/airflow/example_dags/example_task_group_decorator.py for tasks to queue
[2022-08-09 08:29:07,706] {logging_mixin.py:109} INFO - [2022-08-09 08:29:07,705] {dagbag.py:500} INFO - Filling up the DagBag from /home/airflow/.local/lib/python3.7/site-packages/airflow/example_dags/example_task_group_decorator.py
[2022-08-09 08:29:07,753] {processor.py:654} INFO - DAG(s) dict_keys(['example_task_group_decorator']) retrieved from /home/airflow/.local/lib/python3.7/site-packages/airflow/example_dags/example_task_group_decorator.py
[2022-08-09 08:29:07,946] {logging_mixin.py:109} INFO - [2022-08-09 08:29:07,946] {dag.py:2396} INFO - Sync 1 DAGs
[2022-08-09 08:29:07,970] {logging_mixin.py:109} INFO - [2022-08-09 08:29:07,970] {dag.py:2935} INFO - Setting next_dagrun for example_task_group_decorator to 2022-08-08T08:29:07.970447+00:00
[2022-08-09 08:29:07,988] {processor.py:171} INFO - Processing /home/airflow/.local/lib/python3.7/site-packages/airflow/example_dags/example_task_group_decorator.py took 0.292 seconds
[2022-08-09 08:29:38,058] {processor.py:163} INFO - Started process (PID=3233) to work on /home/airflow/.local/lib/python3.7/site-packages/airflow/example_dags/example_task_group_decorator.py
[2022-08-09 08:29:38,061] {processor.py:642} INFO - Processing file /home/airflow/.local/lib/python3.7/site-packages/airflow/example_dags/example_task_group_decorator.py for tasks to queue
[2022-08-09 08:29:38,062] {logging_mixin.py:109} INFO - [2022-08-09 08:29:38,062] {dagbag.py:500} INFO - Filling up the DagBag from /home/airflow/.local/lib/python3.7/site-packages/airflow/example_dags/example_task_group_decorator.py
[2022-08-09 08:29:38,125] {processor.py:654} INFO - DAG(s) dict_keys(['example_task_group_decorator']) retrieved from /home/airflow/.local/lib/python3.7/site-packages/airflow/example_dags/example_task_group_decorator.py
[2022-08-09 08:29:38,309] {logging_mixin.py:109} INFO - [2022-08-09 08:29:38,309] {dag.py:2396} INFO - Sync 1 DAGs
[2022-08-09 08:29:38,325] {logging_mixin.py:109} INFO - [2022-08-09 08:29:38,325] {dag.py:2935} INFO - Setting next_dagrun for example_task_group_decorator to 2022-08-08T08:29:38.324997+00:00
[2022-08-09 08:29:38,339] {processor.py:171} INFO - Processing /home/airflow/.local/lib/python3.7/site-packages/airflow/example_dags/example_task_group_decorator.py took 0.288 seconds
[2022-08-09 08:30:08,597] {processor.py:163} INFO - Started process (PID=3302) to work on /home/airflow/.local/lib/python3.7/site-packages/airflow/example_dags/example_task_group_decorator.py
[2022-08-09 08:30:08,600] {processor.py:642} INFO - Processing file /home/airflow/.local/lib/python3.7/site-packages/airflow/example_dags/example_task_group_decorator.py for tasks to queue
[2022-08-09 08:30:08,602] {logging_mixin.py:109} INFO - [2022-08-09 08:30:08,602] {dagbag.py:500} INFO - Filling up the DagBag from /home/airflow/.local/lib/python3.7/site-packages/airflow/example_dags/example_task_group_decorator.py
[2022-08-09 08:30:08,656] {processor.py:654} INFO - DAG(s) dict_keys(['example_task_group_decorator']) retrieved from /home/airflow/.local/lib/python3.7/site-packages/airflow/example_dags/example_task_group_decorator.py
[2022-08-09 08:30:08,866] {logging_mixin.py:109} INFO - [2022-08-09 08:30:08,865] {dag.py:2396} INFO - Sync 1 DAGs
[2022-08-09 08:30:08,883] {logging_mixin.py:109} INFO - [2022-08-09 08:30:08,882] {dag.py:2935} INFO - Setting next_dagrun for example_task_group_decorator to 2022-08-08T08:30:08.882671+00:00
[2022-08-09 08:30:08,899] {processor.py:171} INFO - Processing /home/airflow/.local/lib/python3.7/site-packages/airflow/example_dags/example_task_group_decorator.py took 0.305 seconds
[2022-08-09 08:30:38,941] {processor.py:163} INFO - Started process (PID=3361) to work on /home/airflow/.local/lib/python3.7/site-packages/airflow/example_dags/example_task_group_decorator.py
[2022-08-09 08:30:38,943] {processor.py:642} INFO - Processing file /home/airflow/.local/lib/python3.7/site-packages/airflow/example_dags/example_task_group_decorator.py for tasks to queue
[2022-08-09 08:30:38,945] {logging_mixin.py:109} INFO - [2022-08-09 08:30:38,945] {dagbag.py:500} INFO - Filling up the DagBag from /home/airflow/.local/lib/python3.7/site-packages/airflow/example_dags/example_task_group_decorator.py
[2022-08-09 08:30:38,987] {processor.py:654} INFO - DAG(s) dict_keys(['example_task_group_decorator']) retrieved from /home/airflow/.local/lib/python3.7/site-packages/airflow/example_dags/example_task_group_decorator.py
[2022-08-09 08:30:39,156] {logging_mixin.py:109} INFO - [2022-08-09 08:30:39,156] {dag.py:2396} INFO - Sync 1 DAGs
[2022-08-09 08:30:39,172] {logging_mixin.py:109} INFO - [2022-08-09 08:30:39,172] {dag.py:2935} INFO - Setting next_dagrun for example_task_group_decorator to 2022-08-08T08:30:39.171711+00:00
[2022-08-09 08:30:39,186] {processor.py:171} INFO - Processing /home/airflow/.local/lib/python3.7/site-packages/airflow/example_dags/example_task_group_decorator.py took 0.251 seconds
[2022-08-09 08:31:09,504] {processor.py:163} INFO - Started process (PID=3431) to work on /home/airflow/.local/lib/python3.7/site-packages/airflow/example_dags/example_task_group_decorator.py
[2022-08-09 08:31:09,506] {processor.py:642} INFO - Processing file /home/airflow/.local/lib/python3.7/site-packages/airflow/example_dags/example_task_group_decorator.py for tasks to queue
[2022-08-09 08:31:09,507] {logging_mixin.py:109} INFO - [2022-08-09 08:31:09,507] {dagbag.py:500} INFO - Filling up the DagBag from /home/airflow/.local/lib/python3.7/site-packages/airflow/example_dags/example_task_group_decorator.py
[2022-08-09 08:31:09,552] {processor.py:654} INFO - DAG(s) dict_keys(['example_task_group_decorator']) retrieved from /home/airflow/.local/lib/python3.7/site-packages/airflow/example_dags/example_task_group_decorator.py
[2022-08-09 08:31:09,740] {logging_mixin.py:109} INFO - [2022-08-09 08:31:09,740] {dag.py:2396} INFO - Sync 1 DAGs
[2022-08-09 08:31:09,757] {logging_mixin.py:109} INFO - [2022-08-09 08:31:09,757] {dag.py:2935} INFO - Setting next_dagrun for example_task_group_decorator to 2022-08-08T08:31:09.756733+00:00
[2022-08-09 08:31:09,769] {processor.py:171} INFO - Processing /home/airflow/.local/lib/python3.7/site-packages/airflow/example_dags/example_task_group_decorator.py took 0.270 seconds
[2022-08-09 08:31:39,797] {processor.py:163} INFO - Started process (PID=3491) to work on /home/airflow/.local/lib/python3.7/site-packages/airflow/example_dags/example_task_group_decorator.py
[2022-08-09 08:31:39,799] {processor.py:642} INFO - Processing file /home/airflow/.local/lib/python3.7/site-packages/airflow/example_dags/example_task_group_decorator.py for tasks to queue
[2022-08-09 08:31:39,801] {logging_mixin.py:109} INFO - [2022-08-09 08:31:39,800] {dagbag.py:500} INFO - Filling up the DagBag from /home/airflow/.local/lib/python3.7/site-packages/airflow/example_dags/example_task_group_decorator.py
[2022-08-09 08:31:39,840] {processor.py:654} INFO - DAG(s) dict_keys(['example_task_group_decorator']) retrieved from /home/airflow/.local/lib/python3.7/site-packages/airflow/example_dags/example_task_group_decorator.py
[2022-08-09 08:31:40,023] {logging_mixin.py:109} INFO - [2022-08-09 08:31:40,023] {dag.py:2396} INFO - Sync 1 DAGs
[2022-08-09 08:31:40,041] {logging_mixin.py:109} INFO - [2022-08-09 08:31:40,041] {dag.py:2935} INFO - Setting next_dagrun for example_task_group_decorator to 2022-08-08T08:31:40.040826+00:00
[2022-08-09 08:31:40,054] {processor.py:171} INFO - Processing /home/airflow/.local/lib/python3.7/site-packages/airflow/example_dags/example_task_group_decorator.py took 0.260 seconds
[2022-08-09 08:32:10,858] {processor.py:163} INFO - Started process (PID=3563) to work on /home/airflow/.local/lib/python3.7/site-packages/airflow/example_dags/example_task_group_decorator.py
[2022-08-09 08:32:10,860] {processor.py:642} INFO - Processing file /home/airflow/.local/lib/python3.7/site-packages/airflow/example_dags/example_task_group_decorator.py for tasks to queue
[2022-08-09 08:32:10,862] {logging_mixin.py:109} INFO - [2022-08-09 08:32:10,862] {dagbag.py:500} INFO - Filling up the DagBag from /home/airflow/.local/lib/python3.7/site-packages/airflow/example_dags/example_task_group_decorator.py
[2022-08-09 08:32:10,910] {processor.py:654} INFO - DAG(s) dict_keys(['example_task_group_decorator']) retrieved from /home/airflow/.local/lib/python3.7/site-packages/airflow/example_dags/example_task_group_decorator.py
[2022-08-09 08:32:11,111] {logging_mixin.py:109} INFO - [2022-08-09 08:32:11,111] {dag.py:2396} INFO - Sync 1 DAGs
[2022-08-09 08:32:11,129] {logging_mixin.py:109} INFO - [2022-08-09 08:32:11,129] {dag.py:2935} INFO - Setting next_dagrun for example_task_group_decorator to 2022-08-08T08:32:11.128974+00:00
[2022-08-09 08:32:11,143] {processor.py:171} INFO - Processing /home/airflow/.local/lib/python3.7/site-packages/airflow/example_dags/example_task_group_decorator.py took 0.291 seconds
[2022-08-09 08:32:41,833] {processor.py:163} INFO - Started process (PID=3624) to work on /home/airflow/.local/lib/python3.7/site-packages/airflow/example_dags/example_task_group_decorator.py
[2022-08-09 08:32:41,835] {processor.py:642} INFO - Processing file /home/airflow/.local/lib/python3.7/site-packages/airflow/example_dags/example_task_group_decorator.py for tasks to queue
[2022-08-09 08:32:41,837] {logging_mixin.py:109} INFO - [2022-08-09 08:32:41,836] {dagbag.py:500} INFO - Filling up the DagBag from /home/airflow/.local/lib/python3.7/site-packages/airflow/example_dags/example_task_group_decorator.py
[2022-08-09 08:32:41,883] {processor.py:654} INFO - DAG(s) dict_keys(['example_task_group_decorator']) retrieved from /home/airflow/.local/lib/python3.7/site-packages/airflow/example_dags/example_task_group_decorator.py
[2022-08-09 08:32:42,072] {logging_mixin.py:109} INFO - [2022-08-09 08:32:42,072] {dag.py:2396} INFO - Sync 1 DAGs
[2022-08-09 08:32:42,092] {logging_mixin.py:109} INFO - [2022-08-09 08:32:42,092] {dag.py:2935} INFO - Setting next_dagrun for example_task_group_decorator to 2022-08-08T08:32:42.091811+00:00
[2022-08-09 08:32:42,109] {processor.py:171} INFO - Processing /home/airflow/.local/lib/python3.7/site-packages/airflow/example_dags/example_task_group_decorator.py took 0.280 seconds
[2022-08-09 08:33:12,585] {processor.py:163} INFO - Started process (PID=3693) to work on /home/airflow/.local/lib/python3.7/site-packages/airflow/example_dags/example_task_group_decorator.py
[2022-08-09 08:33:12,587] {processor.py:642} INFO - Processing file /home/airflow/.local/lib/python3.7/site-packages/airflow/example_dags/example_task_group_decorator.py for tasks to queue
[2022-08-09 08:33:12,588] {logging_mixin.py:109} INFO - [2022-08-09 08:33:12,588] {dagbag.py:500} INFO - Filling up the DagBag from /home/airflow/.local/lib/python3.7/site-packages/airflow/example_dags/example_task_group_decorator.py
[2022-08-09 08:33:12,640] {processor.py:654} INFO - DAG(s) dict_keys(['example_task_group_decorator']) retrieved from /home/airflow/.local/lib/python3.7/site-packages/airflow/example_dags/example_task_group_decorator.py
[2022-08-09 08:33:12,811] {logging_mixin.py:109} INFO - [2022-08-09 08:33:12,811] {dag.py:2396} INFO - Sync 1 DAGs
[2022-08-09 08:33:12,828] {logging_mixin.py:109} INFO - [2022-08-09 08:33:12,828] {dag.py:2935} INFO - Setting next_dagrun for example_task_group_decorator to 2022-08-08T08:33:12.827940+00:00
[2022-08-09 08:33:12,842] {processor.py:171} INFO - Processing /home/airflow/.local/lib/python3.7/site-packages/airflow/example_dags/example_task_group_decorator.py took 0.261 seconds
[2022-08-09 08:33:42,930] {processor.py:163} INFO - Started process (PID=3755) to work on /home/airflow/.local/lib/python3.7/site-packages/airflow/example_dags/example_task_group_decorator.py
[2022-08-09 08:33:42,933] {processor.py:642} INFO - Processing file /home/airflow/.local/lib/python3.7/site-packages/airflow/example_dags/example_task_group_decorator.py for tasks to queue
[2022-08-09 08:33:42,934] {logging_mixin.py:109} INFO - [2022-08-09 08:33:42,934] {dagbag.py:500} INFO - Filling up the DagBag from /home/airflow/.local/lib/python3.7/site-packages/airflow/example_dags/example_task_group_decorator.py
[2022-08-09 08:33:42,977] {processor.py:654} INFO - DAG(s) dict_keys(['example_task_group_decorator']) retrieved from /home/airflow/.local/lib/python3.7/site-packages/airflow/example_dags/example_task_group_decorator.py
[2022-08-09 08:33:43,181] {logging_mixin.py:109} INFO - [2022-08-09 08:33:43,181] {dag.py:2396} INFO - Sync 1 DAGs
[2022-08-09 08:33:43,208] {logging_mixin.py:109} INFO - [2022-08-09 08:33:43,208] {dag.py:2935} INFO - Setting next_dagrun for example_task_group_decorator to 2022-08-08T08:33:43.207993+00:00
[2022-08-09 08:33:43,220] {processor.py:171} INFO - Processing /home/airflow/.local/lib/python3.7/site-packages/airflow/example_dags/example_task_group_decorator.py took 0.297 seconds
[2022-08-09 08:34:13,439] {processor.py:163} INFO - Started process (PID=3824) to work on /home/airflow/.local/lib/python3.7/site-packages/airflow/example_dags/example_task_group_decorator.py
[2022-08-09 08:34:13,441] {processor.py:642} INFO - Processing file /home/airflow/.local/lib/python3.7/site-packages/airflow/example_dags/example_task_group_decorator.py for tasks to queue
[2022-08-09 08:34:13,442] {logging_mixin.py:109} INFO - [2022-08-09 08:34:13,442] {dagbag.py:500} INFO - Filling up the DagBag from /home/airflow/.local/lib/python3.7/site-packages/airflow/example_dags/example_task_group_decorator.py
[2022-08-09 08:34:13,489] {processor.py:654} INFO - DAG(s) dict_keys(['example_task_group_decorator']) retrieved from /home/airflow/.local/lib/python3.7/site-packages/airflow/example_dags/example_task_group_decorator.py
[2022-08-09 08:34:13,663] {logging_mixin.py:109} INFO - [2022-08-09 08:34:13,663] {dag.py:2396} INFO - Sync 1 DAGs
[2022-08-09 08:34:13,680] {logging_mixin.py:109} INFO - [2022-08-09 08:34:13,680] {dag.py:2935} INFO - Setting next_dagrun for example_task_group_decorator to 2022-08-08T08:34:13.680269+00:00
[2022-08-09 08:34:13,696] {processor.py:171} INFO - Processing /home/airflow/.local/lib/python3.7/site-packages/airflow/example_dags/example_task_group_decorator.py took 0.261 seconds
[2022-08-09 08:34:43,918] {processor.py:163} INFO - Started process (PID=3884) to work on /home/airflow/.local/lib/python3.7/site-packages/airflow/example_dags/example_task_group_decorator.py
[2022-08-09 08:34:43,920] {processor.py:642} INFO - Processing file /home/airflow/.local/lib/python3.7/site-packages/airflow/example_dags/example_task_group_decorator.py for tasks to queue
[2022-08-09 08:34:43,922] {logging_mixin.py:109} INFO - [2022-08-09 08:34:43,922] {dagbag.py:500} INFO - Filling up the DagBag from /home/airflow/.local/lib/python3.7/site-packages/airflow/example_dags/example_task_group_decorator.py
[2022-08-09 08:34:43,962] {processor.py:654} INFO - DAG(s) dict_keys(['example_task_group_decorator']) retrieved from /home/airflow/.local/lib/python3.7/site-packages/airflow/example_dags/example_task_group_decorator.py
[2022-08-09 08:34:44,143] {logging_mixin.py:109} INFO - [2022-08-09 08:34:44,143] {dag.py:2396} INFO - Sync 1 DAGs
[2022-08-09 08:34:44,157] {logging_mixin.py:109} INFO - [2022-08-09 08:34:44,157] {dag.py:2935} INFO - Setting next_dagrun for example_task_group_decorator to 2022-08-08T08:34:44.157480+00:00
[2022-08-09 08:34:44,170] {processor.py:171} INFO - Processing /home/airflow/.local/lib/python3.7/site-packages/airflow/example_dags/example_task_group_decorator.py took 0.257 seconds
[2022-08-09 08:35:14,231] {processor.py:163} INFO - Started process (PID=3953) to work on /home/airflow/.local/lib/python3.7/site-packages/airflow/example_dags/example_task_group_decorator.py
[2022-08-09 08:35:14,234] {processor.py:642} INFO - Processing file /home/airflow/.local/lib/python3.7/site-packages/airflow/example_dags/example_task_group_decorator.py for tasks to queue
[2022-08-09 08:35:14,236] {logging_mixin.py:109} INFO - [2022-08-09 08:35:14,236] {dagbag.py:500} INFO - Filling up the DagBag from /home/airflow/.local/lib/python3.7/site-packages/airflow/example_dags/example_task_group_decorator.py
[2022-08-09 08:35:14,291] {processor.py:654} INFO - DAG(s) dict_keys(['example_task_group_decorator']) retrieved from /home/airflow/.local/lib/python3.7/site-packages/airflow/example_dags/example_task_group_decorator.py
[2022-08-09 08:35:14,467] {logging_mixin.py:109} INFO - [2022-08-09 08:35:14,467] {dag.py:2396} INFO - Sync 1 DAGs
[2022-08-09 08:35:14,483] {logging_mixin.py:109} INFO - [2022-08-09 08:35:14,483] {dag.py:2935} INFO - Setting next_dagrun for example_task_group_decorator to 2022-08-08T08:35:14.482903+00:00
[2022-08-09 08:35:14,497] {processor.py:171} INFO - Processing /home/airflow/.local/lib/python3.7/site-packages/airflow/example_dags/example_task_group_decorator.py took 0.269 seconds
[2022-08-09 08:35:45,015] {processor.py:163} INFO - Started process (PID=4013) to work on /home/airflow/.local/lib/python3.7/site-packages/airflow/example_dags/example_task_group_decorator.py
[2022-08-09 08:35:45,018] {processor.py:642} INFO - Processing file /home/airflow/.local/lib/python3.7/site-packages/airflow/example_dags/example_task_group_decorator.py for tasks to queue
[2022-08-09 08:35:45,020] {logging_mixin.py:109} INFO - [2022-08-09 08:35:45,020] {dagbag.py:500} INFO - Filling up the DagBag from /home/airflow/.local/lib/python3.7/site-packages/airflow/example_dags/example_task_group_decorator.py
[2022-08-09 08:35:45,134] {processor.py:654} INFO - DAG(s) dict_keys(['example_task_group_decorator']) retrieved from /home/airflow/.local/lib/python3.7/site-packages/airflow/example_dags/example_task_group_decorator.py
[2022-08-09 08:35:45,505] {logging_mixin.py:109} INFO - [2022-08-09 08:35:45,505] {dag.py:2396} INFO - Sync 1 DAGs
[2022-08-09 08:35:45,570] {logging_mixin.py:109} INFO - [2022-08-09 08:35:45,570] {dag.py:2935} INFO - Setting next_dagrun for example_task_group_decorator to 2022-08-08T08:35:45.569781+00:00
[2022-08-09 08:35:45,596] {processor.py:171} INFO - Processing /home/airflow/.local/lib/python3.7/site-packages/airflow/example_dags/example_task_group_decorator.py took 0.587 seconds
[2022-08-09 08:36:15,742] {processor.py:163} INFO - Started process (PID=4073) to work on /home/airflow/.local/lib/python3.7/site-packages/airflow/example_dags/example_task_group_decorator.py
[2022-08-09 08:36:15,746] {processor.py:642} INFO - Processing file /home/airflow/.local/lib/python3.7/site-packages/airflow/example_dags/example_task_group_decorator.py for tasks to queue
[2022-08-09 08:36:15,748] {logging_mixin.py:109} INFO - [2022-08-09 08:36:15,747] {dagbag.py:500} INFO - Filling up the DagBag from /home/airflow/.local/lib/python3.7/site-packages/airflow/example_dags/example_task_group_decorator.py
[2022-08-09 08:36:15,819] {processor.py:654} INFO - DAG(s) dict_keys(['example_task_group_decorator']) retrieved from /home/airflow/.local/lib/python3.7/site-packages/airflow/example_dags/example_task_group_decorator.py
[2022-08-09 08:36:16,118] {logging_mixin.py:109} INFO - [2022-08-09 08:36:16,118] {dag.py:2396} INFO - Sync 1 DAGs
[2022-08-09 08:36:16,148] {logging_mixin.py:109} INFO - [2022-08-09 08:36:16,147] {dag.py:2935} INFO - Setting next_dagrun for example_task_group_decorator to 2022-08-08T08:36:16.147199+00:00
[2022-08-09 08:36:16,174] {processor.py:171} INFO - Processing /home/airflow/.local/lib/python3.7/site-packages/airflow/example_dags/example_task_group_decorator.py took 0.438 seconds
[2022-08-09 08:36:46,250] {processor.py:163} INFO - Started process (PID=4134) to work on /home/airflow/.local/lib/python3.7/site-packages/airflow/example_dags/example_task_group_decorator.py
[2022-08-09 08:36:46,255] {processor.py:642} INFO - Processing file /home/airflow/.local/lib/python3.7/site-packages/airflow/example_dags/example_task_group_decorator.py for tasks to queue
[2022-08-09 08:36:46,257] {logging_mixin.py:109} INFO - [2022-08-09 08:36:46,257] {dagbag.py:500} INFO - Filling up the DagBag from /home/airflow/.local/lib/python3.7/site-packages/airflow/example_dags/example_task_group_decorator.py
[2022-08-09 08:36:46,324] {processor.py:654} INFO - DAG(s) dict_keys(['example_task_group_decorator']) retrieved from /home/airflow/.local/lib/python3.7/site-packages/airflow/example_dags/example_task_group_decorator.py
[2022-08-09 08:36:46,611] {logging_mixin.py:109} INFO - [2022-08-09 08:36:46,611] {dag.py:2396} INFO - Sync 1 DAGs
[2022-08-09 08:36:46,635] {logging_mixin.py:109} INFO - [2022-08-09 08:36:46,635] {dag.py:2935} INFO - Setting next_dagrun for example_task_group_decorator to 2022-08-08T08:36:46.635195+00:00
[2022-08-09 08:36:46,656] {processor.py:171} INFO - Processing /home/airflow/.local/lib/python3.7/site-packages/airflow/example_dags/example_task_group_decorator.py took 0.413 seconds
