[2022-08-09 08:04:30,853] {processor.py:163} INFO - Started process (PID=47) to work on /home/airflow/.local/lib/python3.7/site-packages/airflow/example_dags/example_complex.py
[2022-08-09 08:04:30,857] {processor.py:642} INFO - Processing file /home/airflow/.local/lib/python3.7/site-packages/airflow/example_dags/example_complex.py for tasks to queue
[2022-08-09 08:04:30,860] {logging_mixin.py:109} INFO - [2022-08-09 08:04:30,860] {dagbag.py:500} INFO - Filling up the DagBag from /home/airflow/.local/lib/python3.7/site-packages/airflow/example_dags/example_complex.py
[2022-08-09 08:04:30,986] {processor.py:654} INFO - DAG(s) dict_keys(['example_complex']) retrieved from /home/airflow/.local/lib/python3.7/site-packages/airflow/example_dags/example_complex.py
[2022-08-09 08:04:31,020] {logging_mixin.py:109} INFO - [2022-08-09 08:04:31,019] {dag.py:2396} INFO - Sync 1 DAGs
[2022-08-09 08:04:31,057] {logging_mixin.py:109} INFO - [2022-08-09 08:04:31,057] {dag.py:2935} INFO - Setting next_dagrun for example_complex to None
[2022-08-09 08:04:31,093] {processor.py:171} INFO - Processing /home/airflow/.local/lib/python3.7/site-packages/airflow/example_dags/example_complex.py took 0.251 seconds
[2022-08-09 08:05:01,595] {processor.py:163} INFO - Started process (PID=99) to work on /home/airflow/.local/lib/python3.7/site-packages/airflow/example_dags/example_complex.py
[2022-08-09 08:05:01,597] {processor.py:642} INFO - Processing file /home/airflow/.local/lib/python3.7/site-packages/airflow/example_dags/example_complex.py for tasks to queue
[2022-08-09 08:05:01,598] {logging_mixin.py:109} INFO - [2022-08-09 08:05:01,598] {dagbag.py:500} INFO - Filling up the DagBag from /home/airflow/.local/lib/python3.7/site-packages/airflow/example_dags/example_complex.py
[2022-08-09 08:05:01,636] {processor.py:654} INFO - DAG(s) dict_keys(['example_complex']) retrieved from /home/airflow/.local/lib/python3.7/site-packages/airflow/example_dags/example_complex.py
[2022-08-09 08:05:01,655] {logging_mixin.py:109} INFO - [2022-08-09 08:05:01,654] {dag.py:2396} INFO - Sync 1 DAGs
[2022-08-09 08:05:01,679] {logging_mixin.py:109} INFO - [2022-08-09 08:05:01,679] {dag.py:2935} INFO - Setting next_dagrun for example_complex to None
[2022-08-09 08:05:01,692] {processor.py:171} INFO - Processing /home/airflow/.local/lib/python3.7/site-packages/airflow/example_dags/example_complex.py took 0.103 seconds
[2022-08-09 08:05:32,120] {processor.py:163} INFO - Started process (PID=169) to work on /home/airflow/.local/lib/python3.7/site-packages/airflow/example_dags/example_complex.py
[2022-08-09 08:05:32,124] {processor.py:642} INFO - Processing file /home/airflow/.local/lib/python3.7/site-packages/airflow/example_dags/example_complex.py for tasks to queue
[2022-08-09 08:05:32,127] {logging_mixin.py:109} INFO - [2022-08-09 08:05:32,126] {dagbag.py:500} INFO - Filling up the DagBag from /home/airflow/.local/lib/python3.7/site-packages/airflow/example_dags/example_complex.py
[2022-08-09 08:05:32,179] {processor.py:654} INFO - DAG(s) dict_keys(['example_complex']) retrieved from /home/airflow/.local/lib/python3.7/site-packages/airflow/example_dags/example_complex.py
[2022-08-09 08:05:32,217] {logging_mixin.py:109} INFO - [2022-08-09 08:05:32,216] {dag.py:2396} INFO - Sync 1 DAGs
[2022-08-09 08:05:32,281] {logging_mixin.py:109} INFO - [2022-08-09 08:05:32,281] {dag.py:2935} INFO - Setting next_dagrun for example_complex to None
[2022-08-09 08:05:32,308] {processor.py:171} INFO - Processing /home/airflow/.local/lib/python3.7/site-packages/airflow/example_dags/example_complex.py took 0.194 seconds
[2022-08-09 08:06:02,851] {processor.py:163} INFO - Started process (PID=229) to work on /home/airflow/.local/lib/python3.7/site-packages/airflow/example_dags/example_complex.py
[2022-08-09 08:06:02,854] {processor.py:642} INFO - Processing file /home/airflow/.local/lib/python3.7/site-packages/airflow/example_dags/example_complex.py for tasks to queue
[2022-08-09 08:06:02,856] {logging_mixin.py:109} INFO - [2022-08-09 08:06:02,856] {dagbag.py:500} INFO - Filling up the DagBag from /home/airflow/.local/lib/python3.7/site-packages/airflow/example_dags/example_complex.py
[2022-08-09 08:06:02,896] {processor.py:654} INFO - DAG(s) dict_keys(['example_complex']) retrieved from /home/airflow/.local/lib/python3.7/site-packages/airflow/example_dags/example_complex.py
[2022-08-09 08:06:02,913] {logging_mixin.py:109} INFO - [2022-08-09 08:06:02,913] {dag.py:2396} INFO - Sync 1 DAGs
[2022-08-09 08:06:02,951] {logging_mixin.py:109} INFO - [2022-08-09 08:06:02,951] {dag.py:2935} INFO - Setting next_dagrun for example_complex to None
[2022-08-09 08:06:02,982] {processor.py:171} INFO - Processing /home/airflow/.local/lib/python3.7/site-packages/airflow/example_dags/example_complex.py took 0.140 seconds
[2022-08-09 08:06:33,187] {processor.py:163} INFO - Started process (PID=297) to work on /home/airflow/.local/lib/python3.7/site-packages/airflow/example_dags/example_complex.py
[2022-08-09 08:06:33,190] {processor.py:642} INFO - Processing file /home/airflow/.local/lib/python3.7/site-packages/airflow/example_dags/example_complex.py for tasks to queue
[2022-08-09 08:06:33,192] {logging_mixin.py:109} INFO - [2022-08-09 08:06:33,191] {dagbag.py:500} INFO - Filling up the DagBag from /home/airflow/.local/lib/python3.7/site-packages/airflow/example_dags/example_complex.py
[2022-08-09 08:06:33,231] {processor.py:654} INFO - DAG(s) dict_keys(['example_complex']) retrieved from /home/airflow/.local/lib/python3.7/site-packages/airflow/example_dags/example_complex.py
[2022-08-09 08:06:33,247] {logging_mixin.py:109} INFO - [2022-08-09 08:06:33,247] {dag.py:2396} INFO - Sync 1 DAGs
[2022-08-09 08:06:33,264] {logging_mixin.py:109} INFO - [2022-08-09 08:06:33,263] {dag.py:2935} INFO - Setting next_dagrun for example_complex to None
[2022-08-09 08:06:33,274] {processor.py:171} INFO - Processing /home/airflow/.local/lib/python3.7/site-packages/airflow/example_dags/example_complex.py took 0.092 seconds
[2022-08-09 08:07:03,641] {processor.py:163} INFO - Started process (PID=358) to work on /home/airflow/.local/lib/python3.7/site-packages/airflow/example_dags/example_complex.py
[2022-08-09 08:07:03,660] {processor.py:642} INFO - Processing file /home/airflow/.local/lib/python3.7/site-packages/airflow/example_dags/example_complex.py for tasks to queue
[2022-08-09 08:07:03,663] {logging_mixin.py:109} INFO - [2022-08-09 08:07:03,662] {dagbag.py:500} INFO - Filling up the DagBag from /home/airflow/.local/lib/python3.7/site-packages/airflow/example_dags/example_complex.py
[2022-08-09 08:07:03,712] {processor.py:654} INFO - DAG(s) dict_keys(['example_complex']) retrieved from /home/airflow/.local/lib/python3.7/site-packages/airflow/example_dags/example_complex.py
[2022-08-09 08:07:03,736] {logging_mixin.py:109} INFO - [2022-08-09 08:07:03,736] {dag.py:2396} INFO - Sync 1 DAGs
[2022-08-09 08:07:03,760] {logging_mixin.py:109} INFO - [2022-08-09 08:07:03,760] {dag.py:2935} INFO - Setting next_dagrun for example_complex to None
[2022-08-09 08:07:03,772] {processor.py:171} INFO - Processing /home/airflow/.local/lib/python3.7/site-packages/airflow/example_dags/example_complex.py took 0.137 seconds
[2022-08-09 08:07:34,155] {processor.py:163} INFO - Started process (PID=428) to work on /home/airflow/.local/lib/python3.7/site-packages/airflow/example_dags/example_complex.py
[2022-08-09 08:07:34,158] {processor.py:642} INFO - Processing file /home/airflow/.local/lib/python3.7/site-packages/airflow/example_dags/example_complex.py for tasks to queue
[2022-08-09 08:07:34,159] {logging_mixin.py:109} INFO - [2022-08-09 08:07:34,159] {dagbag.py:500} INFO - Filling up the DagBag from /home/airflow/.local/lib/python3.7/site-packages/airflow/example_dags/example_complex.py
[2022-08-09 08:07:34,195] {processor.py:654} INFO - DAG(s) dict_keys(['example_complex']) retrieved from /home/airflow/.local/lib/python3.7/site-packages/airflow/example_dags/example_complex.py
[2022-08-09 08:07:34,209] {logging_mixin.py:109} INFO - [2022-08-09 08:07:34,209] {dag.py:2396} INFO - Sync 1 DAGs
[2022-08-09 08:07:34,225] {logging_mixin.py:109} INFO - [2022-08-09 08:07:34,225] {dag.py:2935} INFO - Setting next_dagrun for example_complex to None
[2022-08-09 08:07:34,236] {processor.py:171} INFO - Processing /home/airflow/.local/lib/python3.7/site-packages/airflow/example_dags/example_complex.py took 0.086 seconds
[2022-08-09 08:08:04,640] {processor.py:163} INFO - Started process (PID=491) to work on /home/airflow/.local/lib/python3.7/site-packages/airflow/example_dags/example_complex.py
[2022-08-09 08:08:04,643] {processor.py:642} INFO - Processing file /home/airflow/.local/lib/python3.7/site-packages/airflow/example_dags/example_complex.py for tasks to queue
[2022-08-09 08:08:04,645] {logging_mixin.py:109} INFO - [2022-08-09 08:08:04,645] {dagbag.py:500} INFO - Filling up the DagBag from /home/airflow/.local/lib/python3.7/site-packages/airflow/example_dags/example_complex.py
[2022-08-09 08:08:04,689] {processor.py:654} INFO - DAG(s) dict_keys(['example_complex']) retrieved from /home/airflow/.local/lib/python3.7/site-packages/airflow/example_dags/example_complex.py
[2022-08-09 08:08:04,711] {logging_mixin.py:109} INFO - [2022-08-09 08:08:04,711] {dag.py:2396} INFO - Sync 1 DAGs
[2022-08-09 08:08:04,744] {logging_mixin.py:109} INFO - [2022-08-09 08:08:04,744] {dag.py:2935} INFO - Setting next_dagrun for example_complex to None
[2022-08-09 08:08:04,764] {processor.py:171} INFO - Processing /home/airflow/.local/lib/python3.7/site-packages/airflow/example_dags/example_complex.py took 0.131 seconds
[2022-08-09 08:08:35,567] {processor.py:163} INFO - Started process (PID=561) to work on /home/airflow/.local/lib/python3.7/site-packages/airflow/example_dags/example_complex.py
[2022-08-09 08:08:35,569] {processor.py:642} INFO - Processing file /home/airflow/.local/lib/python3.7/site-packages/airflow/example_dags/example_complex.py for tasks to queue
[2022-08-09 08:08:35,570] {logging_mixin.py:109} INFO - [2022-08-09 08:08:35,570] {dagbag.py:500} INFO - Filling up the DagBag from /home/airflow/.local/lib/python3.7/site-packages/airflow/example_dags/example_complex.py
[2022-08-09 08:08:35,606] {processor.py:654} INFO - DAG(s) dict_keys(['example_complex']) retrieved from /home/airflow/.local/lib/python3.7/site-packages/airflow/example_dags/example_complex.py
[2022-08-09 08:08:35,624] {logging_mixin.py:109} INFO - [2022-08-09 08:08:35,624] {dag.py:2396} INFO - Sync 1 DAGs
[2022-08-09 08:08:35,644] {logging_mixin.py:109} INFO - [2022-08-09 08:08:35,643] {dag.py:2935} INFO - Setting next_dagrun for example_complex to None
[2022-08-09 08:08:35,656] {processor.py:171} INFO - Processing /home/airflow/.local/lib/python3.7/site-packages/airflow/example_dags/example_complex.py took 0.093 seconds
[2022-08-09 08:09:06,484] {processor.py:163} INFO - Started process (PID=622) to work on /home/airflow/.local/lib/python3.7/site-packages/airflow/example_dags/example_complex.py
[2022-08-09 08:09:06,486] {processor.py:642} INFO - Processing file /home/airflow/.local/lib/python3.7/site-packages/airflow/example_dags/example_complex.py for tasks to queue
[2022-08-09 08:09:06,488] {logging_mixin.py:109} INFO - [2022-08-09 08:09:06,488] {dagbag.py:500} INFO - Filling up the DagBag from /home/airflow/.local/lib/python3.7/site-packages/airflow/example_dags/example_complex.py
[2022-08-09 08:09:06,521] {processor.py:654} INFO - DAG(s) dict_keys(['example_complex']) retrieved from /home/airflow/.local/lib/python3.7/site-packages/airflow/example_dags/example_complex.py
[2022-08-09 08:09:06,535] {logging_mixin.py:109} INFO - [2022-08-09 08:09:06,535] {dag.py:2396} INFO - Sync 1 DAGs
[2022-08-09 08:09:06,562] {logging_mixin.py:109} INFO - [2022-08-09 08:09:06,562] {dag.py:2935} INFO - Setting next_dagrun for example_complex to None
[2022-08-09 08:09:06,575] {processor.py:171} INFO - Processing /home/airflow/.local/lib/python3.7/site-packages/airflow/example_dags/example_complex.py took 0.101 seconds
[2022-08-09 08:09:37,412] {processor.py:163} INFO - Started process (PID=693) to work on /home/airflow/.local/lib/python3.7/site-packages/airflow/example_dags/example_complex.py
[2022-08-09 08:09:37,414] {processor.py:642} INFO - Processing file /home/airflow/.local/lib/python3.7/site-packages/airflow/example_dags/example_complex.py for tasks to queue
[2022-08-09 08:09:37,417] {logging_mixin.py:109} INFO - [2022-08-09 08:09:37,417] {dagbag.py:500} INFO - Filling up the DagBag from /home/airflow/.local/lib/python3.7/site-packages/airflow/example_dags/example_complex.py
[2022-08-09 08:09:37,463] {processor.py:654} INFO - DAG(s) dict_keys(['example_complex']) retrieved from /home/airflow/.local/lib/python3.7/site-packages/airflow/example_dags/example_complex.py
[2022-08-09 08:09:37,478] {logging_mixin.py:109} INFO - [2022-08-09 08:09:37,478] {dag.py:2396} INFO - Sync 1 DAGs
[2022-08-09 08:09:37,501] {logging_mixin.py:109} INFO - [2022-08-09 08:09:37,501] {dag.py:2935} INFO - Setting next_dagrun for example_complex to None
[2022-08-09 08:09:37,519] {processor.py:171} INFO - Processing /home/airflow/.local/lib/python3.7/site-packages/airflow/example_dags/example_complex.py took 0.113 seconds
[2022-08-09 08:10:08,277] {processor.py:163} INFO - Started process (PID=754) to work on /home/airflow/.local/lib/python3.7/site-packages/airflow/example_dags/example_complex.py
[2022-08-09 08:10:08,279] {processor.py:642} INFO - Processing file /home/airflow/.local/lib/python3.7/site-packages/airflow/example_dags/example_complex.py for tasks to queue
[2022-08-09 08:10:08,281] {logging_mixin.py:109} INFO - [2022-08-09 08:10:08,280] {dagbag.py:500} INFO - Filling up the DagBag from /home/airflow/.local/lib/python3.7/site-packages/airflow/example_dags/example_complex.py
[2022-08-09 08:10:08,317] {processor.py:654} INFO - DAG(s) dict_keys(['example_complex']) retrieved from /home/airflow/.local/lib/python3.7/site-packages/airflow/example_dags/example_complex.py
[2022-08-09 08:10:08,332] {logging_mixin.py:109} INFO - [2022-08-09 08:10:08,331] {dag.py:2396} INFO - Sync 1 DAGs
[2022-08-09 08:10:08,365] {logging_mixin.py:109} INFO - [2022-08-09 08:10:08,365] {dag.py:2935} INFO - Setting next_dagrun for example_complex to None
[2022-08-09 08:10:08,377] {processor.py:171} INFO - Processing /home/airflow/.local/lib/python3.7/site-packages/airflow/example_dags/example_complex.py took 0.104 seconds
[2022-08-09 08:10:39,157] {processor.py:163} INFO - Started process (PID=824) to work on /home/airflow/.local/lib/python3.7/site-packages/airflow/example_dags/example_complex.py
[2022-08-09 08:10:39,160] {processor.py:642} INFO - Processing file /home/airflow/.local/lib/python3.7/site-packages/airflow/example_dags/example_complex.py for tasks to queue
[2022-08-09 08:10:39,162] {logging_mixin.py:109} INFO - [2022-08-09 08:10:39,162] {dagbag.py:500} INFO - Filling up the DagBag from /home/airflow/.local/lib/python3.7/site-packages/airflow/example_dags/example_complex.py
[2022-08-09 08:10:39,226] {processor.py:654} INFO - DAG(s) dict_keys(['example_complex']) retrieved from /home/airflow/.local/lib/python3.7/site-packages/airflow/example_dags/example_complex.py
[2022-08-09 08:10:39,260] {logging_mixin.py:109} INFO - [2022-08-09 08:10:39,260] {dag.py:2396} INFO - Sync 1 DAGs
[2022-08-09 08:10:39,341] {logging_mixin.py:109} INFO - [2022-08-09 08:10:39,341] {dag.py:2935} INFO - Setting next_dagrun for example_complex to None
[2022-08-09 08:10:39,368] {processor.py:171} INFO - Processing /home/airflow/.local/lib/python3.7/site-packages/airflow/example_dags/example_complex.py took 0.216 seconds
[2022-08-09 08:11:09,634] {processor.py:163} INFO - Started process (PID=884) to work on /home/airflow/.local/lib/python3.7/site-packages/airflow/example_dags/example_complex.py
[2022-08-09 08:11:09,637] {processor.py:642} INFO - Processing file /home/airflow/.local/lib/python3.7/site-packages/airflow/example_dags/example_complex.py for tasks to queue
[2022-08-09 08:11:09,639] {logging_mixin.py:109} INFO - [2022-08-09 08:11:09,639] {dagbag.py:500} INFO - Filling up the DagBag from /home/airflow/.local/lib/python3.7/site-packages/airflow/example_dags/example_complex.py
[2022-08-09 08:11:09,689] {processor.py:654} INFO - DAG(s) dict_keys(['example_complex']) retrieved from /home/airflow/.local/lib/python3.7/site-packages/airflow/example_dags/example_complex.py
[2022-08-09 08:11:09,705] {logging_mixin.py:109} INFO - [2022-08-09 08:11:09,705] {dag.py:2396} INFO - Sync 1 DAGs
[2022-08-09 08:11:09,722] {logging_mixin.py:109} INFO - [2022-08-09 08:11:09,722] {dag.py:2935} INFO - Setting next_dagrun for example_complex to None
[2022-08-09 08:11:09,741] {processor.py:171} INFO - Processing /home/airflow/.local/lib/python3.7/site-packages/airflow/example_dags/example_complex.py took 0.112 seconds
[2022-08-09 08:11:40,698] {processor.py:163} INFO - Started process (PID=945) to work on /home/airflow/.local/lib/python3.7/site-packages/airflow/example_dags/example_complex.py
[2022-08-09 08:11:40,701] {processor.py:642} INFO - Processing file /home/airflow/.local/lib/python3.7/site-packages/airflow/example_dags/example_complex.py for tasks to queue
[2022-08-09 08:11:40,703] {logging_mixin.py:109} INFO - [2022-08-09 08:11:40,703] {dagbag.py:500} INFO - Filling up the DagBag from /home/airflow/.local/lib/python3.7/site-packages/airflow/example_dags/example_complex.py
[2022-08-09 08:11:40,739] {processor.py:654} INFO - DAG(s) dict_keys(['example_complex']) retrieved from /home/airflow/.local/lib/python3.7/site-packages/airflow/example_dags/example_complex.py
[2022-08-09 08:11:40,756] {logging_mixin.py:109} INFO - [2022-08-09 08:11:40,756] {dag.py:2396} INFO - Sync 1 DAGs
[2022-08-09 08:11:40,774] {logging_mixin.py:109} INFO - [2022-08-09 08:11:40,774] {dag.py:2935} INFO - Setting next_dagrun for example_complex to None
[2022-08-09 08:11:40,788] {processor.py:171} INFO - Processing /home/airflow/.local/lib/python3.7/site-packages/airflow/example_dags/example_complex.py took 0.095 seconds
[2022-08-09 08:12:11,246] {processor.py:163} INFO - Started process (PID=1014) to work on /home/airflow/.local/lib/python3.7/site-packages/airflow/example_dags/example_complex.py
[2022-08-09 08:12:11,248] {processor.py:642} INFO - Processing file /home/airflow/.local/lib/python3.7/site-packages/airflow/example_dags/example_complex.py for tasks to queue
[2022-08-09 08:12:11,250] {logging_mixin.py:109} INFO - [2022-08-09 08:12:11,250] {dagbag.py:500} INFO - Filling up the DagBag from /home/airflow/.local/lib/python3.7/site-packages/airflow/example_dags/example_complex.py
[2022-08-09 08:12:11,289] {processor.py:654} INFO - DAG(s) dict_keys(['example_complex']) retrieved from /home/airflow/.local/lib/python3.7/site-packages/airflow/example_dags/example_complex.py
[2022-08-09 08:12:11,306] {logging_mixin.py:109} INFO - [2022-08-09 08:12:11,305] {dag.py:2396} INFO - Sync 1 DAGs
[2022-08-09 08:12:11,329] {logging_mixin.py:109} INFO - [2022-08-09 08:12:11,329] {dag.py:2935} INFO - Setting next_dagrun for example_complex to None
[2022-08-09 08:12:11,345] {processor.py:171} INFO - Processing /home/airflow/.local/lib/python3.7/site-packages/airflow/example_dags/example_complex.py took 0.103 seconds
[2022-08-09 08:12:42,148] {processor.py:163} INFO - Started process (PID=1075) to work on /home/airflow/.local/lib/python3.7/site-packages/airflow/example_dags/example_complex.py
[2022-08-09 08:12:42,149] {processor.py:642} INFO - Processing file /home/airflow/.local/lib/python3.7/site-packages/airflow/example_dags/example_complex.py for tasks to queue
[2022-08-09 08:12:42,151] {logging_mixin.py:109} INFO - [2022-08-09 08:12:42,151] {dagbag.py:500} INFO - Filling up the DagBag from /home/airflow/.local/lib/python3.7/site-packages/airflow/example_dags/example_complex.py
[2022-08-09 08:12:42,193] {processor.py:654} INFO - DAG(s) dict_keys(['example_complex']) retrieved from /home/airflow/.local/lib/python3.7/site-packages/airflow/example_dags/example_complex.py
[2022-08-09 08:12:42,220] {logging_mixin.py:109} INFO - [2022-08-09 08:12:42,219] {dag.py:2396} INFO - Sync 1 DAGs
[2022-08-09 08:12:42,255] {logging_mixin.py:109} INFO - [2022-08-09 08:12:42,255] {dag.py:2935} INFO - Setting next_dagrun for example_complex to None
[2022-08-09 08:12:42,271] {processor.py:171} INFO - Processing /home/airflow/.local/lib/python3.7/site-packages/airflow/example_dags/example_complex.py took 0.132 seconds
[2022-08-09 08:13:12,769] {processor.py:163} INFO - Started process (PID=1144) to work on /home/airflow/.local/lib/python3.7/site-packages/airflow/example_dags/example_complex.py
[2022-08-09 08:13:12,772] {processor.py:642} INFO - Processing file /home/airflow/.local/lib/python3.7/site-packages/airflow/example_dags/example_complex.py for tasks to queue
[2022-08-09 08:13:12,775] {logging_mixin.py:109} INFO - [2022-08-09 08:13:12,775] {dagbag.py:500} INFO - Filling up the DagBag from /home/airflow/.local/lib/python3.7/site-packages/airflow/example_dags/example_complex.py
[2022-08-09 08:13:12,807] {processor.py:654} INFO - DAG(s) dict_keys(['example_complex']) retrieved from /home/airflow/.local/lib/python3.7/site-packages/airflow/example_dags/example_complex.py
[2022-08-09 08:13:12,830] {logging_mixin.py:109} INFO - [2022-08-09 08:13:12,830] {dag.py:2396} INFO - Sync 1 DAGs
[2022-08-09 08:13:12,861] {logging_mixin.py:109} INFO - [2022-08-09 08:13:12,860] {dag.py:2935} INFO - Setting next_dagrun for example_complex to None
[2022-08-09 08:13:12,878] {processor.py:171} INFO - Processing /home/airflow/.local/lib/python3.7/site-packages/airflow/example_dags/example_complex.py took 0.114 seconds
[2022-08-09 08:13:43,606] {processor.py:163} INFO - Started process (PID=1205) to work on /home/airflow/.local/lib/python3.7/site-packages/airflow/example_dags/example_complex.py
[2022-08-09 08:13:43,608] {processor.py:642} INFO - Processing file /home/airflow/.local/lib/python3.7/site-packages/airflow/example_dags/example_complex.py for tasks to queue
[2022-08-09 08:13:43,610] {logging_mixin.py:109} INFO - [2022-08-09 08:13:43,610] {dagbag.py:500} INFO - Filling up the DagBag from /home/airflow/.local/lib/python3.7/site-packages/airflow/example_dags/example_complex.py
[2022-08-09 08:13:43,645] {processor.py:654} INFO - DAG(s) dict_keys(['example_complex']) retrieved from /home/airflow/.local/lib/python3.7/site-packages/airflow/example_dags/example_complex.py
[2022-08-09 08:13:43,663] {logging_mixin.py:109} INFO - [2022-08-09 08:13:43,663] {dag.py:2396} INFO - Sync 1 DAGs
[2022-08-09 08:13:43,697] {logging_mixin.py:109} INFO - [2022-08-09 08:13:43,696] {dag.py:2935} INFO - Setting next_dagrun for example_complex to None
[2022-08-09 08:13:43,706] {processor.py:171} INFO - Processing /home/airflow/.local/lib/python3.7/site-packages/airflow/example_dags/example_complex.py took 0.104 seconds
[2022-08-09 08:14:14,391] {processor.py:163} INFO - Started process (PID=1275) to work on /home/airflow/.local/lib/python3.7/site-packages/airflow/example_dags/example_complex.py
[2022-08-09 08:14:14,394] {processor.py:642} INFO - Processing file /home/airflow/.local/lib/python3.7/site-packages/airflow/example_dags/example_complex.py for tasks to queue
[2022-08-09 08:14:14,395] {logging_mixin.py:109} INFO - [2022-08-09 08:14:14,395] {dagbag.py:500} INFO - Filling up the DagBag from /home/airflow/.local/lib/python3.7/site-packages/airflow/example_dags/example_complex.py
[2022-08-09 08:14:14,431] {processor.py:654} INFO - DAG(s) dict_keys(['example_complex']) retrieved from /home/airflow/.local/lib/python3.7/site-packages/airflow/example_dags/example_complex.py
[2022-08-09 08:14:14,447] {logging_mixin.py:109} INFO - [2022-08-09 08:14:14,446] {dag.py:2396} INFO - Sync 1 DAGs
[2022-08-09 08:14:14,471] {logging_mixin.py:109} INFO - [2022-08-09 08:14:14,471] {dag.py:2935} INFO - Setting next_dagrun for example_complex to None
[2022-08-09 08:14:14,484] {processor.py:171} INFO - Processing /home/airflow/.local/lib/python3.7/site-packages/airflow/example_dags/example_complex.py took 0.097 seconds
[2022-08-09 08:14:45,367] {processor.py:163} INFO - Started process (PID=1335) to work on /home/airflow/.local/lib/python3.7/site-packages/airflow/example_dags/example_complex.py
[2022-08-09 08:14:45,369] {processor.py:642} INFO - Processing file /home/airflow/.local/lib/python3.7/site-packages/airflow/example_dags/example_complex.py for tasks to queue
[2022-08-09 08:14:45,371] {logging_mixin.py:109} INFO - [2022-08-09 08:14:45,370] {dagbag.py:500} INFO - Filling up the DagBag from /home/airflow/.local/lib/python3.7/site-packages/airflow/example_dags/example_complex.py
[2022-08-09 08:14:45,406] {processor.py:654} INFO - DAG(s) dict_keys(['example_complex']) retrieved from /home/airflow/.local/lib/python3.7/site-packages/airflow/example_dags/example_complex.py
[2022-08-09 08:14:45,420] {logging_mixin.py:109} INFO - [2022-08-09 08:14:45,420] {dag.py:2396} INFO - Sync 1 DAGs
[2022-08-09 08:14:45,430] {logging_mixin.py:109} INFO - [2022-08-09 08:14:45,430] {dag.py:2935} INFO - Setting next_dagrun for example_complex to None
[2022-08-09 08:14:45,460] {processor.py:171} INFO - Processing /home/airflow/.local/lib/python3.7/site-packages/airflow/example_dags/example_complex.py took 0.117 seconds
[2022-08-09 08:15:16,037] {processor.py:163} INFO - Started process (PID=1404) to work on /home/airflow/.local/lib/python3.7/site-packages/airflow/example_dags/example_complex.py
[2022-08-09 08:15:16,042] {processor.py:642} INFO - Processing file /home/airflow/.local/lib/python3.7/site-packages/airflow/example_dags/example_complex.py for tasks to queue
[2022-08-09 08:15:16,044] {logging_mixin.py:109} INFO - [2022-08-09 08:15:16,044] {dagbag.py:500} INFO - Filling up the DagBag from /home/airflow/.local/lib/python3.7/site-packages/airflow/example_dags/example_complex.py
[2022-08-09 08:15:16,079] {processor.py:654} INFO - DAG(s) dict_keys(['example_complex']) retrieved from /home/airflow/.local/lib/python3.7/site-packages/airflow/example_dags/example_complex.py
[2022-08-09 08:15:16,094] {logging_mixin.py:109} INFO - [2022-08-09 08:15:16,094] {dag.py:2396} INFO - Sync 1 DAGs
[2022-08-09 08:15:16,118] {logging_mixin.py:109} INFO - [2022-08-09 08:15:16,118] {dag.py:2935} INFO - Setting next_dagrun for example_complex to None
[2022-08-09 08:15:16,134] {processor.py:171} INFO - Processing /home/airflow/.local/lib/python3.7/site-packages/airflow/example_dags/example_complex.py took 0.104 seconds
[2022-08-09 08:15:46,269] {processor.py:163} INFO - Started process (PID=1465) to work on /home/airflow/.local/lib/python3.7/site-packages/airflow/example_dags/example_complex.py
[2022-08-09 08:15:46,271] {processor.py:642} INFO - Processing file /home/airflow/.local/lib/python3.7/site-packages/airflow/example_dags/example_complex.py for tasks to queue
[2022-08-09 08:15:46,273] {logging_mixin.py:109} INFO - [2022-08-09 08:15:46,273] {dagbag.py:500} INFO - Filling up the DagBag from /home/airflow/.local/lib/python3.7/site-packages/airflow/example_dags/example_complex.py
[2022-08-09 08:15:46,309] {processor.py:654} INFO - DAG(s) dict_keys(['example_complex']) retrieved from /home/airflow/.local/lib/python3.7/site-packages/airflow/example_dags/example_complex.py
[2022-08-09 08:15:46,324] {logging_mixin.py:109} INFO - [2022-08-09 08:15:46,324] {dag.py:2396} INFO - Sync 1 DAGs
[2022-08-09 08:15:46,340] {logging_mixin.py:109} INFO - [2022-08-09 08:15:46,340] {dag.py:2935} INFO - Setting next_dagrun for example_complex to None
[2022-08-09 08:15:46,350] {processor.py:171} INFO - Processing /home/airflow/.local/lib/python3.7/site-packages/airflow/example_dags/example_complex.py took 0.087 seconds
[2022-08-09 08:16:16,577] {processor.py:163} INFO - Started process (PID=1533) to work on /home/airflow/.local/lib/python3.7/site-packages/airflow/example_dags/example_complex.py
[2022-08-09 08:16:16,580] {processor.py:642} INFO - Processing file /home/airflow/.local/lib/python3.7/site-packages/airflow/example_dags/example_complex.py for tasks to queue
[2022-08-09 08:16:16,582] {logging_mixin.py:109} INFO - [2022-08-09 08:16:16,582] {dagbag.py:500} INFO - Filling up the DagBag from /home/airflow/.local/lib/python3.7/site-packages/airflow/example_dags/example_complex.py
[2022-08-09 08:16:16,627] {processor.py:654} INFO - DAG(s) dict_keys(['example_complex']) retrieved from /home/airflow/.local/lib/python3.7/site-packages/airflow/example_dags/example_complex.py
[2022-08-09 08:16:16,646] {logging_mixin.py:109} INFO - [2022-08-09 08:16:16,646] {dag.py:2396} INFO - Sync 1 DAGs
[2022-08-09 08:16:16,667] {logging_mixin.py:109} INFO - [2022-08-09 08:16:16,667] {dag.py:2935} INFO - Setting next_dagrun for example_complex to None
[2022-08-09 08:16:16,679] {processor.py:171} INFO - Processing /home/airflow/.local/lib/python3.7/site-packages/airflow/example_dags/example_complex.py took 0.108 seconds
[2022-08-09 08:16:46,967] {processor.py:163} INFO - Started process (PID=1593) to work on /home/airflow/.local/lib/python3.7/site-packages/airflow/example_dags/example_complex.py
[2022-08-09 08:16:46,972] {processor.py:642} INFO - Processing file /home/airflow/.local/lib/python3.7/site-packages/airflow/example_dags/example_complex.py for tasks to queue
[2022-08-09 08:16:46,973] {logging_mixin.py:109} INFO - [2022-08-09 08:16:46,973] {dagbag.py:500} INFO - Filling up the DagBag from /home/airflow/.local/lib/python3.7/site-packages/airflow/example_dags/example_complex.py
[2022-08-09 08:16:47,011] {processor.py:654} INFO - DAG(s) dict_keys(['example_complex']) retrieved from /home/airflow/.local/lib/python3.7/site-packages/airflow/example_dags/example_complex.py
[2022-08-09 08:16:47,025] {logging_mixin.py:109} INFO - [2022-08-09 08:16:47,025] {dag.py:2396} INFO - Sync 1 DAGs
[2022-08-09 08:16:47,041] {logging_mixin.py:109} INFO - [2022-08-09 08:16:47,041] {dag.py:2935} INFO - Setting next_dagrun for example_complex to None
[2022-08-09 08:16:47,140] {processor.py:171} INFO - Processing /home/airflow/.local/lib/python3.7/site-packages/airflow/example_dags/example_complex.py took 0.178 seconds
[2022-08-09 08:17:17,504] {processor.py:163} INFO - Started process (PID=1662) to work on /home/airflow/.local/lib/python3.7/site-packages/airflow/example_dags/example_complex.py
[2022-08-09 08:17:17,506] {processor.py:642} INFO - Processing file /home/airflow/.local/lib/python3.7/site-packages/airflow/example_dags/example_complex.py for tasks to queue
[2022-08-09 08:17:17,508] {logging_mixin.py:109} INFO - [2022-08-09 08:17:17,507] {dagbag.py:500} INFO - Filling up the DagBag from /home/airflow/.local/lib/python3.7/site-packages/airflow/example_dags/example_complex.py
[2022-08-09 08:17:17,549] {processor.py:654} INFO - DAG(s) dict_keys(['example_complex']) retrieved from /home/airflow/.local/lib/python3.7/site-packages/airflow/example_dags/example_complex.py
[2022-08-09 08:17:17,568] {logging_mixin.py:109} INFO - [2022-08-09 08:17:17,568] {dag.py:2396} INFO - Sync 1 DAGs
[2022-08-09 08:17:17,688] {logging_mixin.py:109} INFO - [2022-08-09 08:17:17,688] {dag.py:2935} INFO - Setting next_dagrun for example_complex to None
[2022-08-09 08:17:17,701] {processor.py:171} INFO - Processing /home/airflow/.local/lib/python3.7/site-packages/airflow/example_dags/example_complex.py took 0.201 seconds
[2022-08-09 08:17:48,131] {processor.py:163} INFO - Started process (PID=1722) to work on /home/airflow/.local/lib/python3.7/site-packages/airflow/example_dags/example_complex.py
[2022-08-09 08:17:48,133] {processor.py:642} INFO - Processing file /home/airflow/.local/lib/python3.7/site-packages/airflow/example_dags/example_complex.py for tasks to queue
[2022-08-09 08:17:48,135] {logging_mixin.py:109} INFO - [2022-08-09 08:17:48,135] {dagbag.py:500} INFO - Filling up the DagBag from /home/airflow/.local/lib/python3.7/site-packages/airflow/example_dags/example_complex.py
[2022-08-09 08:17:48,175] {processor.py:654} INFO - DAG(s) dict_keys(['example_complex']) retrieved from /home/airflow/.local/lib/python3.7/site-packages/airflow/example_dags/example_complex.py
[2022-08-09 08:17:48,191] {logging_mixin.py:109} INFO - [2022-08-09 08:17:48,190] {dag.py:2396} INFO - Sync 1 DAGs
[2022-08-09 08:17:48,292] {logging_mixin.py:109} INFO - [2022-08-09 08:17:48,292] {dag.py:2935} INFO - Setting next_dagrun for example_complex to None
[2022-08-09 08:17:48,302] {processor.py:171} INFO - Processing /home/airflow/.local/lib/python3.7/site-packages/airflow/example_dags/example_complex.py took 0.177 seconds
[2022-08-09 08:18:18,879] {processor.py:163} INFO - Started process (PID=1791) to work on /home/airflow/.local/lib/python3.7/site-packages/airflow/example_dags/example_complex.py
[2022-08-09 08:18:18,883] {processor.py:642} INFO - Processing file /home/airflow/.local/lib/python3.7/site-packages/airflow/example_dags/example_complex.py for tasks to queue
[2022-08-09 08:18:18,884] {logging_mixin.py:109} INFO - [2022-08-09 08:18:18,884] {dagbag.py:500} INFO - Filling up the DagBag from /home/airflow/.local/lib/python3.7/site-packages/airflow/example_dags/example_complex.py
[2022-08-09 08:18:18,921] {processor.py:654} INFO - DAG(s) dict_keys(['example_complex']) retrieved from /home/airflow/.local/lib/python3.7/site-packages/airflow/example_dags/example_complex.py
[2022-08-09 08:18:18,936] {logging_mixin.py:109} INFO - [2022-08-09 08:18:18,936] {dag.py:2396} INFO - Sync 1 DAGs
[2022-08-09 08:18:19,036] {logging_mixin.py:109} INFO - [2022-08-09 08:18:19,036] {dag.py:2935} INFO - Setting next_dagrun for example_complex to None
[2022-08-09 08:18:19,049] {processor.py:171} INFO - Processing /home/airflow/.local/lib/python3.7/site-packages/airflow/example_dags/example_complex.py took 0.174 seconds
[2022-08-09 08:18:49,120] {processor.py:163} INFO - Started process (PID=1851) to work on /home/airflow/.local/lib/python3.7/site-packages/airflow/example_dags/example_complex.py
[2022-08-09 08:18:49,124] {processor.py:642} INFO - Processing file /home/airflow/.local/lib/python3.7/site-packages/airflow/example_dags/example_complex.py for tasks to queue
[2022-08-09 08:18:49,127] {logging_mixin.py:109} INFO - [2022-08-09 08:18:49,127] {dagbag.py:500} INFO - Filling up the DagBag from /home/airflow/.local/lib/python3.7/site-packages/airflow/example_dags/example_complex.py
[2022-08-09 08:18:49,177] {processor.py:654} INFO - DAG(s) dict_keys(['example_complex']) retrieved from /home/airflow/.local/lib/python3.7/site-packages/airflow/example_dags/example_complex.py
[2022-08-09 08:18:49,193] {logging_mixin.py:109} INFO - [2022-08-09 08:18:49,193] {dag.py:2396} INFO - Sync 1 DAGs
[2022-08-09 08:18:49,292] {logging_mixin.py:109} INFO - [2022-08-09 08:18:49,292] {dag.py:2935} INFO - Setting next_dagrun for example_complex to None
[2022-08-09 08:18:49,304] {processor.py:171} INFO - Processing /home/airflow/.local/lib/python3.7/site-packages/airflow/example_dags/example_complex.py took 0.198 seconds
[2022-08-09 08:19:19,612] {processor.py:163} INFO - Started process (PID=1921) to work on /home/airflow/.local/lib/python3.7/site-packages/airflow/example_dags/example_complex.py
[2022-08-09 08:19:19,615] {processor.py:642} INFO - Processing file /home/airflow/.local/lib/python3.7/site-packages/airflow/example_dags/example_complex.py for tasks to queue
[2022-08-09 08:19:19,617] {logging_mixin.py:109} INFO - [2022-08-09 08:19:19,617] {dagbag.py:500} INFO - Filling up the DagBag from /home/airflow/.local/lib/python3.7/site-packages/airflow/example_dags/example_complex.py
[2022-08-09 08:19:19,662] {processor.py:654} INFO - DAG(s) dict_keys(['example_complex']) retrieved from /home/airflow/.local/lib/python3.7/site-packages/airflow/example_dags/example_complex.py
[2022-08-09 08:19:19,764] {logging_mixin.py:109} INFO - [2022-08-09 08:19:19,763] {dag.py:2396} INFO - Sync 1 DAGs
[2022-08-09 08:19:19,779] {logging_mixin.py:109} INFO - [2022-08-09 08:19:19,779] {dag.py:2935} INFO - Setting next_dagrun for example_complex to None
[2022-08-09 08:19:19,791] {processor.py:171} INFO - Processing /home/airflow/.local/lib/python3.7/site-packages/airflow/example_dags/example_complex.py took 0.182 seconds
[2022-08-09 08:19:50,372] {processor.py:163} INFO - Started process (PID=1981) to work on /home/airflow/.local/lib/python3.7/site-packages/airflow/example_dags/example_complex.py
[2022-08-09 08:19:50,374] {processor.py:642} INFO - Processing file /home/airflow/.local/lib/python3.7/site-packages/airflow/example_dags/example_complex.py for tasks to queue
[2022-08-09 08:19:50,376] {logging_mixin.py:109} INFO - [2022-08-09 08:19:50,376] {dagbag.py:500} INFO - Filling up the DagBag from /home/airflow/.local/lib/python3.7/site-packages/airflow/example_dags/example_complex.py
[2022-08-09 08:19:50,497] {processor.py:654} INFO - DAG(s) dict_keys(['example_complex']) retrieved from /home/airflow/.local/lib/python3.7/site-packages/airflow/example_dags/example_complex.py
[2022-08-09 08:19:50,513] {logging_mixin.py:109} INFO - [2022-08-09 08:19:50,512] {dag.py:2396} INFO - Sync 1 DAGs
[2022-08-09 08:19:50,528] {logging_mixin.py:109} INFO - [2022-08-09 08:19:50,528] {dag.py:2935} INFO - Setting next_dagrun for example_complex to None
[2022-08-09 08:19:50,540] {processor.py:171} INFO - Processing /home/airflow/.local/lib/python3.7/site-packages/airflow/example_dags/example_complex.py took 0.172 seconds
[2022-08-09 08:20:21,101] {processor.py:163} INFO - Started process (PID=2050) to work on /home/airflow/.local/lib/python3.7/site-packages/airflow/example_dags/example_complex.py
[2022-08-09 08:20:21,103] {processor.py:642} INFO - Processing file /home/airflow/.local/lib/python3.7/site-packages/airflow/example_dags/example_complex.py for tasks to queue
[2022-08-09 08:20:21,105] {logging_mixin.py:109} INFO - [2022-08-09 08:20:21,105] {dagbag.py:500} INFO - Filling up the DagBag from /home/airflow/.local/lib/python3.7/site-packages/airflow/example_dags/example_complex.py
[2022-08-09 08:20:21,233] {processor.py:654} INFO - DAG(s) dict_keys(['example_complex']) retrieved from /home/airflow/.local/lib/python3.7/site-packages/airflow/example_dags/example_complex.py
[2022-08-09 08:20:21,249] {logging_mixin.py:109} INFO - [2022-08-09 08:20:21,248] {dag.py:2396} INFO - Sync 1 DAGs
[2022-08-09 08:20:21,264] {logging_mixin.py:109} INFO - [2022-08-09 08:20:21,264] {dag.py:2935} INFO - Setting next_dagrun for example_complex to None
[2022-08-09 08:20:21,280] {processor.py:171} INFO - Processing /home/airflow/.local/lib/python3.7/site-packages/airflow/example_dags/example_complex.py took 0.183 seconds
[2022-08-09 08:20:51,459] {processor.py:163} INFO - Started process (PID=2110) to work on /home/airflow/.local/lib/python3.7/site-packages/airflow/example_dags/example_complex.py
[2022-08-09 08:20:51,462] {processor.py:642} INFO - Processing file /home/airflow/.local/lib/python3.7/site-packages/airflow/example_dags/example_complex.py for tasks to queue
[2022-08-09 08:20:51,464] {logging_mixin.py:109} INFO - [2022-08-09 08:20:51,464] {dagbag.py:500} INFO - Filling up the DagBag from /home/airflow/.local/lib/python3.7/site-packages/airflow/example_dags/example_complex.py
[2022-08-09 08:20:51,589] {processor.py:654} INFO - DAG(s) dict_keys(['example_complex']) retrieved from /home/airflow/.local/lib/python3.7/site-packages/airflow/example_dags/example_complex.py
[2022-08-09 08:20:51,606] {logging_mixin.py:109} INFO - [2022-08-09 08:20:51,606] {dag.py:2396} INFO - Sync 1 DAGs
[2022-08-09 08:20:51,639] {logging_mixin.py:109} INFO - [2022-08-09 08:20:51,639] {dag.py:2935} INFO - Setting next_dagrun for example_complex to None
[2022-08-09 08:20:51,653] {processor.py:171} INFO - Processing /home/airflow/.local/lib/python3.7/site-packages/airflow/example_dags/example_complex.py took 0.201 seconds
[2022-08-09 08:21:22,293] {processor.py:163} INFO - Started process (PID=2172) to work on /home/airflow/.local/lib/python3.7/site-packages/airflow/example_dags/example_complex.py
[2022-08-09 08:21:22,295] {processor.py:642} INFO - Processing file /home/airflow/.local/lib/python3.7/site-packages/airflow/example_dags/example_complex.py for tasks to queue
[2022-08-09 08:21:22,297] {logging_mixin.py:109} INFO - [2022-08-09 08:21:22,297] {dagbag.py:500} INFO - Filling up the DagBag from /home/airflow/.local/lib/python3.7/site-packages/airflow/example_dags/example_complex.py
[2022-08-09 08:21:22,432] {processor.py:654} INFO - DAG(s) dict_keys(['example_complex']) retrieved from /home/airflow/.local/lib/python3.7/site-packages/airflow/example_dags/example_complex.py
[2022-08-09 08:21:22,453] {logging_mixin.py:109} INFO - [2022-08-09 08:21:22,453] {dag.py:2396} INFO - Sync 1 DAGs
[2022-08-09 08:21:22,474] {logging_mixin.py:109} INFO - [2022-08-09 08:21:22,474] {dag.py:2935} INFO - Setting next_dagrun for example_complex to None
[2022-08-09 08:21:22,489] {processor.py:171} INFO - Processing /home/airflow/.local/lib/python3.7/site-packages/airflow/example_dags/example_complex.py took 0.203 seconds
[2022-08-09 08:21:52,562] {processor.py:163} INFO - Started process (PID=2241) to work on /home/airflow/.local/lib/python3.7/site-packages/airflow/example_dags/example_complex.py
[2022-08-09 08:21:52,565] {processor.py:642} INFO - Processing file /home/airflow/.local/lib/python3.7/site-packages/airflow/example_dags/example_complex.py for tasks to queue
[2022-08-09 08:21:52,567] {logging_mixin.py:109} INFO - [2022-08-09 08:21:52,567] {dagbag.py:500} INFO - Filling up the DagBag from /home/airflow/.local/lib/python3.7/site-packages/airflow/example_dags/example_complex.py
[2022-08-09 08:21:52,686] {processor.py:654} INFO - DAG(s) dict_keys(['example_complex']) retrieved from /home/airflow/.local/lib/python3.7/site-packages/airflow/example_dags/example_complex.py
[2022-08-09 08:21:52,703] {logging_mixin.py:109} INFO - [2022-08-09 08:21:52,703] {dag.py:2396} INFO - Sync 1 DAGs
[2022-08-09 08:21:52,724] {logging_mixin.py:109} INFO - [2022-08-09 08:21:52,724] {dag.py:2935} INFO - Setting next_dagrun for example_complex to None
[2022-08-09 08:21:52,739] {processor.py:171} INFO - Processing /home/airflow/.local/lib/python3.7/site-packages/airflow/example_dags/example_complex.py took 0.180 seconds
[2022-08-09 08:22:23,248] {processor.py:163} INFO - Started process (PID=2300) to work on /home/airflow/.local/lib/python3.7/site-packages/airflow/example_dags/example_complex.py
[2022-08-09 08:22:23,251] {processor.py:642} INFO - Processing file /home/airflow/.local/lib/python3.7/site-packages/airflow/example_dags/example_complex.py for tasks to queue
[2022-08-09 08:22:23,253] {logging_mixin.py:109} INFO - [2022-08-09 08:22:23,253] {dagbag.py:500} INFO - Filling up the DagBag from /home/airflow/.local/lib/python3.7/site-packages/airflow/example_dags/example_complex.py
[2022-08-09 08:22:23,380] {processor.py:654} INFO - DAG(s) dict_keys(['example_complex']) retrieved from /home/airflow/.local/lib/python3.7/site-packages/airflow/example_dags/example_complex.py
[2022-08-09 08:22:23,393] {logging_mixin.py:109} INFO - [2022-08-09 08:22:23,393] {dag.py:2396} INFO - Sync 1 DAGs
[2022-08-09 08:22:23,407] {logging_mixin.py:109} INFO - [2022-08-09 08:22:23,407] {dag.py:2935} INFO - Setting next_dagrun for example_complex to None
[2022-08-09 08:22:23,415] {processor.py:171} INFO - Processing /home/airflow/.local/lib/python3.7/site-packages/airflow/example_dags/example_complex.py took 0.173 seconds
[2022-08-09 08:22:53,713] {processor.py:163} INFO - Started process (PID=2369) to work on /home/airflow/.local/lib/python3.7/site-packages/airflow/example_dags/example_complex.py
[2022-08-09 08:22:53,722] {processor.py:642} INFO - Processing file /home/airflow/.local/lib/python3.7/site-packages/airflow/example_dags/example_complex.py for tasks to queue
[2022-08-09 08:22:53,723] {logging_mixin.py:109} INFO - [2022-08-09 08:22:53,723] {dagbag.py:500} INFO - Filling up the DagBag from /home/airflow/.local/lib/python3.7/site-packages/airflow/example_dags/example_complex.py
[2022-08-09 08:22:53,766] {processor.py:654} INFO - DAG(s) dict_keys(['example_complex']) retrieved from /home/airflow/.local/lib/python3.7/site-packages/airflow/example_dags/example_complex.py
[2022-08-09 08:22:53,783] {logging_mixin.py:109} INFO - [2022-08-09 08:22:53,783] {dag.py:2396} INFO - Sync 1 DAGs
[2022-08-09 08:22:53,817] {logging_mixin.py:109} INFO - [2022-08-09 08:22:53,817] {dag.py:2935} INFO - Setting next_dagrun for example_complex to None
[2022-08-09 08:22:53,832] {processor.py:171} INFO - Processing /home/airflow/.local/lib/python3.7/site-packages/airflow/example_dags/example_complex.py took 0.124 seconds
[2022-08-09 08:23:24,113] {processor.py:163} INFO - Started process (PID=2431) to work on /home/airflow/.local/lib/python3.7/site-packages/airflow/example_dags/example_complex.py
[2022-08-09 08:23:24,116] {processor.py:642} INFO - Processing file /home/airflow/.local/lib/python3.7/site-packages/airflow/example_dags/example_complex.py for tasks to queue
[2022-08-09 08:23:24,117] {logging_mixin.py:109} INFO - [2022-08-09 08:23:24,117] {dagbag.py:500} INFO - Filling up the DagBag from /home/airflow/.local/lib/python3.7/site-packages/airflow/example_dags/example_complex.py
[2022-08-09 08:23:24,160] {processor.py:654} INFO - DAG(s) dict_keys(['example_complex']) retrieved from /home/airflow/.local/lib/python3.7/site-packages/airflow/example_dags/example_complex.py
[2022-08-09 08:23:24,179] {logging_mixin.py:109} INFO - [2022-08-09 08:23:24,179] {dag.py:2396} INFO - Sync 1 DAGs
[2022-08-09 08:23:24,200] {logging_mixin.py:109} INFO - [2022-08-09 08:23:24,200] {dag.py:2935} INFO - Setting next_dagrun for example_complex to None
[2022-08-09 08:23:24,212] {processor.py:171} INFO - Processing /home/airflow/.local/lib/python3.7/site-packages/airflow/example_dags/example_complex.py took 0.105 seconds
[2022-08-09 08:23:54,364] {processor.py:163} INFO - Started process (PID=2500) to work on /home/airflow/.local/lib/python3.7/site-packages/airflow/example_dags/example_complex.py
[2022-08-09 08:23:54,366] {processor.py:642} INFO - Processing file /home/airflow/.local/lib/python3.7/site-packages/airflow/example_dags/example_complex.py for tasks to queue
[2022-08-09 08:23:54,368] {logging_mixin.py:109} INFO - [2022-08-09 08:23:54,368] {dagbag.py:500} INFO - Filling up the DagBag from /home/airflow/.local/lib/python3.7/site-packages/airflow/example_dags/example_complex.py
[2022-08-09 08:23:54,405] {processor.py:654} INFO - DAG(s) dict_keys(['example_complex']) retrieved from /home/airflow/.local/lib/python3.7/site-packages/airflow/example_dags/example_complex.py
[2022-08-09 08:23:54,426] {logging_mixin.py:109} INFO - [2022-08-09 08:23:54,426] {dag.py:2396} INFO - Sync 1 DAGs
[2022-08-09 08:23:54,450] {logging_mixin.py:109} INFO - [2022-08-09 08:23:54,450] {dag.py:2935} INFO - Setting next_dagrun for example_complex to None
[2022-08-09 08:23:54,461] {processor.py:171} INFO - Processing /home/airflow/.local/lib/python3.7/site-packages/airflow/example_dags/example_complex.py took 0.103 seconds
[2022-08-09 08:24:24,567] {processor.py:163} INFO - Started process (PID=2561) to work on /home/airflow/.local/lib/python3.7/site-packages/airflow/example_dags/example_complex.py
[2022-08-09 08:24:24,571] {processor.py:642} INFO - Processing file /home/airflow/.local/lib/python3.7/site-packages/airflow/example_dags/example_complex.py for tasks to queue
[2022-08-09 08:24:24,573] {logging_mixin.py:109} INFO - [2022-08-09 08:24:24,573] {dagbag.py:500} INFO - Filling up the DagBag from /home/airflow/.local/lib/python3.7/site-packages/airflow/example_dags/example_complex.py
[2022-08-09 08:24:24,614] {processor.py:654} INFO - DAG(s) dict_keys(['example_complex']) retrieved from /home/airflow/.local/lib/python3.7/site-packages/airflow/example_dags/example_complex.py
[2022-08-09 08:24:24,629] {logging_mixin.py:109} INFO - [2022-08-09 08:24:24,629] {dag.py:2396} INFO - Sync 1 DAGs
[2022-08-09 08:24:24,644] {logging_mixin.py:109} INFO - [2022-08-09 08:24:24,644] {dag.py:2935} INFO - Setting next_dagrun for example_complex to None
[2022-08-09 08:24:24,653] {processor.py:171} INFO - Processing /home/airflow/.local/lib/python3.7/site-packages/airflow/example_dags/example_complex.py took 0.091 seconds
[2022-08-09 08:24:54,754] {processor.py:163} INFO - Started process (PID=2631) to work on /home/airflow/.local/lib/python3.7/site-packages/airflow/example_dags/example_complex.py
[2022-08-09 08:24:54,757] {processor.py:642} INFO - Processing file /home/airflow/.local/lib/python3.7/site-packages/airflow/example_dags/example_complex.py for tasks to queue
[2022-08-09 08:24:54,758] {logging_mixin.py:109} INFO - [2022-08-09 08:24:54,758] {dagbag.py:500} INFO - Filling up the DagBag from /home/airflow/.local/lib/python3.7/site-packages/airflow/example_dags/example_complex.py
[2022-08-09 08:24:54,794] {processor.py:654} INFO - DAG(s) dict_keys(['example_complex']) retrieved from /home/airflow/.local/lib/python3.7/site-packages/airflow/example_dags/example_complex.py
[2022-08-09 08:24:54,808] {logging_mixin.py:109} INFO - [2022-08-09 08:24:54,808] {dag.py:2396} INFO - Sync 1 DAGs
[2022-08-09 08:24:54,824] {logging_mixin.py:109} INFO - [2022-08-09 08:24:54,824] {dag.py:2935} INFO - Setting next_dagrun for example_complex to None
[2022-08-09 08:24:54,835] {processor.py:171} INFO - Processing /home/airflow/.local/lib/python3.7/site-packages/airflow/example_dags/example_complex.py took 0.085 seconds
[2022-08-09 08:25:25,302] {processor.py:163} INFO - Started process (PID=2691) to work on /home/airflow/.local/lib/python3.7/site-packages/airflow/example_dags/example_complex.py
[2022-08-09 08:25:25,304] {processor.py:642} INFO - Processing file /home/airflow/.local/lib/python3.7/site-packages/airflow/example_dags/example_complex.py for tasks to queue
[2022-08-09 08:25:25,305] {logging_mixin.py:109} INFO - [2022-08-09 08:25:25,305] {dagbag.py:500} INFO - Filling up the DagBag from /home/airflow/.local/lib/python3.7/site-packages/airflow/example_dags/example_complex.py
[2022-08-09 08:25:25,351] {processor.py:654} INFO - DAG(s) dict_keys(['example_complex']) retrieved from /home/airflow/.local/lib/python3.7/site-packages/airflow/example_dags/example_complex.py
[2022-08-09 08:25:25,370] {logging_mixin.py:109} INFO - [2022-08-09 08:25:25,370] {dag.py:2396} INFO - Sync 1 DAGs
[2022-08-09 08:25:25,388] {logging_mixin.py:109} INFO - [2022-08-09 08:25:25,388] {dag.py:2935} INFO - Setting next_dagrun for example_complex to None
[2022-08-09 08:25:25,403] {processor.py:171} INFO - Processing /home/airflow/.local/lib/python3.7/site-packages/airflow/example_dags/example_complex.py took 0.106 seconds
[2022-08-09 08:25:55,627] {processor.py:163} INFO - Started process (PID=2759) to work on /home/airflow/.local/lib/python3.7/site-packages/airflow/example_dags/example_complex.py
[2022-08-09 08:25:55,628] {processor.py:642} INFO - Processing file /home/airflow/.local/lib/python3.7/site-packages/airflow/example_dags/example_complex.py for tasks to queue
[2022-08-09 08:25:55,630] {logging_mixin.py:109} INFO - [2022-08-09 08:25:55,630] {dagbag.py:500} INFO - Filling up the DagBag from /home/airflow/.local/lib/python3.7/site-packages/airflow/example_dags/example_complex.py
[2022-08-09 08:25:55,682] {processor.py:654} INFO - DAG(s) dict_keys(['example_complex']) retrieved from /home/airflow/.local/lib/python3.7/site-packages/airflow/example_dags/example_complex.py
[2022-08-09 08:25:55,706] {logging_mixin.py:109} INFO - [2022-08-09 08:25:55,706] {dag.py:2396} INFO - Sync 1 DAGs
[2022-08-09 08:25:55,729] {logging_mixin.py:109} INFO - [2022-08-09 08:25:55,728] {dag.py:2935} INFO - Setting next_dagrun for example_complex to None
[2022-08-09 08:25:55,741] {processor.py:171} INFO - Processing /home/airflow/.local/lib/python3.7/site-packages/airflow/example_dags/example_complex.py took 0.120 seconds
[2022-08-09 08:26:26,065] {processor.py:163} INFO - Started process (PID=2821) to work on /home/airflow/.local/lib/python3.7/site-packages/airflow/example_dags/example_complex.py
[2022-08-09 08:26:26,067] {processor.py:642} INFO - Processing file /home/airflow/.local/lib/python3.7/site-packages/airflow/example_dags/example_complex.py for tasks to queue
[2022-08-09 08:26:26,068] {logging_mixin.py:109} INFO - [2022-08-09 08:26:26,068] {dagbag.py:500} INFO - Filling up the DagBag from /home/airflow/.local/lib/python3.7/site-packages/airflow/example_dags/example_complex.py
[2022-08-09 08:26:26,109] {processor.py:654} INFO - DAG(s) dict_keys(['example_complex']) retrieved from /home/airflow/.local/lib/python3.7/site-packages/airflow/example_dags/example_complex.py
[2022-08-09 08:26:26,127] {logging_mixin.py:109} INFO - [2022-08-09 08:26:26,127] {dag.py:2396} INFO - Sync 1 DAGs
[2022-08-09 08:26:26,144] {logging_mixin.py:109} INFO - [2022-08-09 08:26:26,143] {dag.py:2935} INFO - Setting next_dagrun for example_complex to None
[2022-08-09 08:26:26,157] {processor.py:171} INFO - Processing /home/airflow/.local/lib/python3.7/site-packages/airflow/example_dags/example_complex.py took 0.097 seconds
[2022-08-09 08:26:56,542] {processor.py:163} INFO - Started process (PID=2882) to work on /home/airflow/.local/lib/python3.7/site-packages/airflow/example_dags/example_complex.py
[2022-08-09 08:26:56,545] {processor.py:642} INFO - Processing file /home/airflow/.local/lib/python3.7/site-packages/airflow/example_dags/example_complex.py for tasks to queue
[2022-08-09 08:26:56,547] {logging_mixin.py:109} INFO - [2022-08-09 08:26:56,547] {dagbag.py:500} INFO - Filling up the DagBag from /home/airflow/.local/lib/python3.7/site-packages/airflow/example_dags/example_complex.py
[2022-08-09 08:26:56,588] {processor.py:654} INFO - DAG(s) dict_keys(['example_complex']) retrieved from /home/airflow/.local/lib/python3.7/site-packages/airflow/example_dags/example_complex.py
[2022-08-09 08:26:56,608] {logging_mixin.py:109} INFO - [2022-08-09 08:26:56,608] {dag.py:2396} INFO - Sync 1 DAGs
[2022-08-09 08:26:56,626] {logging_mixin.py:109} INFO - [2022-08-09 08:26:56,625] {dag.py:2935} INFO - Setting next_dagrun for example_complex to None
[2022-08-09 08:26:56,639] {processor.py:171} INFO - Processing /home/airflow/.local/lib/python3.7/site-packages/airflow/example_dags/example_complex.py took 0.100 seconds
[2022-08-09 08:27:26,996] {processor.py:163} INFO - Started process (PID=2952) to work on /home/airflow/.local/lib/python3.7/site-packages/airflow/example_dags/example_complex.py
[2022-08-09 08:27:26,999] {processor.py:642} INFO - Processing file /home/airflow/.local/lib/python3.7/site-packages/airflow/example_dags/example_complex.py for tasks to queue
[2022-08-09 08:27:27,000] {logging_mixin.py:109} INFO - [2022-08-09 08:27:27,000] {dagbag.py:500} INFO - Filling up the DagBag from /home/airflow/.local/lib/python3.7/site-packages/airflow/example_dags/example_complex.py
[2022-08-09 08:27:27,042] {processor.py:654} INFO - DAG(s) dict_keys(['example_complex']) retrieved from /home/airflow/.local/lib/python3.7/site-packages/airflow/example_dags/example_complex.py
[2022-08-09 08:27:27,064] {logging_mixin.py:109} INFO - [2022-08-09 08:27:27,063] {dag.py:2396} INFO - Sync 1 DAGs
[2022-08-09 08:27:27,092] {logging_mixin.py:109} INFO - [2022-08-09 08:27:27,092] {dag.py:2935} INFO - Setting next_dagrun for example_complex to None
[2022-08-09 08:27:27,109] {processor.py:171} INFO - Processing /home/airflow/.local/lib/python3.7/site-packages/airflow/example_dags/example_complex.py took 0.117 seconds
[2022-08-09 08:27:57,341] {processor.py:163} INFO - Started process (PID=3012) to work on /home/airflow/.local/lib/python3.7/site-packages/airflow/example_dags/example_complex.py
[2022-08-09 08:27:57,343] {processor.py:642} INFO - Processing file /home/airflow/.local/lib/python3.7/site-packages/airflow/example_dags/example_complex.py for tasks to queue
[2022-08-09 08:27:57,344] {logging_mixin.py:109} INFO - [2022-08-09 08:27:57,344] {dagbag.py:500} INFO - Filling up the DagBag from /home/airflow/.local/lib/python3.7/site-packages/airflow/example_dags/example_complex.py
[2022-08-09 08:27:57,381] {processor.py:654} INFO - DAG(s) dict_keys(['example_complex']) retrieved from /home/airflow/.local/lib/python3.7/site-packages/airflow/example_dags/example_complex.py
[2022-08-09 08:27:57,395] {logging_mixin.py:109} INFO - [2022-08-09 08:27:57,395] {dag.py:2396} INFO - Sync 1 DAGs
[2022-08-09 08:27:57,415] {logging_mixin.py:109} INFO - [2022-08-09 08:27:57,415] {dag.py:2935} INFO - Setting next_dagrun for example_complex to None
[2022-08-09 08:27:57,431] {processor.py:171} INFO - Processing /home/airflow/.local/lib/python3.7/site-packages/airflow/example_dags/example_complex.py took 0.095 seconds
[2022-08-09 08:28:27,759] {processor.py:163} INFO - Started process (PID=3081) to work on /home/airflow/.local/lib/python3.7/site-packages/airflow/example_dags/example_complex.py
[2022-08-09 08:28:27,762] {processor.py:642} INFO - Processing file /home/airflow/.local/lib/python3.7/site-packages/airflow/example_dags/example_complex.py for tasks to queue
[2022-08-09 08:28:27,763] {logging_mixin.py:109} INFO - [2022-08-09 08:28:27,763] {dagbag.py:500} INFO - Filling up the DagBag from /home/airflow/.local/lib/python3.7/site-packages/airflow/example_dags/example_complex.py
[2022-08-09 08:28:27,802] {processor.py:654} INFO - DAG(s) dict_keys(['example_complex']) retrieved from /home/airflow/.local/lib/python3.7/site-packages/airflow/example_dags/example_complex.py
[2022-08-09 08:28:27,836] {logging_mixin.py:109} INFO - [2022-08-09 08:28:27,836] {dag.py:2396} INFO - Sync 1 DAGs
[2022-08-09 08:28:27,863] {logging_mixin.py:109} INFO - [2022-08-09 08:28:27,863] {dag.py:2935} INFO - Setting next_dagrun for example_complex to None
[2022-08-09 08:28:27,882] {processor.py:171} INFO - Processing /home/airflow/.local/lib/python3.7/site-packages/airflow/example_dags/example_complex.py took 0.126 seconds
[2022-08-09 08:28:58,238] {processor.py:163} INFO - Started process (PID=3141) to work on /home/airflow/.local/lib/python3.7/site-packages/airflow/example_dags/example_complex.py
[2022-08-09 08:28:58,243] {processor.py:642} INFO - Processing file /home/airflow/.local/lib/python3.7/site-packages/airflow/example_dags/example_complex.py for tasks to queue
[2022-08-09 08:28:58,245] {logging_mixin.py:109} INFO - [2022-08-09 08:28:58,245] {dagbag.py:500} INFO - Filling up the DagBag from /home/airflow/.local/lib/python3.7/site-packages/airflow/example_dags/example_complex.py
[2022-08-09 08:28:58,286] {processor.py:654} INFO - DAG(s) dict_keys(['example_complex']) retrieved from /home/airflow/.local/lib/python3.7/site-packages/airflow/example_dags/example_complex.py
[2022-08-09 08:28:58,300] {logging_mixin.py:109} INFO - [2022-08-09 08:28:58,300] {dag.py:2396} INFO - Sync 1 DAGs
[2022-08-09 08:28:58,323] {logging_mixin.py:109} INFO - [2022-08-09 08:28:58,323] {dag.py:2935} INFO - Setting next_dagrun for example_complex to None
[2022-08-09 08:28:58,338] {processor.py:171} INFO - Processing /home/airflow/.local/lib/python3.7/site-packages/airflow/example_dags/example_complex.py took 0.109 seconds
[2022-08-09 08:29:28,659] {processor.py:163} INFO - Started process (PID=3210) to work on /home/airflow/.local/lib/python3.7/site-packages/airflow/example_dags/example_complex.py
[2022-08-09 08:29:28,663] {processor.py:642} INFO - Processing file /home/airflow/.local/lib/python3.7/site-packages/airflow/example_dags/example_complex.py for tasks to queue
[2022-08-09 08:29:28,664] {logging_mixin.py:109} INFO - [2022-08-09 08:29:28,664] {dagbag.py:500} INFO - Filling up the DagBag from /home/airflow/.local/lib/python3.7/site-packages/airflow/example_dags/example_complex.py
[2022-08-09 08:29:28,703] {processor.py:654} INFO - DAG(s) dict_keys(['example_complex']) retrieved from /home/airflow/.local/lib/python3.7/site-packages/airflow/example_dags/example_complex.py
[2022-08-09 08:29:28,718] {logging_mixin.py:109} INFO - [2022-08-09 08:29:28,718] {dag.py:2396} INFO - Sync 1 DAGs
[2022-08-09 08:29:28,735] {logging_mixin.py:109} INFO - [2022-08-09 08:29:28,735] {dag.py:2935} INFO - Setting next_dagrun for example_complex to None
[2022-08-09 08:29:28,746] {processor.py:171} INFO - Processing /home/airflow/.local/lib/python3.7/site-packages/airflow/example_dags/example_complex.py took 0.097 seconds
[2022-08-09 08:29:59,355] {processor.py:163} INFO - Started process (PID=3270) to work on /home/airflow/.local/lib/python3.7/site-packages/airflow/example_dags/example_complex.py
[2022-08-09 08:29:59,359] {processor.py:642} INFO - Processing file /home/airflow/.local/lib/python3.7/site-packages/airflow/example_dags/example_complex.py for tasks to queue
[2022-08-09 08:29:59,361] {logging_mixin.py:109} INFO - [2022-08-09 08:29:59,361] {dagbag.py:500} INFO - Filling up the DagBag from /home/airflow/.local/lib/python3.7/site-packages/airflow/example_dags/example_complex.py
[2022-08-09 08:29:59,404] {processor.py:654} INFO - DAG(s) dict_keys(['example_complex']) retrieved from /home/airflow/.local/lib/python3.7/site-packages/airflow/example_dags/example_complex.py
[2022-08-09 08:29:59,418] {logging_mixin.py:109} INFO - [2022-08-09 08:29:59,418] {dag.py:2396} INFO - Sync 1 DAGs
[2022-08-09 08:29:59,439] {logging_mixin.py:109} INFO - [2022-08-09 08:29:59,439] {dag.py:2935} INFO - Setting next_dagrun for example_complex to None
[2022-08-09 08:29:59,451] {processor.py:171} INFO - Processing /home/airflow/.local/lib/python3.7/site-packages/airflow/example_dags/example_complex.py took 0.106 seconds
[2022-08-09 08:30:29,634] {processor.py:163} INFO - Started process (PID=3339) to work on /home/airflow/.local/lib/python3.7/site-packages/airflow/example_dags/example_complex.py
[2022-08-09 08:30:29,636] {processor.py:642} INFO - Processing file /home/airflow/.local/lib/python3.7/site-packages/airflow/example_dags/example_complex.py for tasks to queue
[2022-08-09 08:30:29,638] {logging_mixin.py:109} INFO - [2022-08-09 08:30:29,638] {dagbag.py:500} INFO - Filling up the DagBag from /home/airflow/.local/lib/python3.7/site-packages/airflow/example_dags/example_complex.py
[2022-08-09 08:30:29,684] {processor.py:654} INFO - DAG(s) dict_keys(['example_complex']) retrieved from /home/airflow/.local/lib/python3.7/site-packages/airflow/example_dags/example_complex.py
[2022-08-09 08:30:29,702] {logging_mixin.py:109} INFO - [2022-08-09 08:30:29,701] {dag.py:2396} INFO - Sync 1 DAGs
[2022-08-09 08:30:29,722] {logging_mixin.py:109} INFO - [2022-08-09 08:30:29,722] {dag.py:2935} INFO - Setting next_dagrun for example_complex to None
[2022-08-09 08:30:29,737] {processor.py:171} INFO - Processing /home/airflow/.local/lib/python3.7/site-packages/airflow/example_dags/example_complex.py took 0.106 seconds
[2022-08-09 08:31:00,200] {processor.py:163} INFO - Started process (PID=3400) to work on /home/airflow/.local/lib/python3.7/site-packages/airflow/example_dags/example_complex.py
[2022-08-09 08:31:00,202] {processor.py:642} INFO - Processing file /home/airflow/.local/lib/python3.7/site-packages/airflow/example_dags/example_complex.py for tasks to queue
[2022-08-09 08:31:00,204] {logging_mixin.py:109} INFO - [2022-08-09 08:31:00,204] {dagbag.py:500} INFO - Filling up the DagBag from /home/airflow/.local/lib/python3.7/site-packages/airflow/example_dags/example_complex.py
[2022-08-09 08:31:00,240] {processor.py:654} INFO - DAG(s) dict_keys(['example_complex']) retrieved from /home/airflow/.local/lib/python3.7/site-packages/airflow/example_dags/example_complex.py
[2022-08-09 08:31:00,255] {logging_mixin.py:109} INFO - [2022-08-09 08:31:00,255] {dag.py:2396} INFO - Sync 1 DAGs
[2022-08-09 08:31:00,272] {logging_mixin.py:109} INFO - [2022-08-09 08:31:00,272] {dag.py:2935} INFO - Setting next_dagrun for example_complex to None
[2022-08-09 08:31:00,283] {processor.py:171} INFO - Processing /home/airflow/.local/lib/python3.7/site-packages/airflow/example_dags/example_complex.py took 0.086 seconds
[2022-08-09 08:31:30,835] {processor.py:163} INFO - Started process (PID=3465) to work on /home/airflow/.local/lib/python3.7/site-packages/airflow/example_dags/example_complex.py
[2022-08-09 08:31:30,837] {processor.py:642} INFO - Processing file /home/airflow/.local/lib/python3.7/site-packages/airflow/example_dags/example_complex.py for tasks to queue
[2022-08-09 08:31:30,838] {logging_mixin.py:109} INFO - [2022-08-09 08:31:30,838] {dagbag.py:500} INFO - Filling up the DagBag from /home/airflow/.local/lib/python3.7/site-packages/airflow/example_dags/example_complex.py
[2022-08-09 08:31:30,879] {processor.py:654} INFO - DAG(s) dict_keys(['example_complex']) retrieved from /home/airflow/.local/lib/python3.7/site-packages/airflow/example_dags/example_complex.py
[2022-08-09 08:31:30,896] {logging_mixin.py:109} INFO - [2022-08-09 08:31:30,896] {dag.py:2396} INFO - Sync 1 DAGs
[2022-08-09 08:31:30,916] {logging_mixin.py:109} INFO - [2022-08-09 08:31:30,916] {dag.py:2935} INFO - Setting next_dagrun for example_complex to None
[2022-08-09 08:31:30,929] {processor.py:171} INFO - Processing /home/airflow/.local/lib/python3.7/site-packages/airflow/example_dags/example_complex.py took 0.098 seconds
[2022-08-09 08:32:00,992] {processor.py:163} INFO - Started process (PID=3526) to work on /home/airflow/.local/lib/python3.7/site-packages/airflow/example_dags/example_complex.py
[2022-08-09 08:32:00,994] {processor.py:642} INFO - Processing file /home/airflow/.local/lib/python3.7/site-packages/airflow/example_dags/example_complex.py for tasks to queue
[2022-08-09 08:32:00,995] {logging_mixin.py:109} INFO - [2022-08-09 08:32:00,995] {dagbag.py:500} INFO - Filling up the DagBag from /home/airflow/.local/lib/python3.7/site-packages/airflow/example_dags/example_complex.py
[2022-08-09 08:32:01,040] {processor.py:654} INFO - DAG(s) dict_keys(['example_complex']) retrieved from /home/airflow/.local/lib/python3.7/site-packages/airflow/example_dags/example_complex.py
[2022-08-09 08:32:01,054] {logging_mixin.py:109} INFO - [2022-08-09 08:32:01,054] {dag.py:2396} INFO - Sync 1 DAGs
[2022-08-09 08:32:01,068] {logging_mixin.py:109} INFO - [2022-08-09 08:32:01,068] {dag.py:2935} INFO - Setting next_dagrun for example_complex to None
[2022-08-09 08:32:01,078] {processor.py:171} INFO - Processing /home/airflow/.local/lib/python3.7/site-packages/airflow/example_dags/example_complex.py took 0.090 seconds
[2022-08-09 08:32:31,115] {processor.py:163} INFO - Started process (PID=3589) to work on /home/airflow/.local/lib/python3.7/site-packages/airflow/example_dags/example_complex.py
[2022-08-09 08:32:31,117] {processor.py:642} INFO - Processing file /home/airflow/.local/lib/python3.7/site-packages/airflow/example_dags/example_complex.py for tasks to queue
[2022-08-09 08:32:31,119] {logging_mixin.py:109} INFO - [2022-08-09 08:32:31,118] {dagbag.py:500} INFO - Filling up the DagBag from /home/airflow/.local/lib/python3.7/site-packages/airflow/example_dags/example_complex.py
[2022-08-09 08:32:31,162] {processor.py:654} INFO - DAG(s) dict_keys(['example_complex']) retrieved from /home/airflow/.local/lib/python3.7/site-packages/airflow/example_dags/example_complex.py
[2022-08-09 08:32:31,181] {logging_mixin.py:109} INFO - [2022-08-09 08:32:31,181] {dag.py:2396} INFO - Sync 1 DAGs
[2022-08-09 08:32:31,206] {logging_mixin.py:109} INFO - [2022-08-09 08:32:31,205] {dag.py:2935} INFO - Setting next_dagrun for example_complex to None
[2022-08-09 08:32:31,219] {processor.py:171} INFO - Processing /home/airflow/.local/lib/python3.7/site-packages/airflow/example_dags/example_complex.py took 0.109 seconds
[2022-08-09 08:33:01,397] {processor.py:163} INFO - Started process (PID=3656) to work on /home/airflow/.local/lib/python3.7/site-packages/airflow/example_dags/example_complex.py
[2022-08-09 08:33:01,399] {processor.py:642} INFO - Processing file /home/airflow/.local/lib/python3.7/site-packages/airflow/example_dags/example_complex.py for tasks to queue
[2022-08-09 08:33:01,401] {logging_mixin.py:109} INFO - [2022-08-09 08:33:01,401] {dagbag.py:500} INFO - Filling up the DagBag from /home/airflow/.local/lib/python3.7/site-packages/airflow/example_dags/example_complex.py
[2022-08-09 08:33:01,441] {processor.py:654} INFO - DAG(s) dict_keys(['example_complex']) retrieved from /home/airflow/.local/lib/python3.7/site-packages/airflow/example_dags/example_complex.py
[2022-08-09 08:33:01,462] {logging_mixin.py:109} INFO - [2022-08-09 08:33:01,462] {dag.py:2396} INFO - Sync 1 DAGs
[2022-08-09 08:33:01,478] {logging_mixin.py:109} INFO - [2022-08-09 08:33:01,478] {dag.py:2935} INFO - Setting next_dagrun for example_complex to None
[2022-08-09 08:33:01,488] {processor.py:171} INFO - Processing /home/airflow/.local/lib/python3.7/site-packages/airflow/example_dags/example_complex.py took 0.095 seconds
[2022-08-09 08:33:31,847] {processor.py:163} INFO - Started process (PID=3717) to work on /home/airflow/.local/lib/python3.7/site-packages/airflow/example_dags/example_complex.py
[2022-08-09 08:33:31,850] {processor.py:642} INFO - Processing file /home/airflow/.local/lib/python3.7/site-packages/airflow/example_dags/example_complex.py for tasks to queue
[2022-08-09 08:33:31,852] {logging_mixin.py:109} INFO - [2022-08-09 08:33:31,852] {dagbag.py:500} INFO - Filling up the DagBag from /home/airflow/.local/lib/python3.7/site-packages/airflow/example_dags/example_complex.py
[2022-08-09 08:33:31,889] {processor.py:654} INFO - DAG(s) dict_keys(['example_complex']) retrieved from /home/airflow/.local/lib/python3.7/site-packages/airflow/example_dags/example_complex.py
[2022-08-09 08:33:31,904] {logging_mixin.py:109} INFO - [2022-08-09 08:33:31,904] {dag.py:2396} INFO - Sync 1 DAGs
[2022-08-09 08:33:31,920] {logging_mixin.py:109} INFO - [2022-08-09 08:33:31,920] {dag.py:2935} INFO - Setting next_dagrun for example_complex to None
[2022-08-09 08:33:31,930] {processor.py:171} INFO - Processing /home/airflow/.local/lib/python3.7/site-packages/airflow/example_dags/example_complex.py took 0.088 seconds
[2022-08-09 08:34:02,583] {processor.py:163} INFO - Started process (PID=3787) to work on /home/airflow/.local/lib/python3.7/site-packages/airflow/example_dags/example_complex.py
[2022-08-09 08:34:02,587] {processor.py:642} INFO - Processing file /home/airflow/.local/lib/python3.7/site-packages/airflow/example_dags/example_complex.py for tasks to queue
[2022-08-09 08:34:02,589] {logging_mixin.py:109} INFO - [2022-08-09 08:34:02,589] {dagbag.py:500} INFO - Filling up the DagBag from /home/airflow/.local/lib/python3.7/site-packages/airflow/example_dags/example_complex.py
[2022-08-09 08:34:02,632] {processor.py:654} INFO - DAG(s) dict_keys(['example_complex']) retrieved from /home/airflow/.local/lib/python3.7/site-packages/airflow/example_dags/example_complex.py
[2022-08-09 08:34:02,648] {logging_mixin.py:109} INFO - [2022-08-09 08:34:02,648] {dag.py:2396} INFO - Sync 1 DAGs
[2022-08-09 08:34:02,670] {logging_mixin.py:109} INFO - [2022-08-09 08:34:02,670] {dag.py:2935} INFO - Setting next_dagrun for example_complex to None
[2022-08-09 08:34:02,684] {processor.py:171} INFO - Processing /home/airflow/.local/lib/python3.7/site-packages/airflow/example_dags/example_complex.py took 0.105 seconds
[2022-08-09 08:34:32,895] {processor.py:163} INFO - Started process (PID=3847) to work on /home/airflow/.local/lib/python3.7/site-packages/airflow/example_dags/example_complex.py
[2022-08-09 08:34:32,897] {processor.py:642} INFO - Processing file /home/airflow/.local/lib/python3.7/site-packages/airflow/example_dags/example_complex.py for tasks to queue
[2022-08-09 08:34:32,899] {logging_mixin.py:109} INFO - [2022-08-09 08:34:32,899] {dagbag.py:500} INFO - Filling up the DagBag from /home/airflow/.local/lib/python3.7/site-packages/airflow/example_dags/example_complex.py
[2022-08-09 08:34:32,938] {processor.py:654} INFO - DAG(s) dict_keys(['example_complex']) retrieved from /home/airflow/.local/lib/python3.7/site-packages/airflow/example_dags/example_complex.py
[2022-08-09 08:34:32,953] {logging_mixin.py:109} INFO - [2022-08-09 08:34:32,953] {dag.py:2396} INFO - Sync 1 DAGs
[2022-08-09 08:34:32,967] {logging_mixin.py:109} INFO - [2022-08-09 08:34:32,967] {dag.py:2935} INFO - Setting next_dagrun for example_complex to None
[2022-08-09 08:34:32,978] {processor.py:171} INFO - Processing /home/airflow/.local/lib/python3.7/site-packages/airflow/example_dags/example_complex.py took 0.088 seconds
[2022-08-09 08:35:03,306] {processor.py:163} INFO - Started process (PID=3916) to work on /home/airflow/.local/lib/python3.7/site-packages/airflow/example_dags/example_complex.py
[2022-08-09 08:35:03,308] {processor.py:642} INFO - Processing file /home/airflow/.local/lib/python3.7/site-packages/airflow/example_dags/example_complex.py for tasks to queue
[2022-08-09 08:35:03,309] {logging_mixin.py:109} INFO - [2022-08-09 08:35:03,309] {dagbag.py:500} INFO - Filling up the DagBag from /home/airflow/.local/lib/python3.7/site-packages/airflow/example_dags/example_complex.py
[2022-08-09 08:35:03,354] {processor.py:654} INFO - DAG(s) dict_keys(['example_complex']) retrieved from /home/airflow/.local/lib/python3.7/site-packages/airflow/example_dags/example_complex.py
[2022-08-09 08:35:03,370] {logging_mixin.py:109} INFO - [2022-08-09 08:35:03,369] {dag.py:2396} INFO - Sync 1 DAGs
[2022-08-09 08:35:03,393] {logging_mixin.py:109} INFO - [2022-08-09 08:35:03,393] {dag.py:2935} INFO - Setting next_dagrun for example_complex to None
[2022-08-09 08:35:03,432] {processor.py:171} INFO - Processing /home/airflow/.local/lib/python3.7/site-packages/airflow/example_dags/example_complex.py took 0.130 seconds
[2022-08-09 08:35:33,649] {processor.py:163} INFO - Started process (PID=3976) to work on /home/airflow/.local/lib/python3.7/site-packages/airflow/example_dags/example_complex.py
[2022-08-09 08:35:33,655] {processor.py:642} INFO - Processing file /home/airflow/.local/lib/python3.7/site-packages/airflow/example_dags/example_complex.py for tasks to queue
[2022-08-09 08:35:33,658] {logging_mixin.py:109} INFO - [2022-08-09 08:35:33,658] {dagbag.py:500} INFO - Filling up the DagBag from /home/airflow/.local/lib/python3.7/site-packages/airflow/example_dags/example_complex.py
[2022-08-09 08:35:33,743] {processor.py:654} INFO - DAG(s) dict_keys(['example_complex']) retrieved from /home/airflow/.local/lib/python3.7/site-packages/airflow/example_dags/example_complex.py
[2022-08-09 08:35:33,773] {logging_mixin.py:109} INFO - [2022-08-09 08:35:33,773] {dag.py:2396} INFO - Sync 1 DAGs
[2022-08-09 08:35:33,798] {logging_mixin.py:109} INFO - [2022-08-09 08:35:33,797] {dag.py:2935} INFO - Setting next_dagrun for example_complex to None
[2022-08-09 08:35:33,819] {processor.py:171} INFO - Processing /home/airflow/.local/lib/python3.7/site-packages/airflow/example_dags/example_complex.py took 0.176 seconds
[2022-08-09 08:36:04,372] {processor.py:163} INFO - Started process (PID=4045) to work on /home/airflow/.local/lib/python3.7/site-packages/airflow/example_dags/example_complex.py
[2022-08-09 08:36:04,375] {processor.py:642} INFO - Processing file /home/airflow/.local/lib/python3.7/site-packages/airflow/example_dags/example_complex.py for tasks to queue
[2022-08-09 08:36:04,378] {logging_mixin.py:109} INFO - [2022-08-09 08:36:04,378] {dagbag.py:500} INFO - Filling up the DagBag from /home/airflow/.local/lib/python3.7/site-packages/airflow/example_dags/example_complex.py
[2022-08-09 08:36:04,437] {processor.py:654} INFO - DAG(s) dict_keys(['example_complex']) retrieved from /home/airflow/.local/lib/python3.7/site-packages/airflow/example_dags/example_complex.py
[2022-08-09 08:36:04,461] {logging_mixin.py:109} INFO - [2022-08-09 08:36:04,461] {dag.py:2396} INFO - Sync 1 DAGs
[2022-08-09 08:36:04,486] {logging_mixin.py:109} INFO - [2022-08-09 08:36:04,486] {dag.py:2935} INFO - Setting next_dagrun for example_complex to None
[2022-08-09 08:36:04,503] {processor.py:171} INFO - Processing /home/airflow/.local/lib/python3.7/site-packages/airflow/example_dags/example_complex.py took 0.136 seconds
[2022-08-09 08:36:34,784] {processor.py:163} INFO - Started process (PID=4106) to work on /home/airflow/.local/lib/python3.7/site-packages/airflow/example_dags/example_complex.py
[2022-08-09 08:36:34,790] {processor.py:642} INFO - Processing file /home/airflow/.local/lib/python3.7/site-packages/airflow/example_dags/example_complex.py for tasks to queue
[2022-08-09 08:36:34,795] {logging_mixin.py:109} INFO - [2022-08-09 08:36:34,795] {dagbag.py:500} INFO - Filling up the DagBag from /home/airflow/.local/lib/python3.7/site-packages/airflow/example_dags/example_complex.py
[2022-08-09 08:36:35,295] {processor.py:654} INFO - DAG(s) dict_keys(['example_complex']) retrieved from /home/airflow/.local/lib/python3.7/site-packages/airflow/example_dags/example_complex.py
[2022-08-09 08:36:35,370] {logging_mixin.py:109} INFO - [2022-08-09 08:36:35,369] {dag.py:2396} INFO - Sync 1 DAGs
[2022-08-09 08:36:35,611] {logging_mixin.py:109} INFO - [2022-08-09 08:36:35,611] {dag.py:2935} INFO - Setting next_dagrun for example_complex to None
[2022-08-09 08:36:35,746] {processor.py:171} INFO - Processing /home/airflow/.local/lib/python3.7/site-packages/airflow/example_dags/example_complex.py took 0.971 seconds
[2022-08-09 08:55:24,297] {processor.py:163} INFO - Started process (PID=4174) to work on /home/airflow/.local/lib/python3.7/site-packages/airflow/example_dags/example_complex.py
[2022-08-09 08:55:24,303] {processor.py:642} INFO - Processing file /home/airflow/.local/lib/python3.7/site-packages/airflow/example_dags/example_complex.py for tasks to queue
[2022-08-09 08:55:24,306] {logging_mixin.py:109} INFO - [2022-08-09 08:55:24,305] {dagbag.py:500} INFO - Filling up the DagBag from /home/airflow/.local/lib/python3.7/site-packages/airflow/example_dags/example_complex.py
[2022-08-09 08:55:24,434] {processor.py:654} INFO - DAG(s) dict_keys(['example_complex']) retrieved from /home/airflow/.local/lib/python3.7/site-packages/airflow/example_dags/example_complex.py
[2022-08-09 08:55:24,494] {logging_mixin.py:109} INFO - [2022-08-09 08:55:24,494] {dag.py:2396} INFO - Sync 1 DAGs
[2022-08-09 08:55:24,567] {logging_mixin.py:109} INFO - [2022-08-09 08:55:24,566] {dag.py:2935} INFO - Setting next_dagrun for example_complex to None
[2022-08-09 08:55:24,603] {processor.py:171} INFO - Processing /home/airflow/.local/lib/python3.7/site-packages/airflow/example_dags/example_complex.py took 0.312 seconds
