[2022-08-09 08:04:31,751] {processor.py:163} INFO - Started process (PID=50) to work on /home/airflow/.local/lib/python3.7/site-packages/airflow/example_dags/example_python_operator.py
[2022-08-09 08:04:31,759] {processor.py:642} INFO - Processing file /home/airflow/.local/lib/python3.7/site-packages/airflow/example_dags/example_python_operator.py for tasks to queue
[2022-08-09 08:04:31,767] {logging_mixin.py:109} INFO - [2022-08-09 08:04:31,766] {dagbag.py:500} INFO - Filling up the DagBag from /home/airflow/.local/lib/python3.7/site-packages/airflow/example_dags/example_python_operator.py
[2022-08-09 08:04:31,984] {processor.py:654} INFO - DAG(s) dict_keys(['example_python_operator']) retrieved from /home/airflow/.local/lib/python3.7/site-packages/airflow/example_dags/example_python_operator.py
[2022-08-09 08:04:32,099] {logging_mixin.py:109} INFO - [2022-08-09 08:04:32,099] {dag.py:2396} INFO - Sync 1 DAGs
[2022-08-09 08:04:32,139] {logging_mixin.py:109} INFO - [2022-08-09 08:04:32,138] {dag.py:2935} INFO - Setting next_dagrun for example_python_operator to None
[2022-08-09 08:04:32,239] {processor.py:171} INFO - Processing /home/airflow/.local/lib/python3.7/site-packages/airflow/example_dags/example_python_operator.py took 0.501 seconds
[2022-08-09 08:05:02,853] {processor.py:163} INFO - Started process (PID=112) to work on /home/airflow/.local/lib/python3.7/site-packages/airflow/example_dags/example_python_operator.py
[2022-08-09 08:05:02,855] {processor.py:642} INFO - Processing file /home/airflow/.local/lib/python3.7/site-packages/airflow/example_dags/example_python_operator.py for tasks to queue
[2022-08-09 08:05:02,857] {logging_mixin.py:109} INFO - [2022-08-09 08:05:02,857] {dagbag.py:500} INFO - Filling up the DagBag from /home/airflow/.local/lib/python3.7/site-packages/airflow/example_dags/example_python_operator.py
[2022-08-09 08:05:02,894] {processor.py:654} INFO - DAG(s) dict_keys(['example_python_operator']) retrieved from /home/airflow/.local/lib/python3.7/site-packages/airflow/example_dags/example_python_operator.py
[2022-08-09 08:05:02,906] {logging_mixin.py:109} INFO - [2022-08-09 08:05:02,905] {dag.py:2396} INFO - Sync 1 DAGs
[2022-08-09 08:05:02,934] {logging_mixin.py:109} INFO - [2022-08-09 08:05:02,933] {dag.py:2935} INFO - Setting next_dagrun for example_python_operator to None
[2022-08-09 08:05:02,951] {processor.py:171} INFO - Processing /home/airflow/.local/lib/python3.7/site-packages/airflow/example_dags/example_python_operator.py took 0.102 seconds
[2022-08-09 08:05:33,452] {processor.py:163} INFO - Started process (PID=175) to work on /home/airflow/.local/lib/python3.7/site-packages/airflow/example_dags/example_python_operator.py
[2022-08-09 08:05:33,454] {processor.py:642} INFO - Processing file /home/airflow/.local/lib/python3.7/site-packages/airflow/example_dags/example_python_operator.py for tasks to queue
[2022-08-09 08:05:33,456] {logging_mixin.py:109} INFO - [2022-08-09 08:05:33,456] {dagbag.py:500} INFO - Filling up the DagBag from /home/airflow/.local/lib/python3.7/site-packages/airflow/example_dags/example_python_operator.py
[2022-08-09 08:05:33,492] {processor.py:654} INFO - DAG(s) dict_keys(['example_python_operator']) retrieved from /home/airflow/.local/lib/python3.7/site-packages/airflow/example_dags/example_python_operator.py
[2022-08-09 08:05:33,505] {logging_mixin.py:109} INFO - [2022-08-09 08:05:33,504] {dag.py:2396} INFO - Sync 1 DAGs
[2022-08-09 08:05:33,520] {logging_mixin.py:109} INFO - [2022-08-09 08:05:33,520] {dag.py:2935} INFO - Setting next_dagrun for example_python_operator to None
[2022-08-09 08:05:33,535] {processor.py:171} INFO - Processing /home/airflow/.local/lib/python3.7/site-packages/airflow/example_dags/example_python_operator.py took 0.086 seconds
[2022-08-09 08:06:04,150] {processor.py:163} INFO - Started process (PID=235) to work on /home/airflow/.local/lib/python3.7/site-packages/airflow/example_dags/example_python_operator.py
[2022-08-09 08:06:04,153] {processor.py:642} INFO - Processing file /home/airflow/.local/lib/python3.7/site-packages/airflow/example_dags/example_python_operator.py for tasks to queue
[2022-08-09 08:06:04,155] {logging_mixin.py:109} INFO - [2022-08-09 08:06:04,155] {dagbag.py:500} INFO - Filling up the DagBag from /home/airflow/.local/lib/python3.7/site-packages/airflow/example_dags/example_python_operator.py
[2022-08-09 08:06:04,191] {processor.py:654} INFO - DAG(s) dict_keys(['example_python_operator']) retrieved from /home/airflow/.local/lib/python3.7/site-packages/airflow/example_dags/example_python_operator.py
[2022-08-09 08:06:04,202] {logging_mixin.py:109} INFO - [2022-08-09 08:06:04,202] {dag.py:2396} INFO - Sync 1 DAGs
[2022-08-09 08:06:04,217] {logging_mixin.py:109} INFO - [2022-08-09 08:06:04,217] {dag.py:2935} INFO - Setting next_dagrun for example_python_operator to None
[2022-08-09 08:06:04,227] {processor.py:171} INFO - Processing /home/airflow/.local/lib/python3.7/site-packages/airflow/example_dags/example_python_operator.py took 0.082 seconds
[2022-08-09 08:06:34,316] {processor.py:163} INFO - Started process (PID=304) to work on /home/airflow/.local/lib/python3.7/site-packages/airflow/example_dags/example_python_operator.py
[2022-08-09 08:06:34,319] {processor.py:642} INFO - Processing file /home/airflow/.local/lib/python3.7/site-packages/airflow/example_dags/example_python_operator.py for tasks to queue
[2022-08-09 08:06:34,321] {logging_mixin.py:109} INFO - [2022-08-09 08:06:34,321] {dagbag.py:500} INFO - Filling up the DagBag from /home/airflow/.local/lib/python3.7/site-packages/airflow/example_dags/example_python_operator.py
[2022-08-09 08:06:34,359] {processor.py:654} INFO - DAG(s) dict_keys(['example_python_operator']) retrieved from /home/airflow/.local/lib/python3.7/site-packages/airflow/example_dags/example_python_operator.py
[2022-08-09 08:06:34,375] {logging_mixin.py:109} INFO - [2022-08-09 08:06:34,375] {dag.py:2396} INFO - Sync 1 DAGs
[2022-08-09 08:06:34,394] {logging_mixin.py:109} INFO - [2022-08-09 08:06:34,393] {dag.py:2935} INFO - Setting next_dagrun for example_python_operator to None
[2022-08-09 08:06:34,404] {processor.py:171} INFO - Processing /home/airflow/.local/lib/python3.7/site-packages/airflow/example_dags/example_python_operator.py took 0.093 seconds
[2022-08-09 08:07:04,815] {processor.py:163} INFO - Started process (PID=365) to work on /home/airflow/.local/lib/python3.7/site-packages/airflow/example_dags/example_python_operator.py
[2022-08-09 08:07:04,817] {processor.py:642} INFO - Processing file /home/airflow/.local/lib/python3.7/site-packages/airflow/example_dags/example_python_operator.py for tasks to queue
[2022-08-09 08:07:04,818] {logging_mixin.py:109} INFO - [2022-08-09 08:07:04,818] {dagbag.py:500} INFO - Filling up the DagBag from /home/airflow/.local/lib/python3.7/site-packages/airflow/example_dags/example_python_operator.py
[2022-08-09 08:07:04,857] {processor.py:654} INFO - DAG(s) dict_keys(['example_python_operator']) retrieved from /home/airflow/.local/lib/python3.7/site-packages/airflow/example_dags/example_python_operator.py
[2022-08-09 08:07:04,871] {logging_mixin.py:109} INFO - [2022-08-09 08:07:04,871] {dag.py:2396} INFO - Sync 1 DAGs
[2022-08-09 08:07:04,889] {logging_mixin.py:109} INFO - [2022-08-09 08:07:04,889] {dag.py:2935} INFO - Setting next_dagrun for example_python_operator to None
[2022-08-09 08:07:04,903] {processor.py:171} INFO - Processing /home/airflow/.local/lib/python3.7/site-packages/airflow/example_dags/example_python_operator.py took 0.093 seconds
[2022-08-09 08:07:35,279] {processor.py:163} INFO - Started process (PID=435) to work on /home/airflow/.local/lib/python3.7/site-packages/airflow/example_dags/example_python_operator.py
[2022-08-09 08:07:35,282] {processor.py:642} INFO - Processing file /home/airflow/.local/lib/python3.7/site-packages/airflow/example_dags/example_python_operator.py for tasks to queue
[2022-08-09 08:07:35,284] {logging_mixin.py:109} INFO - [2022-08-09 08:07:35,283] {dagbag.py:500} INFO - Filling up the DagBag from /home/airflow/.local/lib/python3.7/site-packages/airflow/example_dags/example_python_operator.py
[2022-08-09 08:07:35,320] {processor.py:654} INFO - DAG(s) dict_keys(['example_python_operator']) retrieved from /home/airflow/.local/lib/python3.7/site-packages/airflow/example_dags/example_python_operator.py
[2022-08-09 08:07:35,333] {logging_mixin.py:109} INFO - [2022-08-09 08:07:35,333] {dag.py:2396} INFO - Sync 1 DAGs
[2022-08-09 08:07:35,348] {logging_mixin.py:109} INFO - [2022-08-09 08:07:35,348] {dag.py:2935} INFO - Setting next_dagrun for example_python_operator to None
[2022-08-09 08:07:35,358] {processor.py:171} INFO - Processing /home/airflow/.local/lib/python3.7/site-packages/airflow/example_dags/example_python_operator.py took 0.085 seconds
[2022-08-09 08:08:05,936] {processor.py:163} INFO - Started process (PID=497) to work on /home/airflow/.local/lib/python3.7/site-packages/airflow/example_dags/example_python_operator.py
[2022-08-09 08:08:05,939] {processor.py:642} INFO - Processing file /home/airflow/.local/lib/python3.7/site-packages/airflow/example_dags/example_python_operator.py for tasks to queue
[2022-08-09 08:08:05,941] {logging_mixin.py:109} INFO - [2022-08-09 08:08:05,941] {dagbag.py:500} INFO - Filling up the DagBag from /home/airflow/.local/lib/python3.7/site-packages/airflow/example_dags/example_python_operator.py
[2022-08-09 08:08:05,977] {processor.py:654} INFO - DAG(s) dict_keys(['example_python_operator']) retrieved from /home/airflow/.local/lib/python3.7/site-packages/airflow/example_dags/example_python_operator.py
[2022-08-09 08:08:05,987] {logging_mixin.py:109} INFO - [2022-08-09 08:08:05,987] {dag.py:2396} INFO - Sync 1 DAGs
[2022-08-09 08:08:06,001] {logging_mixin.py:109} INFO - [2022-08-09 08:08:06,001] {dag.py:2935} INFO - Setting next_dagrun for example_python_operator to None
[2022-08-09 08:08:06,011] {processor.py:171} INFO - Processing /home/airflow/.local/lib/python3.7/site-packages/airflow/example_dags/example_python_operator.py took 0.081 seconds
[2022-08-09 08:08:36,904] {processor.py:163} INFO - Started process (PID=567) to work on /home/airflow/.local/lib/python3.7/site-packages/airflow/example_dags/example_python_operator.py
[2022-08-09 08:08:36,907] {processor.py:642} INFO - Processing file /home/airflow/.local/lib/python3.7/site-packages/airflow/example_dags/example_python_operator.py for tasks to queue
[2022-08-09 08:08:36,908] {logging_mixin.py:109} INFO - [2022-08-09 08:08:36,908] {dagbag.py:500} INFO - Filling up the DagBag from /home/airflow/.local/lib/python3.7/site-packages/airflow/example_dags/example_python_operator.py
[2022-08-09 08:08:36,943] {processor.py:654} INFO - DAG(s) dict_keys(['example_python_operator']) retrieved from /home/airflow/.local/lib/python3.7/site-packages/airflow/example_dags/example_python_operator.py
[2022-08-09 08:08:36,954] {logging_mixin.py:109} INFO - [2022-08-09 08:08:36,954] {dag.py:2396} INFO - Sync 1 DAGs
[2022-08-09 08:08:36,972] {logging_mixin.py:109} INFO - [2022-08-09 08:08:36,972] {dag.py:2935} INFO - Setting next_dagrun for example_python_operator to None
[2022-08-09 08:08:36,993] {processor.py:171} INFO - Processing /home/airflow/.local/lib/python3.7/site-packages/airflow/example_dags/example_python_operator.py took 0.095 seconds
[2022-08-09 08:09:07,738] {processor.py:163} INFO - Started process (PID=628) to work on /home/airflow/.local/lib/python3.7/site-packages/airflow/example_dags/example_python_operator.py
[2022-08-09 08:09:07,740] {processor.py:642} INFO - Processing file /home/airflow/.local/lib/python3.7/site-packages/airflow/example_dags/example_python_operator.py for tasks to queue
[2022-08-09 08:09:07,742] {logging_mixin.py:109} INFO - [2022-08-09 08:09:07,742] {dagbag.py:500} INFO - Filling up the DagBag from /home/airflow/.local/lib/python3.7/site-packages/airflow/example_dags/example_python_operator.py
[2022-08-09 08:09:07,776] {processor.py:654} INFO - DAG(s) dict_keys(['example_python_operator']) retrieved from /home/airflow/.local/lib/python3.7/site-packages/airflow/example_dags/example_python_operator.py
[2022-08-09 08:09:07,788] {logging_mixin.py:109} INFO - [2022-08-09 08:09:07,788] {dag.py:2396} INFO - Sync 1 DAGs
[2022-08-09 08:09:07,804] {logging_mixin.py:109} INFO - [2022-08-09 08:09:07,804] {dag.py:2935} INFO - Setting next_dagrun for example_python_operator to None
[2022-08-09 08:09:07,815] {processor.py:171} INFO - Processing /home/airflow/.local/lib/python3.7/site-packages/airflow/example_dags/example_python_operator.py took 0.080 seconds
[2022-08-09 08:09:37,850] {processor.py:163} INFO - Started process (PID=699) to work on /home/airflow/.local/lib/python3.7/site-packages/airflow/example_dags/example_python_operator.py
[2022-08-09 08:09:37,852] {processor.py:642} INFO - Processing file /home/airflow/.local/lib/python3.7/site-packages/airflow/example_dags/example_python_operator.py for tasks to queue
[2022-08-09 08:09:37,854] {logging_mixin.py:109} INFO - [2022-08-09 08:09:37,854] {dagbag.py:500} INFO - Filling up the DagBag from /home/airflow/.local/lib/python3.7/site-packages/airflow/example_dags/example_python_operator.py
[2022-08-09 08:09:37,888] {processor.py:654} INFO - DAG(s) dict_keys(['example_python_operator']) retrieved from /home/airflow/.local/lib/python3.7/site-packages/airflow/example_dags/example_python_operator.py
[2022-08-09 08:09:37,901] {logging_mixin.py:109} INFO - [2022-08-09 08:09:37,900] {dag.py:2396} INFO - Sync 1 DAGs
[2022-08-09 08:09:37,917] {logging_mixin.py:109} INFO - [2022-08-09 08:09:37,917] {dag.py:2935} INFO - Setting next_dagrun for example_python_operator to None
[2022-08-09 08:09:37,930] {processor.py:171} INFO - Processing /home/airflow/.local/lib/python3.7/site-packages/airflow/example_dags/example_python_operator.py took 0.084 seconds
[2022-08-09 08:10:08,563] {processor.py:163} INFO - Started process (PID=760) to work on /home/airflow/.local/lib/python3.7/site-packages/airflow/example_dags/example_python_operator.py
[2022-08-09 08:10:08,565] {processor.py:642} INFO - Processing file /home/airflow/.local/lib/python3.7/site-packages/airflow/example_dags/example_python_operator.py for tasks to queue
[2022-08-09 08:10:08,567] {logging_mixin.py:109} INFO - [2022-08-09 08:10:08,567] {dagbag.py:500} INFO - Filling up the DagBag from /home/airflow/.local/lib/python3.7/site-packages/airflow/example_dags/example_python_operator.py
[2022-08-09 08:10:08,605] {processor.py:654} INFO - DAG(s) dict_keys(['example_python_operator']) retrieved from /home/airflow/.local/lib/python3.7/site-packages/airflow/example_dags/example_python_operator.py
[2022-08-09 08:10:08,619] {logging_mixin.py:109} INFO - [2022-08-09 08:10:08,619] {dag.py:2396} INFO - Sync 1 DAGs
[2022-08-09 08:10:08,640] {logging_mixin.py:109} INFO - [2022-08-09 08:10:08,640] {dag.py:2935} INFO - Setting next_dagrun for example_python_operator to None
[2022-08-09 08:10:08,654] {processor.py:171} INFO - Processing /home/airflow/.local/lib/python3.7/site-packages/airflow/example_dags/example_python_operator.py took 0.096 seconds
[2022-08-09 08:10:39,592] {processor.py:163} INFO - Started process (PID=830) to work on /home/airflow/.local/lib/python3.7/site-packages/airflow/example_dags/example_python_operator.py
[2022-08-09 08:10:39,596] {processor.py:642} INFO - Processing file /home/airflow/.local/lib/python3.7/site-packages/airflow/example_dags/example_python_operator.py for tasks to queue
[2022-08-09 08:10:39,599] {logging_mixin.py:109} INFO - [2022-08-09 08:10:39,598] {dagbag.py:500} INFO - Filling up the DagBag from /home/airflow/.local/lib/python3.7/site-packages/airflow/example_dags/example_python_operator.py
[2022-08-09 08:10:39,650] {processor.py:654} INFO - DAG(s) dict_keys(['example_python_operator']) retrieved from /home/airflow/.local/lib/python3.7/site-packages/airflow/example_dags/example_python_operator.py
[2022-08-09 08:10:39,695] {logging_mixin.py:109} INFO - [2022-08-09 08:10:39,695] {dag.py:2396} INFO - Sync 1 DAGs
[2022-08-09 08:10:39,713] {logging_mixin.py:109} INFO - [2022-08-09 08:10:39,712] {dag.py:2935} INFO - Setting next_dagrun for example_python_operator to None
[2022-08-09 08:10:39,733] {processor.py:171} INFO - Processing /home/airflow/.local/lib/python3.7/site-packages/airflow/example_dags/example_python_operator.py took 0.146 seconds
[2022-08-09 08:11:09,767] {processor.py:163} INFO - Started process (PID=886) to work on /home/airflow/.local/lib/python3.7/site-packages/airflow/example_dags/example_python_operator.py
[2022-08-09 08:11:09,770] {processor.py:642} INFO - Processing file /home/airflow/.local/lib/python3.7/site-packages/airflow/example_dags/example_python_operator.py for tasks to queue
[2022-08-09 08:11:09,772] {logging_mixin.py:109} INFO - [2022-08-09 08:11:09,771] {dagbag.py:500} INFO - Filling up the DagBag from /home/airflow/.local/lib/python3.7/site-packages/airflow/example_dags/example_python_operator.py
[2022-08-09 08:11:09,809] {processor.py:654} INFO - DAG(s) dict_keys(['example_python_operator']) retrieved from /home/airflow/.local/lib/python3.7/site-packages/airflow/example_dags/example_python_operator.py
[2022-08-09 08:11:09,824] {logging_mixin.py:109} INFO - [2022-08-09 08:11:09,824] {dag.py:2396} INFO - Sync 1 DAGs
[2022-08-09 08:11:09,847] {logging_mixin.py:109} INFO - [2022-08-09 08:11:09,847] {dag.py:2935} INFO - Setting next_dagrun for example_python_operator to None
[2022-08-09 08:11:09,860] {processor.py:171} INFO - Processing /home/airflow/.local/lib/python3.7/site-packages/airflow/example_dags/example_python_operator.py took 0.096 seconds
[2022-08-09 08:11:40,934] {processor.py:163} INFO - Started process (PID=951) to work on /home/airflow/.local/lib/python3.7/site-packages/airflow/example_dags/example_python_operator.py
[2022-08-09 08:11:40,937] {processor.py:642} INFO - Processing file /home/airflow/.local/lib/python3.7/site-packages/airflow/example_dags/example_python_operator.py for tasks to queue
[2022-08-09 08:11:40,938] {logging_mixin.py:109} INFO - [2022-08-09 08:11:40,938] {dagbag.py:500} INFO - Filling up the DagBag from /home/airflow/.local/lib/python3.7/site-packages/airflow/example_dags/example_python_operator.py
[2022-08-09 08:11:40,975] {processor.py:654} INFO - DAG(s) dict_keys(['example_python_operator']) retrieved from /home/airflow/.local/lib/python3.7/site-packages/airflow/example_dags/example_python_operator.py
[2022-08-09 08:11:40,989] {logging_mixin.py:109} INFO - [2022-08-09 08:11:40,989] {dag.py:2396} INFO - Sync 1 DAGs
[2022-08-09 08:11:41,008] {logging_mixin.py:109} INFO - [2022-08-09 08:11:41,008] {dag.py:2935} INFO - Setting next_dagrun for example_python_operator to None
[2022-08-09 08:11:41,022] {processor.py:171} INFO - Processing /home/airflow/.local/lib/python3.7/site-packages/airflow/example_dags/example_python_operator.py took 0.094 seconds
[2022-08-09 08:12:11,550] {processor.py:163} INFO - Started process (PID=1020) to work on /home/airflow/.local/lib/python3.7/site-packages/airflow/example_dags/example_python_operator.py
[2022-08-09 08:12:11,552] {processor.py:642} INFO - Processing file /home/airflow/.local/lib/python3.7/site-packages/airflow/example_dags/example_python_operator.py for tasks to queue
[2022-08-09 08:12:11,555] {logging_mixin.py:109} INFO - [2022-08-09 08:12:11,554] {dagbag.py:500} INFO - Filling up the DagBag from /home/airflow/.local/lib/python3.7/site-packages/airflow/example_dags/example_python_operator.py
[2022-08-09 08:12:11,606] {processor.py:654} INFO - DAG(s) dict_keys(['example_python_operator']) retrieved from /home/airflow/.local/lib/python3.7/site-packages/airflow/example_dags/example_python_operator.py
[2022-08-09 08:12:11,640] {logging_mixin.py:109} INFO - [2022-08-09 08:12:11,639] {dag.py:2396} INFO - Sync 1 DAGs
[2022-08-09 08:12:11,674] {logging_mixin.py:109} INFO - [2022-08-09 08:12:11,674] {dag.py:2935} INFO - Setting next_dagrun for example_python_operator to None
[2022-08-09 08:12:11,694] {processor.py:171} INFO - Processing /home/airflow/.local/lib/python3.7/site-packages/airflow/example_dags/example_python_operator.py took 0.148 seconds
[2022-08-09 08:12:42,421] {processor.py:163} INFO - Started process (PID=1081) to work on /home/airflow/.local/lib/python3.7/site-packages/airflow/example_dags/example_python_operator.py
[2022-08-09 08:12:42,423] {processor.py:642} INFO - Processing file /home/airflow/.local/lib/python3.7/site-packages/airflow/example_dags/example_python_operator.py for tasks to queue
[2022-08-09 08:12:42,425] {logging_mixin.py:109} INFO - [2022-08-09 08:12:42,425] {dagbag.py:500} INFO - Filling up the DagBag from /home/airflow/.local/lib/python3.7/site-packages/airflow/example_dags/example_python_operator.py
[2022-08-09 08:12:42,459] {processor.py:654} INFO - DAG(s) dict_keys(['example_python_operator']) retrieved from /home/airflow/.local/lib/python3.7/site-packages/airflow/example_dags/example_python_operator.py
[2022-08-09 08:12:42,470] {logging_mixin.py:109} INFO - [2022-08-09 08:12:42,470] {dag.py:2396} INFO - Sync 1 DAGs
[2022-08-09 08:12:42,488] {logging_mixin.py:109} INFO - [2022-08-09 08:12:42,488] {dag.py:2935} INFO - Setting next_dagrun for example_python_operator to None
[2022-08-09 08:12:42,502] {processor.py:171} INFO - Processing /home/airflow/.local/lib/python3.7/site-packages/airflow/example_dags/example_python_operator.py took 0.085 seconds
[2022-08-09 08:13:13,054] {processor.py:163} INFO - Started process (PID=1150) to work on /home/airflow/.local/lib/python3.7/site-packages/airflow/example_dags/example_python_operator.py
[2022-08-09 08:13:13,057] {processor.py:642} INFO - Processing file /home/airflow/.local/lib/python3.7/site-packages/airflow/example_dags/example_python_operator.py for tasks to queue
[2022-08-09 08:13:13,058] {logging_mixin.py:109} INFO - [2022-08-09 08:13:13,058] {dagbag.py:500} INFO - Filling up the DagBag from /home/airflow/.local/lib/python3.7/site-packages/airflow/example_dags/example_python_operator.py
[2022-08-09 08:13:13,093] {processor.py:654} INFO - DAG(s) dict_keys(['example_python_operator']) retrieved from /home/airflow/.local/lib/python3.7/site-packages/airflow/example_dags/example_python_operator.py
[2022-08-09 08:13:13,106] {logging_mixin.py:109} INFO - [2022-08-09 08:13:13,106] {dag.py:2396} INFO - Sync 1 DAGs
[2022-08-09 08:13:13,125] {logging_mixin.py:109} INFO - [2022-08-09 08:13:13,124] {dag.py:2935} INFO - Setting next_dagrun for example_python_operator to None
[2022-08-09 08:13:13,138] {processor.py:171} INFO - Processing /home/airflow/.local/lib/python3.7/site-packages/airflow/example_dags/example_python_operator.py took 0.087 seconds
[2022-08-09 08:13:43,865] {processor.py:163} INFO - Started process (PID=1211) to work on /home/airflow/.local/lib/python3.7/site-packages/airflow/example_dags/example_python_operator.py
[2022-08-09 08:13:43,867] {processor.py:642} INFO - Processing file /home/airflow/.local/lib/python3.7/site-packages/airflow/example_dags/example_python_operator.py for tasks to queue
[2022-08-09 08:13:43,868] {logging_mixin.py:109} INFO - [2022-08-09 08:13:43,868] {dagbag.py:500} INFO - Filling up the DagBag from /home/airflow/.local/lib/python3.7/site-packages/airflow/example_dags/example_python_operator.py
[2022-08-09 08:13:43,903] {processor.py:654} INFO - DAG(s) dict_keys(['example_python_operator']) retrieved from /home/airflow/.local/lib/python3.7/site-packages/airflow/example_dags/example_python_operator.py
[2022-08-09 08:13:43,914] {logging_mixin.py:109} INFO - [2022-08-09 08:13:43,914] {dag.py:2396} INFO - Sync 1 DAGs
[2022-08-09 08:13:43,930] {logging_mixin.py:109} INFO - [2022-08-09 08:13:43,930] {dag.py:2935} INFO - Setting next_dagrun for example_python_operator to None
[2022-08-09 08:13:43,940] {processor.py:171} INFO - Processing /home/airflow/.local/lib/python3.7/site-packages/airflow/example_dags/example_python_operator.py took 0.079 seconds
[2022-08-09 08:14:14,642] {processor.py:163} INFO - Started process (PID=1281) to work on /home/airflow/.local/lib/python3.7/site-packages/airflow/example_dags/example_python_operator.py
[2022-08-09 08:14:14,644] {processor.py:642} INFO - Processing file /home/airflow/.local/lib/python3.7/site-packages/airflow/example_dags/example_python_operator.py for tasks to queue
[2022-08-09 08:14:14,646] {logging_mixin.py:109} INFO - [2022-08-09 08:14:14,646] {dagbag.py:500} INFO - Filling up the DagBag from /home/airflow/.local/lib/python3.7/site-packages/airflow/example_dags/example_python_operator.py
[2022-08-09 08:14:14,690] {processor.py:654} INFO - DAG(s) dict_keys(['example_python_operator']) retrieved from /home/airflow/.local/lib/python3.7/site-packages/airflow/example_dags/example_python_operator.py
[2022-08-09 08:14:14,702] {logging_mixin.py:109} INFO - [2022-08-09 08:14:14,702] {dag.py:2396} INFO - Sync 1 DAGs
[2022-08-09 08:14:14,725] {logging_mixin.py:109} INFO - [2022-08-09 08:14:14,725] {dag.py:2935} INFO - Setting next_dagrun for example_python_operator to None
[2022-08-09 08:14:14,739] {processor.py:171} INFO - Processing /home/airflow/.local/lib/python3.7/site-packages/airflow/example_dags/example_python_operator.py took 0.100 seconds
[2022-08-09 08:14:45,608] {processor.py:163} INFO - Started process (PID=1341) to work on /home/airflow/.local/lib/python3.7/site-packages/airflow/example_dags/example_python_operator.py
[2022-08-09 08:14:45,611] {processor.py:642} INFO - Processing file /home/airflow/.local/lib/python3.7/site-packages/airflow/example_dags/example_python_operator.py for tasks to queue
[2022-08-09 08:14:45,613] {logging_mixin.py:109} INFO - [2022-08-09 08:14:45,613] {dagbag.py:500} INFO - Filling up the DagBag from /home/airflow/.local/lib/python3.7/site-packages/airflow/example_dags/example_python_operator.py
[2022-08-09 08:14:45,651] {processor.py:654} INFO - DAG(s) dict_keys(['example_python_operator']) retrieved from /home/airflow/.local/lib/python3.7/site-packages/airflow/example_dags/example_python_operator.py
[2022-08-09 08:14:45,664] {logging_mixin.py:109} INFO - [2022-08-09 08:14:45,664] {dag.py:2396} INFO - Sync 1 DAGs
[2022-08-09 08:14:45,680] {logging_mixin.py:109} INFO - [2022-08-09 08:14:45,680] {dag.py:2935} INFO - Setting next_dagrun for example_python_operator to None
[2022-08-09 08:14:45,692] {processor.py:171} INFO - Processing /home/airflow/.local/lib/python3.7/site-packages/airflow/example_dags/example_python_operator.py took 0.088 seconds
[2022-08-09 08:15:16,301] {processor.py:163} INFO - Started process (PID=1410) to work on /home/airflow/.local/lib/python3.7/site-packages/airflow/example_dags/example_python_operator.py
[2022-08-09 08:15:16,303] {processor.py:642} INFO - Processing file /home/airflow/.local/lib/python3.7/site-packages/airflow/example_dags/example_python_operator.py for tasks to queue
[2022-08-09 08:15:16,304] {logging_mixin.py:109} INFO - [2022-08-09 08:15:16,304] {dagbag.py:500} INFO - Filling up the DagBag from /home/airflow/.local/lib/python3.7/site-packages/airflow/example_dags/example_python_operator.py
[2022-08-09 08:15:16,345] {processor.py:654} INFO - DAG(s) dict_keys(['example_python_operator']) retrieved from /home/airflow/.local/lib/python3.7/site-packages/airflow/example_dags/example_python_operator.py
[2022-08-09 08:15:16,359] {logging_mixin.py:109} INFO - [2022-08-09 08:15:16,359] {dag.py:2396} INFO - Sync 1 DAGs
[2022-08-09 08:15:16,375] {logging_mixin.py:109} INFO - [2022-08-09 08:15:16,375] {dag.py:2935} INFO - Setting next_dagrun for example_python_operator to None
[2022-08-09 08:15:16,388] {processor.py:171} INFO - Processing /home/airflow/.local/lib/python3.7/site-packages/airflow/example_dags/example_python_operator.py took 0.091 seconds
[2022-08-09 08:15:46,472] {processor.py:163} INFO - Started process (PID=1468) to work on /home/airflow/.local/lib/python3.7/site-packages/airflow/example_dags/example_python_operator.py
[2022-08-09 08:15:46,473] {processor.py:642} INFO - Processing file /home/airflow/.local/lib/python3.7/site-packages/airflow/example_dags/example_python_operator.py for tasks to queue
[2022-08-09 08:15:46,475] {logging_mixin.py:109} INFO - [2022-08-09 08:15:46,475] {dagbag.py:500} INFO - Filling up the DagBag from /home/airflow/.local/lib/python3.7/site-packages/airflow/example_dags/example_python_operator.py
[2022-08-09 08:15:46,508] {processor.py:654} INFO - DAG(s) dict_keys(['example_python_operator']) retrieved from /home/airflow/.local/lib/python3.7/site-packages/airflow/example_dags/example_python_operator.py
[2022-08-09 08:15:46,519] {logging_mixin.py:109} INFO - [2022-08-09 08:15:46,519] {dag.py:2396} INFO - Sync 1 DAGs
[2022-08-09 08:15:46,545] {logging_mixin.py:109} INFO - [2022-08-09 08:15:46,545] {dag.py:2935} INFO - Setting next_dagrun for example_python_operator to None
[2022-08-09 08:15:46,561] {processor.py:171} INFO - Processing /home/airflow/.local/lib/python3.7/site-packages/airflow/example_dags/example_python_operator.py took 0.093 seconds
[2022-08-09 08:16:16,707] {processor.py:163} INFO - Started process (PID=1535) to work on /home/airflow/.local/lib/python3.7/site-packages/airflow/example_dags/example_python_operator.py
[2022-08-09 08:16:16,709] {processor.py:642} INFO - Processing file /home/airflow/.local/lib/python3.7/site-packages/airflow/example_dags/example_python_operator.py for tasks to queue
[2022-08-09 08:16:16,710] {logging_mixin.py:109} INFO - [2022-08-09 08:16:16,710] {dagbag.py:500} INFO - Filling up the DagBag from /home/airflow/.local/lib/python3.7/site-packages/airflow/example_dags/example_python_operator.py
[2022-08-09 08:16:16,741] {processor.py:654} INFO - DAG(s) dict_keys(['example_python_operator']) retrieved from /home/airflow/.local/lib/python3.7/site-packages/airflow/example_dags/example_python_operator.py
[2022-08-09 08:16:16,752] {logging_mixin.py:109} INFO - [2022-08-09 08:16:16,752] {dag.py:2396} INFO - Sync 1 DAGs
[2022-08-09 08:16:16,768] {logging_mixin.py:109} INFO - [2022-08-09 08:16:16,767] {dag.py:2935} INFO - Setting next_dagrun for example_python_operator to None
[2022-08-09 08:16:16,778] {processor.py:171} INFO - Processing /home/airflow/.local/lib/python3.7/site-packages/airflow/example_dags/example_python_operator.py took 0.075 seconds
[2022-08-09 08:16:47,090] {processor.py:163} INFO - Started process (PID=1595) to work on /home/airflow/.local/lib/python3.7/site-packages/airflow/example_dags/example_python_operator.py
[2022-08-09 08:16:47,093] {processor.py:642} INFO - Processing file /home/airflow/.local/lib/python3.7/site-packages/airflow/example_dags/example_python_operator.py for tasks to queue
[2022-08-09 08:16:47,095] {logging_mixin.py:109} INFO - [2022-08-09 08:16:47,095] {dagbag.py:500} INFO - Filling up the DagBag from /home/airflow/.local/lib/python3.7/site-packages/airflow/example_dags/example_python_operator.py
[2022-08-09 08:16:47,135] {processor.py:654} INFO - DAG(s) dict_keys(['example_python_operator']) retrieved from /home/airflow/.local/lib/python3.7/site-packages/airflow/example_dags/example_python_operator.py
[2022-08-09 08:16:47,154] {logging_mixin.py:109} INFO - [2022-08-09 08:16:47,154] {dag.py:2396} INFO - Sync 1 DAGs
[2022-08-09 08:16:47,178] {logging_mixin.py:109} INFO - [2022-08-09 08:16:47,178] {dag.py:2935} INFO - Setting next_dagrun for example_python_operator to None
[2022-08-09 08:16:47,193] {processor.py:171} INFO - Processing /home/airflow/.local/lib/python3.7/site-packages/airflow/example_dags/example_python_operator.py took 0.110 seconds
[2022-08-09 08:17:17,652] {processor.py:163} INFO - Started process (PID=1664) to work on /home/airflow/.local/lib/python3.7/site-packages/airflow/example_dags/example_python_operator.py
[2022-08-09 08:17:17,654] {processor.py:642} INFO - Processing file /home/airflow/.local/lib/python3.7/site-packages/airflow/example_dags/example_python_operator.py for tasks to queue
[2022-08-09 08:17:17,655] {logging_mixin.py:109} INFO - [2022-08-09 08:17:17,655] {dagbag.py:500} INFO - Filling up the DagBag from /home/airflow/.local/lib/python3.7/site-packages/airflow/example_dags/example_python_operator.py
[2022-08-09 08:17:17,690] {processor.py:654} INFO - DAG(s) dict_keys(['example_python_operator']) retrieved from /home/airflow/.local/lib/python3.7/site-packages/airflow/example_dags/example_python_operator.py
[2022-08-09 08:17:17,705] {logging_mixin.py:109} INFO - [2022-08-09 08:17:17,705] {dag.py:2396} INFO - Sync 1 DAGs
[2022-08-09 08:17:17,723] {logging_mixin.py:109} INFO - [2022-08-09 08:17:17,723] {dag.py:2935} INFO - Setting next_dagrun for example_python_operator to None
[2022-08-09 08:17:17,733] {processor.py:171} INFO - Processing /home/airflow/.local/lib/python3.7/site-packages/airflow/example_dags/example_python_operator.py took 0.085 seconds
[2022-08-09 08:17:48,242] {processor.py:163} INFO - Started process (PID=1724) to work on /home/airflow/.local/lib/python3.7/site-packages/airflow/example_dags/example_python_operator.py
[2022-08-09 08:17:48,244] {processor.py:642} INFO - Processing file /home/airflow/.local/lib/python3.7/site-packages/airflow/example_dags/example_python_operator.py for tasks to queue
[2022-08-09 08:17:48,246] {logging_mixin.py:109} INFO - [2022-08-09 08:17:48,245] {dagbag.py:500} INFO - Filling up the DagBag from /home/airflow/.local/lib/python3.7/site-packages/airflow/example_dags/example_python_operator.py
[2022-08-09 08:17:48,280] {processor.py:654} INFO - DAG(s) dict_keys(['example_python_operator']) retrieved from /home/airflow/.local/lib/python3.7/site-packages/airflow/example_dags/example_python_operator.py
[2022-08-09 08:17:48,291] {logging_mixin.py:109} INFO - [2022-08-09 08:17:48,291] {dag.py:2396} INFO - Sync 1 DAGs
[2022-08-09 08:17:48,309] {logging_mixin.py:109} INFO - [2022-08-09 08:17:48,308] {dag.py:2935} INFO - Setting next_dagrun for example_python_operator to None
[2022-08-09 08:17:48,407] {processor.py:171} INFO - Processing /home/airflow/.local/lib/python3.7/site-packages/airflow/example_dags/example_python_operator.py took 0.169 seconds
[2022-08-09 08:18:19,084] {processor.py:163} INFO - Started process (PID=1793) to work on /home/airflow/.local/lib/python3.7/site-packages/airflow/example_dags/example_python_operator.py
[2022-08-09 08:18:19,086] {processor.py:642} INFO - Processing file /home/airflow/.local/lib/python3.7/site-packages/airflow/example_dags/example_python_operator.py for tasks to queue
[2022-08-09 08:18:19,089] {logging_mixin.py:109} INFO - [2022-08-09 08:18:19,089] {dagbag.py:500} INFO - Filling up the DagBag from /home/airflow/.local/lib/python3.7/site-packages/airflow/example_dags/example_python_operator.py
[2022-08-09 08:18:19,131] {processor.py:654} INFO - DAG(s) dict_keys(['example_python_operator']) retrieved from /home/airflow/.local/lib/python3.7/site-packages/airflow/example_dags/example_python_operator.py
[2022-08-09 08:18:19,144] {logging_mixin.py:109} INFO - [2022-08-09 08:18:19,144] {dag.py:2396} INFO - Sync 1 DAGs
[2022-08-09 08:18:19,250] {logging_mixin.py:109} INFO - [2022-08-09 08:18:19,249] {dag.py:2935} INFO - Setting next_dagrun for example_python_operator to None
[2022-08-09 08:18:19,260] {processor.py:171} INFO - Processing /home/airflow/.local/lib/python3.7/site-packages/airflow/example_dags/example_python_operator.py took 0.180 seconds
[2022-08-09 08:18:49,351] {processor.py:163} INFO - Started process (PID=1853) to work on /home/airflow/.local/lib/python3.7/site-packages/airflow/example_dags/example_python_operator.py
[2022-08-09 08:18:49,353] {processor.py:642} INFO - Processing file /home/airflow/.local/lib/python3.7/site-packages/airflow/example_dags/example_python_operator.py for tasks to queue
[2022-08-09 08:18:49,355] {logging_mixin.py:109} INFO - [2022-08-09 08:18:49,355] {dagbag.py:500} INFO - Filling up the DagBag from /home/airflow/.local/lib/python3.7/site-packages/airflow/example_dags/example_python_operator.py
[2022-08-09 08:18:49,389] {processor.py:654} INFO - DAG(s) dict_keys(['example_python_operator']) retrieved from /home/airflow/.local/lib/python3.7/site-packages/airflow/example_dags/example_python_operator.py
[2022-08-09 08:18:49,401] {logging_mixin.py:109} INFO - [2022-08-09 08:18:49,400] {dag.py:2396} INFO - Sync 1 DAGs
[2022-08-09 08:18:49,504] {logging_mixin.py:109} INFO - [2022-08-09 08:18:49,504] {dag.py:2935} INFO - Setting next_dagrun for example_python_operator to None
[2022-08-09 08:18:49,514] {processor.py:171} INFO - Processing /home/airflow/.local/lib/python3.7/site-packages/airflow/example_dags/example_python_operator.py took 0.166 seconds
[2022-08-09 08:19:19,829] {processor.py:163} INFO - Started process (PID=1923) to work on /home/airflow/.local/lib/python3.7/site-packages/airflow/example_dags/example_python_operator.py
[2022-08-09 08:19:19,831] {processor.py:642} INFO - Processing file /home/airflow/.local/lib/python3.7/site-packages/airflow/example_dags/example_python_operator.py for tasks to queue
[2022-08-09 08:19:19,832] {logging_mixin.py:109} INFO - [2022-08-09 08:19:19,832] {dagbag.py:500} INFO - Filling up the DagBag from /home/airflow/.local/lib/python3.7/site-packages/airflow/example_dags/example_python_operator.py
[2022-08-09 08:19:19,866] {processor.py:654} INFO - DAG(s) dict_keys(['example_python_operator']) retrieved from /home/airflow/.local/lib/python3.7/site-packages/airflow/example_dags/example_python_operator.py
[2022-08-09 08:19:19,878] {logging_mixin.py:109} INFO - [2022-08-09 08:19:19,877] {dag.py:2396} INFO - Sync 1 DAGs
[2022-08-09 08:19:19,981] {logging_mixin.py:109} INFO - [2022-08-09 08:19:19,981] {dag.py:2935} INFO - Setting next_dagrun for example_python_operator to None
[2022-08-09 08:19:19,995] {processor.py:171} INFO - Processing /home/airflow/.local/lib/python3.7/site-packages/airflow/example_dags/example_python_operator.py took 0.169 seconds
[2022-08-09 08:19:50,570] {processor.py:163} INFO - Started process (PID=1983) to work on /home/airflow/.local/lib/python3.7/site-packages/airflow/example_dags/example_python_operator.py
[2022-08-09 08:19:50,572] {processor.py:642} INFO - Processing file /home/airflow/.local/lib/python3.7/site-packages/airflow/example_dags/example_python_operator.py for tasks to queue
[2022-08-09 08:19:50,574] {logging_mixin.py:109} INFO - [2022-08-09 08:19:50,573] {dagbag.py:500} INFO - Filling up the DagBag from /home/airflow/.local/lib/python3.7/site-packages/airflow/example_dags/example_python_operator.py
[2022-08-09 08:19:50,607] {processor.py:654} INFO - DAG(s) dict_keys(['example_python_operator']) retrieved from /home/airflow/.local/lib/python3.7/site-packages/airflow/example_dags/example_python_operator.py
[2022-08-09 08:19:50,707] {logging_mixin.py:109} INFO - [2022-08-09 08:19:50,707] {dag.py:2396} INFO - Sync 1 DAGs
[2022-08-09 08:19:50,726] {logging_mixin.py:109} INFO - [2022-08-09 08:19:50,726] {dag.py:2935} INFO - Setting next_dagrun for example_python_operator to None
[2022-08-09 08:19:50,738] {processor.py:171} INFO - Processing /home/airflow/.local/lib/python3.7/site-packages/airflow/example_dags/example_python_operator.py took 0.172 seconds
[2022-08-09 08:20:21,305] {processor.py:163} INFO - Started process (PID=2052) to work on /home/airflow/.local/lib/python3.7/site-packages/airflow/example_dags/example_python_operator.py
[2022-08-09 08:20:21,307] {processor.py:642} INFO - Processing file /home/airflow/.local/lib/python3.7/site-packages/airflow/example_dags/example_python_operator.py for tasks to queue
[2022-08-09 08:20:21,308] {logging_mixin.py:109} INFO - [2022-08-09 08:20:21,308] {dagbag.py:500} INFO - Filling up the DagBag from /home/airflow/.local/lib/python3.7/site-packages/airflow/example_dags/example_python_operator.py
[2022-08-09 08:20:21,438] {processor.py:654} INFO - DAG(s) dict_keys(['example_python_operator']) retrieved from /home/airflow/.local/lib/python3.7/site-packages/airflow/example_dags/example_python_operator.py
[2022-08-09 08:20:21,450] {logging_mixin.py:109} INFO - [2022-08-09 08:20:21,450] {dag.py:2396} INFO - Sync 1 DAGs
[2022-08-09 08:20:21,467] {logging_mixin.py:109} INFO - [2022-08-09 08:20:21,467] {dag.py:2935} INFO - Setting next_dagrun for example_python_operator to None
[2022-08-09 08:20:21,479] {processor.py:171} INFO - Processing /home/airflow/.local/lib/python3.7/site-packages/airflow/example_dags/example_python_operator.py took 0.180 seconds
[2022-08-09 08:20:51,640] {processor.py:163} INFO - Started process (PID=2112) to work on /home/airflow/.local/lib/python3.7/site-packages/airflow/example_dags/example_python_operator.py
[2022-08-09 08:20:51,642] {processor.py:642} INFO - Processing file /home/airflow/.local/lib/python3.7/site-packages/airflow/example_dags/example_python_operator.py for tasks to queue
[2022-08-09 08:20:51,644] {logging_mixin.py:109} INFO - [2022-08-09 08:20:51,643] {dagbag.py:500} INFO - Filling up the DagBag from /home/airflow/.local/lib/python3.7/site-packages/airflow/example_dags/example_python_operator.py
[2022-08-09 08:20:51,783] {processor.py:654} INFO - DAG(s) dict_keys(['example_python_operator']) retrieved from /home/airflow/.local/lib/python3.7/site-packages/airflow/example_dags/example_python_operator.py
[2022-08-09 08:20:51,793] {logging_mixin.py:109} INFO - [2022-08-09 08:20:51,793] {dag.py:2396} INFO - Sync 1 DAGs
[2022-08-09 08:20:51,807] {logging_mixin.py:109} INFO - [2022-08-09 08:20:51,807] {dag.py:2935} INFO - Setting next_dagrun for example_python_operator to None
[2022-08-09 08:20:51,819] {processor.py:171} INFO - Processing /home/airflow/.local/lib/python3.7/site-packages/airflow/example_dags/example_python_operator.py took 0.185 seconds
[2022-08-09 08:21:22,477] {processor.py:163} INFO - Started process (PID=2174) to work on /home/airflow/.local/lib/python3.7/site-packages/airflow/example_dags/example_python_operator.py
[2022-08-09 08:21:22,480] {processor.py:642} INFO - Processing file /home/airflow/.local/lib/python3.7/site-packages/airflow/example_dags/example_python_operator.py for tasks to queue
[2022-08-09 08:21:22,481] {logging_mixin.py:109} INFO - [2022-08-09 08:21:22,481] {dagbag.py:500} INFO - Filling up the DagBag from /home/airflow/.local/lib/python3.7/site-packages/airflow/example_dags/example_python_operator.py
[2022-08-09 08:21:22,603] {processor.py:654} INFO - DAG(s) dict_keys(['example_python_operator']) retrieved from /home/airflow/.local/lib/python3.7/site-packages/airflow/example_dags/example_python_operator.py
[2022-08-09 08:21:22,625] {logging_mixin.py:109} INFO - [2022-08-09 08:21:22,625] {dag.py:2396} INFO - Sync 1 DAGs
[2022-08-09 08:21:22,644] {logging_mixin.py:109} INFO - [2022-08-09 08:21:22,644] {dag.py:2935} INFO - Setting next_dagrun for example_python_operator to None
[2022-08-09 08:21:22,658] {processor.py:171} INFO - Processing /home/airflow/.local/lib/python3.7/site-packages/airflow/example_dags/example_python_operator.py took 0.185 seconds
[2022-08-09 08:21:52,769] {processor.py:163} INFO - Started process (PID=2243) to work on /home/airflow/.local/lib/python3.7/site-packages/airflow/example_dags/example_python_operator.py
[2022-08-09 08:21:52,771] {processor.py:642} INFO - Processing file /home/airflow/.local/lib/python3.7/site-packages/airflow/example_dags/example_python_operator.py for tasks to queue
[2022-08-09 08:21:52,772] {logging_mixin.py:109} INFO - [2022-08-09 08:21:52,772] {dagbag.py:500} INFO - Filling up the DagBag from /home/airflow/.local/lib/python3.7/site-packages/airflow/example_dags/example_python_operator.py
[2022-08-09 08:21:52,898] {processor.py:654} INFO - DAG(s) dict_keys(['example_python_operator']) retrieved from /home/airflow/.local/lib/python3.7/site-packages/airflow/example_dags/example_python_operator.py
[2022-08-09 08:21:52,908] {logging_mixin.py:109} INFO - [2022-08-09 08:21:52,908] {dag.py:2396} INFO - Sync 1 DAGs
[2022-08-09 08:21:52,923] {logging_mixin.py:109} INFO - [2022-08-09 08:21:52,922] {dag.py:2935} INFO - Setting next_dagrun for example_python_operator to None
[2022-08-09 08:21:52,934] {processor.py:171} INFO - Processing /home/airflow/.local/lib/python3.7/site-packages/airflow/example_dags/example_python_operator.py took 0.168 seconds
[2022-08-09 08:22:23,446] {processor.py:163} INFO - Started process (PID=2302) to work on /home/airflow/.local/lib/python3.7/site-packages/airflow/example_dags/example_python_operator.py
[2022-08-09 08:22:23,450] {processor.py:642} INFO - Processing file /home/airflow/.local/lib/python3.7/site-packages/airflow/example_dags/example_python_operator.py for tasks to queue
[2022-08-09 08:22:23,452] {logging_mixin.py:109} INFO - [2022-08-09 08:22:23,452] {dagbag.py:500} INFO - Filling up the DagBag from /home/airflow/.local/lib/python3.7/site-packages/airflow/example_dags/example_python_operator.py
[2022-08-09 08:22:23,574] {processor.py:654} INFO - DAG(s) dict_keys(['example_python_operator']) retrieved from /home/airflow/.local/lib/python3.7/site-packages/airflow/example_dags/example_python_operator.py
[2022-08-09 08:22:23,584] {logging_mixin.py:109} INFO - [2022-08-09 08:22:23,583] {dag.py:2396} INFO - Sync 1 DAGs
[2022-08-09 08:22:23,597] {logging_mixin.py:109} INFO - [2022-08-09 08:22:23,597] {dag.py:2935} INFO - Setting next_dagrun for example_python_operator to None
[2022-08-09 08:22:23,607] {processor.py:171} INFO - Processing /home/airflow/.local/lib/python3.7/site-packages/airflow/example_dags/example_python_operator.py took 0.165 seconds
[2022-08-09 08:22:53,850] {processor.py:163} INFO - Started process (PID=2371) to work on /home/airflow/.local/lib/python3.7/site-packages/airflow/example_dags/example_python_operator.py
[2022-08-09 08:22:53,852] {processor.py:642} INFO - Processing file /home/airflow/.local/lib/python3.7/site-packages/airflow/example_dags/example_python_operator.py for tasks to queue
[2022-08-09 08:22:53,854] {logging_mixin.py:109} INFO - [2022-08-09 08:22:53,854] {dagbag.py:500} INFO - Filling up the DagBag from /home/airflow/.local/lib/python3.7/site-packages/airflow/example_dags/example_python_operator.py
[2022-08-09 08:22:53,895] {processor.py:654} INFO - DAG(s) dict_keys(['example_python_operator']) retrieved from /home/airflow/.local/lib/python3.7/site-packages/airflow/example_dags/example_python_operator.py
[2022-08-09 08:22:53,909] {logging_mixin.py:109} INFO - [2022-08-09 08:22:53,908] {dag.py:2396} INFO - Sync 1 DAGs
[2022-08-09 08:22:53,926] {logging_mixin.py:109} INFO - [2022-08-09 08:22:53,926] {dag.py:2935} INFO - Setting next_dagrun for example_python_operator to None
[2022-08-09 08:22:53,939] {processor.py:171} INFO - Processing /home/airflow/.local/lib/python3.7/site-packages/airflow/example_dags/example_python_operator.py took 0.093 seconds
[2022-08-09 08:23:24,215] {processor.py:163} INFO - Started process (PID=2433) to work on /home/airflow/.local/lib/python3.7/site-packages/airflow/example_dags/example_python_operator.py
[2022-08-09 08:23:24,217] {processor.py:642} INFO - Processing file /home/airflow/.local/lib/python3.7/site-packages/airflow/example_dags/example_python_operator.py for tasks to queue
[2022-08-09 08:23:24,219] {logging_mixin.py:109} INFO - [2022-08-09 08:23:24,218] {dagbag.py:500} INFO - Filling up the DagBag from /home/airflow/.local/lib/python3.7/site-packages/airflow/example_dags/example_python_operator.py
[2022-08-09 08:23:24,252] {processor.py:654} INFO - DAG(s) dict_keys(['example_python_operator']) retrieved from /home/airflow/.local/lib/python3.7/site-packages/airflow/example_dags/example_python_operator.py
[2022-08-09 08:23:24,263] {logging_mixin.py:109} INFO - [2022-08-09 08:23:24,262] {dag.py:2396} INFO - Sync 1 DAGs
[2022-08-09 08:23:24,279] {logging_mixin.py:109} INFO - [2022-08-09 08:23:24,279] {dag.py:2935} INFO - Setting next_dagrun for example_python_operator to None
[2022-08-09 08:23:24,289] {processor.py:171} INFO - Processing /home/airflow/.local/lib/python3.7/site-packages/airflow/example_dags/example_python_operator.py took 0.078 seconds
[2022-08-09 08:23:54,477] {processor.py:163} INFO - Started process (PID=2502) to work on /home/airflow/.local/lib/python3.7/site-packages/airflow/example_dags/example_python_operator.py
[2022-08-09 08:23:54,479] {processor.py:642} INFO - Processing file /home/airflow/.local/lib/python3.7/site-packages/airflow/example_dags/example_python_operator.py for tasks to queue
[2022-08-09 08:23:54,480] {logging_mixin.py:109} INFO - [2022-08-09 08:23:54,480] {dagbag.py:500} INFO - Filling up the DagBag from /home/airflow/.local/lib/python3.7/site-packages/airflow/example_dags/example_python_operator.py
[2022-08-09 08:23:54,512] {processor.py:654} INFO - DAG(s) dict_keys(['example_python_operator']) retrieved from /home/airflow/.local/lib/python3.7/site-packages/airflow/example_dags/example_python_operator.py
[2022-08-09 08:23:54,522] {logging_mixin.py:109} INFO - [2022-08-09 08:23:54,522] {dag.py:2396} INFO - Sync 1 DAGs
[2022-08-09 08:23:54,537] {logging_mixin.py:109} INFO - [2022-08-09 08:23:54,536] {dag.py:2935} INFO - Setting next_dagrun for example_python_operator to None
[2022-08-09 08:23:54,547] {processor.py:171} INFO - Processing /home/airflow/.local/lib/python3.7/site-packages/airflow/example_dags/example_python_operator.py took 0.074 seconds
[2022-08-09 08:24:24,681] {processor.py:163} INFO - Started process (PID=2563) to work on /home/airflow/.local/lib/python3.7/site-packages/airflow/example_dags/example_python_operator.py
[2022-08-09 08:24:24,685] {processor.py:642} INFO - Processing file /home/airflow/.local/lib/python3.7/site-packages/airflow/example_dags/example_python_operator.py for tasks to queue
[2022-08-09 08:24:24,687] {logging_mixin.py:109} INFO - [2022-08-09 08:24:24,687] {dagbag.py:500} INFO - Filling up the DagBag from /home/airflow/.local/lib/python3.7/site-packages/airflow/example_dags/example_python_operator.py
[2022-08-09 08:24:24,725] {processor.py:654} INFO - DAG(s) dict_keys(['example_python_operator']) retrieved from /home/airflow/.local/lib/python3.7/site-packages/airflow/example_dags/example_python_operator.py
[2022-08-09 08:24:24,736] {logging_mixin.py:109} INFO - [2022-08-09 08:24:24,736] {dag.py:2396} INFO - Sync 1 DAGs
[2022-08-09 08:24:24,751] {logging_mixin.py:109} INFO - [2022-08-09 08:24:24,751] {dag.py:2935} INFO - Setting next_dagrun for example_python_operator to None
[2022-08-09 08:24:24,761] {processor.py:171} INFO - Processing /home/airflow/.local/lib/python3.7/site-packages/airflow/example_dags/example_python_operator.py took 0.083 seconds
[2022-08-09 08:24:54,859] {processor.py:163} INFO - Started process (PID=2633) to work on /home/airflow/.local/lib/python3.7/site-packages/airflow/example_dags/example_python_operator.py
[2022-08-09 08:24:54,861] {processor.py:642} INFO - Processing file /home/airflow/.local/lib/python3.7/site-packages/airflow/example_dags/example_python_operator.py for tasks to queue
[2022-08-09 08:24:54,862] {logging_mixin.py:109} INFO - [2022-08-09 08:24:54,862] {dagbag.py:500} INFO - Filling up the DagBag from /home/airflow/.local/lib/python3.7/site-packages/airflow/example_dags/example_python_operator.py
[2022-08-09 08:24:54,898] {processor.py:654} INFO - DAG(s) dict_keys(['example_python_operator']) retrieved from /home/airflow/.local/lib/python3.7/site-packages/airflow/example_dags/example_python_operator.py
[2022-08-09 08:24:54,909] {logging_mixin.py:109} INFO - [2022-08-09 08:24:54,909] {dag.py:2396} INFO - Sync 1 DAGs
[2022-08-09 08:24:54,925] {logging_mixin.py:109} INFO - [2022-08-09 08:24:54,924] {dag.py:2935} INFO - Setting next_dagrun for example_python_operator to None
[2022-08-09 08:24:54,935] {processor.py:171} INFO - Processing /home/airflow/.local/lib/python3.7/site-packages/airflow/example_dags/example_python_operator.py took 0.080 seconds
[2022-08-09 08:25:25,428] {processor.py:163} INFO - Started process (PID=2693) to work on /home/airflow/.local/lib/python3.7/site-packages/airflow/example_dags/example_python_operator.py
[2022-08-09 08:25:25,431] {processor.py:642} INFO - Processing file /home/airflow/.local/lib/python3.7/site-packages/airflow/example_dags/example_python_operator.py for tasks to queue
[2022-08-09 08:25:25,432] {logging_mixin.py:109} INFO - [2022-08-09 08:25:25,432] {dagbag.py:500} INFO - Filling up the DagBag from /home/airflow/.local/lib/python3.7/site-packages/airflow/example_dags/example_python_operator.py
[2022-08-09 08:25:25,469] {processor.py:654} INFO - DAG(s) dict_keys(['example_python_operator']) retrieved from /home/airflow/.local/lib/python3.7/site-packages/airflow/example_dags/example_python_operator.py
[2022-08-09 08:25:25,482] {logging_mixin.py:109} INFO - [2022-08-09 08:25:25,481] {dag.py:2396} INFO - Sync 1 DAGs
[2022-08-09 08:25:25,502] {logging_mixin.py:109} INFO - [2022-08-09 08:25:25,501] {dag.py:2935} INFO - Setting next_dagrun for example_python_operator to None
[2022-08-09 08:25:25,515] {processor.py:171} INFO - Processing /home/airflow/.local/lib/python3.7/site-packages/airflow/example_dags/example_python_operator.py took 0.090 seconds
[2022-08-09 08:25:55,768] {processor.py:163} INFO - Started process (PID=2761) to work on /home/airflow/.local/lib/python3.7/site-packages/airflow/example_dags/example_python_operator.py
[2022-08-09 08:25:55,770] {processor.py:642} INFO - Processing file /home/airflow/.local/lib/python3.7/site-packages/airflow/example_dags/example_python_operator.py for tasks to queue
[2022-08-09 08:25:55,773] {logging_mixin.py:109} INFO - [2022-08-09 08:25:55,772] {dagbag.py:500} INFO - Filling up the DagBag from /home/airflow/.local/lib/python3.7/site-packages/airflow/example_dags/example_python_operator.py
[2022-08-09 08:25:55,812] {processor.py:654} INFO - DAG(s) dict_keys(['example_python_operator']) retrieved from /home/airflow/.local/lib/python3.7/site-packages/airflow/example_dags/example_python_operator.py
[2022-08-09 08:25:55,825] {logging_mixin.py:109} INFO - [2022-08-09 08:25:55,825] {dag.py:2396} INFO - Sync 1 DAGs
[2022-08-09 08:25:55,844] {logging_mixin.py:109} INFO - [2022-08-09 08:25:55,844] {dag.py:2935} INFO - Setting next_dagrun for example_python_operator to None
[2022-08-09 08:25:55,858] {processor.py:171} INFO - Processing /home/airflow/.local/lib/python3.7/site-packages/airflow/example_dags/example_python_operator.py took 0.094 seconds
[2022-08-09 08:26:26,191] {processor.py:163} INFO - Started process (PID=2823) to work on /home/airflow/.local/lib/python3.7/site-packages/airflow/example_dags/example_python_operator.py
[2022-08-09 08:26:26,193] {processor.py:642} INFO - Processing file /home/airflow/.local/lib/python3.7/site-packages/airflow/example_dags/example_python_operator.py for tasks to queue
[2022-08-09 08:26:26,195] {logging_mixin.py:109} INFO - [2022-08-09 08:26:26,195] {dagbag.py:500} INFO - Filling up the DagBag from /home/airflow/.local/lib/python3.7/site-packages/airflow/example_dags/example_python_operator.py
[2022-08-09 08:26:26,237] {processor.py:654} INFO - DAG(s) dict_keys(['example_python_operator']) retrieved from /home/airflow/.local/lib/python3.7/site-packages/airflow/example_dags/example_python_operator.py
[2022-08-09 08:26:26,250] {logging_mixin.py:109} INFO - [2022-08-09 08:26:26,249] {dag.py:2396} INFO - Sync 1 DAGs
[2022-08-09 08:26:26,265] {logging_mixin.py:109} INFO - [2022-08-09 08:26:26,265] {dag.py:2935} INFO - Setting next_dagrun for example_python_operator to None
[2022-08-09 08:26:26,276] {processor.py:171} INFO - Processing /home/airflow/.local/lib/python3.7/site-packages/airflow/example_dags/example_python_operator.py took 0.089 seconds
[2022-08-09 08:26:56,673] {processor.py:163} INFO - Started process (PID=2884) to work on /home/airflow/.local/lib/python3.7/site-packages/airflow/example_dags/example_python_operator.py
[2022-08-09 08:26:56,675] {processor.py:642} INFO - Processing file /home/airflow/.local/lib/python3.7/site-packages/airflow/example_dags/example_python_operator.py for tasks to queue
[2022-08-09 08:26:56,677] {logging_mixin.py:109} INFO - [2022-08-09 08:26:56,677] {dagbag.py:500} INFO - Filling up the DagBag from /home/airflow/.local/lib/python3.7/site-packages/airflow/example_dags/example_python_operator.py
[2022-08-09 08:26:56,716] {processor.py:654} INFO - DAG(s) dict_keys(['example_python_operator']) retrieved from /home/airflow/.local/lib/python3.7/site-packages/airflow/example_dags/example_python_operator.py
[2022-08-09 08:26:56,727] {logging_mixin.py:109} INFO - [2022-08-09 08:26:56,727] {dag.py:2396} INFO - Sync 1 DAGs
[2022-08-09 08:26:56,743] {logging_mixin.py:109} INFO - [2022-08-09 08:26:56,743] {dag.py:2935} INFO - Setting next_dagrun for example_python_operator to None
[2022-08-09 08:26:56,754] {processor.py:171} INFO - Processing /home/airflow/.local/lib/python3.7/site-packages/airflow/example_dags/example_python_operator.py took 0.085 seconds
[2022-08-09 08:27:27,112] {processor.py:163} INFO - Started process (PID=2954) to work on /home/airflow/.local/lib/python3.7/site-packages/airflow/example_dags/example_python_operator.py
[2022-08-09 08:27:27,115] {processor.py:642} INFO - Processing file /home/airflow/.local/lib/python3.7/site-packages/airflow/example_dags/example_python_operator.py for tasks to queue
[2022-08-09 08:27:27,117] {logging_mixin.py:109} INFO - [2022-08-09 08:27:27,117] {dagbag.py:500} INFO - Filling up the DagBag from /home/airflow/.local/lib/python3.7/site-packages/airflow/example_dags/example_python_operator.py
[2022-08-09 08:27:27,156] {processor.py:654} INFO - DAG(s) dict_keys(['example_python_operator']) retrieved from /home/airflow/.local/lib/python3.7/site-packages/airflow/example_dags/example_python_operator.py
[2022-08-09 08:27:27,169] {logging_mixin.py:109} INFO - [2022-08-09 08:27:27,168] {dag.py:2396} INFO - Sync 1 DAGs
[2022-08-09 08:27:27,186] {logging_mixin.py:109} INFO - [2022-08-09 08:27:27,186] {dag.py:2935} INFO - Setting next_dagrun for example_python_operator to None
[2022-08-09 08:27:27,201] {processor.py:171} INFO - Processing /home/airflow/.local/lib/python3.7/site-packages/airflow/example_dags/example_python_operator.py took 0.093 seconds
[2022-08-09 08:27:57,447] {processor.py:163} INFO - Started process (PID=3014) to work on /home/airflow/.local/lib/python3.7/site-packages/airflow/example_dags/example_python_operator.py
[2022-08-09 08:27:57,448] {processor.py:642} INFO - Processing file /home/airflow/.local/lib/python3.7/site-packages/airflow/example_dags/example_python_operator.py for tasks to queue
[2022-08-09 08:27:57,450] {logging_mixin.py:109} INFO - [2022-08-09 08:27:57,450] {dagbag.py:500} INFO - Filling up the DagBag from /home/airflow/.local/lib/python3.7/site-packages/airflow/example_dags/example_python_operator.py
[2022-08-09 08:27:57,483] {processor.py:654} INFO - DAG(s) dict_keys(['example_python_operator']) retrieved from /home/airflow/.local/lib/python3.7/site-packages/airflow/example_dags/example_python_operator.py
[2022-08-09 08:27:57,494] {logging_mixin.py:109} INFO - [2022-08-09 08:27:57,494] {dag.py:2396} INFO - Sync 1 DAGs
[2022-08-09 08:27:57,508] {logging_mixin.py:109} INFO - [2022-08-09 08:27:57,508] {dag.py:2935} INFO - Setting next_dagrun for example_python_operator to None
[2022-08-09 08:27:57,518] {processor.py:171} INFO - Processing /home/airflow/.local/lib/python3.7/site-packages/airflow/example_dags/example_python_operator.py took 0.075 seconds
[2022-08-09 08:28:27,886] {processor.py:163} INFO - Started process (PID=3083) to work on /home/airflow/.local/lib/python3.7/site-packages/airflow/example_dags/example_python_operator.py
[2022-08-09 08:28:27,888] {processor.py:642} INFO - Processing file /home/airflow/.local/lib/python3.7/site-packages/airflow/example_dags/example_python_operator.py for tasks to queue
[2022-08-09 08:28:27,890] {logging_mixin.py:109} INFO - [2022-08-09 08:28:27,890] {dagbag.py:500} INFO - Filling up the DagBag from /home/airflow/.local/lib/python3.7/site-packages/airflow/example_dags/example_python_operator.py
[2022-08-09 08:28:27,923] {processor.py:654} INFO - DAG(s) dict_keys(['example_python_operator']) retrieved from /home/airflow/.local/lib/python3.7/site-packages/airflow/example_dags/example_python_operator.py
[2022-08-09 08:28:27,935] {logging_mixin.py:109} INFO - [2022-08-09 08:28:27,934] {dag.py:2396} INFO - Sync 1 DAGs
[2022-08-09 08:28:27,949] {logging_mixin.py:109} INFO - [2022-08-09 08:28:27,949] {dag.py:2935} INFO - Setting next_dagrun for example_python_operator to None
[2022-08-09 08:28:27,960] {processor.py:171} INFO - Processing /home/airflow/.local/lib/python3.7/site-packages/airflow/example_dags/example_python_operator.py took 0.078 seconds
[2022-08-09 08:28:58,343] {processor.py:163} INFO - Started process (PID=3143) to work on /home/airflow/.local/lib/python3.7/site-packages/airflow/example_dags/example_python_operator.py
[2022-08-09 08:28:58,346] {processor.py:642} INFO - Processing file /home/airflow/.local/lib/python3.7/site-packages/airflow/example_dags/example_python_operator.py for tasks to queue
[2022-08-09 08:28:58,348] {logging_mixin.py:109} INFO - [2022-08-09 08:28:58,348] {dagbag.py:500} INFO - Filling up the DagBag from /home/airflow/.local/lib/python3.7/site-packages/airflow/example_dags/example_python_operator.py
[2022-08-09 08:28:58,380] {processor.py:654} INFO - DAG(s) dict_keys(['example_python_operator']) retrieved from /home/airflow/.local/lib/python3.7/site-packages/airflow/example_dags/example_python_operator.py
[2022-08-09 08:28:58,391] {logging_mixin.py:109} INFO - [2022-08-09 08:28:58,391] {dag.py:2396} INFO - Sync 1 DAGs
[2022-08-09 08:28:58,406] {logging_mixin.py:109} INFO - [2022-08-09 08:28:58,406] {dag.py:2935} INFO - Setting next_dagrun for example_python_operator to None
[2022-08-09 08:28:58,416] {processor.py:171} INFO - Processing /home/airflow/.local/lib/python3.7/site-packages/airflow/example_dags/example_python_operator.py took 0.077 seconds
[2022-08-09 08:29:28,772] {processor.py:163} INFO - Started process (PID=3212) to work on /home/airflow/.local/lib/python3.7/site-packages/airflow/example_dags/example_python_operator.py
[2022-08-09 08:29:28,775] {processor.py:642} INFO - Processing file /home/airflow/.local/lib/python3.7/site-packages/airflow/example_dags/example_python_operator.py for tasks to queue
[2022-08-09 08:29:28,776] {logging_mixin.py:109} INFO - [2022-08-09 08:29:28,776] {dagbag.py:500} INFO - Filling up the DagBag from /home/airflow/.local/lib/python3.7/site-packages/airflow/example_dags/example_python_operator.py
[2022-08-09 08:29:28,807] {processor.py:654} INFO - DAG(s) dict_keys(['example_python_operator']) retrieved from /home/airflow/.local/lib/python3.7/site-packages/airflow/example_dags/example_python_operator.py
[2022-08-09 08:29:28,818] {logging_mixin.py:109} INFO - [2022-08-09 08:29:28,818] {dag.py:2396} INFO - Sync 1 DAGs
[2022-08-09 08:29:28,834] {logging_mixin.py:109} INFO - [2022-08-09 08:29:28,834] {dag.py:2935} INFO - Setting next_dagrun for example_python_operator to None
[2022-08-09 08:29:28,844] {processor.py:171} INFO - Processing /home/airflow/.local/lib/python3.7/site-packages/airflow/example_dags/example_python_operator.py took 0.075 seconds
[2022-08-09 08:29:59,454] {processor.py:163} INFO - Started process (PID=3272) to work on /home/airflow/.local/lib/python3.7/site-packages/airflow/example_dags/example_python_operator.py
[2022-08-09 08:29:59,457] {processor.py:642} INFO - Processing file /home/airflow/.local/lib/python3.7/site-packages/airflow/example_dags/example_python_operator.py for tasks to queue
[2022-08-09 08:29:59,458] {logging_mixin.py:109} INFO - [2022-08-09 08:29:59,458] {dagbag.py:500} INFO - Filling up the DagBag from /home/airflow/.local/lib/python3.7/site-packages/airflow/example_dags/example_python_operator.py
[2022-08-09 08:29:59,491] {processor.py:654} INFO - DAG(s) dict_keys(['example_python_operator']) retrieved from /home/airflow/.local/lib/python3.7/site-packages/airflow/example_dags/example_python_operator.py
[2022-08-09 08:29:59,502] {logging_mixin.py:109} INFO - [2022-08-09 08:29:59,502] {dag.py:2396} INFO - Sync 1 DAGs
[2022-08-09 08:29:59,517] {logging_mixin.py:109} INFO - [2022-08-09 08:29:59,517] {dag.py:2935} INFO - Setting next_dagrun for example_python_operator to None
[2022-08-09 08:29:59,527] {processor.py:171} INFO - Processing /home/airflow/.local/lib/python3.7/site-packages/airflow/example_dags/example_python_operator.py took 0.077 seconds
[2022-08-09 08:30:29,762] {processor.py:163} INFO - Started process (PID=3341) to work on /home/airflow/.local/lib/python3.7/site-packages/airflow/example_dags/example_python_operator.py
[2022-08-09 08:30:29,764] {processor.py:642} INFO - Processing file /home/airflow/.local/lib/python3.7/site-packages/airflow/example_dags/example_python_operator.py for tasks to queue
[2022-08-09 08:30:29,765] {logging_mixin.py:109} INFO - [2022-08-09 08:30:29,765] {dagbag.py:500} INFO - Filling up the DagBag from /home/airflow/.local/lib/python3.7/site-packages/airflow/example_dags/example_python_operator.py
[2022-08-09 08:30:29,800] {processor.py:654} INFO - DAG(s) dict_keys(['example_python_operator']) retrieved from /home/airflow/.local/lib/python3.7/site-packages/airflow/example_dags/example_python_operator.py
[2022-08-09 08:30:29,813] {logging_mixin.py:109} INFO - [2022-08-09 08:30:29,813] {dag.py:2396} INFO - Sync 1 DAGs
[2022-08-09 08:30:29,829] {logging_mixin.py:109} INFO - [2022-08-09 08:30:29,829] {dag.py:2935} INFO - Setting next_dagrun for example_python_operator to None
[2022-08-09 08:30:29,842] {processor.py:171} INFO - Processing /home/airflow/.local/lib/python3.7/site-packages/airflow/example_dags/example_python_operator.py took 0.083 seconds
[2022-08-09 08:31:00,307] {processor.py:163} INFO - Started process (PID=3402) to work on /home/airflow/.local/lib/python3.7/site-packages/airflow/example_dags/example_python_operator.py
[2022-08-09 08:31:00,309] {processor.py:642} INFO - Processing file /home/airflow/.local/lib/python3.7/site-packages/airflow/example_dags/example_python_operator.py for tasks to queue
[2022-08-09 08:31:00,310] {logging_mixin.py:109} INFO - [2022-08-09 08:31:00,310] {dagbag.py:500} INFO - Filling up the DagBag from /home/airflow/.local/lib/python3.7/site-packages/airflow/example_dags/example_python_operator.py
[2022-08-09 08:31:00,344] {processor.py:654} INFO - DAG(s) dict_keys(['example_python_operator']) retrieved from /home/airflow/.local/lib/python3.7/site-packages/airflow/example_dags/example_python_operator.py
[2022-08-09 08:31:00,354] {logging_mixin.py:109} INFO - [2022-08-09 08:31:00,354] {dag.py:2396} INFO - Sync 1 DAGs
[2022-08-09 08:31:00,371] {logging_mixin.py:109} INFO - [2022-08-09 08:31:00,371] {dag.py:2935} INFO - Setting next_dagrun for example_python_operator to None
[2022-08-09 08:31:00,384] {processor.py:171} INFO - Processing /home/airflow/.local/lib/python3.7/site-packages/airflow/example_dags/example_python_operator.py took 0.081 seconds
[2022-08-09 08:31:31,131] {processor.py:163} INFO - Started process (PID=3471) to work on /home/airflow/.local/lib/python3.7/site-packages/airflow/example_dags/example_python_operator.py
[2022-08-09 08:31:31,133] {processor.py:642} INFO - Processing file /home/airflow/.local/lib/python3.7/site-packages/airflow/example_dags/example_python_operator.py for tasks to queue
[2022-08-09 08:31:31,134] {logging_mixin.py:109} INFO - [2022-08-09 08:31:31,134] {dagbag.py:500} INFO - Filling up the DagBag from /home/airflow/.local/lib/python3.7/site-packages/airflow/example_dags/example_python_operator.py
[2022-08-09 08:31:31,176] {processor.py:654} INFO - DAG(s) dict_keys(['example_python_operator']) retrieved from /home/airflow/.local/lib/python3.7/site-packages/airflow/example_dags/example_python_operator.py
[2022-08-09 08:31:31,191] {logging_mixin.py:109} INFO - [2022-08-09 08:31:31,191] {dag.py:2396} INFO - Sync 1 DAGs
[2022-08-09 08:31:31,211] {logging_mixin.py:109} INFO - [2022-08-09 08:31:31,210] {dag.py:2935} INFO - Setting next_dagrun for example_python_operator to None
[2022-08-09 08:31:31,224] {processor.py:171} INFO - Processing /home/airflow/.local/lib/python3.7/site-packages/airflow/example_dags/example_python_operator.py took 0.099 seconds
[2022-08-09 08:32:02,120] {processor.py:163} INFO - Started process (PID=3529) to work on /home/airflow/.local/lib/python3.7/site-packages/airflow/example_dags/example_python_operator.py
[2022-08-09 08:32:02,122] {processor.py:642} INFO - Processing file /home/airflow/.local/lib/python3.7/site-packages/airflow/example_dags/example_python_operator.py for tasks to queue
[2022-08-09 08:32:02,123] {logging_mixin.py:109} INFO - [2022-08-09 08:32:02,123] {dagbag.py:500} INFO - Filling up the DagBag from /home/airflow/.local/lib/python3.7/site-packages/airflow/example_dags/example_python_operator.py
[2022-08-09 08:32:02,166] {processor.py:654} INFO - DAG(s) dict_keys(['example_python_operator']) retrieved from /home/airflow/.local/lib/python3.7/site-packages/airflow/example_dags/example_python_operator.py
[2022-08-09 08:32:02,180] {logging_mixin.py:109} INFO - [2022-08-09 08:32:02,180] {dag.py:2396} INFO - Sync 1 DAGs
[2022-08-09 08:32:02,213] {logging_mixin.py:109} INFO - [2022-08-09 08:32:02,213] {dag.py:2935} INFO - Setting next_dagrun for example_python_operator to None
[2022-08-09 08:32:02,259] {processor.py:171} INFO - Processing /home/airflow/.local/lib/python3.7/site-packages/airflow/example_dags/example_python_operator.py took 0.142 seconds
[2022-08-09 08:32:32,380] {processor.py:163} INFO - Started process (PID=3598) to work on /home/airflow/.local/lib/python3.7/site-packages/airflow/example_dags/example_python_operator.py
[2022-08-09 08:32:32,383] {processor.py:642} INFO - Processing file /home/airflow/.local/lib/python3.7/site-packages/airflow/example_dags/example_python_operator.py for tasks to queue
[2022-08-09 08:32:32,385] {logging_mixin.py:109} INFO - [2022-08-09 08:32:32,385] {dagbag.py:500} INFO - Filling up the DagBag from /home/airflow/.local/lib/python3.7/site-packages/airflow/example_dags/example_python_operator.py
[2022-08-09 08:32:32,426] {processor.py:654} INFO - DAG(s) dict_keys(['example_python_operator']) retrieved from /home/airflow/.local/lib/python3.7/site-packages/airflow/example_dags/example_python_operator.py
[2022-08-09 08:32:32,439] {logging_mixin.py:109} INFO - [2022-08-09 08:32:32,439] {dag.py:2396} INFO - Sync 1 DAGs
[2022-08-09 08:32:32,454] {logging_mixin.py:109} INFO - [2022-08-09 08:32:32,454] {dag.py:2935} INFO - Setting next_dagrun for example_python_operator to None
[2022-08-09 08:32:32,465] {processor.py:171} INFO - Processing /home/airflow/.local/lib/python3.7/site-packages/airflow/example_dags/example_python_operator.py took 0.088 seconds
[2022-08-09 08:33:02,510] {processor.py:163} INFO - Started process (PID=3658) to work on /home/airflow/.local/lib/python3.7/site-packages/airflow/example_dags/example_python_operator.py
[2022-08-09 08:33:02,512] {processor.py:642} INFO - Processing file /home/airflow/.local/lib/python3.7/site-packages/airflow/example_dags/example_python_operator.py for tasks to queue
[2022-08-09 08:33:02,514] {logging_mixin.py:109} INFO - [2022-08-09 08:33:02,513] {dagbag.py:500} INFO - Filling up the DagBag from /home/airflow/.local/lib/python3.7/site-packages/airflow/example_dags/example_python_operator.py
[2022-08-09 08:33:02,545] {processor.py:654} INFO - DAG(s) dict_keys(['example_python_operator']) retrieved from /home/airflow/.local/lib/python3.7/site-packages/airflow/example_dags/example_python_operator.py
[2022-08-09 08:33:02,557] {logging_mixin.py:109} INFO - [2022-08-09 08:33:02,557] {dag.py:2396} INFO - Sync 1 DAGs
[2022-08-09 08:33:02,573] {logging_mixin.py:109} INFO - [2022-08-09 08:33:02,573] {dag.py:2935} INFO - Setting next_dagrun for example_python_operator to None
[2022-08-09 08:33:02,583] {processor.py:171} INFO - Processing /home/airflow/.local/lib/python3.7/site-packages/airflow/example_dags/example_python_operator.py took 0.077 seconds
[2022-08-09 08:33:32,853] {processor.py:163} INFO - Started process (PID=3719) to work on /home/airflow/.local/lib/python3.7/site-packages/airflow/example_dags/example_python_operator.py
[2022-08-09 08:33:32,855] {processor.py:642} INFO - Processing file /home/airflow/.local/lib/python3.7/site-packages/airflow/example_dags/example_python_operator.py for tasks to queue
[2022-08-09 08:33:32,856] {logging_mixin.py:109} INFO - [2022-08-09 08:33:32,856] {dagbag.py:500} INFO - Filling up the DagBag from /home/airflow/.local/lib/python3.7/site-packages/airflow/example_dags/example_python_operator.py
[2022-08-09 08:33:32,895] {processor.py:654} INFO - DAG(s) dict_keys(['example_python_operator']) retrieved from /home/airflow/.local/lib/python3.7/site-packages/airflow/example_dags/example_python_operator.py
[2022-08-09 08:33:32,907] {logging_mixin.py:109} INFO - [2022-08-09 08:33:32,906] {dag.py:2396} INFO - Sync 1 DAGs
[2022-08-09 08:33:32,926] {logging_mixin.py:109} INFO - [2022-08-09 08:33:32,926] {dag.py:2935} INFO - Setting next_dagrun for example_python_operator to None
[2022-08-09 08:33:32,938] {processor.py:171} INFO - Processing /home/airflow/.local/lib/python3.7/site-packages/airflow/example_dags/example_python_operator.py took 0.089 seconds
[2022-08-09 08:34:03,612] {processor.py:163} INFO - Started process (PID=3789) to work on /home/airflow/.local/lib/python3.7/site-packages/airflow/example_dags/example_python_operator.py
[2022-08-09 08:34:03,616] {processor.py:642} INFO - Processing file /home/airflow/.local/lib/python3.7/site-packages/airflow/example_dags/example_python_operator.py for tasks to queue
[2022-08-09 08:34:03,617] {logging_mixin.py:109} INFO - [2022-08-09 08:34:03,617] {dagbag.py:500} INFO - Filling up the DagBag from /home/airflow/.local/lib/python3.7/site-packages/airflow/example_dags/example_python_operator.py
[2022-08-09 08:34:03,656] {processor.py:654} INFO - DAG(s) dict_keys(['example_python_operator']) retrieved from /home/airflow/.local/lib/python3.7/site-packages/airflow/example_dags/example_python_operator.py
[2022-08-09 08:34:03,669] {logging_mixin.py:109} INFO - [2022-08-09 08:34:03,669] {dag.py:2396} INFO - Sync 1 DAGs
[2022-08-09 08:34:03,689] {logging_mixin.py:109} INFO - [2022-08-09 08:34:03,689] {dag.py:2935} INFO - Setting next_dagrun for example_python_operator to None
[2022-08-09 08:34:03,700] {processor.py:171} INFO - Processing /home/airflow/.local/lib/python3.7/site-packages/airflow/example_dags/example_python_operator.py took 0.091 seconds
[2022-08-09 08:34:33,921] {processor.py:163} INFO - Started process (PID=3849) to work on /home/airflow/.local/lib/python3.7/site-packages/airflow/example_dags/example_python_operator.py
[2022-08-09 08:34:33,924] {processor.py:642} INFO - Processing file /home/airflow/.local/lib/python3.7/site-packages/airflow/example_dags/example_python_operator.py for tasks to queue
[2022-08-09 08:34:33,926] {logging_mixin.py:109} INFO - [2022-08-09 08:34:33,926] {dagbag.py:500} INFO - Filling up the DagBag from /home/airflow/.local/lib/python3.7/site-packages/airflow/example_dags/example_python_operator.py
[2022-08-09 08:34:33,964] {processor.py:654} INFO - DAG(s) dict_keys(['example_python_operator']) retrieved from /home/airflow/.local/lib/python3.7/site-packages/airflow/example_dags/example_python_operator.py
[2022-08-09 08:34:33,976] {logging_mixin.py:109} INFO - [2022-08-09 08:34:33,976] {dag.py:2396} INFO - Sync 1 DAGs
[2022-08-09 08:34:33,992] {logging_mixin.py:109} INFO - [2022-08-09 08:34:33,992] {dag.py:2935} INFO - Setting next_dagrun for example_python_operator to None
[2022-08-09 08:34:34,003] {processor.py:171} INFO - Processing /home/airflow/.local/lib/python3.7/site-packages/airflow/example_dags/example_python_operator.py took 0.087 seconds
[2022-08-09 08:35:04,331] {processor.py:163} INFO - Started process (PID=3918) to work on /home/airflow/.local/lib/python3.7/site-packages/airflow/example_dags/example_python_operator.py
[2022-08-09 08:35:04,335] {processor.py:642} INFO - Processing file /home/airflow/.local/lib/python3.7/site-packages/airflow/example_dags/example_python_operator.py for tasks to queue
[2022-08-09 08:35:04,337] {logging_mixin.py:109} INFO - [2022-08-09 08:35:04,337] {dagbag.py:500} INFO - Filling up the DagBag from /home/airflow/.local/lib/python3.7/site-packages/airflow/example_dags/example_python_operator.py
[2022-08-09 08:35:04,388] {processor.py:654} INFO - DAG(s) dict_keys(['example_python_operator']) retrieved from /home/airflow/.local/lib/python3.7/site-packages/airflow/example_dags/example_python_operator.py
[2022-08-09 08:35:04,407] {logging_mixin.py:109} INFO - [2022-08-09 08:35:04,407] {dag.py:2396} INFO - Sync 1 DAGs
[2022-08-09 08:35:04,430] {logging_mixin.py:109} INFO - [2022-08-09 08:35:04,430] {dag.py:2935} INFO - Setting next_dagrun for example_python_operator to None
[2022-08-09 08:35:04,442] {processor.py:171} INFO - Processing /home/airflow/.local/lib/python3.7/site-packages/airflow/example_dags/example_python_operator.py took 0.114 seconds
[2022-08-09 08:35:34,840] {processor.py:163} INFO - Started process (PID=3978) to work on /home/airflow/.local/lib/python3.7/site-packages/airflow/example_dags/example_python_operator.py
[2022-08-09 08:35:34,843] {processor.py:642} INFO - Processing file /home/airflow/.local/lib/python3.7/site-packages/airflow/example_dags/example_python_operator.py for tasks to queue
[2022-08-09 08:35:34,845] {logging_mixin.py:109} INFO - [2022-08-09 08:35:34,845] {dagbag.py:500} INFO - Filling up the DagBag from /home/airflow/.local/lib/python3.7/site-packages/airflow/example_dags/example_python_operator.py
[2022-08-09 08:35:34,905] {processor.py:654} INFO - DAG(s) dict_keys(['example_python_operator']) retrieved from /home/airflow/.local/lib/python3.7/site-packages/airflow/example_dags/example_python_operator.py
[2022-08-09 08:35:34,930] {logging_mixin.py:109} INFO - [2022-08-09 08:35:34,930] {dag.py:2396} INFO - Sync 1 DAGs
[2022-08-09 08:35:34,957] {logging_mixin.py:109} INFO - [2022-08-09 08:35:34,957] {dag.py:2935} INFO - Setting next_dagrun for example_python_operator to None
[2022-08-09 08:35:34,979] {processor.py:171} INFO - Processing /home/airflow/.local/lib/python3.7/site-packages/airflow/example_dags/example_python_operator.py took 0.146 seconds
[2022-08-09 08:36:05,414] {processor.py:163} INFO - Started process (PID=4047) to work on /home/airflow/.local/lib/python3.7/site-packages/airflow/example_dags/example_python_operator.py
[2022-08-09 08:36:05,420] {processor.py:642} INFO - Processing file /home/airflow/.local/lib/python3.7/site-packages/airflow/example_dags/example_python_operator.py for tasks to queue
[2022-08-09 08:36:05,423] {logging_mixin.py:109} INFO - [2022-08-09 08:36:05,423] {dagbag.py:500} INFO - Filling up the DagBag from /home/airflow/.local/lib/python3.7/site-packages/airflow/example_dags/example_python_operator.py
[2022-08-09 08:36:05,507] {processor.py:654} INFO - DAG(s) dict_keys(['example_python_operator']) retrieved from /home/airflow/.local/lib/python3.7/site-packages/airflow/example_dags/example_python_operator.py
[2022-08-09 08:36:05,544] {logging_mixin.py:109} INFO - [2022-08-09 08:36:05,543] {dag.py:2396} INFO - Sync 1 DAGs
[2022-08-09 08:36:05,571] {logging_mixin.py:109} INFO - [2022-08-09 08:36:05,571] {dag.py:2935} INFO - Setting next_dagrun for example_python_operator to None
[2022-08-09 08:36:05,586] {processor.py:171} INFO - Processing /home/airflow/.local/lib/python3.7/site-packages/airflow/example_dags/example_python_operator.py took 0.183 seconds
[2022-08-09 08:36:35,888] {processor.py:163} INFO - Started process (PID=4108) to work on /home/airflow/.local/lib/python3.7/site-packages/airflow/example_dags/example_python_operator.py
[2022-08-09 08:36:35,925] {processor.py:642} INFO - Processing file /home/airflow/.local/lib/python3.7/site-packages/airflow/example_dags/example_python_operator.py for tasks to queue
[2022-08-09 08:36:36,096] {logging_mixin.py:109} INFO - [2022-08-09 08:36:36,081] {dagbag.py:500} INFO - Filling up the DagBag from /home/airflow/.local/lib/python3.7/site-packages/airflow/example_dags/example_python_operator.py
[2022-08-09 08:36:36,987] {processor.py:654} INFO - DAG(s) dict_keys(['example_python_operator']) retrieved from /home/airflow/.local/lib/python3.7/site-packages/airflow/example_dags/example_python_operator.py
[2022-08-09 08:36:37,074] {logging_mixin.py:109} INFO - [2022-08-09 08:36:37,073] {dag.py:2396} INFO - Sync 1 DAGs
[2022-08-09 08:36:37,191] {logging_mixin.py:109} INFO - [2022-08-09 08:36:37,190] {dag.py:2935} INFO - Setting next_dagrun for example_python_operator to None
[2022-08-09 08:36:37,227] {processor.py:171} INFO - Processing /home/airflow/.local/lib/python3.7/site-packages/airflow/example_dags/example_python_operator.py took 1.358 seconds
[2022-08-09 08:55:25,471] {processor.py:163} INFO - Started process (PID=4178) to work on /home/airflow/.local/lib/python3.7/site-packages/airflow/example_dags/example_python_operator.py
[2022-08-09 08:55:25,485] {processor.py:642} INFO - Processing file /home/airflow/.local/lib/python3.7/site-packages/airflow/example_dags/example_python_operator.py for tasks to queue
[2022-08-09 08:55:25,487] {logging_mixin.py:109} INFO - [2022-08-09 08:55:25,487] {dagbag.py:500} INFO - Filling up the DagBag from /home/airflow/.local/lib/python3.7/site-packages/airflow/example_dags/example_python_operator.py
[2022-08-09 08:55:25,652] {processor.py:654} INFO - DAG(s) dict_keys(['example_python_operator']) retrieved from /home/airflow/.local/lib/python3.7/site-packages/airflow/example_dags/example_python_operator.py
[2022-08-09 08:55:25,687] {logging_mixin.py:109} INFO - [2022-08-09 08:55:25,687] {dag.py:2396} INFO - Sync 1 DAGs
[2022-08-09 08:55:25,745] {logging_mixin.py:109} INFO - [2022-08-09 08:55:25,744] {dag.py:2935} INFO - Setting next_dagrun for example_python_operator to None
[2022-08-09 08:55:25,772] {processor.py:171} INFO - Processing /home/airflow/.local/lib/python3.7/site-packages/airflow/example_dags/example_python_operator.py took 0.308 seconds
