[2022-08-09 08:04:35,636] {processor.py:163} INFO - Started process (PID=61) to work on /home/airflow/.local/lib/python3.7/site-packages/airflow/example_dags/example_short_circuit_operator.py
[2022-08-09 08:04:35,639] {processor.py:642} INFO - Processing file /home/airflow/.local/lib/python3.7/site-packages/airflow/example_dags/example_short_circuit_operator.py for tasks to queue
[2022-08-09 08:04:35,642] {logging_mixin.py:109} INFO - [2022-08-09 08:04:35,642] {dagbag.py:500} INFO - Filling up the DagBag from /home/airflow/.local/lib/python3.7/site-packages/airflow/example_dags/example_short_circuit_operator.py
[2022-08-09 08:04:35,710] {processor.py:654} INFO - DAG(s) dict_keys(['example_short_circuit_operator']) retrieved from /home/airflow/.local/lib/python3.7/site-packages/airflow/example_dags/example_short_circuit_operator.py
[2022-08-09 08:04:35,755] {logging_mixin.py:109} INFO - [2022-08-09 08:04:35,755] {dag.py:2396} INFO - Sync 1 DAGs
[2022-08-09 08:04:35,804] {logging_mixin.py:109} INFO - [2022-08-09 08:04:35,804] {dag.py:2935} INFO - Setting next_dagrun for example_short_circuit_operator to 2022-08-08T08:04:35.803532+00:00
[2022-08-09 08:04:35,828] {processor.py:171} INFO - Processing /home/airflow/.local/lib/python3.7/site-packages/airflow/example_dags/example_short_circuit_operator.py took 0.198 seconds
[2022-08-09 08:05:06,516] {processor.py:163} INFO - Started process (PID=130) to work on /home/airflow/.local/lib/python3.7/site-packages/airflow/example_dags/example_short_circuit_operator.py
[2022-08-09 08:05:06,518] {processor.py:642} INFO - Processing file /home/airflow/.local/lib/python3.7/site-packages/airflow/example_dags/example_short_circuit_operator.py for tasks to queue
[2022-08-09 08:05:06,521] {logging_mixin.py:109} INFO - [2022-08-09 08:05:06,520] {dagbag.py:500} INFO - Filling up the DagBag from /home/airflow/.local/lib/python3.7/site-packages/airflow/example_dags/example_short_circuit_operator.py
[2022-08-09 08:05:06,586] {processor.py:654} INFO - DAG(s) dict_keys(['example_short_circuit_operator']) retrieved from /home/airflow/.local/lib/python3.7/site-packages/airflow/example_dags/example_short_circuit_operator.py
[2022-08-09 08:05:06,601] {logging_mixin.py:109} INFO - [2022-08-09 08:05:06,600] {dag.py:2396} INFO - Sync 1 DAGs
[2022-08-09 08:05:06,622] {logging_mixin.py:109} INFO - [2022-08-09 08:05:06,622] {dag.py:2935} INFO - Setting next_dagrun for example_short_circuit_operator to 2022-08-08T08:05:06.621933+00:00
[2022-08-09 08:05:06,633] {processor.py:171} INFO - Processing /home/airflow/.local/lib/python3.7/site-packages/airflow/example_dags/example_short_circuit_operator.py took 0.123 seconds
[2022-08-09 08:05:36,835] {processor.py:163} INFO - Started process (PID=191) to work on /home/airflow/.local/lib/python3.7/site-packages/airflow/example_dags/example_short_circuit_operator.py
[2022-08-09 08:05:36,837] {processor.py:642} INFO - Processing file /home/airflow/.local/lib/python3.7/site-packages/airflow/example_dags/example_short_circuit_operator.py for tasks to queue
[2022-08-09 08:05:36,838] {logging_mixin.py:109} INFO - [2022-08-09 08:05:36,838] {dagbag.py:500} INFO - Filling up the DagBag from /home/airflow/.local/lib/python3.7/site-packages/airflow/example_dags/example_short_circuit_operator.py
[2022-08-09 08:05:36,886] {processor.py:654} INFO - DAG(s) dict_keys(['example_short_circuit_operator']) retrieved from /home/airflow/.local/lib/python3.7/site-packages/airflow/example_dags/example_short_circuit_operator.py
[2022-08-09 08:05:36,898] {logging_mixin.py:109} INFO - [2022-08-09 08:05:36,898] {dag.py:2396} INFO - Sync 1 DAGs
[2022-08-09 08:05:36,914] {logging_mixin.py:109} INFO - [2022-08-09 08:05:36,914] {dag.py:2935} INFO - Setting next_dagrun for example_short_circuit_operator to 2022-08-08T08:05:36.914464+00:00
[2022-08-09 08:05:36,928] {processor.py:171} INFO - Processing /home/airflow/.local/lib/python3.7/site-packages/airflow/example_dags/example_short_circuit_operator.py took 0.099 seconds
[2022-08-09 08:06:07,905] {processor.py:163} INFO - Started process (PID=260) to work on /home/airflow/.local/lib/python3.7/site-packages/airflow/example_dags/example_short_circuit_operator.py
[2022-08-09 08:06:07,908] {processor.py:642} INFO - Processing file /home/airflow/.local/lib/python3.7/site-packages/airflow/example_dags/example_short_circuit_operator.py for tasks to queue
[2022-08-09 08:06:07,910] {logging_mixin.py:109} INFO - [2022-08-09 08:06:07,910] {dagbag.py:500} INFO - Filling up the DagBag from /home/airflow/.local/lib/python3.7/site-packages/airflow/example_dags/example_short_circuit_operator.py
[2022-08-09 08:06:07,946] {processor.py:654} INFO - DAG(s) dict_keys(['example_short_circuit_operator']) retrieved from /home/airflow/.local/lib/python3.7/site-packages/airflow/example_dags/example_short_circuit_operator.py
[2022-08-09 08:06:07,983] {logging_mixin.py:109} INFO - [2022-08-09 08:06:07,982] {dag.py:2396} INFO - Sync 1 DAGs
[2022-08-09 08:06:08,012] {logging_mixin.py:109} INFO - [2022-08-09 08:06:08,012] {dag.py:2935} INFO - Setting next_dagrun for example_short_circuit_operator to 2022-08-08T08:06:08.011758+00:00
[2022-08-09 08:06:08,026] {processor.py:171} INFO - Processing /home/airflow/.local/lib/python3.7/site-packages/airflow/example_dags/example_short_circuit_operator.py took 0.125 seconds
[2022-08-09 08:06:38,571] {processor.py:163} INFO - Started process (PID=320) to work on /home/airflow/.local/lib/python3.7/site-packages/airflow/example_dags/example_short_circuit_operator.py
[2022-08-09 08:06:38,573] {processor.py:642} INFO - Processing file /home/airflow/.local/lib/python3.7/site-packages/airflow/example_dags/example_short_circuit_operator.py for tasks to queue
[2022-08-09 08:06:38,576] {logging_mixin.py:109} INFO - [2022-08-09 08:06:38,576] {dagbag.py:500} INFO - Filling up the DagBag from /home/airflow/.local/lib/python3.7/site-packages/airflow/example_dags/example_short_circuit_operator.py
[2022-08-09 08:06:38,618] {processor.py:654} INFO - DAG(s) dict_keys(['example_short_circuit_operator']) retrieved from /home/airflow/.local/lib/python3.7/site-packages/airflow/example_dags/example_short_circuit_operator.py
[2022-08-09 08:06:38,660] {logging_mixin.py:109} INFO - [2022-08-09 08:06:38,660] {dag.py:2396} INFO - Sync 1 DAGs
[2022-08-09 08:06:38,718] {logging_mixin.py:109} INFO - [2022-08-09 08:06:38,718] {dag.py:2935} INFO - Setting next_dagrun for example_short_circuit_operator to 2022-08-08T08:06:38.718322+00:00
[2022-08-09 08:06:38,738] {processor.py:171} INFO - Processing /home/airflow/.local/lib/python3.7/site-packages/airflow/example_dags/example_short_circuit_operator.py took 0.170 seconds
[2022-08-09 08:07:09,945] {processor.py:163} INFO - Started process (PID=391) to work on /home/airflow/.local/lib/python3.7/site-packages/airflow/example_dags/example_short_circuit_operator.py
[2022-08-09 08:07:09,946] {processor.py:642} INFO - Processing file /home/airflow/.local/lib/python3.7/site-packages/airflow/example_dags/example_short_circuit_operator.py for tasks to queue
[2022-08-09 08:07:09,948] {logging_mixin.py:109} INFO - [2022-08-09 08:07:09,948] {dagbag.py:500} INFO - Filling up the DagBag from /home/airflow/.local/lib/python3.7/site-packages/airflow/example_dags/example_short_circuit_operator.py
[2022-08-09 08:07:09,985] {processor.py:654} INFO - DAG(s) dict_keys(['example_short_circuit_operator']) retrieved from /home/airflow/.local/lib/python3.7/site-packages/airflow/example_dags/example_short_circuit_operator.py
[2022-08-09 08:07:09,998] {logging_mixin.py:109} INFO - [2022-08-09 08:07:09,997] {dag.py:2396} INFO - Sync 1 DAGs
[2022-08-09 08:07:10,022] {logging_mixin.py:109} INFO - [2022-08-09 08:07:10,021] {dag.py:2935} INFO - Setting next_dagrun for example_short_circuit_operator to 2022-08-08T08:07:10.020807+00:00
[2022-08-09 08:07:10,036] {processor.py:171} INFO - Processing /home/airflow/.local/lib/python3.7/site-packages/airflow/example_dags/example_short_circuit_operator.py took 0.096 seconds
[2022-08-09 08:07:40,276] {processor.py:163} INFO - Started process (PID=450) to work on /home/airflow/.local/lib/python3.7/site-packages/airflow/example_dags/example_short_circuit_operator.py
[2022-08-09 08:07:40,279] {processor.py:642} INFO - Processing file /home/airflow/.local/lib/python3.7/site-packages/airflow/example_dags/example_short_circuit_operator.py for tasks to queue
[2022-08-09 08:07:40,281] {logging_mixin.py:109} INFO - [2022-08-09 08:07:40,281] {dagbag.py:500} INFO - Filling up the DagBag from /home/airflow/.local/lib/python3.7/site-packages/airflow/example_dags/example_short_circuit_operator.py
[2022-08-09 08:07:40,346] {processor.py:654} INFO - DAG(s) dict_keys(['example_short_circuit_operator']) retrieved from /home/airflow/.local/lib/python3.7/site-packages/airflow/example_dags/example_short_circuit_operator.py
[2022-08-09 08:07:40,365] {logging_mixin.py:109} INFO - [2022-08-09 08:07:40,364] {dag.py:2396} INFO - Sync 1 DAGs
[2022-08-09 08:07:40,393] {logging_mixin.py:109} INFO - [2022-08-09 08:07:40,393] {dag.py:2935} INFO - Setting next_dagrun for example_short_circuit_operator to 2022-08-08T08:07:40.393161+00:00
[2022-08-09 08:07:40,408] {processor.py:171} INFO - Processing /home/airflow/.local/lib/python3.7/site-packages/airflow/example_dags/example_short_circuit_operator.py took 0.139 seconds
[2022-08-09 08:08:10,705] {processor.py:163} INFO - Started process (PID=517) to work on /home/airflow/.local/lib/python3.7/site-packages/airflow/example_dags/example_short_circuit_operator.py
[2022-08-09 08:08:10,707] {processor.py:642} INFO - Processing file /home/airflow/.local/lib/python3.7/site-packages/airflow/example_dags/example_short_circuit_operator.py for tasks to queue
[2022-08-09 08:08:10,711] {logging_mixin.py:109} INFO - [2022-08-09 08:08:10,710] {dagbag.py:500} INFO - Filling up the DagBag from /home/airflow/.local/lib/python3.7/site-packages/airflow/example_dags/example_short_circuit_operator.py
[2022-08-09 08:08:10,761] {processor.py:654} INFO - DAG(s) dict_keys(['example_short_circuit_operator']) retrieved from /home/airflow/.local/lib/python3.7/site-packages/airflow/example_dags/example_short_circuit_operator.py
[2022-08-09 08:08:10,776] {logging_mixin.py:109} INFO - [2022-08-09 08:08:10,776] {dag.py:2396} INFO - Sync 1 DAGs
[2022-08-09 08:08:10,796] {logging_mixin.py:109} INFO - [2022-08-09 08:08:10,796] {dag.py:2935} INFO - Setting next_dagrun for example_short_circuit_operator to 2022-08-08T08:08:10.796338+00:00
[2022-08-09 08:08:10,809] {processor.py:171} INFO - Processing /home/airflow/.local/lib/python3.7/site-packages/airflow/example_dags/example_short_circuit_operator.py took 0.110 seconds
[2022-08-09 08:08:41,635] {processor.py:163} INFO - Started process (PID=578) to work on /home/airflow/.local/lib/python3.7/site-packages/airflow/example_dags/example_short_circuit_operator.py
[2022-08-09 08:08:41,637] {processor.py:642} INFO - Processing file /home/airflow/.local/lib/python3.7/site-packages/airflow/example_dags/example_short_circuit_operator.py for tasks to queue
[2022-08-09 08:08:41,638] {logging_mixin.py:109} INFO - [2022-08-09 08:08:41,638] {dagbag.py:500} INFO - Filling up the DagBag from /home/airflow/.local/lib/python3.7/site-packages/airflow/example_dags/example_short_circuit_operator.py
[2022-08-09 08:08:41,670] {processor.py:654} INFO - DAG(s) dict_keys(['example_short_circuit_operator']) retrieved from /home/airflow/.local/lib/python3.7/site-packages/airflow/example_dags/example_short_circuit_operator.py
[2022-08-09 08:08:41,682] {logging_mixin.py:109} INFO - [2022-08-09 08:08:41,681] {dag.py:2396} INFO - Sync 1 DAGs
[2022-08-09 08:08:41,702] {logging_mixin.py:109} INFO - [2022-08-09 08:08:41,702] {dag.py:2935} INFO - Setting next_dagrun for example_short_circuit_operator to 2022-08-08T08:08:41.701838+00:00
[2022-08-09 08:08:41,718] {processor.py:171} INFO - Processing /home/airflow/.local/lib/python3.7/site-packages/airflow/example_dags/example_short_circuit_operator.py took 0.087 seconds
[2022-08-09 08:09:12,586] {processor.py:163} INFO - Started process (PID=649) to work on /home/airflow/.local/lib/python3.7/site-packages/airflow/example_dags/example_short_circuit_operator.py
[2022-08-09 08:09:12,589] {processor.py:642} INFO - Processing file /home/airflow/.local/lib/python3.7/site-packages/airflow/example_dags/example_short_circuit_operator.py for tasks to queue
[2022-08-09 08:09:12,593] {logging_mixin.py:109} INFO - [2022-08-09 08:09:12,593] {dagbag.py:500} INFO - Filling up the DagBag from /home/airflow/.local/lib/python3.7/site-packages/airflow/example_dags/example_short_circuit_operator.py
[2022-08-09 08:09:12,667] {processor.py:654} INFO - DAG(s) dict_keys(['example_short_circuit_operator']) retrieved from /home/airflow/.local/lib/python3.7/site-packages/airflow/example_dags/example_short_circuit_operator.py
[2022-08-09 08:09:12,686] {logging_mixin.py:109} INFO - [2022-08-09 08:09:12,686] {dag.py:2396} INFO - Sync 1 DAGs
[2022-08-09 08:09:12,715] {logging_mixin.py:109} INFO - [2022-08-09 08:09:12,715] {dag.py:2935} INFO - Setting next_dagrun for example_short_circuit_operator to 2022-08-08T08:09:12.714953+00:00
[2022-08-09 08:09:12,725] {processor.py:171} INFO - Processing /home/airflow/.local/lib/python3.7/site-packages/airflow/example_dags/example_short_circuit_operator.py took 0.147 seconds
[2022-08-09 08:09:43,642] {processor.py:163} INFO - Started process (PID=710) to work on /home/airflow/.local/lib/python3.7/site-packages/airflow/example_dags/example_short_circuit_operator.py
[2022-08-09 08:09:43,644] {processor.py:642} INFO - Processing file /home/airflow/.local/lib/python3.7/site-packages/airflow/example_dags/example_short_circuit_operator.py for tasks to queue
[2022-08-09 08:09:43,646] {logging_mixin.py:109} INFO - [2022-08-09 08:09:43,646] {dagbag.py:500} INFO - Filling up the DagBag from /home/airflow/.local/lib/python3.7/site-packages/airflow/example_dags/example_short_circuit_operator.py
[2022-08-09 08:09:43,676] {processor.py:654} INFO - DAG(s) dict_keys(['example_short_circuit_operator']) retrieved from /home/airflow/.local/lib/python3.7/site-packages/airflow/example_dags/example_short_circuit_operator.py
[2022-08-09 08:09:43,686] {logging_mixin.py:109} INFO - [2022-08-09 08:09:43,686] {dag.py:2396} INFO - Sync 1 DAGs
[2022-08-09 08:09:43,703] {logging_mixin.py:109} INFO - [2022-08-09 08:09:43,702] {dag.py:2935} INFO - Setting next_dagrun for example_short_circuit_operator to 2022-08-08T08:09:43.702637+00:00
[2022-08-09 08:09:43,715] {processor.py:171} INFO - Processing /home/airflow/.local/lib/python3.7/site-packages/airflow/example_dags/example_short_circuit_operator.py took 0.077 seconds
[2022-08-09 08:10:14,083] {processor.py:163} INFO - Started process (PID=780) to work on /home/airflow/.local/lib/python3.7/site-packages/airflow/example_dags/example_short_circuit_operator.py
[2022-08-09 08:10:14,085] {processor.py:642} INFO - Processing file /home/airflow/.local/lib/python3.7/site-packages/airflow/example_dags/example_short_circuit_operator.py for tasks to queue
[2022-08-09 08:10:14,086] {logging_mixin.py:109} INFO - [2022-08-09 08:10:14,086] {dagbag.py:500} INFO - Filling up the DagBag from /home/airflow/.local/lib/python3.7/site-packages/airflow/example_dags/example_short_circuit_operator.py
[2022-08-09 08:10:14,117] {processor.py:654} INFO - DAG(s) dict_keys(['example_short_circuit_operator']) retrieved from /home/airflow/.local/lib/python3.7/site-packages/airflow/example_dags/example_short_circuit_operator.py
[2022-08-09 08:10:14,128] {logging_mixin.py:109} INFO - [2022-08-09 08:10:14,128] {dag.py:2396} INFO - Sync 1 DAGs
[2022-08-09 08:10:14,144] {logging_mixin.py:109} INFO - [2022-08-09 08:10:14,144] {dag.py:2935} INFO - Setting next_dagrun for example_short_circuit_operator to 2022-08-08T08:10:14.144406+00:00
[2022-08-09 08:10:14,155] {processor.py:171} INFO - Processing /home/airflow/.local/lib/python3.7/site-packages/airflow/example_dags/example_short_circuit_operator.py took 0.076 seconds
[2022-08-09 08:10:44,576] {processor.py:163} INFO - Started process (PID=841) to work on /home/airflow/.local/lib/python3.7/site-packages/airflow/example_dags/example_short_circuit_operator.py
[2022-08-09 08:10:44,579] {processor.py:642} INFO - Processing file /home/airflow/.local/lib/python3.7/site-packages/airflow/example_dags/example_short_circuit_operator.py for tasks to queue
[2022-08-09 08:10:44,582] {logging_mixin.py:109} INFO - [2022-08-09 08:10:44,581] {dagbag.py:500} INFO - Filling up the DagBag from /home/airflow/.local/lib/python3.7/site-packages/airflow/example_dags/example_short_circuit_operator.py
[2022-08-09 08:10:44,616] {processor.py:654} INFO - DAG(s) dict_keys(['example_short_circuit_operator']) retrieved from /home/airflow/.local/lib/python3.7/site-packages/airflow/example_dags/example_short_circuit_operator.py
[2022-08-09 08:10:44,632] {logging_mixin.py:109} INFO - [2022-08-09 08:10:44,632] {dag.py:2396} INFO - Sync 1 DAGs
[2022-08-09 08:10:44,652] {logging_mixin.py:109} INFO - [2022-08-09 08:10:44,652] {dag.py:2935} INFO - Setting next_dagrun for example_short_circuit_operator to 2022-08-08T08:10:44.651595+00:00
[2022-08-09 08:10:44,666] {processor.py:171} INFO - Processing /home/airflow/.local/lib/python3.7/site-packages/airflow/example_dags/example_short_circuit_operator.py took 0.094 seconds
[2022-08-09 08:11:14,757] {processor.py:163} INFO - Started process (PID=901) to work on /home/airflow/.local/lib/python3.7/site-packages/airflow/example_dags/example_short_circuit_operator.py
[2022-08-09 08:11:14,759] {processor.py:642} INFO - Processing file /home/airflow/.local/lib/python3.7/site-packages/airflow/example_dags/example_short_circuit_operator.py for tasks to queue
[2022-08-09 08:11:14,760] {logging_mixin.py:109} INFO - [2022-08-09 08:11:14,760] {dagbag.py:500} INFO - Filling up the DagBag from /home/airflow/.local/lib/python3.7/site-packages/airflow/example_dags/example_short_circuit_operator.py
[2022-08-09 08:11:14,796] {processor.py:654} INFO - DAG(s) dict_keys(['example_short_circuit_operator']) retrieved from /home/airflow/.local/lib/python3.7/site-packages/airflow/example_dags/example_short_circuit_operator.py
[2022-08-09 08:11:14,812] {logging_mixin.py:109} INFO - [2022-08-09 08:11:14,812] {dag.py:2396} INFO - Sync 1 DAGs
[2022-08-09 08:11:14,834] {logging_mixin.py:109} INFO - [2022-08-09 08:11:14,834] {dag.py:2935} INFO - Setting next_dagrun for example_short_circuit_operator to 2022-08-08T08:11:14.833981+00:00
[2022-08-09 08:11:14,847] {processor.py:171} INFO - Processing /home/airflow/.local/lib/python3.7/site-packages/airflow/example_dags/example_short_circuit_operator.py took 0.095 seconds
[2022-08-09 08:11:45,616] {processor.py:163} INFO - Started process (PID=971) to work on /home/airflow/.local/lib/python3.7/site-packages/airflow/example_dags/example_short_circuit_operator.py
[2022-08-09 08:11:45,619] {processor.py:642} INFO - Processing file /home/airflow/.local/lib/python3.7/site-packages/airflow/example_dags/example_short_circuit_operator.py for tasks to queue
[2022-08-09 08:11:45,621] {logging_mixin.py:109} INFO - [2022-08-09 08:11:45,621] {dagbag.py:500} INFO - Filling up the DagBag from /home/airflow/.local/lib/python3.7/site-packages/airflow/example_dags/example_short_circuit_operator.py
[2022-08-09 08:11:45,656] {processor.py:654} INFO - DAG(s) dict_keys(['example_short_circuit_operator']) retrieved from /home/airflow/.local/lib/python3.7/site-packages/airflow/example_dags/example_short_circuit_operator.py
[2022-08-09 08:11:45,671] {logging_mixin.py:109} INFO - [2022-08-09 08:11:45,670] {dag.py:2396} INFO - Sync 1 DAGs
[2022-08-09 08:11:45,690] {logging_mixin.py:109} INFO - [2022-08-09 08:11:45,690] {dag.py:2935} INFO - Setting next_dagrun for example_short_circuit_operator to 2022-08-08T08:11:45.690102+00:00
[2022-08-09 08:11:45,703] {processor.py:171} INFO - Processing /home/airflow/.local/lib/python3.7/site-packages/airflow/example_dags/example_short_circuit_operator.py took 0.093 seconds
[2022-08-09 08:12:16,260] {processor.py:163} INFO - Started process (PID=1031) to work on /home/airflow/.local/lib/python3.7/site-packages/airflow/example_dags/example_short_circuit_operator.py
[2022-08-09 08:12:16,262] {processor.py:642} INFO - Processing file /home/airflow/.local/lib/python3.7/site-packages/airflow/example_dags/example_short_circuit_operator.py for tasks to queue
[2022-08-09 08:12:16,264] {logging_mixin.py:109} INFO - [2022-08-09 08:12:16,263] {dagbag.py:500} INFO - Filling up the DagBag from /home/airflow/.local/lib/python3.7/site-packages/airflow/example_dags/example_short_circuit_operator.py
[2022-08-09 08:12:16,293] {processor.py:654} INFO - DAG(s) dict_keys(['example_short_circuit_operator']) retrieved from /home/airflow/.local/lib/python3.7/site-packages/airflow/example_dags/example_short_circuit_operator.py
[2022-08-09 08:12:16,304] {logging_mixin.py:109} INFO - [2022-08-09 08:12:16,303] {dag.py:2396} INFO - Sync 1 DAGs
[2022-08-09 08:12:16,320] {logging_mixin.py:109} INFO - [2022-08-09 08:12:16,320] {dag.py:2935} INFO - Setting next_dagrun for example_short_circuit_operator to 2022-08-08T08:12:16.320408+00:00
[2022-08-09 08:12:16,333] {processor.py:171} INFO - Processing /home/airflow/.local/lib/python3.7/site-packages/airflow/example_dags/example_short_circuit_operator.py took 0.076 seconds
[2022-08-09 08:12:47,087] {processor.py:163} INFO - Started process (PID=1101) to work on /home/airflow/.local/lib/python3.7/site-packages/airflow/example_dags/example_short_circuit_operator.py
[2022-08-09 08:12:47,089] {processor.py:642} INFO - Processing file /home/airflow/.local/lib/python3.7/site-packages/airflow/example_dags/example_short_circuit_operator.py for tasks to queue
[2022-08-09 08:12:47,090] {logging_mixin.py:109} INFO - [2022-08-09 08:12:47,090] {dagbag.py:500} INFO - Filling up the DagBag from /home/airflow/.local/lib/python3.7/site-packages/airflow/example_dags/example_short_circuit_operator.py
[2022-08-09 08:12:47,120] {processor.py:654} INFO - DAG(s) dict_keys(['example_short_circuit_operator']) retrieved from /home/airflow/.local/lib/python3.7/site-packages/airflow/example_dags/example_short_circuit_operator.py
[2022-08-09 08:12:47,132] {logging_mixin.py:109} INFO - [2022-08-09 08:12:47,132] {dag.py:2396} INFO - Sync 1 DAGs
[2022-08-09 08:12:47,155] {logging_mixin.py:109} INFO - [2022-08-09 08:12:47,155] {dag.py:2935} INFO - Setting next_dagrun for example_short_circuit_operator to 2022-08-08T08:12:47.155031+00:00
[2022-08-09 08:12:47,187] {processor.py:171} INFO - Processing /home/airflow/.local/lib/python3.7/site-packages/airflow/example_dags/example_short_circuit_operator.py took 0.103 seconds
[2022-08-09 08:13:17,701] {processor.py:163} INFO - Started process (PID=1161) to work on /home/airflow/.local/lib/python3.7/site-packages/airflow/example_dags/example_short_circuit_operator.py
[2022-08-09 08:13:17,703] {processor.py:642} INFO - Processing file /home/airflow/.local/lib/python3.7/site-packages/airflow/example_dags/example_short_circuit_operator.py for tasks to queue
[2022-08-09 08:13:17,704] {logging_mixin.py:109} INFO - [2022-08-09 08:13:17,704] {dagbag.py:500} INFO - Filling up the DagBag from /home/airflow/.local/lib/python3.7/site-packages/airflow/example_dags/example_short_circuit_operator.py
[2022-08-09 08:13:17,740] {processor.py:654} INFO - DAG(s) dict_keys(['example_short_circuit_operator']) retrieved from /home/airflow/.local/lib/python3.7/site-packages/airflow/example_dags/example_short_circuit_operator.py
[2022-08-09 08:13:17,753] {logging_mixin.py:109} INFO - [2022-08-09 08:13:17,753] {dag.py:2396} INFO - Sync 1 DAGs
[2022-08-09 08:13:17,773] {logging_mixin.py:109} INFO - [2022-08-09 08:13:17,773] {dag.py:2935} INFO - Setting next_dagrun for example_short_circuit_operator to 2022-08-08T08:13:17.773201+00:00
[2022-08-09 08:13:17,786] {processor.py:171} INFO - Processing /home/airflow/.local/lib/python3.7/site-packages/airflow/example_dags/example_short_circuit_operator.py took 0.089 seconds
[2022-08-09 08:13:48,510] {processor.py:163} INFO - Started process (PID=1232) to work on /home/airflow/.local/lib/python3.7/site-packages/airflow/example_dags/example_short_circuit_operator.py
[2022-08-09 08:13:48,512] {processor.py:642} INFO - Processing file /home/airflow/.local/lib/python3.7/site-packages/airflow/example_dags/example_short_circuit_operator.py for tasks to queue
[2022-08-09 08:13:48,513] {logging_mixin.py:109} INFO - [2022-08-09 08:13:48,513] {dagbag.py:500} INFO - Filling up the DagBag from /home/airflow/.local/lib/python3.7/site-packages/airflow/example_dags/example_short_circuit_operator.py
[2022-08-09 08:13:48,544] {processor.py:654} INFO - DAG(s) dict_keys(['example_short_circuit_operator']) retrieved from /home/airflow/.local/lib/python3.7/site-packages/airflow/example_dags/example_short_circuit_operator.py
[2022-08-09 08:13:48,557] {logging_mixin.py:109} INFO - [2022-08-09 08:13:48,557] {dag.py:2396} INFO - Sync 1 DAGs
[2022-08-09 08:13:48,574] {logging_mixin.py:109} INFO - [2022-08-09 08:13:48,574] {dag.py:2935} INFO - Setting next_dagrun for example_short_circuit_operator to 2022-08-08T08:13:48.573961+00:00
[2022-08-09 08:13:48,585] {processor.py:171} INFO - Processing /home/airflow/.local/lib/python3.7/site-packages/airflow/example_dags/example_short_circuit_operator.py took 0.079 seconds
[2022-08-09 08:14:19,342] {processor.py:163} INFO - Started process (PID=1292) to work on /home/airflow/.local/lib/python3.7/site-packages/airflow/example_dags/example_short_circuit_operator.py
[2022-08-09 08:14:19,345] {processor.py:642} INFO - Processing file /home/airflow/.local/lib/python3.7/site-packages/airflow/example_dags/example_short_circuit_operator.py for tasks to queue
[2022-08-09 08:14:19,346] {logging_mixin.py:109} INFO - [2022-08-09 08:14:19,346] {dagbag.py:500} INFO - Filling up the DagBag from /home/airflow/.local/lib/python3.7/site-packages/airflow/example_dags/example_short_circuit_operator.py
[2022-08-09 08:14:19,382] {processor.py:654} INFO - DAG(s) dict_keys(['example_short_circuit_operator']) retrieved from /home/airflow/.local/lib/python3.7/site-packages/airflow/example_dags/example_short_circuit_operator.py
[2022-08-09 08:14:19,397] {logging_mixin.py:109} INFO - [2022-08-09 08:14:19,396] {dag.py:2396} INFO - Sync 1 DAGs
[2022-08-09 08:14:19,417] {logging_mixin.py:109} INFO - [2022-08-09 08:14:19,417] {dag.py:2935} INFO - Setting next_dagrun for example_short_circuit_operator to 2022-08-08T08:14:19.417415+00:00
[2022-08-09 08:14:19,436] {processor.py:171} INFO - Processing /home/airflow/.local/lib/python3.7/site-packages/airflow/example_dags/example_short_circuit_operator.py took 0.098 seconds
[2022-08-09 08:14:50,226] {processor.py:163} INFO - Started process (PID=1361) to work on /home/airflow/.local/lib/python3.7/site-packages/airflow/example_dags/example_short_circuit_operator.py
[2022-08-09 08:14:50,229] {processor.py:642} INFO - Processing file /home/airflow/.local/lib/python3.7/site-packages/airflow/example_dags/example_short_circuit_operator.py for tasks to queue
[2022-08-09 08:14:50,230] {logging_mixin.py:109} INFO - [2022-08-09 08:14:50,230] {dagbag.py:500} INFO - Filling up the DagBag from /home/airflow/.local/lib/python3.7/site-packages/airflow/example_dags/example_short_circuit_operator.py
[2022-08-09 08:14:50,259] {processor.py:654} INFO - DAG(s) dict_keys(['example_short_circuit_operator']) retrieved from /home/airflow/.local/lib/python3.7/site-packages/airflow/example_dags/example_short_circuit_operator.py
[2022-08-09 08:14:50,272] {logging_mixin.py:109} INFO - [2022-08-09 08:14:50,271] {dag.py:2396} INFO - Sync 1 DAGs
[2022-08-09 08:14:50,291] {logging_mixin.py:109} INFO - [2022-08-09 08:14:50,290] {dag.py:2935} INFO - Setting next_dagrun for example_short_circuit_operator to 2022-08-08T08:14:50.290591+00:00
[2022-08-09 08:14:50,303] {processor.py:171} INFO - Processing /home/airflow/.local/lib/python3.7/site-packages/airflow/example_dags/example_short_circuit_operator.py took 0.081 seconds
[2022-08-09 08:15:21,007] {processor.py:163} INFO - Started process (PID=1421) to work on /home/airflow/.local/lib/python3.7/site-packages/airflow/example_dags/example_short_circuit_operator.py
[2022-08-09 08:15:21,010] {processor.py:642} INFO - Processing file /home/airflow/.local/lib/python3.7/site-packages/airflow/example_dags/example_short_circuit_operator.py for tasks to queue
[2022-08-09 08:15:21,012] {logging_mixin.py:109} INFO - [2022-08-09 08:15:21,011] {dagbag.py:500} INFO - Filling up the DagBag from /home/airflow/.local/lib/python3.7/site-packages/airflow/example_dags/example_short_circuit_operator.py
[2022-08-09 08:15:21,047] {processor.py:654} INFO - DAG(s) dict_keys(['example_short_circuit_operator']) retrieved from /home/airflow/.local/lib/python3.7/site-packages/airflow/example_dags/example_short_circuit_operator.py
[2022-08-09 08:15:21,062] {logging_mixin.py:109} INFO - [2022-08-09 08:15:21,062] {dag.py:2396} INFO - Sync 1 DAGs
[2022-08-09 08:15:21,081] {logging_mixin.py:109} INFO - [2022-08-09 08:15:21,080] {dag.py:2935} INFO - Setting next_dagrun for example_short_circuit_operator to 2022-08-08T08:15:21.080581+00:00
[2022-08-09 08:15:21,095] {processor.py:171} INFO - Processing /home/airflow/.local/lib/python3.7/site-packages/airflow/example_dags/example_short_circuit_operator.py took 0.094 seconds
[2022-08-09 08:15:51,286] {processor.py:163} INFO - Started process (PID=1491) to work on /home/airflow/.local/lib/python3.7/site-packages/airflow/example_dags/example_short_circuit_operator.py
[2022-08-09 08:15:51,287] {processor.py:642} INFO - Processing file /home/airflow/.local/lib/python3.7/site-packages/airflow/example_dags/example_short_circuit_operator.py for tasks to queue
[2022-08-09 08:15:51,289] {logging_mixin.py:109} INFO - [2022-08-09 08:15:51,289] {dagbag.py:500} INFO - Filling up the DagBag from /home/airflow/.local/lib/python3.7/site-packages/airflow/example_dags/example_short_circuit_operator.py
[2022-08-09 08:15:51,335] {processor.py:654} INFO - DAG(s) dict_keys(['example_short_circuit_operator']) retrieved from /home/airflow/.local/lib/python3.7/site-packages/airflow/example_dags/example_short_circuit_operator.py
[2022-08-09 08:15:51,347] {logging_mixin.py:109} INFO - [2022-08-09 08:15:51,347] {dag.py:2396} INFO - Sync 1 DAGs
[2022-08-09 08:15:51,364] {logging_mixin.py:109} INFO - [2022-08-09 08:15:51,364] {dag.py:2935} INFO - Setting next_dagrun for example_short_circuit_operator to 2022-08-08T08:15:51.364520+00:00
[2022-08-09 08:15:51,375] {processor.py:171} INFO - Processing /home/airflow/.local/lib/python3.7/site-packages/airflow/example_dags/example_short_circuit_operator.py took 0.093 seconds
[2022-08-09 08:16:21,696] {processor.py:163} INFO - Started process (PID=1550) to work on /home/airflow/.local/lib/python3.7/site-packages/airflow/example_dags/example_short_circuit_operator.py
[2022-08-09 08:16:21,698] {processor.py:642} INFO - Processing file /home/airflow/.local/lib/python3.7/site-packages/airflow/example_dags/example_short_circuit_operator.py for tasks to queue
[2022-08-09 08:16:21,699] {logging_mixin.py:109} INFO - [2022-08-09 08:16:21,699] {dagbag.py:500} INFO - Filling up the DagBag from /home/airflow/.local/lib/python3.7/site-packages/airflow/example_dags/example_short_circuit_operator.py
[2022-08-09 08:16:21,729] {processor.py:654} INFO - DAG(s) dict_keys(['example_short_circuit_operator']) retrieved from /home/airflow/.local/lib/python3.7/site-packages/airflow/example_dags/example_short_circuit_operator.py
[2022-08-09 08:16:21,742] {logging_mixin.py:109} INFO - [2022-08-09 08:16:21,742] {dag.py:2396} INFO - Sync 1 DAGs
[2022-08-09 08:16:21,761] {logging_mixin.py:109} INFO - [2022-08-09 08:16:21,761] {dag.py:2935} INFO - Setting next_dagrun for example_short_circuit_operator to 2022-08-08T08:16:21.760900+00:00
[2022-08-09 08:16:21,774] {processor.py:171} INFO - Processing /home/airflow/.local/lib/python3.7/site-packages/airflow/example_dags/example_short_circuit_operator.py took 0.081 seconds
[2022-08-09 08:16:51,852] {processor.py:163} INFO - Started process (PID=1619) to work on /home/airflow/.local/lib/python3.7/site-packages/airflow/example_dags/example_short_circuit_operator.py
[2022-08-09 08:16:51,855] {processor.py:642} INFO - Processing file /home/airflow/.local/lib/python3.7/site-packages/airflow/example_dags/example_short_circuit_operator.py for tasks to queue
[2022-08-09 08:16:51,857] {logging_mixin.py:109} INFO - [2022-08-09 08:16:51,856] {dagbag.py:500} INFO - Filling up the DagBag from /home/airflow/.local/lib/python3.7/site-packages/airflow/example_dags/example_short_circuit_operator.py
[2022-08-09 08:16:51,887] {processor.py:654} INFO - DAG(s) dict_keys(['example_short_circuit_operator']) retrieved from /home/airflow/.local/lib/python3.7/site-packages/airflow/example_dags/example_short_circuit_operator.py
[2022-08-09 08:16:51,899] {logging_mixin.py:109} INFO - [2022-08-09 08:16:51,898] {dag.py:2396} INFO - Sync 1 DAGs
[2022-08-09 08:16:51,917] {logging_mixin.py:109} INFO - [2022-08-09 08:16:51,917] {dag.py:2935} INFO - Setting next_dagrun for example_short_circuit_operator to 2022-08-08T08:16:51.916803+00:00
[2022-08-09 08:16:51,929] {processor.py:171} INFO - Processing /home/airflow/.local/lib/python3.7/site-packages/airflow/example_dags/example_short_circuit_operator.py took 0.081 seconds
[2022-08-09 08:17:22,495] {processor.py:163} INFO - Started process (PID=1679) to work on /home/airflow/.local/lib/python3.7/site-packages/airflow/example_dags/example_short_circuit_operator.py
[2022-08-09 08:17:22,497] {processor.py:642} INFO - Processing file /home/airflow/.local/lib/python3.7/site-packages/airflow/example_dags/example_short_circuit_operator.py for tasks to queue
[2022-08-09 08:17:22,498] {logging_mixin.py:109} INFO - [2022-08-09 08:17:22,498] {dagbag.py:500} INFO - Filling up the DagBag from /home/airflow/.local/lib/python3.7/site-packages/airflow/example_dags/example_short_circuit_operator.py
[2022-08-09 08:17:22,536] {processor.py:654} INFO - DAG(s) dict_keys(['example_short_circuit_operator']) retrieved from /home/airflow/.local/lib/python3.7/site-packages/airflow/example_dags/example_short_circuit_operator.py
[2022-08-09 08:17:22,550] {logging_mixin.py:109} INFO - [2022-08-09 08:17:22,550] {dag.py:2396} INFO - Sync 1 DAGs
[2022-08-09 08:17:22,569] {logging_mixin.py:109} INFO - [2022-08-09 08:17:22,569] {dag.py:2935} INFO - Setting next_dagrun for example_short_circuit_operator to 2022-08-08T08:17:22.569308+00:00
[2022-08-09 08:17:22,582] {processor.py:171} INFO - Processing /home/airflow/.local/lib/python3.7/site-packages/airflow/example_dags/example_short_circuit_operator.py took 0.094 seconds
[2022-08-09 08:17:53,035] {processor.py:163} INFO - Started process (PID=1746) to work on /home/airflow/.local/lib/python3.7/site-packages/airflow/example_dags/example_short_circuit_operator.py
[2022-08-09 08:17:53,037] {processor.py:642} INFO - Processing file /home/airflow/.local/lib/python3.7/site-packages/airflow/example_dags/example_short_circuit_operator.py for tasks to queue
[2022-08-09 08:17:53,039] {logging_mixin.py:109} INFO - [2022-08-09 08:17:53,039] {dagbag.py:500} INFO - Filling up the DagBag from /home/airflow/.local/lib/python3.7/site-packages/airflow/example_dags/example_short_circuit_operator.py
[2022-08-09 08:17:53,077] {processor.py:654} INFO - DAG(s) dict_keys(['example_short_circuit_operator']) retrieved from /home/airflow/.local/lib/python3.7/site-packages/airflow/example_dags/example_short_circuit_operator.py
[2022-08-09 08:17:53,092] {logging_mixin.py:109} INFO - [2022-08-09 08:17:53,091] {dag.py:2396} INFO - Sync 1 DAGs
[2022-08-09 08:17:53,120] {logging_mixin.py:109} INFO - [2022-08-09 08:17:53,119] {dag.py:2935} INFO - Setting next_dagrun for example_short_circuit_operator to 2022-08-08T08:17:53.119538+00:00
[2022-08-09 08:17:53,135] {processor.py:171} INFO - Processing /home/airflow/.local/lib/python3.7/site-packages/airflow/example_dags/example_short_circuit_operator.py took 0.107 seconds
[2022-08-09 08:18:24,078] {processor.py:163} INFO - Started process (PID=1809) to work on /home/airflow/.local/lib/python3.7/site-packages/airflow/example_dags/example_short_circuit_operator.py
[2022-08-09 08:18:24,081] {processor.py:642} INFO - Processing file /home/airflow/.local/lib/python3.7/site-packages/airflow/example_dags/example_short_circuit_operator.py for tasks to queue
[2022-08-09 08:18:24,083] {logging_mixin.py:109} INFO - [2022-08-09 08:18:24,083] {dagbag.py:500} INFO - Filling up the DagBag from /home/airflow/.local/lib/python3.7/site-packages/airflow/example_dags/example_short_circuit_operator.py
[2022-08-09 08:18:24,123] {processor.py:654} INFO - DAG(s) dict_keys(['example_short_circuit_operator']) retrieved from /home/airflow/.local/lib/python3.7/site-packages/airflow/example_dags/example_short_circuit_operator.py
[2022-08-09 08:18:24,140] {logging_mixin.py:109} INFO - [2022-08-09 08:18:24,140] {dag.py:2396} INFO - Sync 1 DAGs
[2022-08-09 08:18:24,167] {logging_mixin.py:109} INFO - [2022-08-09 08:18:24,167] {dag.py:2935} INFO - Setting next_dagrun for example_short_circuit_operator to 2022-08-08T08:18:24.166792+00:00
[2022-08-09 08:18:24,278] {processor.py:171} INFO - Processing /home/airflow/.local/lib/python3.7/site-packages/airflow/example_dags/example_short_circuit_operator.py took 0.207 seconds
[2022-08-09 08:18:54,476] {processor.py:163} INFO - Started process (PID=1877) to work on /home/airflow/.local/lib/python3.7/site-packages/airflow/example_dags/example_short_circuit_operator.py
[2022-08-09 08:18:54,479] {processor.py:642} INFO - Processing file /home/airflow/.local/lib/python3.7/site-packages/airflow/example_dags/example_short_circuit_operator.py for tasks to queue
[2022-08-09 08:18:54,481] {logging_mixin.py:109} INFO - [2022-08-09 08:18:54,480] {dagbag.py:500} INFO - Filling up the DagBag from /home/airflow/.local/lib/python3.7/site-packages/airflow/example_dags/example_short_circuit_operator.py
[2022-08-09 08:18:54,515] {processor.py:654} INFO - DAG(s) dict_keys(['example_short_circuit_operator']) retrieved from /home/airflow/.local/lib/python3.7/site-packages/airflow/example_dags/example_short_circuit_operator.py
[2022-08-09 08:18:54,526] {logging_mixin.py:109} INFO - [2022-08-09 08:18:54,526] {dag.py:2396} INFO - Sync 1 DAGs
[2022-08-09 08:18:54,648] {logging_mixin.py:109} INFO - [2022-08-09 08:18:54,648] {dag.py:2935} INFO - Setting next_dagrun for example_short_circuit_operator to 2022-08-08T08:18:54.647905+00:00
[2022-08-09 08:18:54,714] {processor.py:171} INFO - Processing /home/airflow/.local/lib/python3.7/site-packages/airflow/example_dags/example_short_circuit_operator.py took 0.241 seconds
[2022-08-09 08:19:24,774] {processor.py:163} INFO - Started process (PID=1938) to work on /home/airflow/.local/lib/python3.7/site-packages/airflow/example_dags/example_short_circuit_operator.py
[2022-08-09 08:19:24,776] {processor.py:642} INFO - Processing file /home/airflow/.local/lib/python3.7/site-packages/airflow/example_dags/example_short_circuit_operator.py for tasks to queue
[2022-08-09 08:19:24,779] {logging_mixin.py:109} INFO - [2022-08-09 08:19:24,779] {dagbag.py:500} INFO - Filling up the DagBag from /home/airflow/.local/lib/python3.7/site-packages/airflow/example_dags/example_short_circuit_operator.py
[2022-08-09 08:19:24,826] {processor.py:654} INFO - DAG(s) dict_keys(['example_short_circuit_operator']) retrieved from /home/airflow/.local/lib/python3.7/site-packages/airflow/example_dags/example_short_circuit_operator.py
[2022-08-09 08:19:24,840] {logging_mixin.py:109} INFO - [2022-08-09 08:19:24,840] {dag.py:2396} INFO - Sync 1 DAGs
[2022-08-09 08:19:24,945] {logging_mixin.py:109} INFO - [2022-08-09 08:19:24,945] {dag.py:2935} INFO - Setting next_dagrun for example_short_circuit_operator to 2022-08-08T08:19:24.945119+00:00
[2022-08-09 08:19:24,955] {processor.py:171} INFO - Processing /home/airflow/.local/lib/python3.7/site-packages/airflow/example_dags/example_short_circuit_operator.py took 0.185 seconds
[2022-08-09 08:19:55,692] {processor.py:163} INFO - Started process (PID=1999) to work on /home/airflow/.local/lib/python3.7/site-packages/airflow/example_dags/example_short_circuit_operator.py
[2022-08-09 08:19:55,694] {processor.py:642} INFO - Processing file /home/airflow/.local/lib/python3.7/site-packages/airflow/example_dags/example_short_circuit_operator.py for tasks to queue
[2022-08-09 08:19:55,696] {logging_mixin.py:109} INFO - [2022-08-09 08:19:55,696] {dagbag.py:500} INFO - Filling up the DagBag from /home/airflow/.local/lib/python3.7/site-packages/airflow/example_dags/example_short_circuit_operator.py
[2022-08-09 08:19:55,737] {processor.py:654} INFO - DAG(s) dict_keys(['example_short_circuit_operator']) retrieved from /home/airflow/.local/lib/python3.7/site-packages/airflow/example_dags/example_short_circuit_operator.py
[2022-08-09 08:19:55,761] {logging_mixin.py:109} INFO - [2022-08-09 08:19:55,761] {dag.py:2396} INFO - Sync 1 DAGs
[2022-08-09 08:19:55,889] {logging_mixin.py:109} INFO - [2022-08-09 08:19:55,889] {dag.py:2935} INFO - Setting next_dagrun for example_short_circuit_operator to 2022-08-08T08:19:55.889002+00:00
[2022-08-09 08:19:55,899] {processor.py:171} INFO - Processing /home/airflow/.local/lib/python3.7/site-packages/airflow/example_dags/example_short_circuit_operator.py took 0.211 seconds
[2022-08-09 08:20:26,417] {processor.py:163} INFO - Started process (PID=2068) to work on /home/airflow/.local/lib/python3.7/site-packages/airflow/example_dags/example_short_circuit_operator.py
[2022-08-09 08:20:26,420] {processor.py:642} INFO - Processing file /home/airflow/.local/lib/python3.7/site-packages/airflow/example_dags/example_short_circuit_operator.py for tasks to queue
[2022-08-09 08:20:26,422] {logging_mixin.py:109} INFO - [2022-08-09 08:20:26,422] {dagbag.py:500} INFO - Filling up the DagBag from /home/airflow/.local/lib/python3.7/site-packages/airflow/example_dags/example_short_circuit_operator.py
[2022-08-09 08:20:26,554] {processor.py:654} INFO - DAG(s) dict_keys(['example_short_circuit_operator']) retrieved from /home/airflow/.local/lib/python3.7/site-packages/airflow/example_dags/example_short_circuit_operator.py
[2022-08-09 08:20:26,569] {logging_mixin.py:109} INFO - [2022-08-09 08:20:26,569] {dag.py:2396} INFO - Sync 1 DAGs
[2022-08-09 08:20:26,590] {logging_mixin.py:109} INFO - [2022-08-09 08:20:26,589] {dag.py:2935} INFO - Setting next_dagrun for example_short_circuit_operator to 2022-08-08T08:20:26.589092+00:00
[2022-08-09 08:20:26,602] {processor.py:171} INFO - Processing /home/airflow/.local/lib/python3.7/site-packages/airflow/example_dags/example_short_circuit_operator.py took 0.189 seconds
[2022-08-09 08:20:56,732] {processor.py:163} INFO - Started process (PID=2128) to work on /home/airflow/.local/lib/python3.7/site-packages/airflow/example_dags/example_short_circuit_operator.py
[2022-08-09 08:20:56,734] {processor.py:642} INFO - Processing file /home/airflow/.local/lib/python3.7/site-packages/airflow/example_dags/example_short_circuit_operator.py for tasks to queue
[2022-08-09 08:20:56,736] {logging_mixin.py:109} INFO - [2022-08-09 08:20:56,736] {dagbag.py:500} INFO - Filling up the DagBag from /home/airflow/.local/lib/python3.7/site-packages/airflow/example_dags/example_short_circuit_operator.py
[2022-08-09 08:20:56,855] {processor.py:654} INFO - DAG(s) dict_keys(['example_short_circuit_operator']) retrieved from /home/airflow/.local/lib/python3.7/site-packages/airflow/example_dags/example_short_circuit_operator.py
[2022-08-09 08:20:56,864] {logging_mixin.py:109} INFO - [2022-08-09 08:20:56,864] {dag.py:2396} INFO - Sync 1 DAGs
[2022-08-09 08:20:56,880] {logging_mixin.py:109} INFO - [2022-08-09 08:20:56,880] {dag.py:2935} INFO - Setting next_dagrun for example_short_circuit_operator to 2022-08-08T08:20:56.880418+00:00
[2022-08-09 08:20:56,891] {processor.py:171} INFO - Processing /home/airflow/.local/lib/python3.7/site-packages/airflow/example_dags/example_short_circuit_operator.py took 0.163 seconds
[2022-08-09 08:21:27,630] {processor.py:163} INFO - Started process (PID=2199) to work on /home/airflow/.local/lib/python3.7/site-packages/airflow/example_dags/example_short_circuit_operator.py
[2022-08-09 08:21:27,633] {processor.py:642} INFO - Processing file /home/airflow/.local/lib/python3.7/site-packages/airflow/example_dags/example_short_circuit_operator.py for tasks to queue
[2022-08-09 08:21:27,635] {logging_mixin.py:109} INFO - [2022-08-09 08:21:27,634] {dagbag.py:500} INFO - Filling up the DagBag from /home/airflow/.local/lib/python3.7/site-packages/airflow/example_dags/example_short_circuit_operator.py
[2022-08-09 08:21:27,767] {processor.py:654} INFO - DAG(s) dict_keys(['example_short_circuit_operator']) retrieved from /home/airflow/.local/lib/python3.7/site-packages/airflow/example_dags/example_short_circuit_operator.py
[2022-08-09 08:21:27,779] {logging_mixin.py:109} INFO - [2022-08-09 08:21:27,779] {dag.py:2396} INFO - Sync 1 DAGs
[2022-08-09 08:21:27,796] {logging_mixin.py:109} INFO - [2022-08-09 08:21:27,795] {dag.py:2935} INFO - Setting next_dagrun for example_short_circuit_operator to 2022-08-08T08:21:27.795735+00:00
[2022-08-09 08:21:27,806] {processor.py:171} INFO - Processing /home/airflow/.local/lib/python3.7/site-packages/airflow/example_dags/example_short_circuit_operator.py took 0.180 seconds
[2022-08-09 08:21:58,164] {processor.py:163} INFO - Started process (PID=2259) to work on /home/airflow/.local/lib/python3.7/site-packages/airflow/example_dags/example_short_circuit_operator.py
[2022-08-09 08:21:58,167] {processor.py:642} INFO - Processing file /home/airflow/.local/lib/python3.7/site-packages/airflow/example_dags/example_short_circuit_operator.py for tasks to queue
[2022-08-09 08:21:58,169] {logging_mixin.py:109} INFO - [2022-08-09 08:21:58,169] {dagbag.py:500} INFO - Filling up the DagBag from /home/airflow/.local/lib/python3.7/site-packages/airflow/example_dags/example_short_circuit_operator.py
[2022-08-09 08:21:58,301] {processor.py:654} INFO - DAG(s) dict_keys(['example_short_circuit_operator']) retrieved from /home/airflow/.local/lib/python3.7/site-packages/airflow/example_dags/example_short_circuit_operator.py
[2022-08-09 08:21:58,315] {logging_mixin.py:109} INFO - [2022-08-09 08:21:58,315] {dag.py:2396} INFO - Sync 1 DAGs
[2022-08-09 08:21:58,339] {logging_mixin.py:109} INFO - [2022-08-09 08:21:58,338] {dag.py:2935} INFO - Setting next_dagrun for example_short_circuit_operator to 2022-08-08T08:21:58.338569+00:00
[2022-08-09 08:21:58,351] {processor.py:171} INFO - Processing /home/airflow/.local/lib/python3.7/site-packages/airflow/example_dags/example_short_circuit_operator.py took 0.191 seconds
[2022-08-09 08:22:28,778] {processor.py:163} INFO - Started process (PID=2327) to work on /home/airflow/.local/lib/python3.7/site-packages/airflow/example_dags/example_short_circuit_operator.py
[2022-08-09 08:22:28,780] {processor.py:642} INFO - Processing file /home/airflow/.local/lib/python3.7/site-packages/airflow/example_dags/example_short_circuit_operator.py for tasks to queue
[2022-08-09 08:22:28,782] {logging_mixin.py:109} INFO - [2022-08-09 08:22:28,781] {dagbag.py:500} INFO - Filling up the DagBag from /home/airflow/.local/lib/python3.7/site-packages/airflow/example_dags/example_short_circuit_operator.py
[2022-08-09 08:22:28,904] {processor.py:654} INFO - DAG(s) dict_keys(['example_short_circuit_operator']) retrieved from /home/airflow/.local/lib/python3.7/site-packages/airflow/example_dags/example_short_circuit_operator.py
[2022-08-09 08:22:28,915] {logging_mixin.py:109} INFO - [2022-08-09 08:22:28,915] {dag.py:2396} INFO - Sync 1 DAGs
[2022-08-09 08:22:28,931] {logging_mixin.py:109} INFO - [2022-08-09 08:22:28,930] {dag.py:2935} INFO - Setting next_dagrun for example_short_circuit_operator to 2022-08-08T08:22:28.930537+00:00
[2022-08-09 08:22:28,944] {processor.py:171} INFO - Processing /home/airflow/.local/lib/python3.7/site-packages/airflow/example_dags/example_short_circuit_operator.py took 0.170 seconds
[2022-08-09 08:22:59,585] {processor.py:163} INFO - Started process (PID=2387) to work on /home/airflow/.local/lib/python3.7/site-packages/airflow/example_dags/example_short_circuit_operator.py
[2022-08-09 08:22:59,587] {processor.py:642} INFO - Processing file /home/airflow/.local/lib/python3.7/site-packages/airflow/example_dags/example_short_circuit_operator.py for tasks to queue
[2022-08-09 08:22:59,589] {logging_mixin.py:109} INFO - [2022-08-09 08:22:59,589] {dagbag.py:500} INFO - Filling up the DagBag from /home/airflow/.local/lib/python3.7/site-packages/airflow/example_dags/example_short_circuit_operator.py
[2022-08-09 08:22:59,619] {processor.py:654} INFO - DAG(s) dict_keys(['example_short_circuit_operator']) retrieved from /home/airflow/.local/lib/python3.7/site-packages/airflow/example_dags/example_short_circuit_operator.py
[2022-08-09 08:22:59,630] {logging_mixin.py:109} INFO - [2022-08-09 08:22:59,630] {dag.py:2396} INFO - Sync 1 DAGs
[2022-08-09 08:22:59,647] {logging_mixin.py:109} INFO - [2022-08-09 08:22:59,647] {dag.py:2935} INFO - Setting next_dagrun for example_short_circuit_operator to 2022-08-08T08:22:59.646923+00:00
[2022-08-09 08:22:59,658] {processor.py:171} INFO - Processing /home/airflow/.local/lib/python3.7/site-packages/airflow/example_dags/example_short_circuit_operator.py took 0.077 seconds
[2022-08-09 08:23:29,981] {processor.py:163} INFO - Started process (PID=2458) to work on /home/airflow/.local/lib/python3.7/site-packages/airflow/example_dags/example_short_circuit_operator.py
[2022-08-09 08:23:29,983] {processor.py:642} INFO - Processing file /home/airflow/.local/lib/python3.7/site-packages/airflow/example_dags/example_short_circuit_operator.py for tasks to queue
[2022-08-09 08:23:29,985] {logging_mixin.py:109} INFO - [2022-08-09 08:23:29,985] {dagbag.py:500} INFO - Filling up the DagBag from /home/airflow/.local/lib/python3.7/site-packages/airflow/example_dags/example_short_circuit_operator.py
[2022-08-09 08:23:30,020] {processor.py:654} INFO - DAG(s) dict_keys(['example_short_circuit_operator']) retrieved from /home/airflow/.local/lib/python3.7/site-packages/airflow/example_dags/example_short_circuit_operator.py
[2022-08-09 08:23:30,036] {logging_mixin.py:109} INFO - [2022-08-09 08:23:30,036] {dag.py:2396} INFO - Sync 1 DAGs
[2022-08-09 08:23:30,056] {logging_mixin.py:109} INFO - [2022-08-09 08:23:30,055] {dag.py:2935} INFO - Setting next_dagrun for example_short_circuit_operator to 2022-08-08T08:23:30.055606+00:00
[2022-08-09 08:23:30,072] {processor.py:171} INFO - Processing /home/airflow/.local/lib/python3.7/site-packages/airflow/example_dags/example_short_circuit_operator.py took 0.096 seconds
[2022-08-09 08:24:00,397] {processor.py:163} INFO - Started process (PID=2518) to work on /home/airflow/.local/lib/python3.7/site-packages/airflow/example_dags/example_short_circuit_operator.py
[2022-08-09 08:24:00,399] {processor.py:642} INFO - Processing file /home/airflow/.local/lib/python3.7/site-packages/airflow/example_dags/example_short_circuit_operator.py for tasks to queue
[2022-08-09 08:24:00,400] {logging_mixin.py:109} INFO - [2022-08-09 08:24:00,400] {dagbag.py:500} INFO - Filling up the DagBag from /home/airflow/.local/lib/python3.7/site-packages/airflow/example_dags/example_short_circuit_operator.py
[2022-08-09 08:24:00,430] {processor.py:654} INFO - DAG(s) dict_keys(['example_short_circuit_operator']) retrieved from /home/airflow/.local/lib/python3.7/site-packages/airflow/example_dags/example_short_circuit_operator.py
[2022-08-09 08:24:00,442] {logging_mixin.py:109} INFO - [2022-08-09 08:24:00,442] {dag.py:2396} INFO - Sync 1 DAGs
[2022-08-09 08:24:00,459] {logging_mixin.py:109} INFO - [2022-08-09 08:24:00,459] {dag.py:2935} INFO - Setting next_dagrun for example_short_circuit_operator to 2022-08-08T08:24:00.459416+00:00
[2022-08-09 08:24:00,471] {processor.py:171} INFO - Processing /home/airflow/.local/lib/python3.7/site-packages/airflow/example_dags/example_short_circuit_operator.py took 0.078 seconds
[2022-08-09 08:24:30,513] {processor.py:163} INFO - Started process (PID=2588) to work on /home/airflow/.local/lib/python3.7/site-packages/airflow/example_dags/example_short_circuit_operator.py
[2022-08-09 08:24:30,515] {processor.py:642} INFO - Processing file /home/airflow/.local/lib/python3.7/site-packages/airflow/example_dags/example_short_circuit_operator.py for tasks to queue
[2022-08-09 08:24:30,517] {logging_mixin.py:109} INFO - [2022-08-09 08:24:30,516] {dagbag.py:500} INFO - Filling up the DagBag from /home/airflow/.local/lib/python3.7/site-packages/airflow/example_dags/example_short_circuit_operator.py
[2022-08-09 08:24:30,549] {processor.py:654} INFO - DAG(s) dict_keys(['example_short_circuit_operator']) retrieved from /home/airflow/.local/lib/python3.7/site-packages/airflow/example_dags/example_short_circuit_operator.py
[2022-08-09 08:24:30,561] {logging_mixin.py:109} INFO - [2022-08-09 08:24:30,561] {dag.py:2396} INFO - Sync 1 DAGs
[2022-08-09 08:24:30,579] {logging_mixin.py:109} INFO - [2022-08-09 08:24:30,579] {dag.py:2935} INFO - Setting next_dagrun for example_short_circuit_operator to 2022-08-08T08:24:30.579168+00:00
[2022-08-09 08:24:30,595] {processor.py:171} INFO - Processing /home/airflow/.local/lib/python3.7/site-packages/airflow/example_dags/example_short_circuit_operator.py took 0.086 seconds
[2022-08-09 08:25:00,737] {processor.py:163} INFO - Started process (PID=2648) to work on /home/airflow/.local/lib/python3.7/site-packages/airflow/example_dags/example_short_circuit_operator.py
[2022-08-09 08:25:00,740] {processor.py:642} INFO - Processing file /home/airflow/.local/lib/python3.7/site-packages/airflow/example_dags/example_short_circuit_operator.py for tasks to queue
[2022-08-09 08:25:00,741] {logging_mixin.py:109} INFO - [2022-08-09 08:25:00,741] {dagbag.py:500} INFO - Filling up the DagBag from /home/airflow/.local/lib/python3.7/site-packages/airflow/example_dags/example_short_circuit_operator.py
[2022-08-09 08:25:00,782] {processor.py:654} INFO - DAG(s) dict_keys(['example_short_circuit_operator']) retrieved from /home/airflow/.local/lib/python3.7/site-packages/airflow/example_dags/example_short_circuit_operator.py
[2022-08-09 08:25:00,794] {logging_mixin.py:109} INFO - [2022-08-09 08:25:00,794] {dag.py:2396} INFO - Sync 1 DAGs
[2022-08-09 08:25:00,812] {logging_mixin.py:109} INFO - [2022-08-09 08:25:00,812] {dag.py:2935} INFO - Setting next_dagrun for example_short_circuit_operator to 2022-08-08T08:25:00.811845+00:00
[2022-08-09 08:25:00,823] {processor.py:171} INFO - Processing /home/airflow/.local/lib/python3.7/site-packages/airflow/example_dags/example_short_circuit_operator.py took 0.089 seconds
[2022-08-09 08:25:31,199] {processor.py:163} INFO - Started process (PID=2718) to work on /home/airflow/.local/lib/python3.7/site-packages/airflow/example_dags/example_short_circuit_operator.py
[2022-08-09 08:25:31,202] {processor.py:642} INFO - Processing file /home/airflow/.local/lib/python3.7/site-packages/airflow/example_dags/example_short_circuit_operator.py for tasks to queue
[2022-08-09 08:25:31,204] {logging_mixin.py:109} INFO - [2022-08-09 08:25:31,204] {dagbag.py:500} INFO - Filling up the DagBag from /home/airflow/.local/lib/python3.7/site-packages/airflow/example_dags/example_short_circuit_operator.py
[2022-08-09 08:25:31,243] {processor.py:654} INFO - DAG(s) dict_keys(['example_short_circuit_operator']) retrieved from /home/airflow/.local/lib/python3.7/site-packages/airflow/example_dags/example_short_circuit_operator.py
[2022-08-09 08:25:31,254] {logging_mixin.py:109} INFO - [2022-08-09 08:25:31,254] {dag.py:2396} INFO - Sync 1 DAGs
[2022-08-09 08:25:31,270] {logging_mixin.py:109} INFO - [2022-08-09 08:25:31,270] {dag.py:2935} INFO - Setting next_dagrun for example_short_circuit_operator to 2022-08-08T08:25:31.270382+00:00
[2022-08-09 08:25:31,281] {processor.py:171} INFO - Processing /home/airflow/.local/lib/python3.7/site-packages/airflow/example_dags/example_short_circuit_operator.py took 0.088 seconds
[2022-08-09 08:26:01,580] {processor.py:163} INFO - Started process (PID=2778) to work on /home/airflow/.local/lib/python3.7/site-packages/airflow/example_dags/example_short_circuit_operator.py
[2022-08-09 08:26:01,582] {processor.py:642} INFO - Processing file /home/airflow/.local/lib/python3.7/site-packages/airflow/example_dags/example_short_circuit_operator.py for tasks to queue
[2022-08-09 08:26:01,584] {logging_mixin.py:109} INFO - [2022-08-09 08:26:01,584] {dagbag.py:500} INFO - Filling up the DagBag from /home/airflow/.local/lib/python3.7/site-packages/airflow/example_dags/example_short_circuit_operator.py
[2022-08-09 08:26:01,633] {processor.py:654} INFO - DAG(s) dict_keys(['example_short_circuit_operator']) retrieved from /home/airflow/.local/lib/python3.7/site-packages/airflow/example_dags/example_short_circuit_operator.py
[2022-08-09 08:26:01,647] {logging_mixin.py:109} INFO - [2022-08-09 08:26:01,647] {dag.py:2396} INFO - Sync 1 DAGs
[2022-08-09 08:26:01,666] {logging_mixin.py:109} INFO - [2022-08-09 08:26:01,666] {dag.py:2935} INFO - Setting next_dagrun for example_short_circuit_operator to 2022-08-08T08:26:01.666211+00:00
[2022-08-09 08:26:01,680] {processor.py:171} INFO - Processing /home/airflow/.local/lib/python3.7/site-packages/airflow/example_dags/example_short_circuit_operator.py took 0.106 seconds
[2022-08-09 08:26:31,859] {processor.py:163} INFO - Started process (PID=2838) to work on /home/airflow/.local/lib/python3.7/site-packages/airflow/example_dags/example_short_circuit_operator.py
[2022-08-09 08:26:31,862] {processor.py:642} INFO - Processing file /home/airflow/.local/lib/python3.7/site-packages/airflow/example_dags/example_short_circuit_operator.py for tasks to queue
[2022-08-09 08:26:31,864] {logging_mixin.py:109} INFO - [2022-08-09 08:26:31,864] {dagbag.py:500} INFO - Filling up the DagBag from /home/airflow/.local/lib/python3.7/site-packages/airflow/example_dags/example_short_circuit_operator.py
[2022-08-09 08:26:31,911] {processor.py:654} INFO - DAG(s) dict_keys(['example_short_circuit_operator']) retrieved from /home/airflow/.local/lib/python3.7/site-packages/airflow/example_dags/example_short_circuit_operator.py
[2022-08-09 08:26:31,928] {logging_mixin.py:109} INFO - [2022-08-09 08:26:31,928] {dag.py:2396} INFO - Sync 1 DAGs
[2022-08-09 08:26:31,947] {logging_mixin.py:109} INFO - [2022-08-09 08:26:31,947] {dag.py:2935} INFO - Setting next_dagrun for example_short_circuit_operator to 2022-08-08T08:26:31.947218+00:00
[2022-08-09 08:26:31,960] {processor.py:171} INFO - Processing /home/airflow/.local/lib/python3.7/site-packages/airflow/example_dags/example_short_circuit_operator.py took 0.104 seconds
[2022-08-09 08:27:02,456] {processor.py:163} INFO - Started process (PID=2908) to work on /home/airflow/.local/lib/python3.7/site-packages/airflow/example_dags/example_short_circuit_operator.py
[2022-08-09 08:27:02,459] {processor.py:642} INFO - Processing file /home/airflow/.local/lib/python3.7/site-packages/airflow/example_dags/example_short_circuit_operator.py for tasks to queue
[2022-08-09 08:27:02,461] {logging_mixin.py:109} INFO - [2022-08-09 08:27:02,461] {dagbag.py:500} INFO - Filling up the DagBag from /home/airflow/.local/lib/python3.7/site-packages/airflow/example_dags/example_short_circuit_operator.py
[2022-08-09 08:27:02,510] {processor.py:654} INFO - DAG(s) dict_keys(['example_short_circuit_operator']) retrieved from /home/airflow/.local/lib/python3.7/site-packages/airflow/example_dags/example_short_circuit_operator.py
[2022-08-09 08:27:02,522] {logging_mixin.py:109} INFO - [2022-08-09 08:27:02,521] {dag.py:2396} INFO - Sync 1 DAGs
[2022-08-09 08:27:02,541] {logging_mixin.py:109} INFO - [2022-08-09 08:27:02,541] {dag.py:2935} INFO - Setting next_dagrun for example_short_circuit_operator to 2022-08-08T08:27:02.541107+00:00
[2022-08-09 08:27:02,554] {processor.py:171} INFO - Processing /home/airflow/.local/lib/python3.7/site-packages/airflow/example_dags/example_short_circuit_operator.py took 0.102 seconds
[2022-08-09 08:27:32,815] {processor.py:163} INFO - Started process (PID=2969) to work on /home/airflow/.local/lib/python3.7/site-packages/airflow/example_dags/example_short_circuit_operator.py
[2022-08-09 08:27:32,817] {processor.py:642} INFO - Processing file /home/airflow/.local/lib/python3.7/site-packages/airflow/example_dags/example_short_circuit_operator.py for tasks to queue
[2022-08-09 08:27:32,818] {logging_mixin.py:109} INFO - [2022-08-09 08:27:32,818] {dagbag.py:500} INFO - Filling up the DagBag from /home/airflow/.local/lib/python3.7/site-packages/airflow/example_dags/example_short_circuit_operator.py
[2022-08-09 08:27:32,849] {processor.py:654} INFO - DAG(s) dict_keys(['example_short_circuit_operator']) retrieved from /home/airflow/.local/lib/python3.7/site-packages/airflow/example_dags/example_short_circuit_operator.py
[2022-08-09 08:27:32,860] {logging_mixin.py:109} INFO - [2022-08-09 08:27:32,860] {dag.py:2396} INFO - Sync 1 DAGs
[2022-08-09 08:27:32,878] {logging_mixin.py:109} INFO - [2022-08-09 08:27:32,877] {dag.py:2935} INFO - Setting next_dagrun for example_short_circuit_operator to 2022-08-08T08:27:32.877661+00:00
[2022-08-09 08:27:32,889] {processor.py:171} INFO - Processing /home/airflow/.local/lib/python3.7/site-packages/airflow/example_dags/example_short_circuit_operator.py took 0.078 seconds
[2022-08-09 08:28:03,134] {processor.py:163} INFO - Started process (PID=3038) to work on /home/airflow/.local/lib/python3.7/site-packages/airflow/example_dags/example_short_circuit_operator.py
[2022-08-09 08:28:03,136] {processor.py:642} INFO - Processing file /home/airflow/.local/lib/python3.7/site-packages/airflow/example_dags/example_short_circuit_operator.py for tasks to queue
[2022-08-09 08:28:03,138] {logging_mixin.py:109} INFO - [2022-08-09 08:28:03,138] {dagbag.py:500} INFO - Filling up the DagBag from /home/airflow/.local/lib/python3.7/site-packages/airflow/example_dags/example_short_circuit_operator.py
[2022-08-09 08:28:03,170] {processor.py:654} INFO - DAG(s) dict_keys(['example_short_circuit_operator']) retrieved from /home/airflow/.local/lib/python3.7/site-packages/airflow/example_dags/example_short_circuit_operator.py
[2022-08-09 08:28:03,181] {logging_mixin.py:109} INFO - [2022-08-09 08:28:03,180] {dag.py:2396} INFO - Sync 1 DAGs
[2022-08-09 08:28:03,199] {logging_mixin.py:109} INFO - [2022-08-09 08:28:03,198] {dag.py:2935} INFO - Setting next_dagrun for example_short_circuit_operator to 2022-08-08T08:28:03.198624+00:00
[2022-08-09 08:28:03,210] {processor.py:171} INFO - Processing /home/airflow/.local/lib/python3.7/site-packages/airflow/example_dags/example_short_circuit_operator.py took 0.080 seconds
[2022-08-09 08:28:33,677] {processor.py:163} INFO - Started process (PID=3098) to work on /home/airflow/.local/lib/python3.7/site-packages/airflow/example_dags/example_short_circuit_operator.py
[2022-08-09 08:28:33,679] {processor.py:642} INFO - Processing file /home/airflow/.local/lib/python3.7/site-packages/airflow/example_dags/example_short_circuit_operator.py for tasks to queue
[2022-08-09 08:28:33,681] {logging_mixin.py:109} INFO - [2022-08-09 08:28:33,681] {dagbag.py:500} INFO - Filling up the DagBag from /home/airflow/.local/lib/python3.7/site-packages/airflow/example_dags/example_short_circuit_operator.py
[2022-08-09 08:28:33,718] {processor.py:654} INFO - DAG(s) dict_keys(['example_short_circuit_operator']) retrieved from /home/airflow/.local/lib/python3.7/site-packages/airflow/example_dags/example_short_circuit_operator.py
[2022-08-09 08:28:33,730] {logging_mixin.py:109} INFO - [2022-08-09 08:28:33,730] {dag.py:2396} INFO - Sync 1 DAGs
[2022-08-09 08:28:33,751] {logging_mixin.py:109} INFO - [2022-08-09 08:28:33,751] {dag.py:2935} INFO - Setting next_dagrun for example_short_circuit_operator to 2022-08-08T08:28:33.751399+00:00
[2022-08-09 08:28:33,763] {processor.py:171} INFO - Processing /home/airflow/.local/lib/python3.7/site-packages/airflow/example_dags/example_short_circuit_operator.py took 0.089 seconds
[2022-08-09 08:29:04,153] {processor.py:163} INFO - Started process (PID=3167) to work on /home/airflow/.local/lib/python3.7/site-packages/airflow/example_dags/example_short_circuit_operator.py
[2022-08-09 08:29:04,156] {processor.py:642} INFO - Processing file /home/airflow/.local/lib/python3.7/site-packages/airflow/example_dags/example_short_circuit_operator.py for tasks to queue
[2022-08-09 08:29:04,158] {logging_mixin.py:109} INFO - [2022-08-09 08:29:04,158] {dagbag.py:500} INFO - Filling up the DagBag from /home/airflow/.local/lib/python3.7/site-packages/airflow/example_dags/example_short_circuit_operator.py
[2022-08-09 08:29:04,192] {processor.py:654} INFO - DAG(s) dict_keys(['example_short_circuit_operator']) retrieved from /home/airflow/.local/lib/python3.7/site-packages/airflow/example_dags/example_short_circuit_operator.py
[2022-08-09 08:29:04,206] {logging_mixin.py:109} INFO - [2022-08-09 08:29:04,206] {dag.py:2396} INFO - Sync 1 DAGs
[2022-08-09 08:29:04,229] {logging_mixin.py:109} INFO - [2022-08-09 08:29:04,228] {dag.py:2935} INFO - Setting next_dagrun for example_short_circuit_operator to 2022-08-08T08:29:04.228593+00:00
[2022-08-09 08:29:04,242] {processor.py:171} INFO - Processing /home/airflow/.local/lib/python3.7/site-packages/airflow/example_dags/example_short_circuit_operator.py took 0.092 seconds
[2022-08-09 08:29:34,588] {processor.py:163} INFO - Started process (PID=3227) to work on /home/airflow/.local/lib/python3.7/site-packages/airflow/example_dags/example_short_circuit_operator.py
[2022-08-09 08:29:34,591] {processor.py:642} INFO - Processing file /home/airflow/.local/lib/python3.7/site-packages/airflow/example_dags/example_short_circuit_operator.py for tasks to queue
[2022-08-09 08:29:34,592] {logging_mixin.py:109} INFO - [2022-08-09 08:29:34,592] {dagbag.py:500} INFO - Filling up the DagBag from /home/airflow/.local/lib/python3.7/site-packages/airflow/example_dags/example_short_circuit_operator.py
[2022-08-09 08:29:34,622] {processor.py:654} INFO - DAG(s) dict_keys(['example_short_circuit_operator']) retrieved from /home/airflow/.local/lib/python3.7/site-packages/airflow/example_dags/example_short_circuit_operator.py
[2022-08-09 08:29:34,633] {logging_mixin.py:109} INFO - [2022-08-09 08:29:34,632] {dag.py:2396} INFO - Sync 1 DAGs
[2022-08-09 08:29:34,648] {logging_mixin.py:109} INFO - [2022-08-09 08:29:34,648] {dag.py:2935} INFO - Setting next_dagrun for example_short_circuit_operator to 2022-08-08T08:29:34.647757+00:00
[2022-08-09 08:29:34,658] {processor.py:171} INFO - Processing /home/airflow/.local/lib/python3.7/site-packages/airflow/example_dags/example_short_circuit_operator.py took 0.073 seconds
[2022-08-09 08:30:05,162] {processor.py:163} INFO - Started process (PID=3296) to work on /home/airflow/.local/lib/python3.7/site-packages/airflow/example_dags/example_short_circuit_operator.py
[2022-08-09 08:30:05,164] {processor.py:642} INFO - Processing file /home/airflow/.local/lib/python3.7/site-packages/airflow/example_dags/example_short_circuit_operator.py for tasks to queue
[2022-08-09 08:30:05,166] {logging_mixin.py:109} INFO - [2022-08-09 08:30:05,165] {dagbag.py:500} INFO - Filling up the DagBag from /home/airflow/.local/lib/python3.7/site-packages/airflow/example_dags/example_short_circuit_operator.py
[2022-08-09 08:30:05,202] {processor.py:654} INFO - DAG(s) dict_keys(['example_short_circuit_operator']) retrieved from /home/airflow/.local/lib/python3.7/site-packages/airflow/example_dags/example_short_circuit_operator.py
[2022-08-09 08:30:05,221] {logging_mixin.py:109} INFO - [2022-08-09 08:30:05,221] {dag.py:2396} INFO - Sync 1 DAGs
[2022-08-09 08:30:05,239] {logging_mixin.py:109} INFO - [2022-08-09 08:30:05,239] {dag.py:2935} INFO - Setting next_dagrun for example_short_circuit_operator to 2022-08-08T08:30:05.238878+00:00
[2022-08-09 08:30:05,250] {processor.py:171} INFO - Processing /home/airflow/.local/lib/python3.7/site-packages/airflow/example_dags/example_short_circuit_operator.py took 0.093 seconds
[2022-08-09 08:30:35,433] {processor.py:163} INFO - Started process (PID=3356) to work on /home/airflow/.local/lib/python3.7/site-packages/airflow/example_dags/example_short_circuit_operator.py
[2022-08-09 08:30:35,435] {processor.py:642} INFO - Processing file /home/airflow/.local/lib/python3.7/site-packages/airflow/example_dags/example_short_circuit_operator.py for tasks to queue
[2022-08-09 08:30:35,437] {logging_mixin.py:109} INFO - [2022-08-09 08:30:35,437] {dagbag.py:500} INFO - Filling up the DagBag from /home/airflow/.local/lib/python3.7/site-packages/airflow/example_dags/example_short_circuit_operator.py
[2022-08-09 08:30:35,474] {processor.py:654} INFO - DAG(s) dict_keys(['example_short_circuit_operator']) retrieved from /home/airflow/.local/lib/python3.7/site-packages/airflow/example_dags/example_short_circuit_operator.py
[2022-08-09 08:30:35,491] {logging_mixin.py:109} INFO - [2022-08-09 08:30:35,491] {dag.py:2396} INFO - Sync 1 DAGs
[2022-08-09 08:30:35,513] {logging_mixin.py:109} INFO - [2022-08-09 08:30:35,513] {dag.py:2935} INFO - Setting next_dagrun for example_short_circuit_operator to 2022-08-08T08:30:35.512884+00:00
[2022-08-09 08:30:35,528] {processor.py:171} INFO - Processing /home/airflow/.local/lib/python3.7/site-packages/airflow/example_dags/example_short_circuit_operator.py took 0.101 seconds
[2022-08-09 08:31:06,040] {processor.py:163} INFO - Started process (PID=3426) to work on /home/airflow/.local/lib/python3.7/site-packages/airflow/example_dags/example_short_circuit_operator.py
[2022-08-09 08:31:06,041] {processor.py:642} INFO - Processing file /home/airflow/.local/lib/python3.7/site-packages/airflow/example_dags/example_short_circuit_operator.py for tasks to queue
[2022-08-09 08:31:06,043] {logging_mixin.py:109} INFO - [2022-08-09 08:31:06,043] {dagbag.py:500} INFO - Filling up the DagBag from /home/airflow/.local/lib/python3.7/site-packages/airflow/example_dags/example_short_circuit_operator.py
[2022-08-09 08:31:06,075] {processor.py:654} INFO - DAG(s) dict_keys(['example_short_circuit_operator']) retrieved from /home/airflow/.local/lib/python3.7/site-packages/airflow/example_dags/example_short_circuit_operator.py
[2022-08-09 08:31:06,086] {logging_mixin.py:109} INFO - [2022-08-09 08:31:06,086] {dag.py:2396} INFO - Sync 1 DAGs
[2022-08-09 08:31:06,104] {logging_mixin.py:109} INFO - [2022-08-09 08:31:06,104] {dag.py:2935} INFO - Setting next_dagrun for example_short_circuit_operator to 2022-08-08T08:31:06.104450+00:00
[2022-08-09 08:31:06,117] {processor.py:171} INFO - Processing /home/airflow/.local/lib/python3.7/site-packages/airflow/example_dags/example_short_circuit_operator.py took 0.081 seconds
[2022-08-09 08:31:36,429] {processor.py:163} INFO - Started process (PID=3486) to work on /home/airflow/.local/lib/python3.7/site-packages/airflow/example_dags/example_short_circuit_operator.py
[2022-08-09 08:31:36,431] {processor.py:642} INFO - Processing file /home/airflow/.local/lib/python3.7/site-packages/airflow/example_dags/example_short_circuit_operator.py for tasks to queue
[2022-08-09 08:31:36,434] {logging_mixin.py:109} INFO - [2022-08-09 08:31:36,433] {dagbag.py:500} INFO - Filling up the DagBag from /home/airflow/.local/lib/python3.7/site-packages/airflow/example_dags/example_short_circuit_operator.py
[2022-08-09 08:31:36,485] {processor.py:654} INFO - DAG(s) dict_keys(['example_short_circuit_operator']) retrieved from /home/airflow/.local/lib/python3.7/site-packages/airflow/example_dags/example_short_circuit_operator.py
[2022-08-09 08:31:36,503] {logging_mixin.py:109} INFO - [2022-08-09 08:31:36,502] {dag.py:2396} INFO - Sync 1 DAGs
[2022-08-09 08:31:36,524] {logging_mixin.py:109} INFO - [2022-08-09 08:31:36,524] {dag.py:2935} INFO - Setting next_dagrun for example_short_circuit_operator to 2022-08-08T08:31:36.524326+00:00
[2022-08-09 08:31:36,538] {processor.py:171} INFO - Processing /home/airflow/.local/lib/python3.7/site-packages/airflow/example_dags/example_short_circuit_operator.py took 0.116 seconds
[2022-08-09 08:32:07,395] {processor.py:163} INFO - Started process (PID=3557) to work on /home/airflow/.local/lib/python3.7/site-packages/airflow/example_dags/example_short_circuit_operator.py
[2022-08-09 08:32:07,397] {processor.py:642} INFO - Processing file /home/airflow/.local/lib/python3.7/site-packages/airflow/example_dags/example_short_circuit_operator.py for tasks to queue
[2022-08-09 08:32:07,399] {logging_mixin.py:109} INFO - [2022-08-09 08:32:07,398] {dagbag.py:500} INFO - Filling up the DagBag from /home/airflow/.local/lib/python3.7/site-packages/airflow/example_dags/example_short_circuit_operator.py
[2022-08-09 08:32:07,430] {processor.py:654} INFO - DAG(s) dict_keys(['example_short_circuit_operator']) retrieved from /home/airflow/.local/lib/python3.7/site-packages/airflow/example_dags/example_short_circuit_operator.py
[2022-08-09 08:32:07,442] {logging_mixin.py:109} INFO - [2022-08-09 08:32:07,442] {dag.py:2396} INFO - Sync 1 DAGs
[2022-08-09 08:32:07,460] {logging_mixin.py:109} INFO - [2022-08-09 08:32:07,460] {dag.py:2935} INFO - Setting next_dagrun for example_short_circuit_operator to 2022-08-08T08:32:07.460222+00:00
[2022-08-09 08:32:07,471] {processor.py:171} INFO - Processing /home/airflow/.local/lib/python3.7/site-packages/airflow/example_dags/example_short_circuit_operator.py took 0.080 seconds
[2022-08-09 08:32:38,397] {processor.py:163} INFO - Started process (PID=3618) to work on /home/airflow/.local/lib/python3.7/site-packages/airflow/example_dags/example_short_circuit_operator.py
[2022-08-09 08:32:38,403] {processor.py:642} INFO - Processing file /home/airflow/.local/lib/python3.7/site-packages/airflow/example_dags/example_short_circuit_operator.py for tasks to queue
[2022-08-09 08:32:38,405] {logging_mixin.py:109} INFO - [2022-08-09 08:32:38,405] {dagbag.py:500} INFO - Filling up the DagBag from /home/airflow/.local/lib/python3.7/site-packages/airflow/example_dags/example_short_circuit_operator.py
[2022-08-09 08:32:38,443] {processor.py:654} INFO - DAG(s) dict_keys(['example_short_circuit_operator']) retrieved from /home/airflow/.local/lib/python3.7/site-packages/airflow/example_dags/example_short_circuit_operator.py
[2022-08-09 08:32:38,457] {logging_mixin.py:109} INFO - [2022-08-09 08:32:38,457] {dag.py:2396} INFO - Sync 1 DAGs
[2022-08-09 08:32:38,473] {logging_mixin.py:109} INFO - [2022-08-09 08:32:38,473] {dag.py:2935} INFO - Setting next_dagrun for example_short_circuit_operator to 2022-08-08T08:32:38.473254+00:00
[2022-08-09 08:32:38,484] {processor.py:171} INFO - Processing /home/airflow/.local/lib/python3.7/site-packages/airflow/example_dags/example_short_circuit_operator.py took 0.092 seconds
[2022-08-09 08:33:09,148] {processor.py:163} INFO - Started process (PID=3687) to work on /home/airflow/.local/lib/python3.7/site-packages/airflow/example_dags/example_short_circuit_operator.py
[2022-08-09 08:33:09,150] {processor.py:642} INFO - Processing file /home/airflow/.local/lib/python3.7/site-packages/airflow/example_dags/example_short_circuit_operator.py for tasks to queue
[2022-08-09 08:33:09,151] {logging_mixin.py:109} INFO - [2022-08-09 08:33:09,151] {dagbag.py:500} INFO - Filling up the DagBag from /home/airflow/.local/lib/python3.7/site-packages/airflow/example_dags/example_short_circuit_operator.py
[2022-08-09 08:33:09,209] {processor.py:654} INFO - DAG(s) dict_keys(['example_short_circuit_operator']) retrieved from /home/airflow/.local/lib/python3.7/site-packages/airflow/example_dags/example_short_circuit_operator.py
[2022-08-09 08:33:09,221] {logging_mixin.py:109} INFO - [2022-08-09 08:33:09,221] {dag.py:2396} INFO - Sync 1 DAGs
[2022-08-09 08:33:09,240] {logging_mixin.py:109} INFO - [2022-08-09 08:33:09,240] {dag.py:2935} INFO - Setting next_dagrun for example_short_circuit_operator to 2022-08-08T08:33:09.239974+00:00
[2022-08-09 08:33:09,259] {processor.py:171} INFO - Processing /home/airflow/.local/lib/python3.7/site-packages/airflow/example_dags/example_short_circuit_operator.py took 0.115 seconds
[2022-08-09 08:33:39,308] {processor.py:163} INFO - Started process (PID=3744) to work on /home/airflow/.local/lib/python3.7/site-packages/airflow/example_dags/example_short_circuit_operator.py
[2022-08-09 08:33:39,310] {processor.py:642} INFO - Processing file /home/airflow/.local/lib/python3.7/site-packages/airflow/example_dags/example_short_circuit_operator.py for tasks to queue
[2022-08-09 08:33:39,312] {logging_mixin.py:109} INFO - [2022-08-09 08:33:39,312] {dagbag.py:500} INFO - Filling up the DagBag from /home/airflow/.local/lib/python3.7/site-packages/airflow/example_dags/example_short_circuit_operator.py
[2022-08-09 08:33:39,343] {processor.py:654} INFO - DAG(s) dict_keys(['example_short_circuit_operator']) retrieved from /home/airflow/.local/lib/python3.7/site-packages/airflow/example_dags/example_short_circuit_operator.py
[2022-08-09 08:33:39,355] {logging_mixin.py:109} INFO - [2022-08-09 08:33:39,354] {dag.py:2396} INFO - Sync 1 DAGs
[2022-08-09 08:33:39,372] {logging_mixin.py:109} INFO - [2022-08-09 08:33:39,372] {dag.py:2935} INFO - Setting next_dagrun for example_short_circuit_operator to 2022-08-08T08:33:39.371933+00:00
[2022-08-09 08:33:39,383] {processor.py:171} INFO - Processing /home/airflow/.local/lib/python3.7/site-packages/airflow/example_dags/example_short_circuit_operator.py took 0.078 seconds
[2022-08-09 08:34:09,955] {processor.py:163} INFO - Started process (PID=3809) to work on /home/airflow/.local/lib/python3.7/site-packages/airflow/example_dags/example_short_circuit_operator.py
[2022-08-09 08:34:09,960] {processor.py:642} INFO - Processing file /home/airflow/.local/lib/python3.7/site-packages/airflow/example_dags/example_short_circuit_operator.py for tasks to queue
[2022-08-09 08:34:09,962] {logging_mixin.py:109} INFO - [2022-08-09 08:34:09,962] {dagbag.py:500} INFO - Filling up the DagBag from /home/airflow/.local/lib/python3.7/site-packages/airflow/example_dags/example_short_circuit_operator.py
[2022-08-09 08:34:10,012] {processor.py:654} INFO - DAG(s) dict_keys(['example_short_circuit_operator']) retrieved from /home/airflow/.local/lib/python3.7/site-packages/airflow/example_dags/example_short_circuit_operator.py
[2022-08-09 08:34:10,024] {logging_mixin.py:109} INFO - [2022-08-09 08:34:10,024] {dag.py:2396} INFO - Sync 1 DAGs
[2022-08-09 08:34:10,044] {logging_mixin.py:109} INFO - [2022-08-09 08:34:10,043] {dag.py:2935} INFO - Setting next_dagrun for example_short_circuit_operator to 2022-08-08T08:34:10.043655+00:00
[2022-08-09 08:34:10,056] {processor.py:171} INFO - Processing /home/airflow/.local/lib/python3.7/site-packages/airflow/example_dags/example_short_circuit_operator.py took 0.104 seconds
[2022-08-09 08:34:40,435] {processor.py:163} INFO - Started process (PID=3878) to work on /home/airflow/.local/lib/python3.7/site-packages/airflow/example_dags/example_short_circuit_operator.py
[2022-08-09 08:34:40,438] {processor.py:642} INFO - Processing file /home/airflow/.local/lib/python3.7/site-packages/airflow/example_dags/example_short_circuit_operator.py for tasks to queue
[2022-08-09 08:34:40,440] {logging_mixin.py:109} INFO - [2022-08-09 08:34:40,439] {dagbag.py:500} INFO - Filling up the DagBag from /home/airflow/.local/lib/python3.7/site-packages/airflow/example_dags/example_short_circuit_operator.py
[2022-08-09 08:34:40,518] {processor.py:654} INFO - DAG(s) dict_keys(['example_short_circuit_operator']) retrieved from /home/airflow/.local/lib/python3.7/site-packages/airflow/example_dags/example_short_circuit_operator.py
[2022-08-09 08:34:40,530] {logging_mixin.py:109} INFO - [2022-08-09 08:34:40,530] {dag.py:2396} INFO - Sync 1 DAGs
[2022-08-09 08:34:40,553] {logging_mixin.py:109} INFO - [2022-08-09 08:34:40,553] {dag.py:2935} INFO - Setting next_dagrun for example_short_circuit_operator to 2022-08-08T08:34:40.553499+00:00
[2022-08-09 08:34:40,569] {processor.py:171} INFO - Processing /home/airflow/.local/lib/python3.7/site-packages/airflow/example_dags/example_short_circuit_operator.py took 0.141 seconds
[2022-08-09 08:35:11,610] {processor.py:163} INFO - Started process (PID=3934) to work on /home/airflow/.local/lib/python3.7/site-packages/airflow/example_dags/example_short_circuit_operator.py
[2022-08-09 08:35:11,613] {processor.py:642} INFO - Processing file /home/airflow/.local/lib/python3.7/site-packages/airflow/example_dags/example_short_circuit_operator.py for tasks to queue
[2022-08-09 08:35:11,615] {logging_mixin.py:109} INFO - [2022-08-09 08:35:11,614] {dagbag.py:500} INFO - Filling up the DagBag from /home/airflow/.local/lib/python3.7/site-packages/airflow/example_dags/example_short_circuit_operator.py
[2022-08-09 08:35:11,649] {processor.py:654} INFO - DAG(s) dict_keys(['example_short_circuit_operator']) retrieved from /home/airflow/.local/lib/python3.7/site-packages/airflow/example_dags/example_short_circuit_operator.py
[2022-08-09 08:35:11,659] {logging_mixin.py:109} INFO - [2022-08-09 08:35:11,659] {dag.py:2396} INFO - Sync 1 DAGs
[2022-08-09 08:35:11,691] {logging_mixin.py:109} INFO - [2022-08-09 08:35:11,691] {dag.py:2935} INFO - Setting next_dagrun for example_short_circuit_operator to 2022-08-08T08:35:11.691196+00:00
[2022-08-09 08:35:11,709] {processor.py:171} INFO - Processing /home/airflow/.local/lib/python3.7/site-packages/airflow/example_dags/example_short_circuit_operator.py took 0.103 seconds
[2022-08-09 08:35:41,886] {processor.py:163} INFO - Started process (PID=4002) to work on /home/airflow/.local/lib/python3.7/site-packages/airflow/example_dags/example_short_circuit_operator.py
[2022-08-09 08:35:41,890] {processor.py:642} INFO - Processing file /home/airflow/.local/lib/python3.7/site-packages/airflow/example_dags/example_short_circuit_operator.py for tasks to queue
[2022-08-09 08:35:41,894] {logging_mixin.py:109} INFO - [2022-08-09 08:35:41,894] {dagbag.py:500} INFO - Filling up the DagBag from /home/airflow/.local/lib/python3.7/site-packages/airflow/example_dags/example_short_circuit_operator.py
[2022-08-09 08:35:41,948] {processor.py:654} INFO - DAG(s) dict_keys(['example_short_circuit_operator']) retrieved from /home/airflow/.local/lib/python3.7/site-packages/airflow/example_dags/example_short_circuit_operator.py
[2022-08-09 08:35:41,985] {logging_mixin.py:109} INFO - [2022-08-09 08:35:41,985] {dag.py:2396} INFO - Sync 1 DAGs
[2022-08-09 08:35:42,019] {logging_mixin.py:109} INFO - [2022-08-09 08:35:42,019] {dag.py:2935} INFO - Setting next_dagrun for example_short_circuit_operator to 2022-08-08T08:35:42.018644+00:00
[2022-08-09 08:35:42,038] {processor.py:171} INFO - Processing /home/airflow/.local/lib/python3.7/site-packages/airflow/example_dags/example_short_circuit_operator.py took 0.158 seconds
[2022-08-09 08:36:12,408] {processor.py:163} INFO - Started process (PID=4062) to work on /home/airflow/.local/lib/python3.7/site-packages/airflow/example_dags/example_short_circuit_operator.py
[2022-08-09 08:36:12,414] {processor.py:642} INFO - Processing file /home/airflow/.local/lib/python3.7/site-packages/airflow/example_dags/example_short_circuit_operator.py for tasks to queue
[2022-08-09 08:36:12,418] {logging_mixin.py:109} INFO - [2022-08-09 08:36:12,418] {dagbag.py:500} INFO - Filling up the DagBag from /home/airflow/.local/lib/python3.7/site-packages/airflow/example_dags/example_short_circuit_operator.py
[2022-08-09 08:36:12,476] {processor.py:654} INFO - DAG(s) dict_keys(['example_short_circuit_operator']) retrieved from /home/airflow/.local/lib/python3.7/site-packages/airflow/example_dags/example_short_circuit_operator.py
[2022-08-09 08:36:12,496] {logging_mixin.py:109} INFO - [2022-08-09 08:36:12,496] {dag.py:2396} INFO - Sync 1 DAGs
[2022-08-09 08:36:12,525] {logging_mixin.py:109} INFO - [2022-08-09 08:36:12,525] {dag.py:2935} INFO - Setting next_dagrun for example_short_circuit_operator to 2022-08-08T08:36:12.525283+00:00
[2022-08-09 08:36:12,544] {processor.py:171} INFO - Processing /home/airflow/.local/lib/python3.7/site-packages/airflow/example_dags/example_short_circuit_operator.py took 0.145 seconds
[2022-08-09 08:36:42,734] {processor.py:163} INFO - Started process (PID=4119) to work on /home/airflow/.local/lib/python3.7/site-packages/airflow/example_dags/example_short_circuit_operator.py
[2022-08-09 08:36:42,738] {processor.py:642} INFO - Processing file /home/airflow/.local/lib/python3.7/site-packages/airflow/example_dags/example_short_circuit_operator.py for tasks to queue
[2022-08-09 08:36:42,741] {logging_mixin.py:109} INFO - [2022-08-09 08:36:42,741] {dagbag.py:500} INFO - Filling up the DagBag from /home/airflow/.local/lib/python3.7/site-packages/airflow/example_dags/example_short_circuit_operator.py
[2022-08-09 08:36:42,800] {processor.py:654} INFO - DAG(s) dict_keys(['example_short_circuit_operator']) retrieved from /home/airflow/.local/lib/python3.7/site-packages/airflow/example_dags/example_short_circuit_operator.py
[2022-08-09 08:36:42,820] {logging_mixin.py:109} INFO - [2022-08-09 08:36:42,820] {dag.py:2396} INFO - Sync 1 DAGs
[2022-08-09 08:36:42,854] {logging_mixin.py:109} INFO - [2022-08-09 08:36:42,854] {dag.py:2935} INFO - Setting next_dagrun for example_short_circuit_operator to 2022-08-08T08:36:42.852595+00:00
[2022-08-09 08:36:42,875] {processor.py:171} INFO - Processing /home/airflow/.local/lib/python3.7/site-packages/airflow/example_dags/example_short_circuit_operator.py took 0.147 seconds
