[2022-08-09 08:04:36,769] {processor.py:163} INFO - Started process (PID=73) to work on /home/airflow/.local/lib/python3.7/site-packages/airflow/example_dags/example_dag_decorator.py
[2022-08-09 08:04:36,772] {processor.py:642} INFO - Processing file /home/airflow/.local/lib/python3.7/site-packages/airflow/example_dags/example_dag_decorator.py for tasks to queue
[2022-08-09 08:04:36,774] {logging_mixin.py:109} INFO - [2022-08-09 08:04:36,774] {dagbag.py:500} INFO - Filling up the DagBag from /home/airflow/.local/lib/python3.7/site-packages/airflow/example_dags/example_dag_decorator.py
[2022-08-09 08:04:36,821] {processor.py:654} INFO - DAG(s) dict_keys(['example_dag_decorator']) retrieved from /home/airflow/.local/lib/python3.7/site-packages/airflow/example_dags/example_dag_decorator.py
[2022-08-09 08:04:37,107] {logging_mixin.py:109} INFO - [2022-08-09 08:04:37,107] {dag.py:2396} INFO - Sync 1 DAGs
[2022-08-09 08:04:37,124] {logging_mixin.py:109} INFO - [2022-08-09 08:04:37,124] {dag.py:2935} INFO - Setting next_dagrun for example_dag_decorator to None
[2022-08-09 08:04:37,137] {processor.py:171} INFO - Processing /home/airflow/.local/lib/python3.7/site-packages/airflow/example_dags/example_dag_decorator.py took 0.372 seconds
[2022-08-09 08:05:07,288] {processor.py:163} INFO - Started process (PID=136) to work on /home/airflow/.local/lib/python3.7/site-packages/airflow/example_dags/example_dag_decorator.py
[2022-08-09 08:05:07,292] {processor.py:642} INFO - Processing file /home/airflow/.local/lib/python3.7/site-packages/airflow/example_dags/example_dag_decorator.py for tasks to queue
[2022-08-09 08:05:07,298] {logging_mixin.py:109} INFO - [2022-08-09 08:05:07,295] {dagbag.py:500} INFO - Filling up the DagBag from /home/airflow/.local/lib/python3.7/site-packages/airflow/example_dags/example_dag_decorator.py
[2022-08-09 08:05:07,378] {processor.py:654} INFO - DAG(s) dict_keys(['example_dag_decorator']) retrieved from /home/airflow/.local/lib/python3.7/site-packages/airflow/example_dags/example_dag_decorator.py
[2022-08-09 08:05:07,724] {logging_mixin.py:109} INFO - [2022-08-09 08:05:07,724] {dag.py:2396} INFO - Sync 1 DAGs
[2022-08-09 08:05:07,741] {logging_mixin.py:109} INFO - [2022-08-09 08:05:07,741] {dag.py:2935} INFO - Setting next_dagrun for example_dag_decorator to None
[2022-08-09 08:05:07,760] {processor.py:171} INFO - Processing /home/airflow/.local/lib/python3.7/site-packages/airflow/example_dags/example_dag_decorator.py took 0.486 seconds
[2022-08-09 08:05:38,532] {processor.py:163} INFO - Started process (PID=197) to work on /home/airflow/.local/lib/python3.7/site-packages/airflow/example_dags/example_dag_decorator.py
[2022-08-09 08:05:38,534] {processor.py:642} INFO - Processing file /home/airflow/.local/lib/python3.7/site-packages/airflow/example_dags/example_dag_decorator.py for tasks to queue
[2022-08-09 08:05:38,536] {logging_mixin.py:109} INFO - [2022-08-09 08:05:38,536] {dagbag.py:500} INFO - Filling up the DagBag from /home/airflow/.local/lib/python3.7/site-packages/airflow/example_dags/example_dag_decorator.py
[2022-08-09 08:05:38,598] {processor.py:654} INFO - DAG(s) dict_keys(['example_dag_decorator']) retrieved from /home/airflow/.local/lib/python3.7/site-packages/airflow/example_dags/example_dag_decorator.py
[2022-08-09 08:05:38,887] {logging_mixin.py:109} INFO - [2022-08-09 08:05:38,887] {dag.py:2396} INFO - Sync 1 DAGs
[2022-08-09 08:05:38,901] {logging_mixin.py:109} INFO - [2022-08-09 08:05:38,901] {dag.py:2935} INFO - Setting next_dagrun for example_dag_decorator to None
[2022-08-09 08:05:38,913] {processor.py:171} INFO - Processing /home/airflow/.local/lib/python3.7/site-packages/airflow/example_dags/example_dag_decorator.py took 0.388 seconds
[2022-08-09 08:06:09,577] {processor.py:163} INFO - Started process (PID=266) to work on /home/airflow/.local/lib/python3.7/site-packages/airflow/example_dags/example_dag_decorator.py
[2022-08-09 08:06:09,579] {processor.py:642} INFO - Processing file /home/airflow/.local/lib/python3.7/site-packages/airflow/example_dags/example_dag_decorator.py for tasks to queue
[2022-08-09 08:06:09,582] {logging_mixin.py:109} INFO - [2022-08-09 08:06:09,582] {dagbag.py:500} INFO - Filling up the DagBag from /home/airflow/.local/lib/python3.7/site-packages/airflow/example_dags/example_dag_decorator.py
[2022-08-09 08:06:09,633] {processor.py:654} INFO - DAG(s) dict_keys(['example_dag_decorator']) retrieved from /home/airflow/.local/lib/python3.7/site-packages/airflow/example_dags/example_dag_decorator.py
[2022-08-09 08:06:09,902] {logging_mixin.py:109} INFO - [2022-08-09 08:06:09,901] {dag.py:2396} INFO - Sync 1 DAGs
[2022-08-09 08:06:09,920] {logging_mixin.py:109} INFO - [2022-08-09 08:06:09,920] {dag.py:2935} INFO - Setting next_dagrun for example_dag_decorator to None
[2022-08-09 08:06:09,935] {processor.py:171} INFO - Processing /home/airflow/.local/lib/python3.7/site-packages/airflow/example_dags/example_dag_decorator.py took 0.364 seconds
[2022-08-09 08:06:40,306] {processor.py:163} INFO - Started process (PID=326) to work on /home/airflow/.local/lib/python3.7/site-packages/airflow/example_dags/example_dag_decorator.py
[2022-08-09 08:06:40,308] {processor.py:642} INFO - Processing file /home/airflow/.local/lib/python3.7/site-packages/airflow/example_dags/example_dag_decorator.py for tasks to queue
[2022-08-09 08:06:40,309] {logging_mixin.py:109} INFO - [2022-08-09 08:06:40,309] {dagbag.py:500} INFO - Filling up the DagBag from /home/airflow/.local/lib/python3.7/site-packages/airflow/example_dags/example_dag_decorator.py
[2022-08-09 08:06:40,352] {processor.py:654} INFO - DAG(s) dict_keys(['example_dag_decorator']) retrieved from /home/airflow/.local/lib/python3.7/site-packages/airflow/example_dags/example_dag_decorator.py
[2022-08-09 08:06:40,616] {logging_mixin.py:109} INFO - [2022-08-09 08:06:40,616] {dag.py:2396} INFO - Sync 1 DAGs
[2022-08-09 08:06:40,630] {logging_mixin.py:109} INFO - [2022-08-09 08:06:40,630] {dag.py:2935} INFO - Setting next_dagrun for example_dag_decorator to None
[2022-08-09 08:06:40,647] {processor.py:171} INFO - Processing /home/airflow/.local/lib/python3.7/site-packages/airflow/example_dags/example_dag_decorator.py took 0.345 seconds
[2022-08-09 08:07:11,629] {processor.py:163} INFO - Started process (PID=397) to work on /home/airflow/.local/lib/python3.7/site-packages/airflow/example_dags/example_dag_decorator.py
[2022-08-09 08:07:11,632] {processor.py:642} INFO - Processing file /home/airflow/.local/lib/python3.7/site-packages/airflow/example_dags/example_dag_decorator.py for tasks to queue
[2022-08-09 08:07:11,637] {logging_mixin.py:109} INFO - [2022-08-09 08:07:11,637] {dagbag.py:500} INFO - Filling up the DagBag from /home/airflow/.local/lib/python3.7/site-packages/airflow/example_dags/example_dag_decorator.py
[2022-08-09 08:07:11,719] {processor.py:654} INFO - DAG(s) dict_keys(['example_dag_decorator']) retrieved from /home/airflow/.local/lib/python3.7/site-packages/airflow/example_dags/example_dag_decorator.py
[2022-08-09 08:07:12,058] {logging_mixin.py:109} INFO - [2022-08-09 08:07:12,058] {dag.py:2396} INFO - Sync 1 DAGs
[2022-08-09 08:07:12,071] {logging_mixin.py:109} INFO - [2022-08-09 08:07:12,071] {dag.py:2935} INFO - Setting next_dagrun for example_dag_decorator to None
[2022-08-09 08:07:12,083] {processor.py:171} INFO - Processing /home/airflow/.local/lib/python3.7/site-packages/airflow/example_dags/example_dag_decorator.py took 0.460 seconds
[2022-08-09 08:07:42,238] {processor.py:163} INFO - Started process (PID=457) to work on /home/airflow/.local/lib/python3.7/site-packages/airflow/example_dags/example_dag_decorator.py
[2022-08-09 08:07:42,270] {processor.py:642} INFO - Processing file /home/airflow/.local/lib/python3.7/site-packages/airflow/example_dags/example_dag_decorator.py for tasks to queue
[2022-08-09 08:07:42,272] {logging_mixin.py:109} INFO - [2022-08-09 08:07:42,272] {dagbag.py:500} INFO - Filling up the DagBag from /home/airflow/.local/lib/python3.7/site-packages/airflow/example_dags/example_dag_decorator.py
[2022-08-09 08:07:42,333] {processor.py:654} INFO - DAG(s) dict_keys(['example_dag_decorator']) retrieved from /home/airflow/.local/lib/python3.7/site-packages/airflow/example_dags/example_dag_decorator.py
[2022-08-09 08:07:42,588] {logging_mixin.py:109} INFO - [2022-08-09 08:07:42,587] {dag.py:2396} INFO - Sync 1 DAGs
[2022-08-09 08:07:42,606] {logging_mixin.py:109} INFO - [2022-08-09 08:07:42,605] {dag.py:2935} INFO - Setting next_dagrun for example_dag_decorator to None
[2022-08-09 08:07:42,617] {processor.py:171} INFO - Processing /home/airflow/.local/lib/python3.7/site-packages/airflow/example_dags/example_dag_decorator.py took 0.383 seconds
[2022-08-09 08:08:13,079] {processor.py:163} INFO - Started process (PID=528) to work on /home/airflow/.local/lib/python3.7/site-packages/airflow/example_dags/example_dag_decorator.py
[2022-08-09 08:08:13,081] {processor.py:642} INFO - Processing file /home/airflow/.local/lib/python3.7/site-packages/airflow/example_dags/example_dag_decorator.py for tasks to queue
[2022-08-09 08:08:13,082] {logging_mixin.py:109} INFO - [2022-08-09 08:08:13,082] {dagbag.py:500} INFO - Filling up the DagBag from /home/airflow/.local/lib/python3.7/site-packages/airflow/example_dags/example_dag_decorator.py
[2022-08-09 08:08:13,120] {processor.py:654} INFO - DAG(s) dict_keys(['example_dag_decorator']) retrieved from /home/airflow/.local/lib/python3.7/site-packages/airflow/example_dags/example_dag_decorator.py
[2022-08-09 08:08:13,383] {logging_mixin.py:109} INFO - [2022-08-09 08:08:13,383] {dag.py:2396} INFO - Sync 1 DAGs
[2022-08-09 08:08:13,399] {logging_mixin.py:109} INFO - [2022-08-09 08:08:13,399] {dag.py:2935} INFO - Setting next_dagrun for example_dag_decorator to None
[2022-08-09 08:08:13,420] {processor.py:171} INFO - Processing /home/airflow/.local/lib/python3.7/site-packages/airflow/example_dags/example_dag_decorator.py took 0.344 seconds
[2022-08-09 08:08:44,031] {processor.py:163} INFO - Started process (PID=589) to work on /home/airflow/.local/lib/python3.7/site-packages/airflow/example_dags/example_dag_decorator.py
[2022-08-09 08:08:44,033] {processor.py:642} INFO - Processing file /home/airflow/.local/lib/python3.7/site-packages/airflow/example_dags/example_dag_decorator.py for tasks to queue
[2022-08-09 08:08:44,035] {logging_mixin.py:109} INFO - [2022-08-09 08:08:44,035] {dagbag.py:500} INFO - Filling up the DagBag from /home/airflow/.local/lib/python3.7/site-packages/airflow/example_dags/example_dag_decorator.py
[2022-08-09 08:08:44,074] {processor.py:654} INFO - DAG(s) dict_keys(['example_dag_decorator']) retrieved from /home/airflow/.local/lib/python3.7/site-packages/airflow/example_dags/example_dag_decorator.py
[2022-08-09 08:08:44,335] {logging_mixin.py:109} INFO - [2022-08-09 08:08:44,335] {dag.py:2396} INFO - Sync 1 DAGs
[2022-08-09 08:08:44,349] {logging_mixin.py:109} INFO - [2022-08-09 08:08:44,349] {dag.py:2935} INFO - Setting next_dagrun for example_dag_decorator to None
[2022-08-09 08:08:44,360] {processor.py:171} INFO - Processing /home/airflow/.local/lib/python3.7/site-packages/airflow/example_dags/example_dag_decorator.py took 0.333 seconds
[2022-08-09 08:09:15,135] {processor.py:163} INFO - Started process (PID=660) to work on /home/airflow/.local/lib/python3.7/site-packages/airflow/example_dags/example_dag_decorator.py
[2022-08-09 08:09:15,138] {processor.py:642} INFO - Processing file /home/airflow/.local/lib/python3.7/site-packages/airflow/example_dags/example_dag_decorator.py for tasks to queue
[2022-08-09 08:09:15,139] {logging_mixin.py:109} INFO - [2022-08-09 08:09:15,139] {dagbag.py:500} INFO - Filling up the DagBag from /home/airflow/.local/lib/python3.7/site-packages/airflow/example_dags/example_dag_decorator.py
[2022-08-09 08:09:15,180] {processor.py:654} INFO - DAG(s) dict_keys(['example_dag_decorator']) retrieved from /home/airflow/.local/lib/python3.7/site-packages/airflow/example_dags/example_dag_decorator.py
[2022-08-09 08:09:15,459] {logging_mixin.py:109} INFO - [2022-08-09 08:09:15,458] {dag.py:2396} INFO - Sync 1 DAGs
[2022-08-09 08:09:15,472] {logging_mixin.py:109} INFO - [2022-08-09 08:09:15,472] {dag.py:2935} INFO - Setting next_dagrun for example_dag_decorator to None
[2022-08-09 08:09:15,484] {processor.py:171} INFO - Processing /home/airflow/.local/lib/python3.7/site-packages/airflow/example_dags/example_dag_decorator.py took 0.353 seconds
[2022-08-09 08:09:46,030] {processor.py:163} INFO - Started process (PID=721) to work on /home/airflow/.local/lib/python3.7/site-packages/airflow/example_dags/example_dag_decorator.py
[2022-08-09 08:09:46,032] {processor.py:642} INFO - Processing file /home/airflow/.local/lib/python3.7/site-packages/airflow/example_dags/example_dag_decorator.py for tasks to queue
[2022-08-09 08:09:46,033] {logging_mixin.py:109} INFO - [2022-08-09 08:09:46,033] {dagbag.py:500} INFO - Filling up the DagBag from /home/airflow/.local/lib/python3.7/site-packages/airflow/example_dags/example_dag_decorator.py
[2022-08-09 08:09:46,073] {processor.py:654} INFO - DAG(s) dict_keys(['example_dag_decorator']) retrieved from /home/airflow/.local/lib/python3.7/site-packages/airflow/example_dags/example_dag_decorator.py
[2022-08-09 08:09:46,341] {logging_mixin.py:109} INFO - [2022-08-09 08:09:46,341] {dag.py:2396} INFO - Sync 1 DAGs
[2022-08-09 08:09:46,354] {logging_mixin.py:109} INFO - [2022-08-09 08:09:46,354] {dag.py:2935} INFO - Setting next_dagrun for example_dag_decorator to None
[2022-08-09 08:09:46,365] {processor.py:171} INFO - Processing /home/airflow/.local/lib/python3.7/site-packages/airflow/example_dags/example_dag_decorator.py took 0.338 seconds
[2022-08-09 08:10:16,523] {processor.py:163} INFO - Started process (PID=791) to work on /home/airflow/.local/lib/python3.7/site-packages/airflow/example_dags/example_dag_decorator.py
[2022-08-09 08:10:16,525] {processor.py:642} INFO - Processing file /home/airflow/.local/lib/python3.7/site-packages/airflow/example_dags/example_dag_decorator.py for tasks to queue
[2022-08-09 08:10:16,526] {logging_mixin.py:109} INFO - [2022-08-09 08:10:16,526] {dagbag.py:500} INFO - Filling up the DagBag from /home/airflow/.local/lib/python3.7/site-packages/airflow/example_dags/example_dag_decorator.py
[2022-08-09 08:10:16,575] {processor.py:654} INFO - DAG(s) dict_keys(['example_dag_decorator']) retrieved from /home/airflow/.local/lib/python3.7/site-packages/airflow/example_dags/example_dag_decorator.py
[2022-08-09 08:10:16,851] {logging_mixin.py:109} INFO - [2022-08-09 08:10:16,851] {dag.py:2396} INFO - Sync 1 DAGs
[2022-08-09 08:10:16,867] {logging_mixin.py:109} INFO - [2022-08-09 08:10:16,867] {dag.py:2935} INFO - Setting next_dagrun for example_dag_decorator to None
[2022-08-09 08:10:16,881] {processor.py:171} INFO - Processing /home/airflow/.local/lib/python3.7/site-packages/airflow/example_dags/example_dag_decorator.py took 0.366 seconds
[2022-08-09 08:10:47,373] {processor.py:163} INFO - Started process (PID=852) to work on /home/airflow/.local/lib/python3.7/site-packages/airflow/example_dags/example_dag_decorator.py
[2022-08-09 08:10:47,376] {processor.py:642} INFO - Processing file /home/airflow/.local/lib/python3.7/site-packages/airflow/example_dags/example_dag_decorator.py for tasks to queue
[2022-08-09 08:10:47,378] {logging_mixin.py:109} INFO - [2022-08-09 08:10:47,378] {dagbag.py:500} INFO - Filling up the DagBag from /home/airflow/.local/lib/python3.7/site-packages/airflow/example_dags/example_dag_decorator.py
[2022-08-09 08:10:47,416] {processor.py:654} INFO - DAG(s) dict_keys(['example_dag_decorator']) retrieved from /home/airflow/.local/lib/python3.7/site-packages/airflow/example_dags/example_dag_decorator.py
[2022-08-09 08:10:47,690] {logging_mixin.py:109} INFO - [2022-08-09 08:10:47,690] {dag.py:2396} INFO - Sync 1 DAGs
[2022-08-09 08:10:47,706] {logging_mixin.py:109} INFO - [2022-08-09 08:10:47,706] {dag.py:2935} INFO - Setting next_dagrun for example_dag_decorator to None
[2022-08-09 08:10:47,717] {processor.py:171} INFO - Processing /home/airflow/.local/lib/python3.7/site-packages/airflow/example_dags/example_dag_decorator.py took 0.348 seconds
[2022-08-09 08:11:18,274] {processor.py:163} INFO - Started process (PID=922) to work on /home/airflow/.local/lib/python3.7/site-packages/airflow/example_dags/example_dag_decorator.py
[2022-08-09 08:11:18,277] {processor.py:642} INFO - Processing file /home/airflow/.local/lib/python3.7/site-packages/airflow/example_dags/example_dag_decorator.py for tasks to queue
[2022-08-09 08:11:18,279] {logging_mixin.py:109} INFO - [2022-08-09 08:11:18,279] {dagbag.py:500} INFO - Filling up the DagBag from /home/airflow/.local/lib/python3.7/site-packages/airflow/example_dags/example_dag_decorator.py
[2022-08-09 08:11:18,326] {processor.py:654} INFO - DAG(s) dict_keys(['example_dag_decorator']) retrieved from /home/airflow/.local/lib/python3.7/site-packages/airflow/example_dags/example_dag_decorator.py
[2022-08-09 08:11:18,594] {logging_mixin.py:109} INFO - [2022-08-09 08:11:18,594] {dag.py:2396} INFO - Sync 1 DAGs
[2022-08-09 08:11:18,609] {logging_mixin.py:109} INFO - [2022-08-09 08:11:18,609] {dag.py:2935} INFO - Setting next_dagrun for example_dag_decorator to None
[2022-08-09 08:11:18,623] {processor.py:171} INFO - Processing /home/airflow/.local/lib/python3.7/site-packages/airflow/example_dags/example_dag_decorator.py took 0.353 seconds
[2022-08-09 08:11:48,862] {processor.py:163} INFO - Started process (PID=982) to work on /home/airflow/.local/lib/python3.7/site-packages/airflow/example_dags/example_dag_decorator.py
[2022-08-09 08:11:48,863] {processor.py:642} INFO - Processing file /home/airflow/.local/lib/python3.7/site-packages/airflow/example_dags/example_dag_decorator.py for tasks to queue
[2022-08-09 08:11:48,865] {logging_mixin.py:109} INFO - [2022-08-09 08:11:48,865] {dagbag.py:500} INFO - Filling up the DagBag from /home/airflow/.local/lib/python3.7/site-packages/airflow/example_dags/example_dag_decorator.py
[2022-08-09 08:11:48,912] {processor.py:654} INFO - DAG(s) dict_keys(['example_dag_decorator']) retrieved from /home/airflow/.local/lib/python3.7/site-packages/airflow/example_dags/example_dag_decorator.py
[2022-08-09 08:11:49,165] {logging_mixin.py:109} INFO - [2022-08-09 08:11:49,165] {dag.py:2396} INFO - Sync 1 DAGs
[2022-08-09 08:11:49,181] {logging_mixin.py:109} INFO - [2022-08-09 08:11:49,181] {dag.py:2935} INFO - Setting next_dagrun for example_dag_decorator to None
[2022-08-09 08:11:49,196] {processor.py:171} INFO - Processing /home/airflow/.local/lib/python3.7/site-packages/airflow/example_dags/example_dag_decorator.py took 0.338 seconds
[2022-08-09 08:12:19,313] {processor.py:163} INFO - Started process (PID=1048) to work on /home/airflow/.local/lib/python3.7/site-packages/airflow/example_dags/example_dag_decorator.py
[2022-08-09 08:12:19,314] {processor.py:642} INFO - Processing file /home/airflow/.local/lib/python3.7/site-packages/airflow/example_dags/example_dag_decorator.py for tasks to queue
[2022-08-09 08:12:19,316] {logging_mixin.py:109} INFO - [2022-08-09 08:12:19,316] {dagbag.py:500} INFO - Filling up the DagBag from /home/airflow/.local/lib/python3.7/site-packages/airflow/example_dags/example_dag_decorator.py
[2022-08-09 08:12:19,355] {processor.py:654} INFO - DAG(s) dict_keys(['example_dag_decorator']) retrieved from /home/airflow/.local/lib/python3.7/site-packages/airflow/example_dags/example_dag_decorator.py
[2022-08-09 08:12:19,698] {logging_mixin.py:109} INFO - [2022-08-09 08:12:19,698] {dag.py:2396} INFO - Sync 1 DAGs
[2022-08-09 08:12:19,714] {logging_mixin.py:109} INFO - [2022-08-09 08:12:19,714] {dag.py:2935} INFO - Setting next_dagrun for example_dag_decorator to None
[2022-08-09 08:12:19,727] {processor.py:171} INFO - Processing /home/airflow/.local/lib/python3.7/site-packages/airflow/example_dags/example_dag_decorator.py took 0.418 seconds
[2022-08-09 08:12:49,814] {processor.py:163} INFO - Started process (PID=1107) to work on /home/airflow/.local/lib/python3.7/site-packages/airflow/example_dags/example_dag_decorator.py
[2022-08-09 08:12:49,816] {processor.py:642} INFO - Processing file /home/airflow/.local/lib/python3.7/site-packages/airflow/example_dags/example_dag_decorator.py for tasks to queue
[2022-08-09 08:12:49,818] {logging_mixin.py:109} INFO - [2022-08-09 08:12:49,818] {dagbag.py:500} INFO - Filling up the DagBag from /home/airflow/.local/lib/python3.7/site-packages/airflow/example_dags/example_dag_decorator.py
[2022-08-09 08:12:49,858] {processor.py:654} INFO - DAG(s) dict_keys(['example_dag_decorator']) retrieved from /home/airflow/.local/lib/python3.7/site-packages/airflow/example_dags/example_dag_decorator.py
[2022-08-09 08:12:50,130] {logging_mixin.py:109} INFO - [2022-08-09 08:12:50,130] {dag.py:2396} INFO - Sync 1 DAGs
[2022-08-09 08:12:50,153] {logging_mixin.py:109} INFO - [2022-08-09 08:12:50,153] {dag.py:2935} INFO - Setting next_dagrun for example_dag_decorator to None
[2022-08-09 08:12:50,167] {processor.py:171} INFO - Processing /home/airflow/.local/lib/python3.7/site-packages/airflow/example_dags/example_dag_decorator.py took 0.357 seconds
[2022-08-09 08:13:20,439] {processor.py:163} INFO - Started process (PID=1177) to work on /home/airflow/.local/lib/python3.7/site-packages/airflow/example_dags/example_dag_decorator.py
[2022-08-09 08:13:20,442] {processor.py:642} INFO - Processing file /home/airflow/.local/lib/python3.7/site-packages/airflow/example_dags/example_dag_decorator.py for tasks to queue
[2022-08-09 08:13:20,444] {logging_mixin.py:109} INFO - [2022-08-09 08:13:20,444] {dagbag.py:500} INFO - Filling up the DagBag from /home/airflow/.local/lib/python3.7/site-packages/airflow/example_dags/example_dag_decorator.py
[2022-08-09 08:13:20,491] {processor.py:654} INFO - DAG(s) dict_keys(['example_dag_decorator']) retrieved from /home/airflow/.local/lib/python3.7/site-packages/airflow/example_dags/example_dag_decorator.py
[2022-08-09 08:13:20,764] {logging_mixin.py:109} INFO - [2022-08-09 08:13:20,763] {dag.py:2396} INFO - Sync 1 DAGs
[2022-08-09 08:13:20,777] {logging_mixin.py:109} INFO - [2022-08-09 08:13:20,777] {dag.py:2935} INFO - Setting next_dagrun for example_dag_decorator to None
[2022-08-09 08:13:20,789] {processor.py:171} INFO - Processing /home/airflow/.local/lib/python3.7/site-packages/airflow/example_dags/example_dag_decorator.py took 0.360 seconds
[2022-08-09 08:13:51,281] {processor.py:163} INFO - Started process (PID=1238) to work on /home/airflow/.local/lib/python3.7/site-packages/airflow/example_dags/example_dag_decorator.py
[2022-08-09 08:13:51,288] {processor.py:642} INFO - Processing file /home/airflow/.local/lib/python3.7/site-packages/airflow/example_dags/example_dag_decorator.py for tasks to queue
[2022-08-09 08:13:51,292] {logging_mixin.py:109} INFO - [2022-08-09 08:13:51,292] {dagbag.py:500} INFO - Filling up the DagBag from /home/airflow/.local/lib/python3.7/site-packages/airflow/example_dags/example_dag_decorator.py
[2022-08-09 08:13:51,369] {processor.py:654} INFO - DAG(s) dict_keys(['example_dag_decorator']) retrieved from /home/airflow/.local/lib/python3.7/site-packages/airflow/example_dags/example_dag_decorator.py
[2022-08-09 08:13:51,710] {logging_mixin.py:109} INFO - [2022-08-09 08:13:51,710] {dag.py:2396} INFO - Sync 1 DAGs
[2022-08-09 08:13:51,732] {logging_mixin.py:109} INFO - [2022-08-09 08:13:51,732] {dag.py:2935} INFO - Setting next_dagrun for example_dag_decorator to None
[2022-08-09 08:13:51,753] {processor.py:171} INFO - Processing /home/airflow/.local/lib/python3.7/site-packages/airflow/example_dags/example_dag_decorator.py took 0.488 seconds
[2022-08-09 08:14:22,153] {processor.py:163} INFO - Started process (PID=1305) to work on /home/airflow/.local/lib/python3.7/site-packages/airflow/example_dags/example_dag_decorator.py
[2022-08-09 08:14:22,157] {processor.py:642} INFO - Processing file /home/airflow/.local/lib/python3.7/site-packages/airflow/example_dags/example_dag_decorator.py for tasks to queue
[2022-08-09 08:14:22,159] {logging_mixin.py:109} INFO - [2022-08-09 08:14:22,159] {dagbag.py:500} INFO - Filling up the DagBag from /home/airflow/.local/lib/python3.7/site-packages/airflow/example_dags/example_dag_decorator.py
[2022-08-09 08:14:22,241] {processor.py:654} INFO - DAG(s) dict_keys(['example_dag_decorator']) retrieved from /home/airflow/.local/lib/python3.7/site-packages/airflow/example_dags/example_dag_decorator.py
[2022-08-09 08:14:22,658] {logging_mixin.py:109} INFO - [2022-08-09 08:14:22,658] {dag.py:2396} INFO - Sync 1 DAGs
[2022-08-09 08:14:22,675] {logging_mixin.py:109} INFO - [2022-08-09 08:14:22,674] {dag.py:2935} INFO - Setting next_dagrun for example_dag_decorator to None
[2022-08-09 08:14:22,698] {processor.py:171} INFO - Processing /home/airflow/.local/lib/python3.7/site-packages/airflow/example_dags/example_dag_decorator.py took 0.550 seconds
[2022-08-09 08:14:52,963] {processor.py:163} INFO - Started process (PID=1367) to work on /home/airflow/.local/lib/python3.7/site-packages/airflow/example_dags/example_dag_decorator.py
[2022-08-09 08:14:52,965] {processor.py:642} INFO - Processing file /home/airflow/.local/lib/python3.7/site-packages/airflow/example_dags/example_dag_decorator.py for tasks to queue
[2022-08-09 08:14:52,966] {logging_mixin.py:109} INFO - [2022-08-09 08:14:52,966] {dagbag.py:500} INFO - Filling up the DagBag from /home/airflow/.local/lib/python3.7/site-packages/airflow/example_dags/example_dag_decorator.py
[2022-08-09 08:14:53,019] {processor.py:654} INFO - DAG(s) dict_keys(['example_dag_decorator']) retrieved from /home/airflow/.local/lib/python3.7/site-packages/airflow/example_dags/example_dag_decorator.py
[2022-08-09 08:14:53,311] {logging_mixin.py:109} INFO - [2022-08-09 08:14:53,311] {dag.py:2396} INFO - Sync 1 DAGs
[2022-08-09 08:14:53,328] {logging_mixin.py:109} INFO - [2022-08-09 08:14:53,328] {dag.py:2935} INFO - Setting next_dagrun for example_dag_decorator to None
[2022-08-09 08:14:53,340] {processor.py:171} INFO - Processing /home/airflow/.local/lib/python3.7/site-packages/airflow/example_dags/example_dag_decorator.py took 0.380 seconds
[2022-08-09 08:15:23,510] {processor.py:163} INFO - Started process (PID=1427) to work on /home/airflow/.local/lib/python3.7/site-packages/airflow/example_dags/example_dag_decorator.py
[2022-08-09 08:15:23,513] {processor.py:642} INFO - Processing file /home/airflow/.local/lib/python3.7/site-packages/airflow/example_dags/example_dag_decorator.py for tasks to queue
[2022-08-09 08:15:23,514] {logging_mixin.py:109} INFO - [2022-08-09 08:15:23,514] {dagbag.py:500} INFO - Filling up the DagBag from /home/airflow/.local/lib/python3.7/site-packages/airflow/example_dags/example_dag_decorator.py
[2022-08-09 08:15:23,555] {processor.py:654} INFO - DAG(s) dict_keys(['example_dag_decorator']) retrieved from /home/airflow/.local/lib/python3.7/site-packages/airflow/example_dags/example_dag_decorator.py
[2022-08-09 08:15:23,810] {logging_mixin.py:109} INFO - [2022-08-09 08:15:23,810] {dag.py:2396} INFO - Sync 1 DAGs
[2022-08-09 08:15:23,823] {logging_mixin.py:109} INFO - [2022-08-09 08:15:23,823] {dag.py:2935} INFO - Setting next_dagrun for example_dag_decorator to None
[2022-08-09 08:15:23,835] {processor.py:171} INFO - Processing /home/airflow/.local/lib/python3.7/site-packages/airflow/example_dags/example_dag_decorator.py took 0.328 seconds
[2022-08-09 08:15:54,107] {processor.py:163} INFO - Started process (PID=1498) to work on /home/airflow/.local/lib/python3.7/site-packages/airflow/example_dags/example_dag_decorator.py
[2022-08-09 08:15:54,109] {processor.py:642} INFO - Processing file /home/airflow/.local/lib/python3.7/site-packages/airflow/example_dags/example_dag_decorator.py for tasks to queue
[2022-08-09 08:15:54,111] {logging_mixin.py:109} INFO - [2022-08-09 08:15:54,111] {dagbag.py:500} INFO - Filling up the DagBag from /home/airflow/.local/lib/python3.7/site-packages/airflow/example_dags/example_dag_decorator.py
[2022-08-09 08:15:54,158] {processor.py:654} INFO - DAG(s) dict_keys(['example_dag_decorator']) retrieved from /home/airflow/.local/lib/python3.7/site-packages/airflow/example_dags/example_dag_decorator.py
[2022-08-09 08:15:54,425] {logging_mixin.py:109} INFO - [2022-08-09 08:15:54,425] {dag.py:2396} INFO - Sync 1 DAGs
[2022-08-09 08:15:54,440] {logging_mixin.py:109} INFO - [2022-08-09 08:15:54,440] {dag.py:2935} INFO - Setting next_dagrun for example_dag_decorator to None
[2022-08-09 08:15:54,458] {processor.py:171} INFO - Processing /home/airflow/.local/lib/python3.7/site-packages/airflow/example_dags/example_dag_decorator.py took 0.356 seconds
[2022-08-09 08:16:24,502] {processor.py:163} INFO - Started process (PID=1557) to work on /home/airflow/.local/lib/python3.7/site-packages/airflow/example_dags/example_dag_decorator.py
[2022-08-09 08:16:24,504] {processor.py:642} INFO - Processing file /home/airflow/.local/lib/python3.7/site-packages/airflow/example_dags/example_dag_decorator.py for tasks to queue
[2022-08-09 08:16:24,506] {logging_mixin.py:109} INFO - [2022-08-09 08:16:24,506] {dagbag.py:500} INFO - Filling up the DagBag from /home/airflow/.local/lib/python3.7/site-packages/airflow/example_dags/example_dag_decorator.py
[2022-08-09 08:16:24,547] {processor.py:654} INFO - DAG(s) dict_keys(['example_dag_decorator']) retrieved from /home/airflow/.local/lib/python3.7/site-packages/airflow/example_dags/example_dag_decorator.py
[2022-08-09 08:16:24,833] {logging_mixin.py:109} INFO - [2022-08-09 08:16:24,833] {dag.py:2396} INFO - Sync 1 DAGs
[2022-08-09 08:16:24,848] {logging_mixin.py:109} INFO - [2022-08-09 08:16:24,848] {dag.py:2935} INFO - Setting next_dagrun for example_dag_decorator to None
[2022-08-09 08:16:24,861] {processor.py:171} INFO - Processing /home/airflow/.local/lib/python3.7/site-packages/airflow/example_dags/example_dag_decorator.py took 0.362 seconds
[2022-08-09 08:16:55,174] {processor.py:163} INFO - Started process (PID=1626) to work on /home/airflow/.local/lib/python3.7/site-packages/airflow/example_dags/example_dag_decorator.py
[2022-08-09 08:16:55,176] {processor.py:642} INFO - Processing file /home/airflow/.local/lib/python3.7/site-packages/airflow/example_dags/example_dag_decorator.py for tasks to queue
[2022-08-09 08:16:55,178] {logging_mixin.py:109} INFO - [2022-08-09 08:16:55,177] {dagbag.py:500} INFO - Filling up the DagBag from /home/airflow/.local/lib/python3.7/site-packages/airflow/example_dags/example_dag_decorator.py
[2022-08-09 08:16:55,224] {processor.py:654} INFO - DAG(s) dict_keys(['example_dag_decorator']) retrieved from /home/airflow/.local/lib/python3.7/site-packages/airflow/example_dags/example_dag_decorator.py
[2022-08-09 08:16:55,480] {logging_mixin.py:109} INFO - [2022-08-09 08:16:55,480] {dag.py:2396} INFO - Sync 1 DAGs
[2022-08-09 08:16:55,493] {logging_mixin.py:109} INFO - [2022-08-09 08:16:55,493] {dag.py:2935} INFO - Setting next_dagrun for example_dag_decorator to None
[2022-08-09 08:16:55,507] {processor.py:171} INFO - Processing /home/airflow/.local/lib/python3.7/site-packages/airflow/example_dags/example_dag_decorator.py took 0.336 seconds
[2022-08-09 08:17:25,576] {processor.py:163} INFO - Started process (PID=1686) to work on /home/airflow/.local/lib/python3.7/site-packages/airflow/example_dags/example_dag_decorator.py
[2022-08-09 08:17:25,578] {processor.py:642} INFO - Processing file /home/airflow/.local/lib/python3.7/site-packages/airflow/example_dags/example_dag_decorator.py for tasks to queue
[2022-08-09 08:17:25,580] {logging_mixin.py:109} INFO - [2022-08-09 08:17:25,580] {dagbag.py:500} INFO - Filling up the DagBag from /home/airflow/.local/lib/python3.7/site-packages/airflow/example_dags/example_dag_decorator.py
[2022-08-09 08:17:25,620] {processor.py:654} INFO - DAG(s) dict_keys(['example_dag_decorator']) retrieved from /home/airflow/.local/lib/python3.7/site-packages/airflow/example_dags/example_dag_decorator.py
[2022-08-09 08:17:25,893] {logging_mixin.py:109} INFO - [2022-08-09 08:17:25,893] {dag.py:2396} INFO - Sync 1 DAGs
[2022-08-09 08:17:25,907] {logging_mixin.py:109} INFO - [2022-08-09 08:17:25,907] {dag.py:2935} INFO - Setting next_dagrun for example_dag_decorator to None
[2022-08-09 08:17:25,920] {processor.py:171} INFO - Processing /home/airflow/.local/lib/python3.7/site-packages/airflow/example_dags/example_dag_decorator.py took 0.348 seconds
[2022-08-09 08:17:56,027] {processor.py:163} INFO - Started process (PID=1755) to work on /home/airflow/.local/lib/python3.7/site-packages/airflow/example_dags/example_dag_decorator.py
[2022-08-09 08:17:56,029] {processor.py:642} INFO - Processing file /home/airflow/.local/lib/python3.7/site-packages/airflow/example_dags/example_dag_decorator.py for tasks to queue
[2022-08-09 08:17:56,031] {logging_mixin.py:109} INFO - [2022-08-09 08:17:56,031] {dagbag.py:500} INFO - Filling up the DagBag from /home/airflow/.local/lib/python3.7/site-packages/airflow/example_dags/example_dag_decorator.py
[2022-08-09 08:17:56,071] {processor.py:654} INFO - DAG(s) dict_keys(['example_dag_decorator']) retrieved from /home/airflow/.local/lib/python3.7/site-packages/airflow/example_dags/example_dag_decorator.py
[2022-08-09 08:17:56,317] {logging_mixin.py:109} INFO - [2022-08-09 08:17:56,317] {dag.py:2396} INFO - Sync 1 DAGs
[2022-08-09 08:17:56,341] {logging_mixin.py:109} INFO - [2022-08-09 08:17:56,340] {dag.py:2935} INFO - Setting next_dagrun for example_dag_decorator to None
[2022-08-09 08:17:56,353] {processor.py:171} INFO - Processing /home/airflow/.local/lib/python3.7/site-packages/airflow/example_dags/example_dag_decorator.py took 0.334 seconds
[2022-08-09 08:18:26,923] {processor.py:163} INFO - Started process (PID=1815) to work on /home/airflow/.local/lib/python3.7/site-packages/airflow/example_dags/example_dag_decorator.py
[2022-08-09 08:18:26,945] {processor.py:642} INFO - Processing file /home/airflow/.local/lib/python3.7/site-packages/airflow/example_dags/example_dag_decorator.py for tasks to queue
[2022-08-09 08:18:26,947] {logging_mixin.py:109} INFO - [2022-08-09 08:18:26,947] {dagbag.py:500} INFO - Filling up the DagBag from /home/airflow/.local/lib/python3.7/site-packages/airflow/example_dags/example_dag_decorator.py
[2022-08-09 08:18:26,995] {processor.py:654} INFO - DAG(s) dict_keys(['example_dag_decorator']) retrieved from /home/airflow/.local/lib/python3.7/site-packages/airflow/example_dags/example_dag_decorator.py
[2022-08-09 08:18:27,285] {logging_mixin.py:109} INFO - [2022-08-09 08:18:27,284] {dag.py:2396} INFO - Sync 1 DAGs
[2022-08-09 08:18:27,310] {logging_mixin.py:109} INFO - [2022-08-09 08:18:27,310] {dag.py:2935} INFO - Setting next_dagrun for example_dag_decorator to None
[2022-08-09 08:18:27,323] {processor.py:171} INFO - Processing /home/airflow/.local/lib/python3.7/site-packages/airflow/example_dags/example_dag_decorator.py took 0.404 seconds
[2022-08-09 08:18:57,483] {processor.py:163} INFO - Started process (PID=1886) to work on /home/airflow/.local/lib/python3.7/site-packages/airflow/example_dags/example_dag_decorator.py
[2022-08-09 08:18:57,485] {processor.py:642} INFO - Processing file /home/airflow/.local/lib/python3.7/site-packages/airflow/example_dags/example_dag_decorator.py for tasks to queue
[2022-08-09 08:18:57,486] {logging_mixin.py:109} INFO - [2022-08-09 08:18:57,486] {dagbag.py:500} INFO - Filling up the DagBag from /home/airflow/.local/lib/python3.7/site-packages/airflow/example_dags/example_dag_decorator.py
[2022-08-09 08:18:57,526] {processor.py:654} INFO - DAG(s) dict_keys(['example_dag_decorator']) retrieved from /home/airflow/.local/lib/python3.7/site-packages/airflow/example_dags/example_dag_decorator.py
[2022-08-09 08:18:57,782] {logging_mixin.py:109} INFO - [2022-08-09 08:18:57,782] {dag.py:2396} INFO - Sync 1 DAGs
[2022-08-09 08:18:57,796] {logging_mixin.py:109} INFO - [2022-08-09 08:18:57,796] {dag.py:2935} INFO - Setting next_dagrun for example_dag_decorator to None
[2022-08-09 08:18:57,806] {processor.py:171} INFO - Processing /home/airflow/.local/lib/python3.7/site-packages/airflow/example_dags/example_dag_decorator.py took 0.327 seconds
[2022-08-09 08:19:27,946] {processor.py:163} INFO - Started process (PID=1946) to work on /home/airflow/.local/lib/python3.7/site-packages/airflow/example_dags/example_dag_decorator.py
[2022-08-09 08:19:27,948] {processor.py:642} INFO - Processing file /home/airflow/.local/lib/python3.7/site-packages/airflow/example_dags/example_dag_decorator.py for tasks to queue
[2022-08-09 08:19:27,949] {logging_mixin.py:109} INFO - [2022-08-09 08:19:27,949] {dagbag.py:500} INFO - Filling up the DagBag from /home/airflow/.local/lib/python3.7/site-packages/airflow/example_dags/example_dag_decorator.py
[2022-08-09 08:19:27,993] {processor.py:654} INFO - DAG(s) dict_keys(['example_dag_decorator']) retrieved from /home/airflow/.local/lib/python3.7/site-packages/airflow/example_dags/example_dag_decorator.py
[2022-08-09 08:19:28,250] {logging_mixin.py:109} INFO - [2022-08-09 08:19:28,250] {dag.py:2396} INFO - Sync 1 DAGs
[2022-08-09 08:19:28,270] {logging_mixin.py:109} INFO - [2022-08-09 08:19:28,270] {dag.py:2935} INFO - Setting next_dagrun for example_dag_decorator to None
[2022-08-09 08:19:28,287] {processor.py:171} INFO - Processing /home/airflow/.local/lib/python3.7/site-packages/airflow/example_dags/example_dag_decorator.py took 0.344 seconds
[2022-08-09 08:19:58,516] {processor.py:163} INFO - Started process (PID=2015) to work on /home/airflow/.local/lib/python3.7/site-packages/airflow/example_dags/example_dag_decorator.py
[2022-08-09 08:19:58,518] {processor.py:642} INFO - Processing file /home/airflow/.local/lib/python3.7/site-packages/airflow/example_dags/example_dag_decorator.py for tasks to queue
[2022-08-09 08:19:58,520] {logging_mixin.py:109} INFO - [2022-08-09 08:19:58,520] {dagbag.py:500} INFO - Filling up the DagBag from /home/airflow/.local/lib/python3.7/site-packages/airflow/example_dags/example_dag_decorator.py
[2022-08-09 08:19:58,646] {processor.py:654} INFO - DAG(s) dict_keys(['example_dag_decorator']) retrieved from /home/airflow/.local/lib/python3.7/site-packages/airflow/example_dags/example_dag_decorator.py
[2022-08-09 08:19:58,826] {logging_mixin.py:109} INFO - [2022-08-09 08:19:58,826] {dag.py:2396} INFO - Sync 1 DAGs
[2022-08-09 08:19:58,841] {logging_mixin.py:109} INFO - [2022-08-09 08:19:58,840] {dag.py:2935} INFO - Setting next_dagrun for example_dag_decorator to None
[2022-08-09 08:19:58,855] {processor.py:171} INFO - Processing /home/airflow/.local/lib/python3.7/site-packages/airflow/example_dags/example_dag_decorator.py took 0.342 seconds
[2022-08-09 08:20:29,429] {processor.py:163} INFO - Started process (PID=2075) to work on /home/airflow/.local/lib/python3.7/site-packages/airflow/example_dags/example_dag_decorator.py
[2022-08-09 08:20:29,432] {processor.py:642} INFO - Processing file /home/airflow/.local/lib/python3.7/site-packages/airflow/example_dags/example_dag_decorator.py for tasks to queue
[2022-08-09 08:20:29,433] {logging_mixin.py:109} INFO - [2022-08-09 08:20:29,433] {dagbag.py:500} INFO - Filling up the DagBag from /home/airflow/.local/lib/python3.7/site-packages/airflow/example_dags/example_dag_decorator.py
[2022-08-09 08:20:29,573] {processor.py:654} INFO - DAG(s) dict_keys(['example_dag_decorator']) retrieved from /home/airflow/.local/lib/python3.7/site-packages/airflow/example_dags/example_dag_decorator.py
[2022-08-09 08:20:29,760] {logging_mixin.py:109} INFO - [2022-08-09 08:20:29,760] {dag.py:2396} INFO - Sync 1 DAGs
[2022-08-09 08:20:29,780] {logging_mixin.py:109} INFO - [2022-08-09 08:20:29,780] {dag.py:2935} INFO - Setting next_dagrun for example_dag_decorator to None
[2022-08-09 08:20:29,798] {processor.py:171} INFO - Processing /home/airflow/.local/lib/python3.7/site-packages/airflow/example_dags/example_dag_decorator.py took 0.372 seconds
[2022-08-09 08:20:59,982] {processor.py:163} INFO - Started process (PID=2146) to work on /home/airflow/.local/lib/python3.7/site-packages/airflow/example_dags/example_dag_decorator.py
[2022-08-09 08:20:59,985] {processor.py:642} INFO - Processing file /home/airflow/.local/lib/python3.7/site-packages/airflow/example_dags/example_dag_decorator.py for tasks to queue
[2022-08-09 08:20:59,987] {logging_mixin.py:109} INFO - [2022-08-09 08:20:59,986] {dagbag.py:500} INFO - Filling up the DagBag from /home/airflow/.local/lib/python3.7/site-packages/airflow/example_dags/example_dag_decorator.py
[2022-08-09 08:21:00,135] {processor.py:654} INFO - DAG(s) dict_keys(['example_dag_decorator']) retrieved from /home/airflow/.local/lib/python3.7/site-packages/airflow/example_dags/example_dag_decorator.py
[2022-08-09 08:21:00,357] {logging_mixin.py:109} INFO - [2022-08-09 08:21:00,357] {dag.py:2396} INFO - Sync 1 DAGs
[2022-08-09 08:21:00,372] {logging_mixin.py:109} INFO - [2022-08-09 08:21:00,372] {dag.py:2935} INFO - Setting next_dagrun for example_dag_decorator to None
[2022-08-09 08:21:00,390] {processor.py:171} INFO - Processing /home/airflow/.local/lib/python3.7/site-packages/airflow/example_dags/example_dag_decorator.py took 0.411 seconds
[2022-08-09 08:21:30,609] {processor.py:163} INFO - Started process (PID=2207) to work on /home/airflow/.local/lib/python3.7/site-packages/airflow/example_dags/example_dag_decorator.py
[2022-08-09 08:21:30,611] {processor.py:642} INFO - Processing file /home/airflow/.local/lib/python3.7/site-packages/airflow/example_dags/example_dag_decorator.py for tasks to queue
[2022-08-09 08:21:30,613] {logging_mixin.py:109} INFO - [2022-08-09 08:21:30,613] {dagbag.py:500} INFO - Filling up the DagBag from /home/airflow/.local/lib/python3.7/site-packages/airflow/example_dags/example_dag_decorator.py
[2022-08-09 08:21:30,745] {processor.py:654} INFO - DAG(s) dict_keys(['example_dag_decorator']) retrieved from /home/airflow/.local/lib/python3.7/site-packages/airflow/example_dags/example_dag_decorator.py
[2022-08-09 08:21:30,946] {logging_mixin.py:109} INFO - [2022-08-09 08:21:30,946] {dag.py:2396} INFO - Sync 1 DAGs
[2022-08-09 08:21:30,962] {logging_mixin.py:109} INFO - [2022-08-09 08:21:30,962] {dag.py:2935} INFO - Setting next_dagrun for example_dag_decorator to None
[2022-08-09 08:21:30,975] {processor.py:171} INFO - Processing /home/airflow/.local/lib/python3.7/site-packages/airflow/example_dags/example_dag_decorator.py took 0.369 seconds
[2022-08-09 08:22:01,204] {processor.py:163} INFO - Started process (PID=2275) to work on /home/airflow/.local/lib/python3.7/site-packages/airflow/example_dags/example_dag_decorator.py
[2022-08-09 08:22:01,207] {processor.py:642} INFO - Processing file /home/airflow/.local/lib/python3.7/site-packages/airflow/example_dags/example_dag_decorator.py for tasks to queue
[2022-08-09 08:22:01,209] {logging_mixin.py:109} INFO - [2022-08-09 08:22:01,209] {dagbag.py:500} INFO - Filling up the DagBag from /home/airflow/.local/lib/python3.7/site-packages/airflow/example_dags/example_dag_decorator.py
[2022-08-09 08:22:01,330] {processor.py:654} INFO - DAG(s) dict_keys(['example_dag_decorator']) retrieved from /home/airflow/.local/lib/python3.7/site-packages/airflow/example_dags/example_dag_decorator.py
[2022-08-09 08:22:01,514] {logging_mixin.py:109} INFO - [2022-08-09 08:22:01,514] {dag.py:2396} INFO - Sync 1 DAGs
[2022-08-09 08:22:01,529] {logging_mixin.py:109} INFO - [2022-08-09 08:22:01,529] {dag.py:2935} INFO - Setting next_dagrun for example_dag_decorator to None
[2022-08-09 08:22:01,544] {processor.py:171} INFO - Processing /home/airflow/.local/lib/python3.7/site-packages/airflow/example_dags/example_dag_decorator.py took 0.344 seconds
[2022-08-09 08:22:31,620] {processor.py:163} INFO - Started process (PID=2334) to work on /home/airflow/.local/lib/python3.7/site-packages/airflow/example_dags/example_dag_decorator.py
[2022-08-09 08:22:31,622] {processor.py:642} INFO - Processing file /home/airflow/.local/lib/python3.7/site-packages/airflow/example_dags/example_dag_decorator.py for tasks to queue
[2022-08-09 08:22:31,624] {logging_mixin.py:109} INFO - [2022-08-09 08:22:31,624] {dagbag.py:500} INFO - Filling up the DagBag from /home/airflow/.local/lib/python3.7/site-packages/airflow/example_dags/example_dag_decorator.py
[2022-08-09 08:22:31,755] {processor.py:654} INFO - DAG(s) dict_keys(['example_dag_decorator']) retrieved from /home/airflow/.local/lib/python3.7/site-packages/airflow/example_dags/example_dag_decorator.py
[2022-08-09 08:22:31,928] {logging_mixin.py:109} INFO - [2022-08-09 08:22:31,928] {dag.py:2396} INFO - Sync 1 DAGs
[2022-08-09 08:22:31,941] {logging_mixin.py:109} INFO - [2022-08-09 08:22:31,941] {dag.py:2935} INFO - Setting next_dagrun for example_dag_decorator to None
[2022-08-09 08:22:31,952] {processor.py:171} INFO - Processing /home/airflow/.local/lib/python3.7/site-packages/airflow/example_dags/example_dag_decorator.py took 0.336 seconds
[2022-08-09 08:23:02,216] {processor.py:163} INFO - Started process (PID=2402) to work on /home/airflow/.local/lib/python3.7/site-packages/airflow/example_dags/example_dag_decorator.py
[2022-08-09 08:23:02,228] {processor.py:642} INFO - Processing file /home/airflow/.local/lib/python3.7/site-packages/airflow/example_dags/example_dag_decorator.py for tasks to queue
[2022-08-09 08:23:02,230] {logging_mixin.py:109} INFO - [2022-08-09 08:23:02,230] {dagbag.py:500} INFO - Filling up the DagBag from /home/airflow/.local/lib/python3.7/site-packages/airflow/example_dags/example_dag_decorator.py
[2022-08-09 08:23:02,305] {processor.py:654} INFO - DAG(s) dict_keys(['example_dag_decorator']) retrieved from /home/airflow/.local/lib/python3.7/site-packages/airflow/example_dags/example_dag_decorator.py
[2022-08-09 08:23:02,516] {logging_mixin.py:109} INFO - [2022-08-09 08:23:02,516] {dag.py:2396} INFO - Sync 1 DAGs
[2022-08-09 08:23:02,532] {logging_mixin.py:109} INFO - [2022-08-09 08:23:02,532] {dag.py:2935} INFO - Setting next_dagrun for example_dag_decorator to None
[2022-08-09 08:23:02,552] {processor.py:171} INFO - Processing /home/airflow/.local/lib/python3.7/site-packages/airflow/example_dags/example_dag_decorator.py took 0.341 seconds
[2022-08-09 08:23:32,652] {processor.py:163} INFO - Started process (PID=2465) to work on /home/airflow/.local/lib/python3.7/site-packages/airflow/example_dags/example_dag_decorator.py
[2022-08-09 08:23:32,654] {processor.py:642} INFO - Processing file /home/airflow/.local/lib/python3.7/site-packages/airflow/example_dags/example_dag_decorator.py for tasks to queue
[2022-08-09 08:23:32,656] {logging_mixin.py:109} INFO - [2022-08-09 08:23:32,655] {dagbag.py:500} INFO - Filling up the DagBag from /home/airflow/.local/lib/python3.7/site-packages/airflow/example_dags/example_dag_decorator.py
[2022-08-09 08:23:32,708] {processor.py:654} INFO - DAG(s) dict_keys(['example_dag_decorator']) retrieved from /home/airflow/.local/lib/python3.7/site-packages/airflow/example_dags/example_dag_decorator.py
[2022-08-09 08:23:32,921] {logging_mixin.py:109} INFO - [2022-08-09 08:23:32,921] {dag.py:2396} INFO - Sync 1 DAGs
[2022-08-09 08:23:32,938] {logging_mixin.py:109} INFO - [2022-08-09 08:23:32,938] {dag.py:2935} INFO - Setting next_dagrun for example_dag_decorator to None
[2022-08-09 08:23:32,951] {processor.py:171} INFO - Processing /home/airflow/.local/lib/python3.7/site-packages/airflow/example_dags/example_dag_decorator.py took 0.304 seconds
[2022-08-09 08:24:03,009] {processor.py:163} INFO - Started process (PID=2524) to work on /home/airflow/.local/lib/python3.7/site-packages/airflow/example_dags/example_dag_decorator.py
[2022-08-09 08:24:03,011] {processor.py:642} INFO - Processing file /home/airflow/.local/lib/python3.7/site-packages/airflow/example_dags/example_dag_decorator.py for tasks to queue
[2022-08-09 08:24:03,012] {logging_mixin.py:109} INFO - [2022-08-09 08:24:03,012] {dagbag.py:500} INFO - Filling up the DagBag from /home/airflow/.local/lib/python3.7/site-packages/airflow/example_dags/example_dag_decorator.py
[2022-08-09 08:24:03,055] {processor.py:654} INFO - DAG(s) dict_keys(['example_dag_decorator']) retrieved from /home/airflow/.local/lib/python3.7/site-packages/airflow/example_dags/example_dag_decorator.py
[2022-08-09 08:24:03,242] {logging_mixin.py:109} INFO - [2022-08-09 08:24:03,242] {dag.py:2396} INFO - Sync 1 DAGs
[2022-08-09 08:24:03,255] {logging_mixin.py:109} INFO - [2022-08-09 08:24:03,255] {dag.py:2935} INFO - Setting next_dagrun for example_dag_decorator to None
[2022-08-09 08:24:03,268] {processor.py:171} INFO - Processing /home/airflow/.local/lib/python3.7/site-packages/airflow/example_dags/example_dag_decorator.py took 0.262 seconds
[2022-08-09 08:24:33,438] {processor.py:163} INFO - Started process (PID=2596) to work on /home/airflow/.local/lib/python3.7/site-packages/airflow/example_dags/example_dag_decorator.py
[2022-08-09 08:24:33,440] {processor.py:642} INFO - Processing file /home/airflow/.local/lib/python3.7/site-packages/airflow/example_dags/example_dag_decorator.py for tasks to queue
[2022-08-09 08:24:33,442] {logging_mixin.py:109} INFO - [2022-08-09 08:24:33,441] {dagbag.py:500} INFO - Filling up the DagBag from /home/airflow/.local/lib/python3.7/site-packages/airflow/example_dags/example_dag_decorator.py
[2022-08-09 08:24:33,487] {processor.py:654} INFO - DAG(s) dict_keys(['example_dag_decorator']) retrieved from /home/airflow/.local/lib/python3.7/site-packages/airflow/example_dags/example_dag_decorator.py
[2022-08-09 08:24:33,683] {logging_mixin.py:109} INFO - [2022-08-09 08:24:33,683] {dag.py:2396} INFO - Sync 1 DAGs
[2022-08-09 08:24:33,700] {logging_mixin.py:109} INFO - [2022-08-09 08:24:33,699] {dag.py:2935} INFO - Setting next_dagrun for example_dag_decorator to None
[2022-08-09 08:24:33,714] {processor.py:171} INFO - Processing /home/airflow/.local/lib/python3.7/site-packages/airflow/example_dags/example_dag_decorator.py took 0.282 seconds
[2022-08-09 08:25:04,403] {processor.py:163} INFO - Started process (PID=2655) to work on /home/airflow/.local/lib/python3.7/site-packages/airflow/example_dags/example_dag_decorator.py
[2022-08-09 08:25:04,407] {processor.py:642} INFO - Processing file /home/airflow/.local/lib/python3.7/site-packages/airflow/example_dags/example_dag_decorator.py for tasks to queue
[2022-08-09 08:25:04,409] {logging_mixin.py:109} INFO - [2022-08-09 08:25:04,409] {dagbag.py:500} INFO - Filling up the DagBag from /home/airflow/.local/lib/python3.7/site-packages/airflow/example_dags/example_dag_decorator.py
[2022-08-09 08:25:04,451] {processor.py:654} INFO - DAG(s) dict_keys(['example_dag_decorator']) retrieved from /home/airflow/.local/lib/python3.7/site-packages/airflow/example_dags/example_dag_decorator.py
[2022-08-09 08:25:04,630] {logging_mixin.py:109} INFO - [2022-08-09 08:25:04,630] {dag.py:2396} INFO - Sync 1 DAGs
[2022-08-09 08:25:04,645] {logging_mixin.py:109} INFO - [2022-08-09 08:25:04,645] {dag.py:2935} INFO - Setting next_dagrun for example_dag_decorator to None
[2022-08-09 08:25:04,658] {processor.py:171} INFO - Processing /home/airflow/.local/lib/python3.7/site-packages/airflow/example_dags/example_dag_decorator.py took 0.259 seconds
[2022-08-09 08:25:35,031] {processor.py:163} INFO - Started process (PID=2727) to work on /home/airflow/.local/lib/python3.7/site-packages/airflow/example_dags/example_dag_decorator.py
[2022-08-09 08:25:35,033] {processor.py:642} INFO - Processing file /home/airflow/.local/lib/python3.7/site-packages/airflow/example_dags/example_dag_decorator.py for tasks to queue
[2022-08-09 08:25:35,034] {logging_mixin.py:109} INFO - [2022-08-09 08:25:35,034] {dagbag.py:500} INFO - Filling up the DagBag from /home/airflow/.local/lib/python3.7/site-packages/airflow/example_dags/example_dag_decorator.py
[2022-08-09 08:25:35,075] {processor.py:654} INFO - DAG(s) dict_keys(['example_dag_decorator']) retrieved from /home/airflow/.local/lib/python3.7/site-packages/airflow/example_dags/example_dag_decorator.py
[2022-08-09 08:25:35,245] {logging_mixin.py:109} INFO - [2022-08-09 08:25:35,245] {dag.py:2396} INFO - Sync 1 DAGs
[2022-08-09 08:25:35,259] {logging_mixin.py:109} INFO - [2022-08-09 08:25:35,259] {dag.py:2935} INFO - Setting next_dagrun for example_dag_decorator to None
[2022-08-09 08:25:35,269] {processor.py:171} INFO - Processing /home/airflow/.local/lib/python3.7/site-packages/airflow/example_dags/example_dag_decorator.py took 0.241 seconds
[2022-08-09 08:26:05,367] {processor.py:163} INFO - Started process (PID=2787) to work on /home/airflow/.local/lib/python3.7/site-packages/airflow/example_dags/example_dag_decorator.py
[2022-08-09 08:26:05,370] {processor.py:642} INFO - Processing file /home/airflow/.local/lib/python3.7/site-packages/airflow/example_dags/example_dag_decorator.py for tasks to queue
[2022-08-09 08:26:05,371] {logging_mixin.py:109} INFO - [2022-08-09 08:26:05,371] {dagbag.py:500} INFO - Filling up the DagBag from /home/airflow/.local/lib/python3.7/site-packages/airflow/example_dags/example_dag_decorator.py
[2022-08-09 08:26:05,412] {processor.py:654} INFO - DAG(s) dict_keys(['example_dag_decorator']) retrieved from /home/airflow/.local/lib/python3.7/site-packages/airflow/example_dags/example_dag_decorator.py
[2022-08-09 08:26:05,583] {logging_mixin.py:109} INFO - [2022-08-09 08:26:05,583] {dag.py:2396} INFO - Sync 1 DAGs
[2022-08-09 08:26:05,598] {logging_mixin.py:109} INFO - [2022-08-09 08:26:05,598] {dag.py:2935} INFO - Setting next_dagrun for example_dag_decorator to None
[2022-08-09 08:26:05,610] {processor.py:171} INFO - Processing /home/airflow/.local/lib/python3.7/site-packages/airflow/example_dags/example_dag_decorator.py took 0.246 seconds
[2022-08-09 08:26:35,665] {processor.py:163} INFO - Started process (PID=2856) to work on /home/airflow/.local/lib/python3.7/site-packages/airflow/example_dags/example_dag_decorator.py
[2022-08-09 08:26:35,667] {processor.py:642} INFO - Processing file /home/airflow/.local/lib/python3.7/site-packages/airflow/example_dags/example_dag_decorator.py for tasks to queue
[2022-08-09 08:26:35,669] {logging_mixin.py:109} INFO - [2022-08-09 08:26:35,668] {dagbag.py:500} INFO - Filling up the DagBag from /home/airflow/.local/lib/python3.7/site-packages/airflow/example_dags/example_dag_decorator.py
[2022-08-09 08:26:35,706] {processor.py:654} INFO - DAG(s) dict_keys(['example_dag_decorator']) retrieved from /home/airflow/.local/lib/python3.7/site-packages/airflow/example_dags/example_dag_decorator.py
[2022-08-09 08:26:35,869] {logging_mixin.py:109} INFO - [2022-08-09 08:26:35,869] {dag.py:2396} INFO - Sync 1 DAGs
[2022-08-09 08:26:35,884] {logging_mixin.py:109} INFO - [2022-08-09 08:26:35,884] {dag.py:2935} INFO - Setting next_dagrun for example_dag_decorator to None
[2022-08-09 08:26:35,897] {processor.py:171} INFO - Processing /home/airflow/.local/lib/python3.7/site-packages/airflow/example_dags/example_dag_decorator.py took 0.235 seconds
[2022-08-09 08:27:06,381] {processor.py:163} INFO - Started process (PID=2917) to work on /home/airflow/.local/lib/python3.7/site-packages/airflow/example_dags/example_dag_decorator.py
[2022-08-09 08:27:06,383] {processor.py:642} INFO - Processing file /home/airflow/.local/lib/python3.7/site-packages/airflow/example_dags/example_dag_decorator.py for tasks to queue
[2022-08-09 08:27:06,384] {logging_mixin.py:109} INFO - [2022-08-09 08:27:06,384] {dagbag.py:500} INFO - Filling up the DagBag from /home/airflow/.local/lib/python3.7/site-packages/airflow/example_dags/example_dag_decorator.py
[2022-08-09 08:27:06,427] {processor.py:654} INFO - DAG(s) dict_keys(['example_dag_decorator']) retrieved from /home/airflow/.local/lib/python3.7/site-packages/airflow/example_dags/example_dag_decorator.py
[2022-08-09 08:27:06,609] {logging_mixin.py:109} INFO - [2022-08-09 08:27:06,608] {dag.py:2396} INFO - Sync 1 DAGs
[2022-08-09 08:27:06,623] {logging_mixin.py:109} INFO - [2022-08-09 08:27:06,623] {dag.py:2935} INFO - Setting next_dagrun for example_dag_decorator to None
[2022-08-09 08:27:06,637] {processor.py:171} INFO - Processing /home/airflow/.local/lib/python3.7/site-packages/airflow/example_dags/example_dag_decorator.py took 0.261 seconds
[2022-08-09 08:27:36,687] {processor.py:163} INFO - Started process (PID=2988) to work on /home/airflow/.local/lib/python3.7/site-packages/airflow/example_dags/example_dag_decorator.py
[2022-08-09 08:27:36,690] {processor.py:642} INFO - Processing file /home/airflow/.local/lib/python3.7/site-packages/airflow/example_dags/example_dag_decorator.py for tasks to queue
[2022-08-09 08:27:36,692] {logging_mixin.py:109} INFO - [2022-08-09 08:27:36,692] {dagbag.py:500} INFO - Filling up the DagBag from /home/airflow/.local/lib/python3.7/site-packages/airflow/example_dags/example_dag_decorator.py
[2022-08-09 08:27:36,748] {processor.py:654} INFO - DAG(s) dict_keys(['example_dag_decorator']) retrieved from /home/airflow/.local/lib/python3.7/site-packages/airflow/example_dags/example_dag_decorator.py
[2022-08-09 08:27:36,978] {logging_mixin.py:109} INFO - [2022-08-09 08:27:36,977] {dag.py:2396} INFO - Sync 1 DAGs
[2022-08-09 08:27:36,994] {logging_mixin.py:109} INFO - [2022-08-09 08:27:36,994] {dag.py:2935} INFO - Setting next_dagrun for example_dag_decorator to None
[2022-08-09 08:27:37,012] {processor.py:171} INFO - Processing /home/airflow/.local/lib/python3.7/site-packages/airflow/example_dags/example_dag_decorator.py took 0.330 seconds
[2022-08-09 08:28:07,063] {processor.py:163} INFO - Started process (PID=3050) to work on /home/airflow/.local/lib/python3.7/site-packages/airflow/example_dags/example_dag_decorator.py
[2022-08-09 08:28:07,065] {processor.py:642} INFO - Processing file /home/airflow/.local/lib/python3.7/site-packages/airflow/example_dags/example_dag_decorator.py for tasks to queue
[2022-08-09 08:28:07,067] {logging_mixin.py:109} INFO - [2022-08-09 08:28:07,066] {dagbag.py:500} INFO - Filling up the DagBag from /home/airflow/.local/lib/python3.7/site-packages/airflow/example_dags/example_dag_decorator.py
[2022-08-09 08:28:07,111] {processor.py:654} INFO - DAG(s) dict_keys(['example_dag_decorator']) retrieved from /home/airflow/.local/lib/python3.7/site-packages/airflow/example_dags/example_dag_decorator.py
[2022-08-09 08:28:07,306] {logging_mixin.py:109} INFO - [2022-08-09 08:28:07,306] {dag.py:2396} INFO - Sync 1 DAGs
[2022-08-09 08:28:07,323] {logging_mixin.py:109} INFO - [2022-08-09 08:28:07,323] {dag.py:2935} INFO - Setting next_dagrun for example_dag_decorator to None
[2022-08-09 08:28:07,336] {processor.py:171} INFO - Processing /home/airflow/.local/lib/python3.7/site-packages/airflow/example_dags/example_dag_decorator.py took 0.276 seconds
[2022-08-09 08:28:37,785] {processor.py:163} INFO - Started process (PID=3119) to work on /home/airflow/.local/lib/python3.7/site-packages/airflow/example_dags/example_dag_decorator.py
[2022-08-09 08:28:37,786] {processor.py:642} INFO - Processing file /home/airflow/.local/lib/python3.7/site-packages/airflow/example_dags/example_dag_decorator.py for tasks to queue
[2022-08-09 08:28:37,787] {logging_mixin.py:109} INFO - [2022-08-09 08:28:37,787] {dagbag.py:500} INFO - Filling up the DagBag from /home/airflow/.local/lib/python3.7/site-packages/airflow/example_dags/example_dag_decorator.py
[2022-08-09 08:28:37,832] {processor.py:654} INFO - DAG(s) dict_keys(['example_dag_decorator']) retrieved from /home/airflow/.local/lib/python3.7/site-packages/airflow/example_dags/example_dag_decorator.py
[2022-08-09 08:28:38,013] {logging_mixin.py:109} INFO - [2022-08-09 08:28:38,013] {dag.py:2396} INFO - Sync 1 DAGs
[2022-08-09 08:28:38,031] {logging_mixin.py:109} INFO - [2022-08-09 08:28:38,031] {dag.py:2935} INFO - Setting next_dagrun for example_dag_decorator to None
[2022-08-09 08:28:38,048] {processor.py:171} INFO - Processing /home/airflow/.local/lib/python3.7/site-packages/airflow/example_dags/example_dag_decorator.py took 0.267 seconds
[2022-08-09 08:29:08,124] {processor.py:163} INFO - Started process (PID=3177) to work on /home/airflow/.local/lib/python3.7/site-packages/airflow/example_dags/example_dag_decorator.py
[2022-08-09 08:29:08,126] {processor.py:642} INFO - Processing file /home/airflow/.local/lib/python3.7/site-packages/airflow/example_dags/example_dag_decorator.py for tasks to queue
[2022-08-09 08:29:08,128] {logging_mixin.py:109} INFO - [2022-08-09 08:29:08,127] {dagbag.py:500} INFO - Filling up the DagBag from /home/airflow/.local/lib/python3.7/site-packages/airflow/example_dags/example_dag_decorator.py
[2022-08-09 08:29:08,170] {processor.py:654} INFO - DAG(s) dict_keys(['example_dag_decorator']) retrieved from /home/airflow/.local/lib/python3.7/site-packages/airflow/example_dags/example_dag_decorator.py
[2022-08-09 08:29:08,354] {logging_mixin.py:109} INFO - [2022-08-09 08:29:08,354] {dag.py:2396} INFO - Sync 1 DAGs
[2022-08-09 08:29:08,369] {logging_mixin.py:109} INFO - [2022-08-09 08:29:08,368] {dag.py:2935} INFO - Setting next_dagrun for example_dag_decorator to None
[2022-08-09 08:29:08,385] {processor.py:171} INFO - Processing /home/airflow/.local/lib/python3.7/site-packages/airflow/example_dags/example_dag_decorator.py took 0.265 seconds
[2022-08-09 08:29:38,591] {processor.py:163} INFO - Started process (PID=3240) to work on /home/airflow/.local/lib/python3.7/site-packages/airflow/example_dags/example_dag_decorator.py
[2022-08-09 08:29:38,593] {processor.py:642} INFO - Processing file /home/airflow/.local/lib/python3.7/site-packages/airflow/example_dags/example_dag_decorator.py for tasks to queue
[2022-08-09 08:29:38,598] {logging_mixin.py:109} INFO - [2022-08-09 08:29:38,598] {dagbag.py:500} INFO - Filling up the DagBag from /home/airflow/.local/lib/python3.7/site-packages/airflow/example_dags/example_dag_decorator.py
[2022-08-09 08:29:38,659] {processor.py:654} INFO - DAG(s) dict_keys(['example_dag_decorator']) retrieved from /home/airflow/.local/lib/python3.7/site-packages/airflow/example_dags/example_dag_decorator.py
[2022-08-09 08:29:38,869] {logging_mixin.py:109} INFO - [2022-08-09 08:29:38,869] {dag.py:2396} INFO - Sync 1 DAGs
[2022-08-09 08:29:38,886] {logging_mixin.py:109} INFO - [2022-08-09 08:29:38,886] {dag.py:2935} INFO - Setting next_dagrun for example_dag_decorator to None
[2022-08-09 08:29:38,903] {processor.py:171} INFO - Processing /home/airflow/.local/lib/python3.7/site-packages/airflow/example_dags/example_dag_decorator.py took 0.317 seconds
[2022-08-09 08:30:09,088] {processor.py:163} INFO - Started process (PID=3305) to work on /home/airflow/.local/lib/python3.7/site-packages/airflow/example_dags/example_dag_decorator.py
[2022-08-09 08:30:09,096] {processor.py:642} INFO - Processing file /home/airflow/.local/lib/python3.7/site-packages/airflow/example_dags/example_dag_decorator.py for tasks to queue
[2022-08-09 08:30:09,099] {logging_mixin.py:109} INFO - [2022-08-09 08:30:09,099] {dagbag.py:500} INFO - Filling up the DagBag from /home/airflow/.local/lib/python3.7/site-packages/airflow/example_dags/example_dag_decorator.py
[2022-08-09 08:30:09,172] {processor.py:654} INFO - DAG(s) dict_keys(['example_dag_decorator']) retrieved from /home/airflow/.local/lib/python3.7/site-packages/airflow/example_dags/example_dag_decorator.py
[2022-08-09 08:30:09,489] {logging_mixin.py:109} INFO - [2022-08-09 08:30:09,489] {dag.py:2396} INFO - Sync 1 DAGs
[2022-08-09 08:30:09,508] {logging_mixin.py:109} INFO - [2022-08-09 08:30:09,508] {dag.py:2935} INFO - Setting next_dagrun for example_dag_decorator to None
[2022-08-09 08:30:09,528] {processor.py:171} INFO - Processing /home/airflow/.local/lib/python3.7/site-packages/airflow/example_dags/example_dag_decorator.py took 0.450 seconds
[2022-08-09 08:30:39,601] {processor.py:163} INFO - Started process (PID=3367) to work on /home/airflow/.local/lib/python3.7/site-packages/airflow/example_dags/example_dag_decorator.py
[2022-08-09 08:30:39,603] {processor.py:642} INFO - Processing file /home/airflow/.local/lib/python3.7/site-packages/airflow/example_dags/example_dag_decorator.py for tasks to queue
[2022-08-09 08:30:39,605] {logging_mixin.py:109} INFO - [2022-08-09 08:30:39,605] {dagbag.py:500} INFO - Filling up the DagBag from /home/airflow/.local/lib/python3.7/site-packages/airflow/example_dags/example_dag_decorator.py
[2022-08-09 08:30:39,645] {processor.py:654} INFO - DAG(s) dict_keys(['example_dag_decorator']) retrieved from /home/airflow/.local/lib/python3.7/site-packages/airflow/example_dags/example_dag_decorator.py
[2022-08-09 08:30:39,817] {logging_mixin.py:109} INFO - [2022-08-09 08:30:39,817] {dag.py:2396} INFO - Sync 1 DAGs
[2022-08-09 08:30:39,831] {logging_mixin.py:109} INFO - [2022-08-09 08:30:39,831] {dag.py:2935} INFO - Setting next_dagrun for example_dag_decorator to None
[2022-08-09 08:30:39,843] {processor.py:171} INFO - Processing /home/airflow/.local/lib/python3.7/site-packages/airflow/example_dags/example_dag_decorator.py took 0.245 seconds
[2022-08-09 08:31:10,025] {processor.py:163} INFO - Started process (PID=3437) to work on /home/airflow/.local/lib/python3.7/site-packages/airflow/example_dags/example_dag_decorator.py
[2022-08-09 08:31:10,027] {processor.py:642} INFO - Processing file /home/airflow/.local/lib/python3.7/site-packages/airflow/example_dags/example_dag_decorator.py for tasks to queue
[2022-08-09 08:31:10,029] {logging_mixin.py:109} INFO - [2022-08-09 08:31:10,029] {dagbag.py:500} INFO - Filling up the DagBag from /home/airflow/.local/lib/python3.7/site-packages/airflow/example_dags/example_dag_decorator.py
[2022-08-09 08:31:10,076] {processor.py:654} INFO - DAG(s) dict_keys(['example_dag_decorator']) retrieved from /home/airflow/.local/lib/python3.7/site-packages/airflow/example_dags/example_dag_decorator.py
[2022-08-09 08:31:10,281] {logging_mixin.py:109} INFO - [2022-08-09 08:31:10,281] {dag.py:2396} INFO - Sync 1 DAGs
[2022-08-09 08:31:10,298] {logging_mixin.py:109} INFO - [2022-08-09 08:31:10,298] {dag.py:2935} INFO - Setting next_dagrun for example_dag_decorator to None
[2022-08-09 08:31:10,312] {processor.py:171} INFO - Processing /home/airflow/.local/lib/python3.7/site-packages/airflow/example_dags/example_dag_decorator.py took 0.293 seconds
[2022-08-09 08:31:40,582] {processor.py:163} INFO - Started process (PID=3498) to work on /home/airflow/.local/lib/python3.7/site-packages/airflow/example_dags/example_dag_decorator.py
[2022-08-09 08:31:40,584] {processor.py:642} INFO - Processing file /home/airflow/.local/lib/python3.7/site-packages/airflow/example_dags/example_dag_decorator.py for tasks to queue
[2022-08-09 08:31:40,586] {logging_mixin.py:109} INFO - [2022-08-09 08:31:40,586] {dagbag.py:500} INFO - Filling up the DagBag from /home/airflow/.local/lib/python3.7/site-packages/airflow/example_dags/example_dag_decorator.py
[2022-08-09 08:31:40,636] {processor.py:654} INFO - DAG(s) dict_keys(['example_dag_decorator']) retrieved from /home/airflow/.local/lib/python3.7/site-packages/airflow/example_dags/example_dag_decorator.py
[2022-08-09 08:31:40,818] {logging_mixin.py:109} INFO - [2022-08-09 08:31:40,818] {dag.py:2396} INFO - Sync 1 DAGs
[2022-08-09 08:31:40,832] {logging_mixin.py:109} INFO - [2022-08-09 08:31:40,832] {dag.py:2935} INFO - Setting next_dagrun for example_dag_decorator to None
[2022-08-09 08:31:40,843] {processor.py:171} INFO - Processing /home/airflow/.local/lib/python3.7/site-packages/airflow/example_dags/example_dag_decorator.py took 0.265 seconds
[2022-08-09 08:32:11,423] {processor.py:163} INFO - Started process (PID=3569) to work on /home/airflow/.local/lib/python3.7/site-packages/airflow/example_dags/example_dag_decorator.py
[2022-08-09 08:32:11,425] {processor.py:642} INFO - Processing file /home/airflow/.local/lib/python3.7/site-packages/airflow/example_dags/example_dag_decorator.py for tasks to queue
[2022-08-09 08:32:11,426] {logging_mixin.py:109} INFO - [2022-08-09 08:32:11,426] {dagbag.py:500} INFO - Filling up the DagBag from /home/airflow/.local/lib/python3.7/site-packages/airflow/example_dags/example_dag_decorator.py
[2022-08-09 08:32:11,470] {processor.py:654} INFO - DAG(s) dict_keys(['example_dag_decorator']) retrieved from /home/airflow/.local/lib/python3.7/site-packages/airflow/example_dags/example_dag_decorator.py
[2022-08-09 08:32:11,654] {logging_mixin.py:109} INFO - [2022-08-09 08:32:11,654] {dag.py:2396} INFO - Sync 1 DAGs
[2022-08-09 08:32:11,671] {logging_mixin.py:109} INFO - [2022-08-09 08:32:11,671] {dag.py:2935} INFO - Setting next_dagrun for example_dag_decorator to None
[2022-08-09 08:32:11,684] {processor.py:171} INFO - Processing /home/airflow/.local/lib/python3.7/site-packages/airflow/example_dags/example_dag_decorator.py took 0.265 seconds
[2022-08-09 08:32:42,143] {processor.py:163} INFO - Started process (PID=3625) to work on /home/airflow/.local/lib/python3.7/site-packages/airflow/example_dags/example_dag_decorator.py
[2022-08-09 08:32:42,145] {processor.py:642} INFO - Processing file /home/airflow/.local/lib/python3.7/site-packages/airflow/example_dags/example_dag_decorator.py for tasks to queue
[2022-08-09 08:32:42,147] {logging_mixin.py:109} INFO - [2022-08-09 08:32:42,147] {dagbag.py:500} INFO - Filling up the DagBag from /home/airflow/.local/lib/python3.7/site-packages/airflow/example_dags/example_dag_decorator.py
[2022-08-09 08:32:42,204] {processor.py:654} INFO - DAG(s) dict_keys(['example_dag_decorator']) retrieved from /home/airflow/.local/lib/python3.7/site-packages/airflow/example_dags/example_dag_decorator.py
[2022-08-09 08:32:42,410] {logging_mixin.py:109} INFO - [2022-08-09 08:32:42,410] {dag.py:2396} INFO - Sync 1 DAGs
[2022-08-09 08:32:42,427] {logging_mixin.py:109} INFO - [2022-08-09 08:32:42,426] {dag.py:2935} INFO - Setting next_dagrun for example_dag_decorator to None
[2022-08-09 08:32:42,441] {processor.py:171} INFO - Processing /home/airflow/.local/lib/python3.7/site-packages/airflow/example_dags/example_dag_decorator.py took 0.301 seconds
[2022-08-09 08:33:12,872] {processor.py:163} INFO - Started process (PID=3694) to work on /home/airflow/.local/lib/python3.7/site-packages/airflow/example_dags/example_dag_decorator.py
[2022-08-09 08:33:12,874] {processor.py:642} INFO - Processing file /home/airflow/.local/lib/python3.7/site-packages/airflow/example_dags/example_dag_decorator.py for tasks to queue
[2022-08-09 08:33:12,876] {logging_mixin.py:109} INFO - [2022-08-09 08:33:12,876] {dagbag.py:500} INFO - Filling up the DagBag from /home/airflow/.local/lib/python3.7/site-packages/airflow/example_dags/example_dag_decorator.py
[2022-08-09 08:33:12,916] {processor.py:654} INFO - DAG(s) dict_keys(['example_dag_decorator']) retrieved from /home/airflow/.local/lib/python3.7/site-packages/airflow/example_dags/example_dag_decorator.py
[2022-08-09 08:33:13,093] {logging_mixin.py:109} INFO - [2022-08-09 08:33:13,092] {dag.py:2396} INFO - Sync 1 DAGs
[2022-08-09 08:33:13,108] {logging_mixin.py:109} INFO - [2022-08-09 08:33:13,107] {dag.py:2935} INFO - Setting next_dagrun for example_dag_decorator to None
[2022-08-09 08:33:13,120] {processor.py:171} INFO - Processing /home/airflow/.local/lib/python3.7/site-packages/airflow/example_dags/example_dag_decorator.py took 0.252 seconds
[2022-08-09 08:33:43,200] {processor.py:163} INFO - Started process (PID=3756) to work on /home/airflow/.local/lib/python3.7/site-packages/airflow/example_dags/example_dag_decorator.py
[2022-08-09 08:33:43,203] {processor.py:642} INFO - Processing file /home/airflow/.local/lib/python3.7/site-packages/airflow/example_dags/example_dag_decorator.py for tasks to queue
[2022-08-09 08:33:43,204] {logging_mixin.py:109} INFO - [2022-08-09 08:33:43,204] {dagbag.py:500} INFO - Filling up the DagBag from /home/airflow/.local/lib/python3.7/site-packages/airflow/example_dags/example_dag_decorator.py
[2022-08-09 08:33:43,245] {processor.py:654} INFO - DAG(s) dict_keys(['example_dag_decorator']) retrieved from /home/airflow/.local/lib/python3.7/site-packages/airflow/example_dags/example_dag_decorator.py
[2022-08-09 08:33:43,418] {logging_mixin.py:109} INFO - [2022-08-09 08:33:43,418] {dag.py:2396} INFO - Sync 1 DAGs
[2022-08-09 08:33:43,434] {logging_mixin.py:109} INFO - [2022-08-09 08:33:43,434] {dag.py:2935} INFO - Setting next_dagrun for example_dag_decorator to None
[2022-08-09 08:33:43,446] {processor.py:171} INFO - Processing /home/airflow/.local/lib/python3.7/site-packages/airflow/example_dags/example_dag_decorator.py took 0.250 seconds
[2022-08-09 08:34:13,730] {processor.py:163} INFO - Started process (PID=3825) to work on /home/airflow/.local/lib/python3.7/site-packages/airflow/example_dags/example_dag_decorator.py
[2022-08-09 08:34:13,733] {processor.py:642} INFO - Processing file /home/airflow/.local/lib/python3.7/site-packages/airflow/example_dags/example_dag_decorator.py for tasks to queue
[2022-08-09 08:34:13,735] {logging_mixin.py:109} INFO - [2022-08-09 08:34:13,735] {dagbag.py:500} INFO - Filling up the DagBag from /home/airflow/.local/lib/python3.7/site-packages/airflow/example_dags/example_dag_decorator.py
[2022-08-09 08:34:13,781] {processor.py:654} INFO - DAG(s) dict_keys(['example_dag_decorator']) retrieved from /home/airflow/.local/lib/python3.7/site-packages/airflow/example_dags/example_dag_decorator.py
[2022-08-09 08:34:14,015] {logging_mixin.py:109} INFO - [2022-08-09 08:34:14,015] {dag.py:2396} INFO - Sync 1 DAGs
[2022-08-09 08:34:14,033] {logging_mixin.py:109} INFO - [2022-08-09 08:34:14,033] {dag.py:2935} INFO - Setting next_dagrun for example_dag_decorator to None
[2022-08-09 08:34:14,051] {processor.py:171} INFO - Processing /home/airflow/.local/lib/python3.7/site-packages/airflow/example_dags/example_dag_decorator.py took 0.326 seconds
[2022-08-09 08:34:44,291] {processor.py:163} INFO - Started process (PID=3886) to work on /home/airflow/.local/lib/python3.7/site-packages/airflow/example_dags/example_dag_decorator.py
[2022-08-09 08:34:44,295] {processor.py:642} INFO - Processing file /home/airflow/.local/lib/python3.7/site-packages/airflow/example_dags/example_dag_decorator.py for tasks to queue
[2022-08-09 08:34:44,297] {logging_mixin.py:109} INFO - [2022-08-09 08:34:44,297] {dagbag.py:500} INFO - Filling up the DagBag from /home/airflow/.local/lib/python3.7/site-packages/airflow/example_dags/example_dag_decorator.py
[2022-08-09 08:34:44,342] {processor.py:654} INFO - DAG(s) dict_keys(['example_dag_decorator']) retrieved from /home/airflow/.local/lib/python3.7/site-packages/airflow/example_dags/example_dag_decorator.py
[2022-08-09 08:34:44,544] {logging_mixin.py:109} INFO - [2022-08-09 08:34:44,544] {dag.py:2396} INFO - Sync 1 DAGs
[2022-08-09 08:34:44,566] {logging_mixin.py:109} INFO - [2022-08-09 08:34:44,566] {dag.py:2935} INFO - Setting next_dagrun for example_dag_decorator to None
[2022-08-09 08:34:44,581] {processor.py:171} INFO - Processing /home/airflow/.local/lib/python3.7/site-packages/airflow/example_dags/example_dag_decorator.py took 0.294 seconds
[2022-08-09 08:35:14,629] {processor.py:163} INFO - Started process (PID=3956) to work on /home/airflow/.local/lib/python3.7/site-packages/airflow/example_dags/example_dag_decorator.py
[2022-08-09 08:35:14,631] {processor.py:642} INFO - Processing file /home/airflow/.local/lib/python3.7/site-packages/airflow/example_dags/example_dag_decorator.py for tasks to queue
[2022-08-09 08:35:14,633] {logging_mixin.py:109} INFO - [2022-08-09 08:35:14,633] {dagbag.py:500} INFO - Filling up the DagBag from /home/airflow/.local/lib/python3.7/site-packages/airflow/example_dags/example_dag_decorator.py
[2022-08-09 08:35:14,674] {processor.py:654} INFO - DAG(s) dict_keys(['example_dag_decorator']) retrieved from /home/airflow/.local/lib/python3.7/site-packages/airflow/example_dags/example_dag_decorator.py
[2022-08-09 08:35:14,829] {logging_mixin.py:109} INFO - [2022-08-09 08:35:14,829] {dag.py:2396} INFO - Sync 1 DAGs
[2022-08-09 08:35:14,843] {logging_mixin.py:109} INFO - [2022-08-09 08:35:14,843] {dag.py:2935} INFO - Setting next_dagrun for example_dag_decorator to None
[2022-08-09 08:35:14,855] {processor.py:171} INFO - Processing /home/airflow/.local/lib/python3.7/site-packages/airflow/example_dags/example_dag_decorator.py took 0.250 seconds
[2022-08-09 08:35:45,618] {processor.py:163} INFO - Started process (PID=4014) to work on /home/airflow/.local/lib/python3.7/site-packages/airflow/example_dags/example_dag_decorator.py
[2022-08-09 08:35:45,623] {processor.py:642} INFO - Processing file /home/airflow/.local/lib/python3.7/site-packages/airflow/example_dags/example_dag_decorator.py for tasks to queue
[2022-08-09 08:35:45,627] {logging_mixin.py:109} INFO - [2022-08-09 08:35:45,626] {dagbag.py:500} INFO - Filling up the DagBag from /home/airflow/.local/lib/python3.7/site-packages/airflow/example_dags/example_dag_decorator.py
[2022-08-09 08:35:45,715] {processor.py:654} INFO - DAG(s) dict_keys(['example_dag_decorator']) retrieved from /home/airflow/.local/lib/python3.7/site-packages/airflow/example_dags/example_dag_decorator.py
[2022-08-09 08:35:46,030] {logging_mixin.py:109} INFO - [2022-08-09 08:35:46,029] {dag.py:2396} INFO - Sync 1 DAGs
[2022-08-09 08:35:46,084] {logging_mixin.py:109} INFO - [2022-08-09 08:35:46,084] {dag.py:2935} INFO - Setting next_dagrun for example_dag_decorator to None
[2022-08-09 08:35:46,108] {processor.py:171} INFO - Processing /home/airflow/.local/lib/python3.7/site-packages/airflow/example_dags/example_dag_decorator.py took 0.501 seconds
[2022-08-09 08:36:16,368] {processor.py:163} INFO - Started process (PID=4075) to work on /home/airflow/.local/lib/python3.7/site-packages/airflow/example_dags/example_dag_decorator.py
[2022-08-09 08:36:16,372] {processor.py:642} INFO - Processing file /home/airflow/.local/lib/python3.7/site-packages/airflow/example_dags/example_dag_decorator.py for tasks to queue
[2022-08-09 08:36:16,374] {logging_mixin.py:109} INFO - [2022-08-09 08:36:16,374] {dagbag.py:500} INFO - Filling up the DagBag from /home/airflow/.local/lib/python3.7/site-packages/airflow/example_dags/example_dag_decorator.py
[2022-08-09 08:36:16,444] {processor.py:654} INFO - DAG(s) dict_keys(['example_dag_decorator']) retrieved from /home/airflow/.local/lib/python3.7/site-packages/airflow/example_dags/example_dag_decorator.py
[2022-08-09 08:36:16,741] {logging_mixin.py:109} INFO - [2022-08-09 08:36:16,741] {dag.py:2396} INFO - Sync 1 DAGs
[2022-08-09 08:36:16,769] {logging_mixin.py:109} INFO - [2022-08-09 08:36:16,769] {dag.py:2935} INFO - Setting next_dagrun for example_dag_decorator to None
[2022-08-09 08:36:16,795] {processor.py:171} INFO - Processing /home/airflow/.local/lib/python3.7/site-packages/airflow/example_dags/example_dag_decorator.py took 0.434 seconds
[2022-08-09 08:36:46,920] {processor.py:163} INFO - Started process (PID=4138) to work on /home/airflow/.local/lib/python3.7/site-packages/airflow/example_dags/example_dag_decorator.py
[2022-08-09 08:36:46,923] {processor.py:642} INFO - Processing file /home/airflow/.local/lib/python3.7/site-packages/airflow/example_dags/example_dag_decorator.py for tasks to queue
[2022-08-09 08:36:46,926] {logging_mixin.py:109} INFO - [2022-08-09 08:36:46,926] {dagbag.py:500} INFO - Filling up the DagBag from /home/airflow/.local/lib/python3.7/site-packages/airflow/example_dags/example_dag_decorator.py
[2022-08-09 08:36:46,994] {processor.py:654} INFO - DAG(s) dict_keys(['example_dag_decorator']) retrieved from /home/airflow/.local/lib/python3.7/site-packages/airflow/example_dags/example_dag_decorator.py
[2022-08-09 08:36:47,373] {logging_mixin.py:109} INFO - [2022-08-09 08:36:47,373] {dag.py:2396} INFO - Sync 1 DAGs
[2022-08-09 08:36:47,401] {logging_mixin.py:109} INFO - [2022-08-09 08:36:47,401] {dag.py:2935} INFO - Setting next_dagrun for example_dag_decorator to None
[2022-08-09 08:36:47,434] {processor.py:171} INFO - Processing /home/airflow/.local/lib/python3.7/site-packages/airflow/example_dags/example_dag_decorator.py took 0.520 seconds
