[2022-08-09 08:04:37,325] {processor.py:163} INFO - Started process (PID=78) to work on /home/airflow/.local/lib/python3.7/site-packages/airflow/example_dags/tutorial.py
[2022-08-09 08:04:37,329] {processor.py:642} INFO - Processing file /home/airflow/.local/lib/python3.7/site-packages/airflow/example_dags/tutorial.py for tasks to queue
[2022-08-09 08:04:37,332] {logging_mixin.py:109} INFO - [2022-08-09 08:04:37,331] {dagbag.py:500} INFO - Filling up the DagBag from /home/airflow/.local/lib/python3.7/site-packages/airflow/example_dags/tutorial.py
[2022-08-09 08:04:37,372] {processor.py:654} INFO - DAG(s) dict_keys(['tutorial']) retrieved from /home/airflow/.local/lib/python3.7/site-packages/airflow/example_dags/tutorial.py
[2022-08-09 08:04:37,389] {logging_mixin.py:109} INFO - [2022-08-09 08:04:37,389] {dag.py:2396} INFO - Sync 1 DAGs
[2022-08-09 08:04:37,408] {logging_mixin.py:109} INFO - [2022-08-09 08:04:37,408] {dag.py:2935} INFO - Setting next_dagrun for tutorial to 2022-08-08T08:04:37.408422+00:00
[2022-08-09 08:04:37,423] {processor.py:171} INFO - Processing /home/airflow/.local/lib/python3.7/site-packages/airflow/example_dags/tutorial.py took 0.104 seconds
[2022-08-09 08:05:07,992] {processor.py:163} INFO - Started process (PID=139) to work on /home/airflow/.local/lib/python3.7/site-packages/airflow/example_dags/tutorial.py
[2022-08-09 08:05:07,995] {processor.py:642} INFO - Processing file /home/airflow/.local/lib/python3.7/site-packages/airflow/example_dags/tutorial.py for tasks to queue
[2022-08-09 08:05:07,997] {logging_mixin.py:109} INFO - [2022-08-09 08:05:07,996] {dagbag.py:500} INFO - Filling up the DagBag from /home/airflow/.local/lib/python3.7/site-packages/airflow/example_dags/tutorial.py
[2022-08-09 08:05:08,038] {processor.py:654} INFO - DAG(s) dict_keys(['tutorial']) retrieved from /home/airflow/.local/lib/python3.7/site-packages/airflow/example_dags/tutorial.py
[2022-08-09 08:05:08,052] {logging_mixin.py:109} INFO - [2022-08-09 08:05:08,052] {dag.py:2396} INFO - Sync 1 DAGs
[2022-08-09 08:05:08,074] {logging_mixin.py:109} INFO - [2022-08-09 08:05:08,074] {dag.py:2935} INFO - Setting next_dagrun for tutorial to 2022-08-08T08:05:08.074198+00:00
[2022-08-09 08:05:08,090] {processor.py:171} INFO - Processing /home/airflow/.local/lib/python3.7/site-packages/airflow/example_dags/tutorial.py took 0.102 seconds
[2022-08-09 08:05:38,945] {processor.py:163} INFO - Started process (PID=200) to work on /home/airflow/.local/lib/python3.7/site-packages/airflow/example_dags/tutorial.py
[2022-08-09 08:05:38,947] {processor.py:642} INFO - Processing file /home/airflow/.local/lib/python3.7/site-packages/airflow/example_dags/tutorial.py for tasks to queue
[2022-08-09 08:05:38,949] {logging_mixin.py:109} INFO - [2022-08-09 08:05:38,948] {dagbag.py:500} INFO - Filling up the DagBag from /home/airflow/.local/lib/python3.7/site-packages/airflow/example_dags/tutorial.py
[2022-08-09 08:05:38,983] {processor.py:654} INFO - DAG(s) dict_keys(['tutorial']) retrieved from /home/airflow/.local/lib/python3.7/site-packages/airflow/example_dags/tutorial.py
[2022-08-09 08:05:38,994] {logging_mixin.py:109} INFO - [2022-08-09 08:05:38,994] {dag.py:2396} INFO - Sync 1 DAGs
[2022-08-09 08:05:39,013] {logging_mixin.py:109} INFO - [2022-08-09 08:05:39,013] {dag.py:2935} INFO - Setting next_dagrun for tutorial to 2022-08-08T08:05:39.013000+00:00
[2022-08-09 08:05:39,026] {processor.py:171} INFO - Processing /home/airflow/.local/lib/python3.7/site-packages/airflow/example_dags/tutorial.py took 0.085 seconds
[2022-08-09 08:06:10,090] {processor.py:163} INFO - Started process (PID=269) to work on /home/airflow/.local/lib/python3.7/site-packages/airflow/example_dags/tutorial.py
[2022-08-09 08:06:10,098] {processor.py:642} INFO - Processing file /home/airflow/.local/lib/python3.7/site-packages/airflow/example_dags/tutorial.py for tasks to queue
[2022-08-09 08:06:10,100] {logging_mixin.py:109} INFO - [2022-08-09 08:06:10,100] {dagbag.py:500} INFO - Filling up the DagBag from /home/airflow/.local/lib/python3.7/site-packages/airflow/example_dags/tutorial.py
[2022-08-09 08:06:10,149] {processor.py:654} INFO - DAG(s) dict_keys(['tutorial']) retrieved from /home/airflow/.local/lib/python3.7/site-packages/airflow/example_dags/tutorial.py
[2022-08-09 08:06:10,162] {logging_mixin.py:109} INFO - [2022-08-09 08:06:10,162] {dag.py:2396} INFO - Sync 1 DAGs
[2022-08-09 08:06:10,178] {logging_mixin.py:109} INFO - [2022-08-09 08:06:10,178] {dag.py:2935} INFO - Setting next_dagrun for tutorial to 2022-08-08T08:06:10.178215+00:00
[2022-08-09 08:06:10,191] {processor.py:171} INFO - Processing /home/airflow/.local/lib/python3.7/site-packages/airflow/example_dags/tutorial.py took 0.107 seconds
[2022-08-09 08:06:40,422] {processor.py:163} INFO - Started process (PID=328) to work on /home/airflow/.local/lib/python3.7/site-packages/airflow/example_dags/tutorial.py
[2022-08-09 08:06:40,425] {processor.py:642} INFO - Processing file /home/airflow/.local/lib/python3.7/site-packages/airflow/example_dags/tutorial.py for tasks to queue
[2022-08-09 08:06:40,426] {logging_mixin.py:109} INFO - [2022-08-09 08:06:40,426] {dagbag.py:500} INFO - Filling up the DagBag from /home/airflow/.local/lib/python3.7/site-packages/airflow/example_dags/tutorial.py
[2022-08-09 08:06:40,471] {processor.py:654} INFO - DAG(s) dict_keys(['tutorial']) retrieved from /home/airflow/.local/lib/python3.7/site-packages/airflow/example_dags/tutorial.py
[2022-08-09 08:06:40,488] {logging_mixin.py:109} INFO - [2022-08-09 08:06:40,488] {dag.py:2396} INFO - Sync 1 DAGs
[2022-08-09 08:06:40,509] {logging_mixin.py:109} INFO - [2022-08-09 08:06:40,509] {dag.py:2935} INFO - Setting next_dagrun for tutorial to 2022-08-08T08:06:40.508822+00:00
[2022-08-09 08:06:40,525] {processor.py:171} INFO - Processing /home/airflow/.local/lib/python3.7/site-packages/airflow/example_dags/tutorial.py took 0.107 seconds
[2022-08-09 08:07:12,178] {processor.py:163} INFO - Started process (PID=400) to work on /home/airflow/.local/lib/python3.7/site-packages/airflow/example_dags/tutorial.py
[2022-08-09 08:07:12,181] {processor.py:642} INFO - Processing file /home/airflow/.local/lib/python3.7/site-packages/airflow/example_dags/tutorial.py for tasks to queue
[2022-08-09 08:07:12,183] {logging_mixin.py:109} INFO - [2022-08-09 08:07:12,183] {dagbag.py:500} INFO - Filling up the DagBag from /home/airflow/.local/lib/python3.7/site-packages/airflow/example_dags/tutorial.py
[2022-08-09 08:07:12,247] {processor.py:654} INFO - DAG(s) dict_keys(['tutorial']) retrieved from /home/airflow/.local/lib/python3.7/site-packages/airflow/example_dags/tutorial.py
[2022-08-09 08:07:12,278] {logging_mixin.py:109} INFO - [2022-08-09 08:07:12,278] {dag.py:2396} INFO - Sync 1 DAGs
[2022-08-09 08:07:12,316] {logging_mixin.py:109} INFO - [2022-08-09 08:07:12,316] {dag.py:2935} INFO - Setting next_dagrun for tutorial to 2022-08-08T08:07:12.315860+00:00
[2022-08-09 08:07:12,334] {processor.py:171} INFO - Processing /home/airflow/.local/lib/python3.7/site-packages/airflow/example_dags/tutorial.py took 0.163 seconds
[2022-08-09 08:07:42,754] {processor.py:163} INFO - Started process (PID=460) to work on /home/airflow/.local/lib/python3.7/site-packages/airflow/example_dags/tutorial.py
[2022-08-09 08:07:42,757] {processor.py:642} INFO - Processing file /home/airflow/.local/lib/python3.7/site-packages/airflow/example_dags/tutorial.py for tasks to queue
[2022-08-09 08:07:42,759] {logging_mixin.py:109} INFO - [2022-08-09 08:07:42,759] {dagbag.py:500} INFO - Filling up the DagBag from /home/airflow/.local/lib/python3.7/site-packages/airflow/example_dags/tutorial.py
[2022-08-09 08:07:42,801] {processor.py:654} INFO - DAG(s) dict_keys(['tutorial']) retrieved from /home/airflow/.local/lib/python3.7/site-packages/airflow/example_dags/tutorial.py
[2022-08-09 08:07:42,821] {logging_mixin.py:109} INFO - [2022-08-09 08:07:42,821] {dag.py:2396} INFO - Sync 1 DAGs
[2022-08-09 08:07:42,841] {logging_mixin.py:109} INFO - [2022-08-09 08:07:42,841] {dag.py:2935} INFO - Setting next_dagrun for tutorial to 2022-08-08T08:07:42.841090+00:00
[2022-08-09 08:07:42,853] {processor.py:171} INFO - Processing /home/airflow/.local/lib/python3.7/site-packages/airflow/example_dags/tutorial.py took 0.103 seconds
[2022-08-09 08:08:13,472] {processor.py:163} INFO - Started process (PID=531) to work on /home/airflow/.local/lib/python3.7/site-packages/airflow/example_dags/tutorial.py
[2022-08-09 08:08:13,475] {processor.py:642} INFO - Processing file /home/airflow/.local/lib/python3.7/site-packages/airflow/example_dags/tutorial.py for tasks to queue
[2022-08-09 08:08:13,476] {logging_mixin.py:109} INFO - [2022-08-09 08:08:13,476] {dagbag.py:500} INFO - Filling up the DagBag from /home/airflow/.local/lib/python3.7/site-packages/airflow/example_dags/tutorial.py
[2022-08-09 08:08:13,513] {processor.py:654} INFO - DAG(s) dict_keys(['tutorial']) retrieved from /home/airflow/.local/lib/python3.7/site-packages/airflow/example_dags/tutorial.py
[2022-08-09 08:08:13,523] {logging_mixin.py:109} INFO - [2022-08-09 08:08:13,523] {dag.py:2396} INFO - Sync 1 DAGs
[2022-08-09 08:08:13,540] {logging_mixin.py:109} INFO - [2022-08-09 08:08:13,540] {dag.py:2935} INFO - Setting next_dagrun for tutorial to 2022-08-08T08:08:13.539747+00:00
[2022-08-09 08:08:13,551] {processor.py:171} INFO - Processing /home/airflow/.local/lib/python3.7/site-packages/airflow/example_dags/tutorial.py took 0.084 seconds
[2022-08-09 08:08:44,404] {processor.py:163} INFO - Started process (PID=592) to work on /home/airflow/.local/lib/python3.7/site-packages/airflow/example_dags/tutorial.py
[2022-08-09 08:08:44,406] {processor.py:642} INFO - Processing file /home/airflow/.local/lib/python3.7/site-packages/airflow/example_dags/tutorial.py for tasks to queue
[2022-08-09 08:08:44,407] {logging_mixin.py:109} INFO - [2022-08-09 08:08:44,407] {dagbag.py:500} INFO - Filling up the DagBag from /home/airflow/.local/lib/python3.7/site-packages/airflow/example_dags/tutorial.py
[2022-08-09 08:08:44,442] {processor.py:654} INFO - DAG(s) dict_keys(['tutorial']) retrieved from /home/airflow/.local/lib/python3.7/site-packages/airflow/example_dags/tutorial.py
[2022-08-09 08:08:44,454] {logging_mixin.py:109} INFO - [2022-08-09 08:08:44,454] {dag.py:2396} INFO - Sync 1 DAGs
[2022-08-09 08:08:44,471] {logging_mixin.py:109} INFO - [2022-08-09 08:08:44,471] {dag.py:2935} INFO - Setting next_dagrun for tutorial to 2022-08-08T08:08:44.471384+00:00
[2022-08-09 08:08:44,484] {processor.py:171} INFO - Processing /home/airflow/.local/lib/python3.7/site-packages/airflow/example_dags/tutorial.py took 0.084 seconds
[2022-08-09 08:09:15,554] {processor.py:163} INFO - Started process (PID=663) to work on /home/airflow/.local/lib/python3.7/site-packages/airflow/example_dags/tutorial.py
[2022-08-09 08:09:15,556] {processor.py:642} INFO - Processing file /home/airflow/.local/lib/python3.7/site-packages/airflow/example_dags/tutorial.py for tasks to queue
[2022-08-09 08:09:15,558] {logging_mixin.py:109} INFO - [2022-08-09 08:09:15,558] {dagbag.py:500} INFO - Filling up the DagBag from /home/airflow/.local/lib/python3.7/site-packages/airflow/example_dags/tutorial.py
[2022-08-09 08:09:15,595] {processor.py:654} INFO - DAG(s) dict_keys(['tutorial']) retrieved from /home/airflow/.local/lib/python3.7/site-packages/airflow/example_dags/tutorial.py
[2022-08-09 08:09:15,605] {logging_mixin.py:109} INFO - [2022-08-09 08:09:15,605] {dag.py:2396} INFO - Sync 1 DAGs
[2022-08-09 08:09:15,623] {logging_mixin.py:109} INFO - [2022-08-09 08:09:15,623] {dag.py:2935} INFO - Setting next_dagrun for tutorial to 2022-08-08T08:09:15.623207+00:00
[2022-08-09 08:09:15,619] {processor.py:171} INFO - Processing /home/airflow/.local/lib/python3.7/site-packages/airflow/example_dags/tutorial.py took 0.095 seconds
[2022-08-09 08:09:46,512] {processor.py:163} INFO - Started process (PID=724) to work on /home/airflow/.local/lib/python3.7/site-packages/airflow/example_dags/tutorial.py
[2022-08-09 08:09:46,516] {processor.py:642} INFO - Processing file /home/airflow/.local/lib/python3.7/site-packages/airflow/example_dags/tutorial.py for tasks to queue
[2022-08-09 08:09:46,519] {logging_mixin.py:109} INFO - [2022-08-09 08:09:46,518] {dagbag.py:500} INFO - Filling up the DagBag from /home/airflow/.local/lib/python3.7/site-packages/airflow/example_dags/tutorial.py
[2022-08-09 08:09:46,556] {processor.py:654} INFO - DAG(s) dict_keys(['tutorial']) retrieved from /home/airflow/.local/lib/python3.7/site-packages/airflow/example_dags/tutorial.py
[2022-08-09 08:09:46,570] {logging_mixin.py:109} INFO - [2022-08-09 08:09:46,570] {dag.py:2396} INFO - Sync 1 DAGs
[2022-08-09 08:09:46,590] {logging_mixin.py:109} INFO - [2022-08-09 08:09:46,590] {dag.py:2935} INFO - Setting next_dagrun for tutorial to 2022-08-08T08:09:46.590102+00:00
[2022-08-09 08:09:46,606] {processor.py:171} INFO - Processing /home/airflow/.local/lib/python3.7/site-packages/airflow/example_dags/tutorial.py took 0.102 seconds
[2022-08-09 08:10:16,955] {processor.py:163} INFO - Started process (PID=794) to work on /home/airflow/.local/lib/python3.7/site-packages/airflow/example_dags/tutorial.py
[2022-08-09 08:10:16,957] {processor.py:642} INFO - Processing file /home/airflow/.local/lib/python3.7/site-packages/airflow/example_dags/tutorial.py for tasks to queue
[2022-08-09 08:10:16,959] {logging_mixin.py:109} INFO - [2022-08-09 08:10:16,959] {dagbag.py:500} INFO - Filling up the DagBag from /home/airflow/.local/lib/python3.7/site-packages/airflow/example_dags/tutorial.py
[2022-08-09 08:10:16,994] {processor.py:654} INFO - DAG(s) dict_keys(['tutorial']) retrieved from /home/airflow/.local/lib/python3.7/site-packages/airflow/example_dags/tutorial.py
[2022-08-09 08:10:17,009] {logging_mixin.py:109} INFO - [2022-08-09 08:10:17,009] {dag.py:2396} INFO - Sync 1 DAGs
[2022-08-09 08:10:17,029] {logging_mixin.py:109} INFO - [2022-08-09 08:10:17,029] {dag.py:2935} INFO - Setting next_dagrun for tutorial to 2022-08-08T08:10:17.028831+00:00
[2022-08-09 08:10:17,042] {processor.py:171} INFO - Processing /home/airflow/.local/lib/python3.7/site-packages/airflow/example_dags/tutorial.py took 0.092 seconds
[2022-08-09 08:10:47,856] {processor.py:163} INFO - Started process (PID=855) to work on /home/airflow/.local/lib/python3.7/site-packages/airflow/example_dags/tutorial.py
[2022-08-09 08:10:47,859] {processor.py:642} INFO - Processing file /home/airflow/.local/lib/python3.7/site-packages/airflow/example_dags/tutorial.py for tasks to queue
[2022-08-09 08:10:47,861] {logging_mixin.py:109} INFO - [2022-08-09 08:10:47,861] {dagbag.py:500} INFO - Filling up the DagBag from /home/airflow/.local/lib/python3.7/site-packages/airflow/example_dags/tutorial.py
[2022-08-09 08:10:47,900] {processor.py:654} INFO - DAG(s) dict_keys(['tutorial']) retrieved from /home/airflow/.local/lib/python3.7/site-packages/airflow/example_dags/tutorial.py
[2022-08-09 08:10:47,914] {logging_mixin.py:109} INFO - [2022-08-09 08:10:47,914] {dag.py:2396} INFO - Sync 1 DAGs
[2022-08-09 08:10:47,931] {logging_mixin.py:109} INFO - [2022-08-09 08:10:47,931] {dag.py:2935} INFO - Setting next_dagrun for tutorial to 2022-08-08T08:10:47.931279+00:00
[2022-08-09 08:10:47,943] {processor.py:171} INFO - Processing /home/airflow/.local/lib/python3.7/site-packages/airflow/example_dags/tutorial.py took 0.093 seconds
[2022-08-09 08:11:18,776] {processor.py:163} INFO - Started process (PID=925) to work on /home/airflow/.local/lib/python3.7/site-packages/airflow/example_dags/tutorial.py
[2022-08-09 08:11:18,779] {processor.py:642} INFO - Processing file /home/airflow/.local/lib/python3.7/site-packages/airflow/example_dags/tutorial.py for tasks to queue
[2022-08-09 08:11:18,782] {logging_mixin.py:109} INFO - [2022-08-09 08:11:18,781] {dagbag.py:500} INFO - Filling up the DagBag from /home/airflow/.local/lib/python3.7/site-packages/airflow/example_dags/tutorial.py
[2022-08-09 08:11:18,830] {processor.py:654} INFO - DAG(s) dict_keys(['tutorial']) retrieved from /home/airflow/.local/lib/python3.7/site-packages/airflow/example_dags/tutorial.py
[2022-08-09 08:11:18,842] {logging_mixin.py:109} INFO - [2022-08-09 08:11:18,842] {dag.py:2396} INFO - Sync 1 DAGs
[2022-08-09 08:11:18,868] {logging_mixin.py:109} INFO - [2022-08-09 08:11:18,868] {dag.py:2935} INFO - Setting next_dagrun for tutorial to 2022-08-08T08:11:18.868224+00:00
[2022-08-09 08:11:18,887] {processor.py:171} INFO - Processing /home/airflow/.local/lib/python3.7/site-packages/airflow/example_dags/tutorial.py took 0.117 seconds
[2022-08-09 08:11:49,336] {processor.py:163} INFO - Started process (PID=985) to work on /home/airflow/.local/lib/python3.7/site-packages/airflow/example_dags/tutorial.py
[2022-08-09 08:11:49,338] {processor.py:642} INFO - Processing file /home/airflow/.local/lib/python3.7/site-packages/airflow/example_dags/tutorial.py for tasks to queue
[2022-08-09 08:11:49,339] {logging_mixin.py:109} INFO - [2022-08-09 08:11:49,339] {dagbag.py:500} INFO - Filling up the DagBag from /home/airflow/.local/lib/python3.7/site-packages/airflow/example_dags/tutorial.py
[2022-08-09 08:11:49,373] {processor.py:654} INFO - DAG(s) dict_keys(['tutorial']) retrieved from /home/airflow/.local/lib/python3.7/site-packages/airflow/example_dags/tutorial.py
[2022-08-09 08:11:49,384] {logging_mixin.py:109} INFO - [2022-08-09 08:11:49,384] {dag.py:2396} INFO - Sync 1 DAGs
[2022-08-09 08:11:49,401] {logging_mixin.py:109} INFO - [2022-08-09 08:11:49,401] {dag.py:2935} INFO - Setting next_dagrun for tutorial to 2022-08-08T08:11:49.401299+00:00
[2022-08-09 08:11:49,412] {processor.py:171} INFO - Processing /home/airflow/.local/lib/python3.7/site-packages/airflow/example_dags/tutorial.py took 0.079 seconds
[2022-08-09 08:12:20,122] {processor.py:163} INFO - Started process (PID=1055) to work on /home/airflow/.local/lib/python3.7/site-packages/airflow/example_dags/tutorial.py
[2022-08-09 08:12:20,124] {processor.py:642} INFO - Processing file /home/airflow/.local/lib/python3.7/site-packages/airflow/example_dags/tutorial.py for tasks to queue
[2022-08-09 08:12:20,125] {logging_mixin.py:109} INFO - [2022-08-09 08:12:20,125] {dagbag.py:500} INFO - Filling up the DagBag from /home/airflow/.local/lib/python3.7/site-packages/airflow/example_dags/tutorial.py
[2022-08-09 08:12:20,160] {processor.py:654} INFO - DAG(s) dict_keys(['tutorial']) retrieved from /home/airflow/.local/lib/python3.7/site-packages/airflow/example_dags/tutorial.py
[2022-08-09 08:12:20,171] {logging_mixin.py:109} INFO - [2022-08-09 08:12:20,170] {dag.py:2396} INFO - Sync 1 DAGs
[2022-08-09 08:12:20,187] {logging_mixin.py:109} INFO - [2022-08-09 08:12:20,187] {dag.py:2935} INFO - Setting next_dagrun for tutorial to 2022-08-08T08:12:20.187016+00:00
[2022-08-09 08:12:20,199] {processor.py:171} INFO - Processing /home/airflow/.local/lib/python3.7/site-packages/airflow/example_dags/tutorial.py took 0.080 seconds
[2022-08-09 08:12:50,784] {processor.py:163} INFO - Started process (PID=1115) to work on /home/airflow/.local/lib/python3.7/site-packages/airflow/example_dags/tutorial.py
[2022-08-09 08:12:50,786] {processor.py:642} INFO - Processing file /home/airflow/.local/lib/python3.7/site-packages/airflow/example_dags/tutorial.py for tasks to queue
[2022-08-09 08:12:50,788] {logging_mixin.py:109} INFO - [2022-08-09 08:12:50,788] {dagbag.py:500} INFO - Filling up the DagBag from /home/airflow/.local/lib/python3.7/site-packages/airflow/example_dags/tutorial.py
[2022-08-09 08:12:50,824] {processor.py:654} INFO - DAG(s) dict_keys(['tutorial']) retrieved from /home/airflow/.local/lib/python3.7/site-packages/airflow/example_dags/tutorial.py
[2022-08-09 08:12:50,836] {logging_mixin.py:109} INFO - [2022-08-09 08:12:50,836] {dag.py:2396} INFO - Sync 1 DAGs
[2022-08-09 08:12:50,855] {logging_mixin.py:109} INFO - [2022-08-09 08:12:50,855] {dag.py:2935} INFO - Setting next_dagrun for tutorial to 2022-08-08T08:12:50.855075+00:00
[2022-08-09 08:12:50,871] {processor.py:171} INFO - Processing /home/airflow/.local/lib/python3.7/site-packages/airflow/example_dags/tutorial.py took 0.090 seconds
[2022-08-09 08:13:20,946] {processor.py:163} INFO - Started process (PID=1180) to work on /home/airflow/.local/lib/python3.7/site-packages/airflow/example_dags/tutorial.py
[2022-08-09 08:13:20,948] {processor.py:642} INFO - Processing file /home/airflow/.local/lib/python3.7/site-packages/airflow/example_dags/tutorial.py for tasks to queue
[2022-08-09 08:13:20,951] {logging_mixin.py:109} INFO - [2022-08-09 08:13:20,950] {dagbag.py:500} INFO - Filling up the DagBag from /home/airflow/.local/lib/python3.7/site-packages/airflow/example_dags/tutorial.py
[2022-08-09 08:13:20,987] {processor.py:654} INFO - DAG(s) dict_keys(['tutorial']) retrieved from /home/airflow/.local/lib/python3.7/site-packages/airflow/example_dags/tutorial.py
[2022-08-09 08:13:20,999] {logging_mixin.py:109} INFO - [2022-08-09 08:13:20,999] {dag.py:2396} INFO - Sync 1 DAGs
[2022-08-09 08:13:21,015] {logging_mixin.py:109} INFO - [2022-08-09 08:13:21,015] {dag.py:2935} INFO - Setting next_dagrun for tutorial to 2022-08-08T08:13:21.014910+00:00
[2022-08-09 08:13:21,027] {processor.py:171} INFO - Processing /home/airflow/.local/lib/python3.7/site-packages/airflow/example_dags/tutorial.py took 0.085 seconds
[2022-08-09 08:13:51,799] {processor.py:163} INFO - Started process (PID=1241) to work on /home/airflow/.local/lib/python3.7/site-packages/airflow/example_dags/tutorial.py
[2022-08-09 08:13:51,801] {processor.py:642} INFO - Processing file /home/airflow/.local/lib/python3.7/site-packages/airflow/example_dags/tutorial.py for tasks to queue
[2022-08-09 08:13:51,803] {logging_mixin.py:109} INFO - [2022-08-09 08:13:51,803] {dagbag.py:500} INFO - Filling up the DagBag from /home/airflow/.local/lib/python3.7/site-packages/airflow/example_dags/tutorial.py
[2022-08-09 08:13:51,840] {processor.py:654} INFO - DAG(s) dict_keys(['tutorial']) retrieved from /home/airflow/.local/lib/python3.7/site-packages/airflow/example_dags/tutorial.py
[2022-08-09 08:13:51,854] {logging_mixin.py:109} INFO - [2022-08-09 08:13:51,854] {dag.py:2396} INFO - Sync 1 DAGs
[2022-08-09 08:13:51,879] {logging_mixin.py:109} INFO - [2022-08-09 08:13:51,879] {dag.py:2935} INFO - Setting next_dagrun for tutorial to 2022-08-08T08:13:51.878692+00:00
[2022-08-09 08:13:51,893] {processor.py:171} INFO - Processing /home/airflow/.local/lib/python3.7/site-packages/airflow/example_dags/tutorial.py took 0.098 seconds
[2022-08-09 08:14:22,923] {processor.py:163} INFO - Started process (PID=1310) to work on /home/airflow/.local/lib/python3.7/site-packages/airflow/example_dags/tutorial.py
[2022-08-09 08:14:22,926] {processor.py:642} INFO - Processing file /home/airflow/.local/lib/python3.7/site-packages/airflow/example_dags/tutorial.py for tasks to queue
[2022-08-09 08:14:22,928] {logging_mixin.py:109} INFO - [2022-08-09 08:14:22,928] {dagbag.py:500} INFO - Filling up the DagBag from /home/airflow/.local/lib/python3.7/site-packages/airflow/example_dags/tutorial.py
[2022-08-09 08:14:22,966] {processor.py:654} INFO - DAG(s) dict_keys(['tutorial']) retrieved from /home/airflow/.local/lib/python3.7/site-packages/airflow/example_dags/tutorial.py
[2022-08-09 08:14:22,978] {logging_mixin.py:109} INFO - [2022-08-09 08:14:22,978] {dag.py:2396} INFO - Sync 1 DAGs
[2022-08-09 08:14:22,996] {logging_mixin.py:109} INFO - [2022-08-09 08:14:22,996] {dag.py:2935} INFO - Setting next_dagrun for tutorial to 2022-08-08T08:14:22.996319+00:00
[2022-08-09 08:14:23,012] {processor.py:171} INFO - Processing /home/airflow/.local/lib/python3.7/site-packages/airflow/example_dags/tutorial.py took 0.093 seconds
[2022-08-09 08:14:53,476] {processor.py:163} INFO - Started process (PID=1370) to work on /home/airflow/.local/lib/python3.7/site-packages/airflow/example_dags/tutorial.py
[2022-08-09 08:14:53,479] {processor.py:642} INFO - Processing file /home/airflow/.local/lib/python3.7/site-packages/airflow/example_dags/tutorial.py for tasks to queue
[2022-08-09 08:14:53,499] {logging_mixin.py:109} INFO - [2022-08-09 08:14:53,498] {dagbag.py:500} INFO - Filling up the DagBag from /home/airflow/.local/lib/python3.7/site-packages/airflow/example_dags/tutorial.py
[2022-08-09 08:14:53,544] {processor.py:654} INFO - DAG(s) dict_keys(['tutorial']) retrieved from /home/airflow/.local/lib/python3.7/site-packages/airflow/example_dags/tutorial.py
[2022-08-09 08:14:53,558] {logging_mixin.py:109} INFO - [2022-08-09 08:14:53,557] {dag.py:2396} INFO - Sync 1 DAGs
[2022-08-09 08:14:53,577] {logging_mixin.py:109} INFO - [2022-08-09 08:14:53,577] {dag.py:2935} INFO - Setting next_dagrun for tutorial to 2022-08-08T08:14:53.577470+00:00
[2022-08-09 08:14:53,601] {processor.py:171} INFO - Processing /home/airflow/.local/lib/python3.7/site-packages/airflow/example_dags/tutorial.py took 0.132 seconds
[2022-08-09 08:15:23,871] {processor.py:163} INFO - Started process (PID=1429) to work on /home/airflow/.local/lib/python3.7/site-packages/airflow/example_dags/tutorial.py
[2022-08-09 08:15:23,874] {processor.py:642} INFO - Processing file /home/airflow/.local/lib/python3.7/site-packages/airflow/example_dags/tutorial.py for tasks to queue
[2022-08-09 08:15:23,875] {logging_mixin.py:109} INFO - [2022-08-09 08:15:23,875] {dagbag.py:500} INFO - Filling up the DagBag from /home/airflow/.local/lib/python3.7/site-packages/airflow/example_dags/tutorial.py
[2022-08-09 08:15:23,909] {processor.py:654} INFO - DAG(s) dict_keys(['tutorial']) retrieved from /home/airflow/.local/lib/python3.7/site-packages/airflow/example_dags/tutorial.py
[2022-08-09 08:15:23,920] {logging_mixin.py:109} INFO - [2022-08-09 08:15:23,920] {dag.py:2396} INFO - Sync 1 DAGs
[2022-08-09 08:15:23,947] {logging_mixin.py:109} INFO - [2022-08-09 08:15:23,947] {dag.py:2935} INFO - Setting next_dagrun for tutorial to 2022-08-08T08:15:23.947534+00:00
[2022-08-09 08:15:23,966] {processor.py:171} INFO - Processing /home/airflow/.local/lib/python3.7/site-packages/airflow/example_dags/tutorial.py took 0.099 seconds
[2022-08-09 08:15:54,501] {processor.py:163} INFO - Started process (PID=1500) to work on /home/airflow/.local/lib/python3.7/site-packages/airflow/example_dags/tutorial.py
[2022-08-09 08:15:54,503] {processor.py:642} INFO - Processing file /home/airflow/.local/lib/python3.7/site-packages/airflow/example_dags/tutorial.py for tasks to queue
[2022-08-09 08:15:54,505] {logging_mixin.py:109} INFO - [2022-08-09 08:15:54,504] {dagbag.py:500} INFO - Filling up the DagBag from /home/airflow/.local/lib/python3.7/site-packages/airflow/example_dags/tutorial.py
[2022-08-09 08:15:54,549] {processor.py:654} INFO - DAG(s) dict_keys(['tutorial']) retrieved from /home/airflow/.local/lib/python3.7/site-packages/airflow/example_dags/tutorial.py
[2022-08-09 08:15:54,569] {logging_mixin.py:109} INFO - [2022-08-09 08:15:54,569] {dag.py:2396} INFO - Sync 1 DAGs
[2022-08-09 08:15:54,590] {logging_mixin.py:109} INFO - [2022-08-09 08:15:54,589] {dag.py:2935} INFO - Setting next_dagrun for tutorial to 2022-08-08T08:15:54.589628+00:00
[2022-08-09 08:15:54,603] {processor.py:171} INFO - Processing /home/airflow/.local/lib/python3.7/site-packages/airflow/example_dags/tutorial.py took 0.107 seconds
[2022-08-09 08:16:24,893] {processor.py:163} INFO - Started process (PID=1559) to work on /home/airflow/.local/lib/python3.7/site-packages/airflow/example_dags/tutorial.py
[2022-08-09 08:16:24,896] {processor.py:642} INFO - Processing file /home/airflow/.local/lib/python3.7/site-packages/airflow/example_dags/tutorial.py for tasks to queue
[2022-08-09 08:16:24,897] {logging_mixin.py:109} INFO - [2022-08-09 08:16:24,897] {dagbag.py:500} INFO - Filling up the DagBag from /home/airflow/.local/lib/python3.7/site-packages/airflow/example_dags/tutorial.py
[2022-08-09 08:16:24,930] {processor.py:654} INFO - DAG(s) dict_keys(['tutorial']) retrieved from /home/airflow/.local/lib/python3.7/site-packages/airflow/example_dags/tutorial.py
[2022-08-09 08:16:24,940] {logging_mixin.py:109} INFO - [2022-08-09 08:16:24,940] {dag.py:2396} INFO - Sync 1 DAGs
[2022-08-09 08:16:24,960] {logging_mixin.py:109} INFO - [2022-08-09 08:16:24,960] {dag.py:2935} INFO - Setting next_dagrun for tutorial to 2022-08-08T08:16:24.960095+00:00
[2022-08-09 08:16:24,973] {processor.py:171} INFO - Processing /home/airflow/.local/lib/python3.7/site-packages/airflow/example_dags/tutorial.py took 0.083 seconds
[2022-08-09 08:16:55,635] {processor.py:163} INFO - Started process (PID=1628) to work on /home/airflow/.local/lib/python3.7/site-packages/airflow/example_dags/tutorial.py
[2022-08-09 08:16:55,639] {processor.py:642} INFO - Processing file /home/airflow/.local/lib/python3.7/site-packages/airflow/example_dags/tutorial.py for tasks to queue
[2022-08-09 08:16:55,641] {logging_mixin.py:109} INFO - [2022-08-09 08:16:55,641] {dagbag.py:500} INFO - Filling up the DagBag from /home/airflow/.local/lib/python3.7/site-packages/airflow/example_dags/tutorial.py
[2022-08-09 08:16:55,680] {processor.py:654} INFO - DAG(s) dict_keys(['tutorial']) retrieved from /home/airflow/.local/lib/python3.7/site-packages/airflow/example_dags/tutorial.py
[2022-08-09 08:16:55,694] {logging_mixin.py:109} INFO - [2022-08-09 08:16:55,694] {dag.py:2396} INFO - Sync 1 DAGs
[2022-08-09 08:16:55,716] {logging_mixin.py:109} INFO - [2022-08-09 08:16:55,716] {dag.py:2935} INFO - Setting next_dagrun for tutorial to 2022-08-08T08:16:55.715835+00:00
[2022-08-09 08:16:55,734] {processor.py:171} INFO - Processing /home/airflow/.local/lib/python3.7/site-packages/airflow/example_dags/tutorial.py took 0.104 seconds
[2022-08-09 08:17:25,961] {processor.py:163} INFO - Started process (PID=1688) to work on /home/airflow/.local/lib/python3.7/site-packages/airflow/example_dags/tutorial.py
[2022-08-09 08:17:25,963] {processor.py:642} INFO - Processing file /home/airflow/.local/lib/python3.7/site-packages/airflow/example_dags/tutorial.py for tasks to queue
[2022-08-09 08:17:25,966] {logging_mixin.py:109} INFO - [2022-08-09 08:17:25,966] {dagbag.py:500} INFO - Filling up the DagBag from /home/airflow/.local/lib/python3.7/site-packages/airflow/example_dags/tutorial.py
[2022-08-09 08:17:25,999] {processor.py:654} INFO - DAG(s) dict_keys(['tutorial']) retrieved from /home/airflow/.local/lib/python3.7/site-packages/airflow/example_dags/tutorial.py
[2022-08-09 08:17:26,010] {logging_mixin.py:109} INFO - [2022-08-09 08:17:26,010] {dag.py:2396} INFO - Sync 1 DAGs
[2022-08-09 08:17:26,026] {logging_mixin.py:109} INFO - [2022-08-09 08:17:26,026] {dag.py:2935} INFO - Setting next_dagrun for tutorial to 2022-08-08T08:17:26.025862+00:00
[2022-08-09 08:17:26,038] {processor.py:171} INFO - Processing /home/airflow/.local/lib/python3.7/site-packages/airflow/example_dags/tutorial.py took 0.080 seconds
[2022-08-09 08:17:56,398] {processor.py:163} INFO - Started process (PID=1757) to work on /home/airflow/.local/lib/python3.7/site-packages/airflow/example_dags/tutorial.py
[2022-08-09 08:17:56,400] {processor.py:642} INFO - Processing file /home/airflow/.local/lib/python3.7/site-packages/airflow/example_dags/tutorial.py for tasks to queue
[2022-08-09 08:17:56,401] {logging_mixin.py:109} INFO - [2022-08-09 08:17:56,401] {dagbag.py:500} INFO - Filling up the DagBag from /home/airflow/.local/lib/python3.7/site-packages/airflow/example_dags/tutorial.py
[2022-08-09 08:17:56,450] {processor.py:654} INFO - DAG(s) dict_keys(['tutorial']) retrieved from /home/airflow/.local/lib/python3.7/site-packages/airflow/example_dags/tutorial.py
[2022-08-09 08:17:56,471] {logging_mixin.py:109} INFO - [2022-08-09 08:17:56,471] {dag.py:2396} INFO - Sync 1 DAGs
[2022-08-09 08:17:56,508] {logging_mixin.py:109} INFO - [2022-08-09 08:17:56,508] {dag.py:2935} INFO - Setting next_dagrun for tutorial to 2022-08-08T08:17:56.507806+00:00
[2022-08-09 08:17:56,533] {processor.py:171} INFO - Processing /home/airflow/.local/lib/python3.7/site-packages/airflow/example_dags/tutorial.py took 0.139 seconds
[2022-08-09 08:18:27,118] {processor.py:163} INFO - Started process (PID=1817) to work on /home/airflow/.local/lib/python3.7/site-packages/airflow/example_dags/tutorial.py
[2022-08-09 08:18:27,124] {processor.py:642} INFO - Processing file /home/airflow/.local/lib/python3.7/site-packages/airflow/example_dags/tutorial.py for tasks to queue
[2022-08-09 08:18:27,126] {logging_mixin.py:109} INFO - [2022-08-09 08:18:27,126] {dagbag.py:500} INFO - Filling up the DagBag from /home/airflow/.local/lib/python3.7/site-packages/airflow/example_dags/tutorial.py
[2022-08-09 08:18:27,158] {processor.py:654} INFO - DAG(s) dict_keys(['tutorial']) retrieved from /home/airflow/.local/lib/python3.7/site-packages/airflow/example_dags/tutorial.py
[2022-08-09 08:18:27,169] {logging_mixin.py:109} INFO - [2022-08-09 08:18:27,169] {dag.py:2396} INFO - Sync 1 DAGs
[2022-08-09 08:18:27,190] {logging_mixin.py:109} INFO - [2022-08-09 08:18:27,190] {dag.py:2935} INFO - Setting next_dagrun for tutorial to 2022-08-08T08:18:27.190033+00:00
[2022-08-09 08:18:27,204] {processor.py:171} INFO - Processing /home/airflow/.local/lib/python3.7/site-packages/airflow/example_dags/tutorial.py took 0.090 seconds
[2022-08-09 08:18:57,556] {processor.py:163} INFO - Started process (PID=1887) to work on /home/airflow/.local/lib/python3.7/site-packages/airflow/example_dags/tutorial.py
[2022-08-09 08:18:57,559] {processor.py:642} INFO - Processing file /home/airflow/.local/lib/python3.7/site-packages/airflow/example_dags/tutorial.py for tasks to queue
[2022-08-09 08:18:57,560] {logging_mixin.py:109} INFO - [2022-08-09 08:18:57,560] {dagbag.py:500} INFO - Filling up the DagBag from /home/airflow/.local/lib/python3.7/site-packages/airflow/example_dags/tutorial.py
[2022-08-09 08:18:57,592] {processor.py:654} INFO - DAG(s) dict_keys(['tutorial']) retrieved from /home/airflow/.local/lib/python3.7/site-packages/airflow/example_dags/tutorial.py
[2022-08-09 08:18:57,603] {logging_mixin.py:109} INFO - [2022-08-09 08:18:57,603] {dag.py:2396} INFO - Sync 1 DAGs
[2022-08-09 08:18:57,619] {logging_mixin.py:109} INFO - [2022-08-09 08:18:57,619] {dag.py:2935} INFO - Setting next_dagrun for tutorial to 2022-08-08T08:18:57.618877+00:00
[2022-08-09 08:18:57,729] {processor.py:171} INFO - Processing /home/airflow/.local/lib/python3.7/site-packages/airflow/example_dags/tutorial.py took 0.176 seconds
[2022-08-09 08:19:28,125] {processor.py:163} INFO - Started process (PID=1947) to work on /home/airflow/.local/lib/python3.7/site-packages/airflow/example_dags/tutorial.py
[2022-08-09 08:19:28,127] {processor.py:642} INFO - Processing file /home/airflow/.local/lib/python3.7/site-packages/airflow/example_dags/tutorial.py for tasks to queue
[2022-08-09 08:19:28,129] {logging_mixin.py:109} INFO - [2022-08-09 08:19:28,129] {dagbag.py:500} INFO - Filling up the DagBag from /home/airflow/.local/lib/python3.7/site-packages/airflow/example_dags/tutorial.py
[2022-08-09 08:19:28,164] {processor.py:654} INFO - DAG(s) dict_keys(['tutorial']) retrieved from /home/airflow/.local/lib/python3.7/site-packages/airflow/example_dags/tutorial.py
[2022-08-09 08:19:28,176] {logging_mixin.py:109} INFO - [2022-08-09 08:19:28,176] {dag.py:2396} INFO - Sync 1 DAGs
[2022-08-09 08:19:28,293] {logging_mixin.py:109} INFO - [2022-08-09 08:19:28,293] {dag.py:2935} INFO - Setting next_dagrun for tutorial to 2022-08-08T08:19:28.293324+00:00
[2022-08-09 08:19:28,307] {processor.py:171} INFO - Processing /home/airflow/.local/lib/python3.7/site-packages/airflow/example_dags/tutorial.py took 0.186 seconds
[2022-08-09 08:19:58,696] {processor.py:163} INFO - Started process (PID=2016) to work on /home/airflow/.local/lib/python3.7/site-packages/airflow/example_dags/tutorial.py
[2022-08-09 08:19:58,698] {processor.py:642} INFO - Processing file /home/airflow/.local/lib/python3.7/site-packages/airflow/example_dags/tutorial.py for tasks to queue
[2022-08-09 08:19:58,700] {logging_mixin.py:109} INFO - [2022-08-09 08:19:58,700] {dagbag.py:500} INFO - Filling up the DagBag from /home/airflow/.local/lib/python3.7/site-packages/airflow/example_dags/tutorial.py
[2022-08-09 08:19:58,736] {processor.py:654} INFO - DAG(s) dict_keys(['tutorial']) retrieved from /home/airflow/.local/lib/python3.7/site-packages/airflow/example_dags/tutorial.py
[2022-08-09 08:19:58,748] {logging_mixin.py:109} INFO - [2022-08-09 08:19:58,747] {dag.py:2396} INFO - Sync 1 DAGs
[2022-08-09 08:19:58,848] {logging_mixin.py:109} INFO - [2022-08-09 08:19:58,848] {dag.py:2935} INFO - Setting next_dagrun for tutorial to 2022-08-08T08:19:58.848234+00:00
[2022-08-09 08:19:58,860] {processor.py:171} INFO - Processing /home/airflow/.local/lib/python3.7/site-packages/airflow/example_dags/tutorial.py took 0.168 seconds
[2022-08-09 08:20:29,442] {processor.py:163} INFO - Started process (PID=2076) to work on /home/airflow/.local/lib/python3.7/site-packages/airflow/example_dags/tutorial.py
[2022-08-09 08:20:29,447] {processor.py:642} INFO - Processing file /home/airflow/.local/lib/python3.7/site-packages/airflow/example_dags/tutorial.py for tasks to queue
[2022-08-09 08:20:29,449] {logging_mixin.py:109} INFO - [2022-08-09 08:20:29,449] {dagbag.py:500} INFO - Filling up the DagBag from /home/airflow/.local/lib/python3.7/site-packages/airflow/example_dags/tutorial.py
[2022-08-09 08:20:29,488] {processor.py:654} INFO - DAG(s) dict_keys(['tutorial']) retrieved from /home/airflow/.local/lib/python3.7/site-packages/airflow/example_dags/tutorial.py
[2022-08-09 08:20:29,605] {logging_mixin.py:109} INFO - [2022-08-09 08:20:29,605] {dag.py:2396} INFO - Sync 1 DAGs
[2022-08-09 08:20:29,625] {logging_mixin.py:109} INFO - [2022-08-09 08:20:29,625] {dag.py:2935} INFO - Setting next_dagrun for tutorial to 2022-08-08T08:20:29.625514+00:00
[2022-08-09 08:20:29,637] {processor.py:171} INFO - Processing /home/airflow/.local/lib/python3.7/site-packages/airflow/example_dags/tutorial.py took 0.201 seconds
[2022-08-09 08:20:59,767] {processor.py:163} INFO - Started process (PID=2145) to work on /home/airflow/.local/lib/python3.7/site-packages/airflow/example_dags/tutorial.py
[2022-08-09 08:20:59,770] {processor.py:642} INFO - Processing file /home/airflow/.local/lib/python3.7/site-packages/airflow/example_dags/tutorial.py for tasks to queue
[2022-08-09 08:20:59,771] {logging_mixin.py:109} INFO - [2022-08-09 08:20:59,771] {dagbag.py:500} INFO - Filling up the DagBag from /home/airflow/.local/lib/python3.7/site-packages/airflow/example_dags/tutorial.py
[2022-08-09 08:20:59,906] {processor.py:654} INFO - DAG(s) dict_keys(['tutorial']) retrieved from /home/airflow/.local/lib/python3.7/site-packages/airflow/example_dags/tutorial.py
[2022-08-09 08:20:59,917] {logging_mixin.py:109} INFO - [2022-08-09 08:20:59,917] {dag.py:2396} INFO - Sync 1 DAGs
[2022-08-09 08:20:59,933] {logging_mixin.py:109} INFO - [2022-08-09 08:20:59,933] {dag.py:2935} INFO - Setting next_dagrun for tutorial to 2022-08-08T08:20:59.933364+00:00
[2022-08-09 08:20:59,945] {processor.py:171} INFO - Processing /home/airflow/.local/lib/python3.7/site-packages/airflow/example_dags/tutorial.py took 0.181 seconds
[2022-08-09 08:21:30,431] {processor.py:163} INFO - Started process (PID=2206) to work on /home/airflow/.local/lib/python3.7/site-packages/airflow/example_dags/tutorial.py
[2022-08-09 08:21:30,434] {processor.py:642} INFO - Processing file /home/airflow/.local/lib/python3.7/site-packages/airflow/example_dags/tutorial.py for tasks to queue
[2022-08-09 08:21:30,435] {logging_mixin.py:109} INFO - [2022-08-09 08:21:30,435] {dagbag.py:500} INFO - Filling up the DagBag from /home/airflow/.local/lib/python3.7/site-packages/airflow/example_dags/tutorial.py
[2022-08-09 08:21:30,558] {processor.py:654} INFO - DAG(s) dict_keys(['tutorial']) retrieved from /home/airflow/.local/lib/python3.7/site-packages/airflow/example_dags/tutorial.py
[2022-08-09 08:21:30,567] {logging_mixin.py:109} INFO - [2022-08-09 08:21:30,567] {dag.py:2396} INFO - Sync 1 DAGs
[2022-08-09 08:21:30,582] {logging_mixin.py:109} INFO - [2022-08-09 08:21:30,582] {dag.py:2935} INFO - Setting next_dagrun for tutorial to 2022-08-08T08:21:30.582138+00:00
[2022-08-09 08:21:30,593] {processor.py:171} INFO - Processing /home/airflow/.local/lib/python3.7/site-packages/airflow/example_dags/tutorial.py took 0.165 seconds
[2022-08-09 08:22:00,991] {processor.py:163} INFO - Started process (PID=2274) to work on /home/airflow/.local/lib/python3.7/site-packages/airflow/example_dags/tutorial.py
[2022-08-09 08:22:00,994] {processor.py:642} INFO - Processing file /home/airflow/.local/lib/python3.7/site-packages/airflow/example_dags/tutorial.py for tasks to queue
[2022-08-09 08:22:00,995] {logging_mixin.py:109} INFO - [2022-08-09 08:22:00,995] {dagbag.py:500} INFO - Filling up the DagBag from /home/airflow/.local/lib/python3.7/site-packages/airflow/example_dags/tutorial.py
[2022-08-09 08:22:01,112] {processor.py:654} INFO - DAG(s) dict_keys(['tutorial']) retrieved from /home/airflow/.local/lib/python3.7/site-packages/airflow/example_dags/tutorial.py
[2022-08-09 08:22:01,123] {logging_mixin.py:109} INFO - [2022-08-09 08:22:01,123] {dag.py:2396} INFO - Sync 1 DAGs
[2022-08-09 08:22:01,142] {logging_mixin.py:109} INFO - [2022-08-09 08:22:01,141] {dag.py:2935} INFO - Setting next_dagrun for tutorial to 2022-08-08T08:22:01.141684+00:00
[2022-08-09 08:22:01,163] {processor.py:171} INFO - Processing /home/airflow/.local/lib/python3.7/site-packages/airflow/example_dags/tutorial.py took 0.176 seconds
[2022-08-09 08:22:31,776] {processor.py:163} INFO - Started process (PID=2335) to work on /home/airflow/.local/lib/python3.7/site-packages/airflow/example_dags/tutorial.py
[2022-08-09 08:22:31,779] {processor.py:642} INFO - Processing file /home/airflow/.local/lib/python3.7/site-packages/airflow/example_dags/tutorial.py for tasks to queue
[2022-08-09 08:22:31,780] {logging_mixin.py:109} INFO - [2022-08-09 08:22:31,780] {dagbag.py:500} INFO - Filling up the DagBag from /home/airflow/.local/lib/python3.7/site-packages/airflow/example_dags/tutorial.py
[2022-08-09 08:22:31,904] {processor.py:654} INFO - DAG(s) dict_keys(['tutorial']) retrieved from /home/airflow/.local/lib/python3.7/site-packages/airflow/example_dags/tutorial.py
[2022-08-09 08:22:31,922] {logging_mixin.py:109} INFO - [2022-08-09 08:22:31,922] {dag.py:2396} INFO - Sync 1 DAGs
[2022-08-09 08:22:31,936] {logging_mixin.py:109} INFO - [2022-08-09 08:22:31,936] {dag.py:2935} INFO - Setting next_dagrun for tutorial to 2022-08-08T08:22:31.936147+00:00
[2022-08-09 08:22:31,946] {processor.py:171} INFO - Processing /home/airflow/.local/lib/python3.7/site-packages/airflow/example_dags/tutorial.py took 0.173 seconds
[2022-08-09 08:23:02,341] {processor.py:163} INFO - Started process (PID=2403) to work on /home/airflow/.local/lib/python3.7/site-packages/airflow/example_dags/tutorial.py
[2022-08-09 08:23:02,343] {processor.py:642} INFO - Processing file /home/airflow/.local/lib/python3.7/site-packages/airflow/example_dags/tutorial.py for tasks to queue
[2022-08-09 08:23:02,345] {logging_mixin.py:109} INFO - [2022-08-09 08:23:02,345] {dagbag.py:500} INFO - Filling up the DagBag from /home/airflow/.local/lib/python3.7/site-packages/airflow/example_dags/tutorial.py
[2022-08-09 08:23:02,382] {processor.py:654} INFO - DAG(s) dict_keys(['tutorial']) retrieved from /home/airflow/.local/lib/python3.7/site-packages/airflow/example_dags/tutorial.py
[2022-08-09 08:23:02,394] {logging_mixin.py:109} INFO - [2022-08-09 08:23:02,393] {dag.py:2396} INFO - Sync 1 DAGs
[2022-08-09 08:23:02,411] {logging_mixin.py:109} INFO - [2022-08-09 08:23:02,411] {dag.py:2935} INFO - Setting next_dagrun for tutorial to 2022-08-08T08:23:02.411087+00:00
[2022-08-09 08:23:02,424] {processor.py:171} INFO - Processing /home/airflow/.local/lib/python3.7/site-packages/airflow/example_dags/tutorial.py took 0.086 seconds
[2022-08-09 08:23:32,782] {processor.py:163} INFO - Started process (PID=2466) to work on /home/airflow/.local/lib/python3.7/site-packages/airflow/example_dags/tutorial.py
[2022-08-09 08:23:32,784] {processor.py:642} INFO - Processing file /home/airflow/.local/lib/python3.7/site-packages/airflow/example_dags/tutorial.py for tasks to queue
[2022-08-09 08:23:32,786] {logging_mixin.py:109} INFO - [2022-08-09 08:23:32,786] {dagbag.py:500} INFO - Filling up the DagBag from /home/airflow/.local/lib/python3.7/site-packages/airflow/example_dags/tutorial.py
[2022-08-09 08:23:32,822] {processor.py:654} INFO - DAG(s) dict_keys(['tutorial']) retrieved from /home/airflow/.local/lib/python3.7/site-packages/airflow/example_dags/tutorial.py
[2022-08-09 08:23:32,833] {logging_mixin.py:109} INFO - [2022-08-09 08:23:32,833] {dag.py:2396} INFO - Sync 1 DAGs
[2022-08-09 08:23:32,852] {logging_mixin.py:109} INFO - [2022-08-09 08:23:32,852] {dag.py:2935} INFO - Setting next_dagrun for tutorial to 2022-08-08T08:23:32.851927+00:00
[2022-08-09 08:23:32,864] {processor.py:171} INFO - Processing /home/airflow/.local/lib/python3.7/site-packages/airflow/example_dags/tutorial.py took 0.086 seconds
[2022-08-09 08:24:03,125] {processor.py:163} INFO - Started process (PID=2526) to work on /home/airflow/.local/lib/python3.7/site-packages/airflow/example_dags/tutorial.py
[2022-08-09 08:24:03,127] {processor.py:642} INFO - Processing file /home/airflow/.local/lib/python3.7/site-packages/airflow/example_dags/tutorial.py for tasks to queue
[2022-08-09 08:24:03,129] {logging_mixin.py:109} INFO - [2022-08-09 08:24:03,129] {dagbag.py:500} INFO - Filling up the DagBag from /home/airflow/.local/lib/python3.7/site-packages/airflow/example_dags/tutorial.py
[2022-08-09 08:24:03,164] {processor.py:654} INFO - DAG(s) dict_keys(['tutorial']) retrieved from /home/airflow/.local/lib/python3.7/site-packages/airflow/example_dags/tutorial.py
[2022-08-09 08:24:03,174] {logging_mixin.py:109} INFO - [2022-08-09 08:24:03,174] {dag.py:2396} INFO - Sync 1 DAGs
[2022-08-09 08:24:03,190] {logging_mixin.py:109} INFO - [2022-08-09 08:24:03,190] {dag.py:2935} INFO - Setting next_dagrun for tutorial to 2022-08-08T08:24:03.190215+00:00
[2022-08-09 08:24:03,201] {processor.py:171} INFO - Processing /home/airflow/.local/lib/python3.7/site-packages/airflow/example_dags/tutorial.py took 0.080 seconds
[2022-08-09 08:24:33,542] {processor.py:163} INFO - Started process (PID=2597) to work on /home/airflow/.local/lib/python3.7/site-packages/airflow/example_dags/tutorial.py
[2022-08-09 08:24:33,546] {processor.py:642} INFO - Processing file /home/airflow/.local/lib/python3.7/site-packages/airflow/example_dags/tutorial.py for tasks to queue
[2022-08-09 08:24:33,551] {logging_mixin.py:109} INFO - [2022-08-09 08:24:33,551] {dagbag.py:500} INFO - Filling up the DagBag from /home/airflow/.local/lib/python3.7/site-packages/airflow/example_dags/tutorial.py
[2022-08-09 08:24:33,593] {processor.py:654} INFO - DAG(s) dict_keys(['tutorial']) retrieved from /home/airflow/.local/lib/python3.7/site-packages/airflow/example_dags/tutorial.py
[2022-08-09 08:24:33,608] {logging_mixin.py:109} INFO - [2022-08-09 08:24:33,608] {dag.py:2396} INFO - Sync 1 DAGs
[2022-08-09 08:24:33,625] {logging_mixin.py:109} INFO - [2022-08-09 08:24:33,625] {dag.py:2935} INFO - Setting next_dagrun for tutorial to 2022-08-08T08:24:33.625328+00:00
[2022-08-09 08:24:33,640] {processor.py:171} INFO - Processing /home/airflow/.local/lib/python3.7/site-packages/airflow/example_dags/tutorial.py took 0.102 seconds
[2022-08-09 08:25:04,522] {processor.py:163} INFO - Started process (PID=2657) to work on /home/airflow/.local/lib/python3.7/site-packages/airflow/example_dags/tutorial.py
[2022-08-09 08:25:04,526] {processor.py:642} INFO - Processing file /home/airflow/.local/lib/python3.7/site-packages/airflow/example_dags/tutorial.py for tasks to queue
[2022-08-09 08:25:04,527] {logging_mixin.py:109} INFO - [2022-08-09 08:25:04,527] {dagbag.py:500} INFO - Filling up the DagBag from /home/airflow/.local/lib/python3.7/site-packages/airflow/example_dags/tutorial.py
[2022-08-09 08:25:04,558] {processor.py:654} INFO - DAG(s) dict_keys(['tutorial']) retrieved from /home/airflow/.local/lib/python3.7/site-packages/airflow/example_dags/tutorial.py
[2022-08-09 08:25:04,569] {logging_mixin.py:109} INFO - [2022-08-09 08:25:04,569] {dag.py:2396} INFO - Sync 1 DAGs
[2022-08-09 08:25:04,586] {logging_mixin.py:109} INFO - [2022-08-09 08:25:04,586] {dag.py:2935} INFO - Setting next_dagrun for tutorial to 2022-08-08T08:25:04.585710+00:00
[2022-08-09 08:25:04,597] {processor.py:171} INFO - Processing /home/airflow/.local/lib/python3.7/site-packages/airflow/example_dags/tutorial.py took 0.078 seconds
[2022-08-09 08:25:34,933] {processor.py:163} INFO - Started process (PID=2726) to work on /home/airflow/.local/lib/python3.7/site-packages/airflow/example_dags/tutorial.py
[2022-08-09 08:25:34,935] {processor.py:642} INFO - Processing file /home/airflow/.local/lib/python3.7/site-packages/airflow/example_dags/tutorial.py for tasks to queue
[2022-08-09 08:25:34,936] {logging_mixin.py:109} INFO - [2022-08-09 08:25:34,936] {dagbag.py:500} INFO - Filling up the DagBag from /home/airflow/.local/lib/python3.7/site-packages/airflow/example_dags/tutorial.py
[2022-08-09 08:25:34,969] {processor.py:654} INFO - DAG(s) dict_keys(['tutorial']) retrieved from /home/airflow/.local/lib/python3.7/site-packages/airflow/example_dags/tutorial.py
[2022-08-09 08:25:34,979] {logging_mixin.py:109} INFO - [2022-08-09 08:25:34,979] {dag.py:2396} INFO - Sync 1 DAGs
[2022-08-09 08:25:34,995] {logging_mixin.py:109} INFO - [2022-08-09 08:25:34,995] {dag.py:2935} INFO - Setting next_dagrun for tutorial to 2022-08-08T08:25:34.995281+00:00
[2022-08-09 08:25:35,005] {processor.py:171} INFO - Processing /home/airflow/.local/lib/python3.7/site-packages/airflow/example_dags/tutorial.py took 0.076 seconds
[2022-08-09 08:26:05,260] {processor.py:163} INFO - Started process (PID=2786) to work on /home/airflow/.local/lib/python3.7/site-packages/airflow/example_dags/tutorial.py
[2022-08-09 08:26:05,262] {processor.py:642} INFO - Processing file /home/airflow/.local/lib/python3.7/site-packages/airflow/example_dags/tutorial.py for tasks to queue
[2022-08-09 08:26:05,263] {logging_mixin.py:109} INFO - [2022-08-09 08:26:05,263] {dagbag.py:500} INFO - Filling up the DagBag from /home/airflow/.local/lib/python3.7/site-packages/airflow/example_dags/tutorial.py
[2022-08-09 08:26:05,300] {processor.py:654} INFO - DAG(s) dict_keys(['tutorial']) retrieved from /home/airflow/.local/lib/python3.7/site-packages/airflow/example_dags/tutorial.py
[2022-08-09 08:26:05,310] {logging_mixin.py:109} INFO - [2022-08-09 08:26:05,310] {dag.py:2396} INFO - Sync 1 DAGs
[2022-08-09 08:26:05,328] {logging_mixin.py:109} INFO - [2022-08-09 08:26:05,328] {dag.py:2935} INFO - Setting next_dagrun for tutorial to 2022-08-08T08:26:05.327804+00:00
[2022-08-09 08:26:05,341] {processor.py:171} INFO - Processing /home/airflow/.local/lib/python3.7/site-packages/airflow/example_dags/tutorial.py took 0.085 seconds
[2022-08-09 08:26:35,586] {processor.py:163} INFO - Started process (PID=2855) to work on /home/airflow/.local/lib/python3.7/site-packages/airflow/example_dags/tutorial.py
[2022-08-09 08:26:35,588] {processor.py:642} INFO - Processing file /home/airflow/.local/lib/python3.7/site-packages/airflow/example_dags/tutorial.py for tasks to queue
[2022-08-09 08:26:35,590] {logging_mixin.py:109} INFO - [2022-08-09 08:26:35,589] {dagbag.py:500} INFO - Filling up the DagBag from /home/airflow/.local/lib/python3.7/site-packages/airflow/example_dags/tutorial.py
[2022-08-09 08:26:35,631] {processor.py:654} INFO - DAG(s) dict_keys(['tutorial']) retrieved from /home/airflow/.local/lib/python3.7/site-packages/airflow/example_dags/tutorial.py
[2022-08-09 08:26:35,643] {logging_mixin.py:109} INFO - [2022-08-09 08:26:35,642] {dag.py:2396} INFO - Sync 1 DAGs
[2022-08-09 08:26:35,659] {logging_mixin.py:109} INFO - [2022-08-09 08:26:35,659] {dag.py:2935} INFO - Setting next_dagrun for tutorial to 2022-08-08T08:26:35.658384+00:00
[2022-08-09 08:26:35,672] {processor.py:171} INFO - Processing /home/airflow/.local/lib/python3.7/site-packages/airflow/example_dags/tutorial.py took 0.089 seconds
[2022-08-09 08:27:06,286] {processor.py:163} INFO - Started process (PID=2916) to work on /home/airflow/.local/lib/python3.7/site-packages/airflow/example_dags/tutorial.py
[2022-08-09 08:27:06,288] {processor.py:642} INFO - Processing file /home/airflow/.local/lib/python3.7/site-packages/airflow/example_dags/tutorial.py for tasks to queue
[2022-08-09 08:27:06,290] {logging_mixin.py:109} INFO - [2022-08-09 08:27:06,290] {dagbag.py:500} INFO - Filling up the DagBag from /home/airflow/.local/lib/python3.7/site-packages/airflow/example_dags/tutorial.py
[2022-08-09 08:27:06,320] {processor.py:654} INFO - DAG(s) dict_keys(['tutorial']) retrieved from /home/airflow/.local/lib/python3.7/site-packages/airflow/example_dags/tutorial.py
[2022-08-09 08:27:06,330] {logging_mixin.py:109} INFO - [2022-08-09 08:27:06,330] {dag.py:2396} INFO - Sync 1 DAGs
[2022-08-09 08:27:06,345] {logging_mixin.py:109} INFO - [2022-08-09 08:27:06,345] {dag.py:2935} INFO - Setting next_dagrun for tutorial to 2022-08-08T08:27:06.344801+00:00
[2022-08-09 08:27:06,355] {processor.py:171} INFO - Processing /home/airflow/.local/lib/python3.7/site-packages/airflow/example_dags/tutorial.py took 0.073 seconds
[2022-08-09 08:27:36,468] {processor.py:163} INFO - Started process (PID=2986) to work on /home/airflow/.local/lib/python3.7/site-packages/airflow/example_dags/tutorial.py
[2022-08-09 08:27:36,470] {processor.py:642} INFO - Processing file /home/airflow/.local/lib/python3.7/site-packages/airflow/example_dags/tutorial.py for tasks to queue
[2022-08-09 08:27:36,472] {logging_mixin.py:109} INFO - [2022-08-09 08:27:36,472] {dagbag.py:500} INFO - Filling up the DagBag from /home/airflow/.local/lib/python3.7/site-packages/airflow/example_dags/tutorial.py
[2022-08-09 08:27:36,511] {processor.py:654} INFO - DAG(s) dict_keys(['tutorial']) retrieved from /home/airflow/.local/lib/python3.7/site-packages/airflow/example_dags/tutorial.py
[2022-08-09 08:27:36,522] {logging_mixin.py:109} INFO - [2022-08-09 08:27:36,522] {dag.py:2396} INFO - Sync 1 DAGs
[2022-08-09 08:27:36,540] {logging_mixin.py:109} INFO - [2022-08-09 08:27:36,540] {dag.py:2935} INFO - Setting next_dagrun for tutorial to 2022-08-08T08:27:36.539992+00:00
[2022-08-09 08:27:36,556] {processor.py:171} INFO - Processing /home/airflow/.local/lib/python3.7/site-packages/airflow/example_dags/tutorial.py took 0.091 seconds
[2022-08-09 08:28:06,828] {processor.py:163} INFO - Started process (PID=3046) to work on /home/airflow/.local/lib/python3.7/site-packages/airflow/example_dags/tutorial.py
[2022-08-09 08:28:06,829] {processor.py:642} INFO - Processing file /home/airflow/.local/lib/python3.7/site-packages/airflow/example_dags/tutorial.py for tasks to queue
[2022-08-09 08:28:06,831] {logging_mixin.py:109} INFO - [2022-08-09 08:28:06,830] {dagbag.py:500} INFO - Filling up the DagBag from /home/airflow/.local/lib/python3.7/site-packages/airflow/example_dags/tutorial.py
[2022-08-09 08:28:06,861] {processor.py:654} INFO - DAG(s) dict_keys(['tutorial']) retrieved from /home/airflow/.local/lib/python3.7/site-packages/airflow/example_dags/tutorial.py
[2022-08-09 08:28:06,871] {logging_mixin.py:109} INFO - [2022-08-09 08:28:06,871] {dag.py:2396} INFO - Sync 1 DAGs
[2022-08-09 08:28:06,887] {logging_mixin.py:109} INFO - [2022-08-09 08:28:06,887] {dag.py:2935} INFO - Setting next_dagrun for tutorial to 2022-08-08T08:28:06.887324+00:00
[2022-08-09 08:28:06,899] {processor.py:171} INFO - Processing /home/airflow/.local/lib/python3.7/site-packages/airflow/example_dags/tutorial.py took 0.075 seconds
[2022-08-09 08:28:37,510] {processor.py:163} INFO - Started process (PID=3115) to work on /home/airflow/.local/lib/python3.7/site-packages/airflow/example_dags/tutorial.py
[2022-08-09 08:28:37,512] {processor.py:642} INFO - Processing file /home/airflow/.local/lib/python3.7/site-packages/airflow/example_dags/tutorial.py for tasks to queue
[2022-08-09 08:28:37,513] {logging_mixin.py:109} INFO - [2022-08-09 08:28:37,513] {dagbag.py:500} INFO - Filling up the DagBag from /home/airflow/.local/lib/python3.7/site-packages/airflow/example_dags/tutorial.py
[2022-08-09 08:28:37,553] {processor.py:654} INFO - DAG(s) dict_keys(['tutorial']) retrieved from /home/airflow/.local/lib/python3.7/site-packages/airflow/example_dags/tutorial.py
[2022-08-09 08:28:37,574] {logging_mixin.py:109} INFO - [2022-08-09 08:28:37,574] {dag.py:2396} INFO - Sync 1 DAGs
[2022-08-09 08:28:37,594] {logging_mixin.py:109} INFO - [2022-08-09 08:28:37,594] {dag.py:2935} INFO - Setting next_dagrun for tutorial to 2022-08-08T08:28:37.593841+00:00
[2022-08-09 08:28:37,607] {processor.py:171} INFO - Processing /home/airflow/.local/lib/python3.7/site-packages/airflow/example_dags/tutorial.py took 0.101 seconds
[2022-08-09 08:29:08,016] {processor.py:163} INFO - Started process (PID=3175) to work on /home/airflow/.local/lib/python3.7/site-packages/airflow/example_dags/tutorial.py
[2022-08-09 08:29:08,019] {processor.py:642} INFO - Processing file /home/airflow/.local/lib/python3.7/site-packages/airflow/example_dags/tutorial.py for tasks to queue
[2022-08-09 08:29:08,021] {logging_mixin.py:109} INFO - [2022-08-09 08:29:08,020] {dagbag.py:500} INFO - Filling up the DagBag from /home/airflow/.local/lib/python3.7/site-packages/airflow/example_dags/tutorial.py
[2022-08-09 08:29:08,054] {processor.py:654} INFO - DAG(s) dict_keys(['tutorial']) retrieved from /home/airflow/.local/lib/python3.7/site-packages/airflow/example_dags/tutorial.py
[2022-08-09 08:29:08,067] {logging_mixin.py:109} INFO - [2022-08-09 08:29:08,066] {dag.py:2396} INFO - Sync 1 DAGs
[2022-08-09 08:29:08,084] {logging_mixin.py:109} INFO - [2022-08-09 08:29:08,084] {dag.py:2935} INFO - Setting next_dagrun for tutorial to 2022-08-08T08:29:08.084574+00:00
[2022-08-09 08:29:08,096] {processor.py:171} INFO - Processing /home/airflow/.local/lib/python3.7/site-packages/airflow/example_dags/tutorial.py took 0.084 seconds
[2022-08-09 08:29:38,454] {processor.py:163} INFO - Started process (PID=3235) to work on /home/airflow/.local/lib/python3.7/site-packages/airflow/example_dags/tutorial.py
[2022-08-09 08:29:38,456] {processor.py:642} INFO - Processing file /home/airflow/.local/lib/python3.7/site-packages/airflow/example_dags/tutorial.py for tasks to queue
[2022-08-09 08:29:38,458] {logging_mixin.py:109} INFO - [2022-08-09 08:29:38,458] {dagbag.py:500} INFO - Filling up the DagBag from /home/airflow/.local/lib/python3.7/site-packages/airflow/example_dags/tutorial.py
[2022-08-09 08:29:38,493] {processor.py:654} INFO - DAG(s) dict_keys(['tutorial']) retrieved from /home/airflow/.local/lib/python3.7/site-packages/airflow/example_dags/tutorial.py
[2022-08-09 08:29:38,503] {logging_mixin.py:109} INFO - [2022-08-09 08:29:38,503] {dag.py:2396} INFO - Sync 1 DAGs
[2022-08-09 08:29:38,519] {logging_mixin.py:109} INFO - [2022-08-09 08:29:38,519] {dag.py:2935} INFO - Setting next_dagrun for tutorial to 2022-08-08T08:29:38.519235+00:00
[2022-08-09 08:29:38,530] {processor.py:171} INFO - Processing /home/airflow/.local/lib/python3.7/site-packages/airflow/example_dags/tutorial.py took 0.081 seconds
[2022-08-09 08:30:08,954] {processor.py:163} INFO - Started process (PID=3304) to work on /home/airflow/.local/lib/python3.7/site-packages/airflow/example_dags/tutorial.py
[2022-08-09 08:30:08,957] {processor.py:642} INFO - Processing file /home/airflow/.local/lib/python3.7/site-packages/airflow/example_dags/tutorial.py for tasks to queue
[2022-08-09 08:30:08,958] {logging_mixin.py:109} INFO - [2022-08-09 08:30:08,958] {dagbag.py:500} INFO - Filling up the DagBag from /home/airflow/.local/lib/python3.7/site-packages/airflow/example_dags/tutorial.py
[2022-08-09 08:30:09,007] {processor.py:654} INFO - DAG(s) dict_keys(['tutorial']) retrieved from /home/airflow/.local/lib/python3.7/site-packages/airflow/example_dags/tutorial.py
[2022-08-09 08:30:09,023] {logging_mixin.py:109} INFO - [2022-08-09 08:30:09,022] {dag.py:2396} INFO - Sync 1 DAGs
[2022-08-09 08:30:09,068] {logging_mixin.py:109} INFO - [2022-08-09 08:30:09,068] {dag.py:2935} INFO - Setting next_dagrun for tutorial to 2022-08-08T08:30:09.067796+00:00
[2022-08-09 08:30:09,087] {processor.py:171} INFO - Processing /home/airflow/.local/lib/python3.7/site-packages/airflow/example_dags/tutorial.py took 0.139 seconds
[2022-08-09 08:30:39,316] {processor.py:163} INFO - Started process (PID=3364) to work on /home/airflow/.local/lib/python3.7/site-packages/airflow/example_dags/tutorial.py
[2022-08-09 08:30:39,317] {processor.py:642} INFO - Processing file /home/airflow/.local/lib/python3.7/site-packages/airflow/example_dags/tutorial.py for tasks to queue
[2022-08-09 08:30:39,319] {logging_mixin.py:109} INFO - [2022-08-09 08:30:39,319] {dagbag.py:500} INFO - Filling up the DagBag from /home/airflow/.local/lib/python3.7/site-packages/airflow/example_dags/tutorial.py
[2022-08-09 08:30:39,353] {processor.py:654} INFO - DAG(s) dict_keys(['tutorial']) retrieved from /home/airflow/.local/lib/python3.7/site-packages/airflow/example_dags/tutorial.py
[2022-08-09 08:30:39,368] {logging_mixin.py:109} INFO - [2022-08-09 08:30:39,368] {dag.py:2396} INFO - Sync 1 DAGs
[2022-08-09 08:30:39,387] {logging_mixin.py:109} INFO - [2022-08-09 08:30:39,387] {dag.py:2935} INFO - Setting next_dagrun for tutorial to 2022-08-08T08:30:39.386721+00:00
[2022-08-09 08:30:39,400] {processor.py:171} INFO - Processing /home/airflow/.local/lib/python3.7/site-packages/airflow/example_dags/tutorial.py took 0.088 seconds
[2022-08-09 08:31:09,616] {processor.py:163} INFO - Started process (PID=3433) to work on /home/airflow/.local/lib/python3.7/site-packages/airflow/example_dags/tutorial.py
[2022-08-09 08:31:09,618] {processor.py:642} INFO - Processing file /home/airflow/.local/lib/python3.7/site-packages/airflow/example_dags/tutorial.py for tasks to queue
[2022-08-09 08:31:09,619] {logging_mixin.py:109} INFO - [2022-08-09 08:31:09,619] {dagbag.py:500} INFO - Filling up the DagBag from /home/airflow/.local/lib/python3.7/site-packages/airflow/example_dags/tutorial.py
[2022-08-09 08:31:09,652] {processor.py:654} INFO - DAG(s) dict_keys(['tutorial']) retrieved from /home/airflow/.local/lib/python3.7/site-packages/airflow/example_dags/tutorial.py
[2022-08-09 08:31:09,663] {logging_mixin.py:109} INFO - [2022-08-09 08:31:09,663] {dag.py:2396} INFO - Sync 1 DAGs
[2022-08-09 08:31:09,681] {logging_mixin.py:109} INFO - [2022-08-09 08:31:09,681] {dag.py:2935} INFO - Setting next_dagrun for tutorial to 2022-08-08T08:31:09.681238+00:00
[2022-08-09 08:31:09,695] {processor.py:171} INFO - Processing /home/airflow/.local/lib/python3.7/site-packages/airflow/example_dags/tutorial.py took 0.083 seconds
[2022-08-09 08:31:39,921] {processor.py:163} INFO - Started process (PID=3493) to work on /home/airflow/.local/lib/python3.7/site-packages/airflow/example_dags/tutorial.py
[2022-08-09 08:31:39,924] {processor.py:642} INFO - Processing file /home/airflow/.local/lib/python3.7/site-packages/airflow/example_dags/tutorial.py for tasks to queue
[2022-08-09 08:31:39,926] {logging_mixin.py:109} INFO - [2022-08-09 08:31:39,926] {dagbag.py:500} INFO - Filling up the DagBag from /home/airflow/.local/lib/python3.7/site-packages/airflow/example_dags/tutorial.py
[2022-08-09 08:31:39,963] {processor.py:654} INFO - DAG(s) dict_keys(['tutorial']) retrieved from /home/airflow/.local/lib/python3.7/site-packages/airflow/example_dags/tutorial.py
[2022-08-09 08:31:39,977] {logging_mixin.py:109} INFO - [2022-08-09 08:31:39,977] {dag.py:2396} INFO - Sync 1 DAGs
[2022-08-09 08:31:39,997] {logging_mixin.py:109} INFO - [2022-08-09 08:31:39,997] {dag.py:2935} INFO - Setting next_dagrun for tutorial to 2022-08-08T08:31:39.997432+00:00
[2022-08-09 08:31:40,012] {processor.py:171} INFO - Processing /home/airflow/.local/lib/python3.7/site-packages/airflow/example_dags/tutorial.py took 0.097 seconds
[2022-08-09 08:32:11,176] {processor.py:163} INFO - Started process (PID=3565) to work on /home/airflow/.local/lib/python3.7/site-packages/airflow/example_dags/tutorial.py
[2022-08-09 08:32:11,178] {processor.py:642} INFO - Processing file /home/airflow/.local/lib/python3.7/site-packages/airflow/example_dags/tutorial.py for tasks to queue
[2022-08-09 08:32:11,179] {logging_mixin.py:109} INFO - [2022-08-09 08:32:11,179] {dagbag.py:500} INFO - Filling up the DagBag from /home/airflow/.local/lib/python3.7/site-packages/airflow/example_dags/tutorial.py
[2022-08-09 08:32:11,242] {processor.py:654} INFO - DAG(s) dict_keys(['tutorial']) retrieved from /home/airflow/.local/lib/python3.7/site-packages/airflow/example_dags/tutorial.py
[2022-08-09 08:32:11,253] {logging_mixin.py:109} INFO - [2022-08-09 08:32:11,252] {dag.py:2396} INFO - Sync 1 DAGs
[2022-08-09 08:32:11,274] {logging_mixin.py:109} INFO - [2022-08-09 08:32:11,274] {dag.py:2935} INFO - Setting next_dagrun for tutorial to 2022-08-08T08:32:11.273408+00:00
[2022-08-09 08:32:11,288] {processor.py:171} INFO - Processing /home/airflow/.local/lib/python3.7/site-packages/airflow/example_dags/tutorial.py took 0.118 seconds
[2022-08-09 08:32:42,314] {processor.py:163} INFO - Started process (PID=3627) to work on /home/airflow/.local/lib/python3.7/site-packages/airflow/example_dags/tutorial.py
[2022-08-09 08:32:42,317] {processor.py:642} INFO - Processing file /home/airflow/.local/lib/python3.7/site-packages/airflow/example_dags/tutorial.py for tasks to queue
[2022-08-09 08:32:42,320] {logging_mixin.py:109} INFO - [2022-08-09 08:32:42,319] {dagbag.py:500} INFO - Filling up the DagBag from /home/airflow/.local/lib/python3.7/site-packages/airflow/example_dags/tutorial.py
[2022-08-09 08:32:42,357] {processor.py:654} INFO - DAG(s) dict_keys(['tutorial']) retrieved from /home/airflow/.local/lib/python3.7/site-packages/airflow/example_dags/tutorial.py
[2022-08-09 08:32:42,371] {logging_mixin.py:109} INFO - [2022-08-09 08:32:42,371] {dag.py:2396} INFO - Sync 1 DAGs
[2022-08-09 08:32:42,390] {logging_mixin.py:109} INFO - [2022-08-09 08:32:42,390] {dag.py:2935} INFO - Setting next_dagrun for tutorial to 2022-08-08T08:32:42.390387+00:00
[2022-08-09 08:32:42,404] {processor.py:171} INFO - Processing /home/airflow/.local/lib/python3.7/site-packages/airflow/example_dags/tutorial.py took 0.096 seconds
[2022-08-09 08:33:13,167] {processor.py:163} INFO - Started process (PID=3696) to work on /home/airflow/.local/lib/python3.7/site-packages/airflow/example_dags/tutorial.py
[2022-08-09 08:33:13,175] {processor.py:642} INFO - Processing file /home/airflow/.local/lib/python3.7/site-packages/airflow/example_dags/tutorial.py for tasks to queue
[2022-08-09 08:33:13,177] {logging_mixin.py:109} INFO - [2022-08-09 08:33:13,176] {dagbag.py:500} INFO - Filling up the DagBag from /home/airflow/.local/lib/python3.7/site-packages/airflow/example_dags/tutorial.py
[2022-08-09 08:33:13,216] {processor.py:654} INFO - DAG(s) dict_keys(['tutorial']) retrieved from /home/airflow/.local/lib/python3.7/site-packages/airflow/example_dags/tutorial.py
[2022-08-09 08:33:13,229] {logging_mixin.py:109} INFO - [2022-08-09 08:33:13,229] {dag.py:2396} INFO - Sync 1 DAGs
[2022-08-09 08:33:13,258] {logging_mixin.py:109} INFO - [2022-08-09 08:33:13,257] {dag.py:2935} INFO - Setting next_dagrun for tutorial to 2022-08-08T08:33:13.257378+00:00
[2022-08-09 08:33:13,287] {processor.py:171} INFO - Processing /home/airflow/.local/lib/python3.7/site-packages/airflow/example_dags/tutorial.py took 0.124 seconds
[2022-08-09 08:33:43,478] {processor.py:163} INFO - Started process (PID=3758) to work on /home/airflow/.local/lib/python3.7/site-packages/airflow/example_dags/tutorial.py
[2022-08-09 08:33:43,480] {processor.py:642} INFO - Processing file /home/airflow/.local/lib/python3.7/site-packages/airflow/example_dags/tutorial.py for tasks to queue
[2022-08-09 08:33:43,482] {logging_mixin.py:109} INFO - [2022-08-09 08:33:43,482] {dagbag.py:500} INFO - Filling up the DagBag from /home/airflow/.local/lib/python3.7/site-packages/airflow/example_dags/tutorial.py
[2022-08-09 08:33:43,516] {processor.py:654} INFO - DAG(s) dict_keys(['tutorial']) retrieved from /home/airflow/.local/lib/python3.7/site-packages/airflow/example_dags/tutorial.py
[2022-08-09 08:33:43,526] {logging_mixin.py:109} INFO - [2022-08-09 08:33:43,526] {dag.py:2396} INFO - Sync 1 DAGs
[2022-08-09 08:33:43,543] {logging_mixin.py:109} INFO - [2022-08-09 08:33:43,543] {dag.py:2935} INFO - Setting next_dagrun for tutorial to 2022-08-08T08:33:43.542898+00:00
[2022-08-09 08:33:43,557] {processor.py:171} INFO - Processing /home/airflow/.local/lib/python3.7/site-packages/airflow/example_dags/tutorial.py took 0.083 seconds
[2022-08-09 08:34:13,847] {processor.py:163} INFO - Started process (PID=3827) to work on /home/airflow/.local/lib/python3.7/site-packages/airflow/example_dags/tutorial.py
[2022-08-09 08:34:13,849] {processor.py:642} INFO - Processing file /home/airflow/.local/lib/python3.7/site-packages/airflow/example_dags/tutorial.py for tasks to queue
[2022-08-09 08:34:13,851] {logging_mixin.py:109} INFO - [2022-08-09 08:34:13,851] {dagbag.py:500} INFO - Filling up the DagBag from /home/airflow/.local/lib/python3.7/site-packages/airflow/example_dags/tutorial.py
[2022-08-09 08:34:13,886] {processor.py:654} INFO - DAG(s) dict_keys(['tutorial']) retrieved from /home/airflow/.local/lib/python3.7/site-packages/airflow/example_dags/tutorial.py
[2022-08-09 08:34:13,898] {logging_mixin.py:109} INFO - [2022-08-09 08:34:13,897] {dag.py:2396} INFO - Sync 1 DAGs
[2022-08-09 08:34:13,914] {logging_mixin.py:109} INFO - [2022-08-09 08:34:13,914] {dag.py:2935} INFO - Setting next_dagrun for tutorial to 2022-08-08T08:34:13.914152+00:00
[2022-08-09 08:34:13,926] {processor.py:171} INFO - Processing /home/airflow/.local/lib/python3.7/site-packages/airflow/example_dags/tutorial.py took 0.083 seconds
[2022-08-09 08:34:44,302] {processor.py:163} INFO - Started process (PID=3887) to work on /home/airflow/.local/lib/python3.7/site-packages/airflow/example_dags/tutorial.py
[2022-08-09 08:34:44,305] {processor.py:642} INFO - Processing file /home/airflow/.local/lib/python3.7/site-packages/airflow/example_dags/tutorial.py for tasks to queue
[2022-08-09 08:34:44,308] {logging_mixin.py:109} INFO - [2022-08-09 08:34:44,308] {dagbag.py:500} INFO - Filling up the DagBag from /home/airflow/.local/lib/python3.7/site-packages/airflow/example_dags/tutorial.py
[2022-08-09 08:34:44,345] {processor.py:654} INFO - DAG(s) dict_keys(['tutorial']) retrieved from /home/airflow/.local/lib/python3.7/site-packages/airflow/example_dags/tutorial.py
[2022-08-09 08:34:44,357] {logging_mixin.py:109} INFO - [2022-08-09 08:34:44,357] {dag.py:2396} INFO - Sync 1 DAGs
[2022-08-09 08:34:44,373] {logging_mixin.py:109} INFO - [2022-08-09 08:34:44,373] {dag.py:2935} INFO - Setting next_dagrun for tutorial to 2022-08-08T08:34:44.372882+00:00
[2022-08-09 08:34:44,384] {processor.py:171} INFO - Processing /home/airflow/.local/lib/python3.7/site-packages/airflow/example_dags/tutorial.py took 0.089 seconds
[2022-08-09 08:35:14,534] {processor.py:163} INFO - Started process (PID=3955) to work on /home/airflow/.local/lib/python3.7/site-packages/airflow/example_dags/tutorial.py
[2022-08-09 08:35:14,536] {processor.py:642} INFO - Processing file /home/airflow/.local/lib/python3.7/site-packages/airflow/example_dags/tutorial.py for tasks to queue
[2022-08-09 08:35:14,538] {logging_mixin.py:109} INFO - [2022-08-09 08:35:14,538] {dagbag.py:500} INFO - Filling up the DagBag from /home/airflow/.local/lib/python3.7/site-packages/airflow/example_dags/tutorial.py
[2022-08-09 08:35:14,577] {processor.py:654} INFO - DAG(s) dict_keys(['tutorial']) retrieved from /home/airflow/.local/lib/python3.7/site-packages/airflow/example_dags/tutorial.py
[2022-08-09 08:35:14,588] {logging_mixin.py:109} INFO - [2022-08-09 08:35:14,587] {dag.py:2396} INFO - Sync 1 DAGs
[2022-08-09 08:35:14,604] {logging_mixin.py:109} INFO - [2022-08-09 08:35:14,604] {dag.py:2935} INFO - Setting next_dagrun for tutorial to 2022-08-08T08:35:14.603921+00:00
[2022-08-09 08:35:14,615] {processor.py:171} INFO - Processing /home/airflow/.local/lib/python3.7/site-packages/airflow/example_dags/tutorial.py took 0.085 seconds
[2022-08-09 08:35:45,809] {processor.py:163} INFO - Started process (PID=4016) to work on /home/airflow/.local/lib/python3.7/site-packages/airflow/example_dags/tutorial.py
[2022-08-09 08:35:45,812] {processor.py:642} INFO - Processing file /home/airflow/.local/lib/python3.7/site-packages/airflow/example_dags/tutorial.py for tasks to queue
[2022-08-09 08:35:45,815] {logging_mixin.py:109} INFO - [2022-08-09 08:35:45,815] {dagbag.py:500} INFO - Filling up the DagBag from /home/airflow/.local/lib/python3.7/site-packages/airflow/example_dags/tutorial.py
[2022-08-09 08:35:45,872] {processor.py:654} INFO - DAG(s) dict_keys(['tutorial']) retrieved from /home/airflow/.local/lib/python3.7/site-packages/airflow/example_dags/tutorial.py
[2022-08-09 08:35:45,890] {logging_mixin.py:109} INFO - [2022-08-09 08:35:45,889] {dag.py:2396} INFO - Sync 1 DAGs
[2022-08-09 08:35:45,915] {logging_mixin.py:109} INFO - [2022-08-09 08:35:45,915] {dag.py:2935} INFO - Setting next_dagrun for tutorial to 2022-08-08T08:35:45.915000+00:00
[2022-08-09 08:35:45,932] {processor.py:171} INFO - Processing /home/airflow/.local/lib/python3.7/site-packages/airflow/example_dags/tutorial.py took 0.130 seconds
[2022-08-09 08:36:16,373] {processor.py:163} INFO - Started process (PID=4076) to work on /home/airflow/.local/lib/python3.7/site-packages/airflow/example_dags/tutorial.py
[2022-08-09 08:36:16,377] {processor.py:642} INFO - Processing file /home/airflow/.local/lib/python3.7/site-packages/airflow/example_dags/tutorial.py for tasks to queue
[2022-08-09 08:36:16,380] {logging_mixin.py:109} INFO - [2022-08-09 08:36:16,380] {dagbag.py:500} INFO - Filling up the DagBag from /home/airflow/.local/lib/python3.7/site-packages/airflow/example_dags/tutorial.py
[2022-08-09 08:36:16,432] {processor.py:654} INFO - DAG(s) dict_keys(['tutorial']) retrieved from /home/airflow/.local/lib/python3.7/site-packages/airflow/example_dags/tutorial.py
[2022-08-09 08:36:16,449] {logging_mixin.py:109} INFO - [2022-08-09 08:36:16,449] {dag.py:2396} INFO - Sync 1 DAGs
[2022-08-09 08:36:16,474] {logging_mixin.py:109} INFO - [2022-08-09 08:36:16,474] {dag.py:2935} INFO - Setting next_dagrun for tutorial to 2022-08-08T08:36:16.474162+00:00
[2022-08-09 08:36:16,491] {processor.py:171} INFO - Processing /home/airflow/.local/lib/python3.7/site-packages/airflow/example_dags/tutorial.py took 0.124 seconds
[2022-08-09 08:36:46,746] {processor.py:163} INFO - Started process (PID=4136) to work on /home/airflow/.local/lib/python3.7/site-packages/airflow/example_dags/tutorial.py
[2022-08-09 08:36:46,765] {processor.py:642} INFO - Processing file /home/airflow/.local/lib/python3.7/site-packages/airflow/example_dags/tutorial.py for tasks to queue
[2022-08-09 08:36:46,768] {logging_mixin.py:109} INFO - [2022-08-09 08:36:46,768] {dagbag.py:500} INFO - Filling up the DagBag from /home/airflow/.local/lib/python3.7/site-packages/airflow/example_dags/tutorial.py
[2022-08-09 08:36:46,818] {processor.py:654} INFO - DAG(s) dict_keys(['tutorial']) retrieved from /home/airflow/.local/lib/python3.7/site-packages/airflow/example_dags/tutorial.py
[2022-08-09 08:36:46,835] {logging_mixin.py:109} INFO - [2022-08-09 08:36:46,834] {dag.py:2396} INFO - Sync 1 DAGs
[2022-08-09 08:36:46,860] {logging_mixin.py:109} INFO - [2022-08-09 08:36:46,860] {dag.py:2935} INFO - Setting next_dagrun for tutorial to 2022-08-08T08:36:46.860189+00:00
[2022-08-09 08:36:46,878] {processor.py:171} INFO - Processing /home/airflow/.local/lib/python3.7/site-packages/airflow/example_dags/tutorial.py took 0.138 seconds
