[2022-08-08 06:07:04,190] {processor.py:163} INFO - Started process (PID=70) to work on /home/airflow/.local/lib/python3.7/site-packages/airflow/example_dags/example_short_circuit_operator.py
[2022-08-08 06:07:04,197] {processor.py:642} INFO - Processing file /home/airflow/.local/lib/python3.7/site-packages/airflow/example_dags/example_short_circuit_operator.py for tasks to queue
[2022-08-08 06:07:04,209] {logging_mixin.py:109} INFO - [2022-08-08 06:07:04,208] {dagbag.py:500} INFO - Filling up the DagBag from /home/airflow/.local/lib/python3.7/site-packages/airflow/example_dags/example_short_circuit_operator.py
[2022-08-08 06:07:04,528] {processor.py:654} INFO - DAG(s) dict_keys(['example_short_circuit_operator']) retrieved from /home/airflow/.local/lib/python3.7/site-packages/airflow/example_dags/example_short_circuit_operator.py
[2022-08-08 06:07:04,637] {logging_mixin.py:109} INFO - [2022-08-08 06:07:04,637] {dag.py:2396} INFO - Sync 1 DAGs
[2022-08-08 06:07:04,779] {logging_mixin.py:109} INFO - [2022-08-08 06:07:04,779] {dag.py:2935} INFO - Setting next_dagrun for example_short_circuit_operator to 2022-08-07T06:07:04.779414+00:00
[2022-08-08 06:07:04,863] {processor.py:171} INFO - Processing /home/airflow/.local/lib/python3.7/site-packages/airflow/example_dags/example_short_circuit_operator.py took 0.679 seconds
[2022-08-08 06:07:37,113] {processor.py:163} INFO - Started process (PID=130) to work on /home/airflow/.local/lib/python3.7/site-packages/airflow/example_dags/example_short_circuit_operator.py
[2022-08-08 06:07:37,124] {processor.py:642} INFO - Processing file /home/airflow/.local/lib/python3.7/site-packages/airflow/example_dags/example_short_circuit_operator.py for tasks to queue
[2022-08-08 06:07:37,130] {logging_mixin.py:109} INFO - [2022-08-08 06:07:37,130] {dagbag.py:500} INFO - Filling up the DagBag from /home/airflow/.local/lib/python3.7/site-packages/airflow/example_dags/example_short_circuit_operator.py
[2022-08-08 06:07:37,756] {processor.py:654} INFO - DAG(s) dict_keys(['example_short_circuit_operator']) retrieved from /home/airflow/.local/lib/python3.7/site-packages/airflow/example_dags/example_short_circuit_operator.py
[2022-08-08 06:07:38,140] {logging_mixin.py:109} INFO - [2022-08-08 06:07:38,140] {dag.py:2396} INFO - Sync 1 DAGs
[2022-08-08 06:07:38,368] {logging_mixin.py:109} INFO - [2022-08-08 06:07:38,368] {dag.py:2935} INFO - Setting next_dagrun for example_short_circuit_operator to 2022-08-07T06:07:38.367719+00:00
[2022-08-08 06:07:38,542] {processor.py:171} INFO - Processing /home/airflow/.local/lib/python3.7/site-packages/airflow/example_dags/example_short_circuit_operator.py took 1.482 seconds
[2022-08-08 06:08:08,910] {processor.py:163} INFO - Started process (PID=190) to work on /home/airflow/.local/lib/python3.7/site-packages/airflow/example_dags/example_short_circuit_operator.py
[2022-08-08 06:08:08,916] {processor.py:642} INFO - Processing file /home/airflow/.local/lib/python3.7/site-packages/airflow/example_dags/example_short_circuit_operator.py for tasks to queue
[2022-08-08 06:08:08,920] {logging_mixin.py:109} INFO - [2022-08-08 06:08:08,919] {dagbag.py:500} INFO - Filling up the DagBag from /home/airflow/.local/lib/python3.7/site-packages/airflow/example_dags/example_short_circuit_operator.py
[2022-08-08 06:08:09,014] {processor.py:654} INFO - DAG(s) dict_keys(['example_short_circuit_operator']) retrieved from /home/airflow/.local/lib/python3.7/site-packages/airflow/example_dags/example_short_circuit_operator.py
[2022-08-08 06:08:09,034] {logging_mixin.py:109} INFO - [2022-08-08 06:08:09,034] {dag.py:2396} INFO - Sync 1 DAGs
[2022-08-08 06:08:09,070] {logging_mixin.py:109} INFO - [2022-08-08 06:08:09,070] {dag.py:2935} INFO - Setting next_dagrun for example_short_circuit_operator to 2022-08-07T06:08:09.069644+00:00
[2022-08-08 06:08:09,091] {processor.py:171} INFO - Processing /home/airflow/.local/lib/python3.7/site-packages/airflow/example_dags/example_short_circuit_operator.py took 0.190 seconds
[2022-08-08 06:08:40,035] {processor.py:163} INFO - Started process (PID=251) to work on /home/airflow/.local/lib/python3.7/site-packages/airflow/example_dags/example_short_circuit_operator.py
[2022-08-08 06:08:40,040] {processor.py:642} INFO - Processing file /home/airflow/.local/lib/python3.7/site-packages/airflow/example_dags/example_short_circuit_operator.py for tasks to queue
[2022-08-08 06:08:40,042] {logging_mixin.py:109} INFO - [2022-08-08 06:08:40,042] {dagbag.py:500} INFO - Filling up the DagBag from /home/airflow/.local/lib/python3.7/site-packages/airflow/example_dags/example_short_circuit_operator.py
[2022-08-08 06:08:40,074] {processor.py:654} INFO - DAG(s) dict_keys(['example_short_circuit_operator']) retrieved from /home/airflow/.local/lib/python3.7/site-packages/airflow/example_dags/example_short_circuit_operator.py
[2022-08-08 06:08:40,085] {logging_mixin.py:109} INFO - [2022-08-08 06:08:40,085] {dag.py:2396} INFO - Sync 1 DAGs
[2022-08-08 06:08:40,101] {logging_mixin.py:109} INFO - [2022-08-08 06:08:40,101] {dag.py:2935} INFO - Setting next_dagrun for example_short_circuit_operator to 2022-08-07T06:08:40.100981+00:00
[2022-08-08 06:08:40,112] {processor.py:171} INFO - Processing /home/airflow/.local/lib/python3.7/site-packages/airflow/example_dags/example_short_circuit_operator.py took 0.083 seconds
[2022-08-08 06:09:10,301] {processor.py:163} INFO - Started process (PID=320) to work on /home/airflow/.local/lib/python3.7/site-packages/airflow/example_dags/example_short_circuit_operator.py
[2022-08-08 06:09:10,304] {processor.py:642} INFO - Processing file /home/airflow/.local/lib/python3.7/site-packages/airflow/example_dags/example_short_circuit_operator.py for tasks to queue
[2022-08-08 06:09:10,307] {logging_mixin.py:109} INFO - [2022-08-08 06:09:10,306] {dagbag.py:500} INFO - Filling up the DagBag from /home/airflow/.local/lib/python3.7/site-packages/airflow/example_dags/example_short_circuit_operator.py
[2022-08-08 06:09:10,351] {processor.py:654} INFO - DAG(s) dict_keys(['example_short_circuit_operator']) retrieved from /home/airflow/.local/lib/python3.7/site-packages/airflow/example_dags/example_short_circuit_operator.py
[2022-08-08 06:09:10,364] {logging_mixin.py:109} INFO - [2022-08-08 06:09:10,364] {dag.py:2396} INFO - Sync 1 DAGs
[2022-08-08 06:09:10,404] {logging_mixin.py:109} INFO - [2022-08-08 06:09:10,404] {dag.py:2935} INFO - Setting next_dagrun for example_short_circuit_operator to 2022-08-07T06:09:10.404416+00:00
[2022-08-08 06:09:10,416] {processor.py:171} INFO - Processing /home/airflow/.local/lib/python3.7/site-packages/airflow/example_dags/example_short_circuit_operator.py took 0.119 seconds
[2022-08-08 06:09:40,572] {processor.py:163} INFO - Started process (PID=381) to work on /home/airflow/.local/lib/python3.7/site-packages/airflow/example_dags/example_short_circuit_operator.py
[2022-08-08 06:09:40,576] {processor.py:642} INFO - Processing file /home/airflow/.local/lib/python3.7/site-packages/airflow/example_dags/example_short_circuit_operator.py for tasks to queue
[2022-08-08 06:09:40,578] {logging_mixin.py:109} INFO - [2022-08-08 06:09:40,578] {dagbag.py:500} INFO - Filling up the DagBag from /home/airflow/.local/lib/python3.7/site-packages/airflow/example_dags/example_short_circuit_operator.py
[2022-08-08 06:09:40,614] {processor.py:654} INFO - DAG(s) dict_keys(['example_short_circuit_operator']) retrieved from /home/airflow/.local/lib/python3.7/site-packages/airflow/example_dags/example_short_circuit_operator.py
[2022-08-08 06:09:40,630] {logging_mixin.py:109} INFO - [2022-08-08 06:09:40,630] {dag.py:2396} INFO - Sync 1 DAGs
[2022-08-08 06:09:40,647] {logging_mixin.py:109} INFO - [2022-08-08 06:09:40,647] {dag.py:2935} INFO - Setting next_dagrun for example_short_circuit_operator to 2022-08-07T06:09:40.647512+00:00
[2022-08-08 06:09:40,659] {processor.py:171} INFO - Processing /home/airflow/.local/lib/python3.7/site-packages/airflow/example_dags/example_short_circuit_operator.py took 0.093 seconds
[2022-08-08 06:10:10,841] {processor.py:163} INFO - Started process (PID=441) to work on /home/airflow/.local/lib/python3.7/site-packages/airflow/example_dags/example_short_circuit_operator.py
[2022-08-08 06:10:10,844] {processor.py:642} INFO - Processing file /home/airflow/.local/lib/python3.7/site-packages/airflow/example_dags/example_short_circuit_operator.py for tasks to queue
[2022-08-08 06:10:10,846] {logging_mixin.py:109} INFO - [2022-08-08 06:10:10,845] {dagbag.py:500} INFO - Filling up the DagBag from /home/airflow/.local/lib/python3.7/site-packages/airflow/example_dags/example_short_circuit_operator.py
[2022-08-08 06:10:10,874] {processor.py:654} INFO - DAG(s) dict_keys(['example_short_circuit_operator']) retrieved from /home/airflow/.local/lib/python3.7/site-packages/airflow/example_dags/example_short_circuit_operator.py
[2022-08-08 06:10:10,885] {logging_mixin.py:109} INFO - [2022-08-08 06:10:10,885] {dag.py:2396} INFO - Sync 1 DAGs
[2022-08-08 06:10:10,902] {logging_mixin.py:109} INFO - [2022-08-08 06:10:10,902] {dag.py:2935} INFO - Setting next_dagrun for example_short_circuit_operator to 2022-08-07T06:10:10.902016+00:00
[2022-08-08 06:10:10,913] {processor.py:171} INFO - Processing /home/airflow/.local/lib/python3.7/site-packages/airflow/example_dags/example_short_circuit_operator.py took 0.077 seconds
[2022-08-08 06:10:41,326] {processor.py:163} INFO - Started process (PID=506) to work on /home/airflow/.local/lib/python3.7/site-packages/airflow/example_dags/example_short_circuit_operator.py
[2022-08-08 06:10:41,332] {processor.py:642} INFO - Processing file /home/airflow/.local/lib/python3.7/site-packages/airflow/example_dags/example_short_circuit_operator.py for tasks to queue
[2022-08-08 06:10:41,336] {logging_mixin.py:109} INFO - [2022-08-08 06:10:41,336] {dagbag.py:500} INFO - Filling up the DagBag from /home/airflow/.local/lib/python3.7/site-packages/airflow/example_dags/example_short_circuit_operator.py
[2022-08-08 06:10:41,383] {processor.py:654} INFO - DAG(s) dict_keys(['example_short_circuit_operator']) retrieved from /home/airflow/.local/lib/python3.7/site-packages/airflow/example_dags/example_short_circuit_operator.py
[2022-08-08 06:10:41,431] {logging_mixin.py:109} INFO - [2022-08-08 06:10:41,431] {dag.py:2396} INFO - Sync 1 DAGs
[2022-08-08 06:10:41,464] {logging_mixin.py:109} INFO - [2022-08-08 06:10:41,464] {dag.py:2935} INFO - Setting next_dagrun for example_short_circuit_operator to 2022-08-07T06:10:41.463790+00:00
[2022-08-08 06:10:41,490] {processor.py:171} INFO - Processing /home/airflow/.local/lib/python3.7/site-packages/airflow/example_dags/example_short_circuit_operator.py took 0.170 seconds
[2022-08-08 06:11:11,754] {processor.py:163} INFO - Started process (PID=567) to work on /home/airflow/.local/lib/python3.7/site-packages/airflow/example_dags/example_short_circuit_operator.py
[2022-08-08 06:11:11,757] {processor.py:642} INFO - Processing file /home/airflow/.local/lib/python3.7/site-packages/airflow/example_dags/example_short_circuit_operator.py for tasks to queue
[2022-08-08 06:11:11,760] {logging_mixin.py:109} INFO - [2022-08-08 06:11:11,760] {dagbag.py:500} INFO - Filling up the DagBag from /home/airflow/.local/lib/python3.7/site-packages/airflow/example_dags/example_short_circuit_operator.py
[2022-08-08 06:11:11,806] {processor.py:654} INFO - DAG(s) dict_keys(['example_short_circuit_operator']) retrieved from /home/airflow/.local/lib/python3.7/site-packages/airflow/example_dags/example_short_circuit_operator.py
[2022-08-08 06:11:11,825] {logging_mixin.py:109} INFO - [2022-08-08 06:11:11,825] {dag.py:2396} INFO - Sync 1 DAGs
[2022-08-08 06:11:11,842] {logging_mixin.py:109} INFO - [2022-08-08 06:11:11,842] {dag.py:2935} INFO - Setting next_dagrun for example_short_circuit_operator to 2022-08-07T06:11:11.842322+00:00
[2022-08-08 06:11:11,853] {processor.py:171} INFO - Processing /home/airflow/.local/lib/python3.7/site-packages/airflow/example_dags/example_short_circuit_operator.py took 0.104 seconds
[2022-08-08 06:11:42,267] {processor.py:163} INFO - Started process (PID=636) to work on /home/airflow/.local/lib/python3.7/site-packages/airflow/example_dags/example_short_circuit_operator.py
[2022-08-08 06:11:42,271] {processor.py:642} INFO - Processing file /home/airflow/.local/lib/python3.7/site-packages/airflow/example_dags/example_short_circuit_operator.py for tasks to queue
[2022-08-08 06:11:42,273] {logging_mixin.py:109} INFO - [2022-08-08 06:11:42,273] {dagbag.py:500} INFO - Filling up the DagBag from /home/airflow/.local/lib/python3.7/site-packages/airflow/example_dags/example_short_circuit_operator.py
[2022-08-08 06:11:42,306] {processor.py:654} INFO - DAG(s) dict_keys(['example_short_circuit_operator']) retrieved from /home/airflow/.local/lib/python3.7/site-packages/airflow/example_dags/example_short_circuit_operator.py
[2022-08-08 06:11:42,317] {logging_mixin.py:109} INFO - [2022-08-08 06:11:42,316] {dag.py:2396} INFO - Sync 1 DAGs
[2022-08-08 06:11:42,333] {logging_mixin.py:109} INFO - [2022-08-08 06:11:42,332] {dag.py:2935} INFO - Setting next_dagrun for example_short_circuit_operator to 2022-08-07T06:11:42.332618+00:00
[2022-08-08 06:11:42,343] {processor.py:171} INFO - Processing /home/airflow/.local/lib/python3.7/site-packages/airflow/example_dags/example_short_circuit_operator.py took 0.081 seconds
[2022-08-08 06:12:12,773] {processor.py:163} INFO - Started process (PID=696) to work on /home/airflow/.local/lib/python3.7/site-packages/airflow/example_dags/example_short_circuit_operator.py
[2022-08-08 06:12:12,777] {processor.py:642} INFO - Processing file /home/airflow/.local/lib/python3.7/site-packages/airflow/example_dags/example_short_circuit_operator.py for tasks to queue
[2022-08-08 06:12:12,778] {logging_mixin.py:109} INFO - [2022-08-08 06:12:12,778] {dagbag.py:500} INFO - Filling up the DagBag from /home/airflow/.local/lib/python3.7/site-packages/airflow/example_dags/example_short_circuit_operator.py
[2022-08-08 06:12:12,812] {processor.py:654} INFO - DAG(s) dict_keys(['example_short_circuit_operator']) retrieved from /home/airflow/.local/lib/python3.7/site-packages/airflow/example_dags/example_short_circuit_operator.py
[2022-08-08 06:12:12,823] {logging_mixin.py:109} INFO - [2022-08-08 06:12:12,822] {dag.py:2396} INFO - Sync 1 DAGs
[2022-08-08 06:12:12,839] {logging_mixin.py:109} INFO - [2022-08-08 06:12:12,838] {dag.py:2935} INFO - Setting next_dagrun for example_short_circuit_operator to 2022-08-07T06:12:12.838645+00:00
[2022-08-08 06:12:12,851] {processor.py:171} INFO - Processing /home/airflow/.local/lib/python3.7/site-packages/airflow/example_dags/example_short_circuit_operator.py took 0.084 seconds
[2022-08-08 06:12:43,563] {processor.py:163} INFO - Started process (PID=765) to work on /home/airflow/.local/lib/python3.7/site-packages/airflow/example_dags/example_short_circuit_operator.py
[2022-08-08 06:12:43,566] {processor.py:642} INFO - Processing file /home/airflow/.local/lib/python3.7/site-packages/airflow/example_dags/example_short_circuit_operator.py for tasks to queue
[2022-08-08 06:12:43,567] {logging_mixin.py:109} INFO - [2022-08-08 06:12:43,567] {dagbag.py:500} INFO - Filling up the DagBag from /home/airflow/.local/lib/python3.7/site-packages/airflow/example_dags/example_short_circuit_operator.py
[2022-08-08 06:12:43,605] {processor.py:654} INFO - DAG(s) dict_keys(['example_short_circuit_operator']) retrieved from /home/airflow/.local/lib/python3.7/site-packages/airflow/example_dags/example_short_circuit_operator.py
[2022-08-08 06:12:43,630] {logging_mixin.py:109} INFO - [2022-08-08 06:12:43,630] {dag.py:2396} INFO - Sync 1 DAGs
[2022-08-08 06:12:43,650] {logging_mixin.py:109} INFO - [2022-08-08 06:12:43,649] {dag.py:2935} INFO - Setting next_dagrun for example_short_circuit_operator to 2022-08-07T06:12:43.649566+00:00
[2022-08-08 06:12:43,667] {processor.py:171} INFO - Processing /home/airflow/.local/lib/python3.7/site-packages/airflow/example_dags/example_short_circuit_operator.py took 0.109 seconds
[2022-08-08 06:13:13,798] {processor.py:163} INFO - Started process (PID=826) to work on /home/airflow/.local/lib/python3.7/site-packages/airflow/example_dags/example_short_circuit_operator.py
[2022-08-08 06:13:13,801] {processor.py:642} INFO - Processing file /home/airflow/.local/lib/python3.7/site-packages/airflow/example_dags/example_short_circuit_operator.py for tasks to queue
[2022-08-08 06:13:13,804] {logging_mixin.py:109} INFO - [2022-08-08 06:13:13,803] {dagbag.py:500} INFO - Filling up the DagBag from /home/airflow/.local/lib/python3.7/site-packages/airflow/example_dags/example_short_circuit_operator.py
[2022-08-08 06:13:13,841] {processor.py:654} INFO - DAG(s) dict_keys(['example_short_circuit_operator']) retrieved from /home/airflow/.local/lib/python3.7/site-packages/airflow/example_dags/example_short_circuit_operator.py
[2022-08-08 06:13:13,854] {logging_mixin.py:109} INFO - [2022-08-08 06:13:13,854] {dag.py:2396} INFO - Sync 1 DAGs
[2022-08-08 06:13:13,878] {logging_mixin.py:109} INFO - [2022-08-08 06:13:13,877] {dag.py:2935} INFO - Setting next_dagrun for example_short_circuit_operator to 2022-08-07T06:13:13.877458+00:00
[2022-08-08 06:13:13,892] {processor.py:171} INFO - Processing /home/airflow/.local/lib/python3.7/site-packages/airflow/example_dags/example_short_circuit_operator.py took 0.102 seconds
[2022-08-08 06:13:44,481] {processor.py:163} INFO - Started process (PID=886) to work on /home/airflow/.local/lib/python3.7/site-packages/airflow/example_dags/example_short_circuit_operator.py
[2022-08-08 06:13:44,483] {processor.py:642} INFO - Processing file /home/airflow/.local/lib/python3.7/site-packages/airflow/example_dags/example_short_circuit_operator.py for tasks to queue
[2022-08-08 06:13:44,485] {logging_mixin.py:109} INFO - [2022-08-08 06:13:44,485] {dagbag.py:500} INFO - Filling up the DagBag from /home/airflow/.local/lib/python3.7/site-packages/airflow/example_dags/example_short_circuit_operator.py
[2022-08-08 06:13:44,528] {processor.py:654} INFO - DAG(s) dict_keys(['example_short_circuit_operator']) retrieved from /home/airflow/.local/lib/python3.7/site-packages/airflow/example_dags/example_short_circuit_operator.py
[2022-08-08 06:13:44,545] {logging_mixin.py:109} INFO - [2022-08-08 06:13:44,544] {dag.py:2396} INFO - Sync 1 DAGs
[2022-08-08 06:13:44,570] {logging_mixin.py:109} INFO - [2022-08-08 06:13:44,570] {dag.py:2935} INFO - Setting next_dagrun for example_short_circuit_operator to 2022-08-07T06:13:44.570036+00:00
[2022-08-08 06:13:44,589] {processor.py:171} INFO - Processing /home/airflow/.local/lib/python3.7/site-packages/airflow/example_dags/example_short_circuit_operator.py took 0.115 seconds
[2022-08-08 06:14:15,186] {processor.py:163} INFO - Started process (PID=955) to work on /home/airflow/.local/lib/python3.7/site-packages/airflow/example_dags/example_short_circuit_operator.py
[2022-08-08 06:14:15,188] {processor.py:642} INFO - Processing file /home/airflow/.local/lib/python3.7/site-packages/airflow/example_dags/example_short_circuit_operator.py for tasks to queue
[2022-08-08 06:14:15,190] {logging_mixin.py:109} INFO - [2022-08-08 06:14:15,190] {dagbag.py:500} INFO - Filling up the DagBag from /home/airflow/.local/lib/python3.7/site-packages/airflow/example_dags/example_short_circuit_operator.py
[2022-08-08 06:14:15,223] {processor.py:654} INFO - DAG(s) dict_keys(['example_short_circuit_operator']) retrieved from /home/airflow/.local/lib/python3.7/site-packages/airflow/example_dags/example_short_circuit_operator.py
[2022-08-08 06:14:15,235] {logging_mixin.py:109} INFO - [2022-08-08 06:14:15,235] {dag.py:2396} INFO - Sync 1 DAGs
[2022-08-08 06:14:15,251] {logging_mixin.py:109} INFO - [2022-08-08 06:14:15,251] {dag.py:2935} INFO - Setting next_dagrun for example_short_circuit_operator to 2022-08-07T06:14:15.251408+00:00
[2022-08-08 06:14:15,262] {processor.py:171} INFO - Processing /home/airflow/.local/lib/python3.7/site-packages/airflow/example_dags/example_short_circuit_operator.py took 0.082 seconds
[2022-08-08 06:14:45,923] {processor.py:163} INFO - Started process (PID=1016) to work on /home/airflow/.local/lib/python3.7/site-packages/airflow/example_dags/example_short_circuit_operator.py
[2022-08-08 06:14:45,926] {processor.py:642} INFO - Processing file /home/airflow/.local/lib/python3.7/site-packages/airflow/example_dags/example_short_circuit_operator.py for tasks to queue
[2022-08-08 06:14:45,928] {logging_mixin.py:109} INFO - [2022-08-08 06:14:45,927] {dagbag.py:500} INFO - Filling up the DagBag from /home/airflow/.local/lib/python3.7/site-packages/airflow/example_dags/example_short_circuit_operator.py
[2022-08-08 06:14:45,969] {processor.py:654} INFO - DAG(s) dict_keys(['example_short_circuit_operator']) retrieved from /home/airflow/.local/lib/python3.7/site-packages/airflow/example_dags/example_short_circuit_operator.py
[2022-08-08 06:14:45,991] {logging_mixin.py:109} INFO - [2022-08-08 06:14:45,991] {dag.py:2396} INFO - Sync 1 DAGs
[2022-08-08 06:14:46,018] {logging_mixin.py:109} INFO - [2022-08-08 06:14:46,018] {dag.py:2935} INFO - Setting next_dagrun for example_short_circuit_operator to 2022-08-07T06:14:46.018464+00:00
[2022-08-08 06:14:46,044] {processor.py:171} INFO - Processing /home/airflow/.local/lib/python3.7/site-packages/airflow/example_dags/example_short_circuit_operator.py took 0.129 seconds
[2022-08-08 06:15:16,151] {processor.py:163} INFO - Started process (PID=1087) to work on /home/airflow/.local/lib/python3.7/site-packages/airflow/example_dags/example_short_circuit_operator.py
[2022-08-08 06:15:16,154] {processor.py:642} INFO - Processing file /home/airflow/.local/lib/python3.7/site-packages/airflow/example_dags/example_short_circuit_operator.py for tasks to queue
[2022-08-08 06:15:16,156] {logging_mixin.py:109} INFO - [2022-08-08 06:15:16,155] {dagbag.py:500} INFO - Filling up the DagBag from /home/airflow/.local/lib/python3.7/site-packages/airflow/example_dags/example_short_circuit_operator.py
[2022-08-08 06:15:16,191] {processor.py:654} INFO - DAG(s) dict_keys(['example_short_circuit_operator']) retrieved from /home/airflow/.local/lib/python3.7/site-packages/airflow/example_dags/example_short_circuit_operator.py
[2022-08-08 06:15:16,206] {logging_mixin.py:109} INFO - [2022-08-08 06:15:16,206] {dag.py:2396} INFO - Sync 1 DAGs
[2022-08-08 06:15:16,224] {logging_mixin.py:109} INFO - [2022-08-08 06:15:16,224] {dag.py:2935} INFO - Setting next_dagrun for example_short_circuit_operator to 2022-08-07T06:15:16.224419+00:00
[2022-08-08 06:15:16,239] {processor.py:171} INFO - Processing /home/airflow/.local/lib/python3.7/site-packages/airflow/example_dags/example_short_circuit_operator.py took 0.099 seconds
[2022-08-08 06:15:46,537] {processor.py:163} INFO - Started process (PID=1147) to work on /home/airflow/.local/lib/python3.7/site-packages/airflow/example_dags/example_short_circuit_operator.py
[2022-08-08 06:15:46,540] {processor.py:642} INFO - Processing file /home/airflow/.local/lib/python3.7/site-packages/airflow/example_dags/example_short_circuit_operator.py for tasks to queue
[2022-08-08 06:15:46,542] {logging_mixin.py:109} INFO - [2022-08-08 06:15:46,542] {dagbag.py:500} INFO - Filling up the DagBag from /home/airflow/.local/lib/python3.7/site-packages/airflow/example_dags/example_short_circuit_operator.py
[2022-08-08 06:15:46,581] {processor.py:654} INFO - DAG(s) dict_keys(['example_short_circuit_operator']) retrieved from /home/airflow/.local/lib/python3.7/site-packages/airflow/example_dags/example_short_circuit_operator.py
[2022-08-08 06:15:46,597] {logging_mixin.py:109} INFO - [2022-08-08 06:15:46,597] {dag.py:2396} INFO - Sync 1 DAGs
[2022-08-08 06:15:46,621] {logging_mixin.py:109} INFO - [2022-08-08 06:15:46,621] {dag.py:2935} INFO - Setting next_dagrun for example_short_circuit_operator to 2022-08-07T06:15:46.616645+00:00
[2022-08-08 06:15:46,632] {processor.py:171} INFO - Processing /home/airflow/.local/lib/python3.7/site-packages/airflow/example_dags/example_short_circuit_operator.py took 0.102 seconds
[2022-08-08 06:16:16,837] {processor.py:163} INFO - Started process (PID=1216) to work on /home/airflow/.local/lib/python3.7/site-packages/airflow/example_dags/example_short_circuit_operator.py
[2022-08-08 06:16:16,846] {processor.py:642} INFO - Processing file /home/airflow/.local/lib/python3.7/site-packages/airflow/example_dags/example_short_circuit_operator.py for tasks to queue
[2022-08-08 06:16:16,849] {logging_mixin.py:109} INFO - [2022-08-08 06:16:16,849] {dagbag.py:500} INFO - Filling up the DagBag from /home/airflow/.local/lib/python3.7/site-packages/airflow/example_dags/example_short_circuit_operator.py
[2022-08-08 06:16:16,891] {processor.py:654} INFO - DAG(s) dict_keys(['example_short_circuit_operator']) retrieved from /home/airflow/.local/lib/python3.7/site-packages/airflow/example_dags/example_short_circuit_operator.py
[2022-08-08 06:16:16,904] {logging_mixin.py:109} INFO - [2022-08-08 06:16:16,904] {dag.py:2396} INFO - Sync 1 DAGs
[2022-08-08 06:16:16,927] {logging_mixin.py:109} INFO - [2022-08-08 06:16:16,927] {dag.py:2935} INFO - Setting next_dagrun for example_short_circuit_operator to 2022-08-07T06:16:16.926845+00:00
[2022-08-08 06:16:16,941] {processor.py:171} INFO - Processing /home/airflow/.local/lib/python3.7/site-packages/airflow/example_dags/example_short_circuit_operator.py took 0.125 seconds
[2022-08-08 06:16:47,142] {processor.py:163} INFO - Started process (PID=1278) to work on /home/airflow/.local/lib/python3.7/site-packages/airflow/example_dags/example_short_circuit_operator.py
[2022-08-08 06:16:47,145] {processor.py:642} INFO - Processing file /home/airflow/.local/lib/python3.7/site-packages/airflow/example_dags/example_short_circuit_operator.py for tasks to queue
[2022-08-08 06:16:47,147] {logging_mixin.py:109} INFO - [2022-08-08 06:16:47,147] {dagbag.py:500} INFO - Filling up the DagBag from /home/airflow/.local/lib/python3.7/site-packages/airflow/example_dags/example_short_circuit_operator.py
[2022-08-08 06:16:47,182] {processor.py:654} INFO - DAG(s) dict_keys(['example_short_circuit_operator']) retrieved from /home/airflow/.local/lib/python3.7/site-packages/airflow/example_dags/example_short_circuit_operator.py
[2022-08-08 06:16:47,194] {logging_mixin.py:109} INFO - [2022-08-08 06:16:47,194] {dag.py:2396} INFO - Sync 1 DAGs
[2022-08-08 06:16:47,231] {logging_mixin.py:109} INFO - [2022-08-08 06:16:47,231] {dag.py:2935} INFO - Setting next_dagrun for example_short_circuit_operator to 2022-08-07T06:16:47.231380+00:00
[2022-08-08 06:16:47,254] {processor.py:171} INFO - Processing /home/airflow/.local/lib/python3.7/site-packages/airflow/example_dags/example_short_circuit_operator.py took 0.118 seconds
[2022-08-08 06:17:17,514] {processor.py:163} INFO - Started process (PID=1347) to work on /home/airflow/.local/lib/python3.7/site-packages/airflow/example_dags/example_short_circuit_operator.py
[2022-08-08 06:17:17,518] {processor.py:642} INFO - Processing file /home/airflow/.local/lib/python3.7/site-packages/airflow/example_dags/example_short_circuit_operator.py for tasks to queue
[2022-08-08 06:17:17,519] {logging_mixin.py:109} INFO - [2022-08-08 06:17:17,519] {dagbag.py:500} INFO - Filling up the DagBag from /home/airflow/.local/lib/python3.7/site-packages/airflow/example_dags/example_short_circuit_operator.py
[2022-08-08 06:17:17,561] {processor.py:654} INFO - DAG(s) dict_keys(['example_short_circuit_operator']) retrieved from /home/airflow/.local/lib/python3.7/site-packages/airflow/example_dags/example_short_circuit_operator.py
[2022-08-08 06:17:17,575] {logging_mixin.py:109} INFO - [2022-08-08 06:17:17,575] {dag.py:2396} INFO - Sync 1 DAGs
[2022-08-08 06:17:17,599] {logging_mixin.py:109} INFO - [2022-08-08 06:17:17,599] {dag.py:2935} INFO - Setting next_dagrun for example_short_circuit_operator to 2022-08-07T06:17:17.599123+00:00
[2022-08-08 06:17:17,620] {processor.py:171} INFO - Processing /home/airflow/.local/lib/python3.7/site-packages/airflow/example_dags/example_short_circuit_operator.py took 0.111 seconds
[2022-08-08 06:17:47,843] {processor.py:163} INFO - Started process (PID=1411) to work on /home/airflow/.local/lib/python3.7/site-packages/airflow/example_dags/example_short_circuit_operator.py
[2022-08-08 06:17:47,847] {processor.py:642} INFO - Processing file /home/airflow/.local/lib/python3.7/site-packages/airflow/example_dags/example_short_circuit_operator.py for tasks to queue
[2022-08-08 06:17:47,849] {logging_mixin.py:109} INFO - [2022-08-08 06:17:47,849] {dagbag.py:500} INFO - Filling up the DagBag from /home/airflow/.local/lib/python3.7/site-packages/airflow/example_dags/example_short_circuit_operator.py
[2022-08-08 06:17:47,883] {processor.py:654} INFO - DAG(s) dict_keys(['example_short_circuit_operator']) retrieved from /home/airflow/.local/lib/python3.7/site-packages/airflow/example_dags/example_short_circuit_operator.py
[2022-08-08 06:17:47,895] {logging_mixin.py:109} INFO - [2022-08-08 06:17:47,895] {dag.py:2396} INFO - Sync 1 DAGs
[2022-08-08 06:17:47,912] {logging_mixin.py:109} INFO - [2022-08-08 06:17:47,912] {dag.py:2935} INFO - Setting next_dagrun for example_short_circuit_operator to 2022-08-07T06:17:47.912285+00:00
[2022-08-08 06:17:47,923] {processor.py:171} INFO - Processing /home/airflow/.local/lib/python3.7/site-packages/airflow/example_dags/example_short_circuit_operator.py took 0.085 seconds
[2022-08-08 06:18:18,276] {processor.py:163} INFO - Started process (PID=1472) to work on /home/airflow/.local/lib/python3.7/site-packages/airflow/example_dags/example_short_circuit_operator.py
[2022-08-08 06:18:18,279] {processor.py:642} INFO - Processing file /home/airflow/.local/lib/python3.7/site-packages/airflow/example_dags/example_short_circuit_operator.py for tasks to queue
[2022-08-08 06:18:18,281] {logging_mixin.py:109} INFO - [2022-08-08 06:18:18,281] {dagbag.py:500} INFO - Filling up the DagBag from /home/airflow/.local/lib/python3.7/site-packages/airflow/example_dags/example_short_circuit_operator.py
[2022-08-08 06:18:18,337] {processor.py:654} INFO - DAG(s) dict_keys(['example_short_circuit_operator']) retrieved from /home/airflow/.local/lib/python3.7/site-packages/airflow/example_dags/example_short_circuit_operator.py
[2022-08-08 06:18:18,355] {logging_mixin.py:109} INFO - [2022-08-08 06:18:18,355] {dag.py:2396} INFO - Sync 1 DAGs
[2022-08-08 06:18:18,389] {logging_mixin.py:109} INFO - [2022-08-08 06:18:18,389] {dag.py:2935} INFO - Setting next_dagrun for example_short_circuit_operator to 2022-08-07T06:18:18.389026+00:00
[2022-08-08 06:18:18,402] {processor.py:171} INFO - Processing /home/airflow/.local/lib/python3.7/site-packages/airflow/example_dags/example_short_circuit_operator.py took 0.130 seconds
[2022-08-08 06:18:48,450] {processor.py:163} INFO - Started process (PID=1542) to work on /home/airflow/.local/lib/python3.7/site-packages/airflow/example_dags/example_short_circuit_operator.py
[2022-08-08 06:18:48,454] {processor.py:642} INFO - Processing file /home/airflow/.local/lib/python3.7/site-packages/airflow/example_dags/example_short_circuit_operator.py for tasks to queue
[2022-08-08 06:18:48,455] {logging_mixin.py:109} INFO - [2022-08-08 06:18:48,455] {dagbag.py:500} INFO - Filling up the DagBag from /home/airflow/.local/lib/python3.7/site-packages/airflow/example_dags/example_short_circuit_operator.py
[2022-08-08 06:18:48,497] {processor.py:654} INFO - DAG(s) dict_keys(['example_short_circuit_operator']) retrieved from /home/airflow/.local/lib/python3.7/site-packages/airflow/example_dags/example_short_circuit_operator.py
[2022-08-08 06:18:48,511] {logging_mixin.py:109} INFO - [2022-08-08 06:18:48,510] {dag.py:2396} INFO - Sync 1 DAGs
[2022-08-08 06:18:48,532] {logging_mixin.py:109} INFO - [2022-08-08 06:18:48,531] {dag.py:2935} INFO - Setting next_dagrun for example_short_circuit_operator to 2022-08-07T06:18:48.531640+00:00
[2022-08-08 06:18:48,546] {processor.py:171} INFO - Processing /home/airflow/.local/lib/python3.7/site-packages/airflow/example_dags/example_short_circuit_operator.py took 0.101 seconds
[2022-08-08 06:19:18,636] {processor.py:163} INFO - Started process (PID=1599) to work on /home/airflow/.local/lib/python3.7/site-packages/airflow/example_dags/example_short_circuit_operator.py
[2022-08-08 06:19:18,638] {processor.py:642} INFO - Processing file /home/airflow/.local/lib/python3.7/site-packages/airflow/example_dags/example_short_circuit_operator.py for tasks to queue
[2022-08-08 06:19:18,640] {logging_mixin.py:109} INFO - [2022-08-08 06:19:18,640] {dagbag.py:500} INFO - Filling up the DagBag from /home/airflow/.local/lib/python3.7/site-packages/airflow/example_dags/example_short_circuit_operator.py
[2022-08-08 06:19:18,671] {processor.py:654} INFO - DAG(s) dict_keys(['example_short_circuit_operator']) retrieved from /home/airflow/.local/lib/python3.7/site-packages/airflow/example_dags/example_short_circuit_operator.py
[2022-08-08 06:19:18,695] {logging_mixin.py:109} INFO - [2022-08-08 06:19:18,695] {dag.py:2396} INFO - Sync 1 DAGs
[2022-08-08 06:19:18,722] {logging_mixin.py:109} INFO - [2022-08-08 06:19:18,722] {dag.py:2935} INFO - Setting next_dagrun for example_short_circuit_operator to 2022-08-07T06:19:18.722017+00:00
[2022-08-08 06:19:18,736] {processor.py:171} INFO - Processing /home/airflow/.local/lib/python3.7/site-packages/airflow/example_dags/example_short_circuit_operator.py took 0.105 seconds
[2022-08-08 06:19:49,244] {processor.py:163} INFO - Started process (PID=1669) to work on /home/airflow/.local/lib/python3.7/site-packages/airflow/example_dags/example_short_circuit_operator.py
[2022-08-08 06:19:49,245] {processor.py:642} INFO - Processing file /home/airflow/.local/lib/python3.7/site-packages/airflow/example_dags/example_short_circuit_operator.py for tasks to queue
[2022-08-08 06:19:49,247] {logging_mixin.py:109} INFO - [2022-08-08 06:19:49,247] {dagbag.py:500} INFO - Filling up the DagBag from /home/airflow/.local/lib/python3.7/site-packages/airflow/example_dags/example_short_circuit_operator.py
[2022-08-08 06:19:49,276] {processor.py:654} INFO - DAG(s) dict_keys(['example_short_circuit_operator']) retrieved from /home/airflow/.local/lib/python3.7/site-packages/airflow/example_dags/example_short_circuit_operator.py
[2022-08-08 06:19:49,287] {logging_mixin.py:109} INFO - [2022-08-08 06:19:49,287] {dag.py:2396} INFO - Sync 1 DAGs
[2022-08-08 06:19:49,307] {logging_mixin.py:109} INFO - [2022-08-08 06:19:49,306] {dag.py:2935} INFO - Setting next_dagrun for example_short_circuit_operator to 2022-08-07T06:19:49.306588+00:00
[2022-08-08 06:19:49,321] {processor.py:171} INFO - Processing /home/airflow/.local/lib/python3.7/site-packages/airflow/example_dags/example_short_circuit_operator.py took 0.084 seconds
[2022-08-08 06:20:19,511] {processor.py:163} INFO - Started process (PID=1729) to work on /home/airflow/.local/lib/python3.7/site-packages/airflow/example_dags/example_short_circuit_operator.py
[2022-08-08 06:20:19,515] {processor.py:642} INFO - Processing file /home/airflow/.local/lib/python3.7/site-packages/airflow/example_dags/example_short_circuit_operator.py for tasks to queue
[2022-08-08 06:20:19,517] {logging_mixin.py:109} INFO - [2022-08-08 06:20:19,517] {dagbag.py:500} INFO - Filling up the DagBag from /home/airflow/.local/lib/python3.7/site-packages/airflow/example_dags/example_short_circuit_operator.py
[2022-08-08 06:20:19,557] {processor.py:654} INFO - DAG(s) dict_keys(['example_short_circuit_operator']) retrieved from /home/airflow/.local/lib/python3.7/site-packages/airflow/example_dags/example_short_circuit_operator.py
[2022-08-08 06:20:19,569] {logging_mixin.py:109} INFO - [2022-08-08 06:20:19,569] {dag.py:2396} INFO - Sync 1 DAGs
[2022-08-08 06:20:19,593] {logging_mixin.py:109} INFO - [2022-08-08 06:20:19,593] {dag.py:2935} INFO - Setting next_dagrun for example_short_circuit_operator to 2022-08-07T06:20:19.593389+00:00
[2022-08-08 06:20:19,611] {processor.py:171} INFO - Processing /home/airflow/.local/lib/python3.7/site-packages/airflow/example_dags/example_short_circuit_operator.py took 0.104 seconds
[2022-08-08 06:20:50,100] {processor.py:163} INFO - Started process (PID=1799) to work on /home/airflow/.local/lib/python3.7/site-packages/airflow/example_dags/example_short_circuit_operator.py
[2022-08-08 06:20:50,102] {processor.py:642} INFO - Processing file /home/airflow/.local/lib/python3.7/site-packages/airflow/example_dags/example_short_circuit_operator.py for tasks to queue
[2022-08-08 06:20:50,104] {logging_mixin.py:109} INFO - [2022-08-08 06:20:50,104] {dagbag.py:500} INFO - Filling up the DagBag from /home/airflow/.local/lib/python3.7/site-packages/airflow/example_dags/example_short_circuit_operator.py
[2022-08-08 06:20:50,140] {processor.py:654} INFO - DAG(s) dict_keys(['example_short_circuit_operator']) retrieved from /home/airflow/.local/lib/python3.7/site-packages/airflow/example_dags/example_short_circuit_operator.py
[2022-08-08 06:20:50,155] {logging_mixin.py:109} INFO - [2022-08-08 06:20:50,155] {dag.py:2396} INFO - Sync 1 DAGs
[2022-08-08 06:20:50,193] {logging_mixin.py:109} INFO - [2022-08-08 06:20:50,193] {dag.py:2935} INFO - Setting next_dagrun for example_short_circuit_operator to 2022-08-07T06:20:50.193506+00:00
[2022-08-08 06:20:50,337] {processor.py:171} INFO - Processing /home/airflow/.local/lib/python3.7/site-packages/airflow/example_dags/example_short_circuit_operator.py took 0.244 seconds
[2022-08-08 06:21:20,556] {processor.py:163} INFO - Started process (PID=1859) to work on /home/airflow/.local/lib/python3.7/site-packages/airflow/example_dags/example_short_circuit_operator.py
[2022-08-08 06:21:20,558] {processor.py:642} INFO - Processing file /home/airflow/.local/lib/python3.7/site-packages/airflow/example_dags/example_short_circuit_operator.py for tasks to queue
[2022-08-08 06:21:20,560] {logging_mixin.py:109} INFO - [2022-08-08 06:21:20,560] {dagbag.py:500} INFO - Filling up the DagBag from /home/airflow/.local/lib/python3.7/site-packages/airflow/example_dags/example_short_circuit_operator.py
[2022-08-08 06:21:20,594] {processor.py:654} INFO - DAG(s) dict_keys(['example_short_circuit_operator']) retrieved from /home/airflow/.local/lib/python3.7/site-packages/airflow/example_dags/example_short_circuit_operator.py
[2022-08-08 06:21:20,629] {logging_mixin.py:109} INFO - [2022-08-08 06:21:20,628] {dag.py:2396} INFO - Sync 1 DAGs
[2022-08-08 06:21:20,809] {logging_mixin.py:109} INFO - [2022-08-08 06:21:20,809] {dag.py:2935} INFO - Setting next_dagrun for example_short_circuit_operator to 2022-08-07T06:21:20.809641+00:00
[2022-08-08 06:21:20,822] {processor.py:171} INFO - Processing /home/airflow/.local/lib/python3.7/site-packages/airflow/example_dags/example_short_circuit_operator.py took 0.272 seconds
[2022-08-08 06:21:51,099] {processor.py:163} INFO - Started process (PID=1927) to work on /home/airflow/.local/lib/python3.7/site-packages/airflow/example_dags/example_short_circuit_operator.py
[2022-08-08 06:21:51,104] {processor.py:642} INFO - Processing file /home/airflow/.local/lib/python3.7/site-packages/airflow/example_dags/example_short_circuit_operator.py for tasks to queue
[2022-08-08 06:21:51,106] {logging_mixin.py:109} INFO - [2022-08-08 06:21:51,106] {dagbag.py:500} INFO - Filling up the DagBag from /home/airflow/.local/lib/python3.7/site-packages/airflow/example_dags/example_short_circuit_operator.py
[2022-08-08 06:21:51,159] {processor.py:654} INFO - DAG(s) dict_keys(['example_short_circuit_operator']) retrieved from /home/airflow/.local/lib/python3.7/site-packages/airflow/example_dags/example_short_circuit_operator.py
[2022-08-08 06:21:51,172] {logging_mixin.py:109} INFO - [2022-08-08 06:21:51,172] {dag.py:2396} INFO - Sync 1 DAGs
[2022-08-08 06:21:51,296] {logging_mixin.py:109} INFO - [2022-08-08 06:21:51,296] {dag.py:2935} INFO - Setting next_dagrun for example_short_circuit_operator to 2022-08-07T06:21:51.296525+00:00
[2022-08-08 06:21:51,308] {processor.py:171} INFO - Processing /home/airflow/.local/lib/python3.7/site-packages/airflow/example_dags/example_short_circuit_operator.py took 0.214 seconds
[2022-08-08 06:22:21,386] {processor.py:163} INFO - Started process (PID=1987) to work on /home/airflow/.local/lib/python3.7/site-packages/airflow/example_dags/example_short_circuit_operator.py
[2022-08-08 06:22:21,390] {processor.py:642} INFO - Processing file /home/airflow/.local/lib/python3.7/site-packages/airflow/example_dags/example_short_circuit_operator.py for tasks to queue
[2022-08-08 06:22:21,392] {logging_mixin.py:109} INFO - [2022-08-08 06:22:21,392] {dagbag.py:500} INFO - Filling up the DagBag from /home/airflow/.local/lib/python3.7/site-packages/airflow/example_dags/example_short_circuit_operator.py
[2022-08-08 06:22:21,430] {processor.py:654} INFO - DAG(s) dict_keys(['example_short_circuit_operator']) retrieved from /home/airflow/.local/lib/python3.7/site-packages/airflow/example_dags/example_short_circuit_operator.py
[2022-08-08 06:22:21,450] {logging_mixin.py:109} INFO - [2022-08-08 06:22:21,450] {dag.py:2396} INFO - Sync 1 DAGs
[2022-08-08 06:22:21,577] {logging_mixin.py:109} INFO - [2022-08-08 06:22:21,577] {dag.py:2935} INFO - Setting next_dagrun for example_short_circuit_operator to 2022-08-07T06:22:21.576835+00:00
[2022-08-08 06:22:21,588] {processor.py:171} INFO - Processing /home/airflow/.local/lib/python3.7/site-packages/airflow/example_dags/example_short_circuit_operator.py took 0.208 seconds
[2022-08-08 07:11:45,413] {processor.py:163} INFO - Started process (PID=2073) to work on /home/airflow/.local/lib/python3.7/site-packages/airflow/example_dags/example_short_circuit_operator.py
[2022-08-08 07:11:45,415] {processor.py:642} INFO - Processing file /home/airflow/.local/lib/python3.7/site-packages/airflow/example_dags/example_short_circuit_operator.py for tasks to queue
[2022-08-08 07:11:45,417] {logging_mixin.py:109} INFO - [2022-08-08 07:11:45,417] {dagbag.py:500} INFO - Filling up the DagBag from /home/airflow/.local/lib/python3.7/site-packages/airflow/example_dags/example_short_circuit_operator.py
[2022-08-08 07:11:45,543] {processor.py:654} INFO - DAG(s) dict_keys(['example_short_circuit_operator']) retrieved from /home/airflow/.local/lib/python3.7/site-packages/airflow/example_dags/example_short_circuit_operator.py
[2022-08-08 07:11:45,554] {logging_mixin.py:109} INFO - [2022-08-08 07:11:45,554] {dag.py:2396} INFO - Sync 1 DAGs
[2022-08-08 07:11:45,572] {logging_mixin.py:109} INFO - [2022-08-08 07:11:45,572] {dag.py:2935} INFO - Setting next_dagrun for example_short_circuit_operator to 2022-08-07T07:11:45.572091+00:00
[2022-08-08 07:11:45,585] {processor.py:171} INFO - Processing /home/airflow/.local/lib/python3.7/site-packages/airflow/example_dags/example_short_circuit_operator.py took 0.177 seconds
[2022-08-08 09:12:27,219] {processor.py:163} INFO - Started process (PID=2136) to work on /home/airflow/.local/lib/python3.7/site-packages/airflow/example_dags/example_short_circuit_operator.py
[2022-08-08 09:12:27,228] {processor.py:642} INFO - Processing file /home/airflow/.local/lib/python3.7/site-packages/airflow/example_dags/example_short_circuit_operator.py for tasks to queue
[2022-08-08 09:12:27,231] {logging_mixin.py:109} INFO - [2022-08-08 09:12:27,231] {dagbag.py:500} INFO - Filling up the DagBag from /home/airflow/.local/lib/python3.7/site-packages/airflow/example_dags/example_short_circuit_operator.py
[2022-08-08 09:12:27,313] {processor.py:654} INFO - DAG(s) dict_keys(['example_short_circuit_operator']) retrieved from /home/airflow/.local/lib/python3.7/site-packages/airflow/example_dags/example_short_circuit_operator.py
[2022-08-08 09:12:27,348] {logging_mixin.py:109} INFO - [2022-08-08 09:12:27,348] {dag.py:2396} INFO - Sync 1 DAGs
[2022-08-08 09:12:27,381] {logging_mixin.py:109} INFO - [2022-08-08 09:12:27,381] {dag.py:2935} INFO - Setting next_dagrun for example_short_circuit_operator to 2022-08-07T09:12:27.380551+00:00
[2022-08-08 09:12:27,406] {processor.py:171} INFO - Processing /home/airflow/.local/lib/python3.7/site-packages/airflow/example_dags/example_short_circuit_operator.py took 0.192 seconds
[2022-08-08 09:16:12,579] {processor.py:163} INFO - Started process (PID=2167) to work on /home/airflow/.local/lib/python3.7/site-packages/airflow/example_dags/example_short_circuit_operator.py
[2022-08-08 09:16:12,589] {processor.py:642} INFO - Processing file /home/airflow/.local/lib/python3.7/site-packages/airflow/example_dags/example_short_circuit_operator.py for tasks to queue
[2022-08-08 09:16:12,593] {logging_mixin.py:109} INFO - [2022-08-08 09:16:12,592] {dagbag.py:500} INFO - Filling up the DagBag from /home/airflow/.local/lib/python3.7/site-packages/airflow/example_dags/example_short_circuit_operator.py
[2022-08-08 09:16:12,680] {processor.py:654} INFO - DAG(s) dict_keys(['example_short_circuit_operator']) retrieved from /home/airflow/.local/lib/python3.7/site-packages/airflow/example_dags/example_short_circuit_operator.py
[2022-08-08 09:16:12,726] {logging_mixin.py:109} INFO - [2022-08-08 09:16:12,725] {dag.py:2396} INFO - Sync 1 DAGs
[2022-08-08 09:16:12,766] {logging_mixin.py:109} INFO - [2022-08-08 09:16:12,765] {dag.py:2935} INFO - Setting next_dagrun for example_short_circuit_operator to 2022-08-07T09:16:12.765133+00:00
[2022-08-08 09:16:12,803] {processor.py:171} INFO - Processing /home/airflow/.local/lib/python3.7/site-packages/airflow/example_dags/example_short_circuit_operator.py took 0.240 seconds
