[2022-08-08 06:07:04,706] {processor.py:163} INFO - Started process (PID=71) to work on /home/airflow/.local/lib/python3.7/site-packages/airflow/example_dags/example_xcomargs.py
[2022-08-08 06:07:04,718] {processor.py:642} INFO - Processing file /home/airflow/.local/lib/python3.7/site-packages/airflow/example_dags/example_xcomargs.py for tasks to queue
[2022-08-08 06:07:04,720] {logging_mixin.py:109} INFO - [2022-08-08 06:07:04,720] {dagbag.py:500} INFO - Filling up the DagBag from /home/airflow/.local/lib/python3.7/site-packages/airflow/example_dags/example_xcomargs.py
[2022-08-08 06:07:05,040] {processor.py:654} INFO - DAG(s) dict_keys(['example_xcom_args', 'example_xcom_args_with_operators']) retrieved from /home/airflow/.local/lib/python3.7/site-packages/airflow/example_dags/example_xcomargs.py
[2022-08-08 06:07:06,405] {logging_mixin.py:109} INFO - [2022-08-08 06:07:06,405] {dag.py:2396} INFO - Sync 2 DAGs
[2022-08-08 06:07:06,699] {logging_mixin.py:109} INFO - [2022-08-08 06:07:06,699] {dag.py:2935} INFO - Setting next_dagrun for example_xcom_args to None
[2022-08-08 06:07:06,707] {logging_mixin.py:109} INFO - [2022-08-08 06:07:06,706] {dag.py:2935} INFO - Setting next_dagrun for example_xcom_args_with_operators to None
[2022-08-08 06:07:06,833] {processor.py:171} INFO - Processing /home/airflow/.local/lib/python3.7/site-packages/airflow/example_dags/example_xcomargs.py took 2.141 seconds
[2022-08-08 06:07:37,945] {processor.py:163} INFO - Started process (PID=132) to work on /home/airflow/.local/lib/python3.7/site-packages/airflow/example_dags/example_xcomargs.py
[2022-08-08 06:07:37,952] {processor.py:642} INFO - Processing file /home/airflow/.local/lib/python3.7/site-packages/airflow/example_dags/example_xcomargs.py for tasks to queue
[2022-08-08 06:07:38,028] {logging_mixin.py:109} INFO - [2022-08-08 06:07:38,028] {dagbag.py:500} INFO - Filling up the DagBag from /home/airflow/.local/lib/python3.7/site-packages/airflow/example_dags/example_xcomargs.py
[2022-08-08 06:07:38,392] {processor.py:654} INFO - DAG(s) dict_keys(['example_xcom_args', 'example_xcom_args_with_operators']) retrieved from /home/airflow/.local/lib/python3.7/site-packages/airflow/example_dags/example_xcomargs.py
[2022-08-08 06:07:42,156] {logging_mixin.py:109} INFO - [2022-08-08 06:07:42,155] {dag.py:2396} INFO - Sync 2 DAGs
[2022-08-08 06:07:42,266] {logging_mixin.py:109} INFO - [2022-08-08 06:07:42,266] {dag.py:2935} INFO - Setting next_dagrun for example_xcom_args to None
[2022-08-08 06:07:42,276] {logging_mixin.py:109} INFO - [2022-08-08 06:07:42,276] {dag.py:2935} INFO - Setting next_dagrun for example_xcom_args_with_operators to None
[2022-08-08 06:07:42,397] {processor.py:171} INFO - Processing /home/airflow/.local/lib/python3.7/site-packages/airflow/example_dags/example_xcomargs.py took 4.482 seconds
[2022-08-08 06:08:13,127] {processor.py:163} INFO - Started process (PID=194) to work on /home/airflow/.local/lib/python3.7/site-packages/airflow/example_dags/example_xcomargs.py
[2022-08-08 06:08:13,129] {processor.py:642} INFO - Processing file /home/airflow/.local/lib/python3.7/site-packages/airflow/example_dags/example_xcomargs.py for tasks to queue
[2022-08-08 06:08:13,130] {logging_mixin.py:109} INFO - [2022-08-08 06:08:13,130] {dagbag.py:500} INFO - Filling up the DagBag from /home/airflow/.local/lib/python3.7/site-packages/airflow/example_dags/example_xcomargs.py
[2022-08-08 06:08:13,173] {processor.py:654} INFO - DAG(s) dict_keys(['example_xcom_args', 'example_xcom_args_with_operators']) retrieved from /home/airflow/.local/lib/python3.7/site-packages/airflow/example_dags/example_xcomargs.py
[2022-08-08 06:08:13,459] {logging_mixin.py:109} INFO - [2022-08-08 06:08:13,459] {dag.py:2396} INFO - Sync 2 DAGs
[2022-08-08 06:08:13,527] {logging_mixin.py:109} INFO - [2022-08-08 06:08:13,527] {dag.py:2935} INFO - Setting next_dagrun for example_xcom_args to None
[2022-08-08 06:08:13,529] {logging_mixin.py:109} INFO - [2022-08-08 06:08:13,529] {dag.py:2935} INFO - Setting next_dagrun for example_xcom_args_with_operators to None
[2022-08-08 06:08:13,545] {processor.py:171} INFO - Processing /home/airflow/.local/lib/python3.7/site-packages/airflow/example_dags/example_xcomargs.py took 0.422 seconds
[2022-08-08 06:08:44,257] {processor.py:163} INFO - Started process (PID=264) to work on /home/airflow/.local/lib/python3.7/site-packages/airflow/example_dags/example_xcomargs.py
[2022-08-08 06:08:44,259] {processor.py:642} INFO - Processing file /home/airflow/.local/lib/python3.7/site-packages/airflow/example_dags/example_xcomargs.py for tasks to queue
[2022-08-08 06:08:44,261] {logging_mixin.py:109} INFO - [2022-08-08 06:08:44,260] {dagbag.py:500} INFO - Filling up the DagBag from /home/airflow/.local/lib/python3.7/site-packages/airflow/example_dags/example_xcomargs.py
[2022-08-08 06:08:44,302] {processor.py:654} INFO - DAG(s) dict_keys(['example_xcom_args', 'example_xcom_args_with_operators']) retrieved from /home/airflow/.local/lib/python3.7/site-packages/airflow/example_dags/example_xcomargs.py
[2022-08-08 06:08:44,588] {logging_mixin.py:109} INFO - [2022-08-08 06:08:44,588] {dag.py:2396} INFO - Sync 2 DAGs
[2022-08-08 06:08:44,631] {logging_mixin.py:109} INFO - [2022-08-08 06:08:44,630] {dag.py:2935} INFO - Setting next_dagrun for example_xcom_args to None
[2022-08-08 06:08:44,632] {logging_mixin.py:109} INFO - [2022-08-08 06:08:44,632] {dag.py:2935} INFO - Setting next_dagrun for example_xcom_args_with_operators to None
[2022-08-08 06:08:44,657] {processor.py:171} INFO - Processing /home/airflow/.local/lib/python3.7/site-packages/airflow/example_dags/example_xcomargs.py took 0.404 seconds
[2022-08-08 06:09:15,490] {processor.py:163} INFO - Started process (PID=324) to work on /home/airflow/.local/lib/python3.7/site-packages/airflow/example_dags/example_xcomargs.py
[2022-08-08 06:09:15,492] {processor.py:642} INFO - Processing file /home/airflow/.local/lib/python3.7/site-packages/airflow/example_dags/example_xcomargs.py for tasks to queue
[2022-08-08 06:09:15,493] {logging_mixin.py:109} INFO - [2022-08-08 06:09:15,493] {dagbag.py:500} INFO - Filling up the DagBag from /home/airflow/.local/lib/python3.7/site-packages/airflow/example_dags/example_xcomargs.py
[2022-08-08 06:09:15,531] {processor.py:654} INFO - DAG(s) dict_keys(['example_xcom_args', 'example_xcom_args_with_operators']) retrieved from /home/airflow/.local/lib/python3.7/site-packages/airflow/example_dags/example_xcomargs.py
[2022-08-08 06:09:15,799] {logging_mixin.py:109} INFO - [2022-08-08 06:09:15,799] {dag.py:2396} INFO - Sync 2 DAGs
[2022-08-08 06:09:15,815] {logging_mixin.py:109} INFO - [2022-08-08 06:09:15,815] {dag.py:2935} INFO - Setting next_dagrun for example_xcom_args to None
[2022-08-08 06:09:15,816] {logging_mixin.py:109} INFO - [2022-08-08 06:09:15,816] {dag.py:2935} INFO - Setting next_dagrun for example_xcom_args_with_operators to None
[2022-08-08 06:09:15,828] {processor.py:171} INFO - Processing /home/airflow/.local/lib/python3.7/site-packages/airflow/example_dags/example_xcomargs.py took 0.343 seconds
[2022-08-08 06:09:46,832] {processor.py:163} INFO - Started process (PID=394) to work on /home/airflow/.local/lib/python3.7/site-packages/airflow/example_dags/example_xcomargs.py
[2022-08-08 06:09:46,834] {processor.py:642} INFO - Processing file /home/airflow/.local/lib/python3.7/site-packages/airflow/example_dags/example_xcomargs.py for tasks to queue
[2022-08-08 06:09:46,836] {logging_mixin.py:109} INFO - [2022-08-08 06:09:46,835] {dagbag.py:500} INFO - Filling up the DagBag from /home/airflow/.local/lib/python3.7/site-packages/airflow/example_dags/example_xcomargs.py
[2022-08-08 06:09:46,896] {processor.py:654} INFO - DAG(s) dict_keys(['example_xcom_args', 'example_xcom_args_with_operators']) retrieved from /home/airflow/.local/lib/python3.7/site-packages/airflow/example_dags/example_xcomargs.py
[2022-08-08 06:09:47,238] {logging_mixin.py:109} INFO - [2022-08-08 06:09:47,237] {dag.py:2396} INFO - Sync 2 DAGs
[2022-08-08 06:09:47,274] {logging_mixin.py:109} INFO - [2022-08-08 06:09:47,274] {dag.py:2935} INFO - Setting next_dagrun for example_xcom_args to None
[2022-08-08 06:09:47,275] {logging_mixin.py:109} INFO - [2022-08-08 06:09:47,275] {dag.py:2935} INFO - Setting next_dagrun for example_xcom_args_with_operators to None
[2022-08-08 06:09:47,297] {processor.py:171} INFO - Processing /home/airflow/.local/lib/python3.7/site-packages/airflow/example_dags/example_xcomargs.py took 0.469 seconds
[2022-08-08 06:10:18,098] {processor.py:163} INFO - Started process (PID=454) to work on /home/airflow/.local/lib/python3.7/site-packages/airflow/example_dags/example_xcomargs.py
[2022-08-08 06:10:18,100] {processor.py:642} INFO - Processing file /home/airflow/.local/lib/python3.7/site-packages/airflow/example_dags/example_xcomargs.py for tasks to queue
[2022-08-08 06:10:18,101] {logging_mixin.py:109} INFO - [2022-08-08 06:10:18,101] {dagbag.py:500} INFO - Filling up the DagBag from /home/airflow/.local/lib/python3.7/site-packages/airflow/example_dags/example_xcomargs.py
[2022-08-08 06:10:18,137] {processor.py:654} INFO - DAG(s) dict_keys(['example_xcom_args', 'example_xcom_args_with_operators']) retrieved from /home/airflow/.local/lib/python3.7/site-packages/airflow/example_dags/example_xcomargs.py
[2022-08-08 06:10:18,413] {logging_mixin.py:109} INFO - [2022-08-08 06:10:18,413] {dag.py:2396} INFO - Sync 2 DAGs
[2022-08-08 06:10:18,430] {logging_mixin.py:109} INFO - [2022-08-08 06:10:18,430] {dag.py:2935} INFO - Setting next_dagrun for example_xcom_args to None
[2022-08-08 06:10:18,431] {logging_mixin.py:109} INFO - [2022-08-08 06:10:18,431] {dag.py:2935} INFO - Setting next_dagrun for example_xcom_args_with_operators to None
[2022-08-08 06:10:18,446] {processor.py:171} INFO - Processing /home/airflow/.local/lib/python3.7/site-packages/airflow/example_dags/example_xcomargs.py took 0.353 seconds
[2022-08-08 06:10:48,485] {processor.py:163} INFO - Started process (PID=514) to work on /home/airflow/.local/lib/python3.7/site-packages/airflow/example_dags/example_xcomargs.py
[2022-08-08 06:10:48,488] {processor.py:642} INFO - Processing file /home/airflow/.local/lib/python3.7/site-packages/airflow/example_dags/example_xcomargs.py for tasks to queue
[2022-08-08 06:10:48,491] {logging_mixin.py:109} INFO - [2022-08-08 06:10:48,491] {dagbag.py:500} INFO - Filling up the DagBag from /home/airflow/.local/lib/python3.7/site-packages/airflow/example_dags/example_xcomargs.py
[2022-08-08 06:10:48,544] {processor.py:654} INFO - DAG(s) dict_keys(['example_xcom_args', 'example_xcom_args_with_operators']) retrieved from /home/airflow/.local/lib/python3.7/site-packages/airflow/example_dags/example_xcomargs.py
[2022-08-08 06:10:48,912] {logging_mixin.py:109} INFO - [2022-08-08 06:10:48,912] {dag.py:2396} INFO - Sync 2 DAGs
[2022-08-08 06:10:48,935] {logging_mixin.py:109} INFO - [2022-08-08 06:10:48,935] {dag.py:2935} INFO - Setting next_dagrun for example_xcom_args to None
[2022-08-08 06:10:48,937] {logging_mixin.py:109} INFO - [2022-08-08 06:10:48,936] {dag.py:2935} INFO - Setting next_dagrun for example_xcom_args_with_operators to None
[2022-08-08 06:10:48,954] {processor.py:171} INFO - Processing /home/airflow/.local/lib/python3.7/site-packages/airflow/example_dags/example_xcomargs.py took 0.476 seconds
[2022-08-08 06:11:19,559] {processor.py:163} INFO - Started process (PID=585) to work on /home/airflow/.local/lib/python3.7/site-packages/airflow/example_dags/example_xcomargs.py
[2022-08-08 06:11:19,561] {processor.py:642} INFO - Processing file /home/airflow/.local/lib/python3.7/site-packages/airflow/example_dags/example_xcomargs.py for tasks to queue
[2022-08-08 06:11:19,562] {logging_mixin.py:109} INFO - [2022-08-08 06:11:19,562] {dagbag.py:500} INFO - Filling up the DagBag from /home/airflow/.local/lib/python3.7/site-packages/airflow/example_dags/example_xcomargs.py
[2022-08-08 06:11:19,597] {processor.py:654} INFO - DAG(s) dict_keys(['example_xcom_args', 'example_xcom_args_with_operators']) retrieved from /home/airflow/.local/lib/python3.7/site-packages/airflow/example_dags/example_xcomargs.py
[2022-08-08 06:11:19,864] {logging_mixin.py:109} INFO - [2022-08-08 06:11:19,864] {dag.py:2396} INFO - Sync 2 DAGs
[2022-08-08 06:11:19,881] {logging_mixin.py:109} INFO - [2022-08-08 06:11:19,881] {dag.py:2935} INFO - Setting next_dagrun for example_xcom_args to None
[2022-08-08 06:11:19,883] {logging_mixin.py:109} INFO - [2022-08-08 06:11:19,883] {dag.py:2935} INFO - Setting next_dagrun for example_xcom_args_with_operators to None
[2022-08-08 06:11:19,896] {processor.py:171} INFO - Processing /home/airflow/.local/lib/python3.7/site-packages/airflow/example_dags/example_xcomargs.py took 0.341 seconds
[2022-08-08 06:11:50,157] {processor.py:163} INFO - Started process (PID=645) to work on /home/airflow/.local/lib/python3.7/site-packages/airflow/example_dags/example_xcomargs.py
[2022-08-08 06:11:50,160] {processor.py:642} INFO - Processing file /home/airflow/.local/lib/python3.7/site-packages/airflow/example_dags/example_xcomargs.py for tasks to queue
[2022-08-08 06:11:50,162] {logging_mixin.py:109} INFO - [2022-08-08 06:11:50,162] {dagbag.py:500} INFO - Filling up the DagBag from /home/airflow/.local/lib/python3.7/site-packages/airflow/example_dags/example_xcomargs.py
[2022-08-08 06:11:50,198] {processor.py:654} INFO - DAG(s) dict_keys(['example_xcom_args', 'example_xcom_args_with_operators']) retrieved from /home/airflow/.local/lib/python3.7/site-packages/airflow/example_dags/example_xcomargs.py
[2022-08-08 06:11:50,453] {logging_mixin.py:109} INFO - [2022-08-08 06:11:50,452] {dag.py:2396} INFO - Sync 2 DAGs
[2022-08-08 06:11:50,466] {logging_mixin.py:109} INFO - [2022-08-08 06:11:50,466] {dag.py:2935} INFO - Setting next_dagrun for example_xcom_args to None
[2022-08-08 06:11:50,467] {logging_mixin.py:109} INFO - [2022-08-08 06:11:50,467] {dag.py:2935} INFO - Setting next_dagrun for example_xcom_args_with_operators to None
[2022-08-08 06:11:50,478] {processor.py:171} INFO - Processing /home/airflow/.local/lib/python3.7/site-packages/airflow/example_dags/example_xcomargs.py took 0.326 seconds
[2022-08-08 06:12:20,761] {processor.py:163} INFO - Started process (PID=714) to work on /home/airflow/.local/lib/python3.7/site-packages/airflow/example_dags/example_xcomargs.py
[2022-08-08 06:12:20,763] {processor.py:642} INFO - Processing file /home/airflow/.local/lib/python3.7/site-packages/airflow/example_dags/example_xcomargs.py for tasks to queue
[2022-08-08 06:12:20,765] {logging_mixin.py:109} INFO - [2022-08-08 06:12:20,764] {dagbag.py:500} INFO - Filling up the DagBag from /home/airflow/.local/lib/python3.7/site-packages/airflow/example_dags/example_xcomargs.py
[2022-08-08 06:12:20,802] {processor.py:654} INFO - DAG(s) dict_keys(['example_xcom_args', 'example_xcom_args_with_operators']) retrieved from /home/airflow/.local/lib/python3.7/site-packages/airflow/example_dags/example_xcomargs.py
[2022-08-08 06:12:21,100] {logging_mixin.py:109} INFO - [2022-08-08 06:12:21,100] {dag.py:2396} INFO - Sync 2 DAGs
[2022-08-08 06:12:21,113] {logging_mixin.py:109} INFO - [2022-08-08 06:12:21,113] {dag.py:2935} INFO - Setting next_dagrun for example_xcom_args to None
[2022-08-08 06:12:21,114] {logging_mixin.py:109} INFO - [2022-08-08 06:12:21,114] {dag.py:2935} INFO - Setting next_dagrun for example_xcom_args_with_operators to None
[2022-08-08 06:12:21,126] {processor.py:171} INFO - Processing /home/airflow/.local/lib/python3.7/site-packages/airflow/example_dags/example_xcomargs.py took 0.371 seconds
[2022-08-08 06:12:51,513] {processor.py:163} INFO - Started process (PID=774) to work on /home/airflow/.local/lib/python3.7/site-packages/airflow/example_dags/example_xcomargs.py
[2022-08-08 06:12:51,516] {processor.py:642} INFO - Processing file /home/airflow/.local/lib/python3.7/site-packages/airflow/example_dags/example_xcomargs.py for tasks to queue
[2022-08-08 06:12:51,518] {logging_mixin.py:109} INFO - [2022-08-08 06:12:51,518] {dagbag.py:500} INFO - Filling up the DagBag from /home/airflow/.local/lib/python3.7/site-packages/airflow/example_dags/example_xcomargs.py
[2022-08-08 06:12:51,563] {processor.py:654} INFO - DAG(s) dict_keys(['example_xcom_args', 'example_xcom_args_with_operators']) retrieved from /home/airflow/.local/lib/python3.7/site-packages/airflow/example_dags/example_xcomargs.py
[2022-08-08 06:12:51,844] {logging_mixin.py:109} INFO - [2022-08-08 06:12:51,844] {dag.py:2396} INFO - Sync 2 DAGs
[2022-08-08 06:12:51,860] {logging_mixin.py:109} INFO - [2022-08-08 06:12:51,859] {dag.py:2935} INFO - Setting next_dagrun for example_xcom_args to None
[2022-08-08 06:12:51,861] {logging_mixin.py:109} INFO - [2022-08-08 06:12:51,861] {dag.py:2935} INFO - Setting next_dagrun for example_xcom_args_with_operators to None
[2022-08-08 06:12:51,873] {processor.py:171} INFO - Processing /home/airflow/.local/lib/python3.7/site-packages/airflow/example_dags/example_xcomargs.py took 0.364 seconds
[2022-08-08 06:13:22,050] {processor.py:163} INFO - Started process (PID=844) to work on /home/airflow/.local/lib/python3.7/site-packages/airflow/example_dags/example_xcomargs.py
[2022-08-08 06:13:22,053] {processor.py:642} INFO - Processing file /home/airflow/.local/lib/python3.7/site-packages/airflow/example_dags/example_xcomargs.py for tasks to queue
[2022-08-08 06:13:22,055] {logging_mixin.py:109} INFO - [2022-08-08 06:13:22,054] {dagbag.py:500} INFO - Filling up the DagBag from /home/airflow/.local/lib/python3.7/site-packages/airflow/example_dags/example_xcomargs.py
[2022-08-08 06:13:22,092] {processor.py:654} INFO - DAG(s) dict_keys(['example_xcom_args', 'example_xcom_args_with_operators']) retrieved from /home/airflow/.local/lib/python3.7/site-packages/airflow/example_dags/example_xcomargs.py
[2022-08-08 06:13:22,361] {logging_mixin.py:109} INFO - [2022-08-08 06:13:22,361] {dag.py:2396} INFO - Sync 2 DAGs
[2022-08-08 06:13:22,375] {logging_mixin.py:109} INFO - [2022-08-08 06:13:22,375] {dag.py:2935} INFO - Setting next_dagrun for example_xcom_args to None
[2022-08-08 06:13:22,377] {logging_mixin.py:109} INFO - [2022-08-08 06:13:22,377] {dag.py:2935} INFO - Setting next_dagrun for example_xcom_args_with_operators to None
[2022-08-08 06:13:22,391] {processor.py:171} INFO - Processing /home/airflow/.local/lib/python3.7/site-packages/airflow/example_dags/example_xcomargs.py took 0.345 seconds
[2022-08-08 06:13:52,478] {processor.py:163} INFO - Started process (PID=904) to work on /home/airflow/.local/lib/python3.7/site-packages/airflow/example_dags/example_xcomargs.py
[2022-08-08 06:13:52,480] {processor.py:642} INFO - Processing file /home/airflow/.local/lib/python3.7/site-packages/airflow/example_dags/example_xcomargs.py for tasks to queue
[2022-08-08 06:13:52,482] {logging_mixin.py:109} INFO - [2022-08-08 06:13:52,482] {dagbag.py:500} INFO - Filling up the DagBag from /home/airflow/.local/lib/python3.7/site-packages/airflow/example_dags/example_xcomargs.py
[2022-08-08 06:13:52,519] {processor.py:654} INFO - DAG(s) dict_keys(['example_xcom_args', 'example_xcom_args_with_operators']) retrieved from /home/airflow/.local/lib/python3.7/site-packages/airflow/example_dags/example_xcomargs.py
[2022-08-08 06:13:52,785] {logging_mixin.py:109} INFO - [2022-08-08 06:13:52,785] {dag.py:2396} INFO - Sync 2 DAGs
[2022-08-08 06:13:52,800] {logging_mixin.py:109} INFO - [2022-08-08 06:13:52,800] {dag.py:2935} INFO - Setting next_dagrun for example_xcom_args to None
[2022-08-08 06:13:52,801] {logging_mixin.py:109} INFO - [2022-08-08 06:13:52,801] {dag.py:2935} INFO - Setting next_dagrun for example_xcom_args_with_operators to None
[2022-08-08 06:13:52,814] {processor.py:171} INFO - Processing /home/airflow/.local/lib/python3.7/site-packages/airflow/example_dags/example_xcomargs.py took 0.341 seconds
[2022-08-08 06:14:23,183] {processor.py:163} INFO - Started process (PID=973) to work on /home/airflow/.local/lib/python3.7/site-packages/airflow/example_dags/example_xcomargs.py
[2022-08-08 06:14:23,186] {processor.py:642} INFO - Processing file /home/airflow/.local/lib/python3.7/site-packages/airflow/example_dags/example_xcomargs.py for tasks to queue
[2022-08-08 06:14:23,187] {logging_mixin.py:109} INFO - [2022-08-08 06:14:23,187] {dagbag.py:500} INFO - Filling up the DagBag from /home/airflow/.local/lib/python3.7/site-packages/airflow/example_dags/example_xcomargs.py
[2022-08-08 06:14:23,227] {processor.py:654} INFO - DAG(s) dict_keys(['example_xcom_args', 'example_xcom_args_with_operators']) retrieved from /home/airflow/.local/lib/python3.7/site-packages/airflow/example_dags/example_xcomargs.py
[2022-08-08 06:14:23,506] {logging_mixin.py:109} INFO - [2022-08-08 06:14:23,506] {dag.py:2396} INFO - Sync 2 DAGs
[2022-08-08 06:14:23,521] {logging_mixin.py:109} INFO - [2022-08-08 06:14:23,521] {dag.py:2935} INFO - Setting next_dagrun for example_xcom_args to None
[2022-08-08 06:14:23,523] {logging_mixin.py:109} INFO - [2022-08-08 06:14:23,522] {dag.py:2935} INFO - Setting next_dagrun for example_xcom_args_with_operators to None
[2022-08-08 06:14:23,536] {processor.py:171} INFO - Processing /home/airflow/.local/lib/python3.7/site-packages/airflow/example_dags/example_xcomargs.py took 0.360 seconds
[2022-08-08 06:14:53,930] {processor.py:163} INFO - Started process (PID=1034) to work on /home/airflow/.local/lib/python3.7/site-packages/airflow/example_dags/example_xcomargs.py
[2022-08-08 06:14:53,932] {processor.py:642} INFO - Processing file /home/airflow/.local/lib/python3.7/site-packages/airflow/example_dags/example_xcomargs.py for tasks to queue
[2022-08-08 06:14:53,934] {logging_mixin.py:109} INFO - [2022-08-08 06:14:53,933] {dagbag.py:500} INFO - Filling up the DagBag from /home/airflow/.local/lib/python3.7/site-packages/airflow/example_dags/example_xcomargs.py
[2022-08-08 06:14:53,983] {processor.py:654} INFO - DAG(s) dict_keys(['example_xcom_args', 'example_xcom_args_with_operators']) retrieved from /home/airflow/.local/lib/python3.7/site-packages/airflow/example_dags/example_xcomargs.py
[2022-08-08 06:14:54,245] {logging_mixin.py:109} INFO - [2022-08-08 06:14:54,244] {dag.py:2396} INFO - Sync 2 DAGs
[2022-08-08 06:14:54,261] {logging_mixin.py:109} INFO - [2022-08-08 06:14:54,261] {dag.py:2935} INFO - Setting next_dagrun for example_xcom_args to None
[2022-08-08 06:14:54,262] {logging_mixin.py:109} INFO - [2022-08-08 06:14:54,262] {dag.py:2935} INFO - Setting next_dagrun for example_xcom_args_with_operators to None
[2022-08-08 06:14:54,275] {processor.py:171} INFO - Processing /home/airflow/.local/lib/python3.7/site-packages/airflow/example_dags/example_xcomargs.py took 0.349 seconds
[2022-08-08 06:15:24,408] {processor.py:163} INFO - Started process (PID=1099) to work on /home/airflow/.local/lib/python3.7/site-packages/airflow/example_dags/example_xcomargs.py
[2022-08-08 06:15:24,410] {processor.py:642} INFO - Processing file /home/airflow/.local/lib/python3.7/site-packages/airflow/example_dags/example_xcomargs.py for tasks to queue
[2022-08-08 06:15:24,412] {logging_mixin.py:109} INFO - [2022-08-08 06:15:24,412] {dagbag.py:500} INFO - Filling up the DagBag from /home/airflow/.local/lib/python3.7/site-packages/airflow/example_dags/example_xcomargs.py
[2022-08-08 06:15:24,462] {processor.py:654} INFO - DAG(s) dict_keys(['example_xcom_args', 'example_xcom_args_with_operators']) retrieved from /home/airflow/.local/lib/python3.7/site-packages/airflow/example_dags/example_xcomargs.py
[2022-08-08 06:15:24,966] {logging_mixin.py:109} INFO - [2022-08-08 06:15:24,966] {dag.py:2396} INFO - Sync 2 DAGs
[2022-08-08 06:15:24,995] {logging_mixin.py:109} INFO - [2022-08-08 06:15:24,995] {dag.py:2935} INFO - Setting next_dagrun for example_xcom_args to None
[2022-08-08 06:15:24,997] {logging_mixin.py:109} INFO - [2022-08-08 06:15:24,997] {dag.py:2935} INFO - Setting next_dagrun for example_xcom_args_with_operators to None
[2022-08-08 06:15:25,019] {processor.py:171} INFO - Processing /home/airflow/.local/lib/python3.7/site-packages/airflow/example_dags/example_xcomargs.py took 0.616 seconds
[2022-08-08 06:15:55,794] {processor.py:163} INFO - Started process (PID=1170) to work on /home/airflow/.local/lib/python3.7/site-packages/airflow/example_dags/example_xcomargs.py
[2022-08-08 06:15:55,797] {processor.py:642} INFO - Processing file /home/airflow/.local/lib/python3.7/site-packages/airflow/example_dags/example_xcomargs.py for tasks to queue
[2022-08-08 06:15:55,799] {logging_mixin.py:109} INFO - [2022-08-08 06:15:55,799] {dagbag.py:500} INFO - Filling up the DagBag from /home/airflow/.local/lib/python3.7/site-packages/airflow/example_dags/example_xcomargs.py
[2022-08-08 06:15:55,835] {processor.py:654} INFO - DAG(s) dict_keys(['example_xcom_args', 'example_xcom_args_with_operators']) retrieved from /home/airflow/.local/lib/python3.7/site-packages/airflow/example_dags/example_xcomargs.py
[2022-08-08 06:15:56,111] {logging_mixin.py:109} INFO - [2022-08-08 06:15:56,110] {dag.py:2396} INFO - Sync 2 DAGs
[2022-08-08 06:15:56,130] {logging_mixin.py:109} INFO - [2022-08-08 06:15:56,130] {dag.py:2935} INFO - Setting next_dagrun for example_xcom_args to None
[2022-08-08 06:15:56,132] {logging_mixin.py:109} INFO - [2022-08-08 06:15:56,132] {dag.py:2935} INFO - Setting next_dagrun for example_xcom_args_with_operators to None
[2022-08-08 06:15:56,150] {processor.py:171} INFO - Processing /home/airflow/.local/lib/python3.7/site-packages/airflow/example_dags/example_xcomargs.py took 0.362 seconds
[2022-08-08 06:16:26,838] {processor.py:163} INFO - Started process (PID=1230) to work on /home/airflow/.local/lib/python3.7/site-packages/airflow/example_dags/example_xcomargs.py
[2022-08-08 06:16:26,841] {processor.py:642} INFO - Processing file /home/airflow/.local/lib/python3.7/site-packages/airflow/example_dags/example_xcomargs.py for tasks to queue
[2022-08-08 06:16:26,843] {logging_mixin.py:109} INFO - [2022-08-08 06:16:26,842] {dagbag.py:500} INFO - Filling up the DagBag from /home/airflow/.local/lib/python3.7/site-packages/airflow/example_dags/example_xcomargs.py
[2022-08-08 06:16:26,886] {processor.py:654} INFO - DAG(s) dict_keys(['example_xcom_args', 'example_xcom_args_with_operators']) retrieved from /home/airflow/.local/lib/python3.7/site-packages/airflow/example_dags/example_xcomargs.py
[2022-08-08 06:16:27,181] {logging_mixin.py:109} INFO - [2022-08-08 06:16:27,181] {dag.py:2396} INFO - Sync 2 DAGs
[2022-08-08 06:16:27,196] {logging_mixin.py:109} INFO - [2022-08-08 06:16:27,196] {dag.py:2935} INFO - Setting next_dagrun for example_xcom_args to None
[2022-08-08 06:16:27,203] {logging_mixin.py:109} INFO - [2022-08-08 06:16:27,203] {dag.py:2935} INFO - Setting next_dagrun for example_xcom_args_with_operators to None
[2022-08-08 06:16:27,213] {processor.py:171} INFO - Processing /home/airflow/.local/lib/python3.7/site-packages/airflow/example_dags/example_xcomargs.py took 0.380 seconds
[2022-08-08 06:16:57,577] {processor.py:163} INFO - Started process (PID=1303) to work on /home/airflow/.local/lib/python3.7/site-packages/airflow/example_dags/example_xcomargs.py
[2022-08-08 06:16:57,579] {processor.py:642} INFO - Processing file /home/airflow/.local/lib/python3.7/site-packages/airflow/example_dags/example_xcomargs.py for tasks to queue
[2022-08-08 06:16:57,580] {logging_mixin.py:109} INFO - [2022-08-08 06:16:57,580] {dagbag.py:500} INFO - Filling up the DagBag from /home/airflow/.local/lib/python3.7/site-packages/airflow/example_dags/example_xcomargs.py
[2022-08-08 06:16:57,618] {processor.py:654} INFO - DAG(s) dict_keys(['example_xcom_args', 'example_xcom_args_with_operators']) retrieved from /home/airflow/.local/lib/python3.7/site-packages/airflow/example_dags/example_xcomargs.py
[2022-08-08 06:16:57,882] {logging_mixin.py:109} INFO - [2022-08-08 06:16:57,882] {dag.py:2396} INFO - Sync 2 DAGs
[2022-08-08 06:16:57,897] {logging_mixin.py:109} INFO - [2022-08-08 06:16:57,897] {dag.py:2935} INFO - Setting next_dagrun for example_xcom_args to None
[2022-08-08 06:16:57,898] {logging_mixin.py:109} INFO - [2022-08-08 06:16:57,898] {dag.py:2935} INFO - Setting next_dagrun for example_xcom_args_with_operators to None
[2022-08-08 06:16:57,913] {processor.py:171} INFO - Processing /home/airflow/.local/lib/python3.7/site-packages/airflow/example_dags/example_xcomargs.py took 0.341 seconds
[2022-08-08 06:17:28,036] {processor.py:163} INFO - Started process (PID=1360) to work on /home/airflow/.local/lib/python3.7/site-packages/airflow/example_dags/example_xcomargs.py
[2022-08-08 06:17:28,039] {processor.py:642} INFO - Processing file /home/airflow/.local/lib/python3.7/site-packages/airflow/example_dags/example_xcomargs.py for tasks to queue
[2022-08-08 06:17:28,040] {logging_mixin.py:109} INFO - [2022-08-08 06:17:28,040] {dagbag.py:500} INFO - Filling up the DagBag from /home/airflow/.local/lib/python3.7/site-packages/airflow/example_dags/example_xcomargs.py
[2022-08-08 06:17:28,081] {processor.py:654} INFO - DAG(s) dict_keys(['example_xcom_args', 'example_xcom_args_with_operators']) retrieved from /home/airflow/.local/lib/python3.7/site-packages/airflow/example_dags/example_xcomargs.py
[2022-08-08 06:17:28,346] {logging_mixin.py:109} INFO - [2022-08-08 06:17:28,346] {dag.py:2396} INFO - Sync 2 DAGs
[2022-08-08 06:17:28,363] {logging_mixin.py:109} INFO - [2022-08-08 06:17:28,363] {dag.py:2935} INFO - Setting next_dagrun for example_xcom_args to None
[2022-08-08 06:17:28,364] {logging_mixin.py:109} INFO - [2022-08-08 06:17:28,364] {dag.py:2935} INFO - Setting next_dagrun for example_xcom_args_with_operators to None
[2022-08-08 06:17:28,377] {processor.py:171} INFO - Processing /home/airflow/.local/lib/python3.7/site-packages/airflow/example_dags/example_xcomargs.py took 0.346 seconds
[2022-08-08 06:17:58,438] {processor.py:163} INFO - Started process (PID=1430) to work on /home/airflow/.local/lib/python3.7/site-packages/airflow/example_dags/example_xcomargs.py
[2022-08-08 06:17:58,440] {processor.py:642} INFO - Processing file /home/airflow/.local/lib/python3.7/site-packages/airflow/example_dags/example_xcomargs.py for tasks to queue
[2022-08-08 06:17:58,442] {logging_mixin.py:109} INFO - [2022-08-08 06:17:58,442] {dagbag.py:500} INFO - Filling up the DagBag from /home/airflow/.local/lib/python3.7/site-packages/airflow/example_dags/example_xcomargs.py
[2022-08-08 06:17:58,481] {processor.py:654} INFO - DAG(s) dict_keys(['example_xcom_args', 'example_xcom_args_with_operators']) retrieved from /home/airflow/.local/lib/python3.7/site-packages/airflow/example_dags/example_xcomargs.py
[2022-08-08 06:17:58,741] {logging_mixin.py:109} INFO - [2022-08-08 06:17:58,741] {dag.py:2396} INFO - Sync 2 DAGs
[2022-08-08 06:17:58,754] {logging_mixin.py:109} INFO - [2022-08-08 06:17:58,754] {dag.py:2935} INFO - Setting next_dagrun for example_xcom_args to None
[2022-08-08 06:17:58,755] {logging_mixin.py:109} INFO - [2022-08-08 06:17:58,755] {dag.py:2935} INFO - Setting next_dagrun for example_xcom_args_with_operators to None
[2022-08-08 06:17:58,766] {processor.py:171} INFO - Processing /home/airflow/.local/lib/python3.7/site-packages/airflow/example_dags/example_xcomargs.py took 0.331 seconds
[2022-08-08 06:18:28,862] {processor.py:163} INFO - Started process (PID=1491) to work on /home/airflow/.local/lib/python3.7/site-packages/airflow/example_dags/example_xcomargs.py
[2022-08-08 06:18:28,865] {processor.py:642} INFO - Processing file /home/airflow/.local/lib/python3.7/site-packages/airflow/example_dags/example_xcomargs.py for tasks to queue
[2022-08-08 06:18:28,866] {logging_mixin.py:109} INFO - [2022-08-08 06:18:28,866] {dagbag.py:500} INFO - Filling up the DagBag from /home/airflow/.local/lib/python3.7/site-packages/airflow/example_dags/example_xcomargs.py
[2022-08-08 06:18:28,905] {processor.py:654} INFO - DAG(s) dict_keys(['example_xcom_args', 'example_xcom_args_with_operators']) retrieved from /home/airflow/.local/lib/python3.7/site-packages/airflow/example_dags/example_xcomargs.py
[2022-08-08 06:18:29,162] {logging_mixin.py:109} INFO - [2022-08-08 06:18:29,161] {dag.py:2396} INFO - Sync 2 DAGs
[2022-08-08 06:18:29,175] {logging_mixin.py:109} INFO - [2022-08-08 06:18:29,175] {dag.py:2935} INFO - Setting next_dagrun for example_xcom_args to None
[2022-08-08 06:18:29,177] {logging_mixin.py:109} INFO - [2022-08-08 06:18:29,177] {dag.py:2935} INFO - Setting next_dagrun for example_xcom_args_with_operators to None
[2022-08-08 06:18:29,189] {processor.py:171} INFO - Processing /home/airflow/.local/lib/python3.7/site-packages/airflow/example_dags/example_xcomargs.py took 0.333 seconds
[2022-08-08 06:18:59,270] {processor.py:163} INFO - Started process (PID=1561) to work on /home/airflow/.local/lib/python3.7/site-packages/airflow/example_dags/example_xcomargs.py
[2022-08-08 06:18:59,273] {processor.py:642} INFO - Processing file /home/airflow/.local/lib/python3.7/site-packages/airflow/example_dags/example_xcomargs.py for tasks to queue
[2022-08-08 06:18:59,275] {logging_mixin.py:109} INFO - [2022-08-08 06:18:59,275] {dagbag.py:500} INFO - Filling up the DagBag from /home/airflow/.local/lib/python3.7/site-packages/airflow/example_dags/example_xcomargs.py
[2022-08-08 06:18:59,310] {processor.py:654} INFO - DAG(s) dict_keys(['example_xcom_args', 'example_xcom_args_with_operators']) retrieved from /home/airflow/.local/lib/python3.7/site-packages/airflow/example_dags/example_xcomargs.py
[2022-08-08 06:18:59,325] {logging_mixin.py:109} INFO - [2022-08-08 06:18:59,325] {dag.py:2396} INFO - Sync 2 DAGs
[2022-08-08 06:18:59,344] {logging_mixin.py:109} INFO - [2022-08-08 06:18:59,344] {dag.py:2935} INFO - Setting next_dagrun for example_xcom_args to None
[2022-08-08 06:18:59,346] {logging_mixin.py:109} INFO - [2022-08-08 06:18:59,345] {dag.py:2935} INFO - Setting next_dagrun for example_xcom_args_with_operators to None
[2022-08-08 06:18:59,360] {processor.py:171} INFO - Processing /home/airflow/.local/lib/python3.7/site-packages/airflow/example_dags/example_xcomargs.py took 0.096 seconds
[2022-08-08 06:19:29,433] {processor.py:163} INFO - Started process (PID=1623) to work on /home/airflow/.local/lib/python3.7/site-packages/airflow/example_dags/example_xcomargs.py
[2022-08-08 06:19:29,435] {processor.py:642} INFO - Processing file /home/airflow/.local/lib/python3.7/site-packages/airflow/example_dags/example_xcomargs.py for tasks to queue
[2022-08-08 06:19:29,437] {logging_mixin.py:109} INFO - [2022-08-08 06:19:29,437] {dagbag.py:500} INFO - Filling up the DagBag from /home/airflow/.local/lib/python3.7/site-packages/airflow/example_dags/example_xcomargs.py
[2022-08-08 06:19:29,481] {processor.py:654} INFO - DAG(s) dict_keys(['example_xcom_args', 'example_xcom_args_with_operators']) retrieved from /home/airflow/.local/lib/python3.7/site-packages/airflow/example_dags/example_xcomargs.py
[2022-08-08 06:19:29,753] {logging_mixin.py:109} INFO - [2022-08-08 06:19:29,753] {dag.py:2396} INFO - Sync 2 DAGs
[2022-08-08 06:19:29,767] {logging_mixin.py:109} INFO - [2022-08-08 06:19:29,767] {dag.py:2935} INFO - Setting next_dagrun for example_xcom_args to None
[2022-08-08 06:19:29,768] {logging_mixin.py:109} INFO - [2022-08-08 06:19:29,768] {dag.py:2935} INFO - Setting next_dagrun for example_xcom_args_with_operators to None
[2022-08-08 06:19:29,778] {processor.py:171} INFO - Processing /home/airflow/.local/lib/python3.7/site-packages/airflow/example_dags/example_xcomargs.py took 0.349 seconds
[2022-08-08 06:20:00,180] {processor.py:163} INFO - Started process (PID=1692) to work on /home/airflow/.local/lib/python3.7/site-packages/airflow/example_dags/example_xcomargs.py
[2022-08-08 06:20:00,182] {processor.py:642} INFO - Processing file /home/airflow/.local/lib/python3.7/site-packages/airflow/example_dags/example_xcomargs.py for tasks to queue
[2022-08-08 06:20:00,183] {logging_mixin.py:109} INFO - [2022-08-08 06:20:00,183] {dagbag.py:500} INFO - Filling up the DagBag from /home/airflow/.local/lib/python3.7/site-packages/airflow/example_dags/example_xcomargs.py
[2022-08-08 06:20:00,226] {processor.py:654} INFO - DAG(s) dict_keys(['example_xcom_args', 'example_xcom_args_with_operators']) retrieved from /home/airflow/.local/lib/python3.7/site-packages/airflow/example_dags/example_xcomargs.py
[2022-08-08 06:20:00,514] {logging_mixin.py:109} INFO - [2022-08-08 06:20:00,514] {dag.py:2396} INFO - Sync 2 DAGs
[2022-08-08 06:20:00,529] {logging_mixin.py:109} INFO - [2022-08-08 06:20:00,529] {dag.py:2935} INFO - Setting next_dagrun for example_xcom_args to None
[2022-08-08 06:20:00,531] {logging_mixin.py:109} INFO - [2022-08-08 06:20:00,530] {dag.py:2935} INFO - Setting next_dagrun for example_xcom_args_with_operators to None
[2022-08-08 06:20:00,549] {processor.py:171} INFO - Processing /home/airflow/.local/lib/python3.7/site-packages/airflow/example_dags/example_xcomargs.py took 0.375 seconds
[2022-08-08 06:20:31,386] {processor.py:163} INFO - Started process (PID=1753) to work on /home/airflow/.local/lib/python3.7/site-packages/airflow/example_dags/example_xcomargs.py
[2022-08-08 06:20:31,388] {processor.py:642} INFO - Processing file /home/airflow/.local/lib/python3.7/site-packages/airflow/example_dags/example_xcomargs.py for tasks to queue
[2022-08-08 06:20:31,390] {logging_mixin.py:109} INFO - [2022-08-08 06:20:31,389] {dagbag.py:500} INFO - Filling up the DagBag from /home/airflow/.local/lib/python3.7/site-packages/airflow/example_dags/example_xcomargs.py
[2022-08-08 06:20:31,450] {processor.py:654} INFO - DAG(s) dict_keys(['example_xcom_args', 'example_xcom_args_with_operators']) retrieved from /home/airflow/.local/lib/python3.7/site-packages/airflow/example_dags/example_xcomargs.py
[2022-08-08 06:20:31,723] {logging_mixin.py:109} INFO - [2022-08-08 06:20:31,723] {dag.py:2396} INFO - Sync 2 DAGs
[2022-08-08 06:20:31,737] {logging_mixin.py:109} INFO - [2022-08-08 06:20:31,737] {dag.py:2935} INFO - Setting next_dagrun for example_xcom_args to None
[2022-08-08 06:20:31,738] {logging_mixin.py:109} INFO - [2022-08-08 06:20:31,738] {dag.py:2935} INFO - Setting next_dagrun for example_xcom_args_with_operators to None
[2022-08-08 06:20:31,752] {processor.py:171} INFO - Processing /home/airflow/.local/lib/python3.7/site-packages/airflow/example_dags/example_xcomargs.py took 0.370 seconds
[2022-08-08 06:21:02,191] {processor.py:163} INFO - Started process (PID=1822) to work on /home/airflow/.local/lib/python3.7/site-packages/airflow/example_dags/example_xcomargs.py
[2022-08-08 06:21:02,205] {processor.py:642} INFO - Processing file /home/airflow/.local/lib/python3.7/site-packages/airflow/example_dags/example_xcomargs.py for tasks to queue
[2022-08-08 06:21:02,207] {logging_mixin.py:109} INFO - [2022-08-08 06:21:02,207] {dagbag.py:500} INFO - Filling up the DagBag from /home/airflow/.local/lib/python3.7/site-packages/airflow/example_dags/example_xcomargs.py
[2022-08-08 06:21:02,247] {processor.py:654} INFO - DAG(s) dict_keys(['example_xcom_args', 'example_xcom_args_with_operators']) retrieved from /home/airflow/.local/lib/python3.7/site-packages/airflow/example_dags/example_xcomargs.py
[2022-08-08 06:21:02,536] {logging_mixin.py:109} INFO - [2022-08-08 06:21:02,536] {dag.py:2396} INFO - Sync 2 DAGs
[2022-08-08 06:21:02,555] {logging_mixin.py:109} INFO - [2022-08-08 06:21:02,555] {dag.py:2935} INFO - Setting next_dagrun for example_xcom_args to None
[2022-08-08 06:21:02,556] {logging_mixin.py:109} INFO - [2022-08-08 06:21:02,556] {dag.py:2935} INFO - Setting next_dagrun for example_xcom_args_with_operators to None
[2022-08-08 06:21:02,569] {processor.py:171} INFO - Processing /home/airflow/.local/lib/python3.7/site-packages/airflow/example_dags/example_xcomargs.py took 0.382 seconds
[2022-08-08 06:21:32,683] {processor.py:163} INFO - Started process (PID=1882) to work on /home/airflow/.local/lib/python3.7/site-packages/airflow/example_dags/example_xcomargs.py
[2022-08-08 06:21:32,686] {processor.py:642} INFO - Processing file /home/airflow/.local/lib/python3.7/site-packages/airflow/example_dags/example_xcomargs.py for tasks to queue
[2022-08-08 06:21:32,687] {logging_mixin.py:109} INFO - [2022-08-08 06:21:32,687] {dagbag.py:500} INFO - Filling up the DagBag from /home/airflow/.local/lib/python3.7/site-packages/airflow/example_dags/example_xcomargs.py
[2022-08-08 06:21:32,728] {processor.py:654} INFO - DAG(s) dict_keys(['example_xcom_args', 'example_xcom_args_with_operators']) retrieved from /home/airflow/.local/lib/python3.7/site-packages/airflow/example_dags/example_xcomargs.py
[2022-08-08 06:21:33,066] {logging_mixin.py:109} INFO - [2022-08-08 06:21:33,066] {dag.py:2396} INFO - Sync 2 DAGs
[2022-08-08 06:21:33,087] {logging_mixin.py:109} INFO - [2022-08-08 06:21:33,087] {dag.py:2935} INFO - Setting next_dagrun for example_xcom_args to None
[2022-08-08 06:21:33,089] {logging_mixin.py:109} INFO - [2022-08-08 06:21:33,089] {dag.py:2935} INFO - Setting next_dagrun for example_xcom_args_with_operators to None
[2022-08-08 06:21:33,296] {processor.py:171} INFO - Processing /home/airflow/.local/lib/python3.7/site-packages/airflow/example_dags/example_xcomargs.py took 0.616 seconds
[2022-08-08 06:22:03,542] {processor.py:163} INFO - Started process (PID=1951) to work on /home/airflow/.local/lib/python3.7/site-packages/airflow/example_dags/example_xcomargs.py
[2022-08-08 06:22:03,545] {processor.py:642} INFO - Processing file /home/airflow/.local/lib/python3.7/site-packages/airflow/example_dags/example_xcomargs.py for tasks to queue
[2022-08-08 06:22:03,546] {logging_mixin.py:109} INFO - [2022-08-08 06:22:03,546] {dagbag.py:500} INFO - Filling up the DagBag from /home/airflow/.local/lib/python3.7/site-packages/airflow/example_dags/example_xcomargs.py
[2022-08-08 06:22:03,586] {processor.py:654} INFO - DAG(s) dict_keys(['example_xcom_args', 'example_xcom_args_with_operators']) retrieved from /home/airflow/.local/lib/python3.7/site-packages/airflow/example_dags/example_xcomargs.py
[2022-08-08 06:22:03,854] {logging_mixin.py:109} INFO - [2022-08-08 06:22:03,854] {dag.py:2396} INFO - Sync 2 DAGs
[2022-08-08 06:22:03,871] {logging_mixin.py:109} INFO - [2022-08-08 06:22:03,870] {dag.py:2935} INFO - Setting next_dagrun for example_xcom_args to None
[2022-08-08 06:22:03,872] {logging_mixin.py:109} INFO - [2022-08-08 06:22:03,872] {dag.py:2935} INFO - Setting next_dagrun for example_xcom_args_with_operators to None
[2022-08-08 06:22:03,886] {processor.py:171} INFO - Processing /home/airflow/.local/lib/python3.7/site-packages/airflow/example_dags/example_xcomargs.py took 0.348 seconds
[2022-08-08 06:22:34,112] {processor.py:163} INFO - Started process (PID=2011) to work on /home/airflow/.local/lib/python3.7/site-packages/airflow/example_dags/example_xcomargs.py
[2022-08-08 06:22:34,115] {processor.py:642} INFO - Processing file /home/airflow/.local/lib/python3.7/site-packages/airflow/example_dags/example_xcomargs.py for tasks to queue
[2022-08-08 06:22:34,117] {logging_mixin.py:109} INFO - [2022-08-08 06:22:34,116] {dagbag.py:500} INFO - Filling up the DagBag from /home/airflow/.local/lib/python3.7/site-packages/airflow/example_dags/example_xcomargs.py
[2022-08-08 06:22:34,244] {processor.py:654} INFO - DAG(s) dict_keys(['example_xcom_args', 'example_xcom_args_with_operators']) retrieved from /home/airflow/.local/lib/python3.7/site-packages/airflow/example_dags/example_xcomargs.py
[2022-08-08 06:22:34,422] {logging_mixin.py:109} INFO - [2022-08-08 06:22:34,421] {dag.py:2396} INFO - Sync 2 DAGs
[2022-08-08 06:22:34,443] {logging_mixin.py:109} INFO - [2022-08-08 06:22:34,442] {dag.py:2935} INFO - Setting next_dagrun for example_xcom_args to None
[2022-08-08 06:22:34,444] {logging_mixin.py:109} INFO - [2022-08-08 06:22:34,444] {dag.py:2935} INFO - Setting next_dagrun for example_xcom_args_with_operators to None
[2022-08-08 06:22:34,458] {processor.py:171} INFO - Processing /home/airflow/.local/lib/python3.7/site-packages/airflow/example_dags/example_xcomargs.py took 0.351 seconds
[2022-08-08 07:11:45,562] {processor.py:163} INFO - Started process (PID=2074) to work on /home/airflow/.local/lib/python3.7/site-packages/airflow/example_dags/example_xcomargs.py
[2022-08-08 07:11:45,565] {processor.py:642} INFO - Processing file /home/airflow/.local/lib/python3.7/site-packages/airflow/example_dags/example_xcomargs.py for tasks to queue
[2022-08-08 07:11:45,566] {logging_mixin.py:109} INFO - [2022-08-08 07:11:45,566] {dagbag.py:500} INFO - Filling up the DagBag from /home/airflow/.local/lib/python3.7/site-packages/airflow/example_dags/example_xcomargs.py
[2022-08-08 07:11:45,692] {processor.py:654} INFO - DAG(s) dict_keys(['example_xcom_args', 'example_xcom_args_with_operators']) retrieved from /home/airflow/.local/lib/python3.7/site-packages/airflow/example_dags/example_xcomargs.py
[2022-08-08 07:11:45,879] {logging_mixin.py:109} INFO - [2022-08-08 07:11:45,879] {dag.py:2396} INFO - Sync 2 DAGs
[2022-08-08 07:11:45,893] {logging_mixin.py:109} INFO - [2022-08-08 07:11:45,893] {dag.py:2935} INFO - Setting next_dagrun for example_xcom_args to None
[2022-08-08 07:11:45,895] {logging_mixin.py:109} INFO - [2022-08-08 07:11:45,895] {dag.py:2935} INFO - Setting next_dagrun for example_xcom_args_with_operators to None
[2022-08-08 07:11:45,909] {processor.py:171} INFO - Processing /home/airflow/.local/lib/python3.7/site-packages/airflow/example_dags/example_xcomargs.py took 0.350 seconds
[2022-08-08 09:12:27,335] {processor.py:163} INFO - Started process (PID=2137) to work on /home/airflow/.local/lib/python3.7/site-packages/airflow/example_dags/example_xcomargs.py
[2022-08-08 09:12:27,339] {processor.py:642} INFO - Processing file /home/airflow/.local/lib/python3.7/site-packages/airflow/example_dags/example_xcomargs.py for tasks to queue
[2022-08-08 09:12:27,350] {logging_mixin.py:109} INFO - [2022-08-08 09:12:27,349] {dagbag.py:500} INFO - Filling up the DagBag from /home/airflow/.local/lib/python3.7/site-packages/airflow/example_dags/example_xcomargs.py
[2022-08-08 09:12:27,483] {processor.py:654} INFO - DAG(s) dict_keys(['example_xcom_args', 'example_xcom_args_with_operators']) retrieved from /home/airflow/.local/lib/python3.7/site-packages/airflow/example_dags/example_xcomargs.py
[2022-08-08 09:12:28,071] {logging_mixin.py:109} INFO - [2022-08-08 09:12:28,071] {dag.py:2396} INFO - Sync 2 DAGs
[2022-08-08 09:12:28,095] {logging_mixin.py:109} INFO - [2022-08-08 09:12:28,094] {dag.py:2935} INFO - Setting next_dagrun for example_xcom_args to None
[2022-08-08 09:12:28,096] {logging_mixin.py:109} INFO - [2022-08-08 09:12:28,096] {dag.py:2935} INFO - Setting next_dagrun for example_xcom_args_with_operators to None
[2022-08-08 09:12:28,121] {processor.py:171} INFO - Processing /home/airflow/.local/lib/python3.7/site-packages/airflow/example_dags/example_xcomargs.py took 0.803 seconds
[2022-08-08 09:16:12,604] {processor.py:163} INFO - Started process (PID=2168) to work on /home/airflow/.local/lib/python3.7/site-packages/airflow/example_dags/example_xcomargs.py
[2022-08-08 09:16:12,608] {processor.py:642} INFO - Processing file /home/airflow/.local/lib/python3.7/site-packages/airflow/example_dags/example_xcomargs.py for tasks to queue
[2022-08-08 09:16:12,611] {logging_mixin.py:109} INFO - [2022-08-08 09:16:12,611] {dagbag.py:500} INFO - Filling up the DagBag from /home/airflow/.local/lib/python3.7/site-packages/airflow/example_dags/example_xcomargs.py
[2022-08-08 09:16:12,767] {processor.py:654} INFO - DAG(s) dict_keys(['example_xcom_args', 'example_xcom_args_with_operators']) retrieved from /home/airflow/.local/lib/python3.7/site-packages/airflow/example_dags/example_xcomargs.py
[2022-08-08 09:16:13,439] {logging_mixin.py:109} INFO - [2022-08-08 09:16:13,439] {dag.py:2396} INFO - Sync 2 DAGs
[2022-08-08 09:16:13,480] {logging_mixin.py:109} INFO - [2022-08-08 09:16:13,479] {dag.py:2935} INFO - Setting next_dagrun for example_xcom_args to None
[2022-08-08 09:16:13,487] {logging_mixin.py:109} INFO - [2022-08-08 09:16:13,486] {dag.py:2935} INFO - Setting next_dagrun for example_xcom_args_with_operators to None
[2022-08-08 09:16:13,536] {processor.py:171} INFO - Processing /home/airflow/.local/lib/python3.7/site-packages/airflow/example_dags/example_xcomargs.py took 0.951 seconds
