[2022-08-08 06:07:12,757] {processor.py:163} INFO - Started process (PID=89) to work on /home/airflow/.local/lib/python3.7/site-packages/airflow/example_dags/example_branch_day_of_week_operator.py
[2022-08-08 06:07:12,762] {processor.py:642} INFO - Processing file /home/airflow/.local/lib/python3.7/site-packages/airflow/example_dags/example_branch_day_of_week_operator.py for tasks to queue
[2022-08-08 06:07:12,765] {logging_mixin.py:109} INFO - [2022-08-08 06:07:12,765] {dagbag.py:500} INFO - Filling up the DagBag from /home/airflow/.local/lib/python3.7/site-packages/airflow/example_dags/example_branch_day_of_week_operator.py
[2022-08-08 06:07:12,861] {processor.py:654} INFO - DAG(s) dict_keys(['example_weekday_branch_operator']) retrieved from /home/airflow/.local/lib/python3.7/site-packages/airflow/example_dags/example_branch_day_of_week_operator.py
[2022-08-08 06:07:12,902] {logging_mixin.py:109} INFO - [2022-08-08 06:07:12,902] {dag.py:2396} INFO - Sync 1 DAGs
[2022-08-08 06:07:13,051] {logging_mixin.py:109} INFO - [2022-08-08 06:07:13,050] {dag.py:2935} INFO - Setting next_dagrun for example_weekday_branch_operator to 2022-08-07 00:00:00+00:00
[2022-08-08 06:07:13,350] {processor.py:171} INFO - Processing /home/airflow/.local/lib/python3.7/site-packages/airflow/example_dags/example_branch_day_of_week_operator.py took 0.603 seconds
[2022-08-08 06:07:44,158] {processor.py:163} INFO - Started process (PID=139) to work on /home/airflow/.local/lib/python3.7/site-packages/airflow/example_dags/example_branch_day_of_week_operator.py
[2022-08-08 06:07:44,165] {processor.py:642} INFO - Processing file /home/airflow/.local/lib/python3.7/site-packages/airflow/example_dags/example_branch_day_of_week_operator.py for tasks to queue
[2022-08-08 06:07:44,170] {logging_mixin.py:109} INFO - [2022-08-08 06:07:44,170] {dagbag.py:500} INFO - Filling up the DagBag from /home/airflow/.local/lib/python3.7/site-packages/airflow/example_dags/example_branch_day_of_week_operator.py
[2022-08-08 06:07:44,271] {processor.py:654} INFO - DAG(s) dict_keys(['example_weekday_branch_operator']) retrieved from /home/airflow/.local/lib/python3.7/site-packages/airflow/example_dags/example_branch_day_of_week_operator.py
[2022-08-08 06:07:44,323] {logging_mixin.py:109} INFO - [2022-08-08 06:07:44,323] {dag.py:2396} INFO - Sync 1 DAGs
[2022-08-08 06:07:44,389] {logging_mixin.py:109} INFO - [2022-08-08 06:07:44,389] {dag.py:2935} INFO - Setting next_dagrun for example_weekday_branch_operator to 2022-08-07 00:00:00+00:00
[2022-08-08 06:07:44,424] {processor.py:171} INFO - Processing /home/airflow/.local/lib/python3.7/site-packages/airflow/example_dags/example_branch_day_of_week_operator.py took 0.276 seconds
[2022-08-08 06:08:15,776] {processor.py:163} INFO - Started process (PID=202) to work on /home/airflow/.local/lib/python3.7/site-packages/airflow/example_dags/example_branch_day_of_week_operator.py
[2022-08-08 06:08:15,796] {processor.py:642} INFO - Processing file /home/airflow/.local/lib/python3.7/site-packages/airflow/example_dags/example_branch_day_of_week_operator.py for tasks to queue
[2022-08-08 06:08:15,850] {logging_mixin.py:109} INFO - [2022-08-08 06:08:15,833] {dagbag.py:500} INFO - Filling up the DagBag from /home/airflow/.local/lib/python3.7/site-packages/airflow/example_dags/example_branch_day_of_week_operator.py
[2022-08-08 06:08:15,991] {processor.py:654} INFO - DAG(s) dict_keys(['example_weekday_branch_operator']) retrieved from /home/airflow/.local/lib/python3.7/site-packages/airflow/example_dags/example_branch_day_of_week_operator.py
[2022-08-08 06:08:16,041] {logging_mixin.py:109} INFO - [2022-08-08 06:08:16,040] {dag.py:2396} INFO - Sync 1 DAGs
[2022-08-08 06:08:16,150] {logging_mixin.py:109} INFO - [2022-08-08 06:08:16,150] {dag.py:2935} INFO - Setting next_dagrun for example_weekday_branch_operator to 2022-08-07 00:00:00+00:00
[2022-08-08 06:08:16,188] {processor.py:171} INFO - Processing /home/airflow/.local/lib/python3.7/site-packages/airflow/example_dags/example_branch_day_of_week_operator.py took 0.476 seconds
[2022-08-08 06:08:46,800] {processor.py:163} INFO - Started process (PID=269) to work on /home/airflow/.local/lib/python3.7/site-packages/airflow/example_dags/example_branch_day_of_week_operator.py
[2022-08-08 06:08:46,803] {processor.py:642} INFO - Processing file /home/airflow/.local/lib/python3.7/site-packages/airflow/example_dags/example_branch_day_of_week_operator.py for tasks to queue
[2022-08-08 06:08:46,805] {logging_mixin.py:109} INFO - [2022-08-08 06:08:46,805] {dagbag.py:500} INFO - Filling up the DagBag from /home/airflow/.local/lib/python3.7/site-packages/airflow/example_dags/example_branch_day_of_week_operator.py
[2022-08-08 06:08:46,841] {processor.py:654} INFO - DAG(s) dict_keys(['example_weekday_branch_operator']) retrieved from /home/airflow/.local/lib/python3.7/site-packages/airflow/example_dags/example_branch_day_of_week_operator.py
[2022-08-08 06:08:46,854] {logging_mixin.py:109} INFO - [2022-08-08 06:08:46,853] {dag.py:2396} INFO - Sync 1 DAGs
[2022-08-08 06:08:46,874] {logging_mixin.py:109} INFO - [2022-08-08 06:08:46,874] {dag.py:2935} INFO - Setting next_dagrun for example_weekday_branch_operator to 2022-08-07 00:00:00+00:00
[2022-08-08 06:08:46,891] {processor.py:171} INFO - Processing /home/airflow/.local/lib/python3.7/site-packages/airflow/example_dags/example_branch_day_of_week_operator.py took 0.096 seconds
[2022-08-08 06:09:17,280] {processor.py:163} INFO - Started process (PID=329) to work on /home/airflow/.local/lib/python3.7/site-packages/airflow/example_dags/example_branch_day_of_week_operator.py
[2022-08-08 06:09:17,282] {processor.py:642} INFO - Processing file /home/airflow/.local/lib/python3.7/site-packages/airflow/example_dags/example_branch_day_of_week_operator.py for tasks to queue
[2022-08-08 06:09:17,283] {logging_mixin.py:109} INFO - [2022-08-08 06:09:17,283] {dagbag.py:500} INFO - Filling up the DagBag from /home/airflow/.local/lib/python3.7/site-packages/airflow/example_dags/example_branch_day_of_week_operator.py
[2022-08-08 06:09:17,317] {processor.py:654} INFO - DAG(s) dict_keys(['example_weekday_branch_operator']) retrieved from /home/airflow/.local/lib/python3.7/site-packages/airflow/example_dags/example_branch_day_of_week_operator.py
[2022-08-08 06:09:17,328] {logging_mixin.py:109} INFO - [2022-08-08 06:09:17,327] {dag.py:2396} INFO - Sync 1 DAGs
[2022-08-08 06:09:17,345] {logging_mixin.py:109} INFO - [2022-08-08 06:09:17,345] {dag.py:2935} INFO - Setting next_dagrun for example_weekday_branch_operator to 2022-08-07 00:00:00+00:00
[2022-08-08 06:09:17,360] {processor.py:171} INFO - Processing /home/airflow/.local/lib/python3.7/site-packages/airflow/example_dags/example_branch_day_of_week_operator.py took 0.085 seconds
[2022-08-08 06:09:47,546] {processor.py:163} INFO - Started process (PID=399) to work on /home/airflow/.local/lib/python3.7/site-packages/airflow/example_dags/example_branch_day_of_week_operator.py
[2022-08-08 06:09:47,549] {processor.py:642} INFO - Processing file /home/airflow/.local/lib/python3.7/site-packages/airflow/example_dags/example_branch_day_of_week_operator.py for tasks to queue
[2022-08-08 06:09:47,550] {logging_mixin.py:109} INFO - [2022-08-08 06:09:47,550] {dagbag.py:500} INFO - Filling up the DagBag from /home/airflow/.local/lib/python3.7/site-packages/airflow/example_dags/example_branch_day_of_week_operator.py
[2022-08-08 06:09:47,581] {processor.py:654} INFO - DAG(s) dict_keys(['example_weekday_branch_operator']) retrieved from /home/airflow/.local/lib/python3.7/site-packages/airflow/example_dags/example_branch_day_of_week_operator.py
[2022-08-08 06:09:47,594] {logging_mixin.py:109} INFO - [2022-08-08 06:09:47,593] {dag.py:2396} INFO - Sync 1 DAGs
[2022-08-08 06:09:47,613] {logging_mixin.py:109} INFO - [2022-08-08 06:09:47,612] {dag.py:2935} INFO - Setting next_dagrun for example_weekday_branch_operator to 2022-08-07 00:00:00+00:00
[2022-08-08 06:09:47,625] {processor.py:171} INFO - Processing /home/airflow/.local/lib/python3.7/site-packages/airflow/example_dags/example_branch_day_of_week_operator.py took 0.083 seconds
[2022-08-08 06:10:18,695] {processor.py:163} INFO - Started process (PID=459) to work on /home/airflow/.local/lib/python3.7/site-packages/airflow/example_dags/example_branch_day_of_week_operator.py
[2022-08-08 06:10:18,698] {processor.py:642} INFO - Processing file /home/airflow/.local/lib/python3.7/site-packages/airflow/example_dags/example_branch_day_of_week_operator.py for tasks to queue
[2022-08-08 06:10:18,701] {logging_mixin.py:109} INFO - [2022-08-08 06:10:18,701] {dagbag.py:500} INFO - Filling up the DagBag from /home/airflow/.local/lib/python3.7/site-packages/airflow/example_dags/example_branch_day_of_week_operator.py
[2022-08-08 06:10:18,737] {processor.py:654} INFO - DAG(s) dict_keys(['example_weekday_branch_operator']) retrieved from /home/airflow/.local/lib/python3.7/site-packages/airflow/example_dags/example_branch_day_of_week_operator.py
[2022-08-08 06:10:18,750] {logging_mixin.py:109} INFO - [2022-08-08 06:10:18,749] {dag.py:2396} INFO - Sync 1 DAGs
[2022-08-08 06:10:18,771] {logging_mixin.py:109} INFO - [2022-08-08 06:10:18,771] {dag.py:2935} INFO - Setting next_dagrun for example_weekday_branch_operator to 2022-08-07 00:00:00+00:00
[2022-08-08 06:10:18,788] {processor.py:171} INFO - Processing /home/airflow/.local/lib/python3.7/site-packages/airflow/example_dags/example_branch_day_of_week_operator.py took 0.100 seconds
[2022-08-08 06:10:49,875] {processor.py:163} INFO - Started process (PID=529) to work on /home/airflow/.local/lib/python3.7/site-packages/airflow/example_dags/example_branch_day_of_week_operator.py
[2022-08-08 06:10:49,878] {processor.py:642} INFO - Processing file /home/airflow/.local/lib/python3.7/site-packages/airflow/example_dags/example_branch_day_of_week_operator.py for tasks to queue
[2022-08-08 06:10:49,882] {logging_mixin.py:109} INFO - [2022-08-08 06:10:49,882] {dagbag.py:500} INFO - Filling up the DagBag from /home/airflow/.local/lib/python3.7/site-packages/airflow/example_dags/example_branch_day_of_week_operator.py
[2022-08-08 06:10:49,931] {processor.py:654} INFO - DAG(s) dict_keys(['example_weekday_branch_operator']) retrieved from /home/airflow/.local/lib/python3.7/site-packages/airflow/example_dags/example_branch_day_of_week_operator.py
[2022-08-08 06:10:49,949] {logging_mixin.py:109} INFO - [2022-08-08 06:10:49,949] {dag.py:2396} INFO - Sync 1 DAGs
[2022-08-08 06:10:49,982] {logging_mixin.py:109} INFO - [2022-08-08 06:10:49,982] {dag.py:2935} INFO - Setting next_dagrun for example_weekday_branch_operator to 2022-08-07 00:00:00+00:00
[2022-08-08 06:10:49,996] {processor.py:171} INFO - Processing /home/airflow/.local/lib/python3.7/site-packages/airflow/example_dags/example_branch_day_of_week_operator.py took 0.139 seconds
[2022-08-08 06:11:20,444] {processor.py:163} INFO - Started process (PID=590) to work on /home/airflow/.local/lib/python3.7/site-packages/airflow/example_dags/example_branch_day_of_week_operator.py
[2022-08-08 06:11:20,446] {processor.py:642} INFO - Processing file /home/airflow/.local/lib/python3.7/site-packages/airflow/example_dags/example_branch_day_of_week_operator.py for tasks to queue
[2022-08-08 06:11:20,448] {logging_mixin.py:109} INFO - [2022-08-08 06:11:20,448] {dagbag.py:500} INFO - Filling up the DagBag from /home/airflow/.local/lib/python3.7/site-packages/airflow/example_dags/example_branch_day_of_week_operator.py
[2022-08-08 06:11:20,492] {processor.py:654} INFO - DAG(s) dict_keys(['example_weekday_branch_operator']) retrieved from /home/airflow/.local/lib/python3.7/site-packages/airflow/example_dags/example_branch_day_of_week_operator.py
[2022-08-08 06:11:20,510] {logging_mixin.py:109} INFO - [2022-08-08 06:11:20,509] {dag.py:2396} INFO - Sync 1 DAGs
[2022-08-08 06:11:20,533] {logging_mixin.py:109} INFO - [2022-08-08 06:11:20,533] {dag.py:2935} INFO - Setting next_dagrun for example_weekday_branch_operator to 2022-08-07 00:00:00+00:00
[2022-08-08 06:11:20,550] {processor.py:171} INFO - Processing /home/airflow/.local/lib/python3.7/site-packages/airflow/example_dags/example_branch_day_of_week_operator.py took 0.113 seconds
[2022-08-08 06:11:51,034] {processor.py:163} INFO - Started process (PID=650) to work on /home/airflow/.local/lib/python3.7/site-packages/airflow/example_dags/example_branch_day_of_week_operator.py
[2022-08-08 06:11:51,039] {processor.py:642} INFO - Processing file /home/airflow/.local/lib/python3.7/site-packages/airflow/example_dags/example_branch_day_of_week_operator.py for tasks to queue
[2022-08-08 06:11:51,049] {logging_mixin.py:109} INFO - [2022-08-08 06:11:51,047] {dagbag.py:500} INFO - Filling up the DagBag from /home/airflow/.local/lib/python3.7/site-packages/airflow/example_dags/example_branch_day_of_week_operator.py
[2022-08-08 06:11:51,117] {processor.py:654} INFO - DAG(s) dict_keys(['example_weekday_branch_operator']) retrieved from /home/airflow/.local/lib/python3.7/site-packages/airflow/example_dags/example_branch_day_of_week_operator.py
[2022-08-08 06:11:51,129] {logging_mixin.py:109} INFO - [2022-08-08 06:11:51,129] {dag.py:2396} INFO - Sync 1 DAGs
[2022-08-08 06:11:51,148] {logging_mixin.py:109} INFO - [2022-08-08 06:11:51,148] {dag.py:2935} INFO - Setting next_dagrun for example_weekday_branch_operator to 2022-08-07 00:00:00+00:00
[2022-08-08 06:11:51,158] {processor.py:171} INFO - Processing /home/airflow/.local/lib/python3.7/site-packages/airflow/example_dags/example_branch_day_of_week_operator.py took 0.131 seconds
[2022-08-08 06:12:21,577] {processor.py:163} INFO - Started process (PID=719) to work on /home/airflow/.local/lib/python3.7/site-packages/airflow/example_dags/example_branch_day_of_week_operator.py
[2022-08-08 06:12:21,580] {processor.py:642} INFO - Processing file /home/airflow/.local/lib/python3.7/site-packages/airflow/example_dags/example_branch_day_of_week_operator.py for tasks to queue
[2022-08-08 06:12:21,581] {logging_mixin.py:109} INFO - [2022-08-08 06:12:21,581] {dagbag.py:500} INFO - Filling up the DagBag from /home/airflow/.local/lib/python3.7/site-packages/airflow/example_dags/example_branch_day_of_week_operator.py
[2022-08-08 06:12:21,615] {processor.py:654} INFO - DAG(s) dict_keys(['example_weekday_branch_operator']) retrieved from /home/airflow/.local/lib/python3.7/site-packages/airflow/example_dags/example_branch_day_of_week_operator.py
[2022-08-08 06:12:21,628] {logging_mixin.py:109} INFO - [2022-08-08 06:12:21,628] {dag.py:2396} INFO - Sync 1 DAGs
[2022-08-08 06:12:21,649] {logging_mixin.py:109} INFO - [2022-08-08 06:12:21,649] {dag.py:2935} INFO - Setting next_dagrun for example_weekday_branch_operator to 2022-08-07 00:00:00+00:00
[2022-08-08 06:12:21,660] {processor.py:171} INFO - Processing /home/airflow/.local/lib/python3.7/site-packages/airflow/example_dags/example_branch_day_of_week_operator.py took 0.086 seconds
[2022-08-08 06:12:52,136] {processor.py:163} INFO - Started process (PID=779) to work on /home/airflow/.local/lib/python3.7/site-packages/airflow/example_dags/example_branch_day_of_week_operator.py
[2022-08-08 06:12:52,139] {processor.py:642} INFO - Processing file /home/airflow/.local/lib/python3.7/site-packages/airflow/example_dags/example_branch_day_of_week_operator.py for tasks to queue
[2022-08-08 06:12:52,140] {logging_mixin.py:109} INFO - [2022-08-08 06:12:52,140] {dagbag.py:500} INFO - Filling up the DagBag from /home/airflow/.local/lib/python3.7/site-packages/airflow/example_dags/example_branch_day_of_week_operator.py
[2022-08-08 06:12:52,170] {processor.py:654} INFO - DAG(s) dict_keys(['example_weekday_branch_operator']) retrieved from /home/airflow/.local/lib/python3.7/site-packages/airflow/example_dags/example_branch_day_of_week_operator.py
[2022-08-08 06:12:52,181] {logging_mixin.py:109} INFO - [2022-08-08 06:12:52,181] {dag.py:2396} INFO - Sync 1 DAGs
[2022-08-08 06:12:52,216] {logging_mixin.py:109} INFO - [2022-08-08 06:12:52,216] {dag.py:2935} INFO - Setting next_dagrun for example_weekday_branch_operator to 2022-08-07 00:00:00+00:00
[2022-08-08 06:12:52,227] {processor.py:171} INFO - Processing /home/airflow/.local/lib/python3.7/site-packages/airflow/example_dags/example_branch_day_of_week_operator.py took 0.094 seconds
[2022-08-08 06:13:22,666] {processor.py:163} INFO - Started process (PID=849) to work on /home/airflow/.local/lib/python3.7/site-packages/airflow/example_dags/example_branch_day_of_week_operator.py
[2022-08-08 06:13:22,669] {processor.py:642} INFO - Processing file /home/airflow/.local/lib/python3.7/site-packages/airflow/example_dags/example_branch_day_of_week_operator.py for tasks to queue
[2022-08-08 06:13:22,670] {logging_mixin.py:109} INFO - [2022-08-08 06:13:22,670] {dagbag.py:500} INFO - Filling up the DagBag from /home/airflow/.local/lib/python3.7/site-packages/airflow/example_dags/example_branch_day_of_week_operator.py
[2022-08-08 06:13:22,702] {processor.py:654} INFO - DAG(s) dict_keys(['example_weekday_branch_operator']) retrieved from /home/airflow/.local/lib/python3.7/site-packages/airflow/example_dags/example_branch_day_of_week_operator.py
[2022-08-08 06:13:22,714] {logging_mixin.py:109} INFO - [2022-08-08 06:13:22,714] {dag.py:2396} INFO - Sync 1 DAGs
[2022-08-08 06:13:22,733] {logging_mixin.py:109} INFO - [2022-08-08 06:13:22,733] {dag.py:2935} INFO - Setting next_dagrun for example_weekday_branch_operator to 2022-08-07 00:00:00+00:00
[2022-08-08 06:13:22,744] {processor.py:171} INFO - Processing /home/airflow/.local/lib/python3.7/site-packages/airflow/example_dags/example_branch_day_of_week_operator.py took 0.082 seconds
[2022-08-08 06:13:53,054] {processor.py:163} INFO - Started process (PID=908) to work on /home/airflow/.local/lib/python3.7/site-packages/airflow/example_dags/example_branch_day_of_week_operator.py
[2022-08-08 06:13:53,056] {processor.py:642} INFO - Processing file /home/airflow/.local/lib/python3.7/site-packages/airflow/example_dags/example_branch_day_of_week_operator.py for tasks to queue
[2022-08-08 06:13:53,057] {logging_mixin.py:109} INFO - [2022-08-08 06:13:53,057] {dagbag.py:500} INFO - Filling up the DagBag from /home/airflow/.local/lib/python3.7/site-packages/airflow/example_dags/example_branch_day_of_week_operator.py
[2022-08-08 06:13:53,091] {processor.py:654} INFO - DAG(s) dict_keys(['example_weekday_branch_operator']) retrieved from /home/airflow/.local/lib/python3.7/site-packages/airflow/example_dags/example_branch_day_of_week_operator.py
[2022-08-08 06:13:53,103] {logging_mixin.py:109} INFO - [2022-08-08 06:13:53,103] {dag.py:2396} INFO - Sync 1 DAGs
[2022-08-08 06:13:53,125] {logging_mixin.py:109} INFO - [2022-08-08 06:13:53,125] {dag.py:2935} INFO - Setting next_dagrun for example_weekday_branch_operator to 2022-08-07 00:00:00+00:00
[2022-08-08 06:13:53,143] {processor.py:171} INFO - Processing /home/airflow/.local/lib/python3.7/site-packages/airflow/example_dags/example_branch_day_of_week_operator.py took 0.092 seconds
[2022-08-08 06:14:23,419] {processor.py:163} INFO - Started process (PID=976) to work on /home/airflow/.local/lib/python3.7/site-packages/airflow/example_dags/example_branch_day_of_week_operator.py
[2022-08-08 06:14:23,422] {processor.py:642} INFO - Processing file /home/airflow/.local/lib/python3.7/site-packages/airflow/example_dags/example_branch_day_of_week_operator.py for tasks to queue
[2022-08-08 06:14:23,423] {logging_mixin.py:109} INFO - [2022-08-08 06:14:23,423] {dagbag.py:500} INFO - Filling up the DagBag from /home/airflow/.local/lib/python3.7/site-packages/airflow/example_dags/example_branch_day_of_week_operator.py
[2022-08-08 06:14:23,456] {processor.py:654} INFO - DAG(s) dict_keys(['example_weekday_branch_operator']) retrieved from /home/airflow/.local/lib/python3.7/site-packages/airflow/example_dags/example_branch_day_of_week_operator.py
[2022-08-08 06:14:23,467] {logging_mixin.py:109} INFO - [2022-08-08 06:14:23,467] {dag.py:2396} INFO - Sync 1 DAGs
[2022-08-08 06:14:23,486] {logging_mixin.py:109} INFO - [2022-08-08 06:14:23,486] {dag.py:2935} INFO - Setting next_dagrun for example_weekday_branch_operator to 2022-08-07 00:00:00+00:00
[2022-08-08 06:14:23,498] {processor.py:171} INFO - Processing /home/airflow/.local/lib/python3.7/site-packages/airflow/example_dags/example_branch_day_of_week_operator.py took 0.083 seconds
[2022-08-08 06:14:54,162] {processor.py:163} INFO - Started process (PID=1037) to work on /home/airflow/.local/lib/python3.7/site-packages/airflow/example_dags/example_branch_day_of_week_operator.py
[2022-08-08 06:14:54,164] {processor.py:642} INFO - Processing file /home/airflow/.local/lib/python3.7/site-packages/airflow/example_dags/example_branch_day_of_week_operator.py for tasks to queue
[2022-08-08 06:14:54,165] {logging_mixin.py:109} INFO - [2022-08-08 06:14:54,165] {dagbag.py:500} INFO - Filling up the DagBag from /home/airflow/.local/lib/python3.7/site-packages/airflow/example_dags/example_branch_day_of_week_operator.py
[2022-08-08 06:14:54,195] {processor.py:654} INFO - DAG(s) dict_keys(['example_weekday_branch_operator']) retrieved from /home/airflow/.local/lib/python3.7/site-packages/airflow/example_dags/example_branch_day_of_week_operator.py
[2022-08-08 06:14:54,206] {logging_mixin.py:109} INFO - [2022-08-08 06:14:54,206] {dag.py:2396} INFO - Sync 1 DAGs
[2022-08-08 06:14:54,224] {logging_mixin.py:109} INFO - [2022-08-08 06:14:54,224] {dag.py:2935} INFO - Setting next_dagrun for example_weekday_branch_operator to 2022-08-07 00:00:00+00:00
[2022-08-08 06:14:54,236] {processor.py:171} INFO - Processing /home/airflow/.local/lib/python3.7/site-packages/airflow/example_dags/example_branch_day_of_week_operator.py took 0.077 seconds
[2022-08-08 06:15:24,281] {processor.py:163} INFO - Started process (PID=1098) to work on /home/airflow/.local/lib/python3.7/site-packages/airflow/example_dags/example_branch_day_of_week_operator.py
[2022-08-08 06:15:24,284] {processor.py:642} INFO - Processing file /home/airflow/.local/lib/python3.7/site-packages/airflow/example_dags/example_branch_day_of_week_operator.py for tasks to queue
[2022-08-08 06:15:24,286] {logging_mixin.py:109} INFO - [2022-08-08 06:15:24,285] {dagbag.py:500} INFO - Filling up the DagBag from /home/airflow/.local/lib/python3.7/site-packages/airflow/example_dags/example_branch_day_of_week_operator.py
[2022-08-08 06:15:24,344] {processor.py:654} INFO - DAG(s) dict_keys(['example_weekday_branch_operator']) retrieved from /home/airflow/.local/lib/python3.7/site-packages/airflow/example_dags/example_branch_day_of_week_operator.py
[2022-08-08 06:15:24,360] {logging_mixin.py:109} INFO - [2022-08-08 06:15:24,360] {dag.py:2396} INFO - Sync 1 DAGs
[2022-08-08 06:15:24,388] {logging_mixin.py:109} INFO - [2022-08-08 06:15:24,388] {dag.py:2935} INFO - Setting next_dagrun for example_weekday_branch_operator to 2022-08-07 00:00:00+00:00
[2022-08-08 06:15:24,404] {processor.py:171} INFO - Processing /home/airflow/.local/lib/python3.7/site-packages/airflow/example_dags/example_branch_day_of_week_operator.py took 0.130 seconds
[2022-08-08 06:15:54,586] {processor.py:163} INFO - Started process (PID=1167) to work on /home/airflow/.local/lib/python3.7/site-packages/airflow/example_dags/example_branch_day_of_week_operator.py
[2022-08-08 06:15:54,588] {processor.py:642} INFO - Processing file /home/airflow/.local/lib/python3.7/site-packages/airflow/example_dags/example_branch_day_of_week_operator.py for tasks to queue
[2022-08-08 06:15:54,589] {logging_mixin.py:109} INFO - [2022-08-08 06:15:54,589] {dagbag.py:500} INFO - Filling up the DagBag from /home/airflow/.local/lib/python3.7/site-packages/airflow/example_dags/example_branch_day_of_week_operator.py
[2022-08-08 06:15:54,617] {processor.py:654} INFO - DAG(s) dict_keys(['example_weekday_branch_operator']) retrieved from /home/airflow/.local/lib/python3.7/site-packages/airflow/example_dags/example_branch_day_of_week_operator.py
[2022-08-08 06:15:54,628] {logging_mixin.py:109} INFO - [2022-08-08 06:15:54,628] {dag.py:2396} INFO - Sync 1 DAGs
[2022-08-08 06:15:54,644] {logging_mixin.py:109} INFO - [2022-08-08 06:15:54,644] {dag.py:2935} INFO - Setting next_dagrun for example_weekday_branch_operator to 2022-08-07 00:00:00+00:00
[2022-08-08 06:15:54,654] {processor.py:171} INFO - Processing /home/airflow/.local/lib/python3.7/site-packages/airflow/example_dags/example_branch_day_of_week_operator.py took 0.071 seconds
[2022-08-08 06:16:25,498] {processor.py:163} INFO - Started process (PID=1226) to work on /home/airflow/.local/lib/python3.7/site-packages/airflow/example_dags/example_branch_day_of_week_operator.py
[2022-08-08 06:16:25,501] {processor.py:642} INFO - Processing file /home/airflow/.local/lib/python3.7/site-packages/airflow/example_dags/example_branch_day_of_week_operator.py for tasks to queue
[2022-08-08 06:16:25,502] {logging_mixin.py:109} INFO - [2022-08-08 06:16:25,502] {dagbag.py:500} INFO - Filling up the DagBag from /home/airflow/.local/lib/python3.7/site-packages/airflow/example_dags/example_branch_day_of_week_operator.py
[2022-08-08 06:16:25,530] {processor.py:654} INFO - DAG(s) dict_keys(['example_weekday_branch_operator']) retrieved from /home/airflow/.local/lib/python3.7/site-packages/airflow/example_dags/example_branch_day_of_week_operator.py
[2022-08-08 06:16:25,544] {logging_mixin.py:109} INFO - [2022-08-08 06:16:25,543] {dag.py:2396} INFO - Sync 1 DAGs
[2022-08-08 06:16:25,568] {logging_mixin.py:109} INFO - [2022-08-08 06:16:25,568] {dag.py:2935} INFO - Setting next_dagrun for example_weekday_branch_operator to 2022-08-07 00:00:00+00:00
[2022-08-08 06:16:25,589] {processor.py:171} INFO - Processing /home/airflow/.local/lib/python3.7/site-packages/airflow/example_dags/example_branch_day_of_week_operator.py took 0.095 seconds
[2022-08-08 06:16:55,628] {processor.py:163} INFO - Started process (PID=1295) to work on /home/airflow/.local/lib/python3.7/site-packages/airflow/example_dags/example_branch_day_of_week_operator.py
[2022-08-08 06:16:55,630] {processor.py:642} INFO - Processing file /home/airflow/.local/lib/python3.7/site-packages/airflow/example_dags/example_branch_day_of_week_operator.py for tasks to queue
[2022-08-08 06:16:55,632] {logging_mixin.py:109} INFO - [2022-08-08 06:16:55,632] {dagbag.py:500} INFO - Filling up the DagBag from /home/airflow/.local/lib/python3.7/site-packages/airflow/example_dags/example_branch_day_of_week_operator.py
[2022-08-08 06:16:55,668] {processor.py:654} INFO - DAG(s) dict_keys(['example_weekday_branch_operator']) retrieved from /home/airflow/.local/lib/python3.7/site-packages/airflow/example_dags/example_branch_day_of_week_operator.py
[2022-08-08 06:16:55,682] {logging_mixin.py:109} INFO - [2022-08-08 06:16:55,682] {dag.py:2396} INFO - Sync 1 DAGs
[2022-08-08 06:16:55,704] {logging_mixin.py:109} INFO - [2022-08-08 06:16:55,704] {dag.py:2935} INFO - Setting next_dagrun for example_weekday_branch_operator to 2022-08-07 00:00:00+00:00
[2022-08-08 06:16:55,729] {processor.py:171} INFO - Processing /home/airflow/.local/lib/python3.7/site-packages/airflow/example_dags/example_branch_day_of_week_operator.py took 0.107 seconds
[2022-08-08 06:17:25,828] {processor.py:163} INFO - Started process (PID=1356) to work on /home/airflow/.local/lib/python3.7/site-packages/airflow/example_dags/example_branch_day_of_week_operator.py
[2022-08-08 06:17:25,830] {processor.py:642} INFO - Processing file /home/airflow/.local/lib/python3.7/site-packages/airflow/example_dags/example_branch_day_of_week_operator.py for tasks to queue
[2022-08-08 06:17:25,833] {logging_mixin.py:109} INFO - [2022-08-08 06:17:25,833] {dagbag.py:500} INFO - Filling up the DagBag from /home/airflow/.local/lib/python3.7/site-packages/airflow/example_dags/example_branch_day_of_week_operator.py
[2022-08-08 06:17:25,862] {processor.py:654} INFO - DAG(s) dict_keys(['example_weekday_branch_operator']) retrieved from /home/airflow/.local/lib/python3.7/site-packages/airflow/example_dags/example_branch_day_of_week_operator.py
[2022-08-08 06:17:25,872] {logging_mixin.py:109} INFO - [2022-08-08 06:17:25,872] {dag.py:2396} INFO - Sync 1 DAGs
[2022-08-08 06:17:25,888] {logging_mixin.py:109} INFO - [2022-08-08 06:17:25,888] {dag.py:2935} INFO - Setting next_dagrun for example_weekday_branch_operator to 2022-08-07 00:00:00+00:00
[2022-08-08 06:17:25,898] {processor.py:171} INFO - Processing /home/airflow/.local/lib/python3.7/site-packages/airflow/example_dags/example_branch_day_of_week_operator.py took 0.074 seconds
[2022-08-08 06:17:56,286] {processor.py:163} INFO - Started process (PID=1427) to work on /home/airflow/.local/lib/python3.7/site-packages/airflow/example_dags/example_branch_day_of_week_operator.py
[2022-08-08 06:17:56,292] {processor.py:642} INFO - Processing file /home/airflow/.local/lib/python3.7/site-packages/airflow/example_dags/example_branch_day_of_week_operator.py for tasks to queue
[2022-08-08 06:17:56,294] {logging_mixin.py:109} INFO - [2022-08-08 06:17:56,293] {dagbag.py:500} INFO - Filling up the DagBag from /home/airflow/.local/lib/python3.7/site-packages/airflow/example_dags/example_branch_day_of_week_operator.py
[2022-08-08 06:17:56,332] {processor.py:654} INFO - DAG(s) dict_keys(['example_weekday_branch_operator']) retrieved from /home/airflow/.local/lib/python3.7/site-packages/airflow/example_dags/example_branch_day_of_week_operator.py
[2022-08-08 06:17:56,346] {logging_mixin.py:109} INFO - [2022-08-08 06:17:56,345] {dag.py:2396} INFO - Sync 1 DAGs
[2022-08-08 06:17:56,373] {logging_mixin.py:109} INFO - [2022-08-08 06:17:56,373] {dag.py:2935} INFO - Setting next_dagrun for example_weekday_branch_operator to 2022-08-07 00:00:00+00:00
[2022-08-08 06:17:56,394] {processor.py:171} INFO - Processing /home/airflow/.local/lib/python3.7/site-packages/airflow/example_dags/example_branch_day_of_week_operator.py took 0.120 seconds
[2022-08-08 06:18:26,729] {processor.py:163} INFO - Started process (PID=1488) to work on /home/airflow/.local/lib/python3.7/site-packages/airflow/example_dags/example_branch_day_of_week_operator.py
[2022-08-08 06:18:26,732] {processor.py:642} INFO - Processing file /home/airflow/.local/lib/python3.7/site-packages/airflow/example_dags/example_branch_day_of_week_operator.py for tasks to queue
[2022-08-08 06:18:26,733] {logging_mixin.py:109} INFO - [2022-08-08 06:18:26,733] {dagbag.py:500} INFO - Filling up the DagBag from /home/airflow/.local/lib/python3.7/site-packages/airflow/example_dags/example_branch_day_of_week_operator.py
[2022-08-08 06:18:26,762] {processor.py:654} INFO - DAG(s) dict_keys(['example_weekday_branch_operator']) retrieved from /home/airflow/.local/lib/python3.7/site-packages/airflow/example_dags/example_branch_day_of_week_operator.py
[2022-08-08 06:18:26,774] {logging_mixin.py:109} INFO - [2022-08-08 06:18:26,774] {dag.py:2396} INFO - Sync 1 DAGs
[2022-08-08 06:18:26,792] {logging_mixin.py:109} INFO - [2022-08-08 06:18:26,792] {dag.py:2935} INFO - Setting next_dagrun for example_weekday_branch_operator to 2022-08-07 00:00:00+00:00
[2022-08-08 06:18:26,802] {processor.py:171} INFO - Processing /home/airflow/.local/lib/python3.7/site-packages/airflow/example_dags/example_branch_day_of_week_operator.py took 0.077 seconds
[2022-08-08 06:18:57,011] {processor.py:163} INFO - Started process (PID=1558) to work on /home/airflow/.local/lib/python3.7/site-packages/airflow/example_dags/example_branch_day_of_week_operator.py
[2022-08-08 06:18:57,013] {processor.py:642} INFO - Processing file /home/airflow/.local/lib/python3.7/site-packages/airflow/example_dags/example_branch_day_of_week_operator.py for tasks to queue
[2022-08-08 06:18:57,015] {logging_mixin.py:109} INFO - [2022-08-08 06:18:57,014] {dagbag.py:500} INFO - Filling up the DagBag from /home/airflow/.local/lib/python3.7/site-packages/airflow/example_dags/example_branch_day_of_week_operator.py
[2022-08-08 06:18:57,050] {processor.py:654} INFO - DAG(s) dict_keys(['example_weekday_branch_operator']) retrieved from /home/airflow/.local/lib/python3.7/site-packages/airflow/example_dags/example_branch_day_of_week_operator.py
[2022-08-08 06:18:57,062] {logging_mixin.py:109} INFO - [2022-08-08 06:18:57,062] {dag.py:2396} INFO - Sync 1 DAGs
[2022-08-08 06:18:57,081] {logging_mixin.py:109} INFO - [2022-08-08 06:18:57,081] {dag.py:2935} INFO - Setting next_dagrun for example_weekday_branch_operator to 2022-08-07 00:00:00+00:00
[2022-08-08 06:18:57,093] {processor.py:171} INFO - Processing /home/airflow/.local/lib/python3.7/site-packages/airflow/example_dags/example_branch_day_of_week_operator.py took 0.085 seconds
[2022-08-08 06:19:27,286] {processor.py:163} INFO - Started process (PID=1620) to work on /home/airflow/.local/lib/python3.7/site-packages/airflow/example_dags/example_branch_day_of_week_operator.py
[2022-08-08 06:19:27,288] {processor.py:642} INFO - Processing file /home/airflow/.local/lib/python3.7/site-packages/airflow/example_dags/example_branch_day_of_week_operator.py for tasks to queue
[2022-08-08 06:19:27,290] {logging_mixin.py:109} INFO - [2022-08-08 06:19:27,290] {dagbag.py:500} INFO - Filling up the DagBag from /home/airflow/.local/lib/python3.7/site-packages/airflow/example_dags/example_branch_day_of_week_operator.py
[2022-08-08 06:19:27,327] {processor.py:654} INFO - DAG(s) dict_keys(['example_weekday_branch_operator']) retrieved from /home/airflow/.local/lib/python3.7/site-packages/airflow/example_dags/example_branch_day_of_week_operator.py
[2022-08-08 06:19:27,342] {logging_mixin.py:109} INFO - [2022-08-08 06:19:27,342] {dag.py:2396} INFO - Sync 1 DAGs
[2022-08-08 06:19:27,362] {logging_mixin.py:109} INFO - [2022-08-08 06:19:27,362] {dag.py:2935} INFO - Setting next_dagrun for example_weekday_branch_operator to 2022-08-07 00:00:00+00:00
[2022-08-08 06:19:27,375] {processor.py:171} INFO - Processing /home/airflow/.local/lib/python3.7/site-packages/airflow/example_dags/example_branch_day_of_week_operator.py took 0.092 seconds
[2022-08-08 06:19:58,011] {processor.py:163} INFO - Started process (PID=1680) to work on /home/airflow/.local/lib/python3.7/site-packages/airflow/example_dags/example_branch_day_of_week_operator.py
[2022-08-08 06:19:58,013] {processor.py:642} INFO - Processing file /home/airflow/.local/lib/python3.7/site-packages/airflow/example_dags/example_branch_day_of_week_operator.py for tasks to queue
[2022-08-08 06:19:58,016] {logging_mixin.py:109} INFO - [2022-08-08 06:19:58,016] {dagbag.py:500} INFO - Filling up the DagBag from /home/airflow/.local/lib/python3.7/site-packages/airflow/example_dags/example_branch_day_of_week_operator.py
[2022-08-08 06:19:58,069] {processor.py:654} INFO - DAG(s) dict_keys(['example_weekday_branch_operator']) retrieved from /home/airflow/.local/lib/python3.7/site-packages/airflow/example_dags/example_branch_day_of_week_operator.py
[2022-08-08 06:19:58,091] {logging_mixin.py:109} INFO - [2022-08-08 06:19:58,091] {dag.py:2396} INFO - Sync 1 DAGs
[2022-08-08 06:19:58,115] {logging_mixin.py:109} INFO - [2022-08-08 06:19:58,115] {dag.py:2935} INFO - Setting next_dagrun for example_weekday_branch_operator to 2022-08-07 00:00:00+00:00
[2022-08-08 06:19:58,127] {processor.py:171} INFO - Processing /home/airflow/.local/lib/python3.7/site-packages/airflow/example_dags/example_branch_day_of_week_operator.py took 0.120 seconds
[2022-08-08 06:20:28,219] {processor.py:163} INFO - Started process (PID=1750) to work on /home/airflow/.local/lib/python3.7/site-packages/airflow/example_dags/example_branch_day_of_week_operator.py
[2022-08-08 06:20:28,222] {processor.py:642} INFO - Processing file /home/airflow/.local/lib/python3.7/site-packages/airflow/example_dags/example_branch_day_of_week_operator.py for tasks to queue
[2022-08-08 06:20:28,225] {logging_mixin.py:109} INFO - [2022-08-08 06:20:28,224] {dagbag.py:500} INFO - Filling up the DagBag from /home/airflow/.local/lib/python3.7/site-packages/airflow/example_dags/example_branch_day_of_week_operator.py
[2022-08-08 06:20:28,264] {processor.py:654} INFO - DAG(s) dict_keys(['example_weekday_branch_operator']) retrieved from /home/airflow/.local/lib/python3.7/site-packages/airflow/example_dags/example_branch_day_of_week_operator.py
[2022-08-08 06:20:28,277] {logging_mixin.py:109} INFO - [2022-08-08 06:20:28,277] {dag.py:2396} INFO - Sync 1 DAGs
[2022-08-08 06:20:28,301] {logging_mixin.py:109} INFO - [2022-08-08 06:20:28,301] {dag.py:2935} INFO - Setting next_dagrun for example_weekday_branch_operator to 2022-08-07 00:00:00+00:00
[2022-08-08 06:20:28,314] {processor.py:171} INFO - Processing /home/airflow/.local/lib/python3.7/site-packages/airflow/example_dags/example_branch_day_of_week_operator.py took 0.100 seconds
[2022-08-08 06:20:58,934] {processor.py:163} INFO - Started process (PID=1810) to work on /home/airflow/.local/lib/python3.7/site-packages/airflow/example_dags/example_branch_day_of_week_operator.py
[2022-08-08 06:20:58,937] {processor.py:642} INFO - Processing file /home/airflow/.local/lib/python3.7/site-packages/airflow/example_dags/example_branch_day_of_week_operator.py for tasks to queue
[2022-08-08 06:20:58,940] {logging_mixin.py:109} INFO - [2022-08-08 06:20:58,940] {dagbag.py:500} INFO - Filling up the DagBag from /home/airflow/.local/lib/python3.7/site-packages/airflow/example_dags/example_branch_day_of_week_operator.py
[2022-08-08 06:20:58,983] {processor.py:654} INFO - DAG(s) dict_keys(['example_weekday_branch_operator']) retrieved from /home/airflow/.local/lib/python3.7/site-packages/airflow/example_dags/example_branch_day_of_week_operator.py
[2022-08-08 06:20:59,003] {logging_mixin.py:109} INFO - [2022-08-08 06:20:59,002] {dag.py:2396} INFO - Sync 1 DAGs
[2022-08-08 06:20:59,026] {logging_mixin.py:109} INFO - [2022-08-08 06:20:59,026] {dag.py:2935} INFO - Setting next_dagrun for example_weekday_branch_operator to 2022-08-07 00:00:00+00:00
[2022-08-08 06:20:59,043] {processor.py:171} INFO - Processing /home/airflow/.local/lib/python3.7/site-packages/airflow/example_dags/example_branch_day_of_week_operator.py took 0.113 seconds
[2022-08-08 06:21:29,260] {processor.py:163} INFO - Started process (PID=1879) to work on /home/airflow/.local/lib/python3.7/site-packages/airflow/example_dags/example_branch_day_of_week_operator.py
[2022-08-08 06:21:29,263] {processor.py:642} INFO - Processing file /home/airflow/.local/lib/python3.7/site-packages/airflow/example_dags/example_branch_day_of_week_operator.py for tasks to queue
[2022-08-08 06:21:29,264] {logging_mixin.py:109} INFO - [2022-08-08 06:21:29,264] {dagbag.py:500} INFO - Filling up the DagBag from /home/airflow/.local/lib/python3.7/site-packages/airflow/example_dags/example_branch_day_of_week_operator.py
[2022-08-08 06:21:29,297] {processor.py:654} INFO - DAG(s) dict_keys(['example_weekday_branch_operator']) retrieved from /home/airflow/.local/lib/python3.7/site-packages/airflow/example_dags/example_branch_day_of_week_operator.py
[2022-08-08 06:21:29,310] {logging_mixin.py:109} INFO - [2022-08-08 06:21:29,309] {dag.py:2396} INFO - Sync 1 DAGs
[2022-08-08 06:21:29,333] {logging_mixin.py:109} INFO - [2022-08-08 06:21:29,333] {dag.py:2935} INFO - Setting next_dagrun for example_weekday_branch_operator to 2022-08-07 00:00:00+00:00
[2022-08-08 06:21:29,435] {processor.py:171} INFO - Processing /home/airflow/.local/lib/python3.7/site-packages/airflow/example_dags/example_branch_day_of_week_operator.py took 0.179 seconds
[2022-08-08 06:21:59,872] {processor.py:163} INFO - Started process (PID=1939) to work on /home/airflow/.local/lib/python3.7/site-packages/airflow/example_dags/example_branch_day_of_week_operator.py
[2022-08-08 06:21:59,874] {processor.py:642} INFO - Processing file /home/airflow/.local/lib/python3.7/site-packages/airflow/example_dags/example_branch_day_of_week_operator.py for tasks to queue
[2022-08-08 06:21:59,875] {logging_mixin.py:109} INFO - [2022-08-08 06:21:59,875] {dagbag.py:500} INFO - Filling up the DagBag from /home/airflow/.local/lib/python3.7/site-packages/airflow/example_dags/example_branch_day_of_week_operator.py
[2022-08-08 06:21:59,905] {processor.py:654} INFO - DAG(s) dict_keys(['example_weekday_branch_operator']) retrieved from /home/airflow/.local/lib/python3.7/site-packages/airflow/example_dags/example_branch_day_of_week_operator.py
[2022-08-08 06:21:59,915] {logging_mixin.py:109} INFO - [2022-08-08 06:21:59,915] {dag.py:2396} INFO - Sync 1 DAGs
[2022-08-08 06:22:00,028] {logging_mixin.py:109} INFO - [2022-08-08 06:22:00,028] {dag.py:2935} INFO - Setting next_dagrun for example_weekday_branch_operator to 2022-08-07 00:00:00+00:00
[2022-08-08 06:22:00,044] {processor.py:171} INFO - Processing /home/airflow/.local/lib/python3.7/site-packages/airflow/example_dags/example_branch_day_of_week_operator.py took 0.176 seconds
[2022-08-08 06:22:30,865] {processor.py:163} INFO - Started process (PID=2008) to work on /home/airflow/.local/lib/python3.7/site-packages/airflow/example_dags/example_branch_day_of_week_operator.py
[2022-08-08 06:22:31,045] {processor.py:642} INFO - Processing file /home/airflow/.local/lib/python3.7/site-packages/airflow/example_dags/example_branch_day_of_week_operator.py for tasks to queue
[2022-08-08 06:22:31,050] {logging_mixin.py:109} INFO - [2022-08-08 06:22:31,049] {dagbag.py:500} INFO - Filling up the DagBag from /home/airflow/.local/lib/python3.7/site-packages/airflow/example_dags/example_branch_day_of_week_operator.py
[2022-08-08 06:22:31,193] {processor.py:654} INFO - DAG(s) dict_keys(['example_weekday_branch_operator']) retrieved from /home/airflow/.local/lib/python3.7/site-packages/airflow/example_dags/example_branch_day_of_week_operator.py
[2022-08-08 06:22:31,238] {logging_mixin.py:109} INFO - [2022-08-08 06:22:31,235] {dag.py:2396} INFO - Sync 1 DAGs
[2022-08-08 06:22:31,740] {logging_mixin.py:109} INFO - [2022-08-08 06:22:31,740] {dag.py:2935} INFO - Setting next_dagrun for example_weekday_branch_operator to 2022-08-07 00:00:00+00:00
[2022-08-08 06:22:31,772] {processor.py:171} INFO - Processing /home/airflow/.local/lib/python3.7/site-packages/airflow/example_dags/example_branch_day_of_week_operator.py took 0.944 seconds
[2022-08-08 07:11:46,874] {processor.py:163} INFO - Started process (PID=2083) to work on /home/airflow/.local/lib/python3.7/site-packages/airflow/example_dags/example_branch_day_of_week_operator.py
[2022-08-08 07:11:46,877] {processor.py:642} INFO - Processing file /home/airflow/.local/lib/python3.7/site-packages/airflow/example_dags/example_branch_day_of_week_operator.py for tasks to queue
[2022-08-08 07:11:46,879] {logging_mixin.py:109} INFO - [2022-08-08 07:11:46,879] {dagbag.py:500} INFO - Filling up the DagBag from /home/airflow/.local/lib/python3.7/site-packages/airflow/example_dags/example_branch_day_of_week_operator.py
[2022-08-08 07:11:47,016] {processor.py:654} INFO - DAG(s) dict_keys(['example_weekday_branch_operator']) retrieved from /home/airflow/.local/lib/python3.7/site-packages/airflow/example_dags/example_branch_day_of_week_operator.py
[2022-08-08 07:11:47,026] {logging_mixin.py:109} INFO - [2022-08-08 07:11:47,026] {dag.py:2396} INFO - Sync 1 DAGs
[2022-08-08 07:11:47,042] {logging_mixin.py:109} INFO - [2022-08-08 07:11:47,041] {dag.py:2935} INFO - Setting next_dagrun for example_weekday_branch_operator to 2022-08-07 00:00:00+00:00
[2022-08-08 07:11:47,053] {processor.py:171} INFO - Processing /home/airflow/.local/lib/python3.7/site-packages/airflow/example_dags/example_branch_day_of_week_operator.py took 0.186 seconds
[2022-08-08 09:16:15,019] {processor.py:163} INFO - Started process (PID=2177) to work on /home/airflow/.local/lib/python3.7/site-packages/airflow/example_dags/example_branch_day_of_week_operator.py
[2022-08-08 09:16:15,023] {processor.py:642} INFO - Processing file /home/airflow/.local/lib/python3.7/site-packages/airflow/example_dags/example_branch_day_of_week_operator.py for tasks to queue
[2022-08-08 09:16:15,025] {logging_mixin.py:109} INFO - [2022-08-08 09:16:15,025] {dagbag.py:500} INFO - Filling up the DagBag from /home/airflow/.local/lib/python3.7/site-packages/airflow/example_dags/example_branch_day_of_week_operator.py
[2022-08-08 09:16:15,109] {processor.py:654} INFO - DAG(s) dict_keys(['example_weekday_branch_operator']) retrieved from /home/airflow/.local/lib/python3.7/site-packages/airflow/example_dags/example_branch_day_of_week_operator.py
[2022-08-08 09:16:15,144] {logging_mixin.py:109} INFO - [2022-08-08 09:16:15,143] {dag.py:2396} INFO - Sync 1 DAGs
[2022-08-08 09:16:15,183] {logging_mixin.py:109} INFO - [2022-08-08 09:16:15,183] {dag.py:2935} INFO - Setting next_dagrun for example_weekday_branch_operator to 2022-08-07 00:00:00+00:00
[2022-08-08 09:16:15,210] {processor.py:171} INFO - Processing /home/airflow/.local/lib/python3.7/site-packages/airflow/example_dags/example_branch_day_of_week_operator.py took 0.203 seconds
