[2022-08-08 00:05:51,347] {processor.py:163} INFO - Started process (PID=14948) to work on /home/airflow/.local/lib/python3.7/site-packages/airflow/example_dags/example_nested_branch_dag.py
[2022-08-08 00:05:51,356] {processor.py:642} INFO - Processing file /home/airflow/.local/lib/python3.7/site-packages/airflow/example_dags/example_nested_branch_dag.py for tasks to queue
[2022-08-08 00:05:51,372] {logging_mixin.py:109} INFO - [2022-08-08 00:05:51,372] {dagbag.py:500} INFO - Filling up the DagBag from /home/airflow/.local/lib/python3.7/site-packages/airflow/example_dags/example_nested_branch_dag.py
[2022-08-08 00:05:51,689] {processor.py:654} INFO - DAG(s) dict_keys(['example_nested_branch_dag']) retrieved from /home/airflow/.local/lib/python3.7/site-packages/airflow/example_dags/example_nested_branch_dag.py
[2022-08-08 00:05:51,790] {logging_mixin.py:109} INFO - [2022-08-08 00:05:51,786] {dag.py:2396} INFO - Sync 1 DAGs
[2022-08-08 00:05:51,967] {logging_mixin.py:109} INFO - [2022-08-08 00:05:51,967] {dag.py:2935} INFO - Setting next_dagrun for example_nested_branch_dag to 2022-08-07 00:00:00+00:00
[2022-08-08 00:05:52,034] {processor.py:171} INFO - Processing /home/airflow/.local/lib/python3.7/site-packages/airflow/example_dags/example_nested_branch_dag.py took 0.736 seconds
[2022-08-08 00:11:31,977] {processor.py:163} INFO - Started process (PID=15022) to work on /home/airflow/.local/lib/python3.7/site-packages/airflow/example_dags/example_nested_branch_dag.py
[2022-08-08 00:11:31,981] {processor.py:642} INFO - Processing file /home/airflow/.local/lib/python3.7/site-packages/airflow/example_dags/example_nested_branch_dag.py for tasks to queue
[2022-08-08 00:11:31,991] {logging_mixin.py:109} INFO - [2022-08-08 00:11:31,991] {dagbag.py:500} INFO - Filling up the DagBag from /home/airflow/.local/lib/python3.7/site-packages/airflow/example_dags/example_nested_branch_dag.py
[2022-08-08 00:11:32,251] {processor.py:654} INFO - DAG(s) dict_keys(['example_nested_branch_dag']) retrieved from /home/airflow/.local/lib/python3.7/site-packages/airflow/example_dags/example_nested_branch_dag.py
[2022-08-08 00:11:32,324] {logging_mixin.py:109} INFO - [2022-08-08 00:11:32,324] {dag.py:2396} INFO - Sync 1 DAGs
[2022-08-08 00:11:32,429] {logging_mixin.py:109} INFO - [2022-08-08 00:11:32,428] {dag.py:2935} INFO - Setting next_dagrun for example_nested_branch_dag to 2022-08-07 00:00:00+00:00
[2022-08-08 00:11:32,526] {processor.py:171} INFO - Processing /home/airflow/.local/lib/python3.7/site-packages/airflow/example_dags/example_nested_branch_dag.py took 0.558 seconds
[2022-08-08 02:24:09,142] {processor.py:163} INFO - Started process (PID=15496) to work on /home/airflow/.local/lib/python3.7/site-packages/airflow/example_dags/example_nested_branch_dag.py
[2022-08-08 02:24:09,168] {processor.py:642} INFO - Processing file /home/airflow/.local/lib/python3.7/site-packages/airflow/example_dags/example_nested_branch_dag.py for tasks to queue
[2022-08-08 02:24:09,393] {logging_mixin.py:109} INFO - [2022-08-08 02:24:09,288] {dagbag.py:500} INFO - Filling up the DagBag from /home/airflow/.local/lib/python3.7/site-packages/airflow/example_dags/example_nested_branch_dag.py
[2022-08-08 06:06:55,819] {processor.py:163} INFO - Started process (PID=58) to work on /home/airflow/.local/lib/python3.7/site-packages/airflow/example_dags/example_nested_branch_dag.py
[2022-08-08 06:06:55,831] {processor.py:642} INFO - Processing file /home/airflow/.local/lib/python3.7/site-packages/airflow/example_dags/example_nested_branch_dag.py for tasks to queue
[2022-08-08 06:06:55,843] {logging_mixin.py:109} INFO - [2022-08-08 06:06:55,842] {dagbag.py:500} INFO - Filling up the DagBag from /home/airflow/.local/lib/python3.7/site-packages/airflow/example_dags/example_nested_branch_dag.py
[2022-08-08 06:06:55,993] {processor.py:654} INFO - DAG(s) dict_keys(['example_nested_branch_dag']) retrieved from /home/airflow/.local/lib/python3.7/site-packages/airflow/example_dags/example_nested_branch_dag.py
[2022-08-08 06:06:56,219] {logging_mixin.py:109} INFO - [2022-08-08 06:06:56,219] {dag.py:2396} INFO - Sync 1 DAGs
[2022-08-08 06:06:56,313] {logging_mixin.py:109} INFO - [2022-08-08 06:06:56,313] {dag.py:2935} INFO - Setting next_dagrun for example_nested_branch_dag to 2022-08-07 00:00:00+00:00
[2022-08-08 06:06:56,343] {processor.py:171} INFO - Processing /home/airflow/.local/lib/python3.7/site-packages/airflow/example_dags/example_nested_branch_dag.py took 0.576 seconds
[2022-08-08 06:07:28,051] {processor.py:163} INFO - Started process (PID=104) to work on /home/airflow/.local/lib/python3.7/site-packages/airflow/example_dags/example_nested_branch_dag.py
[2022-08-08 06:07:28,072] {processor.py:642} INFO - Processing file /home/airflow/.local/lib/python3.7/site-packages/airflow/example_dags/example_nested_branch_dag.py for tasks to queue
[2022-08-08 06:07:28,082] {logging_mixin.py:109} INFO - [2022-08-08 06:07:28,082] {dagbag.py:500} INFO - Filling up the DagBag from /home/airflow/.local/lib/python3.7/site-packages/airflow/example_dags/example_nested_branch_dag.py
[2022-08-08 06:07:28,421] {processor.py:654} INFO - DAG(s) dict_keys(['example_nested_branch_dag']) retrieved from /home/airflow/.local/lib/python3.7/site-packages/airflow/example_dags/example_nested_branch_dag.py
[2022-08-08 06:07:28,463] {logging_mixin.py:109} INFO - [2022-08-08 06:07:28,463] {dag.py:2396} INFO - Sync 1 DAGs
[2022-08-08 06:07:28,563] {logging_mixin.py:109} INFO - [2022-08-08 06:07:28,563] {dag.py:2935} INFO - Setting next_dagrun for example_nested_branch_dag to 2022-08-07 00:00:00+00:00
[2022-08-08 06:07:28,632] {processor.py:171} INFO - Processing /home/airflow/.local/lib/python3.7/site-packages/airflow/example_dags/example_nested_branch_dag.py took 0.667 seconds
[2022-08-08 06:07:59,110] {processor.py:163} INFO - Started process (PID=159) to work on /home/airflow/.local/lib/python3.7/site-packages/airflow/example_dags/example_nested_branch_dag.py
[2022-08-08 06:07:59,112] {processor.py:642} INFO - Processing file /home/airflow/.local/lib/python3.7/site-packages/airflow/example_dags/example_nested_branch_dag.py for tasks to queue
[2022-08-08 06:07:59,114] {logging_mixin.py:109} INFO - [2022-08-08 06:07:59,114] {dagbag.py:500} INFO - Filling up the DagBag from /home/airflow/.local/lib/python3.7/site-packages/airflow/example_dags/example_nested_branch_dag.py
[2022-08-08 06:07:59,150] {processor.py:654} INFO - DAG(s) dict_keys(['example_nested_branch_dag']) retrieved from /home/airflow/.local/lib/python3.7/site-packages/airflow/example_dags/example_nested_branch_dag.py
[2022-08-08 06:07:59,162] {logging_mixin.py:109} INFO - [2022-08-08 06:07:59,162] {dag.py:2396} INFO - Sync 1 DAGs
[2022-08-08 06:07:59,179] {logging_mixin.py:109} INFO - [2022-08-08 06:07:59,179] {dag.py:2935} INFO - Setting next_dagrun for example_nested_branch_dag to 2022-08-07 00:00:00+00:00
[2022-08-08 06:07:59,190] {processor.py:171} INFO - Processing /home/airflow/.local/lib/python3.7/site-packages/airflow/example_dags/example_nested_branch_dag.py took 0.084 seconds
[2022-08-08 06:08:29,247] {processor.py:163} INFO - Started process (PID=219) to work on /home/airflow/.local/lib/python3.7/site-packages/airflow/example_dags/example_nested_branch_dag.py
[2022-08-08 06:08:29,250] {processor.py:642} INFO - Processing file /home/airflow/.local/lib/python3.7/site-packages/airflow/example_dags/example_nested_branch_dag.py for tasks to queue
[2022-08-08 06:08:29,252] {logging_mixin.py:109} INFO - [2022-08-08 06:08:29,252] {dagbag.py:500} INFO - Filling up the DagBag from /home/airflow/.local/lib/python3.7/site-packages/airflow/example_dags/example_nested_branch_dag.py
[2022-08-08 06:08:29,296] {processor.py:654} INFO - DAG(s) dict_keys(['example_nested_branch_dag']) retrieved from /home/airflow/.local/lib/python3.7/site-packages/airflow/example_dags/example_nested_branch_dag.py
[2022-08-08 06:08:29,308] {logging_mixin.py:109} INFO - [2022-08-08 06:08:29,307] {dag.py:2396} INFO - Sync 1 DAGs
[2022-08-08 06:08:29,330] {logging_mixin.py:109} INFO - [2022-08-08 06:08:29,330] {dag.py:2935} INFO - Setting next_dagrun for example_nested_branch_dag to 2022-08-07 00:00:00+00:00
[2022-08-08 06:08:29,342] {processor.py:171} INFO - Processing /home/airflow/.local/lib/python3.7/site-packages/airflow/example_dags/example_nested_branch_dag.py took 0.100 seconds
[2022-08-08 06:08:59,446] {processor.py:163} INFO - Started process (PID=289) to work on /home/airflow/.local/lib/python3.7/site-packages/airflow/example_dags/example_nested_branch_dag.py
[2022-08-08 06:08:59,449] {processor.py:642} INFO - Processing file /home/airflow/.local/lib/python3.7/site-packages/airflow/example_dags/example_nested_branch_dag.py for tasks to queue
[2022-08-08 06:08:59,451] {logging_mixin.py:109} INFO - [2022-08-08 06:08:59,451] {dagbag.py:500} INFO - Filling up the DagBag from /home/airflow/.local/lib/python3.7/site-packages/airflow/example_dags/example_nested_branch_dag.py
[2022-08-08 06:08:59,487] {processor.py:654} INFO - DAG(s) dict_keys(['example_nested_branch_dag']) retrieved from /home/airflow/.local/lib/python3.7/site-packages/airflow/example_dags/example_nested_branch_dag.py
[2022-08-08 06:08:59,497] {logging_mixin.py:109} INFO - [2022-08-08 06:08:59,497] {dag.py:2396} INFO - Sync 1 DAGs
[2022-08-08 06:08:59,513] {logging_mixin.py:109} INFO - [2022-08-08 06:08:59,512] {dag.py:2935} INFO - Setting next_dagrun for example_nested_branch_dag to 2022-08-07 00:00:00+00:00
[2022-08-08 06:08:59,523] {processor.py:171} INFO - Processing /home/airflow/.local/lib/python3.7/site-packages/airflow/example_dags/example_nested_branch_dag.py took 0.082 seconds
[2022-08-08 06:09:29,949] {processor.py:163} INFO - Started process (PID=350) to work on /home/airflow/.local/lib/python3.7/site-packages/airflow/example_dags/example_nested_branch_dag.py
[2022-08-08 06:09:29,952] {processor.py:642} INFO - Processing file /home/airflow/.local/lib/python3.7/site-packages/airflow/example_dags/example_nested_branch_dag.py for tasks to queue
[2022-08-08 06:09:29,954] {logging_mixin.py:109} INFO - [2022-08-08 06:09:29,954] {dagbag.py:500} INFO - Filling up the DagBag from /home/airflow/.local/lib/python3.7/site-packages/airflow/example_dags/example_nested_branch_dag.py
[2022-08-08 06:09:29,989] {processor.py:654} INFO - DAG(s) dict_keys(['example_nested_branch_dag']) retrieved from /home/airflow/.local/lib/python3.7/site-packages/airflow/example_dags/example_nested_branch_dag.py
[2022-08-08 06:09:30,003] {logging_mixin.py:109} INFO - [2022-08-08 06:09:30,003] {dag.py:2396} INFO - Sync 1 DAGs
[2022-08-08 06:09:30,019] {logging_mixin.py:109} INFO - [2022-08-08 06:09:30,019] {dag.py:2935} INFO - Setting next_dagrun for example_nested_branch_dag to 2022-08-07 00:00:00+00:00
[2022-08-08 06:09:30,033] {processor.py:171} INFO - Processing /home/airflow/.local/lib/python3.7/site-packages/airflow/example_dags/example_nested_branch_dag.py took 0.088 seconds
[2022-08-08 06:10:00,245] {processor.py:163} INFO - Started process (PID=419) to work on /home/airflow/.local/lib/python3.7/site-packages/airflow/example_dags/example_nested_branch_dag.py
[2022-08-08 06:10:00,247] {processor.py:642} INFO - Processing file /home/airflow/.local/lib/python3.7/site-packages/airflow/example_dags/example_nested_branch_dag.py for tasks to queue
[2022-08-08 06:10:00,249] {logging_mixin.py:109} INFO - [2022-08-08 06:10:00,249] {dagbag.py:500} INFO - Filling up the DagBag from /home/airflow/.local/lib/python3.7/site-packages/airflow/example_dags/example_nested_branch_dag.py
[2022-08-08 06:10:00,284] {processor.py:654} INFO - DAG(s) dict_keys(['example_nested_branch_dag']) retrieved from /home/airflow/.local/lib/python3.7/site-packages/airflow/example_dags/example_nested_branch_dag.py
[2022-08-08 06:10:00,300] {logging_mixin.py:109} INFO - [2022-08-08 06:10:00,300] {dag.py:2396} INFO - Sync 1 DAGs
[2022-08-08 06:10:00,319] {logging_mixin.py:109} INFO - [2022-08-08 06:10:00,319] {dag.py:2935} INFO - Setting next_dagrun for example_nested_branch_dag to 2022-08-07 00:00:00+00:00
[2022-08-08 06:10:00,334] {processor.py:171} INFO - Processing /home/airflow/.local/lib/python3.7/site-packages/airflow/example_dags/example_nested_branch_dag.py took 0.095 seconds
[2022-08-08 06:10:30,562] {processor.py:163} INFO - Started process (PID=479) to work on /home/airflow/.local/lib/python3.7/site-packages/airflow/example_dags/example_nested_branch_dag.py
[2022-08-08 06:10:30,566] {processor.py:642} INFO - Processing file /home/airflow/.local/lib/python3.7/site-packages/airflow/example_dags/example_nested_branch_dag.py for tasks to queue
[2022-08-08 06:10:30,568] {logging_mixin.py:109} INFO - [2022-08-08 06:10:30,568] {dagbag.py:500} INFO - Filling up the DagBag from /home/airflow/.local/lib/python3.7/site-packages/airflow/example_dags/example_nested_branch_dag.py
[2022-08-08 06:10:30,598] {processor.py:654} INFO - DAG(s) dict_keys(['example_nested_branch_dag']) retrieved from /home/airflow/.local/lib/python3.7/site-packages/airflow/example_dags/example_nested_branch_dag.py
[2022-08-08 06:10:30,610] {logging_mixin.py:109} INFO - [2022-08-08 06:10:30,609] {dag.py:2396} INFO - Sync 1 DAGs
[2022-08-08 06:10:30,627] {logging_mixin.py:109} INFO - [2022-08-08 06:10:30,626] {dag.py:2935} INFO - Setting next_dagrun for example_nested_branch_dag to 2022-08-07 00:00:00+00:00
[2022-08-08 06:10:30,636] {processor.py:171} INFO - Processing /home/airflow/.local/lib/python3.7/site-packages/airflow/example_dags/example_nested_branch_dag.py took 0.079 seconds
[2022-08-08 06:11:01,140] {processor.py:163} INFO - Started process (PID=540) to work on /home/airflow/.local/lib/python3.7/site-packages/airflow/example_dags/example_nested_branch_dag.py
[2022-08-08 06:11:01,142] {processor.py:642} INFO - Processing file /home/airflow/.local/lib/python3.7/site-packages/airflow/example_dags/example_nested_branch_dag.py for tasks to queue
[2022-08-08 06:11:01,144] {logging_mixin.py:109} INFO - [2022-08-08 06:11:01,144] {dagbag.py:500} INFO - Filling up the DagBag from /home/airflow/.local/lib/python3.7/site-packages/airflow/example_dags/example_nested_branch_dag.py
[2022-08-08 06:11:01,177] {processor.py:654} INFO - DAG(s) dict_keys(['example_nested_branch_dag']) retrieved from /home/airflow/.local/lib/python3.7/site-packages/airflow/example_dags/example_nested_branch_dag.py
[2022-08-08 06:11:01,189] {logging_mixin.py:109} INFO - [2022-08-08 06:11:01,188] {dag.py:2396} INFO - Sync 1 DAGs
[2022-08-08 06:11:01,205] {logging_mixin.py:109} INFO - [2022-08-08 06:11:01,205] {dag.py:2935} INFO - Setting next_dagrun for example_nested_branch_dag to 2022-08-07 00:00:00+00:00
[2022-08-08 06:11:01,216] {processor.py:171} INFO - Processing /home/airflow/.local/lib/python3.7/site-packages/airflow/example_dags/example_nested_branch_dag.py took 0.082 seconds
[2022-08-08 06:11:31,274] {processor.py:163} INFO - Started process (PID=610) to work on /home/airflow/.local/lib/python3.7/site-packages/airflow/example_dags/example_nested_branch_dag.py
[2022-08-08 06:11:31,277] {processor.py:642} INFO - Processing file /home/airflow/.local/lib/python3.7/site-packages/airflow/example_dags/example_nested_branch_dag.py for tasks to queue
[2022-08-08 06:11:31,278] {logging_mixin.py:109} INFO - [2022-08-08 06:11:31,278] {dagbag.py:500} INFO - Filling up the DagBag from /home/airflow/.local/lib/python3.7/site-packages/airflow/example_dags/example_nested_branch_dag.py
[2022-08-08 06:11:31,309] {processor.py:654} INFO - DAG(s) dict_keys(['example_nested_branch_dag']) retrieved from /home/airflow/.local/lib/python3.7/site-packages/airflow/example_dags/example_nested_branch_dag.py
[2022-08-08 06:11:31,320] {logging_mixin.py:109} INFO - [2022-08-08 06:11:31,320] {dag.py:2396} INFO - Sync 1 DAGs
[2022-08-08 06:11:31,343] {logging_mixin.py:109} INFO - [2022-08-08 06:11:31,343] {dag.py:2935} INFO - Setting next_dagrun for example_nested_branch_dag to 2022-08-07 00:00:00+00:00
[2022-08-08 06:11:31,356] {processor.py:171} INFO - Processing /home/airflow/.local/lib/python3.7/site-packages/airflow/example_dags/example_nested_branch_dag.py took 0.085 seconds
[2022-08-08 06:12:01,742] {processor.py:163} INFO - Started process (PID=670) to work on /home/airflow/.local/lib/python3.7/site-packages/airflow/example_dags/example_nested_branch_dag.py
[2022-08-08 06:12:01,746] {processor.py:642} INFO - Processing file /home/airflow/.local/lib/python3.7/site-packages/airflow/example_dags/example_nested_branch_dag.py for tasks to queue
[2022-08-08 06:12:01,748] {logging_mixin.py:109} INFO - [2022-08-08 06:12:01,748] {dagbag.py:500} INFO - Filling up the DagBag from /home/airflow/.local/lib/python3.7/site-packages/airflow/example_dags/example_nested_branch_dag.py
[2022-08-08 06:12:01,779] {processor.py:654} INFO - DAG(s) dict_keys(['example_nested_branch_dag']) retrieved from /home/airflow/.local/lib/python3.7/site-packages/airflow/example_dags/example_nested_branch_dag.py
[2022-08-08 06:12:01,790] {logging_mixin.py:109} INFO - [2022-08-08 06:12:01,790] {dag.py:2396} INFO - Sync 1 DAGs
[2022-08-08 06:12:01,807] {logging_mixin.py:109} INFO - [2022-08-08 06:12:01,807] {dag.py:2935} INFO - Setting next_dagrun for example_nested_branch_dag to 2022-08-07 00:00:00+00:00
[2022-08-08 06:12:01,817] {processor.py:171} INFO - Processing /home/airflow/.local/lib/python3.7/site-packages/airflow/example_dags/example_nested_branch_dag.py took 0.080 seconds
[2022-08-08 06:12:32,524] {processor.py:163} INFO - Started process (PID=739) to work on /home/airflow/.local/lib/python3.7/site-packages/airflow/example_dags/example_nested_branch_dag.py
[2022-08-08 06:12:32,527] {processor.py:642} INFO - Processing file /home/airflow/.local/lib/python3.7/site-packages/airflow/example_dags/example_nested_branch_dag.py for tasks to queue
[2022-08-08 06:12:32,529] {logging_mixin.py:109} INFO - [2022-08-08 06:12:32,529] {dagbag.py:500} INFO - Filling up the DagBag from /home/airflow/.local/lib/python3.7/site-packages/airflow/example_dags/example_nested_branch_dag.py
[2022-08-08 06:12:32,565] {processor.py:654} INFO - DAG(s) dict_keys(['example_nested_branch_dag']) retrieved from /home/airflow/.local/lib/python3.7/site-packages/airflow/example_dags/example_nested_branch_dag.py
[2022-08-08 06:12:32,580] {logging_mixin.py:109} INFO - [2022-08-08 06:12:32,580] {dag.py:2396} INFO - Sync 1 DAGs
[2022-08-08 06:12:32,599] {logging_mixin.py:109} INFO - [2022-08-08 06:12:32,598] {dag.py:2935} INFO - Setting next_dagrun for example_nested_branch_dag to 2022-08-07 00:00:00+00:00
[2022-08-08 06:12:32,611] {processor.py:171} INFO - Processing /home/airflow/.local/lib/python3.7/site-packages/airflow/example_dags/example_nested_branch_dag.py took 0.092 seconds
[2022-08-08 06:13:02,758] {processor.py:163} INFO - Started process (PID=799) to work on /home/airflow/.local/lib/python3.7/site-packages/airflow/example_dags/example_nested_branch_dag.py
[2022-08-08 06:13:02,762] {processor.py:642} INFO - Processing file /home/airflow/.local/lib/python3.7/site-packages/airflow/example_dags/example_nested_branch_dag.py for tasks to queue
[2022-08-08 06:13:02,768] {logging_mixin.py:109} INFO - [2022-08-08 06:13:02,768] {dagbag.py:500} INFO - Filling up the DagBag from /home/airflow/.local/lib/python3.7/site-packages/airflow/example_dags/example_nested_branch_dag.py
[2022-08-08 06:13:02,832] {processor.py:654} INFO - DAG(s) dict_keys(['example_nested_branch_dag']) retrieved from /home/airflow/.local/lib/python3.7/site-packages/airflow/example_dags/example_nested_branch_dag.py
[2022-08-08 06:13:02,859] {logging_mixin.py:109} INFO - [2022-08-08 06:13:02,859] {dag.py:2396} INFO - Sync 1 DAGs
[2022-08-08 06:13:02,925] {logging_mixin.py:109} INFO - [2022-08-08 06:13:02,925] {dag.py:2935} INFO - Setting next_dagrun for example_nested_branch_dag to 2022-08-07 00:00:00+00:00
[2022-08-08 06:13:02,944] {processor.py:171} INFO - Processing /home/airflow/.local/lib/python3.7/site-packages/airflow/example_dags/example_nested_branch_dag.py took 0.195 seconds
[2022-08-08 06:13:33,552] {processor.py:163} INFO - Started process (PID=869) to work on /home/airflow/.local/lib/python3.7/site-packages/airflow/example_dags/example_nested_branch_dag.py
[2022-08-08 06:13:33,554] {processor.py:642} INFO - Processing file /home/airflow/.local/lib/python3.7/site-packages/airflow/example_dags/example_nested_branch_dag.py for tasks to queue
[2022-08-08 06:13:33,556] {logging_mixin.py:109} INFO - [2022-08-08 06:13:33,556] {dagbag.py:500} INFO - Filling up the DagBag from /home/airflow/.local/lib/python3.7/site-packages/airflow/example_dags/example_nested_branch_dag.py
[2022-08-08 06:13:33,598] {processor.py:654} INFO - DAG(s) dict_keys(['example_nested_branch_dag']) retrieved from /home/airflow/.local/lib/python3.7/site-packages/airflow/example_dags/example_nested_branch_dag.py
[2022-08-08 06:13:33,613] {logging_mixin.py:109} INFO - [2022-08-08 06:13:33,613] {dag.py:2396} INFO - Sync 1 DAGs
[2022-08-08 06:13:33,635] {logging_mixin.py:109} INFO - [2022-08-08 06:13:33,635] {dag.py:2935} INFO - Setting next_dagrun for example_nested_branch_dag to 2022-08-07 00:00:00+00:00
[2022-08-08 06:13:33,651] {processor.py:171} INFO - Processing /home/airflow/.local/lib/python3.7/site-packages/airflow/example_dags/example_nested_branch_dag.py took 0.103 seconds
[2022-08-08 06:14:04,235] {processor.py:163} INFO - Started process (PID=929) to work on /home/airflow/.local/lib/python3.7/site-packages/airflow/example_dags/example_nested_branch_dag.py
[2022-08-08 06:14:04,237] {processor.py:642} INFO - Processing file /home/airflow/.local/lib/python3.7/site-packages/airflow/example_dags/example_nested_branch_dag.py for tasks to queue
[2022-08-08 06:14:04,238] {logging_mixin.py:109} INFO - [2022-08-08 06:14:04,238] {dagbag.py:500} INFO - Filling up the DagBag from /home/airflow/.local/lib/python3.7/site-packages/airflow/example_dags/example_nested_branch_dag.py
[2022-08-08 06:14:04,269] {processor.py:654} INFO - DAG(s) dict_keys(['example_nested_branch_dag']) retrieved from /home/airflow/.local/lib/python3.7/site-packages/airflow/example_dags/example_nested_branch_dag.py
[2022-08-08 06:14:04,280] {logging_mixin.py:109} INFO - [2022-08-08 06:14:04,280] {dag.py:2396} INFO - Sync 1 DAGs
[2022-08-08 06:14:04,298] {logging_mixin.py:109} INFO - [2022-08-08 06:14:04,298] {dag.py:2935} INFO - Setting next_dagrun for example_nested_branch_dag to 2022-08-07 00:00:00+00:00
[2022-08-08 06:14:04,310] {processor.py:171} INFO - Processing /home/airflow/.local/lib/python3.7/site-packages/airflow/example_dags/example_nested_branch_dag.py took 0.079 seconds
[2022-08-08 06:14:34,806] {processor.py:163} INFO - Started process (PID=997) to work on /home/airflow/.local/lib/python3.7/site-packages/airflow/example_dags/example_nested_branch_dag.py
[2022-08-08 06:14:34,809] {processor.py:642} INFO - Processing file /home/airflow/.local/lib/python3.7/site-packages/airflow/example_dags/example_nested_branch_dag.py for tasks to queue
[2022-08-08 06:14:34,811] {logging_mixin.py:109} INFO - [2022-08-08 06:14:34,810] {dagbag.py:500} INFO - Filling up the DagBag from /home/airflow/.local/lib/python3.7/site-packages/airflow/example_dags/example_nested_branch_dag.py
[2022-08-08 06:14:34,852] {processor.py:654} INFO - DAG(s) dict_keys(['example_nested_branch_dag']) retrieved from /home/airflow/.local/lib/python3.7/site-packages/airflow/example_dags/example_nested_branch_dag.py
[2022-08-08 06:14:34,866] {logging_mixin.py:109} INFO - [2022-08-08 06:14:34,866] {dag.py:2396} INFO - Sync 1 DAGs
[2022-08-08 06:14:34,887] {logging_mixin.py:109} INFO - [2022-08-08 06:14:34,887] {dag.py:2935} INFO - Setting next_dagrun for example_nested_branch_dag to 2022-08-07 00:00:00+00:00
[2022-08-08 06:14:34,902] {processor.py:171} INFO - Processing /home/airflow/.local/lib/python3.7/site-packages/airflow/example_dags/example_nested_branch_dag.py took 0.103 seconds
[2022-08-08 06:15:05,078] {processor.py:163} INFO - Started process (PID=1060) to work on /home/airflow/.local/lib/python3.7/site-packages/airflow/example_dags/example_nested_branch_dag.py
[2022-08-08 06:15:05,081] {processor.py:642} INFO - Processing file /home/airflow/.local/lib/python3.7/site-packages/airflow/example_dags/example_nested_branch_dag.py for tasks to queue
[2022-08-08 06:15:05,082] {logging_mixin.py:109} INFO - [2022-08-08 06:15:05,082] {dagbag.py:500} INFO - Filling up the DagBag from /home/airflow/.local/lib/python3.7/site-packages/airflow/example_dags/example_nested_branch_dag.py
[2022-08-08 06:15:05,113] {processor.py:654} INFO - DAG(s) dict_keys(['example_nested_branch_dag']) retrieved from /home/airflow/.local/lib/python3.7/site-packages/airflow/example_dags/example_nested_branch_dag.py
[2022-08-08 06:15:05,125] {logging_mixin.py:109} INFO - [2022-08-08 06:15:05,125] {dag.py:2396} INFO - Sync 1 DAGs
[2022-08-08 06:15:05,141] {logging_mixin.py:109} INFO - [2022-08-08 06:15:05,141] {dag.py:2935} INFO - Setting next_dagrun for example_nested_branch_dag to 2022-08-07 00:00:00+00:00
[2022-08-08 06:15:05,152] {processor.py:171} INFO - Processing /home/airflow/.local/lib/python3.7/site-packages/airflow/example_dags/example_nested_branch_dag.py took 0.078 seconds
[2022-08-08 06:15:35,464] {processor.py:163} INFO - Started process (PID=1121) to work on /home/airflow/.local/lib/python3.7/site-packages/airflow/example_dags/example_nested_branch_dag.py
[2022-08-08 06:15:35,467] {processor.py:642} INFO - Processing file /home/airflow/.local/lib/python3.7/site-packages/airflow/example_dags/example_nested_branch_dag.py for tasks to queue
[2022-08-08 06:15:35,469] {logging_mixin.py:109} INFO - [2022-08-08 06:15:35,469] {dagbag.py:500} INFO - Filling up the DagBag from /home/airflow/.local/lib/python3.7/site-packages/airflow/example_dags/example_nested_branch_dag.py
[2022-08-08 06:15:35,501] {processor.py:654} INFO - DAG(s) dict_keys(['example_nested_branch_dag']) retrieved from /home/airflow/.local/lib/python3.7/site-packages/airflow/example_dags/example_nested_branch_dag.py
[2022-08-08 06:15:35,512] {logging_mixin.py:109} INFO - [2022-08-08 06:15:35,512] {dag.py:2396} INFO - Sync 1 DAGs
[2022-08-08 06:15:35,528] {logging_mixin.py:109} INFO - [2022-08-08 06:15:35,528] {dag.py:2935} INFO - Setting next_dagrun for example_nested_branch_dag to 2022-08-07 00:00:00+00:00
[2022-08-08 06:15:35,538] {processor.py:171} INFO - Processing /home/airflow/.local/lib/python3.7/site-packages/airflow/example_dags/example_nested_branch_dag.py took 0.080 seconds
[2022-08-08 06:16:06,086] {processor.py:163} INFO - Started process (PID=1190) to work on /home/airflow/.local/lib/python3.7/site-packages/airflow/example_dags/example_nested_branch_dag.py
[2022-08-08 06:16:06,089] {processor.py:642} INFO - Processing file /home/airflow/.local/lib/python3.7/site-packages/airflow/example_dags/example_nested_branch_dag.py for tasks to queue
[2022-08-08 06:16:06,091] {logging_mixin.py:109} INFO - [2022-08-08 06:16:06,091] {dagbag.py:500} INFO - Filling up the DagBag from /home/airflow/.local/lib/python3.7/site-packages/airflow/example_dags/example_nested_branch_dag.py
[2022-08-08 06:16:06,123] {processor.py:654} INFO - DAG(s) dict_keys(['example_nested_branch_dag']) retrieved from /home/airflow/.local/lib/python3.7/site-packages/airflow/example_dags/example_nested_branch_dag.py
[2022-08-08 06:16:06,137] {logging_mixin.py:109} INFO - [2022-08-08 06:16:06,137] {dag.py:2396} INFO - Sync 1 DAGs
[2022-08-08 06:16:06,155] {logging_mixin.py:109} INFO - [2022-08-08 06:16:06,155] {dag.py:2935} INFO - Setting next_dagrun for example_nested_branch_dag to 2022-08-07 00:00:00+00:00
[2022-08-08 06:16:06,167] {processor.py:171} INFO - Processing /home/airflow/.local/lib/python3.7/site-packages/airflow/example_dags/example_nested_branch_dag.py took 0.087 seconds
[2022-08-08 06:16:36,429] {processor.py:163} INFO - Started process (PID=1252) to work on /home/airflow/.local/lib/python3.7/site-packages/airflow/example_dags/example_nested_branch_dag.py
[2022-08-08 06:16:36,432] {processor.py:642} INFO - Processing file /home/airflow/.local/lib/python3.7/site-packages/airflow/example_dags/example_nested_branch_dag.py for tasks to queue
[2022-08-08 06:16:36,434] {logging_mixin.py:109} INFO - [2022-08-08 06:16:36,434] {dagbag.py:500} INFO - Filling up the DagBag from /home/airflow/.local/lib/python3.7/site-packages/airflow/example_dags/example_nested_branch_dag.py
[2022-08-08 06:16:36,472] {processor.py:654} INFO - DAG(s) dict_keys(['example_nested_branch_dag']) retrieved from /home/airflow/.local/lib/python3.7/site-packages/airflow/example_dags/example_nested_branch_dag.py
[2022-08-08 06:16:36,483] {logging_mixin.py:109} INFO - [2022-08-08 06:16:36,483] {dag.py:2396} INFO - Sync 1 DAGs
[2022-08-08 06:16:36,501] {logging_mixin.py:109} INFO - [2022-08-08 06:16:36,501] {dag.py:2935} INFO - Setting next_dagrun for example_nested_branch_dag to 2022-08-07 00:00:00+00:00
[2022-08-08 06:16:36,512] {processor.py:171} INFO - Processing /home/airflow/.local/lib/python3.7/site-packages/airflow/example_dags/example_nested_branch_dag.py took 0.089 seconds
[2022-08-08 06:17:06,795] {processor.py:163} INFO - Started process (PID=1323) to work on /home/airflow/.local/lib/python3.7/site-packages/airflow/example_dags/example_nested_branch_dag.py
[2022-08-08 06:17:06,797] {processor.py:642} INFO - Processing file /home/airflow/.local/lib/python3.7/site-packages/airflow/example_dags/example_nested_branch_dag.py for tasks to queue
[2022-08-08 06:17:06,798] {logging_mixin.py:109} INFO - [2022-08-08 06:17:06,798] {dagbag.py:500} INFO - Filling up the DagBag from /home/airflow/.local/lib/python3.7/site-packages/airflow/example_dags/example_nested_branch_dag.py
[2022-08-08 06:17:06,832] {processor.py:654} INFO - DAG(s) dict_keys(['example_nested_branch_dag']) retrieved from /home/airflow/.local/lib/python3.7/site-packages/airflow/example_dags/example_nested_branch_dag.py
[2022-08-08 06:17:06,844] {logging_mixin.py:109} INFO - [2022-08-08 06:17:06,844] {dag.py:2396} INFO - Sync 1 DAGs
[2022-08-08 06:17:06,862] {logging_mixin.py:109} INFO - [2022-08-08 06:17:06,862] {dag.py:2935} INFO - Setting next_dagrun for example_nested_branch_dag to 2022-08-07 00:00:00+00:00
[2022-08-08 06:17:06,875] {processor.py:171} INFO - Processing /home/airflow/.local/lib/python3.7/site-packages/airflow/example_dags/example_nested_branch_dag.py took 0.084 seconds
[2022-08-08 06:17:37,674] {processor.py:163} INFO - Started process (PID=1385) to work on /home/airflow/.local/lib/python3.7/site-packages/airflow/example_dags/example_nested_branch_dag.py
[2022-08-08 06:17:37,677] {processor.py:642} INFO - Processing file /home/airflow/.local/lib/python3.7/site-packages/airflow/example_dags/example_nested_branch_dag.py for tasks to queue
[2022-08-08 06:17:37,679] {logging_mixin.py:109} INFO - [2022-08-08 06:17:37,679] {dagbag.py:500} INFO - Filling up the DagBag from /home/airflow/.local/lib/python3.7/site-packages/airflow/example_dags/example_nested_branch_dag.py
[2022-08-08 06:17:37,716] {processor.py:654} INFO - DAG(s) dict_keys(['example_nested_branch_dag']) retrieved from /home/airflow/.local/lib/python3.7/site-packages/airflow/example_dags/example_nested_branch_dag.py
[2022-08-08 06:17:37,730] {logging_mixin.py:109} INFO - [2022-08-08 06:17:37,730] {dag.py:2396} INFO - Sync 1 DAGs
[2022-08-08 06:17:37,749] {logging_mixin.py:109} INFO - [2022-08-08 06:17:37,749] {dag.py:2935} INFO - Setting next_dagrun for example_nested_branch_dag to 2022-08-07 00:00:00+00:00
[2022-08-08 06:17:37,762] {processor.py:171} INFO - Processing /home/airflow/.local/lib/python3.7/site-packages/airflow/example_dags/example_nested_branch_dag.py took 0.093 seconds
[2022-08-08 06:18:08,374] {processor.py:163} INFO - Started process (PID=1456) to work on /home/airflow/.local/lib/python3.7/site-packages/airflow/example_dags/example_nested_branch_dag.py
[2022-08-08 06:18:08,377] {processor.py:642} INFO - Processing file /home/airflow/.local/lib/python3.7/site-packages/airflow/example_dags/example_nested_branch_dag.py for tasks to queue
[2022-08-08 06:18:08,378] {logging_mixin.py:109} INFO - [2022-08-08 06:18:08,378] {dagbag.py:500} INFO - Filling up the DagBag from /home/airflow/.local/lib/python3.7/site-packages/airflow/example_dags/example_nested_branch_dag.py
[2022-08-08 06:18:08,409] {processor.py:654} INFO - DAG(s) dict_keys(['example_nested_branch_dag']) retrieved from /home/airflow/.local/lib/python3.7/site-packages/airflow/example_dags/example_nested_branch_dag.py
[2022-08-08 06:18:08,420] {logging_mixin.py:109} INFO - [2022-08-08 06:18:08,420] {dag.py:2396} INFO - Sync 1 DAGs
[2022-08-08 06:18:08,438] {logging_mixin.py:109} INFO - [2022-08-08 06:18:08,438] {dag.py:2935} INFO - Setting next_dagrun for example_nested_branch_dag to 2022-08-07 00:00:00+00:00
[2022-08-08 06:18:08,449] {processor.py:171} INFO - Processing /home/airflow/.local/lib/python3.7/site-packages/airflow/example_dags/example_nested_branch_dag.py took 0.078 seconds
[2022-08-08 06:18:38,596] {processor.py:163} INFO - Started process (PID=1517) to work on /home/airflow/.local/lib/python3.7/site-packages/airflow/example_dags/example_nested_branch_dag.py
[2022-08-08 06:18:38,599] {processor.py:642} INFO - Processing file /home/airflow/.local/lib/python3.7/site-packages/airflow/example_dags/example_nested_branch_dag.py for tasks to queue
[2022-08-08 06:18:38,601] {logging_mixin.py:109} INFO - [2022-08-08 06:18:38,600] {dagbag.py:500} INFO - Filling up the DagBag from /home/airflow/.local/lib/python3.7/site-packages/airflow/example_dags/example_nested_branch_dag.py
[2022-08-08 06:18:38,635] {processor.py:654} INFO - DAG(s) dict_keys(['example_nested_branch_dag']) retrieved from /home/airflow/.local/lib/python3.7/site-packages/airflow/example_dags/example_nested_branch_dag.py
[2022-08-08 06:18:38,646] {logging_mixin.py:109} INFO - [2022-08-08 06:18:38,646] {dag.py:2396} INFO - Sync 1 DAGs
[2022-08-08 06:18:38,662] {logging_mixin.py:109} INFO - [2022-08-08 06:18:38,662] {dag.py:2935} INFO - Setting next_dagrun for example_nested_branch_dag to 2022-08-07 00:00:00+00:00
[2022-08-08 06:18:38,676] {processor.py:171} INFO - Processing /home/airflow/.local/lib/python3.7/site-packages/airflow/example_dags/example_nested_branch_dag.py took 0.085 seconds
[2022-08-08 06:19:08,824] {processor.py:163} INFO - Started process (PID=1585) to work on /home/airflow/.local/lib/python3.7/site-packages/airflow/example_dags/example_nested_branch_dag.py
[2022-08-08 06:19:08,827] {processor.py:642} INFO - Processing file /home/airflow/.local/lib/python3.7/site-packages/airflow/example_dags/example_nested_branch_dag.py for tasks to queue
[2022-08-08 06:19:08,829] {logging_mixin.py:109} INFO - [2022-08-08 06:19:08,829] {dagbag.py:500} INFO - Filling up the DagBag from /home/airflow/.local/lib/python3.7/site-packages/airflow/example_dags/example_nested_branch_dag.py
[2022-08-08 06:19:08,867] {processor.py:654} INFO - DAG(s) dict_keys(['example_nested_branch_dag']) retrieved from /home/airflow/.local/lib/python3.7/site-packages/airflow/example_dags/example_nested_branch_dag.py
[2022-08-08 06:19:08,882] {logging_mixin.py:109} INFO - [2022-08-08 06:19:08,882] {dag.py:2396} INFO - Sync 1 DAGs
[2022-08-08 06:19:08,902] {logging_mixin.py:109} INFO - [2022-08-08 06:19:08,902] {dag.py:2935} INFO - Setting next_dagrun for example_nested_branch_dag to 2022-08-07 00:00:00+00:00
[2022-08-08 06:19:08,917] {processor.py:171} INFO - Processing /home/airflow/.local/lib/python3.7/site-packages/airflow/example_dags/example_nested_branch_dag.py took 0.099 seconds
[2022-08-08 06:19:39,470] {processor.py:163} INFO - Started process (PID=1648) to work on /home/airflow/.local/lib/python3.7/site-packages/airflow/example_dags/example_nested_branch_dag.py
[2022-08-08 06:19:39,475] {processor.py:642} INFO - Processing file /home/airflow/.local/lib/python3.7/site-packages/airflow/example_dags/example_nested_branch_dag.py for tasks to queue
[2022-08-08 06:19:39,478] {logging_mixin.py:109} INFO - [2022-08-08 06:19:39,477] {dagbag.py:500} INFO - Filling up the DagBag from /home/airflow/.local/lib/python3.7/site-packages/airflow/example_dags/example_nested_branch_dag.py
[2022-08-08 06:19:39,526] {processor.py:654} INFO - DAG(s) dict_keys(['example_nested_branch_dag']) retrieved from /home/airflow/.local/lib/python3.7/site-packages/airflow/example_dags/example_nested_branch_dag.py
[2022-08-08 06:19:39,546] {logging_mixin.py:109} INFO - [2022-08-08 06:19:39,546] {dag.py:2396} INFO - Sync 1 DAGs
[2022-08-08 06:19:39,568] {logging_mixin.py:109} INFO - [2022-08-08 06:19:39,568] {dag.py:2935} INFO - Setting next_dagrun for example_nested_branch_dag to 2022-08-07 00:00:00+00:00
[2022-08-08 06:19:39,578] {processor.py:171} INFO - Processing /home/airflow/.local/lib/python3.7/site-packages/airflow/example_dags/example_nested_branch_dag.py took 0.113 seconds
[2022-08-08 06:20:09,882] {processor.py:163} INFO - Started process (PID=1708) to work on /home/airflow/.local/lib/python3.7/site-packages/airflow/example_dags/example_nested_branch_dag.py
[2022-08-08 06:20:09,886] {processor.py:642} INFO - Processing file /home/airflow/.local/lib/python3.7/site-packages/airflow/example_dags/example_nested_branch_dag.py for tasks to queue
[2022-08-08 06:20:09,889] {logging_mixin.py:109} INFO - [2022-08-08 06:20:09,889] {dagbag.py:500} INFO - Filling up the DagBag from /home/airflow/.local/lib/python3.7/site-packages/airflow/example_dags/example_nested_branch_dag.py
[2022-08-08 06:20:09,932] {processor.py:654} INFO - DAG(s) dict_keys(['example_nested_branch_dag']) retrieved from /home/airflow/.local/lib/python3.7/site-packages/airflow/example_dags/example_nested_branch_dag.py
[2022-08-08 06:20:09,957] {logging_mixin.py:109} INFO - [2022-08-08 06:20:09,957] {dag.py:2396} INFO - Sync 1 DAGs
[2022-08-08 06:20:09,975] {logging_mixin.py:109} INFO - [2022-08-08 06:20:09,975] {dag.py:2935} INFO - Setting next_dagrun for example_nested_branch_dag to 2022-08-07 00:00:00+00:00
[2022-08-08 06:20:09,985] {processor.py:171} INFO - Processing /home/airflow/.local/lib/python3.7/site-packages/airflow/example_dags/example_nested_branch_dag.py took 0.112 seconds
[2022-08-08 06:20:40,197] {processor.py:163} INFO - Started process (PID=1778) to work on /home/airflow/.local/lib/python3.7/site-packages/airflow/example_dags/example_nested_branch_dag.py
[2022-08-08 06:20:40,199] {processor.py:642} INFO - Processing file /home/airflow/.local/lib/python3.7/site-packages/airflow/example_dags/example_nested_branch_dag.py for tasks to queue
[2022-08-08 06:20:40,201] {logging_mixin.py:109} INFO - [2022-08-08 06:20:40,201] {dagbag.py:500} INFO - Filling up the DagBag from /home/airflow/.local/lib/python3.7/site-packages/airflow/example_dags/example_nested_branch_dag.py
[2022-08-08 06:20:40,231] {processor.py:654} INFO - DAG(s) dict_keys(['example_nested_branch_dag']) retrieved from /home/airflow/.local/lib/python3.7/site-packages/airflow/example_dags/example_nested_branch_dag.py
[2022-08-08 06:20:40,245] {logging_mixin.py:109} INFO - [2022-08-08 06:20:40,245] {dag.py:2396} INFO - Sync 1 DAGs
[2022-08-08 06:20:40,265] {logging_mixin.py:109} INFO - [2022-08-08 06:20:40,265] {dag.py:2935} INFO - Setting next_dagrun for example_nested_branch_dag to 2022-08-07 00:00:00+00:00
[2022-08-08 06:20:40,279] {processor.py:171} INFO - Processing /home/airflow/.local/lib/python3.7/site-packages/airflow/example_dags/example_nested_branch_dag.py took 0.087 seconds
[2022-08-08 06:21:10,339] {processor.py:163} INFO - Started process (PID=1838) to work on /home/airflow/.local/lib/python3.7/site-packages/airflow/example_dags/example_nested_branch_dag.py
[2022-08-08 06:21:10,345] {processor.py:642} INFO - Processing file /home/airflow/.local/lib/python3.7/site-packages/airflow/example_dags/example_nested_branch_dag.py for tasks to queue
[2022-08-08 06:21:10,347] {logging_mixin.py:109} INFO - [2022-08-08 06:21:10,347] {dagbag.py:500} INFO - Filling up the DagBag from /home/airflow/.local/lib/python3.7/site-packages/airflow/example_dags/example_nested_branch_dag.py
[2022-08-08 06:21:10,382] {processor.py:654} INFO - DAG(s) dict_keys(['example_nested_branch_dag']) retrieved from /home/airflow/.local/lib/python3.7/site-packages/airflow/example_dags/example_nested_branch_dag.py
[2022-08-08 06:21:10,401] {logging_mixin.py:109} INFO - [2022-08-08 06:21:10,401] {dag.py:2396} INFO - Sync 1 DAGs
[2022-08-08 06:21:10,513] {logging_mixin.py:109} INFO - [2022-08-08 06:21:10,513] {dag.py:2935} INFO - Setting next_dagrun for example_nested_branch_dag to 2022-08-07 00:00:00+00:00
[2022-08-08 06:21:10,523] {processor.py:171} INFO - Processing /home/airflow/.local/lib/python3.7/site-packages/airflow/example_dags/example_nested_branch_dag.py took 0.189 seconds
[2022-08-08 06:21:40,580] {processor.py:163} INFO - Started process (PID=1906) to work on /home/airflow/.local/lib/python3.7/site-packages/airflow/example_dags/example_nested_branch_dag.py
[2022-08-08 06:21:40,582] {processor.py:642} INFO - Processing file /home/airflow/.local/lib/python3.7/site-packages/airflow/example_dags/example_nested_branch_dag.py for tasks to queue
[2022-08-08 06:21:40,584] {logging_mixin.py:109} INFO - [2022-08-08 06:21:40,584] {dagbag.py:500} INFO - Filling up the DagBag from /home/airflow/.local/lib/python3.7/site-packages/airflow/example_dags/example_nested_branch_dag.py
[2022-08-08 06:21:40,627] {processor.py:654} INFO - DAG(s) dict_keys(['example_nested_branch_dag']) retrieved from /home/airflow/.local/lib/python3.7/site-packages/airflow/example_dags/example_nested_branch_dag.py
[2022-08-08 06:21:40,639] {logging_mixin.py:109} INFO - [2022-08-08 06:21:40,639] {dag.py:2396} INFO - Sync 1 DAGs
[2022-08-08 06:21:40,754] {logging_mixin.py:109} INFO - [2022-08-08 06:21:40,754] {dag.py:2935} INFO - Setting next_dagrun for example_nested_branch_dag to 2022-08-07 00:00:00+00:00
[2022-08-08 06:21:40,763] {processor.py:171} INFO - Processing /home/airflow/.local/lib/python3.7/site-packages/airflow/example_dags/example_nested_branch_dag.py took 0.188 seconds
[2022-08-08 06:22:10,846] {processor.py:163} INFO - Started process (PID=1967) to work on /home/airflow/.local/lib/python3.7/site-packages/airflow/example_dags/example_nested_branch_dag.py
[2022-08-08 06:22:10,848] {processor.py:642} INFO - Processing file /home/airflow/.local/lib/python3.7/site-packages/airflow/example_dags/example_nested_branch_dag.py for tasks to queue
[2022-08-08 06:22:10,850] {logging_mixin.py:109} INFO - [2022-08-08 06:22:10,850] {dagbag.py:500} INFO - Filling up the DagBag from /home/airflow/.local/lib/python3.7/site-packages/airflow/example_dags/example_nested_branch_dag.py
[2022-08-08 06:22:10,881] {processor.py:654} INFO - DAG(s) dict_keys(['example_nested_branch_dag']) retrieved from /home/airflow/.local/lib/python3.7/site-packages/airflow/example_dags/example_nested_branch_dag.py
[2022-08-08 06:22:10,896] {logging_mixin.py:109} INFO - [2022-08-08 06:22:10,896] {dag.py:2396} INFO - Sync 1 DAGs
[2022-08-08 06:22:11,020] {logging_mixin.py:109} INFO - [2022-08-08 06:22:11,020] {dag.py:2935} INFO - Setting next_dagrun for example_nested_branch_dag to 2022-08-07 00:00:00+00:00
[2022-08-08 06:22:11,032] {processor.py:171} INFO - Processing /home/airflow/.local/lib/python3.7/site-packages/airflow/example_dags/example_nested_branch_dag.py took 0.192 seconds
[2022-08-08 06:22:41,599] {processor.py:163} INFO - Started process (PID=2036) to work on /home/airflow/.local/lib/python3.7/site-packages/airflow/example_dags/example_nested_branch_dag.py
[2022-08-08 06:22:41,608] {processor.py:642} INFO - Processing file /home/airflow/.local/lib/python3.7/site-packages/airflow/example_dags/example_nested_branch_dag.py for tasks to queue
[2022-08-08 06:22:41,612] {logging_mixin.py:109} INFO - [2022-08-08 06:22:41,611] {dagbag.py:500} INFO - Filling up the DagBag from /home/airflow/.local/lib/python3.7/site-packages/airflow/example_dags/example_nested_branch_dag.py
[2022-08-08 06:22:41,659] {processor.py:654} INFO - DAG(s) dict_keys(['example_nested_branch_dag']) retrieved from /home/airflow/.local/lib/python3.7/site-packages/airflow/example_dags/example_nested_branch_dag.py
[2022-08-08 06:22:41,791] {logging_mixin.py:109} INFO - [2022-08-08 06:22:41,791] {dag.py:2396} INFO - Sync 1 DAGs
[2022-08-08 06:22:41,817] {logging_mixin.py:109} INFO - [2022-08-08 06:22:41,817] {dag.py:2935} INFO - Setting next_dagrun for example_nested_branch_dag to 2022-08-07 00:00:00+00:00
[2022-08-08 06:22:41,829] {processor.py:171} INFO - Processing /home/airflow/.local/lib/python3.7/site-packages/airflow/example_dags/example_nested_branch_dag.py took 0.234 seconds
[2022-08-08 07:11:43,121] {processor.py:163} INFO - Started process (PID=2061) to work on /home/airflow/.local/lib/python3.7/site-packages/airflow/example_dags/example_nested_branch_dag.py
[2022-08-08 07:11:43,126] {processor.py:642} INFO - Processing file /home/airflow/.local/lib/python3.7/site-packages/airflow/example_dags/example_nested_branch_dag.py for tasks to queue
[2022-08-08 07:11:43,130] {logging_mixin.py:109} INFO - [2022-08-08 07:11:43,130] {dagbag.py:500} INFO - Filling up the DagBag from /home/airflow/.local/lib/python3.7/site-packages/airflow/example_dags/example_nested_branch_dag.py
[2022-08-08 07:11:43,311] {processor.py:654} INFO - DAG(s) dict_keys(['example_nested_branch_dag']) retrieved from /home/airflow/.local/lib/python3.7/site-packages/airflow/example_dags/example_nested_branch_dag.py
[2022-08-08 07:11:43,370] {logging_mixin.py:109} INFO - [2022-08-08 07:11:43,369] {dag.py:2396} INFO - Sync 1 DAGs
[2022-08-08 07:11:43,405] {logging_mixin.py:109} INFO - [2022-08-08 07:11:43,405] {dag.py:2935} INFO - Setting next_dagrun for example_nested_branch_dag to 2022-08-07 00:00:00+00:00
[2022-08-08 07:11:43,420] {processor.py:171} INFO - Processing /home/airflow/.local/lib/python3.7/site-packages/airflow/example_dags/example_nested_branch_dag.py took 0.307 seconds
[2022-08-08 09:12:22,981] {processor.py:163} INFO - Started process (PID=2124) to work on /home/airflow/.local/lib/python3.7/site-packages/airflow/example_dags/example_nested_branch_dag.py
[2022-08-08 09:12:22,991] {processor.py:642} INFO - Processing file /home/airflow/.local/lib/python3.7/site-packages/airflow/example_dags/example_nested_branch_dag.py for tasks to queue
[2022-08-08 09:12:22,995] {logging_mixin.py:109} INFO - [2022-08-08 09:12:22,995] {dagbag.py:500} INFO - Filling up the DagBag from /home/airflow/.local/lib/python3.7/site-packages/airflow/example_dags/example_nested_branch_dag.py
[2022-08-08 09:12:23,204] {processor.py:654} INFO - DAG(s) dict_keys(['example_nested_branch_dag']) retrieved from /home/airflow/.local/lib/python3.7/site-packages/airflow/example_dags/example_nested_branch_dag.py
[2022-08-08 09:12:23,262] {logging_mixin.py:109} INFO - [2022-08-08 09:12:23,262] {dag.py:2396} INFO - Sync 1 DAGs
[2022-08-08 09:12:23,333] {logging_mixin.py:109} INFO - [2022-08-08 09:12:23,332] {dag.py:2935} INFO - Setting next_dagrun for example_nested_branch_dag to 2022-08-07 00:00:00+00:00
[2022-08-08 09:12:23,360] {processor.py:171} INFO - Processing /home/airflow/.local/lib/python3.7/site-packages/airflow/example_dags/example_nested_branch_dag.py took 0.392 seconds
[2022-08-08 09:16:10,646] {processor.py:163} INFO - Started process (PID=2155) to work on /home/airflow/.local/lib/python3.7/site-packages/airflow/example_dags/example_nested_branch_dag.py
[2022-08-08 09:16:10,656] {processor.py:642} INFO - Processing file /home/airflow/.local/lib/python3.7/site-packages/airflow/example_dags/example_nested_branch_dag.py for tasks to queue
[2022-08-08 09:16:10,659] {logging_mixin.py:109} INFO - [2022-08-08 09:16:10,658] {dagbag.py:500} INFO - Filling up the DagBag from /home/airflow/.local/lib/python3.7/site-packages/airflow/example_dags/example_nested_branch_dag.py
[2022-08-08 09:16:10,749] {processor.py:654} INFO - DAG(s) dict_keys(['example_nested_branch_dag']) retrieved from /home/airflow/.local/lib/python3.7/site-packages/airflow/example_dags/example_nested_branch_dag.py
[2022-08-08 09:16:10,772] {logging_mixin.py:109} INFO - [2022-08-08 09:16:10,772] {dag.py:2396} INFO - Sync 1 DAGs
[2022-08-08 09:16:10,801] {logging_mixin.py:109} INFO - [2022-08-08 09:16:10,800] {dag.py:2935} INFO - Setting next_dagrun for example_nested_branch_dag to 2022-08-07 00:00:00+00:00
[2022-08-08 09:16:10,823] {processor.py:171} INFO - Processing /home/airflow/.local/lib/python3.7/site-packages/airflow/example_dags/example_nested_branch_dag.py took 0.182 seconds
[2022-08-08 09:32:36,938] {processor.py:163} INFO - Started process (PID=2231) to work on /home/airflow/.local/lib/python3.7/site-packages/airflow/example_dags/example_nested_branch_dag.py
[2022-08-08 09:32:36,958] {processor.py:642} INFO - Processing file /home/airflow/.local/lib/python3.7/site-packages/airflow/example_dags/example_nested_branch_dag.py for tasks to queue
[2022-08-08 09:32:36,960] {logging_mixin.py:109} INFO - [2022-08-08 09:32:36,960] {dagbag.py:500} INFO - Filling up the DagBag from /home/airflow/.local/lib/python3.7/site-packages/airflow/example_dags/example_nested_branch_dag.py
[2022-08-08 09:32:37,316] {processor.py:654} INFO - DAG(s) dict_keys(['example_nested_branch_dag']) retrieved from /home/airflow/.local/lib/python3.7/site-packages/airflow/example_dags/example_nested_branch_dag.py
[2022-08-08 09:32:37,427] {logging_mixin.py:109} INFO - [2022-08-08 09:32:37,427] {dag.py:2396} INFO - Sync 1 DAGs
[2022-08-08 09:32:37,568] {logging_mixin.py:109} INFO - [2022-08-08 09:32:37,568] {dag.py:2935} INFO - Setting next_dagrun for example_nested_branch_dag to 2022-08-07 00:00:00+00:00
[2022-08-08 09:32:37,701] {processor.py:171} INFO - Processing /home/airflow/.local/lib/python3.7/site-packages/airflow/example_dags/example_nested_branch_dag.py took 0.778 seconds
[2022-08-08 09:35:16,263] {processor.py:163} INFO - Started process (PID=2306) to work on /home/airflow/.local/lib/python3.7/site-packages/airflow/example_dags/example_nested_branch_dag.py
[2022-08-08 09:35:16,323] {processor.py:642} INFO - Processing file /home/airflow/.local/lib/python3.7/site-packages/airflow/example_dags/example_nested_branch_dag.py for tasks to queue
[2022-08-08 09:35:16,402] {logging_mixin.py:109} INFO - [2022-08-08 09:35:16,360] {dagbag.py:500} INFO - Filling up the DagBag from /home/airflow/.local/lib/python3.7/site-packages/airflow/example_dags/example_nested_branch_dag.py
[2022-08-08 09:35:19,259] {processor.py:654} INFO - DAG(s) dict_keys(['example_nested_branch_dag']) retrieved from /home/airflow/.local/lib/python3.7/site-packages/airflow/example_dags/example_nested_branch_dag.py
[2022-08-08 09:35:20,105] {logging_mixin.py:109} INFO - [2022-08-08 09:35:20,104] {dag.py:2396} INFO - Sync 1 DAGs
[2022-08-08 09:35:39,403] {logging_mixin.py:109} INFO - [2022-08-08 09:35:39,260] {dag.py:2935} INFO - Setting next_dagrun for example_nested_branch_dag to 2022-08-07 00:00:00+00:00
[2022-08-08 09:35:47,568] {processor.py:171} INFO - Processing /home/airflow/.local/lib/python3.7/site-packages/airflow/example_dags/example_nested_branch_dag.py took 31.747 seconds
