[2022-08-08 06:07:16,204] {processor.py:163} INFO - Started process (PID=94) to work on /home/airflow/.local/lib/python3.7/site-packages/airflow/example_dags/example_bash_operator.py
[2022-08-08 06:07:16,221] {processor.py:642} INFO - Processing file /home/airflow/.local/lib/python3.7/site-packages/airflow/example_dags/example_bash_operator.py for tasks to queue
[2022-08-08 06:07:16,225] {logging_mixin.py:109} INFO - [2022-08-08 06:07:16,224] {dagbag.py:500} INFO - Filling up the DagBag from /home/airflow/.local/lib/python3.7/site-packages/airflow/example_dags/example_bash_operator.py
[2022-08-08 06:07:16,509] {processor.py:654} INFO - DAG(s) dict_keys(['example_bash_operator']) retrieved from /home/airflow/.local/lib/python3.7/site-packages/airflow/example_dags/example_bash_operator.py
[2022-08-08 06:07:16,651] {logging_mixin.py:109} INFO - [2022-08-08 06:07:16,651] {dag.py:2396} INFO - Sync 1 DAGs
[2022-08-08 06:07:16,776] {logging_mixin.py:109} INFO - [2022-08-08 06:07:16,776] {dag.py:2935} INFO - Setting next_dagrun for example_bash_operator to 2022-08-07 00:00:00+00:00
[2022-08-08 06:07:16,842] {processor.py:171} INFO - Processing /home/airflow/.local/lib/python3.7/site-packages/airflow/example_dags/example_bash_operator.py took 0.656 seconds
[2022-08-08 06:07:47,113] {processor.py:163} INFO - Started process (PID=144) to work on /home/airflow/.local/lib/python3.7/site-packages/airflow/example_dags/example_bash_operator.py
[2022-08-08 06:07:47,128] {processor.py:642} INFO - Processing file /home/airflow/.local/lib/python3.7/site-packages/airflow/example_dags/example_bash_operator.py for tasks to queue
[2022-08-08 06:07:47,130] {logging_mixin.py:109} INFO - [2022-08-08 06:07:47,130] {dagbag.py:500} INFO - Filling up the DagBag from /home/airflow/.local/lib/python3.7/site-packages/airflow/example_dags/example_bash_operator.py
[2022-08-08 06:07:47,233] {processor.py:654} INFO - DAG(s) dict_keys(['example_bash_operator']) retrieved from /home/airflow/.local/lib/python3.7/site-packages/airflow/example_dags/example_bash_operator.py
[2022-08-08 06:07:47,276] {logging_mixin.py:109} INFO - [2022-08-08 06:07:47,276] {dag.py:2396} INFO - Sync 1 DAGs
[2022-08-08 06:07:47,323] {logging_mixin.py:109} INFO - [2022-08-08 06:07:47,323] {dag.py:2935} INFO - Setting next_dagrun for example_bash_operator to 2022-08-07 00:00:00+00:00
[2022-08-08 06:07:47,357] {processor.py:171} INFO - Processing /home/airflow/.local/lib/python3.7/site-packages/airflow/example_dags/example_bash_operator.py took 0.248 seconds
[2022-08-08 06:08:17,815] {processor.py:163} INFO - Started process (PID=213) to work on /home/airflow/.local/lib/python3.7/site-packages/airflow/example_dags/example_bash_operator.py
[2022-08-08 06:08:17,825] {processor.py:642} INFO - Processing file /home/airflow/.local/lib/python3.7/site-packages/airflow/example_dags/example_bash_operator.py for tasks to queue
[2022-08-08 06:08:17,837] {logging_mixin.py:109} INFO - [2022-08-08 06:08:17,837] {dagbag.py:500} INFO - Filling up the DagBag from /home/airflow/.local/lib/python3.7/site-packages/airflow/example_dags/example_bash_operator.py
[2022-08-08 06:08:17,973] {processor.py:654} INFO - DAG(s) dict_keys(['example_bash_operator']) retrieved from /home/airflow/.local/lib/python3.7/site-packages/airflow/example_dags/example_bash_operator.py
[2022-08-08 06:08:18,018] {logging_mixin.py:109} INFO - [2022-08-08 06:08:18,018] {dag.py:2396} INFO - Sync 1 DAGs
[2022-08-08 06:08:18,090] {logging_mixin.py:109} INFO - [2022-08-08 06:08:18,090] {dag.py:2935} INFO - Setting next_dagrun for example_bash_operator to 2022-08-07 00:00:00+00:00
[2022-08-08 06:08:18,154] {processor.py:171} INFO - Processing /home/airflow/.local/lib/python3.7/site-packages/airflow/example_dags/example_bash_operator.py took 0.344 seconds
[2022-08-08 06:08:49,065] {processor.py:163} INFO - Started process (PID=274) to work on /home/airflow/.local/lib/python3.7/site-packages/airflow/example_dags/example_bash_operator.py
[2022-08-08 06:08:49,067] {processor.py:642} INFO - Processing file /home/airflow/.local/lib/python3.7/site-packages/airflow/example_dags/example_bash_operator.py for tasks to queue
[2022-08-08 06:08:49,070] {logging_mixin.py:109} INFO - [2022-08-08 06:08:49,070] {dagbag.py:500} INFO - Filling up the DagBag from /home/airflow/.local/lib/python3.7/site-packages/airflow/example_dags/example_bash_operator.py
[2022-08-08 06:08:49,106] {processor.py:654} INFO - DAG(s) dict_keys(['example_bash_operator']) retrieved from /home/airflow/.local/lib/python3.7/site-packages/airflow/example_dags/example_bash_operator.py
[2022-08-08 06:08:49,117] {logging_mixin.py:109} INFO - [2022-08-08 06:08:49,117] {dag.py:2396} INFO - Sync 1 DAGs
[2022-08-08 06:08:49,134] {logging_mixin.py:109} INFO - [2022-08-08 06:08:49,134] {dag.py:2935} INFO - Setting next_dagrun for example_bash_operator to 2022-08-07 00:00:00+00:00
[2022-08-08 06:08:49,144] {processor.py:171} INFO - Processing /home/airflow/.local/lib/python3.7/site-packages/airflow/example_dags/example_bash_operator.py took 0.084 seconds
[2022-08-08 06:09:19,552] {processor.py:163} INFO - Started process (PID=334) to work on /home/airflow/.local/lib/python3.7/site-packages/airflow/example_dags/example_bash_operator.py
[2022-08-08 06:09:19,554] {processor.py:642} INFO - Processing file /home/airflow/.local/lib/python3.7/site-packages/airflow/example_dags/example_bash_operator.py for tasks to queue
[2022-08-08 06:09:19,556] {logging_mixin.py:109} INFO - [2022-08-08 06:09:19,556] {dagbag.py:500} INFO - Filling up the DagBag from /home/airflow/.local/lib/python3.7/site-packages/airflow/example_dags/example_bash_operator.py
[2022-08-08 06:09:19,604] {processor.py:654} INFO - DAG(s) dict_keys(['example_bash_operator']) retrieved from /home/airflow/.local/lib/python3.7/site-packages/airflow/example_dags/example_bash_operator.py
[2022-08-08 06:09:19,619] {logging_mixin.py:109} INFO - [2022-08-08 06:09:19,619] {dag.py:2396} INFO - Sync 1 DAGs
[2022-08-08 06:09:19,640] {logging_mixin.py:109} INFO - [2022-08-08 06:09:19,640] {dag.py:2935} INFO - Setting next_dagrun for example_bash_operator to 2022-08-07 00:00:00+00:00
[2022-08-08 06:09:19,655] {processor.py:171} INFO - Processing /home/airflow/.local/lib/python3.7/site-packages/airflow/example_dags/example_bash_operator.py took 0.109 seconds
[2022-08-08 06:09:49,861] {processor.py:163} INFO - Started process (PID=403) to work on /home/airflow/.local/lib/python3.7/site-packages/airflow/example_dags/example_bash_operator.py
[2022-08-08 06:09:49,863] {processor.py:642} INFO - Processing file /home/airflow/.local/lib/python3.7/site-packages/airflow/example_dags/example_bash_operator.py for tasks to queue
[2022-08-08 06:09:49,864] {logging_mixin.py:109} INFO - [2022-08-08 06:09:49,864] {dagbag.py:500} INFO - Filling up the DagBag from /home/airflow/.local/lib/python3.7/site-packages/airflow/example_dags/example_bash_operator.py
[2022-08-08 06:09:49,897] {processor.py:654} INFO - DAG(s) dict_keys(['example_bash_operator']) retrieved from /home/airflow/.local/lib/python3.7/site-packages/airflow/example_dags/example_bash_operator.py
[2022-08-08 06:09:49,908] {logging_mixin.py:109} INFO - [2022-08-08 06:09:49,908] {dag.py:2396} INFO - Sync 1 DAGs
[2022-08-08 06:09:49,924] {logging_mixin.py:109} INFO - [2022-08-08 06:09:49,924] {dag.py:2935} INFO - Setting next_dagrun for example_bash_operator to 2022-08-07 00:00:00+00:00
[2022-08-08 06:09:49,935] {processor.py:171} INFO - Processing /home/airflow/.local/lib/python3.7/site-packages/airflow/example_dags/example_bash_operator.py took 0.077 seconds
[2022-08-08 06:10:20,074] {processor.py:163} INFO - Started process (PID=463) to work on /home/airflow/.local/lib/python3.7/site-packages/airflow/example_dags/example_bash_operator.py
[2022-08-08 06:10:20,077] {processor.py:642} INFO - Processing file /home/airflow/.local/lib/python3.7/site-packages/airflow/example_dags/example_bash_operator.py for tasks to queue
[2022-08-08 06:10:20,079] {logging_mixin.py:109} INFO - [2022-08-08 06:10:20,079] {dagbag.py:500} INFO - Filling up the DagBag from /home/airflow/.local/lib/python3.7/site-packages/airflow/example_dags/example_bash_operator.py
[2022-08-08 06:10:20,113] {processor.py:654} INFO - DAG(s) dict_keys(['example_bash_operator']) retrieved from /home/airflow/.local/lib/python3.7/site-packages/airflow/example_dags/example_bash_operator.py
[2022-08-08 06:10:20,126] {logging_mixin.py:109} INFO - [2022-08-08 06:10:20,126] {dag.py:2396} INFO - Sync 1 DAGs
[2022-08-08 06:10:20,146] {logging_mixin.py:109} INFO - [2022-08-08 06:10:20,145] {dag.py:2935} INFO - Setting next_dagrun for example_bash_operator to 2022-08-07 00:00:00+00:00
[2022-08-08 06:10:20,159] {processor.py:171} INFO - Processing /home/airflow/.local/lib/python3.7/site-packages/airflow/example_dags/example_bash_operator.py took 0.090 seconds
[2022-08-08 06:10:50,348] {processor.py:163} INFO - Started process (PID=533) to work on /home/airflow/.local/lib/python3.7/site-packages/airflow/example_dags/example_bash_operator.py
[2022-08-08 06:10:50,351] {processor.py:642} INFO - Processing file /home/airflow/.local/lib/python3.7/site-packages/airflow/example_dags/example_bash_operator.py for tasks to queue
[2022-08-08 06:10:50,352] {logging_mixin.py:109} INFO - [2022-08-08 06:10:50,352] {dagbag.py:500} INFO - Filling up the DagBag from /home/airflow/.local/lib/python3.7/site-packages/airflow/example_dags/example_bash_operator.py
[2022-08-08 06:10:50,405] {processor.py:654} INFO - DAG(s) dict_keys(['example_bash_operator']) retrieved from /home/airflow/.local/lib/python3.7/site-packages/airflow/example_dags/example_bash_operator.py
[2022-08-08 06:10:50,421] {logging_mixin.py:109} INFO - [2022-08-08 06:10:50,420] {dag.py:2396} INFO - Sync 1 DAGs
[2022-08-08 06:10:50,443] {logging_mixin.py:109} INFO - [2022-08-08 06:10:50,443] {dag.py:2935} INFO - Setting next_dagrun for example_bash_operator to 2022-08-07 00:00:00+00:00
[2022-08-08 06:10:50,461] {processor.py:171} INFO - Processing /home/airflow/.local/lib/python3.7/site-packages/airflow/example_dags/example_bash_operator.py took 0.117 seconds
[2022-08-08 06:11:20,689] {processor.py:163} INFO - Started process (PID=594) to work on /home/airflow/.local/lib/python3.7/site-packages/airflow/example_dags/example_bash_operator.py
[2022-08-08 06:11:20,692] {processor.py:642} INFO - Processing file /home/airflow/.local/lib/python3.7/site-packages/airflow/example_dags/example_bash_operator.py for tasks to queue
[2022-08-08 06:11:20,694] {logging_mixin.py:109} INFO - [2022-08-08 06:11:20,694] {dagbag.py:500} INFO - Filling up the DagBag from /home/airflow/.local/lib/python3.7/site-packages/airflow/example_dags/example_bash_operator.py
[2022-08-08 06:11:20,732] {processor.py:654} INFO - DAG(s) dict_keys(['example_bash_operator']) retrieved from /home/airflow/.local/lib/python3.7/site-packages/airflow/example_dags/example_bash_operator.py
[2022-08-08 06:11:20,746] {logging_mixin.py:109} INFO - [2022-08-08 06:11:20,746] {dag.py:2396} INFO - Sync 1 DAGs
[2022-08-08 06:11:20,764] {logging_mixin.py:109} INFO - [2022-08-08 06:11:20,764] {dag.py:2935} INFO - Setting next_dagrun for example_bash_operator to 2022-08-07 00:00:00+00:00
[2022-08-08 06:11:20,776] {processor.py:171} INFO - Processing /home/airflow/.local/lib/python3.7/site-packages/airflow/example_dags/example_bash_operator.py took 0.090 seconds
[2022-08-08 06:11:51,291] {processor.py:163} INFO - Started process (PID=654) to work on /home/airflow/.local/lib/python3.7/site-packages/airflow/example_dags/example_bash_operator.py
[2022-08-08 06:11:51,295] {processor.py:642} INFO - Processing file /home/airflow/.local/lib/python3.7/site-packages/airflow/example_dags/example_bash_operator.py for tasks to queue
[2022-08-08 06:11:51,297] {logging_mixin.py:109} INFO - [2022-08-08 06:11:51,297] {dagbag.py:500} INFO - Filling up the DagBag from /home/airflow/.local/lib/python3.7/site-packages/airflow/example_dags/example_bash_operator.py
[2022-08-08 06:11:51,367] {processor.py:654} INFO - DAG(s) dict_keys(['example_bash_operator']) retrieved from /home/airflow/.local/lib/python3.7/site-packages/airflow/example_dags/example_bash_operator.py
[2022-08-08 06:11:51,396] {logging_mixin.py:109} INFO - [2022-08-08 06:11:51,396] {dag.py:2396} INFO - Sync 1 DAGs
[2022-08-08 06:11:51,439] {logging_mixin.py:109} INFO - [2022-08-08 06:11:51,438] {dag.py:2935} INFO - Setting next_dagrun for example_bash_operator to 2022-08-07 00:00:00+00:00
[2022-08-08 06:11:51,457] {processor.py:171} INFO - Processing /home/airflow/.local/lib/python3.7/site-packages/airflow/example_dags/example_bash_operator.py took 0.174 seconds
[2022-08-08 06:12:21,814] {processor.py:163} INFO - Started process (PID=723) to work on /home/airflow/.local/lib/python3.7/site-packages/airflow/example_dags/example_bash_operator.py
[2022-08-08 06:12:21,817] {processor.py:642} INFO - Processing file /home/airflow/.local/lib/python3.7/site-packages/airflow/example_dags/example_bash_operator.py for tasks to queue
[2022-08-08 06:12:21,819] {logging_mixin.py:109} INFO - [2022-08-08 06:12:21,818] {dagbag.py:500} INFO - Filling up the DagBag from /home/airflow/.local/lib/python3.7/site-packages/airflow/example_dags/example_bash_operator.py
[2022-08-08 06:12:21,854] {processor.py:654} INFO - DAG(s) dict_keys(['example_bash_operator']) retrieved from /home/airflow/.local/lib/python3.7/site-packages/airflow/example_dags/example_bash_operator.py
[2022-08-08 06:12:21,865] {logging_mixin.py:109} INFO - [2022-08-08 06:12:21,865] {dag.py:2396} INFO - Sync 1 DAGs
[2022-08-08 06:12:21,885] {logging_mixin.py:109} INFO - [2022-08-08 06:12:21,885] {dag.py:2935} INFO - Setting next_dagrun for example_bash_operator to 2022-08-07 00:00:00+00:00
[2022-08-08 06:12:21,897] {processor.py:171} INFO - Processing /home/airflow/.local/lib/python3.7/site-packages/airflow/example_dags/example_bash_operator.py took 0.086 seconds
[2022-08-08 06:12:52,408] {processor.py:163} INFO - Started process (PID=783) to work on /home/airflow/.local/lib/python3.7/site-packages/airflow/example_dags/example_bash_operator.py
[2022-08-08 06:12:52,410] {processor.py:642} INFO - Processing file /home/airflow/.local/lib/python3.7/site-packages/airflow/example_dags/example_bash_operator.py for tasks to queue
[2022-08-08 06:12:52,412] {logging_mixin.py:109} INFO - [2022-08-08 06:12:52,412] {dagbag.py:500} INFO - Filling up the DagBag from /home/airflow/.local/lib/python3.7/site-packages/airflow/example_dags/example_bash_operator.py
[2022-08-08 06:12:52,447] {processor.py:654} INFO - DAG(s) dict_keys(['example_bash_operator']) retrieved from /home/airflow/.local/lib/python3.7/site-packages/airflow/example_dags/example_bash_operator.py
[2022-08-08 06:12:52,458] {logging_mixin.py:109} INFO - [2022-08-08 06:12:52,458] {dag.py:2396} INFO - Sync 1 DAGs
[2022-08-08 06:12:52,475] {logging_mixin.py:109} INFO - [2022-08-08 06:12:52,475] {dag.py:2935} INFO - Setting next_dagrun for example_bash_operator to 2022-08-07 00:00:00+00:00
[2022-08-08 06:12:52,486] {processor.py:171} INFO - Processing /home/airflow/.local/lib/python3.7/site-packages/airflow/example_dags/example_bash_operator.py took 0.081 seconds
[2022-08-08 06:13:22,987] {processor.py:163} INFO - Started process (PID=853) to work on /home/airflow/.local/lib/python3.7/site-packages/airflow/example_dags/example_bash_operator.py
[2022-08-08 06:13:22,990] {processor.py:642} INFO - Processing file /home/airflow/.local/lib/python3.7/site-packages/airflow/example_dags/example_bash_operator.py for tasks to queue
[2022-08-08 06:13:22,991] {logging_mixin.py:109} INFO - [2022-08-08 06:13:22,991] {dagbag.py:500} INFO - Filling up the DagBag from /home/airflow/.local/lib/python3.7/site-packages/airflow/example_dags/example_bash_operator.py
[2022-08-08 06:13:23,029] {processor.py:654} INFO - DAG(s) dict_keys(['example_bash_operator']) retrieved from /home/airflow/.local/lib/python3.7/site-packages/airflow/example_dags/example_bash_operator.py
[2022-08-08 06:13:23,051] {logging_mixin.py:109} INFO - [2022-08-08 06:13:23,050] {dag.py:2396} INFO - Sync 1 DAGs
[2022-08-08 06:13:23,068] {logging_mixin.py:109} INFO - [2022-08-08 06:13:23,068] {dag.py:2935} INFO - Setting next_dagrun for example_bash_operator to 2022-08-07 00:00:00+00:00
[2022-08-08 06:13:23,078] {processor.py:171} INFO - Processing /home/airflow/.local/lib/python3.7/site-packages/airflow/example_dags/example_bash_operator.py took 0.095 seconds
[2022-08-08 06:13:53,612] {processor.py:163} INFO - Started process (PID=913) to work on /home/airflow/.local/lib/python3.7/site-packages/airflow/example_dags/example_bash_operator.py
[2022-08-08 06:13:53,614] {processor.py:642} INFO - Processing file /home/airflow/.local/lib/python3.7/site-packages/airflow/example_dags/example_bash_operator.py for tasks to queue
[2022-08-08 06:13:53,616] {logging_mixin.py:109} INFO - [2022-08-08 06:13:53,615] {dagbag.py:500} INFO - Filling up the DagBag from /home/airflow/.local/lib/python3.7/site-packages/airflow/example_dags/example_bash_operator.py
[2022-08-08 06:13:53,650] {processor.py:654} INFO - DAG(s) dict_keys(['example_bash_operator']) retrieved from /home/airflow/.local/lib/python3.7/site-packages/airflow/example_dags/example_bash_operator.py
[2022-08-08 06:13:53,661] {logging_mixin.py:109} INFO - [2022-08-08 06:13:53,661] {dag.py:2396} INFO - Sync 1 DAGs
[2022-08-08 06:13:53,678] {logging_mixin.py:109} INFO - [2022-08-08 06:13:53,678] {dag.py:2935} INFO - Setting next_dagrun for example_bash_operator to 2022-08-07 00:00:00+00:00
[2022-08-08 06:13:53,690] {processor.py:171} INFO - Processing /home/airflow/.local/lib/python3.7/site-packages/airflow/example_dags/example_bash_operator.py took 0.081 seconds
[2022-08-08 06:14:24,085] {processor.py:163} INFO - Started process (PID=982) to work on /home/airflow/.local/lib/python3.7/site-packages/airflow/example_dags/example_bash_operator.py
[2022-08-08 06:14:24,088] {processor.py:642} INFO - Processing file /home/airflow/.local/lib/python3.7/site-packages/airflow/example_dags/example_bash_operator.py for tasks to queue
[2022-08-08 06:14:24,091] {logging_mixin.py:109} INFO - [2022-08-08 06:14:24,089] {dagbag.py:500} INFO - Filling up the DagBag from /home/airflow/.local/lib/python3.7/site-packages/airflow/example_dags/example_bash_operator.py
[2022-08-08 06:14:24,131] {processor.py:654} INFO - DAG(s) dict_keys(['example_bash_operator']) retrieved from /home/airflow/.local/lib/python3.7/site-packages/airflow/example_dags/example_bash_operator.py
[2022-08-08 06:14:24,146] {logging_mixin.py:109} INFO - [2022-08-08 06:14:24,146] {dag.py:2396} INFO - Sync 1 DAGs
[2022-08-08 06:14:24,165] {logging_mixin.py:109} INFO - [2022-08-08 06:14:24,165] {dag.py:2935} INFO - Setting next_dagrun for example_bash_operator to 2022-08-07 00:00:00+00:00
[2022-08-08 06:14:24,179] {processor.py:171} INFO - Processing /home/airflow/.local/lib/python3.7/site-packages/airflow/example_dags/example_bash_operator.py took 0.099 seconds
[2022-08-08 06:14:54,830] {processor.py:163} INFO - Started process (PID=1043) to work on /home/airflow/.local/lib/python3.7/site-packages/airflow/example_dags/example_bash_operator.py
[2022-08-08 06:14:54,833] {processor.py:642} INFO - Processing file /home/airflow/.local/lib/python3.7/site-packages/airflow/example_dags/example_bash_operator.py for tasks to queue
[2022-08-08 06:14:54,836] {logging_mixin.py:109} INFO - [2022-08-08 06:14:54,835] {dagbag.py:500} INFO - Filling up the DagBag from /home/airflow/.local/lib/python3.7/site-packages/airflow/example_dags/example_bash_operator.py
[2022-08-08 06:14:54,872] {processor.py:654} INFO - DAG(s) dict_keys(['example_bash_operator']) retrieved from /home/airflow/.local/lib/python3.7/site-packages/airflow/example_dags/example_bash_operator.py
[2022-08-08 06:14:54,883] {logging_mixin.py:109} INFO - [2022-08-08 06:14:54,883] {dag.py:2396} INFO - Sync 1 DAGs
[2022-08-08 06:14:54,906] {logging_mixin.py:109} INFO - [2022-08-08 06:14:54,906] {dag.py:2935} INFO - Setting next_dagrun for example_bash_operator to 2022-08-07 00:00:00+00:00
[2022-08-08 06:14:54,918] {processor.py:171} INFO - Processing /home/airflow/.local/lib/python3.7/site-packages/airflow/example_dags/example_bash_operator.py took 0.092 seconds
[2022-08-08 06:15:25,728] {processor.py:163} INFO - Started process (PID=1114) to work on /home/airflow/.local/lib/python3.7/site-packages/airflow/example_dags/example_bash_operator.py
[2022-08-08 06:15:25,742] {processor.py:642} INFO - Processing file /home/airflow/.local/lib/python3.7/site-packages/airflow/example_dags/example_bash_operator.py for tasks to queue
[2022-08-08 06:15:25,744] {logging_mixin.py:109} INFO - [2022-08-08 06:15:25,744] {dagbag.py:500} INFO - Filling up the DagBag from /home/airflow/.local/lib/python3.7/site-packages/airflow/example_dags/example_bash_operator.py
[2022-08-08 06:15:25,808] {processor.py:654} INFO - DAG(s) dict_keys(['example_bash_operator']) retrieved from /home/airflow/.local/lib/python3.7/site-packages/airflow/example_dags/example_bash_operator.py
[2022-08-08 06:15:25,823] {logging_mixin.py:109} INFO - [2022-08-08 06:15:25,822] {dag.py:2396} INFO - Sync 1 DAGs
[2022-08-08 06:15:25,848] {logging_mixin.py:109} INFO - [2022-08-08 06:15:25,848] {dag.py:2935} INFO - Setting next_dagrun for example_bash_operator to 2022-08-07 00:00:00+00:00
[2022-08-08 06:15:25,872] {processor.py:171} INFO - Processing /home/airflow/.local/lib/python3.7/site-packages/airflow/example_dags/example_bash_operator.py took 0.147 seconds
[2022-08-08 06:15:56,314] {processor.py:163} INFO - Started process (PID=1174) to work on /home/airflow/.local/lib/python3.7/site-packages/airflow/example_dags/example_bash_operator.py
[2022-08-08 06:15:56,319] {processor.py:642} INFO - Processing file /home/airflow/.local/lib/python3.7/site-packages/airflow/example_dags/example_bash_operator.py for tasks to queue
[2022-08-08 06:15:56,322] {logging_mixin.py:109} INFO - [2022-08-08 06:15:56,322] {dagbag.py:500} INFO - Filling up the DagBag from /home/airflow/.local/lib/python3.7/site-packages/airflow/example_dags/example_bash_operator.py
[2022-08-08 06:15:56,394] {processor.py:654} INFO - DAG(s) dict_keys(['example_bash_operator']) retrieved from /home/airflow/.local/lib/python3.7/site-packages/airflow/example_dags/example_bash_operator.py
[2022-08-08 06:15:56,427] {logging_mixin.py:109} INFO - [2022-08-08 06:15:56,427] {dag.py:2396} INFO - Sync 1 DAGs
[2022-08-08 06:15:56,460] {logging_mixin.py:109} INFO - [2022-08-08 06:15:56,459] {dag.py:2935} INFO - Setting next_dagrun for example_bash_operator to 2022-08-07 00:00:00+00:00
[2022-08-08 06:15:56,479] {processor.py:171} INFO - Processing /home/airflow/.local/lib/python3.7/site-packages/airflow/example_dags/example_bash_operator.py took 0.171 seconds
[2022-08-08 06:16:27,663] {processor.py:163} INFO - Started process (PID=1237) to work on /home/airflow/.local/lib/python3.7/site-packages/airflow/example_dags/example_bash_operator.py
[2022-08-08 06:16:27,665] {processor.py:642} INFO - Processing file /home/airflow/.local/lib/python3.7/site-packages/airflow/example_dags/example_bash_operator.py for tasks to queue
[2022-08-08 06:16:27,670] {logging_mixin.py:109} INFO - [2022-08-08 06:16:27,670] {dagbag.py:500} INFO - Filling up the DagBag from /home/airflow/.local/lib/python3.7/site-packages/airflow/example_dags/example_bash_operator.py
[2022-08-08 06:16:27,743] {processor.py:654} INFO - DAG(s) dict_keys(['example_bash_operator']) retrieved from /home/airflow/.local/lib/python3.7/site-packages/airflow/example_dags/example_bash_operator.py
[2022-08-08 06:16:27,760] {logging_mixin.py:109} INFO - [2022-08-08 06:16:27,760] {dag.py:2396} INFO - Sync 1 DAGs
[2022-08-08 06:16:27,787] {logging_mixin.py:109} INFO - [2022-08-08 06:16:27,787] {dag.py:2935} INFO - Setting next_dagrun for example_bash_operator to 2022-08-07 00:00:00+00:00
[2022-08-08 06:16:27,799] {processor.py:171} INFO - Processing /home/airflow/.local/lib/python3.7/site-packages/airflow/example_dags/example_bash_operator.py took 0.139 seconds
[2022-08-08 06:16:58,062] {processor.py:163} INFO - Started process (PID=1307) to work on /home/airflow/.local/lib/python3.7/site-packages/airflow/example_dags/example_bash_operator.py
[2022-08-08 06:16:58,064] {processor.py:642} INFO - Processing file /home/airflow/.local/lib/python3.7/site-packages/airflow/example_dags/example_bash_operator.py for tasks to queue
[2022-08-08 06:16:58,066] {logging_mixin.py:109} INFO - [2022-08-08 06:16:58,065] {dagbag.py:500} INFO - Filling up the DagBag from /home/airflow/.local/lib/python3.7/site-packages/airflow/example_dags/example_bash_operator.py
[2022-08-08 06:16:58,105] {processor.py:654} INFO - DAG(s) dict_keys(['example_bash_operator']) retrieved from /home/airflow/.local/lib/python3.7/site-packages/airflow/example_dags/example_bash_operator.py
[2022-08-08 06:16:58,116] {logging_mixin.py:109} INFO - [2022-08-08 06:16:58,116] {dag.py:2396} INFO - Sync 1 DAGs
[2022-08-08 06:16:58,133] {logging_mixin.py:109} INFO - [2022-08-08 06:16:58,133] {dag.py:2935} INFO - Setting next_dagrun for example_bash_operator to 2022-08-07 00:00:00+00:00
[2022-08-08 06:16:58,144] {processor.py:171} INFO - Processing /home/airflow/.local/lib/python3.7/site-packages/airflow/example_dags/example_bash_operator.py took 0.086 seconds
[2022-08-08 06:17:28,935] {processor.py:163} INFO - Started process (PID=1368) to work on /home/airflow/.local/lib/python3.7/site-packages/airflow/example_dags/example_bash_operator.py
[2022-08-08 06:17:28,937] {processor.py:642} INFO - Processing file /home/airflow/.local/lib/python3.7/site-packages/airflow/example_dags/example_bash_operator.py for tasks to queue
[2022-08-08 06:17:28,939] {logging_mixin.py:109} INFO - [2022-08-08 06:17:28,939] {dagbag.py:500} INFO - Filling up the DagBag from /home/airflow/.local/lib/python3.7/site-packages/airflow/example_dags/example_bash_operator.py
[2022-08-08 06:17:28,976] {processor.py:654} INFO - DAG(s) dict_keys(['example_bash_operator']) retrieved from /home/airflow/.local/lib/python3.7/site-packages/airflow/example_dags/example_bash_operator.py
[2022-08-08 06:17:28,989] {logging_mixin.py:109} INFO - [2022-08-08 06:17:28,989] {dag.py:2396} INFO - Sync 1 DAGs
[2022-08-08 06:17:29,007] {logging_mixin.py:109} INFO - [2022-08-08 06:17:29,007] {dag.py:2935} INFO - Setting next_dagrun for example_bash_operator to 2022-08-07 00:00:00+00:00
[2022-08-08 06:17:29,021] {processor.py:171} INFO - Processing /home/airflow/.local/lib/python3.7/site-packages/airflow/example_dags/example_bash_operator.py took 0.090 seconds
[2022-08-08 06:17:59,687] {processor.py:163} INFO - Started process (PID=1439) to work on /home/airflow/.local/lib/python3.7/site-packages/airflow/example_dags/example_bash_operator.py
[2022-08-08 06:17:59,690] {processor.py:642} INFO - Processing file /home/airflow/.local/lib/python3.7/site-packages/airflow/example_dags/example_bash_operator.py for tasks to queue
[2022-08-08 06:17:59,691] {logging_mixin.py:109} INFO - [2022-08-08 06:17:59,691] {dagbag.py:500} INFO - Filling up the DagBag from /home/airflow/.local/lib/python3.7/site-packages/airflow/example_dags/example_bash_operator.py
[2022-08-08 06:17:59,755] {processor.py:654} INFO - DAG(s) dict_keys(['example_bash_operator']) retrieved from /home/airflow/.local/lib/python3.7/site-packages/airflow/example_dags/example_bash_operator.py
[2022-08-08 06:17:59,770] {logging_mixin.py:109} INFO - [2022-08-08 06:17:59,770] {dag.py:2396} INFO - Sync 1 DAGs
[2022-08-08 06:17:59,794] {logging_mixin.py:109} INFO - [2022-08-08 06:17:59,794] {dag.py:2935} INFO - Setting next_dagrun for example_bash_operator to 2022-08-07 00:00:00+00:00
[2022-08-08 06:17:59,809] {processor.py:171} INFO - Processing /home/airflow/.local/lib/python3.7/site-packages/airflow/example_dags/example_bash_operator.py took 0.128 seconds
[2022-08-08 06:18:30,857] {processor.py:163} INFO - Started process (PID=1500) to work on /home/airflow/.local/lib/python3.7/site-packages/airflow/example_dags/example_bash_operator.py
[2022-08-08 06:18:30,860] {processor.py:642} INFO - Processing file /home/airflow/.local/lib/python3.7/site-packages/airflow/example_dags/example_bash_operator.py for tasks to queue
[2022-08-08 06:18:30,862] {logging_mixin.py:109} INFO - [2022-08-08 06:18:30,861] {dagbag.py:500} INFO - Filling up the DagBag from /home/airflow/.local/lib/python3.7/site-packages/airflow/example_dags/example_bash_operator.py
[2022-08-08 06:18:30,911] {processor.py:654} INFO - DAG(s) dict_keys(['example_bash_operator']) retrieved from /home/airflow/.local/lib/python3.7/site-packages/airflow/example_dags/example_bash_operator.py
[2022-08-08 06:18:30,934] {logging_mixin.py:109} INFO - [2022-08-08 06:18:30,934] {dag.py:2396} INFO - Sync 1 DAGs
[2022-08-08 06:18:30,964] {logging_mixin.py:109} INFO - [2022-08-08 06:18:30,964] {dag.py:2935} INFO - Setting next_dagrun for example_bash_operator to 2022-08-07 00:00:00+00:00
[2022-08-08 06:18:30,982] {processor.py:171} INFO - Processing /home/airflow/.local/lib/python3.7/site-packages/airflow/example_dags/example_bash_operator.py took 0.127 seconds
[2022-08-08 06:19:02,161] {processor.py:163} INFO - Started process (PID=1570) to work on /home/airflow/.local/lib/python3.7/site-packages/airflow/example_dags/example_bash_operator.py
[2022-08-08 06:19:02,164] {processor.py:642} INFO - Processing file /home/airflow/.local/lib/python3.7/site-packages/airflow/example_dags/example_bash_operator.py for tasks to queue
[2022-08-08 06:19:02,165] {logging_mixin.py:109} INFO - [2022-08-08 06:19:02,165] {dagbag.py:500} INFO - Filling up the DagBag from /home/airflow/.local/lib/python3.7/site-packages/airflow/example_dags/example_bash_operator.py
[2022-08-08 06:19:02,216] {processor.py:654} INFO - DAG(s) dict_keys(['example_bash_operator']) retrieved from /home/airflow/.local/lib/python3.7/site-packages/airflow/example_dags/example_bash_operator.py
[2022-08-08 06:19:02,238] {logging_mixin.py:109} INFO - [2022-08-08 06:19:02,238] {dag.py:2396} INFO - Sync 1 DAGs
[2022-08-08 06:19:02,263] {logging_mixin.py:109} INFO - [2022-08-08 06:19:02,263] {dag.py:2935} INFO - Setting next_dagrun for example_bash_operator to 2022-08-07 00:00:00+00:00
[2022-08-08 06:19:02,284] {processor.py:171} INFO - Processing /home/airflow/.local/lib/python3.7/site-packages/airflow/example_dags/example_bash_operator.py took 0.127 seconds
[2022-08-08 06:19:32,728] {processor.py:163} INFO - Started process (PID=1632) to work on /home/airflow/.local/lib/python3.7/site-packages/airflow/example_dags/example_bash_operator.py
[2022-08-08 06:19:32,730] {processor.py:642} INFO - Processing file /home/airflow/.local/lib/python3.7/site-packages/airflow/example_dags/example_bash_operator.py for tasks to queue
[2022-08-08 06:19:32,732] {logging_mixin.py:109} INFO - [2022-08-08 06:19:32,732] {dagbag.py:500} INFO - Filling up the DagBag from /home/airflow/.local/lib/python3.7/site-packages/airflow/example_dags/example_bash_operator.py
[2022-08-08 06:19:32,772] {processor.py:654} INFO - DAG(s) dict_keys(['example_bash_operator']) retrieved from /home/airflow/.local/lib/python3.7/site-packages/airflow/example_dags/example_bash_operator.py
[2022-08-08 06:19:32,784] {logging_mixin.py:109} INFO - [2022-08-08 06:19:32,784] {dag.py:2396} INFO - Sync 1 DAGs
[2022-08-08 06:19:32,805] {logging_mixin.py:109} INFO - [2022-08-08 06:19:32,805] {dag.py:2935} INFO - Setting next_dagrun for example_bash_operator to 2022-08-07 00:00:00+00:00
[2022-08-08 06:19:32,817] {processor.py:171} INFO - Processing /home/airflow/.local/lib/python3.7/site-packages/airflow/example_dags/example_bash_operator.py took 0.092 seconds
[2022-08-08 06:20:03,150] {processor.py:163} INFO - Started process (PID=1697) to work on /home/airflow/.local/lib/python3.7/site-packages/airflow/example_dags/example_bash_operator.py
[2022-08-08 06:20:03,152] {processor.py:642} INFO - Processing file /home/airflow/.local/lib/python3.7/site-packages/airflow/example_dags/example_bash_operator.py for tasks to queue
[2022-08-08 06:20:03,154] {logging_mixin.py:109} INFO - [2022-08-08 06:20:03,153] {dagbag.py:500} INFO - Filling up the DagBag from /home/airflow/.local/lib/python3.7/site-packages/airflow/example_dags/example_bash_operator.py
[2022-08-08 06:20:03,187] {processor.py:654} INFO - DAG(s) dict_keys(['example_bash_operator']) retrieved from /home/airflow/.local/lib/python3.7/site-packages/airflow/example_dags/example_bash_operator.py
[2022-08-08 06:20:03,199] {logging_mixin.py:109} INFO - [2022-08-08 06:20:03,199] {dag.py:2396} INFO - Sync 1 DAGs
[2022-08-08 06:20:03,217] {logging_mixin.py:109} INFO - [2022-08-08 06:20:03,217] {dag.py:2935} INFO - Setting next_dagrun for example_bash_operator to 2022-08-07 00:00:00+00:00
[2022-08-08 06:20:03,229] {processor.py:171} INFO - Processing /home/airflow/.local/lib/python3.7/site-packages/airflow/example_dags/example_bash_operator.py took 0.082 seconds
[2022-08-08 06:20:33,324] {processor.py:163} INFO - Started process (PID=1757) to work on /home/airflow/.local/lib/python3.7/site-packages/airflow/example_dags/example_bash_operator.py
[2022-08-08 06:20:33,326] {processor.py:642} INFO - Processing file /home/airflow/.local/lib/python3.7/site-packages/airflow/example_dags/example_bash_operator.py for tasks to queue
[2022-08-08 06:20:33,328] {logging_mixin.py:109} INFO - [2022-08-08 06:20:33,328] {dagbag.py:500} INFO - Filling up the DagBag from /home/airflow/.local/lib/python3.7/site-packages/airflow/example_dags/example_bash_operator.py
[2022-08-08 06:20:33,386] {processor.py:654} INFO - DAG(s) dict_keys(['example_bash_operator']) retrieved from /home/airflow/.local/lib/python3.7/site-packages/airflow/example_dags/example_bash_operator.py
[2022-08-08 06:20:33,406] {logging_mixin.py:109} INFO - [2022-08-08 06:20:33,405] {dag.py:2396} INFO - Sync 1 DAGs
[2022-08-08 06:20:33,424] {logging_mixin.py:109} INFO - [2022-08-08 06:20:33,424] {dag.py:2935} INFO - Setting next_dagrun for example_bash_operator to 2022-08-07 00:00:00+00:00
[2022-08-08 06:20:33,456] {processor.py:171} INFO - Processing /home/airflow/.local/lib/python3.7/site-packages/airflow/example_dags/example_bash_operator.py took 0.136 seconds
[2022-08-08 06:21:03,601] {processor.py:163} INFO - Started process (PID=1825) to work on /home/airflow/.local/lib/python3.7/site-packages/airflow/example_dags/example_bash_operator.py
[2022-08-08 06:21:03,603] {processor.py:642} INFO - Processing file /home/airflow/.local/lib/python3.7/site-packages/airflow/example_dags/example_bash_operator.py for tasks to queue
[2022-08-08 06:21:03,604] {logging_mixin.py:109} INFO - [2022-08-08 06:21:03,604] {dagbag.py:500} INFO - Filling up the DagBag from /home/airflow/.local/lib/python3.7/site-packages/airflow/example_dags/example_bash_operator.py
[2022-08-08 06:21:03,642] {processor.py:654} INFO - DAG(s) dict_keys(['example_bash_operator']) retrieved from /home/airflow/.local/lib/python3.7/site-packages/airflow/example_dags/example_bash_operator.py
[2022-08-08 06:21:03,654] {logging_mixin.py:109} INFO - [2022-08-08 06:21:03,654] {dag.py:2396} INFO - Sync 1 DAGs
[2022-08-08 06:21:03,763] {logging_mixin.py:109} INFO - [2022-08-08 06:21:03,763] {dag.py:2935} INFO - Setting next_dagrun for example_bash_operator to 2022-08-07 00:00:00+00:00
[2022-08-08 06:21:03,773] {processor.py:171} INFO - Processing /home/airflow/.local/lib/python3.7/site-packages/airflow/example_dags/example_bash_operator.py took 0.176 seconds
[2022-08-08 06:21:34,076] {processor.py:163} INFO - Started process (PID=1885) to work on /home/airflow/.local/lib/python3.7/site-packages/airflow/example_dags/example_bash_operator.py
[2022-08-08 06:21:34,078] {processor.py:642} INFO - Processing file /home/airflow/.local/lib/python3.7/site-packages/airflow/example_dags/example_bash_operator.py for tasks to queue
[2022-08-08 06:21:34,079] {logging_mixin.py:109} INFO - [2022-08-08 06:21:34,079] {dagbag.py:500} INFO - Filling up the DagBag from /home/airflow/.local/lib/python3.7/site-packages/airflow/example_dags/example_bash_operator.py
[2022-08-08 06:21:34,118] {processor.py:654} INFO - DAG(s) dict_keys(['example_bash_operator']) retrieved from /home/airflow/.local/lib/python3.7/site-packages/airflow/example_dags/example_bash_operator.py
[2022-08-08 06:21:34,133] {logging_mixin.py:109} INFO - [2022-08-08 06:21:34,133] {dag.py:2396} INFO - Sync 1 DAGs
[2022-08-08 06:21:34,259] {logging_mixin.py:109} INFO - [2022-08-08 06:21:34,259] {dag.py:2935} INFO - Setting next_dagrun for example_bash_operator to 2022-08-07 00:00:00+00:00
[2022-08-08 06:21:34,273] {processor.py:171} INFO - Processing /home/airflow/.local/lib/python3.7/site-packages/airflow/example_dags/example_bash_operator.py took 0.201 seconds
[2022-08-08 06:22:04,807] {processor.py:163} INFO - Started process (PID=1954) to work on /home/airflow/.local/lib/python3.7/site-packages/airflow/example_dags/example_bash_operator.py
[2022-08-08 06:22:04,811] {processor.py:642} INFO - Processing file /home/airflow/.local/lib/python3.7/site-packages/airflow/example_dags/example_bash_operator.py for tasks to queue
[2022-08-08 06:22:04,813] {logging_mixin.py:109} INFO - [2022-08-08 06:22:04,813] {dagbag.py:500} INFO - Filling up the DagBag from /home/airflow/.local/lib/python3.7/site-packages/airflow/example_dags/example_bash_operator.py
[2022-08-08 06:22:04,853] {processor.py:654} INFO - DAG(s) dict_keys(['example_bash_operator']) retrieved from /home/airflow/.local/lib/python3.7/site-packages/airflow/example_dags/example_bash_operator.py
[2022-08-08 06:22:04,869] {logging_mixin.py:109} INFO - [2022-08-08 06:22:04,868] {dag.py:2396} INFO - Sync 1 DAGs
[2022-08-08 06:22:04,993] {logging_mixin.py:109} INFO - [2022-08-08 06:22:04,993] {dag.py:2935} INFO - Setting next_dagrun for example_bash_operator to 2022-08-07 00:00:00+00:00
[2022-08-08 06:22:05,006] {processor.py:171} INFO - Processing /home/airflow/.local/lib/python3.7/site-packages/airflow/example_dags/example_bash_operator.py took 0.205 seconds
[2022-08-08 06:22:35,353] {processor.py:163} INFO - Started process (PID=2014) to work on /home/airflow/.local/lib/python3.7/site-packages/airflow/example_dags/example_bash_operator.py
[2022-08-08 06:22:35,356] {processor.py:642} INFO - Processing file /home/airflow/.local/lib/python3.7/site-packages/airflow/example_dags/example_bash_operator.py for tasks to queue
[2022-08-08 06:22:35,358] {logging_mixin.py:109} INFO - [2022-08-08 06:22:35,358] {dagbag.py:500} INFO - Filling up the DagBag from /home/airflow/.local/lib/python3.7/site-packages/airflow/example_dags/example_bash_operator.py
[2022-08-08 06:22:35,392] {processor.py:654} INFO - DAG(s) dict_keys(['example_bash_operator']) retrieved from /home/airflow/.local/lib/python3.7/site-packages/airflow/example_dags/example_bash_operator.py
[2022-08-08 06:22:35,505] {logging_mixin.py:109} INFO - [2022-08-08 06:22:35,505] {dag.py:2396} INFO - Sync 1 DAGs
[2022-08-08 06:22:35,521] {logging_mixin.py:109} INFO - [2022-08-08 06:22:35,521] {dag.py:2935} INFO - Setting next_dagrun for example_bash_operator to 2022-08-07 00:00:00+00:00
[2022-08-08 06:22:35,532] {processor.py:171} INFO - Processing /home/airflow/.local/lib/python3.7/site-packages/airflow/example_dags/example_bash_operator.py took 0.183 seconds
[2022-08-08 07:11:47,452] {processor.py:163} INFO - Started process (PID=2088) to work on /home/airflow/.local/lib/python3.7/site-packages/airflow/example_dags/example_bash_operator.py
[2022-08-08 07:11:47,455] {processor.py:642} INFO - Processing file /home/airflow/.local/lib/python3.7/site-packages/airflow/example_dags/example_bash_operator.py for tasks to queue
[2022-08-08 07:11:47,456] {logging_mixin.py:109} INFO - [2022-08-08 07:11:47,456] {dagbag.py:500} INFO - Filling up the DagBag from /home/airflow/.local/lib/python3.7/site-packages/airflow/example_dags/example_bash_operator.py
[2022-08-08 07:11:47,585] {processor.py:654} INFO - DAG(s) dict_keys(['example_bash_operator']) retrieved from /home/airflow/.local/lib/python3.7/site-packages/airflow/example_dags/example_bash_operator.py
[2022-08-08 07:11:47,597] {logging_mixin.py:109} INFO - [2022-08-08 07:11:47,597] {dag.py:2396} INFO - Sync 1 DAGs
[2022-08-08 07:11:47,613] {logging_mixin.py:109} INFO - [2022-08-08 07:11:47,613] {dag.py:2935} INFO - Setting next_dagrun for example_bash_operator to 2022-08-07 00:00:00+00:00
[2022-08-08 07:11:47,625] {processor.py:171} INFO - Processing /home/airflow/.local/lib/python3.7/site-packages/airflow/example_dags/example_bash_operator.py took 0.176 seconds
[2022-08-08 09:16:15,641] {processor.py:163} INFO - Started process (PID=2182) to work on /home/airflow/.local/lib/python3.7/site-packages/airflow/example_dags/example_bash_operator.py
[2022-08-08 09:16:15,659] {processor.py:642} INFO - Processing file /home/airflow/.local/lib/python3.7/site-packages/airflow/example_dags/example_bash_operator.py for tasks to queue
[2022-08-08 09:16:15,666] {logging_mixin.py:109} INFO - [2022-08-08 09:16:15,665] {dagbag.py:500} INFO - Filling up the DagBag from /home/airflow/.local/lib/python3.7/site-packages/airflow/example_dags/example_bash_operator.py
[2022-08-08 09:16:15,757] {processor.py:654} INFO - DAG(s) dict_keys(['example_bash_operator']) retrieved from /home/airflow/.local/lib/python3.7/site-packages/airflow/example_dags/example_bash_operator.py
[2022-08-08 09:16:15,783] {logging_mixin.py:109} INFO - [2022-08-08 09:16:15,783] {dag.py:2396} INFO - Sync 1 DAGs
[2022-08-08 09:16:15,829] {logging_mixin.py:109} INFO - [2022-08-08 09:16:15,828] {dag.py:2935} INFO - Setting next_dagrun for example_bash_operator to 2022-08-07 00:00:00+00:00
[2022-08-08 09:16:15,849] {processor.py:171} INFO - Processing /home/airflow/.local/lib/python3.7/site-packages/airflow/example_dags/example_bash_operator.py took 0.226 seconds
