[2022-08-08 06:07:07,052] {processor.py:163} INFO - Started process (PID=75) to work on /home/airflow/.local/lib/python3.7/site-packages/airflow/example_dags/example_task_group_decorator.py
[2022-08-08 06:07:07,068] {processor.py:642} INFO - Processing file /home/airflow/.local/lib/python3.7/site-packages/airflow/example_dags/example_task_group_decorator.py for tasks to queue
[2022-08-08 06:07:07,071] {logging_mixin.py:109} INFO - [2022-08-08 06:07:07,070] {dagbag.py:500} INFO - Filling up the DagBag from /home/airflow/.local/lib/python3.7/site-packages/airflow/example_dags/example_task_group_decorator.py
[2022-08-08 06:07:07,474] {processor.py:654} INFO - DAG(s) dict_keys(['example_task_group_decorator']) retrieved from /home/airflow/.local/lib/python3.7/site-packages/airflow/example_dags/example_task_group_decorator.py
[2022-08-08 06:07:09,786] {logging_mixin.py:109} INFO - [2022-08-08 06:07:09,786] {dag.py:2396} INFO - Sync 1 DAGs
[2022-08-08 06:07:09,921] {logging_mixin.py:109} INFO - [2022-08-08 06:07:09,921] {dag.py:2935} INFO - Setting next_dagrun for example_task_group_decorator to 2022-08-07T06:07:09.921467+00:00
[2022-08-08 06:07:10,028] {processor.py:171} INFO - Processing /home/airflow/.local/lib/python3.7/site-packages/airflow/example_dags/example_task_group_decorator.py took 3.025 seconds
[2022-08-08 06:07:41,197] {processor.py:163} INFO - Started process (PID=135) to work on /home/airflow/.local/lib/python3.7/site-packages/airflow/example_dags/example_task_group_decorator.py
[2022-08-08 06:07:41,207] {processor.py:642} INFO - Processing file /home/airflow/.local/lib/python3.7/site-packages/airflow/example_dags/example_task_group_decorator.py for tasks to queue
[2022-08-08 06:07:41,221] {logging_mixin.py:109} INFO - [2022-08-08 06:07:41,220] {dagbag.py:500} INFO - Filling up the DagBag from /home/airflow/.local/lib/python3.7/site-packages/airflow/example_dags/example_task_group_decorator.py
[2022-08-08 06:07:41,791] {processor.py:654} INFO - DAG(s) dict_keys(['example_task_group_decorator']) retrieved from /home/airflow/.local/lib/python3.7/site-packages/airflow/example_dags/example_task_group_decorator.py
[2022-08-08 06:07:43,517] {logging_mixin.py:109} INFO - [2022-08-08 06:07:43,517] {dag.py:2396} INFO - Sync 1 DAGs
[2022-08-08 06:07:43,563] {logging_mixin.py:109} INFO - [2022-08-08 06:07:43,563] {dag.py:2935} INFO - Setting next_dagrun for example_task_group_decorator to 2022-08-07T06:07:43.562927+00:00
[2022-08-08 06:07:43,618] {processor.py:171} INFO - Processing /home/airflow/.local/lib/python3.7/site-packages/airflow/example_dags/example_task_group_decorator.py took 2.454 seconds
[2022-08-08 06:08:14,308] {processor.py:163} INFO - Started process (PID=195) to work on /home/airflow/.local/lib/python3.7/site-packages/airflow/example_dags/example_task_group_decorator.py
[2022-08-08 06:08:14,312] {processor.py:642} INFO - Processing file /home/airflow/.local/lib/python3.7/site-packages/airflow/example_dags/example_task_group_decorator.py for tasks to queue
[2022-08-08 06:08:14,316] {logging_mixin.py:109} INFO - [2022-08-08 06:08:14,316] {dagbag.py:500} INFO - Filling up the DagBag from /home/airflow/.local/lib/python3.7/site-packages/airflow/example_dags/example_task_group_decorator.py
[2022-08-08 06:08:14,367] {processor.py:654} INFO - DAG(s) dict_keys(['example_task_group_decorator']) retrieved from /home/airflow/.local/lib/python3.7/site-packages/airflow/example_dags/example_task_group_decorator.py
[2022-08-08 06:08:14,940] {logging_mixin.py:109} INFO - [2022-08-08 06:08:14,940] {dag.py:2396} INFO - Sync 1 DAGs
[2022-08-08 06:08:15,028] {logging_mixin.py:109} INFO - [2022-08-08 06:08:15,028] {dag.py:2935} INFO - Setting next_dagrun for example_task_group_decorator to 2022-08-07T06:08:15.027667+00:00
[2022-08-08 06:08:15,047] {processor.py:171} INFO - Processing /home/airflow/.local/lib/python3.7/site-packages/airflow/example_dags/example_task_group_decorator.py took 0.745 seconds
[2022-08-08 06:08:45,317] {processor.py:163} INFO - Started process (PID=265) to work on /home/airflow/.local/lib/python3.7/site-packages/airflow/example_dags/example_task_group_decorator.py
[2022-08-08 06:08:45,321] {processor.py:642} INFO - Processing file /home/airflow/.local/lib/python3.7/site-packages/airflow/example_dags/example_task_group_decorator.py for tasks to queue
[2022-08-08 06:08:45,325] {logging_mixin.py:109} INFO - [2022-08-08 06:08:45,325] {dagbag.py:500} INFO - Filling up the DagBag from /home/airflow/.local/lib/python3.7/site-packages/airflow/example_dags/example_task_group_decorator.py
[2022-08-08 06:08:45,380] {processor.py:654} INFO - DAG(s) dict_keys(['example_task_group_decorator']) retrieved from /home/airflow/.local/lib/python3.7/site-packages/airflow/example_dags/example_task_group_decorator.py
[2022-08-08 06:08:45,697] {logging_mixin.py:109} INFO - [2022-08-08 06:08:45,697] {dag.py:2396} INFO - Sync 1 DAGs
[2022-08-08 06:08:45,716] {logging_mixin.py:109} INFO - [2022-08-08 06:08:45,716] {dag.py:2935} INFO - Setting next_dagrun for example_task_group_decorator to 2022-08-07T06:08:45.716087+00:00
[2022-08-08 06:08:45,736] {processor.py:171} INFO - Processing /home/airflow/.local/lib/python3.7/site-packages/airflow/example_dags/example_task_group_decorator.py took 0.423 seconds
[2022-08-08 06:09:15,860] {processor.py:163} INFO - Started process (PID=325) to work on /home/airflow/.local/lib/python3.7/site-packages/airflow/example_dags/example_task_group_decorator.py
[2022-08-08 06:09:15,861] {processor.py:642} INFO - Processing file /home/airflow/.local/lib/python3.7/site-packages/airflow/example_dags/example_task_group_decorator.py for tasks to queue
[2022-08-08 06:09:15,863] {logging_mixin.py:109} INFO - [2022-08-08 06:09:15,862] {dagbag.py:500} INFO - Filling up the DagBag from /home/airflow/.local/lib/python3.7/site-packages/airflow/example_dags/example_task_group_decorator.py
[2022-08-08 06:09:15,905] {processor.py:654} INFO - DAG(s) dict_keys(['example_task_group_decorator']) retrieved from /home/airflow/.local/lib/python3.7/site-packages/airflow/example_dags/example_task_group_decorator.py
[2022-08-08 06:09:16,181] {logging_mixin.py:109} INFO - [2022-08-08 06:09:16,180] {dag.py:2396} INFO - Sync 1 DAGs
[2022-08-08 06:09:16,201] {logging_mixin.py:109} INFO - [2022-08-08 06:09:16,200] {dag.py:2935} INFO - Setting next_dagrun for example_task_group_decorator to 2022-08-07T06:09:16.200623+00:00
[2022-08-08 06:09:16,217] {processor.py:171} INFO - Processing /home/airflow/.local/lib/python3.7/site-packages/airflow/example_dags/example_task_group_decorator.py took 0.361 seconds
[2022-08-08 06:09:46,857] {processor.py:163} INFO - Started process (PID=395) to work on /home/airflow/.local/lib/python3.7/site-packages/airflow/example_dags/example_task_group_decorator.py
[2022-08-08 06:09:46,859] {processor.py:642} INFO - Processing file /home/airflow/.local/lib/python3.7/site-packages/airflow/example_dags/example_task_group_decorator.py for tasks to queue
[2022-08-08 06:09:46,861] {logging_mixin.py:109} INFO - [2022-08-08 06:09:46,861] {dagbag.py:500} INFO - Filling up the DagBag from /home/airflow/.local/lib/python3.7/site-packages/airflow/example_dags/example_task_group_decorator.py
[2022-08-08 06:09:46,918] {processor.py:654} INFO - DAG(s) dict_keys(['example_task_group_decorator']) retrieved from /home/airflow/.local/lib/python3.7/site-packages/airflow/example_dags/example_task_group_decorator.py
[2022-08-08 06:09:47,213] {logging_mixin.py:109} INFO - [2022-08-08 06:09:47,213] {dag.py:2396} INFO - Sync 1 DAGs
[2022-08-08 06:09:47,231] {logging_mixin.py:109} INFO - [2022-08-08 06:09:47,231] {dag.py:2935} INFO - Setting next_dagrun for example_task_group_decorator to 2022-08-07T06:09:47.231531+00:00
[2022-08-08 06:09:47,264] {processor.py:171} INFO - Processing /home/airflow/.local/lib/python3.7/site-packages/airflow/example_dags/example_task_group_decorator.py took 0.411 seconds
[2022-08-08 06:10:18,102] {processor.py:163} INFO - Started process (PID=455) to work on /home/airflow/.local/lib/python3.7/site-packages/airflow/example_dags/example_task_group_decorator.py
[2022-08-08 06:10:18,104] {processor.py:642} INFO - Processing file /home/airflow/.local/lib/python3.7/site-packages/airflow/example_dags/example_task_group_decorator.py for tasks to queue
[2022-08-08 06:10:18,106] {logging_mixin.py:109} INFO - [2022-08-08 06:10:18,105] {dagbag.py:500} INFO - Filling up the DagBag from /home/airflow/.local/lib/python3.7/site-packages/airflow/example_dags/example_task_group_decorator.py
[2022-08-08 06:10:18,149] {processor.py:654} INFO - DAG(s) dict_keys(['example_task_group_decorator']) retrieved from /home/airflow/.local/lib/python3.7/site-packages/airflow/example_dags/example_task_group_decorator.py
[2022-08-08 06:10:18,428] {logging_mixin.py:109} INFO - [2022-08-08 06:10:18,428] {dag.py:2396} INFO - Sync 1 DAGs
[2022-08-08 06:10:18,443] {logging_mixin.py:109} INFO - [2022-08-08 06:10:18,442] {dag.py:2935} INFO - Setting next_dagrun for example_task_group_decorator to 2022-08-07T06:10:18.442724+00:00
[2022-08-08 06:10:18,457] {processor.py:171} INFO - Processing /home/airflow/.local/lib/python3.7/site-packages/airflow/example_dags/example_task_group_decorator.py took 0.359 seconds
[2022-08-08 06:10:49,057] {processor.py:163} INFO - Started process (PID=515) to work on /home/airflow/.local/lib/python3.7/site-packages/airflow/example_dags/example_task_group_decorator.py
[2022-08-08 06:10:49,065] {processor.py:642} INFO - Processing file /home/airflow/.local/lib/python3.7/site-packages/airflow/example_dags/example_task_group_decorator.py for tasks to queue
[2022-08-08 06:10:49,072] {logging_mixin.py:109} INFO - [2022-08-08 06:10:49,072] {dagbag.py:500} INFO - Filling up the DagBag from /home/airflow/.local/lib/python3.7/site-packages/airflow/example_dags/example_task_group_decorator.py
[2022-08-08 06:10:49,199] {processor.py:654} INFO - DAG(s) dict_keys(['example_task_group_decorator']) retrieved from /home/airflow/.local/lib/python3.7/site-packages/airflow/example_dags/example_task_group_decorator.py
[2022-08-08 06:10:49,656] {logging_mixin.py:109} INFO - [2022-08-08 06:10:49,656] {dag.py:2396} INFO - Sync 1 DAGs
[2022-08-08 06:10:49,682] {logging_mixin.py:109} INFO - [2022-08-08 06:10:49,682] {dag.py:2935} INFO - Setting next_dagrun for example_task_group_decorator to 2022-08-07T06:10:49.682586+00:00
[2022-08-08 06:10:49,706] {processor.py:171} INFO - Processing /home/airflow/.local/lib/python3.7/site-packages/airflow/example_dags/example_task_group_decorator.py took 0.660 seconds
[2022-08-08 06:11:19,939] {processor.py:163} INFO - Started process (PID=586) to work on /home/airflow/.local/lib/python3.7/site-packages/airflow/example_dags/example_task_group_decorator.py
[2022-08-08 06:11:19,941] {processor.py:642} INFO - Processing file /home/airflow/.local/lib/python3.7/site-packages/airflow/example_dags/example_task_group_decorator.py for tasks to queue
[2022-08-08 06:11:19,943] {logging_mixin.py:109} INFO - [2022-08-08 06:11:19,943] {dagbag.py:500} INFO - Filling up the DagBag from /home/airflow/.local/lib/python3.7/site-packages/airflow/example_dags/example_task_group_decorator.py
[2022-08-08 06:11:19,991] {processor.py:654} INFO - DAG(s) dict_keys(['example_task_group_decorator']) retrieved from /home/airflow/.local/lib/python3.7/site-packages/airflow/example_dags/example_task_group_decorator.py
[2022-08-08 06:11:20,255] {logging_mixin.py:109} INFO - [2022-08-08 06:11:20,255] {dag.py:2396} INFO - Sync 1 DAGs
[2022-08-08 06:11:20,275] {logging_mixin.py:109} INFO - [2022-08-08 06:11:20,275] {dag.py:2935} INFO - Setting next_dagrun for example_task_group_decorator to 2022-08-07T06:11:20.275107+00:00
[2022-08-08 06:11:20,293] {processor.py:171} INFO - Processing /home/airflow/.local/lib/python3.7/site-packages/airflow/example_dags/example_task_group_decorator.py took 0.358 seconds
[2022-08-08 06:11:50,524] {processor.py:163} INFO - Started process (PID=646) to work on /home/airflow/.local/lib/python3.7/site-packages/airflow/example_dags/example_task_group_decorator.py
[2022-08-08 06:11:50,526] {processor.py:642} INFO - Processing file /home/airflow/.local/lib/python3.7/site-packages/airflow/example_dags/example_task_group_decorator.py for tasks to queue
[2022-08-08 06:11:50,528] {logging_mixin.py:109} INFO - [2022-08-08 06:11:50,528] {dagbag.py:500} INFO - Filling up the DagBag from /home/airflow/.local/lib/python3.7/site-packages/airflow/example_dags/example_task_group_decorator.py
[2022-08-08 06:11:50,569] {processor.py:654} INFO - DAG(s) dict_keys(['example_task_group_decorator']) retrieved from /home/airflow/.local/lib/python3.7/site-packages/airflow/example_dags/example_task_group_decorator.py
[2022-08-08 06:11:50,835] {logging_mixin.py:109} INFO - [2022-08-08 06:11:50,835] {dag.py:2396} INFO - Sync 1 DAGs
[2022-08-08 06:11:50,849] {logging_mixin.py:109} INFO - [2022-08-08 06:11:50,849] {dag.py:2935} INFO - Setting next_dagrun for example_task_group_decorator to 2022-08-07T06:11:50.848928+00:00
[2022-08-08 06:11:50,862] {processor.py:171} INFO - Processing /home/airflow/.local/lib/python3.7/site-packages/airflow/example_dags/example_task_group_decorator.py took 0.346 seconds
[2022-08-08 06:12:21,066] {processor.py:163} INFO - Started process (PID=715) to work on /home/airflow/.local/lib/python3.7/site-packages/airflow/example_dags/example_task_group_decorator.py
[2022-08-08 06:12:21,069] {processor.py:642} INFO - Processing file /home/airflow/.local/lib/python3.7/site-packages/airflow/example_dags/example_task_group_decorator.py for tasks to queue
[2022-08-08 06:12:21,070] {logging_mixin.py:109} INFO - [2022-08-08 06:12:21,070] {dagbag.py:500} INFO - Filling up the DagBag from /home/airflow/.local/lib/python3.7/site-packages/airflow/example_dags/example_task_group_decorator.py
[2022-08-08 06:12:21,116] {processor.py:654} INFO - DAG(s) dict_keys(['example_task_group_decorator']) retrieved from /home/airflow/.local/lib/python3.7/site-packages/airflow/example_dags/example_task_group_decorator.py
[2022-08-08 06:12:21,395] {logging_mixin.py:109} INFO - [2022-08-08 06:12:21,395] {dag.py:2396} INFO - Sync 1 DAGs
[2022-08-08 06:12:21,411] {logging_mixin.py:109} INFO - [2022-08-08 06:12:21,411] {dag.py:2935} INFO - Setting next_dagrun for example_task_group_decorator to 2022-08-07T06:12:21.411113+00:00
[2022-08-08 06:12:21,430] {processor.py:171} INFO - Processing /home/airflow/.local/lib/python3.7/site-packages/airflow/example_dags/example_task_group_decorator.py took 0.367 seconds
[2022-08-08 06:12:51,535] {processor.py:163} INFO - Started process (PID=775) to work on /home/airflow/.local/lib/python3.7/site-packages/airflow/example_dags/example_task_group_decorator.py
[2022-08-08 06:12:51,537] {processor.py:642} INFO - Processing file /home/airflow/.local/lib/python3.7/site-packages/airflow/example_dags/example_task_group_decorator.py for tasks to queue
[2022-08-08 06:12:51,539] {logging_mixin.py:109} INFO - [2022-08-08 06:12:51,539] {dagbag.py:500} INFO - Filling up the DagBag from /home/airflow/.local/lib/python3.7/site-packages/airflow/example_dags/example_task_group_decorator.py
[2022-08-08 06:12:51,587] {processor.py:654} INFO - DAG(s) dict_keys(['example_task_group_decorator']) retrieved from /home/airflow/.local/lib/python3.7/site-packages/airflow/example_dags/example_task_group_decorator.py
[2022-08-08 06:12:51,871] {logging_mixin.py:109} INFO - [2022-08-08 06:12:51,871] {dag.py:2396} INFO - Sync 1 DAGs
[2022-08-08 06:12:51,896] {logging_mixin.py:109} INFO - [2022-08-08 06:12:51,896] {dag.py:2935} INFO - Setting next_dagrun for example_task_group_decorator to 2022-08-07T06:12:51.895885+00:00
[2022-08-08 06:12:51,908] {processor.py:171} INFO - Processing /home/airflow/.local/lib/python3.7/site-packages/airflow/example_dags/example_task_group_decorator.py took 0.377 seconds
[2022-08-08 06:13:22,063] {processor.py:163} INFO - Started process (PID=845) to work on /home/airflow/.local/lib/python3.7/site-packages/airflow/example_dags/example_task_group_decorator.py
[2022-08-08 06:13:22,065] {processor.py:642} INFO - Processing file /home/airflow/.local/lib/python3.7/site-packages/airflow/example_dags/example_task_group_decorator.py for tasks to queue
[2022-08-08 06:13:22,067] {logging_mixin.py:109} INFO - [2022-08-08 06:13:22,067] {dagbag.py:500} INFO - Filling up the DagBag from /home/airflow/.local/lib/python3.7/site-packages/airflow/example_dags/example_task_group_decorator.py
[2022-08-08 06:13:22,116] {processor.py:654} INFO - DAG(s) dict_keys(['example_task_group_decorator']) retrieved from /home/airflow/.local/lib/python3.7/site-packages/airflow/example_dags/example_task_group_decorator.py
[2022-08-08 06:13:22,401] {logging_mixin.py:109} INFO - [2022-08-08 06:13:22,401] {dag.py:2396} INFO - Sync 1 DAGs
[2022-08-08 06:13:22,423] {logging_mixin.py:109} INFO - [2022-08-08 06:13:22,423] {dag.py:2935} INFO - Setting next_dagrun for example_task_group_decorator to 2022-08-07T06:13:22.422879+00:00
[2022-08-08 06:13:22,437] {processor.py:171} INFO - Processing /home/airflow/.local/lib/python3.7/site-packages/airflow/example_dags/example_task_group_decorator.py took 0.380 seconds
[2022-08-08 06:13:52,773] {processor.py:163} INFO - Started process (PID=905) to work on /home/airflow/.local/lib/python3.7/site-packages/airflow/example_dags/example_task_group_decorator.py
[2022-08-08 06:13:52,775] {processor.py:642} INFO - Processing file /home/airflow/.local/lib/python3.7/site-packages/airflow/example_dags/example_task_group_decorator.py for tasks to queue
[2022-08-08 06:13:52,778] {logging_mixin.py:109} INFO - [2022-08-08 06:13:52,778] {dagbag.py:500} INFO - Filling up the DagBag from /home/airflow/.local/lib/python3.7/site-packages/airflow/example_dags/example_task_group_decorator.py
[2022-08-08 06:13:52,829] {processor.py:654} INFO - DAG(s) dict_keys(['example_task_group_decorator']) retrieved from /home/airflow/.local/lib/python3.7/site-packages/airflow/example_dags/example_task_group_decorator.py
[2022-08-08 06:13:53,130] {logging_mixin.py:109} INFO - [2022-08-08 06:13:53,130] {dag.py:2396} INFO - Sync 1 DAGs
[2022-08-08 06:13:53,152] {logging_mixin.py:109} INFO - [2022-08-08 06:13:53,152] {dag.py:2935} INFO - Setting next_dagrun for example_task_group_decorator to 2022-08-07T06:13:53.151755+00:00
[2022-08-08 06:13:53,177] {processor.py:171} INFO - Processing /home/airflow/.local/lib/python3.7/site-packages/airflow/example_dags/example_task_group_decorator.py took 0.411 seconds
[2022-08-08 06:14:23,527] {processor.py:163} INFO - Started process (PID=977) to work on /home/airflow/.local/lib/python3.7/site-packages/airflow/example_dags/example_task_group_decorator.py
[2022-08-08 06:14:23,529] {processor.py:642} INFO - Processing file /home/airflow/.local/lib/python3.7/site-packages/airflow/example_dags/example_task_group_decorator.py for tasks to queue
[2022-08-08 06:14:23,531] {logging_mixin.py:109} INFO - [2022-08-08 06:14:23,531] {dagbag.py:500} INFO - Filling up the DagBag from /home/airflow/.local/lib/python3.7/site-packages/airflow/example_dags/example_task_group_decorator.py
[2022-08-08 06:14:23,581] {processor.py:654} INFO - DAG(s) dict_keys(['example_task_group_decorator']) retrieved from /home/airflow/.local/lib/python3.7/site-packages/airflow/example_dags/example_task_group_decorator.py
[2022-08-08 06:14:23,908] {logging_mixin.py:109} INFO - [2022-08-08 06:14:23,908] {dag.py:2396} INFO - Sync 1 DAGs
[2022-08-08 06:14:23,922] {logging_mixin.py:109} INFO - [2022-08-08 06:14:23,921] {dag.py:2935} INFO - Setting next_dagrun for example_task_group_decorator to 2022-08-07T06:14:23.921652+00:00
[2022-08-08 06:14:23,937] {processor.py:171} INFO - Processing /home/airflow/.local/lib/python3.7/site-packages/airflow/example_dags/example_task_group_decorator.py took 0.415 seconds
[2022-08-08 06:14:54,357] {processor.py:163} INFO - Started process (PID=1040) to work on /home/airflow/.local/lib/python3.7/site-packages/airflow/example_dags/example_task_group_decorator.py
[2022-08-08 06:14:54,359] {processor.py:642} INFO - Processing file /home/airflow/.local/lib/python3.7/site-packages/airflow/example_dags/example_task_group_decorator.py for tasks to queue
[2022-08-08 06:14:54,360] {logging_mixin.py:109} INFO - [2022-08-08 06:14:54,360] {dagbag.py:500} INFO - Filling up the DagBag from /home/airflow/.local/lib/python3.7/site-packages/airflow/example_dags/example_task_group_decorator.py
[2022-08-08 06:14:54,402] {processor.py:654} INFO - DAG(s) dict_keys(['example_task_group_decorator']) retrieved from /home/airflow/.local/lib/python3.7/site-packages/airflow/example_dags/example_task_group_decorator.py
[2022-08-08 06:14:54,674] {logging_mixin.py:109} INFO - [2022-08-08 06:14:54,674] {dag.py:2396} INFO - Sync 1 DAGs
[2022-08-08 06:14:54,688] {logging_mixin.py:109} INFO - [2022-08-08 06:14:54,687] {dag.py:2935} INFO - Setting next_dagrun for example_task_group_decorator to 2022-08-07T06:14:54.687731+00:00
[2022-08-08 06:14:54,700] {processor.py:171} INFO - Processing /home/airflow/.local/lib/python3.7/site-packages/airflow/example_dags/example_task_group_decorator.py took 0.346 seconds
[2022-08-08 06:15:24,790] {processor.py:163} INFO - Started process (PID=1109) to work on /home/airflow/.local/lib/python3.7/site-packages/airflow/example_dags/example_task_group_decorator.py
[2022-08-08 06:15:24,793] {processor.py:642} INFO - Processing file /home/airflow/.local/lib/python3.7/site-packages/airflow/example_dags/example_task_group_decorator.py for tasks to queue
[2022-08-08 06:15:24,795] {logging_mixin.py:109} INFO - [2022-08-08 06:15:24,794] {dagbag.py:500} INFO - Filling up the DagBag from /home/airflow/.local/lib/python3.7/site-packages/airflow/example_dags/example_task_group_decorator.py
[2022-08-08 06:15:24,893] {processor.py:654} INFO - DAG(s) dict_keys(['example_task_group_decorator']) retrieved from /home/airflow/.local/lib/python3.7/site-packages/airflow/example_dags/example_task_group_decorator.py
[2022-08-08 06:15:25,363] {logging_mixin.py:109} INFO - [2022-08-08 06:15:25,363] {dag.py:2396} INFO - Sync 1 DAGs
[2022-08-08 06:15:25,410] {logging_mixin.py:109} INFO - [2022-08-08 06:15:25,410] {dag.py:2935} INFO - Setting next_dagrun for example_task_group_decorator to 2022-08-07T06:15:25.409885+00:00
[2022-08-08 06:15:25,455] {processor.py:171} INFO - Processing /home/airflow/.local/lib/python3.7/site-packages/airflow/example_dags/example_task_group_decorator.py took 0.674 seconds
[2022-08-08 06:15:55,800] {processor.py:163} INFO - Started process (PID=1171) to work on /home/airflow/.local/lib/python3.7/site-packages/airflow/example_dags/example_task_group_decorator.py
[2022-08-08 06:15:55,803] {processor.py:642} INFO - Processing file /home/airflow/.local/lib/python3.7/site-packages/airflow/example_dags/example_task_group_decorator.py for tasks to queue
[2022-08-08 06:15:55,804] {logging_mixin.py:109} INFO - [2022-08-08 06:15:55,804] {dagbag.py:500} INFO - Filling up the DagBag from /home/airflow/.local/lib/python3.7/site-packages/airflow/example_dags/example_task_group_decorator.py
[2022-08-08 06:15:55,847] {processor.py:654} INFO - DAG(s) dict_keys(['example_task_group_decorator']) retrieved from /home/airflow/.local/lib/python3.7/site-packages/airflow/example_dags/example_task_group_decorator.py
[2022-08-08 06:15:56,123] {logging_mixin.py:109} INFO - [2022-08-08 06:15:56,123] {dag.py:2396} INFO - Sync 1 DAGs
[2022-08-08 06:15:56,143] {logging_mixin.py:109} INFO - [2022-08-08 06:15:56,143] {dag.py:2935} INFO - Setting next_dagrun for example_task_group_decorator to 2022-08-07T06:15:56.142876+00:00
[2022-08-08 06:15:56,166] {processor.py:171} INFO - Processing /home/airflow/.local/lib/python3.7/site-packages/airflow/example_dags/example_task_group_decorator.py took 0.371 seconds
[2022-08-08 06:16:26,840] {processor.py:163} INFO - Started process (PID=1231) to work on /home/airflow/.local/lib/python3.7/site-packages/airflow/example_dags/example_task_group_decorator.py
[2022-08-08 06:16:26,842] {processor.py:642} INFO - Processing file /home/airflow/.local/lib/python3.7/site-packages/airflow/example_dags/example_task_group_decorator.py for tasks to queue
[2022-08-08 06:16:26,843] {logging_mixin.py:109} INFO - [2022-08-08 06:16:26,843] {dagbag.py:500} INFO - Filling up the DagBag from /home/airflow/.local/lib/python3.7/site-packages/airflow/example_dags/example_task_group_decorator.py
[2022-08-08 06:16:26,884] {processor.py:654} INFO - DAG(s) dict_keys(['example_task_group_decorator']) retrieved from /home/airflow/.local/lib/python3.7/site-packages/airflow/example_dags/example_task_group_decorator.py
[2022-08-08 06:16:27,174] {logging_mixin.py:109} INFO - [2022-08-08 06:16:27,174] {dag.py:2396} INFO - Sync 1 DAGs
[2022-08-08 06:16:27,189] {logging_mixin.py:109} INFO - [2022-08-08 06:16:27,189] {dag.py:2935} INFO - Setting next_dagrun for example_task_group_decorator to 2022-08-07T06:16:27.189116+00:00
[2022-08-08 06:16:27,214] {processor.py:171} INFO - Processing /home/airflow/.local/lib/python3.7/site-packages/airflow/example_dags/example_task_group_decorator.py took 0.378 seconds
[2022-08-08 06:16:57,582] {processor.py:163} INFO - Started process (PID=1304) to work on /home/airflow/.local/lib/python3.7/site-packages/airflow/example_dags/example_task_group_decorator.py
[2022-08-08 06:16:57,584] {processor.py:642} INFO - Processing file /home/airflow/.local/lib/python3.7/site-packages/airflow/example_dags/example_task_group_decorator.py for tasks to queue
[2022-08-08 06:16:57,586] {logging_mixin.py:109} INFO - [2022-08-08 06:16:57,586] {dagbag.py:500} INFO - Filling up the DagBag from /home/airflow/.local/lib/python3.7/site-packages/airflow/example_dags/example_task_group_decorator.py
[2022-08-08 06:16:57,633] {processor.py:654} INFO - DAG(s) dict_keys(['example_task_group_decorator']) retrieved from /home/airflow/.local/lib/python3.7/site-packages/airflow/example_dags/example_task_group_decorator.py
[2022-08-08 06:16:57,897] {logging_mixin.py:109} INFO - [2022-08-08 06:16:57,897] {dag.py:2396} INFO - Sync 1 DAGs
[2022-08-08 06:16:57,910] {logging_mixin.py:109} INFO - [2022-08-08 06:16:57,910] {dag.py:2935} INFO - Setting next_dagrun for example_task_group_decorator to 2022-08-07T06:16:57.910167+00:00
[2022-08-08 06:16:57,925] {processor.py:171} INFO - Processing /home/airflow/.local/lib/python3.7/site-packages/airflow/example_dags/example_task_group_decorator.py took 0.347 seconds
[2022-08-08 06:17:28,411] {processor.py:163} INFO - Started process (PID=1365) to work on /home/airflow/.local/lib/python3.7/site-packages/airflow/example_dags/example_task_group_decorator.py
[2022-08-08 06:17:28,414] {processor.py:642} INFO - Processing file /home/airflow/.local/lib/python3.7/site-packages/airflow/example_dags/example_task_group_decorator.py for tasks to queue
[2022-08-08 06:17:28,415] {logging_mixin.py:109} INFO - [2022-08-08 06:17:28,415] {dagbag.py:500} INFO - Filling up the DagBag from /home/airflow/.local/lib/python3.7/site-packages/airflow/example_dags/example_task_group_decorator.py
[2022-08-08 06:17:28,470] {processor.py:654} INFO - DAG(s) dict_keys(['example_task_group_decorator']) retrieved from /home/airflow/.local/lib/python3.7/site-packages/airflow/example_dags/example_task_group_decorator.py
[2022-08-08 06:17:28,728] {logging_mixin.py:109} INFO - [2022-08-08 06:17:28,728] {dag.py:2396} INFO - Sync 1 DAGs
[2022-08-08 06:17:28,751] {logging_mixin.py:109} INFO - [2022-08-08 06:17:28,751] {dag.py:2935} INFO - Setting next_dagrun for example_task_group_decorator to 2022-08-07T06:17:28.751320+00:00
[2022-08-08 06:17:28,765] {processor.py:171} INFO - Processing /home/airflow/.local/lib/python3.7/site-packages/airflow/example_dags/example_task_group_decorator.py took 0.358 seconds
[2022-08-08 06:17:58,809] {processor.py:163} INFO - Started process (PID=1432) to work on /home/airflow/.local/lib/python3.7/site-packages/airflow/example_dags/example_task_group_decorator.py
[2022-08-08 06:17:58,812] {processor.py:642} INFO - Processing file /home/airflow/.local/lib/python3.7/site-packages/airflow/example_dags/example_task_group_decorator.py for tasks to queue
[2022-08-08 06:17:58,814] {logging_mixin.py:109} INFO - [2022-08-08 06:17:58,814] {dagbag.py:500} INFO - Filling up the DagBag from /home/airflow/.local/lib/python3.7/site-packages/airflow/example_dags/example_task_group_decorator.py
[2022-08-08 06:17:58,861] {processor.py:654} INFO - DAG(s) dict_keys(['example_task_group_decorator']) retrieved from /home/airflow/.local/lib/python3.7/site-packages/airflow/example_dags/example_task_group_decorator.py
[2022-08-08 06:17:59,140] {logging_mixin.py:109} INFO - [2022-08-08 06:17:59,140] {dag.py:2396} INFO - Sync 1 DAGs
[2022-08-08 06:17:59,163] {logging_mixin.py:109} INFO - [2022-08-08 06:17:59,163] {dag.py:2935} INFO - Setting next_dagrun for example_task_group_decorator to 2022-08-07T06:17:59.162786+00:00
[2022-08-08 06:17:59,182] {processor.py:171} INFO - Processing /home/airflow/.local/lib/python3.7/site-packages/airflow/example_dags/example_task_group_decorator.py took 0.378 seconds
[2022-08-08 06:18:29,981] {processor.py:163} INFO - Started process (PID=1493) to work on /home/airflow/.local/lib/python3.7/site-packages/airflow/example_dags/example_task_group_decorator.py
[2022-08-08 06:18:29,984] {processor.py:642} INFO - Processing file /home/airflow/.local/lib/python3.7/site-packages/airflow/example_dags/example_task_group_decorator.py for tasks to queue
[2022-08-08 06:18:29,986] {logging_mixin.py:109} INFO - [2022-08-08 06:18:29,985] {dagbag.py:500} INFO - Filling up the DagBag from /home/airflow/.local/lib/python3.7/site-packages/airflow/example_dags/example_task_group_decorator.py
[2022-08-08 06:18:30,032] {processor.py:654} INFO - DAG(s) dict_keys(['example_task_group_decorator']) retrieved from /home/airflow/.local/lib/python3.7/site-packages/airflow/example_dags/example_task_group_decorator.py
[2022-08-08 06:18:30,322] {logging_mixin.py:109} INFO - [2022-08-08 06:18:30,322] {dag.py:2396} INFO - Sync 1 DAGs
[2022-08-08 06:18:30,340] {logging_mixin.py:109} INFO - [2022-08-08 06:18:30,340] {dag.py:2935} INFO - Setting next_dagrun for example_task_group_decorator to 2022-08-07T06:18:30.340428+00:00
[2022-08-08 06:18:30,358] {processor.py:171} INFO - Processing /home/airflow/.local/lib/python3.7/site-packages/airflow/example_dags/example_task_group_decorator.py took 0.385 seconds
[2022-08-08 06:19:01,289] {processor.py:163} INFO - Started process (PID=1563) to work on /home/airflow/.local/lib/python3.7/site-packages/airflow/example_dags/example_task_group_decorator.py
[2022-08-08 06:19:01,292] {processor.py:642} INFO - Processing file /home/airflow/.local/lib/python3.7/site-packages/airflow/example_dags/example_task_group_decorator.py for tasks to queue
[2022-08-08 06:19:01,295] {logging_mixin.py:109} INFO - [2022-08-08 06:19:01,294] {dagbag.py:500} INFO - Filling up the DagBag from /home/airflow/.local/lib/python3.7/site-packages/airflow/example_dags/example_task_group_decorator.py
[2022-08-08 06:19:01,342] {processor.py:654} INFO - DAG(s) dict_keys(['example_task_group_decorator']) retrieved from /home/airflow/.local/lib/python3.7/site-packages/airflow/example_dags/example_task_group_decorator.py
[2022-08-08 06:19:01,652] {logging_mixin.py:109} INFO - [2022-08-08 06:19:01,651] {dag.py:2396} INFO - Sync 1 DAGs
[2022-08-08 06:19:01,669] {logging_mixin.py:109} INFO - [2022-08-08 06:19:01,668] {dag.py:2935} INFO - Setting next_dagrun for example_task_group_decorator to 2022-08-07T06:19:01.668455+00:00
[2022-08-08 06:19:01,687] {processor.py:171} INFO - Processing /home/airflow/.local/lib/python3.7/site-packages/airflow/example_dags/example_task_group_decorator.py took 0.405 seconds
[2022-08-08 06:19:31,815] {processor.py:163} INFO - Started process (PID=1624) to work on /home/airflow/.local/lib/python3.7/site-packages/airflow/example_dags/example_task_group_decorator.py
[2022-08-08 06:19:31,817] {processor.py:642} INFO - Processing file /home/airflow/.local/lib/python3.7/site-packages/airflow/example_dags/example_task_group_decorator.py for tasks to queue
[2022-08-08 06:19:31,819] {logging_mixin.py:109} INFO - [2022-08-08 06:19:31,819] {dagbag.py:500} INFO - Filling up the DagBag from /home/airflow/.local/lib/python3.7/site-packages/airflow/example_dags/example_task_group_decorator.py
[2022-08-08 06:19:31,861] {processor.py:654} INFO - DAG(s) dict_keys(['example_task_group_decorator']) retrieved from /home/airflow/.local/lib/python3.7/site-packages/airflow/example_dags/example_task_group_decorator.py
[2022-08-08 06:19:32,126] {logging_mixin.py:109} INFO - [2022-08-08 06:19:32,126] {dag.py:2396} INFO - Sync 1 DAGs
[2022-08-08 06:19:32,141] {logging_mixin.py:109} INFO - [2022-08-08 06:19:32,141] {dag.py:2935} INFO - Setting next_dagrun for example_task_group_decorator to 2022-08-07T06:19:32.141142+00:00
[2022-08-08 06:19:32,155] {processor.py:171} INFO - Processing /home/airflow/.local/lib/python3.7/site-packages/airflow/example_dags/example_task_group_decorator.py took 0.343 seconds
[2022-08-08 06:20:02,314] {processor.py:163} INFO - Started process (PID=1693) to work on /home/airflow/.local/lib/python3.7/site-packages/airflow/example_dags/example_task_group_decorator.py
[2022-08-08 06:20:02,316] {processor.py:642} INFO - Processing file /home/airflow/.local/lib/python3.7/site-packages/airflow/example_dags/example_task_group_decorator.py for tasks to queue
[2022-08-08 06:20:02,318] {logging_mixin.py:109} INFO - [2022-08-08 06:20:02,318] {dagbag.py:500} INFO - Filling up the DagBag from /home/airflow/.local/lib/python3.7/site-packages/airflow/example_dags/example_task_group_decorator.py
[2022-08-08 06:20:02,358] {processor.py:654} INFO - DAG(s) dict_keys(['example_task_group_decorator']) retrieved from /home/airflow/.local/lib/python3.7/site-packages/airflow/example_dags/example_task_group_decorator.py
[2022-08-08 06:20:02,605] {logging_mixin.py:109} INFO - [2022-08-08 06:20:02,605] {dag.py:2396} INFO - Sync 1 DAGs
[2022-08-08 06:20:02,621] {logging_mixin.py:109} INFO - [2022-08-08 06:20:02,621] {dag.py:2935} INFO - Setting next_dagrun for example_task_group_decorator to 2022-08-07T06:20:02.621301+00:00
[2022-08-08 06:20:02,633] {processor.py:171} INFO - Processing /home/airflow/.local/lib/python3.7/site-packages/airflow/example_dags/example_task_group_decorator.py took 0.325 seconds
[2022-08-08 06:20:32,793] {processor.py:163} INFO - Started process (PID=1754) to work on /home/airflow/.local/lib/python3.7/site-packages/airflow/example_dags/example_task_group_decorator.py
[2022-08-08 06:20:32,795] {processor.py:642} INFO - Processing file /home/airflow/.local/lib/python3.7/site-packages/airflow/example_dags/example_task_group_decorator.py for tasks to queue
[2022-08-08 06:20:32,797] {logging_mixin.py:109} INFO - [2022-08-08 06:20:32,796] {dagbag.py:500} INFO - Filling up the DagBag from /home/airflow/.local/lib/python3.7/site-packages/airflow/example_dags/example_task_group_decorator.py
[2022-08-08 06:20:32,838] {processor.py:654} INFO - DAG(s) dict_keys(['example_task_group_decorator']) retrieved from /home/airflow/.local/lib/python3.7/site-packages/airflow/example_dags/example_task_group_decorator.py
[2022-08-08 06:20:33,112] {logging_mixin.py:109} INFO - [2022-08-08 06:20:33,112] {dag.py:2396} INFO - Sync 1 DAGs
[2022-08-08 06:20:33,128] {logging_mixin.py:109} INFO - [2022-08-08 06:20:33,128] {dag.py:2935} INFO - Setting next_dagrun for example_task_group_decorator to 2022-08-07T06:20:33.127890+00:00
[2022-08-08 06:20:33,145] {processor.py:171} INFO - Processing /home/airflow/.local/lib/python3.7/site-packages/airflow/example_dags/example_task_group_decorator.py took 0.355 seconds
[2022-08-08 06:21:03,244] {processor.py:163} INFO - Started process (PID=1823) to work on /home/airflow/.local/lib/python3.7/site-packages/airflow/example_dags/example_task_group_decorator.py
[2022-08-08 06:21:03,246] {processor.py:642} INFO - Processing file /home/airflow/.local/lib/python3.7/site-packages/airflow/example_dags/example_task_group_decorator.py for tasks to queue
[2022-08-08 06:21:03,248] {logging_mixin.py:109} INFO - [2022-08-08 06:21:03,248] {dagbag.py:500} INFO - Filling up the DagBag from /home/airflow/.local/lib/python3.7/site-packages/airflow/example_dags/example_task_group_decorator.py
[2022-08-08 06:21:03,288] {processor.py:654} INFO - DAG(s) dict_keys(['example_task_group_decorator']) retrieved from /home/airflow/.local/lib/python3.7/site-packages/airflow/example_dags/example_task_group_decorator.py
[2022-08-08 06:21:03,534] {logging_mixin.py:109} INFO - [2022-08-08 06:21:03,534] {dag.py:2396} INFO - Sync 1 DAGs
[2022-08-08 06:21:03,550] {logging_mixin.py:109} INFO - [2022-08-08 06:21:03,550] {dag.py:2935} INFO - Setting next_dagrun for example_task_group_decorator to 2022-08-07T06:21:03.549808+00:00
[2022-08-08 06:21:03,562] {processor.py:171} INFO - Processing /home/airflow/.local/lib/python3.7/site-packages/airflow/example_dags/example_task_group_decorator.py took 0.324 seconds
[2022-08-08 06:21:33,711] {processor.py:163} INFO - Started process (PID=1883) to work on /home/airflow/.local/lib/python3.7/site-packages/airflow/example_dags/example_task_group_decorator.py
[2022-08-08 06:21:33,714] {processor.py:642} INFO - Processing file /home/airflow/.local/lib/python3.7/site-packages/airflow/example_dags/example_task_group_decorator.py for tasks to queue
[2022-08-08 06:21:33,716] {logging_mixin.py:109} INFO - [2022-08-08 06:21:33,716] {dagbag.py:500} INFO - Filling up the DagBag from /home/airflow/.local/lib/python3.7/site-packages/airflow/example_dags/example_task_group_decorator.py
[2022-08-08 06:21:33,761] {processor.py:654} INFO - DAG(s) dict_keys(['example_task_group_decorator']) retrieved from /home/airflow/.local/lib/python3.7/site-packages/airflow/example_dags/example_task_group_decorator.py
[2022-08-08 06:21:34,011] {logging_mixin.py:109} INFO - [2022-08-08 06:21:34,011] {dag.py:2396} INFO - Sync 1 DAGs
[2022-08-08 06:21:34,025] {logging_mixin.py:109} INFO - [2022-08-08 06:21:34,025] {dag.py:2935} INFO - Setting next_dagrun for example_task_group_decorator to 2022-08-07T06:21:34.025531+00:00
[2022-08-08 06:21:34,040] {processor.py:171} INFO - Processing /home/airflow/.local/lib/python3.7/site-packages/airflow/example_dags/example_task_group_decorator.py took 0.336 seconds
[2022-08-08 06:22:04,581] {processor.py:163} INFO - Started process (PID=1952) to work on /home/airflow/.local/lib/python3.7/site-packages/airflow/example_dags/example_task_group_decorator.py
[2022-08-08 06:22:04,584] {processor.py:642} INFO - Processing file /home/airflow/.local/lib/python3.7/site-packages/airflow/example_dags/example_task_group_decorator.py for tasks to queue
[2022-08-08 06:22:04,585] {logging_mixin.py:109} INFO - [2022-08-08 06:22:04,585] {dagbag.py:500} INFO - Filling up the DagBag from /home/airflow/.local/lib/python3.7/site-packages/airflow/example_dags/example_task_group_decorator.py
[2022-08-08 06:22:04,734] {processor.py:654} INFO - DAG(s) dict_keys(['example_task_group_decorator']) retrieved from /home/airflow/.local/lib/python3.7/site-packages/airflow/example_dags/example_task_group_decorator.py
[2022-08-08 06:22:04,907] {logging_mixin.py:109} INFO - [2022-08-08 06:22:04,907] {dag.py:2396} INFO - Sync 1 DAGs
[2022-08-08 06:22:04,922] {logging_mixin.py:109} INFO - [2022-08-08 06:22:04,922] {dag.py:2935} INFO - Setting next_dagrun for example_task_group_decorator to 2022-08-07T06:22:04.921862+00:00
[2022-08-08 06:22:04,938] {processor.py:171} INFO - Processing /home/airflow/.local/lib/python3.7/site-packages/airflow/example_dags/example_task_group_decorator.py took 0.361 seconds
[2022-08-08 06:22:35,145] {processor.py:163} INFO - Started process (PID=2012) to work on /home/airflow/.local/lib/python3.7/site-packages/airflow/example_dags/example_task_group_decorator.py
[2022-08-08 06:22:35,148] {processor.py:642} INFO - Processing file /home/airflow/.local/lib/python3.7/site-packages/airflow/example_dags/example_task_group_decorator.py for tasks to queue
[2022-08-08 06:22:35,149] {logging_mixin.py:109} INFO - [2022-08-08 06:22:35,149] {dagbag.py:500} INFO - Filling up the DagBag from /home/airflow/.local/lib/python3.7/site-packages/airflow/example_dags/example_task_group_decorator.py
[2022-08-08 06:22:35,289] {processor.py:654} INFO - DAG(s) dict_keys(['example_task_group_decorator']) retrieved from /home/airflow/.local/lib/python3.7/site-packages/airflow/example_dags/example_task_group_decorator.py
[2022-08-08 06:22:35,465] {logging_mixin.py:109} INFO - [2022-08-08 06:22:35,465] {dag.py:2396} INFO - Sync 1 DAGs
[2022-08-08 06:22:35,481] {logging_mixin.py:109} INFO - [2022-08-08 06:22:35,481] {dag.py:2935} INFO - Setting next_dagrun for example_task_group_decorator to 2022-08-07T06:22:35.481398+00:00
[2022-08-08 06:22:35,496] {processor.py:171} INFO - Processing /home/airflow/.local/lib/python3.7/site-packages/airflow/example_dags/example_task_group_decorator.py took 0.355 seconds
[2022-08-08 07:11:46,025] {processor.py:163} INFO - Started process (PID=2078) to work on /home/airflow/.local/lib/python3.7/site-packages/airflow/example_dags/example_task_group_decorator.py
[2022-08-08 07:11:46,027] {processor.py:642} INFO - Processing file /home/airflow/.local/lib/python3.7/site-packages/airflow/example_dags/example_task_group_decorator.py for tasks to queue
[2022-08-08 07:11:46,029] {logging_mixin.py:109} INFO - [2022-08-08 07:11:46,029] {dagbag.py:500} INFO - Filling up the DagBag from /home/airflow/.local/lib/python3.7/site-packages/airflow/example_dags/example_task_group_decorator.py
[2022-08-08 07:11:46,166] {processor.py:654} INFO - DAG(s) dict_keys(['example_task_group_decorator']) retrieved from /home/airflow/.local/lib/python3.7/site-packages/airflow/example_dags/example_task_group_decorator.py
[2022-08-08 07:11:46,343] {logging_mixin.py:109} INFO - [2022-08-08 07:11:46,343] {dag.py:2396} INFO - Sync 1 DAGs
[2022-08-08 07:11:46,357] {logging_mixin.py:109} INFO - [2022-08-08 07:11:46,357] {dag.py:2935} INFO - Setting next_dagrun for example_task_group_decorator to 2022-08-07T07:11:46.357378+00:00
[2022-08-08 07:11:46,373] {processor.py:171} INFO - Processing /home/airflow/.local/lib/python3.7/site-packages/airflow/example_dags/example_task_group_decorator.py took 0.352 seconds
[2022-08-08 09:12:28,149] {processor.py:163} INFO - Started process (PID=2141) to work on /home/airflow/.local/lib/python3.7/site-packages/airflow/example_dags/example_task_group_decorator.py
[2022-08-08 09:12:28,158] {processor.py:642} INFO - Processing file /home/airflow/.local/lib/python3.7/site-packages/airflow/example_dags/example_task_group_decorator.py for tasks to queue
[2022-08-08 09:12:28,166] {logging_mixin.py:109} INFO - [2022-08-08 09:12:28,166] {dagbag.py:500} INFO - Filling up the DagBag from /home/airflow/.local/lib/python3.7/site-packages/airflow/example_dags/example_task_group_decorator.py
[2022-08-08 09:16:07,314] {logging_mixin.py:109} INFO - [2022-08-08 09:16:07,314] {timeout.py:36} ERROR - Process timed out, PID: 2141
[2022-08-08 09:16:08,021] {logging_mixin.py:109} INFO - [2022-08-08 09:16:07,966] {dagbag.py:334} ERROR - Failed to import: /home/airflow/.local/lib/python3.7/site-packages/airflow/example_dags/example_task_group_decorator.py
Traceback (most recent call last):
  File "/home/airflow/.local/lib/python3.7/site-packages/airflow/models/dagbag.py", line 331, in _load_modules_from_file
    loader.exec_module(new_module)
  File "<frozen importlib._bootstrap_external>", line 728, in exec_module
  File "<frozen importlib._bootstrap>", line 219, in _call_with_frames_removed
  File "/home/airflow/.local/lib/python3.7/site-packages/airflow/example_dags/example_task_group_decorator.py", line 41, in <module>
    @task
  File "/home/airflow/.local/lib/python3.7/site-packages/airflow/decorators/python.py", line 76, in __call__
    return self.python(python_callable, multiple_outputs, **kwargs)
  File "/home/airflow/.local/lib/python3.7/site-packages/airflow/decorators/python.py", line 98, in python
    **kwargs,
  File "/home/airflow/.local/lib/python3.7/site-packages/airflow/decorators/base.py", line 204, in task_decorator_factory
    sig = signature(python_callable).return_annotation
  File "/usr/local/lib/python3.7/inspect.py", line 3083, in signature
    return Signature.from_callable(obj, follow_wrapped=follow_wrapped)
  File "/usr/local/lib/python3.7/inspect.py", line 2833, in from_callable
    follow_wrapper_chains=follow_wrapped)
  File "/usr/local/lib/python3.7/inspect.py", line 2226, in _signature_from_callable
    obj = unwrap(obj, stop=(lambda f: hasattr(f, "__signature__")))
  File "/usr/local/lib/python3.7/inspect.py", line 504, in unwrap
    def _is_wrapper(f):
  File "/home/airflow/.local/lib/python3.7/site-packages/airflow/utils/timeout.py", line 37, in handle_timeout
    raise AirflowTaskTimeout(self.error_message)
airflow.exceptions.AirflowTaskTimeout: DagBag import timeout for /home/airflow/.local/lib/python3.7/site-packages/airflow/example_dags/example_task_group_decorator.py after 30.0s.
Please take a look at these docs to improve your DAG import time:
* https://airflow.apache.org/docs/apache-airflow/2.2.3/best-practices.html#top-level-python-code
* https://airflow.apache.org/docs/apache-airflow/2.2.3/best-practices.html#reducing-dag-complexity, PID: 2141
[2022-08-08 09:16:08,274] {processor.py:690} INFO - Deactivated 1 DAGs which are no longer present in /home/airflow/.local/lib/python3.7/site-packages/airflow/example_dags/example_task_group_decorator.py
[2022-08-08 09:16:13,593] {processor.py:163} INFO - Started process (PID=2172) to work on /home/airflow/.local/lib/python3.7/site-packages/airflow/example_dags/example_task_group_decorator.py
[2022-08-08 09:16:13,600] {processor.py:642} INFO - Processing file /home/airflow/.local/lib/python3.7/site-packages/airflow/example_dags/example_task_group_decorator.py for tasks to queue
[2022-08-08 09:16:13,602] {logging_mixin.py:109} INFO - [2022-08-08 09:16:13,602] {dagbag.py:500} INFO - Filling up the DagBag from /home/airflow/.local/lib/python3.7/site-packages/airflow/example_dags/example_task_group_decorator.py
[2022-08-08 09:16:13,705] {processor.py:654} INFO - DAG(s) dict_keys(['example_task_group_decorator']) retrieved from /home/airflow/.local/lib/python3.7/site-packages/airflow/example_dags/example_task_group_decorator.py
[2022-08-08 09:16:14,241] {logging_mixin.py:109} INFO - [2022-08-08 09:16:14,240] {dag.py:2396} INFO - Sync 1 DAGs
[2022-08-08 09:16:14,271] {logging_mixin.py:109} INFO - [2022-08-08 09:16:14,271] {dag.py:2935} INFO - Setting next_dagrun for example_task_group_decorator to 2022-08-07T09:16:14.271078+00:00
[2022-08-08 09:16:14,303] {processor.py:171} INFO - Processing /home/airflow/.local/lib/python3.7/site-packages/airflow/example_dags/example_task_group_decorator.py took 0.715 seconds
