[2022-08-08 06:07:05,037] {processor.py:163} INFO - Started process (PID=72) to work on /home/airflow/.local/lib/python3.7/site-packages/airflow/example_dags/example_trigger_controller_dag.py
[2022-08-08 06:07:05,046] {processor.py:642} INFO - Processing file /home/airflow/.local/lib/python3.7/site-packages/airflow/example_dags/example_trigger_controller_dag.py for tasks to queue
[2022-08-08 06:07:05,070] {logging_mixin.py:109} INFO - [2022-08-08 06:07:05,070] {dagbag.py:500} INFO - Filling up the DagBag from /home/airflow/.local/lib/python3.7/site-packages/airflow/example_dags/example_trigger_controller_dag.py
[2022-08-08 06:07:05,389] {processor.py:654} INFO - DAG(s) dict_keys(['example_trigger_controller_dag']) retrieved from /home/airflow/.local/lib/python3.7/site-packages/airflow/example_dags/example_trigger_controller_dag.py
[2022-08-08 06:07:05,510] {logging_mixin.py:109} INFO - [2022-08-08 06:07:05,509] {dag.py:2396} INFO - Sync 1 DAGs
[2022-08-08 06:07:05,716] {logging_mixin.py:109} INFO - [2022-08-08 06:07:05,706] {dag.py:2935} INFO - Setting next_dagrun for example_trigger_controller_dag to 2021-01-01T00:00:00+00:00
[2022-08-08 06:07:05,811] {processor.py:171} INFO - Processing /home/airflow/.local/lib/python3.7/site-packages/airflow/example_dags/example_trigger_controller_dag.py took 0.798 seconds
[2022-08-08 06:07:37,453] {processor.py:163} INFO - Started process (PID=131) to work on /home/airflow/.local/lib/python3.7/site-packages/airflow/example_dags/example_trigger_controller_dag.py
[2022-08-08 06:07:37,461] {processor.py:642} INFO - Processing file /home/airflow/.local/lib/python3.7/site-packages/airflow/example_dags/example_trigger_controller_dag.py for tasks to queue
[2022-08-08 06:07:37,466] {logging_mixin.py:109} INFO - [2022-08-08 06:07:37,465] {dagbag.py:500} INFO - Filling up the DagBag from /home/airflow/.local/lib/python3.7/site-packages/airflow/example_dags/example_trigger_controller_dag.py
[2022-08-08 06:07:37,631] {processor.py:654} INFO - DAG(s) dict_keys(['example_trigger_controller_dag']) retrieved from /home/airflow/.local/lib/python3.7/site-packages/airflow/example_dags/example_trigger_controller_dag.py
[2022-08-08 06:07:37,715] {logging_mixin.py:109} INFO - [2022-08-08 06:07:37,715] {dag.py:2396} INFO - Sync 1 DAGs
[2022-08-08 06:07:37,778] {logging_mixin.py:109} INFO - [2022-08-08 06:07:37,778] {dag.py:2935} INFO - Setting next_dagrun for example_trigger_controller_dag to 2021-01-01T00:00:00+00:00
[2022-08-08 06:07:37,827] {processor.py:171} INFO - Processing /home/airflow/.local/lib/python3.7/site-packages/airflow/example_dags/example_trigger_controller_dag.py took 0.398 seconds
[2022-08-08 06:08:08,918] {processor.py:163} INFO - Started process (PID=191) to work on /home/airflow/.local/lib/python3.7/site-packages/airflow/example_dags/example_trigger_controller_dag.py
[2022-08-08 06:08:08,923] {processor.py:642} INFO - Processing file /home/airflow/.local/lib/python3.7/site-packages/airflow/example_dags/example_trigger_controller_dag.py for tasks to queue
[2022-08-08 06:08:08,926] {logging_mixin.py:109} INFO - [2022-08-08 06:08:08,925] {dagbag.py:500} INFO - Filling up the DagBag from /home/airflow/.local/lib/python3.7/site-packages/airflow/example_dags/example_trigger_controller_dag.py
[2022-08-08 06:08:09,007] {processor.py:654} INFO - DAG(s) dict_keys(['example_trigger_controller_dag']) retrieved from /home/airflow/.local/lib/python3.7/site-packages/airflow/example_dags/example_trigger_controller_dag.py
[2022-08-08 06:08:09,032] {logging_mixin.py:109} INFO - [2022-08-08 06:08:09,031] {dag.py:2396} INFO - Sync 1 DAGs
[2022-08-08 06:08:09,067] {logging_mixin.py:109} INFO - [2022-08-08 06:08:09,066] {dag.py:2935} INFO - Setting next_dagrun for example_trigger_controller_dag to 2021-01-01T00:00:00+00:00
[2022-08-08 06:08:09,088] {processor.py:171} INFO - Processing /home/airflow/.local/lib/python3.7/site-packages/airflow/example_dags/example_trigger_controller_dag.py took 0.177 seconds
[2022-08-08 06:08:40,046] {processor.py:163} INFO - Started process (PID=252) to work on /home/airflow/.local/lib/python3.7/site-packages/airflow/example_dags/example_trigger_controller_dag.py
[2022-08-08 06:08:40,049] {processor.py:642} INFO - Processing file /home/airflow/.local/lib/python3.7/site-packages/airflow/example_dags/example_trigger_controller_dag.py for tasks to queue
[2022-08-08 06:08:40,051] {logging_mixin.py:109} INFO - [2022-08-08 06:08:40,051] {dagbag.py:500} INFO - Filling up the DagBag from /home/airflow/.local/lib/python3.7/site-packages/airflow/example_dags/example_trigger_controller_dag.py
[2022-08-08 06:08:40,090] {processor.py:654} INFO - DAG(s) dict_keys(['example_trigger_controller_dag']) retrieved from /home/airflow/.local/lib/python3.7/site-packages/airflow/example_dags/example_trigger_controller_dag.py
[2022-08-08 06:08:40,106] {logging_mixin.py:109} INFO - [2022-08-08 06:08:40,106] {dag.py:2396} INFO - Sync 1 DAGs
[2022-08-08 06:08:40,129] {logging_mixin.py:109} INFO - [2022-08-08 06:08:40,129] {dag.py:2935} INFO - Setting next_dagrun for example_trigger_controller_dag to 2021-01-01T00:00:00+00:00
[2022-08-08 06:08:40,141] {processor.py:171} INFO - Processing /home/airflow/.local/lib/python3.7/site-packages/airflow/example_dags/example_trigger_controller_dag.py took 0.102 seconds
[2022-08-08 06:09:10,316] {processor.py:163} INFO - Started process (PID=321) to work on /home/airflow/.local/lib/python3.7/site-packages/airflow/example_dags/example_trigger_controller_dag.py
[2022-08-08 06:09:10,319] {processor.py:642} INFO - Processing file /home/airflow/.local/lib/python3.7/site-packages/airflow/example_dags/example_trigger_controller_dag.py for tasks to queue
[2022-08-08 06:09:10,322] {logging_mixin.py:109} INFO - [2022-08-08 06:09:10,321] {dagbag.py:500} INFO - Filling up the DagBag from /home/airflow/.local/lib/python3.7/site-packages/airflow/example_dags/example_trigger_controller_dag.py
[2022-08-08 06:09:10,382] {processor.py:654} INFO - DAG(s) dict_keys(['example_trigger_controller_dag']) retrieved from /home/airflow/.local/lib/python3.7/site-packages/airflow/example_dags/example_trigger_controller_dag.py
[2022-08-08 06:09:10,396] {logging_mixin.py:109} INFO - [2022-08-08 06:09:10,396] {dag.py:2396} INFO - Sync 1 DAGs
[2022-08-08 06:09:10,415] {logging_mixin.py:109} INFO - [2022-08-08 06:09:10,414] {dag.py:2935} INFO - Setting next_dagrun for example_trigger_controller_dag to 2021-01-01T00:00:00+00:00
[2022-08-08 06:09:10,425] {processor.py:171} INFO - Processing /home/airflow/.local/lib/python3.7/site-packages/airflow/example_dags/example_trigger_controller_dag.py took 0.117 seconds
[2022-08-08 06:09:40,588] {processor.py:163} INFO - Started process (PID=382) to work on /home/airflow/.local/lib/python3.7/site-packages/airflow/example_dags/example_trigger_controller_dag.py
[2022-08-08 06:09:40,590] {processor.py:642} INFO - Processing file /home/airflow/.local/lib/python3.7/site-packages/airflow/example_dags/example_trigger_controller_dag.py for tasks to queue
[2022-08-08 06:09:40,591] {logging_mixin.py:109} INFO - [2022-08-08 06:09:40,591] {dagbag.py:500} INFO - Filling up the DagBag from /home/airflow/.local/lib/python3.7/site-packages/airflow/example_dags/example_trigger_controller_dag.py
[2022-08-08 06:09:40,623] {processor.py:654} INFO - DAG(s) dict_keys(['example_trigger_controller_dag']) retrieved from /home/airflow/.local/lib/python3.7/site-packages/airflow/example_dags/example_trigger_controller_dag.py
[2022-08-08 06:09:40,634] {logging_mixin.py:109} INFO - [2022-08-08 06:09:40,634] {dag.py:2396} INFO - Sync 1 DAGs
[2022-08-08 06:09:40,651] {logging_mixin.py:109} INFO - [2022-08-08 06:09:40,651] {dag.py:2935} INFO - Setting next_dagrun for example_trigger_controller_dag to 2021-01-01T00:00:00+00:00
[2022-08-08 06:09:40,662] {processor.py:171} INFO - Processing /home/airflow/.local/lib/python3.7/site-packages/airflow/example_dags/example_trigger_controller_dag.py took 0.081 seconds
[2022-08-08 06:10:10,844] {processor.py:163} INFO - Started process (PID=442) to work on /home/airflow/.local/lib/python3.7/site-packages/airflow/example_dags/example_trigger_controller_dag.py
[2022-08-08 06:10:10,846] {processor.py:642} INFO - Processing file /home/airflow/.local/lib/python3.7/site-packages/airflow/example_dags/example_trigger_controller_dag.py for tasks to queue
[2022-08-08 06:10:10,848] {logging_mixin.py:109} INFO - [2022-08-08 06:10:10,848] {dagbag.py:500} INFO - Filling up the DagBag from /home/airflow/.local/lib/python3.7/site-packages/airflow/example_dags/example_trigger_controller_dag.py
[2022-08-08 06:10:10,876] {processor.py:654} INFO - DAG(s) dict_keys(['example_trigger_controller_dag']) retrieved from /home/airflow/.local/lib/python3.7/site-packages/airflow/example_dags/example_trigger_controller_dag.py
[2022-08-08 06:10:10,888] {logging_mixin.py:109} INFO - [2022-08-08 06:10:10,887] {dag.py:2396} INFO - Sync 1 DAGs
[2022-08-08 06:10:10,906] {logging_mixin.py:109} INFO - [2022-08-08 06:10:10,906] {dag.py:2935} INFO - Setting next_dagrun for example_trigger_controller_dag to 2021-01-01T00:00:00+00:00
[2022-08-08 06:10:10,919] {processor.py:171} INFO - Processing /home/airflow/.local/lib/python3.7/site-packages/airflow/example_dags/example_trigger_controller_dag.py took 0.078 seconds
[2022-08-08 06:10:41,574] {processor.py:163} INFO - Started process (PID=507) to work on /home/airflow/.local/lib/python3.7/site-packages/airflow/example_dags/example_trigger_controller_dag.py
[2022-08-08 06:10:41,578] {processor.py:642} INFO - Processing file /home/airflow/.local/lib/python3.7/site-packages/airflow/example_dags/example_trigger_controller_dag.py for tasks to queue
[2022-08-08 06:10:41,581] {logging_mixin.py:109} INFO - [2022-08-08 06:10:41,581] {dagbag.py:500} INFO - Filling up the DagBag from /home/airflow/.local/lib/python3.7/site-packages/airflow/example_dags/example_trigger_controller_dag.py
[2022-08-08 06:10:41,624] {processor.py:654} INFO - DAG(s) dict_keys(['example_trigger_controller_dag']) retrieved from /home/airflow/.local/lib/python3.7/site-packages/airflow/example_dags/example_trigger_controller_dag.py
[2022-08-08 06:10:41,640] {logging_mixin.py:109} INFO - [2022-08-08 06:10:41,639] {dag.py:2396} INFO - Sync 1 DAGs
[2022-08-08 06:10:41,661] {logging_mixin.py:109} INFO - [2022-08-08 06:10:41,661] {dag.py:2935} INFO - Setting next_dagrun for example_trigger_controller_dag to 2021-01-01T00:00:00+00:00
[2022-08-08 06:10:41,674] {processor.py:171} INFO - Processing /home/airflow/.local/lib/python3.7/site-packages/airflow/example_dags/example_trigger_controller_dag.py took 0.106 seconds
[2022-08-08 06:11:11,762] {processor.py:163} INFO - Started process (PID=568) to work on /home/airflow/.local/lib/python3.7/site-packages/airflow/example_dags/example_trigger_controller_dag.py
[2022-08-08 06:11:11,765] {processor.py:642} INFO - Processing file /home/airflow/.local/lib/python3.7/site-packages/airflow/example_dags/example_trigger_controller_dag.py for tasks to queue
[2022-08-08 06:11:11,767] {logging_mixin.py:109} INFO - [2022-08-08 06:11:11,767] {dagbag.py:500} INFO - Filling up the DagBag from /home/airflow/.local/lib/python3.7/site-packages/airflow/example_dags/example_trigger_controller_dag.py
[2022-08-08 06:11:11,801] {processor.py:654} INFO - DAG(s) dict_keys(['example_trigger_controller_dag']) retrieved from /home/airflow/.local/lib/python3.7/site-packages/airflow/example_dags/example_trigger_controller_dag.py
[2022-08-08 06:11:11,818] {logging_mixin.py:109} INFO - [2022-08-08 06:11:11,818] {dag.py:2396} INFO - Sync 1 DAGs
[2022-08-08 06:11:11,838] {logging_mixin.py:109} INFO - [2022-08-08 06:11:11,838] {dag.py:2935} INFO - Setting next_dagrun for example_trigger_controller_dag to 2021-01-01T00:00:00+00:00
[2022-08-08 06:11:11,849] {processor.py:171} INFO - Processing /home/airflow/.local/lib/python3.7/site-packages/airflow/example_dags/example_trigger_controller_dag.py took 0.091 seconds
[2022-08-08 06:11:42,281] {processor.py:163} INFO - Started process (PID=637) to work on /home/airflow/.local/lib/python3.7/site-packages/airflow/example_dags/example_trigger_controller_dag.py
[2022-08-08 06:11:42,284] {processor.py:642} INFO - Processing file /home/airflow/.local/lib/python3.7/site-packages/airflow/example_dags/example_trigger_controller_dag.py for tasks to queue
[2022-08-08 06:11:42,286] {logging_mixin.py:109} INFO - [2022-08-08 06:11:42,285] {dagbag.py:500} INFO - Filling up the DagBag from /home/airflow/.local/lib/python3.7/site-packages/airflow/example_dags/example_trigger_controller_dag.py
[2022-08-08 06:11:42,312] {processor.py:654} INFO - DAG(s) dict_keys(['example_trigger_controller_dag']) retrieved from /home/airflow/.local/lib/python3.7/site-packages/airflow/example_dags/example_trigger_controller_dag.py
[2022-08-08 06:11:42,322] {logging_mixin.py:109} INFO - [2022-08-08 06:11:42,322] {dag.py:2396} INFO - Sync 1 DAGs
[2022-08-08 06:11:42,338] {logging_mixin.py:109} INFO - [2022-08-08 06:11:42,338] {dag.py:2935} INFO - Setting next_dagrun for example_trigger_controller_dag to 2021-01-01T00:00:00+00:00
[2022-08-08 06:11:42,348] {processor.py:171} INFO - Processing /home/airflow/.local/lib/python3.7/site-packages/airflow/example_dags/example_trigger_controller_dag.py took 0.074 seconds
[2022-08-08 06:12:12,778] {processor.py:163} INFO - Started process (PID=697) to work on /home/airflow/.local/lib/python3.7/site-packages/airflow/example_dags/example_trigger_controller_dag.py
[2022-08-08 06:12:12,781] {processor.py:642} INFO - Processing file /home/airflow/.local/lib/python3.7/site-packages/airflow/example_dags/example_trigger_controller_dag.py for tasks to queue
[2022-08-08 06:12:12,782] {logging_mixin.py:109} INFO - [2022-08-08 06:12:12,782] {dagbag.py:500} INFO - Filling up the DagBag from /home/airflow/.local/lib/python3.7/site-packages/airflow/example_dags/example_trigger_controller_dag.py
[2022-08-08 06:12:12,812] {processor.py:654} INFO - DAG(s) dict_keys(['example_trigger_controller_dag']) retrieved from /home/airflow/.local/lib/python3.7/site-packages/airflow/example_dags/example_trigger_controller_dag.py
[2022-08-08 06:12:12,825] {logging_mixin.py:109} INFO - [2022-08-08 06:12:12,825] {dag.py:2396} INFO - Sync 1 DAGs
[2022-08-08 06:12:12,846] {logging_mixin.py:109} INFO - [2022-08-08 06:12:12,846] {dag.py:2935} INFO - Setting next_dagrun for example_trigger_controller_dag to 2021-01-01T00:00:00+00:00
[2022-08-08 06:12:12,861] {processor.py:171} INFO - Processing /home/airflow/.local/lib/python3.7/site-packages/airflow/example_dags/example_trigger_controller_dag.py took 0.088 seconds
[2022-08-08 06:12:43,571] {processor.py:163} INFO - Started process (PID=766) to work on /home/airflow/.local/lib/python3.7/site-packages/airflow/example_dags/example_trigger_controller_dag.py
[2022-08-08 06:12:43,576] {processor.py:642} INFO - Processing file /home/airflow/.local/lib/python3.7/site-packages/airflow/example_dags/example_trigger_controller_dag.py for tasks to queue
[2022-08-08 06:12:43,580] {logging_mixin.py:109} INFO - [2022-08-08 06:12:43,580] {dagbag.py:500} INFO - Filling up the DagBag from /home/airflow/.local/lib/python3.7/site-packages/airflow/example_dags/example_trigger_controller_dag.py
[2022-08-08 06:12:43,628] {processor.py:654} INFO - DAG(s) dict_keys(['example_trigger_controller_dag']) retrieved from /home/airflow/.local/lib/python3.7/site-packages/airflow/example_dags/example_trigger_controller_dag.py
[2022-08-08 06:12:43,666] {logging_mixin.py:109} INFO - [2022-08-08 06:12:43,665] {dag.py:2396} INFO - Sync 1 DAGs
[2022-08-08 06:12:43,699] {logging_mixin.py:109} INFO - [2022-08-08 06:12:43,699] {dag.py:2935} INFO - Setting next_dagrun for example_trigger_controller_dag to 2021-01-01T00:00:00+00:00
[2022-08-08 06:12:43,717] {processor.py:171} INFO - Processing /home/airflow/.local/lib/python3.7/site-packages/airflow/example_dags/example_trigger_controller_dag.py took 0.151 seconds
[2022-08-08 06:13:13,803] {processor.py:163} INFO - Started process (PID=827) to work on /home/airflow/.local/lib/python3.7/site-packages/airflow/example_dags/example_trigger_controller_dag.py
[2022-08-08 06:13:13,805] {processor.py:642} INFO - Processing file /home/airflow/.local/lib/python3.7/site-packages/airflow/example_dags/example_trigger_controller_dag.py for tasks to queue
[2022-08-08 06:13:13,807] {logging_mixin.py:109} INFO - [2022-08-08 06:13:13,806] {dagbag.py:500} INFO - Filling up the DagBag from /home/airflow/.local/lib/python3.7/site-packages/airflow/example_dags/example_trigger_controller_dag.py
[2022-08-08 06:13:13,841] {processor.py:654} INFO - DAG(s) dict_keys(['example_trigger_controller_dag']) retrieved from /home/airflow/.local/lib/python3.7/site-packages/airflow/example_dags/example_trigger_controller_dag.py
[2022-08-08 06:13:13,857] {logging_mixin.py:109} INFO - [2022-08-08 06:13:13,857] {dag.py:2396} INFO - Sync 1 DAGs
[2022-08-08 06:13:13,887] {logging_mixin.py:109} INFO - [2022-08-08 06:13:13,886] {dag.py:2935} INFO - Setting next_dagrun for example_trigger_controller_dag to 2021-01-01T00:00:00+00:00
[2022-08-08 06:13:13,902] {processor.py:171} INFO - Processing /home/airflow/.local/lib/python3.7/site-packages/airflow/example_dags/example_trigger_controller_dag.py took 0.105 seconds
[2022-08-08 06:13:44,483] {processor.py:163} INFO - Started process (PID=887) to work on /home/airflow/.local/lib/python3.7/site-packages/airflow/example_dags/example_trigger_controller_dag.py
[2022-08-08 06:13:44,485] {processor.py:642} INFO - Processing file /home/airflow/.local/lib/python3.7/site-packages/airflow/example_dags/example_trigger_controller_dag.py for tasks to queue
[2022-08-08 06:13:44,486] {logging_mixin.py:109} INFO - [2022-08-08 06:13:44,486] {dagbag.py:500} INFO - Filling up the DagBag from /home/airflow/.local/lib/python3.7/site-packages/airflow/example_dags/example_trigger_controller_dag.py
[2022-08-08 06:13:44,519] {processor.py:654} INFO - DAG(s) dict_keys(['example_trigger_controller_dag']) retrieved from /home/airflow/.local/lib/python3.7/site-packages/airflow/example_dags/example_trigger_controller_dag.py
[2022-08-08 06:13:44,531] {logging_mixin.py:109} INFO - [2022-08-08 06:13:44,530] {dag.py:2396} INFO - Sync 1 DAGs
[2022-08-08 06:13:44,548] {logging_mixin.py:109} INFO - [2022-08-08 06:13:44,547] {dag.py:2935} INFO - Setting next_dagrun for example_trigger_controller_dag to 2021-01-01T00:00:00+00:00
[2022-08-08 06:13:44,558] {processor.py:171} INFO - Processing /home/airflow/.local/lib/python3.7/site-packages/airflow/example_dags/example_trigger_controller_dag.py took 0.080 seconds
[2022-08-08 06:14:15,189] {processor.py:163} INFO - Started process (PID=956) to work on /home/airflow/.local/lib/python3.7/site-packages/airflow/example_dags/example_trigger_controller_dag.py
[2022-08-08 06:14:15,191] {processor.py:642} INFO - Processing file /home/airflow/.local/lib/python3.7/site-packages/airflow/example_dags/example_trigger_controller_dag.py for tasks to queue
[2022-08-08 06:14:15,193] {logging_mixin.py:109} INFO - [2022-08-08 06:14:15,193] {dagbag.py:500} INFO - Filling up the DagBag from /home/airflow/.local/lib/python3.7/site-packages/airflow/example_dags/example_trigger_controller_dag.py
[2022-08-08 06:14:15,223] {processor.py:654} INFO - DAG(s) dict_keys(['example_trigger_controller_dag']) retrieved from /home/airflow/.local/lib/python3.7/site-packages/airflow/example_dags/example_trigger_controller_dag.py
[2022-08-08 06:14:15,236] {logging_mixin.py:109} INFO - [2022-08-08 06:14:15,236] {dag.py:2396} INFO - Sync 1 DAGs
[2022-08-08 06:14:15,251] {logging_mixin.py:109} INFO - [2022-08-08 06:14:15,251] {dag.py:2935} INFO - Setting next_dagrun for example_trigger_controller_dag to 2021-01-01T00:00:00+00:00
[2022-08-08 06:14:15,262] {processor.py:171} INFO - Processing /home/airflow/.local/lib/python3.7/site-packages/airflow/example_dags/example_trigger_controller_dag.py took 0.077 seconds
[2022-08-08 06:14:45,927] {processor.py:163} INFO - Started process (PID=1017) to work on /home/airflow/.local/lib/python3.7/site-packages/airflow/example_dags/example_trigger_controller_dag.py
[2022-08-08 06:14:45,929] {processor.py:642} INFO - Processing file /home/airflow/.local/lib/python3.7/site-packages/airflow/example_dags/example_trigger_controller_dag.py for tasks to queue
[2022-08-08 06:14:45,931] {logging_mixin.py:109} INFO - [2022-08-08 06:14:45,930] {dagbag.py:500} INFO - Filling up the DagBag from /home/airflow/.local/lib/python3.7/site-packages/airflow/example_dags/example_trigger_controller_dag.py
[2022-08-08 06:14:45,962] {processor.py:654} INFO - DAG(s) dict_keys(['example_trigger_controller_dag']) retrieved from /home/airflow/.local/lib/python3.7/site-packages/airflow/example_dags/example_trigger_controller_dag.py
[2022-08-08 06:14:45,976] {logging_mixin.py:109} INFO - [2022-08-08 06:14:45,975] {dag.py:2396} INFO - Sync 1 DAGs
[2022-08-08 06:14:45,993] {logging_mixin.py:109} INFO - [2022-08-08 06:14:45,993] {dag.py:2935} INFO - Setting next_dagrun for example_trigger_controller_dag to 2021-01-01T00:00:00+00:00
[2022-08-08 06:14:46,008] {processor.py:171} INFO - Processing /home/airflow/.local/lib/python3.7/site-packages/airflow/example_dags/example_trigger_controller_dag.py took 0.086 seconds
[2022-08-08 06:15:16,151] {processor.py:163} INFO - Started process (PID=1088) to work on /home/airflow/.local/lib/python3.7/site-packages/airflow/example_dags/example_trigger_controller_dag.py
[2022-08-08 06:15:16,153] {processor.py:642} INFO - Processing file /home/airflow/.local/lib/python3.7/site-packages/airflow/example_dags/example_trigger_controller_dag.py for tasks to queue
[2022-08-08 06:15:16,154] {logging_mixin.py:109} INFO - [2022-08-08 06:15:16,154] {dagbag.py:500} INFO - Filling up the DagBag from /home/airflow/.local/lib/python3.7/site-packages/airflow/example_dags/example_trigger_controller_dag.py
[2022-08-08 06:15:16,190] {processor.py:654} INFO - DAG(s) dict_keys(['example_trigger_controller_dag']) retrieved from /home/airflow/.local/lib/python3.7/site-packages/airflow/example_dags/example_trigger_controller_dag.py
[2022-08-08 06:15:16,203] {logging_mixin.py:109} INFO - [2022-08-08 06:15:16,203] {dag.py:2396} INFO - Sync 1 DAGs
[2022-08-08 06:15:16,224] {logging_mixin.py:109} INFO - [2022-08-08 06:15:16,224] {dag.py:2935} INFO - Setting next_dagrun for example_trigger_controller_dag to 2021-01-01T00:00:00+00:00
[2022-08-08 06:15:16,234] {processor.py:171} INFO - Processing /home/airflow/.local/lib/python3.7/site-packages/airflow/example_dags/example_trigger_controller_dag.py took 0.088 seconds
[2022-08-08 06:15:46,540] {processor.py:163} INFO - Started process (PID=1148) to work on /home/airflow/.local/lib/python3.7/site-packages/airflow/example_dags/example_trigger_controller_dag.py
[2022-08-08 06:15:46,542] {processor.py:642} INFO - Processing file /home/airflow/.local/lib/python3.7/site-packages/airflow/example_dags/example_trigger_controller_dag.py for tasks to queue
[2022-08-08 06:15:46,544] {logging_mixin.py:109} INFO - [2022-08-08 06:15:46,544] {dagbag.py:500} INFO - Filling up the DagBag from /home/airflow/.local/lib/python3.7/site-packages/airflow/example_dags/example_trigger_controller_dag.py
[2022-08-08 06:15:46,573] {processor.py:654} INFO - DAG(s) dict_keys(['example_trigger_controller_dag']) retrieved from /home/airflow/.local/lib/python3.7/site-packages/airflow/example_dags/example_trigger_controller_dag.py
[2022-08-08 06:15:46,583] {logging_mixin.py:109} INFO - [2022-08-08 06:15:46,583] {dag.py:2396} INFO - Sync 1 DAGs
[2022-08-08 06:15:46,600] {logging_mixin.py:109} INFO - [2022-08-08 06:15:46,600] {dag.py:2935} INFO - Setting next_dagrun for example_trigger_controller_dag to 2021-01-01T00:00:00+00:00
[2022-08-08 06:15:46,616] {processor.py:171} INFO - Processing /home/airflow/.local/lib/python3.7/site-packages/airflow/example_dags/example_trigger_controller_dag.py took 0.080 seconds
[2022-08-08 06:16:16,976] {processor.py:163} INFO - Started process (PID=1217) to work on /home/airflow/.local/lib/python3.7/site-packages/airflow/example_dags/example_trigger_controller_dag.py
[2022-08-08 06:16:16,979] {processor.py:642} INFO - Processing file /home/airflow/.local/lib/python3.7/site-packages/airflow/example_dags/example_trigger_controller_dag.py for tasks to queue
[2022-08-08 06:16:16,983] {logging_mixin.py:109} INFO - [2022-08-08 06:16:16,982] {dagbag.py:500} INFO - Filling up the DagBag from /home/airflow/.local/lib/python3.7/site-packages/airflow/example_dags/example_trigger_controller_dag.py
[2022-08-08 06:16:17,026] {processor.py:654} INFO - DAG(s) dict_keys(['example_trigger_controller_dag']) retrieved from /home/airflow/.local/lib/python3.7/site-packages/airflow/example_dags/example_trigger_controller_dag.py
[2022-08-08 06:16:17,040] {logging_mixin.py:109} INFO - [2022-08-08 06:16:17,040] {dag.py:2396} INFO - Sync 1 DAGs
[2022-08-08 06:16:17,061] {logging_mixin.py:109} INFO - [2022-08-08 06:16:17,061] {dag.py:2935} INFO - Setting next_dagrun for example_trigger_controller_dag to 2021-01-01T00:00:00+00:00
[2022-08-08 06:16:17,076] {processor.py:171} INFO - Processing /home/airflow/.local/lib/python3.7/site-packages/airflow/example_dags/example_trigger_controller_dag.py took 0.104 seconds
[2022-08-08 06:16:47,150] {processor.py:163} INFO - Started process (PID=1279) to work on /home/airflow/.local/lib/python3.7/site-packages/airflow/example_dags/example_trigger_controller_dag.py
[2022-08-08 06:16:47,152] {processor.py:642} INFO - Processing file /home/airflow/.local/lib/python3.7/site-packages/airflow/example_dags/example_trigger_controller_dag.py for tasks to queue
[2022-08-08 06:16:47,153] {logging_mixin.py:109} INFO - [2022-08-08 06:16:47,153] {dagbag.py:500} INFO - Filling up the DagBag from /home/airflow/.local/lib/python3.7/site-packages/airflow/example_dags/example_trigger_controller_dag.py
[2022-08-08 06:16:47,189] {processor.py:654} INFO - DAG(s) dict_keys(['example_trigger_controller_dag']) retrieved from /home/airflow/.local/lib/python3.7/site-packages/airflow/example_dags/example_trigger_controller_dag.py
[2022-08-08 06:16:47,225] {logging_mixin.py:109} INFO - [2022-08-08 06:16:47,225] {dag.py:2396} INFO - Sync 1 DAGs
[2022-08-08 06:16:47,252] {logging_mixin.py:109} INFO - [2022-08-08 06:16:47,251] {dag.py:2935} INFO - Setting next_dagrun for example_trigger_controller_dag to 2021-01-01T00:00:00+00:00
[2022-08-08 06:16:47,269] {processor.py:171} INFO - Processing /home/airflow/.local/lib/python3.7/site-packages/airflow/example_dags/example_trigger_controller_dag.py took 0.124 seconds
[2022-08-08 06:17:17,533] {processor.py:163} INFO - Started process (PID=1348) to work on /home/airflow/.local/lib/python3.7/site-packages/airflow/example_dags/example_trigger_controller_dag.py
[2022-08-08 06:17:17,536] {processor.py:642} INFO - Processing file /home/airflow/.local/lib/python3.7/site-packages/airflow/example_dags/example_trigger_controller_dag.py for tasks to queue
[2022-08-08 06:17:17,538] {logging_mixin.py:109} INFO - [2022-08-08 06:17:17,538] {dagbag.py:500} INFO - Filling up the DagBag from /home/airflow/.local/lib/python3.7/site-packages/airflow/example_dags/example_trigger_controller_dag.py
[2022-08-08 06:17:17,571] {processor.py:654} INFO - DAG(s) dict_keys(['example_trigger_controller_dag']) retrieved from /home/airflow/.local/lib/python3.7/site-packages/airflow/example_dags/example_trigger_controller_dag.py
[2022-08-08 06:17:17,582] {logging_mixin.py:109} INFO - [2022-08-08 06:17:17,582] {dag.py:2396} INFO - Sync 1 DAGs
[2022-08-08 06:17:17,599] {logging_mixin.py:109} INFO - [2022-08-08 06:17:17,599] {dag.py:2935} INFO - Setting next_dagrun for example_trigger_controller_dag to 2021-01-01T00:00:00+00:00
[2022-08-08 06:17:17,624] {processor.py:171} INFO - Processing /home/airflow/.local/lib/python3.7/site-packages/airflow/example_dags/example_trigger_controller_dag.py took 0.095 seconds
[2022-08-08 06:17:47,855] {processor.py:163} INFO - Started process (PID=1412) to work on /home/airflow/.local/lib/python3.7/site-packages/airflow/example_dags/example_trigger_controller_dag.py
[2022-08-08 06:17:47,858] {processor.py:642} INFO - Processing file /home/airflow/.local/lib/python3.7/site-packages/airflow/example_dags/example_trigger_controller_dag.py for tasks to queue
[2022-08-08 06:17:47,859] {logging_mixin.py:109} INFO - [2022-08-08 06:17:47,859] {dagbag.py:500} INFO - Filling up the DagBag from /home/airflow/.local/lib/python3.7/site-packages/airflow/example_dags/example_trigger_controller_dag.py
[2022-08-08 06:17:47,891] {processor.py:654} INFO - DAG(s) dict_keys(['example_trigger_controller_dag']) retrieved from /home/airflow/.local/lib/python3.7/site-packages/airflow/example_dags/example_trigger_controller_dag.py
[2022-08-08 06:17:47,902] {logging_mixin.py:109} INFO - [2022-08-08 06:17:47,902] {dag.py:2396} INFO - Sync 1 DAGs
[2022-08-08 06:17:47,918] {logging_mixin.py:109} INFO - [2022-08-08 06:17:47,918] {dag.py:2935} INFO - Setting next_dagrun for example_trigger_controller_dag to 2021-01-01T00:00:00+00:00
[2022-08-08 06:17:47,929] {processor.py:171} INFO - Processing /home/airflow/.local/lib/python3.7/site-packages/airflow/example_dags/example_trigger_controller_dag.py took 0.081 seconds
[2022-08-08 06:18:18,298] {processor.py:163} INFO - Started process (PID=1473) to work on /home/airflow/.local/lib/python3.7/site-packages/airflow/example_dags/example_trigger_controller_dag.py
[2022-08-08 06:18:18,300] {processor.py:642} INFO - Processing file /home/airflow/.local/lib/python3.7/site-packages/airflow/example_dags/example_trigger_controller_dag.py for tasks to queue
[2022-08-08 06:18:18,301] {logging_mixin.py:109} INFO - [2022-08-08 06:18:18,301] {dagbag.py:500} INFO - Filling up the DagBag from /home/airflow/.local/lib/python3.7/site-packages/airflow/example_dags/example_trigger_controller_dag.py
[2022-08-08 06:18:18,334] {processor.py:654} INFO - DAG(s) dict_keys(['example_trigger_controller_dag']) retrieved from /home/airflow/.local/lib/python3.7/site-packages/airflow/example_dags/example_trigger_controller_dag.py
[2022-08-08 06:18:18,346] {logging_mixin.py:109} INFO - [2022-08-08 06:18:18,346] {dag.py:2396} INFO - Sync 1 DAGs
[2022-08-08 06:18:18,363] {logging_mixin.py:109} INFO - [2022-08-08 06:18:18,363] {dag.py:2935} INFO - Setting next_dagrun for example_trigger_controller_dag to 2021-01-01T00:00:00+00:00
[2022-08-08 06:18:18,374] {processor.py:171} INFO - Processing /home/airflow/.local/lib/python3.7/site-packages/airflow/example_dags/example_trigger_controller_dag.py took 0.080 seconds
[2022-08-08 06:18:48,461] {processor.py:163} INFO - Started process (PID=1543) to work on /home/airflow/.local/lib/python3.7/site-packages/airflow/example_dags/example_trigger_controller_dag.py
[2022-08-08 06:18:48,464] {processor.py:642} INFO - Processing file /home/airflow/.local/lib/python3.7/site-packages/airflow/example_dags/example_trigger_controller_dag.py for tasks to queue
[2022-08-08 06:18:48,467] {logging_mixin.py:109} INFO - [2022-08-08 06:18:48,467] {dagbag.py:500} INFO - Filling up the DagBag from /home/airflow/.local/lib/python3.7/site-packages/airflow/example_dags/example_trigger_controller_dag.py
[2022-08-08 06:18:48,513] {processor.py:654} INFO - DAG(s) dict_keys(['example_trigger_controller_dag']) retrieved from /home/airflow/.local/lib/python3.7/site-packages/airflow/example_dags/example_trigger_controller_dag.py
[2022-08-08 06:18:48,529] {logging_mixin.py:109} INFO - [2022-08-08 06:18:48,529] {dag.py:2396} INFO - Sync 1 DAGs
[2022-08-08 06:18:48,561] {logging_mixin.py:109} INFO - [2022-08-08 06:18:48,561] {dag.py:2935} INFO - Setting next_dagrun for example_trigger_controller_dag to 2021-01-01T00:00:00+00:00
[2022-08-08 06:18:48,575] {processor.py:171} INFO - Processing /home/airflow/.local/lib/python3.7/site-packages/airflow/example_dags/example_trigger_controller_dag.py took 0.121 seconds
[2022-08-08 06:19:18,767] {processor.py:163} INFO - Started process (PID=1604) to work on /home/airflow/.local/lib/python3.7/site-packages/airflow/example_dags/example_trigger_controller_dag.py
[2022-08-08 06:19:18,770] {processor.py:642} INFO - Processing file /home/airflow/.local/lib/python3.7/site-packages/airflow/example_dags/example_trigger_controller_dag.py for tasks to queue
[2022-08-08 06:19:18,772] {logging_mixin.py:109} INFO - [2022-08-08 06:19:18,772] {dagbag.py:500} INFO - Filling up the DagBag from /home/airflow/.local/lib/python3.7/site-packages/airflow/example_dags/example_trigger_controller_dag.py
[2022-08-08 06:19:18,805] {processor.py:654} INFO - DAG(s) dict_keys(['example_trigger_controller_dag']) retrieved from /home/airflow/.local/lib/python3.7/site-packages/airflow/example_dags/example_trigger_controller_dag.py
[2022-08-08 06:19:18,817] {logging_mixin.py:109} INFO - [2022-08-08 06:19:18,817] {dag.py:2396} INFO - Sync 1 DAGs
[2022-08-08 06:19:18,839] {logging_mixin.py:109} INFO - [2022-08-08 06:19:18,838] {dag.py:2935} INFO - Setting next_dagrun for example_trigger_controller_dag to 2021-01-01T00:00:00+00:00
[2022-08-08 06:19:18,854] {processor.py:171} INFO - Processing /home/airflow/.local/lib/python3.7/site-packages/airflow/example_dags/example_trigger_controller_dag.py took 0.090 seconds
[2022-08-08 06:19:49,360] {processor.py:163} INFO - Started process (PID=1674) to work on /home/airflow/.local/lib/python3.7/site-packages/airflow/example_dags/example_trigger_controller_dag.py
[2022-08-08 06:19:49,365] {processor.py:642} INFO - Processing file /home/airflow/.local/lib/python3.7/site-packages/airflow/example_dags/example_trigger_controller_dag.py for tasks to queue
[2022-08-08 06:19:49,368] {logging_mixin.py:109} INFO - [2022-08-08 06:19:49,367] {dagbag.py:500} INFO - Filling up the DagBag from /home/airflow/.local/lib/python3.7/site-packages/airflow/example_dags/example_trigger_controller_dag.py
[2022-08-08 06:19:49,431] {processor.py:654} INFO - DAG(s) dict_keys(['example_trigger_controller_dag']) retrieved from /home/airflow/.local/lib/python3.7/site-packages/airflow/example_dags/example_trigger_controller_dag.py
[2022-08-08 06:19:49,444] {logging_mixin.py:109} INFO - [2022-08-08 06:19:49,444] {dag.py:2396} INFO - Sync 1 DAGs
[2022-08-08 06:19:49,462] {logging_mixin.py:109} INFO - [2022-08-08 06:19:49,462] {dag.py:2935} INFO - Setting next_dagrun for example_trigger_controller_dag to 2021-01-01T00:00:00+00:00
[2022-08-08 06:19:49,476] {processor.py:171} INFO - Processing /home/airflow/.local/lib/python3.7/site-packages/airflow/example_dags/example_trigger_controller_dag.py took 0.121 seconds
[2022-08-08 06:20:19,522] {processor.py:163} INFO - Started process (PID=1730) to work on /home/airflow/.local/lib/python3.7/site-packages/airflow/example_dags/example_trigger_controller_dag.py
[2022-08-08 06:20:19,524] {processor.py:642} INFO - Processing file /home/airflow/.local/lib/python3.7/site-packages/airflow/example_dags/example_trigger_controller_dag.py for tasks to queue
[2022-08-08 06:20:19,525] {logging_mixin.py:109} INFO - [2022-08-08 06:20:19,525] {dagbag.py:500} INFO - Filling up the DagBag from /home/airflow/.local/lib/python3.7/site-packages/airflow/example_dags/example_trigger_controller_dag.py
[2022-08-08 06:20:19,557] {processor.py:654} INFO - DAG(s) dict_keys(['example_trigger_controller_dag']) retrieved from /home/airflow/.local/lib/python3.7/site-packages/airflow/example_dags/example_trigger_controller_dag.py
[2022-08-08 06:20:19,569] {logging_mixin.py:109} INFO - [2022-08-08 06:20:19,569] {dag.py:2396} INFO - Sync 1 DAGs
[2022-08-08 06:20:19,589] {logging_mixin.py:109} INFO - [2022-08-08 06:20:19,589] {dag.py:2935} INFO - Setting next_dagrun for example_trigger_controller_dag to 2021-01-01T00:00:00+00:00
[2022-08-08 06:20:19,606] {processor.py:171} INFO - Processing /home/airflow/.local/lib/python3.7/site-packages/airflow/example_dags/example_trigger_controller_dag.py took 0.088 seconds
[2022-08-08 06:20:50,369] {processor.py:163} INFO - Started process (PID=1804) to work on /home/airflow/.local/lib/python3.7/site-packages/airflow/example_dags/example_trigger_controller_dag.py
[2022-08-08 06:20:50,371] {processor.py:642} INFO - Processing file /home/airflow/.local/lib/python3.7/site-packages/airflow/example_dags/example_trigger_controller_dag.py for tasks to queue
[2022-08-08 06:20:50,374] {logging_mixin.py:109} INFO - [2022-08-08 06:20:50,374] {dagbag.py:500} INFO - Filling up the DagBag from /home/airflow/.local/lib/python3.7/site-packages/airflow/example_dags/example_trigger_controller_dag.py
[2022-08-08 06:20:50,409] {processor.py:654} INFO - DAG(s) dict_keys(['example_trigger_controller_dag']) retrieved from /home/airflow/.local/lib/python3.7/site-packages/airflow/example_dags/example_trigger_controller_dag.py
[2022-08-08 06:20:50,422] {logging_mixin.py:109} INFO - [2022-08-08 06:20:50,421] {dag.py:2396} INFO - Sync 1 DAGs
[2022-08-08 06:20:50,443] {logging_mixin.py:109} INFO - [2022-08-08 06:20:50,442] {dag.py:2935} INFO - Setting next_dagrun for example_trigger_controller_dag to 2021-01-01T00:00:00+00:00
[2022-08-08 06:20:50,454] {processor.py:171} INFO - Processing /home/airflow/.local/lib/python3.7/site-packages/airflow/example_dags/example_trigger_controller_dag.py took 0.089 seconds
[2022-08-08 06:21:20,864] {processor.py:163} INFO - Started process (PID=1864) to work on /home/airflow/.local/lib/python3.7/site-packages/airflow/example_dags/example_trigger_controller_dag.py
[2022-08-08 06:21:20,867] {processor.py:642} INFO - Processing file /home/airflow/.local/lib/python3.7/site-packages/airflow/example_dags/example_trigger_controller_dag.py for tasks to queue
[2022-08-08 06:21:20,869] {logging_mixin.py:109} INFO - [2022-08-08 06:21:20,868] {dagbag.py:500} INFO - Filling up the DagBag from /home/airflow/.local/lib/python3.7/site-packages/airflow/example_dags/example_trigger_controller_dag.py
[2022-08-08 06:21:20,911] {processor.py:654} INFO - DAG(s) dict_keys(['example_trigger_controller_dag']) retrieved from /home/airflow/.local/lib/python3.7/site-packages/airflow/example_dags/example_trigger_controller_dag.py
[2022-08-08 06:21:20,924] {logging_mixin.py:109} INFO - [2022-08-08 06:21:20,924] {dag.py:2396} INFO - Sync 1 DAGs
[2022-08-08 06:21:20,957] {logging_mixin.py:109} INFO - [2022-08-08 06:21:20,956] {dag.py:2935} INFO - Setting next_dagrun for example_trigger_controller_dag to 2021-01-01T00:00:00+00:00
[2022-08-08 06:21:20,971] {processor.py:171} INFO - Processing /home/airflow/.local/lib/python3.7/site-packages/airflow/example_dags/example_trigger_controller_dag.py took 0.112 seconds
[2022-08-08 06:21:51,102] {processor.py:163} INFO - Started process (PID=1928) to work on /home/airflow/.local/lib/python3.7/site-packages/airflow/example_dags/example_trigger_controller_dag.py
[2022-08-08 06:21:51,106] {processor.py:642} INFO - Processing file /home/airflow/.local/lib/python3.7/site-packages/airflow/example_dags/example_trigger_controller_dag.py for tasks to queue
[2022-08-08 06:21:51,108] {logging_mixin.py:109} INFO - [2022-08-08 06:21:51,108] {dagbag.py:500} INFO - Filling up the DagBag from /home/airflow/.local/lib/python3.7/site-packages/airflow/example_dags/example_trigger_controller_dag.py
[2022-08-08 06:21:51,167] {processor.py:654} INFO - DAG(s) dict_keys(['example_trigger_controller_dag']) retrieved from /home/airflow/.local/lib/python3.7/site-packages/airflow/example_dags/example_trigger_controller_dag.py
[2022-08-08 06:21:51,186] {logging_mixin.py:109} INFO - [2022-08-08 06:21:51,185] {dag.py:2396} INFO - Sync 1 DAGs
[2022-08-08 06:21:51,214] {logging_mixin.py:109} INFO - [2022-08-08 06:21:51,214] {dag.py:2935} INFO - Setting next_dagrun for example_trigger_controller_dag to 2021-01-01T00:00:00+00:00
[2022-08-08 06:21:51,233] {processor.py:171} INFO - Processing /home/airflow/.local/lib/python3.7/site-packages/airflow/example_dags/example_trigger_controller_dag.py took 0.137 seconds
[2022-08-08 06:22:21,393] {processor.py:163} INFO - Started process (PID=1988) to work on /home/airflow/.local/lib/python3.7/site-packages/airflow/example_dags/example_trigger_controller_dag.py
[2022-08-08 06:22:21,396] {processor.py:642} INFO - Processing file /home/airflow/.local/lib/python3.7/site-packages/airflow/example_dags/example_trigger_controller_dag.py for tasks to queue
[2022-08-08 06:22:21,398] {logging_mixin.py:109} INFO - [2022-08-08 06:22:21,397] {dagbag.py:500} INFO - Filling up the DagBag from /home/airflow/.local/lib/python3.7/site-packages/airflow/example_dags/example_trigger_controller_dag.py
[2022-08-08 06:22:21,428] {processor.py:654} INFO - DAG(s) dict_keys(['example_trigger_controller_dag']) retrieved from /home/airflow/.local/lib/python3.7/site-packages/airflow/example_dags/example_trigger_controller_dag.py
[2022-08-08 06:22:21,444] {logging_mixin.py:109} INFO - [2022-08-08 06:22:21,443] {dag.py:2396} INFO - Sync 1 DAGs
[2022-08-08 06:22:21,560] {logging_mixin.py:109} INFO - [2022-08-08 06:22:21,560] {dag.py:2935} INFO - Setting next_dagrun for example_trigger_controller_dag to 2021-01-01T00:00:00+00:00
[2022-08-08 06:22:21,571] {processor.py:171} INFO - Processing /home/airflow/.local/lib/python3.7/site-packages/airflow/example_dags/example_trigger_controller_dag.py took 0.182 seconds
[2022-08-08 07:11:45,618] {processor.py:163} INFO - Started process (PID=2075) to work on /home/airflow/.local/lib/python3.7/site-packages/airflow/example_dags/example_trigger_controller_dag.py
[2022-08-08 07:11:45,622] {processor.py:642} INFO - Processing file /home/airflow/.local/lib/python3.7/site-packages/airflow/example_dags/example_trigger_controller_dag.py for tasks to queue
[2022-08-08 07:11:45,624] {logging_mixin.py:109} INFO - [2022-08-08 07:11:45,624] {dagbag.py:500} INFO - Filling up the DagBag from /home/airflow/.local/lib/python3.7/site-packages/airflow/example_dags/example_trigger_controller_dag.py
[2022-08-08 07:11:45,654] {processor.py:654} INFO - DAG(s) dict_keys(['example_trigger_controller_dag']) retrieved from /home/airflow/.local/lib/python3.7/site-packages/airflow/example_dags/example_trigger_controller_dag.py
[2022-08-08 07:11:45,752] {logging_mixin.py:109} INFO - [2022-08-08 07:11:45,752] {dag.py:2396} INFO - Sync 1 DAGs
[2022-08-08 07:11:45,768] {logging_mixin.py:109} INFO - [2022-08-08 07:11:45,768] {dag.py:2935} INFO - Setting next_dagrun for example_trigger_controller_dag to 2021-01-01T00:00:00+00:00
[2022-08-08 07:11:45,779] {processor.py:171} INFO - Processing /home/airflow/.local/lib/python3.7/site-packages/airflow/example_dags/example_trigger_controller_dag.py took 0.164 seconds
[2022-08-08 09:12:27,456] {processor.py:163} INFO - Started process (PID=2138) to work on /home/airflow/.local/lib/python3.7/site-packages/airflow/example_dags/example_trigger_controller_dag.py
[2022-08-08 09:12:27,463] {processor.py:642} INFO - Processing file /home/airflow/.local/lib/python3.7/site-packages/airflow/example_dags/example_trigger_controller_dag.py for tasks to queue
[2022-08-08 09:12:27,465] {logging_mixin.py:109} INFO - [2022-08-08 09:12:27,465] {dagbag.py:500} INFO - Filling up the DagBag from /home/airflow/.local/lib/python3.7/site-packages/airflow/example_dags/example_trigger_controller_dag.py
[2022-08-08 09:12:27,516] {processor.py:654} INFO - DAG(s) dict_keys(['example_trigger_controller_dag']) retrieved from /home/airflow/.local/lib/python3.7/site-packages/airflow/example_dags/example_trigger_controller_dag.py
[2022-08-08 09:12:27,538] {logging_mixin.py:109} INFO - [2022-08-08 09:12:27,537] {dag.py:2396} INFO - Sync 1 DAGs
[2022-08-08 09:12:27,570] {logging_mixin.py:109} INFO - [2022-08-08 09:12:27,570] {dag.py:2935} INFO - Setting next_dagrun for example_trigger_controller_dag to 2021-01-01T00:00:00+00:00
[2022-08-08 09:12:27,590] {processor.py:171} INFO - Processing /home/airflow/.local/lib/python3.7/site-packages/airflow/example_dags/example_trigger_controller_dag.py took 0.138 seconds
[2022-08-08 09:16:12,879] {processor.py:163} INFO - Started process (PID=2169) to work on /home/airflow/.local/lib/python3.7/site-packages/airflow/example_dags/example_trigger_controller_dag.py
[2022-08-08 09:16:12,882] {processor.py:642} INFO - Processing file /home/airflow/.local/lib/python3.7/site-packages/airflow/example_dags/example_trigger_controller_dag.py for tasks to queue
[2022-08-08 09:16:12,883] {logging_mixin.py:109} INFO - [2022-08-08 09:16:12,883] {dagbag.py:500} INFO - Filling up the DagBag from /home/airflow/.local/lib/python3.7/site-packages/airflow/example_dags/example_trigger_controller_dag.py
[2022-08-08 09:16:13,077] {processor.py:654} INFO - DAG(s) dict_keys(['example_trigger_controller_dag']) retrieved from /home/airflow/.local/lib/python3.7/site-packages/airflow/example_dags/example_trigger_controller_dag.py
[2022-08-08 09:16:13,140] {logging_mixin.py:109} INFO - [2022-08-08 09:16:13,140] {dag.py:2396} INFO - Sync 1 DAGs
[2022-08-08 09:16:13,196] {logging_mixin.py:109} INFO - [2022-08-08 09:16:13,195] {dag.py:2935} INFO - Setting next_dagrun for example_trigger_controller_dag to 2021-01-01T00:00:00+00:00
[2022-08-08 09:16:13,238] {processor.py:171} INFO - Processing /home/airflow/.local/lib/python3.7/site-packages/airflow/example_dags/example_trigger_controller_dag.py took 0.371 seconds
