[2022-08-08 06:07:14,850] {processor.py:163} INFO - Started process (PID=91) to work on /home/airflow/.local/lib/python3.7/site-packages/airflow/example_dags/example_xcom.py
[2022-08-08 06:07:14,853] {processor.py:642} INFO - Processing file /home/airflow/.local/lib/python3.7/site-packages/airflow/example_dags/example_xcom.py for tasks to queue
[2022-08-08 06:07:14,876] {logging_mixin.py:109} INFO - [2022-08-08 06:07:14,874] {dagbag.py:500} INFO - Filling up the DagBag from /home/airflow/.local/lib/python3.7/site-packages/airflow/example_dags/example_xcom.py
[2022-08-08 06:07:15,114] {processor.py:654} INFO - DAG(s) dict_keys(['example_xcom']) retrieved from /home/airflow/.local/lib/python3.7/site-packages/airflow/example_dags/example_xcom.py
[2022-08-08 06:07:17,892] {logging_mixin.py:109} INFO - [2022-08-08 06:07:17,892] {dag.py:2396} INFO - Sync 1 DAGs
[2022-08-08 06:07:18,007] {logging_mixin.py:109} INFO - [2022-08-08 06:07:18,006] {dag.py:2935} INFO - Setting next_dagrun for example_xcom to 2021-01-01T00:00:00+00:00
[2022-08-08 06:07:18,063] {processor.py:171} INFO - Processing /home/airflow/.local/lib/python3.7/site-packages/airflow/example_dags/example_xcom.py took 3.250 seconds
[2022-08-08 06:07:48,183] {processor.py:163} INFO - Started process (PID=145) to work on /home/airflow/.local/lib/python3.7/site-packages/airflow/example_dags/example_xcom.py
[2022-08-08 06:07:48,186] {processor.py:642} INFO - Processing file /home/airflow/.local/lib/python3.7/site-packages/airflow/example_dags/example_xcom.py for tasks to queue
[2022-08-08 06:07:48,191] {logging_mixin.py:109} INFO - [2022-08-08 06:07:48,190] {dagbag.py:500} INFO - Filling up the DagBag from /home/airflow/.local/lib/python3.7/site-packages/airflow/example_dags/example_xcom.py
[2022-08-08 06:07:48,305] {processor.py:654} INFO - DAG(s) dict_keys(['example_xcom']) retrieved from /home/airflow/.local/lib/python3.7/site-packages/airflow/example_dags/example_xcom.py
[2022-08-08 06:07:48,976] {logging_mixin.py:109} INFO - [2022-08-08 06:07:48,976] {dag.py:2396} INFO - Sync 1 DAGs
[2022-08-08 06:07:49,007] {logging_mixin.py:109} INFO - [2022-08-08 06:07:49,006] {dag.py:2935} INFO - Setting next_dagrun for example_xcom to 2021-01-01T00:00:00+00:00
[2022-08-08 06:07:49,023] {processor.py:171} INFO - Processing /home/airflow/.local/lib/python3.7/site-packages/airflow/example_dags/example_xcom.py took 0.844 seconds
[2022-08-08 06:08:19,234] {processor.py:163} INFO - Started process (PID=214) to work on /home/airflow/.local/lib/python3.7/site-packages/airflow/example_dags/example_xcom.py
[2022-08-08 06:08:19,241] {processor.py:642} INFO - Processing file /home/airflow/.local/lib/python3.7/site-packages/airflow/example_dags/example_xcom.py for tasks to queue
[2022-08-08 06:08:19,246] {logging_mixin.py:109} INFO - [2022-08-08 06:08:19,245] {dagbag.py:500} INFO - Filling up the DagBag from /home/airflow/.local/lib/python3.7/site-packages/airflow/example_dags/example_xcom.py
[2022-08-08 06:08:19,466] {processor.py:654} INFO - DAG(s) dict_keys(['example_xcom']) retrieved from /home/airflow/.local/lib/python3.7/site-packages/airflow/example_dags/example_xcom.py
[2022-08-08 06:08:20,328] {logging_mixin.py:109} INFO - [2022-08-08 06:08:20,328] {dag.py:2396} INFO - Sync 1 DAGs
[2022-08-08 06:08:20,368] {logging_mixin.py:109} INFO - [2022-08-08 06:08:20,368] {dag.py:2935} INFO - Setting next_dagrun for example_xcom to 2021-01-01T00:00:00+00:00
[2022-08-08 06:08:20,394] {processor.py:171} INFO - Processing /home/airflow/.local/lib/python3.7/site-packages/airflow/example_dags/example_xcom.py took 1.167 seconds
[2022-08-08 06:08:51,373] {processor.py:163} INFO - Started process (PID=278) to work on /home/airflow/.local/lib/python3.7/site-packages/airflow/example_dags/example_xcom.py
[2022-08-08 06:08:51,375] {processor.py:642} INFO - Processing file /home/airflow/.local/lib/python3.7/site-packages/airflow/example_dags/example_xcom.py for tasks to queue
[2022-08-08 06:08:51,377] {logging_mixin.py:109} INFO - [2022-08-08 06:08:51,377] {dagbag.py:500} INFO - Filling up the DagBag from /home/airflow/.local/lib/python3.7/site-packages/airflow/example_dags/example_xcom.py
[2022-08-08 06:08:51,437] {processor.py:654} INFO - DAG(s) dict_keys(['example_xcom']) retrieved from /home/airflow/.local/lib/python3.7/site-packages/airflow/example_dags/example_xcom.py
[2022-08-08 06:08:51,698] {logging_mixin.py:109} INFO - [2022-08-08 06:08:51,698] {dag.py:2396} INFO - Sync 1 DAGs
[2022-08-08 06:08:51,713] {logging_mixin.py:109} INFO - [2022-08-08 06:08:51,713] {dag.py:2935} INFO - Setting next_dagrun for example_xcom to 2021-01-01T00:00:00+00:00
[2022-08-08 06:08:51,724] {processor.py:171} INFO - Processing /home/airflow/.local/lib/python3.7/site-packages/airflow/example_dags/example_xcom.py took 0.356 seconds
[2022-08-08 06:09:21,876] {processor.py:163} INFO - Started process (PID=348) to work on /home/airflow/.local/lib/python3.7/site-packages/airflow/example_dags/example_xcom.py
[2022-08-08 06:09:21,878] {processor.py:642} INFO - Processing file /home/airflow/.local/lib/python3.7/site-packages/airflow/example_dags/example_xcom.py for tasks to queue
[2022-08-08 06:09:21,879] {logging_mixin.py:109} INFO - [2022-08-08 06:09:21,879] {dagbag.py:500} INFO - Filling up the DagBag from /home/airflow/.local/lib/python3.7/site-packages/airflow/example_dags/example_xcom.py
[2022-08-08 06:09:21,917] {processor.py:654} INFO - DAG(s) dict_keys(['example_xcom']) retrieved from /home/airflow/.local/lib/python3.7/site-packages/airflow/example_dags/example_xcom.py
[2022-08-08 06:09:22,169] {logging_mixin.py:109} INFO - [2022-08-08 06:09:22,169] {dag.py:2396} INFO - Sync 1 DAGs
[2022-08-08 06:09:22,183] {logging_mixin.py:109} INFO - [2022-08-08 06:09:22,183] {dag.py:2935} INFO - Setting next_dagrun for example_xcom to 2021-01-01T00:00:00+00:00
[2022-08-08 06:09:22,209] {processor.py:171} INFO - Processing /home/airflow/.local/lib/python3.7/site-packages/airflow/example_dags/example_xcom.py took 0.336 seconds
[2022-08-08 06:09:53,169] {processor.py:163} INFO - Started process (PID=408) to work on /home/airflow/.local/lib/python3.7/site-packages/airflow/example_dags/example_xcom.py
[2022-08-08 06:09:53,171] {processor.py:642} INFO - Processing file /home/airflow/.local/lib/python3.7/site-packages/airflow/example_dags/example_xcom.py for tasks to queue
[2022-08-08 06:09:53,173] {logging_mixin.py:109} INFO - [2022-08-08 06:09:53,173] {dagbag.py:500} INFO - Filling up the DagBag from /home/airflow/.local/lib/python3.7/site-packages/airflow/example_dags/example_xcom.py
[2022-08-08 06:09:53,208] {processor.py:654} INFO - DAG(s) dict_keys(['example_xcom']) retrieved from /home/airflow/.local/lib/python3.7/site-packages/airflow/example_dags/example_xcom.py
[2022-08-08 06:09:53,460] {logging_mixin.py:109} INFO - [2022-08-08 06:09:53,460] {dag.py:2396} INFO - Sync 1 DAGs
[2022-08-08 06:09:53,477] {logging_mixin.py:109} INFO - [2022-08-08 06:09:53,477] {dag.py:2935} INFO - Setting next_dagrun for example_xcom to 2021-01-01T00:00:00+00:00
[2022-08-08 06:09:53,489] {processor.py:171} INFO - Processing /home/airflow/.local/lib/python3.7/site-packages/airflow/example_dags/example_xcom.py took 0.325 seconds
[2022-08-08 06:10:24,366] {processor.py:163} INFO - Started process (PID=477) to work on /home/airflow/.local/lib/python3.7/site-packages/airflow/example_dags/example_xcom.py
[2022-08-08 06:10:24,369] {processor.py:642} INFO - Processing file /home/airflow/.local/lib/python3.7/site-packages/airflow/example_dags/example_xcom.py for tasks to queue
[2022-08-08 06:10:24,371] {logging_mixin.py:109} INFO - [2022-08-08 06:10:24,371] {dagbag.py:500} INFO - Filling up the DagBag from /home/airflow/.local/lib/python3.7/site-packages/airflow/example_dags/example_xcom.py
[2022-08-08 06:10:24,413] {processor.py:654} INFO - DAG(s) dict_keys(['example_xcom']) retrieved from /home/airflow/.local/lib/python3.7/site-packages/airflow/example_dags/example_xcom.py
[2022-08-08 06:10:24,675] {logging_mixin.py:109} INFO - [2022-08-08 06:10:24,675] {dag.py:2396} INFO - Sync 1 DAGs
[2022-08-08 06:10:24,689] {logging_mixin.py:109} INFO - [2022-08-08 06:10:24,689] {dag.py:2935} INFO - Setting next_dagrun for example_xcom to 2021-01-01T00:00:00+00:00
[2022-08-08 06:10:24,714] {processor.py:171} INFO - Processing /home/airflow/.local/lib/python3.7/site-packages/airflow/example_dags/example_xcom.py took 0.354 seconds
[2022-08-08 06:10:55,067] {processor.py:163} INFO - Started process (PID=538) to work on /home/airflow/.local/lib/python3.7/site-packages/airflow/example_dags/example_xcom.py
[2022-08-08 06:10:55,069] {processor.py:642} INFO - Processing file /home/airflow/.local/lib/python3.7/site-packages/airflow/example_dags/example_xcom.py for tasks to queue
[2022-08-08 06:10:55,071] {logging_mixin.py:109} INFO - [2022-08-08 06:10:55,071] {dagbag.py:500} INFO - Filling up the DagBag from /home/airflow/.local/lib/python3.7/site-packages/airflow/example_dags/example_xcom.py
[2022-08-08 06:10:55,117] {processor.py:654} INFO - DAG(s) dict_keys(['example_xcom']) retrieved from /home/airflow/.local/lib/python3.7/site-packages/airflow/example_dags/example_xcom.py
[2022-08-08 06:10:55,428] {logging_mixin.py:109} INFO - [2022-08-08 06:10:55,428] {dag.py:2396} INFO - Sync 1 DAGs
[2022-08-08 06:10:55,447] {logging_mixin.py:109} INFO - [2022-08-08 06:10:55,447] {dag.py:2935} INFO - Setting next_dagrun for example_xcom to 2021-01-01T00:00:00+00:00
[2022-08-08 06:10:55,463] {processor.py:171} INFO - Processing /home/airflow/.local/lib/python3.7/site-packages/airflow/example_dags/example_xcom.py took 0.400 seconds
[2022-08-08 06:11:25,906] {processor.py:163} INFO - Started process (PID=599) to work on /home/airflow/.local/lib/python3.7/site-packages/airflow/example_dags/example_xcom.py
[2022-08-08 06:11:25,910] {processor.py:642} INFO - Processing file /home/airflow/.local/lib/python3.7/site-packages/airflow/example_dags/example_xcom.py for tasks to queue
[2022-08-08 06:11:25,911] {logging_mixin.py:109} INFO - [2022-08-08 06:11:25,911] {dagbag.py:500} INFO - Filling up the DagBag from /home/airflow/.local/lib/python3.7/site-packages/airflow/example_dags/example_xcom.py
[2022-08-08 06:11:25,946] {processor.py:654} INFO - DAG(s) dict_keys(['example_xcom']) retrieved from /home/airflow/.local/lib/python3.7/site-packages/airflow/example_dags/example_xcom.py
[2022-08-08 06:11:26,197] {logging_mixin.py:109} INFO - [2022-08-08 06:11:26,197] {dag.py:2396} INFO - Sync 1 DAGs
[2022-08-08 06:11:26,211] {logging_mixin.py:109} INFO - [2022-08-08 06:11:26,211] {dag.py:2935} INFO - Setting next_dagrun for example_xcom to 2021-01-01T00:00:00+00:00
[2022-08-08 06:11:26,223] {processor.py:171} INFO - Processing /home/airflow/.local/lib/python3.7/site-packages/airflow/example_dags/example_xcom.py took 0.322 seconds
[2022-08-08 06:11:56,672] {processor.py:163} INFO - Started process (PID=668) to work on /home/airflow/.local/lib/python3.7/site-packages/airflow/example_dags/example_xcom.py
[2022-08-08 06:11:56,675] {processor.py:642} INFO - Processing file /home/airflow/.local/lib/python3.7/site-packages/airflow/example_dags/example_xcom.py for tasks to queue
[2022-08-08 06:11:56,676] {logging_mixin.py:109} INFO - [2022-08-08 06:11:56,676] {dagbag.py:500} INFO - Filling up the DagBag from /home/airflow/.local/lib/python3.7/site-packages/airflow/example_dags/example_xcom.py
[2022-08-08 06:11:56,715] {processor.py:654} INFO - DAG(s) dict_keys(['example_xcom']) retrieved from /home/airflow/.local/lib/python3.7/site-packages/airflow/example_dags/example_xcom.py
[2022-08-08 06:11:56,986] {logging_mixin.py:109} INFO - [2022-08-08 06:11:56,986] {dag.py:2396} INFO - Sync 1 DAGs
[2022-08-08 06:11:57,000] {logging_mixin.py:109} INFO - [2022-08-08 06:11:56,999] {dag.py:2935} INFO - Setting next_dagrun for example_xcom to 2021-01-01T00:00:00+00:00
[2022-08-08 06:11:57,012] {processor.py:171} INFO - Processing /home/airflow/.local/lib/python3.7/site-packages/airflow/example_dags/example_xcom.py took 0.343 seconds
[2022-08-08 06:12:27,098] {processor.py:163} INFO - Started process (PID=728) to work on /home/airflow/.local/lib/python3.7/site-packages/airflow/example_dags/example_xcom.py
[2022-08-08 06:12:27,101] {processor.py:642} INFO - Processing file /home/airflow/.local/lib/python3.7/site-packages/airflow/example_dags/example_xcom.py for tasks to queue
[2022-08-08 06:12:27,104] {logging_mixin.py:109} INFO - [2022-08-08 06:12:27,104] {dagbag.py:500} INFO - Filling up the DagBag from /home/airflow/.local/lib/python3.7/site-packages/airflow/example_dags/example_xcom.py
[2022-08-08 06:12:27,139] {processor.py:654} INFO - DAG(s) dict_keys(['example_xcom']) retrieved from /home/airflow/.local/lib/python3.7/site-packages/airflow/example_dags/example_xcom.py
[2022-08-08 06:12:27,393] {logging_mixin.py:109} INFO - [2022-08-08 06:12:27,393] {dag.py:2396} INFO - Sync 1 DAGs
[2022-08-08 06:12:27,407] {logging_mixin.py:109} INFO - [2022-08-08 06:12:27,407] {dag.py:2935} INFO - Setting next_dagrun for example_xcom to 2021-01-01T00:00:00+00:00
[2022-08-08 06:12:27,418] {processor.py:171} INFO - Processing /home/airflow/.local/lib/python3.7/site-packages/airflow/example_dags/example_xcom.py took 0.326 seconds
[2022-08-08 06:12:57,666] {processor.py:163} INFO - Started process (PID=797) to work on /home/airflow/.local/lib/python3.7/site-packages/airflow/example_dags/example_xcom.py
[2022-08-08 06:12:57,670] {processor.py:642} INFO - Processing file /home/airflow/.local/lib/python3.7/site-packages/airflow/example_dags/example_xcom.py for tasks to queue
[2022-08-08 06:12:57,672] {logging_mixin.py:109} INFO - [2022-08-08 06:12:57,671] {dagbag.py:500} INFO - Filling up the DagBag from /home/airflow/.local/lib/python3.7/site-packages/airflow/example_dags/example_xcom.py
[2022-08-08 06:12:57,708] {processor.py:654} INFO - DAG(s) dict_keys(['example_xcom']) retrieved from /home/airflow/.local/lib/python3.7/site-packages/airflow/example_dags/example_xcom.py
[2022-08-08 06:12:57,968] {logging_mixin.py:109} INFO - [2022-08-08 06:12:57,967] {dag.py:2396} INFO - Sync 1 DAGs
[2022-08-08 06:12:57,981] {logging_mixin.py:109} INFO - [2022-08-08 06:12:57,981] {dag.py:2935} INFO - Setting next_dagrun for example_xcom to 2021-01-01T00:00:00+00:00
[2022-08-08 06:12:57,992] {processor.py:171} INFO - Processing /home/airflow/.local/lib/python3.7/site-packages/airflow/example_dags/example_xcom.py took 0.334 seconds
[2022-08-08 06:13:28,174] {processor.py:163} INFO - Started process (PID=858) to work on /home/airflow/.local/lib/python3.7/site-packages/airflow/example_dags/example_xcom.py
[2022-08-08 06:13:28,176] {processor.py:642} INFO - Processing file /home/airflow/.local/lib/python3.7/site-packages/airflow/example_dags/example_xcom.py for tasks to queue
[2022-08-08 06:13:28,177] {logging_mixin.py:109} INFO - [2022-08-08 06:13:28,177] {dagbag.py:500} INFO - Filling up the DagBag from /home/airflow/.local/lib/python3.7/site-packages/airflow/example_dags/example_xcom.py
[2022-08-08 06:13:28,212] {processor.py:654} INFO - DAG(s) dict_keys(['example_xcom']) retrieved from /home/airflow/.local/lib/python3.7/site-packages/airflow/example_dags/example_xcom.py
[2022-08-08 06:13:28,476] {logging_mixin.py:109} INFO - [2022-08-08 06:13:28,476] {dag.py:2396} INFO - Sync 1 DAGs
[2022-08-08 06:13:28,491] {logging_mixin.py:109} INFO - [2022-08-08 06:13:28,491] {dag.py:2935} INFO - Setting next_dagrun for example_xcom to 2021-01-01T00:00:00+00:00
[2022-08-08 06:13:28,503] {processor.py:171} INFO - Processing /home/airflow/.local/lib/python3.7/site-packages/airflow/example_dags/example_xcom.py took 0.332 seconds
[2022-08-08 06:13:58,812] {processor.py:163} INFO - Started process (PID=927) to work on /home/airflow/.local/lib/python3.7/site-packages/airflow/example_dags/example_xcom.py
[2022-08-08 06:13:58,814] {processor.py:642} INFO - Processing file /home/airflow/.local/lib/python3.7/site-packages/airflow/example_dags/example_xcom.py for tasks to queue
[2022-08-08 06:13:58,816] {logging_mixin.py:109} INFO - [2022-08-08 06:13:58,816] {dagbag.py:500} INFO - Filling up the DagBag from /home/airflow/.local/lib/python3.7/site-packages/airflow/example_dags/example_xcom.py
[2022-08-08 06:13:58,856] {processor.py:654} INFO - DAG(s) dict_keys(['example_xcom']) retrieved from /home/airflow/.local/lib/python3.7/site-packages/airflow/example_dags/example_xcom.py
[2022-08-08 06:13:59,124] {logging_mixin.py:109} INFO - [2022-08-08 06:13:59,124] {dag.py:2396} INFO - Sync 1 DAGs
[2022-08-08 06:13:59,140] {logging_mixin.py:109} INFO - [2022-08-08 06:13:59,139] {dag.py:2935} INFO - Setting next_dagrun for example_xcom to 2021-01-01T00:00:00+00:00
[2022-08-08 06:13:59,153] {processor.py:171} INFO - Processing /home/airflow/.local/lib/python3.7/site-packages/airflow/example_dags/example_xcom.py took 0.344 seconds
[2022-08-08 06:14:29,432] {processor.py:163} INFO - Started process (PID=987) to work on /home/airflow/.local/lib/python3.7/site-packages/airflow/example_dags/example_xcom.py
[2022-08-08 06:14:29,436] {processor.py:642} INFO - Processing file /home/airflow/.local/lib/python3.7/site-packages/airflow/example_dags/example_xcom.py for tasks to queue
[2022-08-08 06:14:29,439] {logging_mixin.py:109} INFO - [2022-08-08 06:14:29,438] {dagbag.py:500} INFO - Filling up the DagBag from /home/airflow/.local/lib/python3.7/site-packages/airflow/example_dags/example_xcom.py
[2022-08-08 06:14:29,477] {processor.py:654} INFO - DAG(s) dict_keys(['example_xcom']) retrieved from /home/airflow/.local/lib/python3.7/site-packages/airflow/example_dags/example_xcom.py
[2022-08-08 06:14:29,725] {logging_mixin.py:109} INFO - [2022-08-08 06:14:29,725] {dag.py:2396} INFO - Sync 1 DAGs
[2022-08-08 06:14:29,738] {logging_mixin.py:109} INFO - [2022-08-08 06:14:29,738] {dag.py:2935} INFO - Setting next_dagrun for example_xcom to 2021-01-01T00:00:00+00:00
[2022-08-08 06:14:29,749] {processor.py:171} INFO - Processing /home/airflow/.local/lib/python3.7/site-packages/airflow/example_dags/example_xcom.py took 0.326 seconds
[2022-08-08 06:15:00,038] {processor.py:163} INFO - Started process (PID=1058) to work on /home/airflow/.local/lib/python3.7/site-packages/airflow/example_dags/example_xcom.py
[2022-08-08 06:15:00,041] {processor.py:642} INFO - Processing file /home/airflow/.local/lib/python3.7/site-packages/airflow/example_dags/example_xcom.py for tasks to queue
[2022-08-08 06:15:00,043] {logging_mixin.py:109} INFO - [2022-08-08 06:15:00,043] {dagbag.py:500} INFO - Filling up the DagBag from /home/airflow/.local/lib/python3.7/site-packages/airflow/example_dags/example_xcom.py
[2022-08-08 06:15:00,084] {processor.py:654} INFO - DAG(s) dict_keys(['example_xcom']) retrieved from /home/airflow/.local/lib/python3.7/site-packages/airflow/example_dags/example_xcom.py
[2022-08-08 06:15:00,343] {logging_mixin.py:109} INFO - [2022-08-08 06:15:00,342] {dag.py:2396} INFO - Sync 1 DAGs
[2022-08-08 06:15:00,356] {logging_mixin.py:109} INFO - [2022-08-08 06:15:00,356] {dag.py:2935} INFO - Setting next_dagrun for example_xcom to 2021-01-01T00:00:00+00:00
[2022-08-08 06:15:00,368] {processor.py:171} INFO - Processing /home/airflow/.local/lib/python3.7/site-packages/airflow/example_dags/example_xcom.py took 0.336 seconds
[2022-08-08 06:15:30,417] {processor.py:163} INFO - Started process (PID=1119) to work on /home/airflow/.local/lib/python3.7/site-packages/airflow/example_dags/example_xcom.py
[2022-08-08 06:15:30,420] {processor.py:642} INFO - Processing file /home/airflow/.local/lib/python3.7/site-packages/airflow/example_dags/example_xcom.py for tasks to queue
[2022-08-08 06:15:30,422] {logging_mixin.py:109} INFO - [2022-08-08 06:15:30,422] {dagbag.py:500} INFO - Filling up the DagBag from /home/airflow/.local/lib/python3.7/site-packages/airflow/example_dags/example_xcom.py
[2022-08-08 06:15:30,458] {processor.py:654} INFO - DAG(s) dict_keys(['example_xcom']) retrieved from /home/airflow/.local/lib/python3.7/site-packages/airflow/example_dags/example_xcom.py
[2022-08-08 06:15:30,712] {logging_mixin.py:109} INFO - [2022-08-08 06:15:30,711] {dag.py:2396} INFO - Sync 1 DAGs
[2022-08-08 06:15:30,725] {logging_mixin.py:109} INFO - [2022-08-08 06:15:30,725] {dag.py:2935} INFO - Setting next_dagrun for example_xcom to 2021-01-01T00:00:00+00:00
[2022-08-08 06:15:30,736] {processor.py:171} INFO - Processing /home/airflow/.local/lib/python3.7/site-packages/airflow/example_dags/example_xcom.py took 0.325 seconds
[2022-08-08 06:16:01,053] {processor.py:163} INFO - Started process (PID=1179) to work on /home/airflow/.local/lib/python3.7/site-packages/airflow/example_dags/example_xcom.py
[2022-08-08 06:16:01,057] {processor.py:642} INFO - Processing file /home/airflow/.local/lib/python3.7/site-packages/airflow/example_dags/example_xcom.py for tasks to queue
[2022-08-08 06:16:01,059] {logging_mixin.py:109} INFO - [2022-08-08 06:16:01,058] {dagbag.py:500} INFO - Filling up the DagBag from /home/airflow/.local/lib/python3.7/site-packages/airflow/example_dags/example_xcom.py
[2022-08-08 06:16:01,104] {processor.py:654} INFO - DAG(s) dict_keys(['example_xcom']) retrieved from /home/airflow/.local/lib/python3.7/site-packages/airflow/example_dags/example_xcom.py
[2022-08-08 06:16:01,376] {logging_mixin.py:109} INFO - [2022-08-08 06:16:01,376] {dag.py:2396} INFO - Sync 1 DAGs
[2022-08-08 06:16:01,400] {logging_mixin.py:109} INFO - [2022-08-08 06:16:01,399] {dag.py:2935} INFO - Setting next_dagrun for example_xcom to 2021-01-01T00:00:00+00:00
[2022-08-08 06:16:01,418] {processor.py:171} INFO - Processing /home/airflow/.local/lib/python3.7/site-packages/airflow/example_dags/example_xcom.py took 0.370 seconds
[2022-08-08 06:16:32,036] {processor.py:163} INFO - Started process (PID=1250) to work on /home/airflow/.local/lib/python3.7/site-packages/airflow/example_dags/example_xcom.py
[2022-08-08 06:16:32,040] {processor.py:642} INFO - Processing file /home/airflow/.local/lib/python3.7/site-packages/airflow/example_dags/example_xcom.py for tasks to queue
[2022-08-08 06:16:32,041] {logging_mixin.py:109} INFO - [2022-08-08 06:16:32,041] {dagbag.py:500} INFO - Filling up the DagBag from /home/airflow/.local/lib/python3.7/site-packages/airflow/example_dags/example_xcom.py
[2022-08-08 06:16:32,085] {processor.py:654} INFO - DAG(s) dict_keys(['example_xcom']) retrieved from /home/airflow/.local/lib/python3.7/site-packages/airflow/example_dags/example_xcom.py
[2022-08-08 06:16:32,348] {logging_mixin.py:109} INFO - [2022-08-08 06:16:32,348] {dag.py:2396} INFO - Sync 1 DAGs
[2022-08-08 06:16:32,364] {logging_mixin.py:109} INFO - [2022-08-08 06:16:32,364] {dag.py:2935} INFO - Setting next_dagrun for example_xcom to 2021-01-01T00:00:00+00:00
[2022-08-08 06:16:32,375] {processor.py:171} INFO - Processing /home/airflow/.local/lib/python3.7/site-packages/airflow/example_dags/example_xcom.py took 0.344 seconds
[2022-08-08 06:17:02,414] {processor.py:163} INFO - Started process (PID=1312) to work on /home/airflow/.local/lib/python3.7/site-packages/airflow/example_dags/example_xcom.py
[2022-08-08 06:17:02,416] {processor.py:642} INFO - Processing file /home/airflow/.local/lib/python3.7/site-packages/airflow/example_dags/example_xcom.py for tasks to queue
[2022-08-08 06:17:02,418] {logging_mixin.py:109} INFO - [2022-08-08 06:17:02,418] {dagbag.py:500} INFO - Filling up the DagBag from /home/airflow/.local/lib/python3.7/site-packages/airflow/example_dags/example_xcom.py
[2022-08-08 06:17:02,469] {processor.py:654} INFO - DAG(s) dict_keys(['example_xcom']) retrieved from /home/airflow/.local/lib/python3.7/site-packages/airflow/example_dags/example_xcom.py
[2022-08-08 06:17:02,720] {logging_mixin.py:109} INFO - [2022-08-08 06:17:02,720] {dag.py:2396} INFO - Sync 1 DAGs
[2022-08-08 06:17:02,737] {logging_mixin.py:109} INFO - [2022-08-08 06:17:02,737] {dag.py:2935} INFO - Setting next_dagrun for example_xcom to 2021-01-01T00:00:00+00:00
[2022-08-08 06:17:02,752] {processor.py:171} INFO - Processing /home/airflow/.local/lib/python3.7/site-packages/airflow/example_dags/example_xcom.py took 0.343 seconds
[2022-08-08 06:17:33,286] {processor.py:163} INFO - Started process (PID=1383) to work on /home/airflow/.local/lib/python3.7/site-packages/airflow/example_dags/example_xcom.py
[2022-08-08 06:17:33,288] {processor.py:642} INFO - Processing file /home/airflow/.local/lib/python3.7/site-packages/airflow/example_dags/example_xcom.py for tasks to queue
[2022-08-08 06:17:33,289] {logging_mixin.py:109} INFO - [2022-08-08 06:17:33,289] {dagbag.py:500} INFO - Filling up the DagBag from /home/airflow/.local/lib/python3.7/site-packages/airflow/example_dags/example_xcom.py
[2022-08-08 06:17:33,325] {processor.py:654} INFO - DAG(s) dict_keys(['example_xcom']) retrieved from /home/airflow/.local/lib/python3.7/site-packages/airflow/example_dags/example_xcom.py
[2022-08-08 06:17:33,585] {logging_mixin.py:109} INFO - [2022-08-08 06:17:33,585] {dag.py:2396} INFO - Sync 1 DAGs
[2022-08-08 06:17:33,599] {logging_mixin.py:109} INFO - [2022-08-08 06:17:33,599] {dag.py:2935} INFO - Setting next_dagrun for example_xcom to 2021-01-01T00:00:00+00:00
[2022-08-08 06:17:33,611] {processor.py:171} INFO - Processing /home/airflow/.local/lib/python3.7/site-packages/airflow/example_dags/example_xcom.py took 0.329 seconds
[2022-08-08 06:18:04,008] {processor.py:163} INFO - Started process (PID=1444) to work on /home/airflow/.local/lib/python3.7/site-packages/airflow/example_dags/example_xcom.py
[2022-08-08 06:18:04,012] {processor.py:642} INFO - Processing file /home/airflow/.local/lib/python3.7/site-packages/airflow/example_dags/example_xcom.py for tasks to queue
[2022-08-08 06:18:04,013] {logging_mixin.py:109} INFO - [2022-08-08 06:18:04,013] {dagbag.py:500} INFO - Filling up the DagBag from /home/airflow/.local/lib/python3.7/site-packages/airflow/example_dags/example_xcom.py
[2022-08-08 06:18:04,050] {processor.py:654} INFO - DAG(s) dict_keys(['example_xcom']) retrieved from /home/airflow/.local/lib/python3.7/site-packages/airflow/example_dags/example_xcom.py
[2022-08-08 06:18:04,322] {logging_mixin.py:109} INFO - [2022-08-08 06:18:04,321] {dag.py:2396} INFO - Sync 1 DAGs
[2022-08-08 06:18:04,336] {logging_mixin.py:109} INFO - [2022-08-08 06:18:04,336] {dag.py:2935} INFO - Setting next_dagrun for example_xcom to 2021-01-01T00:00:00+00:00
[2022-08-08 06:18:04,349] {processor.py:171} INFO - Processing /home/airflow/.local/lib/python3.7/site-packages/airflow/example_dags/example_xcom.py took 0.346 seconds
[2022-08-08 06:18:34,478] {processor.py:163} INFO - Started process (PID=1515) to work on /home/airflow/.local/lib/python3.7/site-packages/airflow/example_dags/example_xcom.py
[2022-08-08 06:18:34,481] {processor.py:642} INFO - Processing file /home/airflow/.local/lib/python3.7/site-packages/airflow/example_dags/example_xcom.py for tasks to queue
[2022-08-08 06:18:34,482] {logging_mixin.py:109} INFO - [2022-08-08 06:18:34,482] {dagbag.py:500} INFO - Filling up the DagBag from /home/airflow/.local/lib/python3.7/site-packages/airflow/example_dags/example_xcom.py
[2022-08-08 06:18:34,516] {processor.py:654} INFO - DAG(s) dict_keys(['example_xcom']) retrieved from /home/airflow/.local/lib/python3.7/site-packages/airflow/example_dags/example_xcom.py
[2022-08-08 06:18:34,768] {logging_mixin.py:109} INFO - [2022-08-08 06:18:34,768] {dag.py:2396} INFO - Sync 1 DAGs
[2022-08-08 06:18:34,782] {logging_mixin.py:109} INFO - [2022-08-08 06:18:34,782] {dag.py:2935} INFO - Setting next_dagrun for example_xcom to 2021-01-01T00:00:00+00:00
[2022-08-08 06:18:34,797] {processor.py:171} INFO - Processing /home/airflow/.local/lib/python3.7/site-packages/airflow/example_dags/example_xcom.py took 0.325 seconds
[2022-08-08 06:19:05,464] {processor.py:163} INFO - Started process (PID=1575) to work on /home/airflow/.local/lib/python3.7/site-packages/airflow/example_dags/example_xcom.py
[2022-08-08 06:19:05,466] {processor.py:642} INFO - Processing file /home/airflow/.local/lib/python3.7/site-packages/airflow/example_dags/example_xcom.py for tasks to queue
[2022-08-08 06:19:05,468] {logging_mixin.py:109} INFO - [2022-08-08 06:19:05,468] {dagbag.py:500} INFO - Filling up the DagBag from /home/airflow/.local/lib/python3.7/site-packages/airflow/example_dags/example_xcom.py
[2022-08-08 06:19:05,505] {processor.py:654} INFO - DAG(s) dict_keys(['example_xcom']) retrieved from /home/airflow/.local/lib/python3.7/site-packages/airflow/example_dags/example_xcom.py
[2022-08-08 06:19:05,772] {logging_mixin.py:109} INFO - [2022-08-08 06:19:05,772] {dag.py:2396} INFO - Sync 1 DAGs
[2022-08-08 06:19:05,787] {logging_mixin.py:109} INFO - [2022-08-08 06:19:05,787] {dag.py:2935} INFO - Setting next_dagrun for example_xcom to 2021-01-01T00:00:00+00:00
[2022-08-08 06:19:05,802] {processor.py:171} INFO - Processing /home/airflow/.local/lib/python3.7/site-packages/airflow/example_dags/example_xcom.py took 0.341 seconds
[2022-08-08 06:19:36,066] {processor.py:163} INFO - Started process (PID=1646) to work on /home/airflow/.local/lib/python3.7/site-packages/airflow/example_dags/example_xcom.py
[2022-08-08 06:19:36,069] {processor.py:642} INFO - Processing file /home/airflow/.local/lib/python3.7/site-packages/airflow/example_dags/example_xcom.py for tasks to queue
[2022-08-08 06:19:36,070] {logging_mixin.py:109} INFO - [2022-08-08 06:19:36,070] {dagbag.py:500} INFO - Filling up the DagBag from /home/airflow/.local/lib/python3.7/site-packages/airflow/example_dags/example_xcom.py
[2022-08-08 06:19:36,104] {processor.py:654} INFO - DAG(s) dict_keys(['example_xcom']) retrieved from /home/airflow/.local/lib/python3.7/site-packages/airflow/example_dags/example_xcom.py
[2022-08-08 06:19:36,381] {logging_mixin.py:109} INFO - [2022-08-08 06:19:36,380] {dag.py:2396} INFO - Sync 1 DAGs
[2022-08-08 06:19:36,413] {logging_mixin.py:109} INFO - [2022-08-08 06:19:36,413] {dag.py:2935} INFO - Setting next_dagrun for example_xcom to 2021-01-01T00:00:00+00:00
[2022-08-08 06:19:36,428] {processor.py:171} INFO - Processing /home/airflow/.local/lib/python3.7/site-packages/airflow/example_dags/example_xcom.py took 0.367 seconds
[2022-08-08 06:20:06,793] {processor.py:163} INFO - Started process (PID=1706) to work on /home/airflow/.local/lib/python3.7/site-packages/airflow/example_dags/example_xcom.py
[2022-08-08 06:20:06,795] {processor.py:642} INFO - Processing file /home/airflow/.local/lib/python3.7/site-packages/airflow/example_dags/example_xcom.py for tasks to queue
[2022-08-08 06:20:06,797] {logging_mixin.py:109} INFO - [2022-08-08 06:20:06,796] {dagbag.py:500} INFO - Filling up the DagBag from /home/airflow/.local/lib/python3.7/site-packages/airflow/example_dags/example_xcom.py
[2022-08-08 06:20:06,831] {processor.py:654} INFO - DAG(s) dict_keys(['example_xcom']) retrieved from /home/airflow/.local/lib/python3.7/site-packages/airflow/example_dags/example_xcom.py
[2022-08-08 06:20:07,101] {logging_mixin.py:109} INFO - [2022-08-08 06:20:07,100] {dag.py:2396} INFO - Sync 1 DAGs
[2022-08-08 06:20:07,114] {logging_mixin.py:109} INFO - [2022-08-08 06:20:07,114] {dag.py:2935} INFO - Setting next_dagrun for example_xcom to 2021-01-01T00:00:00+00:00
[2022-08-08 06:20:07,126] {processor.py:171} INFO - Processing /home/airflow/.local/lib/python3.7/site-packages/airflow/example_dags/example_xcom.py took 0.337 seconds
[2022-08-08 06:20:37,824] {processor.py:163} INFO - Started process (PID=1776) to work on /home/airflow/.local/lib/python3.7/site-packages/airflow/example_dags/example_xcom.py
[2022-08-08 06:20:37,826] {processor.py:642} INFO - Processing file /home/airflow/.local/lib/python3.7/site-packages/airflow/example_dags/example_xcom.py for tasks to queue
[2022-08-08 06:20:37,828] {logging_mixin.py:109} INFO - [2022-08-08 06:20:37,828] {dagbag.py:500} INFO - Filling up the DagBag from /home/airflow/.local/lib/python3.7/site-packages/airflow/example_dags/example_xcom.py
[2022-08-08 06:20:37,863] {processor.py:654} INFO - DAG(s) dict_keys(['example_xcom']) retrieved from /home/airflow/.local/lib/python3.7/site-packages/airflow/example_dags/example_xcom.py
[2022-08-08 06:20:38,105] {logging_mixin.py:109} INFO - [2022-08-08 06:20:38,105] {dag.py:2396} INFO - Sync 1 DAGs
[2022-08-08 06:20:38,120] {logging_mixin.py:109} INFO - [2022-08-08 06:20:38,120] {dag.py:2935} INFO - Setting next_dagrun for example_xcom to 2021-01-01T00:00:00+00:00
[2022-08-08 06:20:38,132] {processor.py:171} INFO - Processing /home/airflow/.local/lib/python3.7/site-packages/airflow/example_dags/example_xcom.py took 0.314 seconds
[2022-08-08 06:21:08,766] {processor.py:163} INFO - Started process (PID=1836) to work on /home/airflow/.local/lib/python3.7/site-packages/airflow/example_dags/example_xcom.py
[2022-08-08 06:21:08,769] {processor.py:642} INFO - Processing file /home/airflow/.local/lib/python3.7/site-packages/airflow/example_dags/example_xcom.py for tasks to queue
[2022-08-08 06:21:08,772] {logging_mixin.py:109} INFO - [2022-08-08 06:21:08,772] {dagbag.py:500} INFO - Filling up the DagBag from /home/airflow/.local/lib/python3.7/site-packages/airflow/example_dags/example_xcom.py
[2022-08-08 06:21:08,812] {processor.py:654} INFO - DAG(s) dict_keys(['example_xcom']) retrieved from /home/airflow/.local/lib/python3.7/site-packages/airflow/example_dags/example_xcom.py
[2022-08-08 06:21:09,079] {logging_mixin.py:109} INFO - [2022-08-08 06:21:09,079] {dag.py:2396} INFO - Sync 1 DAGs
[2022-08-08 06:21:09,094] {logging_mixin.py:109} INFO - [2022-08-08 06:21:09,094] {dag.py:2935} INFO - Setting next_dagrun for example_xcom to 2021-01-01T00:00:00+00:00
[2022-08-08 06:21:09,108] {processor.py:171} INFO - Processing /home/airflow/.local/lib/python3.7/site-packages/airflow/example_dags/example_xcom.py took 0.346 seconds
[2022-08-08 06:21:39,182] {processor.py:163} INFO - Started process (PID=1904) to work on /home/airflow/.local/lib/python3.7/site-packages/airflow/example_dags/example_xcom.py
[2022-08-08 06:21:39,184] {processor.py:642} INFO - Processing file /home/airflow/.local/lib/python3.7/site-packages/airflow/example_dags/example_xcom.py for tasks to queue
[2022-08-08 06:21:39,186] {logging_mixin.py:109} INFO - [2022-08-08 06:21:39,186] {dagbag.py:500} INFO - Filling up the DagBag from /home/airflow/.local/lib/python3.7/site-packages/airflow/example_dags/example_xcom.py
[2022-08-08 06:21:39,227] {processor.py:654} INFO - DAG(s) dict_keys(['example_xcom']) retrieved from /home/airflow/.local/lib/python3.7/site-packages/airflow/example_dags/example_xcom.py
[2022-08-08 06:21:39,504] {logging_mixin.py:109} INFO - [2022-08-08 06:21:39,504] {dag.py:2396} INFO - Sync 1 DAGs
[2022-08-08 06:21:39,518] {logging_mixin.py:109} INFO - [2022-08-08 06:21:39,518] {dag.py:2935} INFO - Setting next_dagrun for example_xcom to 2021-01-01T00:00:00+00:00
[2022-08-08 06:21:39,534] {processor.py:171} INFO - Processing /home/airflow/.local/lib/python3.7/site-packages/airflow/example_dags/example_xcom.py took 0.355 seconds
[2022-08-08 06:22:09,825] {processor.py:163} INFO - Started process (PID=1965) to work on /home/airflow/.local/lib/python3.7/site-packages/airflow/example_dags/example_xcom.py
[2022-08-08 06:22:09,828] {processor.py:642} INFO - Processing file /home/airflow/.local/lib/python3.7/site-packages/airflow/example_dags/example_xcom.py for tasks to queue
[2022-08-08 06:22:09,831] {logging_mixin.py:109} INFO - [2022-08-08 06:22:09,831] {dagbag.py:500} INFO - Filling up the DagBag from /home/airflow/.local/lib/python3.7/site-packages/airflow/example_dags/example_xcom.py
[2022-08-08 06:22:09,870] {processor.py:654} INFO - DAG(s) dict_keys(['example_xcom']) retrieved from /home/airflow/.local/lib/python3.7/site-packages/airflow/example_dags/example_xcom.py
[2022-08-08 06:22:10,114] {logging_mixin.py:109} INFO - [2022-08-08 06:22:10,114] {dag.py:2396} INFO - Sync 1 DAGs
[2022-08-08 06:22:10,129] {logging_mixin.py:109} INFO - [2022-08-08 06:22:10,129] {dag.py:2935} INFO - Setting next_dagrun for example_xcom to 2021-01-01T00:00:00+00:00
[2022-08-08 06:22:10,142] {processor.py:171} INFO - Processing /home/airflow/.local/lib/python3.7/site-packages/airflow/example_dags/example_xcom.py took 0.327 seconds
[2022-08-08 06:22:40,573] {processor.py:163} INFO - Started process (PID=2034) to work on /home/airflow/.local/lib/python3.7/site-packages/airflow/example_dags/example_xcom.py
[2022-08-08 06:22:40,576] {processor.py:642} INFO - Processing file /home/airflow/.local/lib/python3.7/site-packages/airflow/example_dags/example_xcom.py for tasks to queue
[2022-08-08 06:22:40,578] {logging_mixin.py:109} INFO - [2022-08-08 06:22:40,577] {dagbag.py:500} INFO - Filling up the DagBag from /home/airflow/.local/lib/python3.7/site-packages/airflow/example_dags/example_xcom.py
[2022-08-08 06:22:40,709] {processor.py:654} INFO - DAG(s) dict_keys(['example_xcom']) retrieved from /home/airflow/.local/lib/python3.7/site-packages/airflow/example_dags/example_xcom.py
[2022-08-08 06:22:40,888] {logging_mixin.py:109} INFO - [2022-08-08 06:22:40,888] {dag.py:2396} INFO - Sync 1 DAGs
[2022-08-08 06:22:40,907] {logging_mixin.py:109} INFO - [2022-08-08 06:22:40,906] {dag.py:2935} INFO - Setting next_dagrun for example_xcom to 2021-01-01T00:00:00+00:00
[2022-08-08 06:22:40,923] {processor.py:171} INFO - Processing /home/airflow/.local/lib/python3.7/site-packages/airflow/example_dags/example_xcom.py took 0.356 seconds
[2022-08-08 07:11:47,085] {processor.py:163} INFO - Started process (PID=2085) to work on /home/airflow/.local/lib/python3.7/site-packages/airflow/example_dags/example_xcom.py
[2022-08-08 07:11:47,088] {processor.py:642} INFO - Processing file /home/airflow/.local/lib/python3.7/site-packages/airflow/example_dags/example_xcom.py for tasks to queue
[2022-08-08 07:11:47,089] {logging_mixin.py:109} INFO - [2022-08-08 07:11:47,089] {dagbag.py:500} INFO - Filling up the DagBag from /home/airflow/.local/lib/python3.7/site-packages/airflow/example_dags/example_xcom.py
[2022-08-08 07:11:47,214] {processor.py:654} INFO - DAG(s) dict_keys(['example_xcom']) retrieved from /home/airflow/.local/lib/python3.7/site-packages/airflow/example_dags/example_xcom.py
[2022-08-08 07:11:47,393] {logging_mixin.py:109} INFO - [2022-08-08 07:11:47,393] {dag.py:2396} INFO - Sync 1 DAGs
[2022-08-08 07:11:47,407] {logging_mixin.py:109} INFO - [2022-08-08 07:11:47,407] {dag.py:2935} INFO - Setting next_dagrun for example_xcom to 2021-01-01T00:00:00+00:00
[2022-08-08 07:11:47,418] {processor.py:171} INFO - Processing /home/airflow/.local/lib/python3.7/site-packages/airflow/example_dags/example_xcom.py took 0.336 seconds
[2022-08-08 09:16:15,283] {processor.py:163} INFO - Started process (PID=2179) to work on /home/airflow/.local/lib/python3.7/site-packages/airflow/example_dags/example_xcom.py
[2022-08-08 09:16:15,290] {processor.py:642} INFO - Processing file /home/airflow/.local/lib/python3.7/site-packages/airflow/example_dags/example_xcom.py for tasks to queue
[2022-08-08 09:16:15,293] {logging_mixin.py:109} INFO - [2022-08-08 09:16:15,292] {dagbag.py:500} INFO - Filling up the DagBag from /home/airflow/.local/lib/python3.7/site-packages/airflow/example_dags/example_xcom.py
[2022-08-08 09:16:15,379] {processor.py:654} INFO - DAG(s) dict_keys(['example_xcom']) retrieved from /home/airflow/.local/lib/python3.7/site-packages/airflow/example_dags/example_xcom.py
[2022-08-08 09:16:15,892] {logging_mixin.py:109} INFO - [2022-08-08 09:16:15,892] {dag.py:2396} INFO - Sync 1 DAGs
[2022-08-08 09:16:15,914] {logging_mixin.py:109} INFO - [2022-08-08 09:16:15,914] {dag.py:2935} INFO - Setting next_dagrun for example_xcom to 2021-01-01T00:00:00+00:00
[2022-08-08 09:16:15,933] {processor.py:171} INFO - Processing /home/airflow/.local/lib/python3.7/site-packages/airflow/example_dags/example_xcom.py took 0.656 seconds
