[2022-08-08 00:07:04,121] {processor.py:163} INFO - Started process (PID=14968) to work on /home/airflow/.local/lib/python3.7/site-packages/airflow/example_dags/example_time_delta_sensor_async.py
[2022-08-08 00:07:06,717] {processor.py:642} INFO - Processing file /home/airflow/.local/lib/python3.7/site-packages/airflow/example_dags/example_time_delta_sensor_async.py for tasks to queue
[2022-08-08 00:07:07,045] {logging_mixin.py:109} INFO - [2022-08-08 00:07:07,043] {dagbag.py:500} INFO - Filling up the DagBag from /home/airflow/.local/lib/python3.7/site-packages/airflow/example_dags/example_time_delta_sensor_async.py
[2022-08-08 00:07:26,969] {processor.py:654} INFO - DAG(s) dict_keys(['example_time_delta_sensor_async']) retrieved from /home/airflow/.local/lib/python3.7/site-packages/airflow/example_dags/example_time_delta_sensor_async.py
[2022-08-08 00:07:44,789] {logging_mixin.py:109} INFO - [2022-08-08 00:07:44,690] {dag.py:2396} INFO - Sync 1 DAGs
[2022-08-08 00:07:50,546] {logging_mixin.py:109} INFO - [2022-08-08 00:07:50,529] {dag.py:2935} INFO - Setting next_dagrun for example_time_delta_sensor_async to None
[2022-08-08 00:07:50,856] {processor.py:171} INFO - Processing /home/airflow/.local/lib/python3.7/site-packages/airflow/example_dags/example_time_delta_sensor_async.py took 52.085 seconds
[2022-08-08 06:07:00,771] {processor.py:163} INFO - Started process (PID=64) to work on /home/airflow/.local/lib/python3.7/site-packages/airflow/example_dags/example_time_delta_sensor_async.py
[2022-08-08 06:07:00,810] {processor.py:642} INFO - Processing file /home/airflow/.local/lib/python3.7/site-packages/airflow/example_dags/example_time_delta_sensor_async.py for tasks to queue
[2022-08-08 06:07:00,820] {logging_mixin.py:109} INFO - [2022-08-08 06:07:00,819] {dagbag.py:500} INFO - Filling up the DagBag from /home/airflow/.local/lib/python3.7/site-packages/airflow/example_dags/example_time_delta_sensor_async.py
[2022-08-08 06:07:01,178] {processor.py:654} INFO - DAG(s) dict_keys(['example_time_delta_sensor_async']) retrieved from /home/airflow/.local/lib/python3.7/site-packages/airflow/example_dags/example_time_delta_sensor_async.py
[2022-08-08 06:07:01,328] {logging_mixin.py:109} INFO - [2022-08-08 06:07:01,328] {dag.py:2396} INFO - Sync 1 DAGs
[2022-08-08 06:07:01,553] {logging_mixin.py:109} INFO - [2022-08-08 06:07:01,553] {dag.py:2935} INFO - Setting next_dagrun for example_time_delta_sensor_async to None
[2022-08-08 06:07:01,670] {processor.py:171} INFO - Processing /home/airflow/.local/lib/python3.7/site-packages/airflow/example_dags/example_time_delta_sensor_async.py took 0.906 seconds
[2022-08-08 06:07:34,308] {processor.py:163} INFO - Started process (PID=124) to work on /home/airflow/.local/lib/python3.7/site-packages/airflow/example_dags/example_time_delta_sensor_async.py
[2022-08-08 06:07:34,312] {processor.py:642} INFO - Processing file /home/airflow/.local/lib/python3.7/site-packages/airflow/example_dags/example_time_delta_sensor_async.py for tasks to queue
[2022-08-08 06:07:34,323] {logging_mixin.py:109} INFO - [2022-08-08 06:07:34,323] {dagbag.py:500} INFO - Filling up the DagBag from /home/airflow/.local/lib/python3.7/site-packages/airflow/example_dags/example_time_delta_sensor_async.py
[2022-08-08 06:07:34,800] {processor.py:654} INFO - DAG(s) dict_keys(['example_time_delta_sensor_async']) retrieved from /home/airflow/.local/lib/python3.7/site-packages/airflow/example_dags/example_time_delta_sensor_async.py
[2022-08-08 06:07:34,935] {logging_mixin.py:109} INFO - [2022-08-08 06:07:34,934] {dag.py:2396} INFO - Sync 1 DAGs
[2022-08-08 06:07:35,045] {logging_mixin.py:109} INFO - [2022-08-08 06:07:35,045] {dag.py:2935} INFO - Setting next_dagrun for example_time_delta_sensor_async to None
[2022-08-08 06:07:35,126] {processor.py:171} INFO - Processing /home/airflow/.local/lib/python3.7/site-packages/airflow/example_dags/example_time_delta_sensor_async.py took 0.835 seconds
[2022-08-08 06:08:05,513] {processor.py:163} INFO - Started process (PID=184) to work on /home/airflow/.local/lib/python3.7/site-packages/airflow/example_dags/example_time_delta_sensor_async.py
[2022-08-08 06:08:05,516] {processor.py:642} INFO - Processing file /home/airflow/.local/lib/python3.7/site-packages/airflow/example_dags/example_time_delta_sensor_async.py for tasks to queue
[2022-08-08 06:08:05,517] {logging_mixin.py:109} INFO - [2022-08-08 06:08:05,517] {dagbag.py:500} INFO - Filling up the DagBag from /home/airflow/.local/lib/python3.7/site-packages/airflow/example_dags/example_time_delta_sensor_async.py
[2022-08-08 06:08:05,551] {processor.py:654} INFO - DAG(s) dict_keys(['example_time_delta_sensor_async']) retrieved from /home/airflow/.local/lib/python3.7/site-packages/airflow/example_dags/example_time_delta_sensor_async.py
[2022-08-08 06:08:05,562] {logging_mixin.py:109} INFO - [2022-08-08 06:08:05,562] {dag.py:2396} INFO - Sync 1 DAGs
[2022-08-08 06:08:05,579] {logging_mixin.py:109} INFO - [2022-08-08 06:08:05,579] {dag.py:2935} INFO - Setting next_dagrun for example_time_delta_sensor_async to None
[2022-08-08 06:08:05,589] {processor.py:171} INFO - Processing /home/airflow/.local/lib/python3.7/site-packages/airflow/example_dags/example_time_delta_sensor_async.py took 0.080 seconds
[2022-08-08 06:08:36,079] {processor.py:163} INFO - Started process (PID=241) to work on /home/airflow/.local/lib/python3.7/site-packages/airflow/example_dags/example_time_delta_sensor_async.py
[2022-08-08 06:08:36,081] {processor.py:642} INFO - Processing file /home/airflow/.local/lib/python3.7/site-packages/airflow/example_dags/example_time_delta_sensor_async.py for tasks to queue
[2022-08-08 06:08:36,082] {logging_mixin.py:109} INFO - [2022-08-08 06:08:36,082] {dagbag.py:500} INFO - Filling up the DagBag from /home/airflow/.local/lib/python3.7/site-packages/airflow/example_dags/example_time_delta_sensor_async.py
[2022-08-08 06:08:36,113] {processor.py:654} INFO - DAG(s) dict_keys(['example_time_delta_sensor_async']) retrieved from /home/airflow/.local/lib/python3.7/site-packages/airflow/example_dags/example_time_delta_sensor_async.py
[2022-08-08 06:08:36,125] {logging_mixin.py:109} INFO - [2022-08-08 06:08:36,125] {dag.py:2396} INFO - Sync 1 DAGs
[2022-08-08 06:08:36,141] {logging_mixin.py:109} INFO - [2022-08-08 06:08:36,141] {dag.py:2935} INFO - Setting next_dagrun for example_time_delta_sensor_async to None
[2022-08-08 06:08:36,153] {processor.py:171} INFO - Processing /home/airflow/.local/lib/python3.7/site-packages/airflow/example_dags/example_time_delta_sensor_async.py took 0.079 seconds
[2022-08-08 06:09:06,202] {processor.py:163} INFO - Started process (PID=300) to work on /home/airflow/.local/lib/python3.7/site-packages/airflow/example_dags/example_time_delta_sensor_async.py
[2022-08-08 06:09:06,205] {processor.py:642} INFO - Processing file /home/airflow/.local/lib/python3.7/site-packages/airflow/example_dags/example_time_delta_sensor_async.py for tasks to queue
[2022-08-08 06:09:06,207] {logging_mixin.py:109} INFO - [2022-08-08 06:09:06,206] {dagbag.py:500} INFO - Filling up the DagBag from /home/airflow/.local/lib/python3.7/site-packages/airflow/example_dags/example_time_delta_sensor_async.py
[2022-08-08 06:09:06,239] {processor.py:654} INFO - DAG(s) dict_keys(['example_time_delta_sensor_async']) retrieved from /home/airflow/.local/lib/python3.7/site-packages/airflow/example_dags/example_time_delta_sensor_async.py
[2022-08-08 06:09:06,250] {logging_mixin.py:109} INFO - [2022-08-08 06:09:06,250] {dag.py:2396} INFO - Sync 1 DAGs
[2022-08-08 06:09:06,266] {logging_mixin.py:109} INFO - [2022-08-08 06:09:06,266] {dag.py:2935} INFO - Setting next_dagrun for example_time_delta_sensor_async to None
[2022-08-08 06:09:06,279] {processor.py:171} INFO - Processing /home/airflow/.local/lib/python3.7/site-packages/airflow/example_dags/example_time_delta_sensor_async.py took 0.082 seconds
[2022-08-08 06:09:36,381] {processor.py:163} INFO - Started process (PID=369) to work on /home/airflow/.local/lib/python3.7/site-packages/airflow/example_dags/example_time_delta_sensor_async.py
[2022-08-08 06:09:36,384] {processor.py:642} INFO - Processing file /home/airflow/.local/lib/python3.7/site-packages/airflow/example_dags/example_time_delta_sensor_async.py for tasks to queue
[2022-08-08 06:09:36,388] {logging_mixin.py:109} INFO - [2022-08-08 06:09:36,388] {dagbag.py:500} INFO - Filling up the DagBag from /home/airflow/.local/lib/python3.7/site-packages/airflow/example_dags/example_time_delta_sensor_async.py
[2022-08-08 06:09:36,433] {processor.py:654} INFO - DAG(s) dict_keys(['example_time_delta_sensor_async']) retrieved from /home/airflow/.local/lib/python3.7/site-packages/airflow/example_dags/example_time_delta_sensor_async.py
[2022-08-08 06:09:36,446] {logging_mixin.py:109} INFO - [2022-08-08 06:09:36,446] {dag.py:2396} INFO - Sync 1 DAGs
[2022-08-08 06:09:36,465] {logging_mixin.py:109} INFO - [2022-08-08 06:09:36,465] {dag.py:2935} INFO - Setting next_dagrun for example_time_delta_sensor_async to None
[2022-08-08 06:09:36,479] {processor.py:171} INFO - Processing /home/airflow/.local/lib/python3.7/site-packages/airflow/example_dags/example_time_delta_sensor_async.py took 0.103 seconds
[2022-08-08 06:10:06,576] {processor.py:163} INFO - Started process (PID=429) to work on /home/airflow/.local/lib/python3.7/site-packages/airflow/example_dags/example_time_delta_sensor_async.py
[2022-08-08 06:10:06,579] {processor.py:642} INFO - Processing file /home/airflow/.local/lib/python3.7/site-packages/airflow/example_dags/example_time_delta_sensor_async.py for tasks to queue
[2022-08-08 06:10:06,580] {logging_mixin.py:109} INFO - [2022-08-08 06:10:06,580] {dagbag.py:500} INFO - Filling up the DagBag from /home/airflow/.local/lib/python3.7/site-packages/airflow/example_dags/example_time_delta_sensor_async.py
[2022-08-08 06:10:06,608] {processor.py:654} INFO - DAG(s) dict_keys(['example_time_delta_sensor_async']) retrieved from /home/airflow/.local/lib/python3.7/site-packages/airflow/example_dags/example_time_delta_sensor_async.py
[2022-08-08 06:10:06,618] {logging_mixin.py:109} INFO - [2022-08-08 06:10:06,618] {dag.py:2396} INFO - Sync 1 DAGs
[2022-08-08 06:10:06,633] {logging_mixin.py:109} INFO - [2022-08-08 06:10:06,633] {dag.py:2935} INFO - Setting next_dagrun for example_time_delta_sensor_async to None
[2022-08-08 06:10:06,644] {processor.py:171} INFO - Processing /home/airflow/.local/lib/python3.7/site-packages/airflow/example_dags/example_time_delta_sensor_async.py took 0.071 seconds
[2022-08-08 06:10:36,792] {processor.py:163} INFO - Started process (PID=498) to work on /home/airflow/.local/lib/python3.7/site-packages/airflow/example_dags/example_time_delta_sensor_async.py
[2022-08-08 06:10:36,795] {processor.py:642} INFO - Processing file /home/airflow/.local/lib/python3.7/site-packages/airflow/example_dags/example_time_delta_sensor_async.py for tasks to queue
[2022-08-08 06:10:36,798] {logging_mixin.py:109} INFO - [2022-08-08 06:10:36,797] {dagbag.py:500} INFO - Filling up the DagBag from /home/airflow/.local/lib/python3.7/site-packages/airflow/example_dags/example_time_delta_sensor_async.py
[2022-08-08 06:10:36,834] {processor.py:654} INFO - DAG(s) dict_keys(['example_time_delta_sensor_async']) retrieved from /home/airflow/.local/lib/python3.7/site-packages/airflow/example_dags/example_time_delta_sensor_async.py
[2022-08-08 06:10:36,849] {logging_mixin.py:109} INFO - [2022-08-08 06:10:36,849] {dag.py:2396} INFO - Sync 1 DAGs
[2022-08-08 06:10:36,870] {logging_mixin.py:109} INFO - [2022-08-08 06:10:36,870] {dag.py:2935} INFO - Setting next_dagrun for example_time_delta_sensor_async to None
[2022-08-08 06:10:36,883] {processor.py:171} INFO - Processing /home/airflow/.local/lib/python3.7/site-packages/airflow/example_dags/example_time_delta_sensor_async.py took 0.095 seconds
[2022-08-08 06:11:07,436] {processor.py:163} INFO - Started process (PID=560) to work on /home/airflow/.local/lib/python3.7/site-packages/airflow/example_dags/example_time_delta_sensor_async.py
[2022-08-08 06:11:07,440] {processor.py:642} INFO - Processing file /home/airflow/.local/lib/python3.7/site-packages/airflow/example_dags/example_time_delta_sensor_async.py for tasks to queue
[2022-08-08 06:11:07,442] {logging_mixin.py:109} INFO - [2022-08-08 06:11:07,442] {dagbag.py:500} INFO - Filling up the DagBag from /home/airflow/.local/lib/python3.7/site-packages/airflow/example_dags/example_time_delta_sensor_async.py
[2022-08-08 06:11:07,508] {processor.py:654} INFO - DAG(s) dict_keys(['example_time_delta_sensor_async']) retrieved from /home/airflow/.local/lib/python3.7/site-packages/airflow/example_dags/example_time_delta_sensor_async.py
[2022-08-08 06:11:07,524] {logging_mixin.py:109} INFO - [2022-08-08 06:11:07,523] {dag.py:2396} INFO - Sync 1 DAGs
[2022-08-08 06:11:07,541] {logging_mixin.py:109} INFO - [2022-08-08 06:11:07,541] {dag.py:2935} INFO - Setting next_dagrun for example_time_delta_sensor_async to None
[2022-08-08 06:11:07,555] {processor.py:171} INFO - Processing /home/airflow/.local/lib/python3.7/site-packages/airflow/example_dags/example_time_delta_sensor_async.py took 0.122 seconds
[2022-08-08 06:11:37,632] {processor.py:163} INFO - Started process (PID=620) to work on /home/airflow/.local/lib/python3.7/site-packages/airflow/example_dags/example_time_delta_sensor_async.py
[2022-08-08 06:11:37,635] {processor.py:642} INFO - Processing file /home/airflow/.local/lib/python3.7/site-packages/airflow/example_dags/example_time_delta_sensor_async.py for tasks to queue
[2022-08-08 06:11:37,637] {logging_mixin.py:109} INFO - [2022-08-08 06:11:37,637] {dagbag.py:500} INFO - Filling up the DagBag from /home/airflow/.local/lib/python3.7/site-packages/airflow/example_dags/example_time_delta_sensor_async.py
[2022-08-08 06:11:37,680] {processor.py:654} INFO - DAG(s) dict_keys(['example_time_delta_sensor_async']) retrieved from /home/airflow/.local/lib/python3.7/site-packages/airflow/example_dags/example_time_delta_sensor_async.py
[2022-08-08 06:11:37,693] {logging_mixin.py:109} INFO - [2022-08-08 06:11:37,693] {dag.py:2396} INFO - Sync 1 DAGs
[2022-08-08 06:11:37,708] {logging_mixin.py:109} INFO - [2022-08-08 06:11:37,708] {dag.py:2935} INFO - Setting next_dagrun for example_time_delta_sensor_async to None
[2022-08-08 06:11:37,723] {processor.py:171} INFO - Processing /home/airflow/.local/lib/python3.7/site-packages/airflow/example_dags/example_time_delta_sensor_async.py took 0.097 seconds
[2022-08-08 06:12:08,155] {processor.py:163} INFO - Started process (PID=685) to work on /home/airflow/.local/lib/python3.7/site-packages/airflow/example_dags/example_time_delta_sensor_async.py
[2022-08-08 06:12:08,157] {processor.py:642} INFO - Processing file /home/airflow/.local/lib/python3.7/site-packages/airflow/example_dags/example_time_delta_sensor_async.py for tasks to queue
[2022-08-08 06:12:08,137] {logging_mixin.py:109} INFO - [2022-08-08 06:12:08,136] {dagbag.py:500} INFO - Filling up the DagBag from /home/airflow/.local/lib/python3.7/site-packages/airflow/example_dags/example_time_delta_sensor_async.py
[2022-08-08 06:12:08,176] {processor.py:654} INFO - DAG(s) dict_keys(['example_time_delta_sensor_async']) retrieved from /home/airflow/.local/lib/python3.7/site-packages/airflow/example_dags/example_time_delta_sensor_async.py
[2022-08-08 06:12:08,195] {logging_mixin.py:109} INFO - [2022-08-08 06:12:08,195] {dag.py:2396} INFO - Sync 1 DAGs
[2022-08-08 06:12:08,215] {logging_mixin.py:109} INFO - [2022-08-08 06:12:08,215] {dag.py:2935} INFO - Setting next_dagrun for example_time_delta_sensor_async to None
[2022-08-08 06:12:08,231] {processor.py:171} INFO - Processing /home/airflow/.local/lib/python3.7/site-packages/airflow/example_dags/example_time_delta_sensor_async.py took 0.104 seconds
[2022-08-08 06:12:38,822] {processor.py:163} INFO - Started process (PID=745) to work on /home/airflow/.local/lib/python3.7/site-packages/airflow/example_dags/example_time_delta_sensor_async.py
[2022-08-08 06:12:38,824] {processor.py:642} INFO - Processing file /home/airflow/.local/lib/python3.7/site-packages/airflow/example_dags/example_time_delta_sensor_async.py for tasks to queue
[2022-08-08 06:12:38,826] {logging_mixin.py:109} INFO - [2022-08-08 06:12:38,826] {dagbag.py:500} INFO - Filling up the DagBag from /home/airflow/.local/lib/python3.7/site-packages/airflow/example_dags/example_time_delta_sensor_async.py
[2022-08-08 06:12:38,858] {processor.py:654} INFO - DAG(s) dict_keys(['example_time_delta_sensor_async']) retrieved from /home/airflow/.local/lib/python3.7/site-packages/airflow/example_dags/example_time_delta_sensor_async.py
[2022-08-08 06:12:38,871] {logging_mixin.py:109} INFO - [2022-08-08 06:12:38,871] {dag.py:2396} INFO - Sync 1 DAGs
[2022-08-08 06:12:38,888] {logging_mixin.py:109} INFO - [2022-08-08 06:12:38,888] {dag.py:2935} INFO - Setting next_dagrun for example_time_delta_sensor_async to None
[2022-08-08 06:12:38,901] {processor.py:171} INFO - Processing /home/airflow/.local/lib/python3.7/site-packages/airflow/example_dags/example_time_delta_sensor_async.py took 0.084 seconds
[2022-08-08 06:13:09,001] {processor.py:163} INFO - Started process (PID=814) to work on /home/airflow/.local/lib/python3.7/site-packages/airflow/example_dags/example_time_delta_sensor_async.py
[2022-08-08 06:13:09,003] {processor.py:642} INFO - Processing file /home/airflow/.local/lib/python3.7/site-packages/airflow/example_dags/example_time_delta_sensor_async.py for tasks to queue
[2022-08-08 06:13:09,005] {logging_mixin.py:109} INFO - [2022-08-08 06:13:09,005] {dagbag.py:500} INFO - Filling up the DagBag from /home/airflow/.local/lib/python3.7/site-packages/airflow/example_dags/example_time_delta_sensor_async.py
[2022-08-08 06:13:09,036] {processor.py:654} INFO - DAG(s) dict_keys(['example_time_delta_sensor_async']) retrieved from /home/airflow/.local/lib/python3.7/site-packages/airflow/example_dags/example_time_delta_sensor_async.py
[2022-08-08 06:13:09,050] {logging_mixin.py:109} INFO - [2022-08-08 06:13:09,050] {dag.py:2396} INFO - Sync 1 DAGs
[2022-08-08 06:13:09,069] {logging_mixin.py:109} INFO - [2022-08-08 06:13:09,069] {dag.py:2935} INFO - Setting next_dagrun for example_time_delta_sensor_async to None
[2022-08-08 06:13:09,082] {processor.py:171} INFO - Processing /home/airflow/.local/lib/python3.7/site-packages/airflow/example_dags/example_time_delta_sensor_async.py took 0.085 seconds
[2022-08-08 06:13:39,810] {processor.py:163} INFO - Started process (PID=875) to work on /home/airflow/.local/lib/python3.7/site-packages/airflow/example_dags/example_time_delta_sensor_async.py
[2022-08-08 06:13:39,812] {processor.py:642} INFO - Processing file /home/airflow/.local/lib/python3.7/site-packages/airflow/example_dags/example_time_delta_sensor_async.py for tasks to queue
[2022-08-08 06:13:39,814] {logging_mixin.py:109} INFO - [2022-08-08 06:13:39,814] {dagbag.py:500} INFO - Filling up the DagBag from /home/airflow/.local/lib/python3.7/site-packages/airflow/example_dags/example_time_delta_sensor_async.py
[2022-08-08 06:13:39,843] {processor.py:654} INFO - DAG(s) dict_keys(['example_time_delta_sensor_async']) retrieved from /home/airflow/.local/lib/python3.7/site-packages/airflow/example_dags/example_time_delta_sensor_async.py
[2022-08-08 06:13:39,856] {logging_mixin.py:109} INFO - [2022-08-08 06:13:39,856] {dag.py:2396} INFO - Sync 1 DAGs
[2022-08-08 06:13:39,876] {logging_mixin.py:109} INFO - [2022-08-08 06:13:39,876] {dag.py:2935} INFO - Setting next_dagrun for example_time_delta_sensor_async to None
[2022-08-08 06:13:39,890] {processor.py:171} INFO - Processing /home/airflow/.local/lib/python3.7/site-packages/airflow/example_dags/example_time_delta_sensor_async.py took 0.084 seconds
[2022-08-08 06:14:10,532] {processor.py:163} INFO - Started process (PID=944) to work on /home/airflow/.local/lib/python3.7/site-packages/airflow/example_dags/example_time_delta_sensor_async.py
[2022-08-08 06:14:10,534] {processor.py:642} INFO - Processing file /home/airflow/.local/lib/python3.7/site-packages/airflow/example_dags/example_time_delta_sensor_async.py for tasks to queue
[2022-08-08 06:14:10,536] {logging_mixin.py:109} INFO - [2022-08-08 06:14:10,535] {dagbag.py:500} INFO - Filling up the DagBag from /home/airflow/.local/lib/python3.7/site-packages/airflow/example_dags/example_time_delta_sensor_async.py
[2022-08-08 06:14:10,565] {processor.py:654} INFO - DAG(s) dict_keys(['example_time_delta_sensor_async']) retrieved from /home/airflow/.local/lib/python3.7/site-packages/airflow/example_dags/example_time_delta_sensor_async.py
[2022-08-08 06:14:10,587] {logging_mixin.py:109} INFO - [2022-08-08 06:14:10,586] {dag.py:2396} INFO - Sync 1 DAGs
[2022-08-08 06:14:10,622] {logging_mixin.py:109} INFO - [2022-08-08 06:14:10,622] {dag.py:2935} INFO - Setting next_dagrun for example_time_delta_sensor_async to None
[2022-08-08 06:14:10,644] {processor.py:171} INFO - Processing /home/airflow/.local/lib/python3.7/site-packages/airflow/example_dags/example_time_delta_sensor_async.py took 0.116 seconds
[2022-08-08 06:14:41,191] {processor.py:163} INFO - Started process (PID=1005) to work on /home/airflow/.local/lib/python3.7/site-packages/airflow/example_dags/example_time_delta_sensor_async.py
[2022-08-08 06:14:41,195] {processor.py:642} INFO - Processing file /home/airflow/.local/lib/python3.7/site-packages/airflow/example_dags/example_time_delta_sensor_async.py for tasks to queue
[2022-08-08 06:14:41,197] {logging_mixin.py:109} INFO - [2022-08-08 06:14:41,197] {dagbag.py:500} INFO - Filling up the DagBag from /home/airflow/.local/lib/python3.7/site-packages/airflow/example_dags/example_time_delta_sensor_async.py
[2022-08-08 06:14:41,232] {processor.py:654} INFO - DAG(s) dict_keys(['example_time_delta_sensor_async']) retrieved from /home/airflow/.local/lib/python3.7/site-packages/airflow/example_dags/example_time_delta_sensor_async.py
[2022-08-08 06:14:41,251] {logging_mixin.py:109} INFO - [2022-08-08 06:14:41,250] {dag.py:2396} INFO - Sync 1 DAGs
[2022-08-08 06:14:41,280] {logging_mixin.py:109} INFO - [2022-08-08 06:14:41,277] {dag.py:2935} INFO - Setting next_dagrun for example_time_delta_sensor_async to None
[2022-08-08 06:14:41,302] {processor.py:171} INFO - Processing /home/airflow/.local/lib/python3.7/site-packages/airflow/example_dags/example_time_delta_sensor_async.py took 0.116 seconds
[2022-08-08 06:15:12,343] {processor.py:163} INFO - Started process (PID=1076) to work on /home/airflow/.local/lib/python3.7/site-packages/airflow/example_dags/example_time_delta_sensor_async.py
[2022-08-08 06:15:12,349] {processor.py:642} INFO - Processing file /home/airflow/.local/lib/python3.7/site-packages/airflow/example_dags/example_time_delta_sensor_async.py for tasks to queue
[2022-08-08 06:15:12,350] {logging_mixin.py:109} INFO - [2022-08-08 06:15:12,350] {dagbag.py:500} INFO - Filling up the DagBag from /home/airflow/.local/lib/python3.7/site-packages/airflow/example_dags/example_time_delta_sensor_async.py
[2022-08-08 06:15:12,414] {processor.py:654} INFO - DAG(s) dict_keys(['example_time_delta_sensor_async']) retrieved from /home/airflow/.local/lib/python3.7/site-packages/airflow/example_dags/example_time_delta_sensor_async.py
[2022-08-08 06:15:12,504] {logging_mixin.py:109} INFO - [2022-08-08 06:15:12,504] {dag.py:2396} INFO - Sync 1 DAGs
[2022-08-08 06:15:12,570] {logging_mixin.py:109} INFO - [2022-08-08 06:15:12,570] {dag.py:2935} INFO - Setting next_dagrun for example_time_delta_sensor_async to None
[2022-08-08 06:15:12,589] {processor.py:171} INFO - Processing /home/airflow/.local/lib/python3.7/site-packages/airflow/example_dags/example_time_delta_sensor_async.py took 0.250 seconds
[2022-08-08 06:15:42,858] {processor.py:163} INFO - Started process (PID=1135) to work on /home/airflow/.local/lib/python3.7/site-packages/airflow/example_dags/example_time_delta_sensor_async.py
[2022-08-08 06:15:42,861] {processor.py:642} INFO - Processing file /home/airflow/.local/lib/python3.7/site-packages/airflow/example_dags/example_time_delta_sensor_async.py for tasks to queue
[2022-08-08 06:15:42,863] {logging_mixin.py:109} INFO - [2022-08-08 06:15:42,863] {dagbag.py:500} INFO - Filling up the DagBag from /home/airflow/.local/lib/python3.7/site-packages/airflow/example_dags/example_time_delta_sensor_async.py
[2022-08-08 06:15:42,927] {processor.py:654} INFO - DAG(s) dict_keys(['example_time_delta_sensor_async']) retrieved from /home/airflow/.local/lib/python3.7/site-packages/airflow/example_dags/example_time_delta_sensor_async.py
[2022-08-08 06:15:42,945] {logging_mixin.py:109} INFO - [2022-08-08 06:15:42,944] {dag.py:2396} INFO - Sync 1 DAGs
[2022-08-08 06:15:42,968] {logging_mixin.py:109} INFO - [2022-08-08 06:15:42,968] {dag.py:2935} INFO - Setting next_dagrun for example_time_delta_sensor_async to None
[2022-08-08 06:15:42,981] {processor.py:171} INFO - Processing /home/airflow/.local/lib/python3.7/site-packages/airflow/example_dags/example_time_delta_sensor_async.py took 0.128 seconds
[2022-08-08 06:16:13,423] {processor.py:163} INFO - Started process (PID=1195) to work on /home/airflow/.local/lib/python3.7/site-packages/airflow/example_dags/example_time_delta_sensor_async.py
[2022-08-08 06:16:13,425] {processor.py:642} INFO - Processing file /home/airflow/.local/lib/python3.7/site-packages/airflow/example_dags/example_time_delta_sensor_async.py for tasks to queue
[2022-08-08 06:16:13,427] {logging_mixin.py:109} INFO - [2022-08-08 06:16:13,427] {dagbag.py:500} INFO - Filling up the DagBag from /home/airflow/.local/lib/python3.7/site-packages/airflow/example_dags/example_time_delta_sensor_async.py
[2022-08-08 06:16:13,465] {processor.py:654} INFO - DAG(s) dict_keys(['example_time_delta_sensor_async']) retrieved from /home/airflow/.local/lib/python3.7/site-packages/airflow/example_dags/example_time_delta_sensor_async.py
[2022-08-08 06:16:13,477] {logging_mixin.py:109} INFO - [2022-08-08 06:16:13,477] {dag.py:2396} INFO - Sync 1 DAGs
[2022-08-08 06:16:13,494] {logging_mixin.py:109} INFO - [2022-08-08 06:16:13,493] {dag.py:2935} INFO - Setting next_dagrun for example_time_delta_sensor_async to None
[2022-08-08 06:16:13,508] {processor.py:171} INFO - Processing /home/airflow/.local/lib/python3.7/site-packages/airflow/example_dags/example_time_delta_sensor_async.py took 0.088 seconds
[2022-08-08 06:16:43,768] {processor.py:163} INFO - Started process (PID=1267) to work on /home/airflow/.local/lib/python3.7/site-packages/airflow/example_dags/example_time_delta_sensor_async.py
[2022-08-08 06:16:43,770] {processor.py:642} INFO - Processing file /home/airflow/.local/lib/python3.7/site-packages/airflow/example_dags/example_time_delta_sensor_async.py for tasks to queue
[2022-08-08 06:16:43,772] {logging_mixin.py:109} INFO - [2022-08-08 06:16:43,772] {dagbag.py:500} INFO - Filling up the DagBag from /home/airflow/.local/lib/python3.7/site-packages/airflow/example_dags/example_time_delta_sensor_async.py
[2022-08-08 06:16:43,804] {processor.py:654} INFO - DAG(s) dict_keys(['example_time_delta_sensor_async']) retrieved from /home/airflow/.local/lib/python3.7/site-packages/airflow/example_dags/example_time_delta_sensor_async.py
[2022-08-08 06:16:43,815] {logging_mixin.py:109} INFO - [2022-08-08 06:16:43,814] {dag.py:2396} INFO - Sync 1 DAGs
[2022-08-08 06:16:43,831] {logging_mixin.py:109} INFO - [2022-08-08 06:16:43,831] {dag.py:2935} INFO - Setting next_dagrun for example_time_delta_sensor_async to None
[2022-08-08 06:16:43,842] {processor.py:171} INFO - Processing /home/airflow/.local/lib/python3.7/site-packages/airflow/example_dags/example_time_delta_sensor_async.py took 0.081 seconds
[2022-08-08 06:17:14,139] {processor.py:163} INFO - Started process (PID=1328) to work on /home/airflow/.local/lib/python3.7/site-packages/airflow/example_dags/example_time_delta_sensor_async.py
[2022-08-08 06:17:14,143] {processor.py:642} INFO - Processing file /home/airflow/.local/lib/python3.7/site-packages/airflow/example_dags/example_time_delta_sensor_async.py for tasks to queue
[2022-08-08 06:17:14,145] {logging_mixin.py:109} INFO - [2022-08-08 06:17:14,145] {dagbag.py:500} INFO - Filling up the DagBag from /home/airflow/.local/lib/python3.7/site-packages/airflow/example_dags/example_time_delta_sensor_async.py
[2022-08-08 06:17:14,180] {processor.py:654} INFO - DAG(s) dict_keys(['example_time_delta_sensor_async']) retrieved from /home/airflow/.local/lib/python3.7/site-packages/airflow/example_dags/example_time_delta_sensor_async.py
[2022-08-08 06:17:14,192] {logging_mixin.py:109} INFO - [2022-08-08 06:17:14,192] {dag.py:2396} INFO - Sync 1 DAGs
[2022-08-08 06:17:14,211] {logging_mixin.py:109} INFO - [2022-08-08 06:17:14,211] {dag.py:2935} INFO - Setting next_dagrun for example_time_delta_sensor_async to None
[2022-08-08 06:17:14,225] {processor.py:171} INFO - Processing /home/airflow/.local/lib/python3.7/site-packages/airflow/example_dags/example_time_delta_sensor_async.py took 0.097 seconds
[2022-08-08 06:17:45,026] {processor.py:163} INFO - Started process (PID=1400) to work on /home/airflow/.local/lib/python3.7/site-packages/airflow/example_dags/example_time_delta_sensor_async.py
[2022-08-08 06:17:45,031] {processor.py:642} INFO - Processing file /home/airflow/.local/lib/python3.7/site-packages/airflow/example_dags/example_time_delta_sensor_async.py for tasks to queue
[2022-08-08 06:17:45,034] {logging_mixin.py:109} INFO - [2022-08-08 06:17:45,033] {dagbag.py:500} INFO - Filling up the DagBag from /home/airflow/.local/lib/python3.7/site-packages/airflow/example_dags/example_time_delta_sensor_async.py
[2022-08-08 06:17:45,104] {processor.py:654} INFO - DAG(s) dict_keys(['example_time_delta_sensor_async']) retrieved from /home/airflow/.local/lib/python3.7/site-packages/airflow/example_dags/example_time_delta_sensor_async.py
[2022-08-08 06:17:45,116] {logging_mixin.py:109} INFO - [2022-08-08 06:17:45,116] {dag.py:2396} INFO - Sync 1 DAGs
[2022-08-08 06:17:45,138] {logging_mixin.py:109} INFO - [2022-08-08 06:17:45,138] {dag.py:2935} INFO - Setting next_dagrun for example_time_delta_sensor_async to None
[2022-08-08 06:17:45,151] {processor.py:171} INFO - Processing /home/airflow/.local/lib/python3.7/site-packages/airflow/example_dags/example_time_delta_sensor_async.py took 0.131 seconds
[2022-08-08 06:18:15,746] {processor.py:163} INFO - Started process (PID=1461) to work on /home/airflow/.local/lib/python3.7/site-packages/airflow/example_dags/example_time_delta_sensor_async.py
[2022-08-08 06:18:15,749] {processor.py:642} INFO - Processing file /home/airflow/.local/lib/python3.7/site-packages/airflow/example_dags/example_time_delta_sensor_async.py for tasks to queue
[2022-08-08 06:18:15,751] {logging_mixin.py:109} INFO - [2022-08-08 06:18:15,750] {dagbag.py:500} INFO - Filling up the DagBag from /home/airflow/.local/lib/python3.7/site-packages/airflow/example_dags/example_time_delta_sensor_async.py
[2022-08-08 06:18:15,786] {processor.py:654} INFO - DAG(s) dict_keys(['example_time_delta_sensor_async']) retrieved from /home/airflow/.local/lib/python3.7/site-packages/airflow/example_dags/example_time_delta_sensor_async.py
[2022-08-08 06:18:15,799] {logging_mixin.py:109} INFO - [2022-08-08 06:18:15,799] {dag.py:2396} INFO - Sync 1 DAGs
[2022-08-08 06:18:15,819] {logging_mixin.py:109} INFO - [2022-08-08 06:18:15,819] {dag.py:2935} INFO - Setting next_dagrun for example_time_delta_sensor_async to None
[2022-08-08 06:18:15,835] {processor.py:171} INFO - Processing /home/airflow/.local/lib/python3.7/site-packages/airflow/example_dags/example_time_delta_sensor_async.py took 0.095 seconds
[2022-08-08 06:18:45,877] {processor.py:163} INFO - Started process (PID=1531) to work on /home/airflow/.local/lib/python3.7/site-packages/airflow/example_dags/example_time_delta_sensor_async.py
[2022-08-08 06:18:45,881] {processor.py:642} INFO - Processing file /home/airflow/.local/lib/python3.7/site-packages/airflow/example_dags/example_time_delta_sensor_async.py for tasks to queue
[2022-08-08 06:18:45,884] {logging_mixin.py:109} INFO - [2022-08-08 06:18:45,884] {dagbag.py:500} INFO - Filling up the DagBag from /home/airflow/.local/lib/python3.7/site-packages/airflow/example_dags/example_time_delta_sensor_async.py
[2022-08-08 06:18:45,931] {processor.py:654} INFO - DAG(s) dict_keys(['example_time_delta_sensor_async']) retrieved from /home/airflow/.local/lib/python3.7/site-packages/airflow/example_dags/example_time_delta_sensor_async.py
[2022-08-08 06:18:45,943] {logging_mixin.py:109} INFO - [2022-08-08 06:18:45,943] {dag.py:2396} INFO - Sync 1 DAGs
[2022-08-08 06:18:45,959] {logging_mixin.py:109} INFO - [2022-08-08 06:18:45,959] {dag.py:2935} INFO - Setting next_dagrun for example_time_delta_sensor_async to None
[2022-08-08 06:18:45,972] {processor.py:171} INFO - Processing /home/airflow/.local/lib/python3.7/site-packages/airflow/example_dags/example_time_delta_sensor_async.py took 0.099 seconds
[2022-08-08 06:19:16,154] {processor.py:163} INFO - Started process (PID=1592) to work on /home/airflow/.local/lib/python3.7/site-packages/airflow/example_dags/example_time_delta_sensor_async.py
[2022-08-08 06:19:16,157] {processor.py:642} INFO - Processing file /home/airflow/.local/lib/python3.7/site-packages/airflow/example_dags/example_time_delta_sensor_async.py for tasks to queue
[2022-08-08 06:19:16,158] {logging_mixin.py:109} INFO - [2022-08-08 06:19:16,158] {dagbag.py:500} INFO - Filling up the DagBag from /home/airflow/.local/lib/python3.7/site-packages/airflow/example_dags/example_time_delta_sensor_async.py
[2022-08-08 06:19:16,218] {processor.py:654} INFO - DAG(s) dict_keys(['example_time_delta_sensor_async']) retrieved from /home/airflow/.local/lib/python3.7/site-packages/airflow/example_dags/example_time_delta_sensor_async.py
[2022-08-08 06:19:16,235] {logging_mixin.py:109} INFO - [2022-08-08 06:19:16,234] {dag.py:2396} INFO - Sync 1 DAGs
[2022-08-08 06:19:16,255] {logging_mixin.py:109} INFO - [2022-08-08 06:19:16,254] {dag.py:2935} INFO - Setting next_dagrun for example_time_delta_sensor_async to None
[2022-08-08 06:19:16,271] {processor.py:171} INFO - Processing /home/airflow/.local/lib/python3.7/site-packages/airflow/example_dags/example_time_delta_sensor_async.py took 0.121 seconds
[2022-08-08 06:19:46,853] {processor.py:163} INFO - Started process (PID=1662) to work on /home/airflow/.local/lib/python3.7/site-packages/airflow/example_dags/example_time_delta_sensor_async.py
[2022-08-08 06:19:46,855] {processor.py:642} INFO - Processing file /home/airflow/.local/lib/python3.7/site-packages/airflow/example_dags/example_time_delta_sensor_async.py for tasks to queue
[2022-08-08 06:19:46,856] {logging_mixin.py:109} INFO - [2022-08-08 06:19:46,856] {dagbag.py:500} INFO - Filling up the DagBag from /home/airflow/.local/lib/python3.7/site-packages/airflow/example_dags/example_time_delta_sensor_async.py
[2022-08-08 06:19:46,897] {processor.py:654} INFO - DAG(s) dict_keys(['example_time_delta_sensor_async']) retrieved from /home/airflow/.local/lib/python3.7/site-packages/airflow/example_dags/example_time_delta_sensor_async.py
[2022-08-08 06:19:46,910] {logging_mixin.py:109} INFO - [2022-08-08 06:19:46,910] {dag.py:2396} INFO - Sync 1 DAGs
[2022-08-08 06:19:46,930] {logging_mixin.py:109} INFO - [2022-08-08 06:19:46,930] {dag.py:2935} INFO - Setting next_dagrun for example_time_delta_sensor_async to None
[2022-08-08 06:19:46,947] {processor.py:171} INFO - Processing /home/airflow/.local/lib/python3.7/site-packages/airflow/example_dags/example_time_delta_sensor_async.py took 0.099 seconds
[2022-08-08 06:20:17,174] {processor.py:163} INFO - Started process (PID=1723) to work on /home/airflow/.local/lib/python3.7/site-packages/airflow/example_dags/example_time_delta_sensor_async.py
[2022-08-08 06:20:17,177] {processor.py:642} INFO - Processing file /home/airflow/.local/lib/python3.7/site-packages/airflow/example_dags/example_time_delta_sensor_async.py for tasks to queue
[2022-08-08 06:20:17,180] {logging_mixin.py:109} INFO - [2022-08-08 06:20:17,179] {dagbag.py:500} INFO - Filling up the DagBag from /home/airflow/.local/lib/python3.7/site-packages/airflow/example_dags/example_time_delta_sensor_async.py
[2022-08-08 06:20:17,212] {processor.py:654} INFO - DAG(s) dict_keys(['example_time_delta_sensor_async']) retrieved from /home/airflow/.local/lib/python3.7/site-packages/airflow/example_dags/example_time_delta_sensor_async.py
[2022-08-08 06:20:17,224] {logging_mixin.py:109} INFO - [2022-08-08 06:20:17,224] {dag.py:2396} INFO - Sync 1 DAGs
[2022-08-08 06:20:17,242] {logging_mixin.py:109} INFO - [2022-08-08 06:20:17,241] {dag.py:2935} INFO - Setting next_dagrun for example_time_delta_sensor_async to None
[2022-08-08 06:20:17,254] {processor.py:171} INFO - Processing /home/airflow/.local/lib/python3.7/site-packages/airflow/example_dags/example_time_delta_sensor_async.py took 0.085 seconds
[2022-08-08 06:20:47,592] {processor.py:163} INFO - Started process (PID=1783) to work on /home/airflow/.local/lib/python3.7/site-packages/airflow/example_dags/example_time_delta_sensor_async.py
[2022-08-08 06:20:47,594] {processor.py:642} INFO - Processing file /home/airflow/.local/lib/python3.7/site-packages/airflow/example_dags/example_time_delta_sensor_async.py for tasks to queue
[2022-08-08 06:20:47,595] {logging_mixin.py:109} INFO - [2022-08-08 06:20:47,595] {dagbag.py:500} INFO - Filling up the DagBag from /home/airflow/.local/lib/python3.7/site-packages/airflow/example_dags/example_time_delta_sensor_async.py
[2022-08-08 06:20:47,626] {processor.py:654} INFO - DAG(s) dict_keys(['example_time_delta_sensor_async']) retrieved from /home/airflow/.local/lib/python3.7/site-packages/airflow/example_dags/example_time_delta_sensor_async.py
[2022-08-08 06:20:47,638] {logging_mixin.py:109} INFO - [2022-08-08 06:20:47,638] {dag.py:2396} INFO - Sync 1 DAGs
[2022-08-08 06:20:47,655] {logging_mixin.py:109} INFO - [2022-08-08 06:20:47,655] {dag.py:2935} INFO - Setting next_dagrun for example_time_delta_sensor_async to None
[2022-08-08 06:20:47,667] {processor.py:171} INFO - Processing /home/airflow/.local/lib/python3.7/site-packages/airflow/example_dags/example_time_delta_sensor_async.py took 0.081 seconds
[2022-08-08 06:21:17,957] {processor.py:163} INFO - Started process (PID=1852) to work on /home/airflow/.local/lib/python3.7/site-packages/airflow/example_dags/example_time_delta_sensor_async.py
[2022-08-08 06:21:17,960] {processor.py:642} INFO - Processing file /home/airflow/.local/lib/python3.7/site-packages/airflow/example_dags/example_time_delta_sensor_async.py for tasks to queue
[2022-08-08 06:21:17,963] {logging_mixin.py:109} INFO - [2022-08-08 06:21:17,963] {dagbag.py:500} INFO - Filling up the DagBag from /home/airflow/.local/lib/python3.7/site-packages/airflow/example_dags/example_time_delta_sensor_async.py
[2022-08-08 06:21:18,002] {processor.py:654} INFO - DAG(s) dict_keys(['example_time_delta_sensor_async']) retrieved from /home/airflow/.local/lib/python3.7/site-packages/airflow/example_dags/example_time_delta_sensor_async.py
[2022-08-08 06:21:18,018] {logging_mixin.py:109} INFO - [2022-08-08 06:21:18,017] {dag.py:2396} INFO - Sync 1 DAGs
[2022-08-08 06:21:18,040] {logging_mixin.py:109} INFO - [2022-08-08 06:21:18,040] {dag.py:2935} INFO - Setting next_dagrun for example_time_delta_sensor_async to None
[2022-08-08 06:21:18,053] {processor.py:171} INFO - Processing /home/airflow/.local/lib/python3.7/site-packages/airflow/example_dags/example_time_delta_sensor_async.py took 0.101 seconds
[2022-08-08 06:21:48,306] {processor.py:163} INFO - Started process (PID=1911) to work on /home/airflow/.local/lib/python3.7/site-packages/airflow/example_dags/example_time_delta_sensor_async.py
[2022-08-08 06:21:48,309] {processor.py:642} INFO - Processing file /home/airflow/.local/lib/python3.7/site-packages/airflow/example_dags/example_time_delta_sensor_async.py for tasks to queue
[2022-08-08 06:21:48,311] {logging_mixin.py:109} INFO - [2022-08-08 06:21:48,311] {dagbag.py:500} INFO - Filling up the DagBag from /home/airflow/.local/lib/python3.7/site-packages/airflow/example_dags/example_time_delta_sensor_async.py
[2022-08-08 06:21:48,347] {processor.py:654} INFO - DAG(s) dict_keys(['example_time_delta_sensor_async']) retrieved from /home/airflow/.local/lib/python3.7/site-packages/airflow/example_dags/example_time_delta_sensor_async.py
[2022-08-08 06:21:48,361] {logging_mixin.py:109} INFO - [2022-08-08 06:21:48,361] {dag.py:2396} INFO - Sync 1 DAGs
[2022-08-08 06:21:48,387] {logging_mixin.py:109} INFO - [2022-08-08 06:21:48,387] {dag.py:2935} INFO - Setting next_dagrun for example_time_delta_sensor_async to None
[2022-08-08 06:21:48,495] {processor.py:171} INFO - Processing /home/airflow/.local/lib/python3.7/site-packages/airflow/example_dags/example_time_delta_sensor_async.py took 0.196 seconds
[2022-08-08 06:22:18,660] {processor.py:163} INFO - Started process (PID=1981) to work on /home/airflow/.local/lib/python3.7/site-packages/airflow/example_dags/example_time_delta_sensor_async.py
[2022-08-08 06:22:18,665] {processor.py:642} INFO - Processing file /home/airflow/.local/lib/python3.7/site-packages/airflow/example_dags/example_time_delta_sensor_async.py for tasks to queue
[2022-08-08 06:22:18,666] {logging_mixin.py:109} INFO - [2022-08-08 06:22:18,666] {dagbag.py:500} INFO - Filling up the DagBag from /home/airflow/.local/lib/python3.7/site-packages/airflow/example_dags/example_time_delta_sensor_async.py
[2022-08-08 06:22:18,728] {processor.py:654} INFO - DAG(s) dict_keys(['example_time_delta_sensor_async']) retrieved from /home/airflow/.local/lib/python3.7/site-packages/airflow/example_dags/example_time_delta_sensor_async.py
[2022-08-08 06:22:18,744] {logging_mixin.py:109} INFO - [2022-08-08 06:22:18,744] {dag.py:2396} INFO - Sync 1 DAGs
[2022-08-08 06:22:18,859] {logging_mixin.py:109} INFO - [2022-08-08 06:22:18,858] {dag.py:2935} INFO - Setting next_dagrun for example_time_delta_sensor_async to None
[2022-08-08 06:22:18,871] {processor.py:171} INFO - Processing /home/airflow/.local/lib/python3.7/site-packages/airflow/example_dags/example_time_delta_sensor_async.py took 0.218 seconds
[2022-08-08 07:11:44,495] {processor.py:163} INFO - Started process (PID=2067) to work on /home/airflow/.local/lib/python3.7/site-packages/airflow/example_dags/example_time_delta_sensor_async.py
[2022-08-08 07:11:44,497] {processor.py:642} INFO - Processing file /home/airflow/.local/lib/python3.7/site-packages/airflow/example_dags/example_time_delta_sensor_async.py for tasks to queue
[2022-08-08 07:11:44,499] {logging_mixin.py:109} INFO - [2022-08-08 07:11:44,499] {dagbag.py:500} INFO - Filling up the DagBag from /home/airflow/.local/lib/python3.7/site-packages/airflow/example_dags/example_time_delta_sensor_async.py
[2022-08-08 07:11:44,554] {processor.py:654} INFO - DAG(s) dict_keys(['example_time_delta_sensor_async']) retrieved from /home/airflow/.local/lib/python3.7/site-packages/airflow/example_dags/example_time_delta_sensor_async.py
[2022-08-08 07:11:44,798] {logging_mixin.py:109} INFO - [2022-08-08 07:11:44,798] {dag.py:2396} INFO - Sync 1 DAGs
[2022-08-08 07:11:44,826] {logging_mixin.py:109} INFO - [2022-08-08 07:11:44,826] {dag.py:2935} INFO - Setting next_dagrun for example_time_delta_sensor_async to None
[2022-08-08 07:11:44,838] {processor.py:171} INFO - Processing /home/airflow/.local/lib/python3.7/site-packages/airflow/example_dags/example_time_delta_sensor_async.py took 0.347 seconds
[2022-08-08 09:12:26,199] {processor.py:163} INFO - Started process (PID=2130) to work on /home/airflow/.local/lib/python3.7/site-packages/airflow/example_dags/example_time_delta_sensor_async.py
[2022-08-08 09:12:26,202] {processor.py:642} INFO - Processing file /home/airflow/.local/lib/python3.7/site-packages/airflow/example_dags/example_time_delta_sensor_async.py for tasks to queue
[2022-08-08 09:12:26,204] {logging_mixin.py:109} INFO - [2022-08-08 09:12:26,204] {dagbag.py:500} INFO - Filling up the DagBag from /home/airflow/.local/lib/python3.7/site-packages/airflow/example_dags/example_time_delta_sensor_async.py
[2022-08-08 09:12:26,300] {processor.py:654} INFO - DAG(s) dict_keys(['example_time_delta_sensor_async']) retrieved from /home/airflow/.local/lib/python3.7/site-packages/airflow/example_dags/example_time_delta_sensor_async.py
[2022-08-08 09:12:26,335] {logging_mixin.py:109} INFO - [2022-08-08 09:12:26,335] {dag.py:2396} INFO - Sync 1 DAGs
[2022-08-08 09:12:26,414] {logging_mixin.py:109} INFO - [2022-08-08 09:12:26,414] {dag.py:2935} INFO - Setting next_dagrun for example_time_delta_sensor_async to None
[2022-08-08 09:12:26,437] {processor.py:171} INFO - Processing /home/airflow/.local/lib/python3.7/site-packages/airflow/example_dags/example_time_delta_sensor_async.py took 0.251 seconds
[2022-08-08 09:16:11,753] {processor.py:163} INFO - Started process (PID=2161) to work on /home/airflow/.local/lib/python3.7/site-packages/airflow/example_dags/example_time_delta_sensor_async.py
[2022-08-08 09:16:11,756] {processor.py:642} INFO - Processing file /home/airflow/.local/lib/python3.7/site-packages/airflow/example_dags/example_time_delta_sensor_async.py for tasks to queue
[2022-08-08 09:16:11,759] {logging_mixin.py:109} INFO - [2022-08-08 09:16:11,759] {dagbag.py:500} INFO - Filling up the DagBag from /home/airflow/.local/lib/python3.7/site-packages/airflow/example_dags/example_time_delta_sensor_async.py
[2022-08-08 09:16:11,802] {processor.py:654} INFO - DAG(s) dict_keys(['example_time_delta_sensor_async']) retrieved from /home/airflow/.local/lib/python3.7/site-packages/airflow/example_dags/example_time_delta_sensor_async.py
[2022-08-08 09:16:11,817] {logging_mixin.py:109} INFO - [2022-08-08 09:16:11,817] {dag.py:2396} INFO - Sync 1 DAGs
[2022-08-08 09:16:11,852] {logging_mixin.py:109} INFO - [2022-08-08 09:16:11,852] {dag.py:2935} INFO - Setting next_dagrun for example_time_delta_sensor_async to None
[2022-08-08 09:16:11,871] {processor.py:171} INFO - Processing /home/airflow/.local/lib/python3.7/site-packages/airflow/example_dags/example_time_delta_sensor_async.py took 0.125 seconds
[2022-08-08 09:33:42,777] {processor.py:163} INFO - Started process (PID=2254) to work on /home/airflow/.local/lib/python3.7/site-packages/airflow/example_dags/example_time_delta_sensor_async.py
[2022-08-08 09:33:44,013] {processor.py:642} INFO - Processing file /home/airflow/.local/lib/python3.7/site-packages/airflow/example_dags/example_time_delta_sensor_async.py for tasks to queue
[2022-08-08 09:33:45,126] {logging_mixin.py:109} INFO - [2022-08-08 09:33:44,894] {dagbag.py:500} INFO - Filling up the DagBag from /home/airflow/.local/lib/python3.7/site-packages/airflow/example_dags/example_time_delta_sensor_async.py
[2022-08-08 09:34:13,223] {processor.py:654} INFO - DAG(s) dict_keys(['example_time_delta_sensor_async']) retrieved from /home/airflow/.local/lib/python3.7/site-packages/airflow/example_dags/example_time_delta_sensor_async.py
[2022-08-08 09:34:26,385] {logging_mixin.py:109} INFO - [2022-08-08 09:34:26,293] {dag.py:2396} INFO - Sync 1 DAGs
[2022-08-08 09:34:35,473] {logging_mixin.py:109} INFO - [2022-08-08 09:34:35,473] {dag.py:2935} INFO - Setting next_dagrun for example_time_delta_sensor_async to None
[2022-08-08 09:34:35,966] {processor.py:171} INFO - Processing /home/airflow/.local/lib/python3.7/site-packages/airflow/example_dags/example_time_delta_sensor_async.py took 56.429 seconds
