[2022-08-08 06:07:17,024] {processor.py:163} INFO - Started process (PID=95) to work on /home/airflow/.local/lib/python3.7/site-packages/airflow/example_dags/example_trigger_target_dag.py
[2022-08-08 06:07:17,048] {processor.py:642} INFO - Processing file /home/airflow/.local/lib/python3.7/site-packages/airflow/example_dags/example_trigger_target_dag.py for tasks to queue
[2022-08-08 06:07:17,061] {logging_mixin.py:109} INFO - [2022-08-08 06:07:17,060] {dagbag.py:500} INFO - Filling up the DagBag from /home/airflow/.local/lib/python3.7/site-packages/airflow/example_dags/example_trigger_target_dag.py
[2022-08-08 06:07:17,421] {processor.py:654} INFO - DAG(s) dict_keys(['example_trigger_target_dag']) retrieved from /home/airflow/.local/lib/python3.7/site-packages/airflow/example_dags/example_trigger_target_dag.py
[2022-08-08 06:07:17,557] {logging_mixin.py:109} INFO - [2022-08-08 06:07:17,557] {dag.py:2396} INFO - Sync 1 DAGs
[2022-08-08 06:07:17,722] {logging_mixin.py:109} INFO - [2022-08-08 06:07:17,722] {dag.py:2935} INFO - Setting next_dagrun for example_trigger_target_dag to None
[2022-08-08 06:07:17,817] {processor.py:171} INFO - Processing /home/airflow/.local/lib/python3.7/site-packages/airflow/example_dags/example_trigger_target_dag.py took 0.814 seconds
[2022-08-08 06:07:48,212] {processor.py:163} INFO - Started process (PID=146) to work on /home/airflow/.local/lib/python3.7/site-packages/airflow/example_dags/example_trigger_target_dag.py
[2022-08-08 06:07:48,228] {processor.py:642} INFO - Processing file /home/airflow/.local/lib/python3.7/site-packages/airflow/example_dags/example_trigger_target_dag.py for tasks to queue
[2022-08-08 06:07:48,230] {logging_mixin.py:109} INFO - [2022-08-08 06:07:48,230] {dagbag.py:500} INFO - Filling up the DagBag from /home/airflow/.local/lib/python3.7/site-packages/airflow/example_dags/example_trigger_target_dag.py
[2022-08-08 06:07:48,389] {processor.py:654} INFO - DAG(s) dict_keys(['example_trigger_target_dag']) retrieved from /home/airflow/.local/lib/python3.7/site-packages/airflow/example_dags/example_trigger_target_dag.py
[2022-08-08 06:07:48,429] {logging_mixin.py:109} INFO - [2022-08-08 06:07:48,429] {dag.py:2396} INFO - Sync 1 DAGs
[2022-08-08 06:07:48,479] {logging_mixin.py:109} INFO - [2022-08-08 06:07:48,479] {dag.py:2935} INFO - Setting next_dagrun for example_trigger_target_dag to None
[2022-08-08 06:07:48,516] {processor.py:171} INFO - Processing /home/airflow/.local/lib/python3.7/site-packages/airflow/example_dags/example_trigger_target_dag.py took 0.308 seconds
[2022-08-08 06:08:19,288] {processor.py:163} INFO - Started process (PID=215) to work on /home/airflow/.local/lib/python3.7/site-packages/airflow/example_dags/example_trigger_target_dag.py
[2022-08-08 06:08:19,292] {processor.py:642} INFO - Processing file /home/airflow/.local/lib/python3.7/site-packages/airflow/example_dags/example_trigger_target_dag.py for tasks to queue
[2022-08-08 06:08:19,300] {logging_mixin.py:109} INFO - [2022-08-08 06:08:19,298] {dagbag.py:500} INFO - Filling up the DagBag from /home/airflow/.local/lib/python3.7/site-packages/airflow/example_dags/example_trigger_target_dag.py
[2022-08-08 06:08:19,437] {processor.py:654} INFO - DAG(s) dict_keys(['example_trigger_target_dag']) retrieved from /home/airflow/.local/lib/python3.7/site-packages/airflow/example_dags/example_trigger_target_dag.py
[2022-08-08 06:08:19,459] {logging_mixin.py:109} INFO - [2022-08-08 06:08:19,459] {dag.py:2396} INFO - Sync 1 DAGs
[2022-08-08 06:08:19,588] {logging_mixin.py:109} INFO - [2022-08-08 06:08:19,588] {dag.py:2935} INFO - Setting next_dagrun for example_trigger_target_dag to None
[2022-08-08 06:08:19,620] {processor.py:171} INFO - Processing /home/airflow/.local/lib/python3.7/site-packages/airflow/example_dags/example_trigger_target_dag.py took 0.353 seconds
[2022-08-08 06:08:50,190] {processor.py:163} INFO - Started process (PID=275) to work on /home/airflow/.local/lib/python3.7/site-packages/airflow/example_dags/example_trigger_target_dag.py
[2022-08-08 06:08:50,196] {processor.py:642} INFO - Processing file /home/airflow/.local/lib/python3.7/site-packages/airflow/example_dags/example_trigger_target_dag.py for tasks to queue
[2022-08-08 06:08:50,200] {logging_mixin.py:109} INFO - [2022-08-08 06:08:50,199] {dagbag.py:500} INFO - Filling up the DagBag from /home/airflow/.local/lib/python3.7/site-packages/airflow/example_dags/example_trigger_target_dag.py
[2022-08-08 06:08:50,241] {processor.py:654} INFO - DAG(s) dict_keys(['example_trigger_target_dag']) retrieved from /home/airflow/.local/lib/python3.7/site-packages/airflow/example_dags/example_trigger_target_dag.py
[2022-08-08 06:08:50,255] {logging_mixin.py:109} INFO - [2022-08-08 06:08:50,255] {dag.py:2396} INFO - Sync 1 DAGs
[2022-08-08 06:08:50,303] {logging_mixin.py:109} INFO - [2022-08-08 06:08:50,303] {dag.py:2935} INFO - Setting next_dagrun for example_trigger_target_dag to None
[2022-08-08 06:08:50,331] {processor.py:171} INFO - Processing /home/airflow/.local/lib/python3.7/site-packages/airflow/example_dags/example_trigger_target_dag.py took 0.147 seconds
[2022-08-08 06:09:20,698] {processor.py:163} INFO - Started process (PID=335) to work on /home/airflow/.local/lib/python3.7/site-packages/airflow/example_dags/example_trigger_target_dag.py
[2022-08-08 06:09:20,701] {processor.py:642} INFO - Processing file /home/airflow/.local/lib/python3.7/site-packages/airflow/example_dags/example_trigger_target_dag.py for tasks to queue
[2022-08-08 06:09:20,704] {logging_mixin.py:109} INFO - [2022-08-08 06:09:20,703] {dagbag.py:500} INFO - Filling up the DagBag from /home/airflow/.local/lib/python3.7/site-packages/airflow/example_dags/example_trigger_target_dag.py
[2022-08-08 06:09:20,778] {processor.py:654} INFO - DAG(s) dict_keys(['example_trigger_target_dag']) retrieved from /home/airflow/.local/lib/python3.7/site-packages/airflow/example_dags/example_trigger_target_dag.py
[2022-08-08 06:09:20,803] {logging_mixin.py:109} INFO - [2022-08-08 06:09:20,803] {dag.py:2396} INFO - Sync 1 DAGs
[2022-08-08 06:09:20,823] {logging_mixin.py:109} INFO - [2022-08-08 06:09:20,823] {dag.py:2935} INFO - Setting next_dagrun for example_trigger_target_dag to None
[2022-08-08 06:09:20,849] {processor.py:171} INFO - Processing /home/airflow/.local/lib/python3.7/site-packages/airflow/example_dags/example_trigger_target_dag.py took 0.163 seconds
[2022-08-08 06:09:50,969] {processor.py:163} INFO - Started process (PID=405) to work on /home/airflow/.local/lib/python3.7/site-packages/airflow/example_dags/example_trigger_target_dag.py
[2022-08-08 06:09:50,973] {processor.py:642} INFO - Processing file /home/airflow/.local/lib/python3.7/site-packages/airflow/example_dags/example_trigger_target_dag.py for tasks to queue
[2022-08-08 06:09:50,975] {logging_mixin.py:109} INFO - [2022-08-08 06:09:50,974] {dagbag.py:500} INFO - Filling up the DagBag from /home/airflow/.local/lib/python3.7/site-packages/airflow/example_dags/example_trigger_target_dag.py
[2022-08-08 06:09:51,017] {processor.py:654} INFO - DAG(s) dict_keys(['example_trigger_target_dag']) retrieved from /home/airflow/.local/lib/python3.7/site-packages/airflow/example_dags/example_trigger_target_dag.py
[2022-08-08 06:09:51,035] {logging_mixin.py:109} INFO - [2022-08-08 06:09:51,034] {dag.py:2396} INFO - Sync 1 DAGs
[2022-08-08 06:09:51,092] {logging_mixin.py:109} INFO - [2022-08-08 06:09:51,092] {dag.py:2935} INFO - Setting next_dagrun for example_trigger_target_dag to None
[2022-08-08 06:09:51,117] {processor.py:171} INFO - Processing /home/airflow/.local/lib/python3.7/site-packages/airflow/example_dags/example_trigger_target_dag.py took 0.154 seconds
[2022-08-08 06:10:21,187] {processor.py:163} INFO - Started process (PID=466) to work on /home/airflow/.local/lib/python3.7/site-packages/airflow/example_dags/example_trigger_target_dag.py
[2022-08-08 06:10:21,189] {processor.py:642} INFO - Processing file /home/airflow/.local/lib/python3.7/site-packages/airflow/example_dags/example_trigger_target_dag.py for tasks to queue
[2022-08-08 06:10:21,191] {logging_mixin.py:109} INFO - [2022-08-08 06:10:21,190] {dagbag.py:500} INFO - Filling up the DagBag from /home/airflow/.local/lib/python3.7/site-packages/airflow/example_dags/example_trigger_target_dag.py
[2022-08-08 06:10:21,237] {processor.py:654} INFO - DAG(s) dict_keys(['example_trigger_target_dag']) retrieved from /home/airflow/.local/lib/python3.7/site-packages/airflow/example_dags/example_trigger_target_dag.py
[2022-08-08 06:10:21,248] {logging_mixin.py:109} INFO - [2022-08-08 06:10:21,248] {dag.py:2396} INFO - Sync 1 DAGs
[2022-08-08 06:10:21,263] {logging_mixin.py:109} INFO - [2022-08-08 06:10:21,263] {dag.py:2935} INFO - Setting next_dagrun for example_trigger_target_dag to None
[2022-08-08 06:10:21,274] {processor.py:171} INFO - Processing /home/airflow/.local/lib/python3.7/site-packages/airflow/example_dags/example_trigger_target_dag.py took 0.092 seconds
[2022-08-08 06:10:51,360] {processor.py:163} INFO - Started process (PID=534) to work on /home/airflow/.local/lib/python3.7/site-packages/airflow/example_dags/example_trigger_target_dag.py
[2022-08-08 06:10:51,363] {processor.py:642} INFO - Processing file /home/airflow/.local/lib/python3.7/site-packages/airflow/example_dags/example_trigger_target_dag.py for tasks to queue
[2022-08-08 06:10:51,366] {logging_mixin.py:109} INFO - [2022-08-08 06:10:51,366] {dagbag.py:500} INFO - Filling up the DagBag from /home/airflow/.local/lib/python3.7/site-packages/airflow/example_dags/example_trigger_target_dag.py
[2022-08-08 06:10:51,446] {processor.py:654} INFO - DAG(s) dict_keys(['example_trigger_target_dag']) retrieved from /home/airflow/.local/lib/python3.7/site-packages/airflow/example_dags/example_trigger_target_dag.py
[2022-08-08 06:10:51,476] {logging_mixin.py:109} INFO - [2022-08-08 06:10:51,473] {dag.py:2396} INFO - Sync 1 DAGs
[2022-08-08 06:10:51,513] {logging_mixin.py:109} INFO - [2022-08-08 06:10:51,513] {dag.py:2935} INFO - Setting next_dagrun for example_trigger_target_dag to None
[2022-08-08 06:10:51,528] {processor.py:171} INFO - Processing /home/airflow/.local/lib/python3.7/site-packages/airflow/example_dags/example_trigger_target_dag.py took 0.172 seconds
[2022-08-08 06:11:21,712] {processor.py:163} INFO - Started process (PID=595) to work on /home/airflow/.local/lib/python3.7/site-packages/airflow/example_dags/example_trigger_target_dag.py
[2022-08-08 06:11:21,714] {processor.py:642} INFO - Processing file /home/airflow/.local/lib/python3.7/site-packages/airflow/example_dags/example_trigger_target_dag.py for tasks to queue
[2022-08-08 06:11:21,715] {logging_mixin.py:109} INFO - [2022-08-08 06:11:21,715] {dagbag.py:500} INFO - Filling up the DagBag from /home/airflow/.local/lib/python3.7/site-packages/airflow/example_dags/example_trigger_target_dag.py
[2022-08-08 06:11:21,760] {processor.py:654} INFO - DAG(s) dict_keys(['example_trigger_target_dag']) retrieved from /home/airflow/.local/lib/python3.7/site-packages/airflow/example_dags/example_trigger_target_dag.py
[2022-08-08 06:11:21,772] {logging_mixin.py:109} INFO - [2022-08-08 06:11:21,772] {dag.py:2396} INFO - Sync 1 DAGs
[2022-08-08 06:11:21,796] {logging_mixin.py:109} INFO - [2022-08-08 06:11:21,796] {dag.py:2935} INFO - Setting next_dagrun for example_trigger_target_dag to None
[2022-08-08 06:11:21,814] {processor.py:171} INFO - Processing /home/airflow/.local/lib/python3.7/site-packages/airflow/example_dags/example_trigger_target_dag.py took 0.109 seconds
[2022-08-08 06:11:52,494] {processor.py:163} INFO - Started process (PID=664) to work on /home/airflow/.local/lib/python3.7/site-packages/airflow/example_dags/example_trigger_target_dag.py
[2022-08-08 06:11:52,497] {processor.py:642} INFO - Processing file /home/airflow/.local/lib/python3.7/site-packages/airflow/example_dags/example_trigger_target_dag.py for tasks to queue
[2022-08-08 06:11:52,498] {logging_mixin.py:109} INFO - [2022-08-08 06:11:52,498] {dagbag.py:500} INFO - Filling up the DagBag from /home/airflow/.local/lib/python3.7/site-packages/airflow/example_dags/example_trigger_target_dag.py
[2022-08-08 06:11:52,565] {processor.py:654} INFO - DAG(s) dict_keys(['example_trigger_target_dag']) retrieved from /home/airflow/.local/lib/python3.7/site-packages/airflow/example_dags/example_trigger_target_dag.py
[2022-08-08 06:11:52,585] {logging_mixin.py:109} INFO - [2022-08-08 06:11:52,584] {dag.py:2396} INFO - Sync 1 DAGs
[2022-08-08 06:11:52,617] {logging_mixin.py:109} INFO - [2022-08-08 06:11:52,617] {dag.py:2935} INFO - Setting next_dagrun for example_trigger_target_dag to None
[2022-08-08 06:11:52,632] {processor.py:171} INFO - Processing /home/airflow/.local/lib/python3.7/site-packages/airflow/example_dags/example_trigger_target_dag.py took 0.144 seconds
[2022-08-08 06:12:22,904] {processor.py:163} INFO - Started process (PID=724) to work on /home/airflow/.local/lib/python3.7/site-packages/airflow/example_dags/example_trigger_target_dag.py
[2022-08-08 06:12:22,907] {processor.py:642} INFO - Processing file /home/airflow/.local/lib/python3.7/site-packages/airflow/example_dags/example_trigger_target_dag.py for tasks to queue
[2022-08-08 06:12:22,909] {logging_mixin.py:109} INFO - [2022-08-08 06:12:22,909] {dagbag.py:500} INFO - Filling up the DagBag from /home/airflow/.local/lib/python3.7/site-packages/airflow/example_dags/example_trigger_target_dag.py
[2022-08-08 06:12:22,958] {processor.py:654} INFO - DAG(s) dict_keys(['example_trigger_target_dag']) retrieved from /home/airflow/.local/lib/python3.7/site-packages/airflow/example_dags/example_trigger_target_dag.py
[2022-08-08 06:12:22,976] {logging_mixin.py:109} INFO - [2022-08-08 06:12:22,976] {dag.py:2396} INFO - Sync 1 DAGs
[2022-08-08 06:12:23,001] {logging_mixin.py:109} INFO - [2022-08-08 06:12:23,001] {dag.py:2935} INFO - Setting next_dagrun for example_trigger_target_dag to None
[2022-08-08 06:12:23,019] {processor.py:171} INFO - Processing /home/airflow/.local/lib/python3.7/site-packages/airflow/example_dags/example_trigger_target_dag.py took 0.122 seconds
[2022-08-08 06:12:53,507] {processor.py:163} INFO - Started process (PID=784) to work on /home/airflow/.local/lib/python3.7/site-packages/airflow/example_dags/example_trigger_target_dag.py
[2022-08-08 06:12:53,510] {processor.py:642} INFO - Processing file /home/airflow/.local/lib/python3.7/site-packages/airflow/example_dags/example_trigger_target_dag.py for tasks to queue
[2022-08-08 06:12:53,513] {logging_mixin.py:109} INFO - [2022-08-08 06:12:53,512] {dagbag.py:500} INFO - Filling up the DagBag from /home/airflow/.local/lib/python3.7/site-packages/airflow/example_dags/example_trigger_target_dag.py
[2022-08-08 06:12:53,557] {processor.py:654} INFO - DAG(s) dict_keys(['example_trigger_target_dag']) retrieved from /home/airflow/.local/lib/python3.7/site-packages/airflow/example_dags/example_trigger_target_dag.py
[2022-08-08 06:12:53,572] {logging_mixin.py:109} INFO - [2022-08-08 06:12:53,572] {dag.py:2396} INFO - Sync 1 DAGs
[2022-08-08 06:12:53,600] {logging_mixin.py:109} INFO - [2022-08-08 06:12:53,600] {dag.py:2935} INFO - Setting next_dagrun for example_trigger_target_dag to None
[2022-08-08 06:12:53,612] {processor.py:171} INFO - Processing /home/airflow/.local/lib/python3.7/site-packages/airflow/example_dags/example_trigger_target_dag.py took 0.116 seconds
[2022-08-08 06:13:24,011] {processor.py:163} INFO - Started process (PID=854) to work on /home/airflow/.local/lib/python3.7/site-packages/airflow/example_dags/example_trigger_target_dag.py
[2022-08-08 06:13:24,013] {processor.py:642} INFO - Processing file /home/airflow/.local/lib/python3.7/site-packages/airflow/example_dags/example_trigger_target_dag.py for tasks to queue
[2022-08-08 06:13:24,015] {logging_mixin.py:109} INFO - [2022-08-08 06:13:24,015] {dagbag.py:500} INFO - Filling up the DagBag from /home/airflow/.local/lib/python3.7/site-packages/airflow/example_dags/example_trigger_target_dag.py
[2022-08-08 06:13:24,050] {processor.py:654} INFO - DAG(s) dict_keys(['example_trigger_target_dag']) retrieved from /home/airflow/.local/lib/python3.7/site-packages/airflow/example_dags/example_trigger_target_dag.py
[2022-08-08 06:13:24,062] {logging_mixin.py:109} INFO - [2022-08-08 06:13:24,062] {dag.py:2396} INFO - Sync 1 DAGs
[2022-08-08 06:13:24,082] {logging_mixin.py:109} INFO - [2022-08-08 06:13:24,082] {dag.py:2935} INFO - Setting next_dagrun for example_trigger_target_dag to None
[2022-08-08 06:13:24,098] {processor.py:171} INFO - Processing /home/airflow/.local/lib/python3.7/site-packages/airflow/example_dags/example_trigger_target_dag.py took 0.093 seconds
[2022-08-08 06:13:54,622] {processor.py:163} INFO - Started process (PID=914) to work on /home/airflow/.local/lib/python3.7/site-packages/airflow/example_dags/example_trigger_target_dag.py
[2022-08-08 06:13:54,624] {processor.py:642} INFO - Processing file /home/airflow/.local/lib/python3.7/site-packages/airflow/example_dags/example_trigger_target_dag.py for tasks to queue
[2022-08-08 06:13:54,626] {logging_mixin.py:109} INFO - [2022-08-08 06:13:54,626] {dagbag.py:500} INFO - Filling up the DagBag from /home/airflow/.local/lib/python3.7/site-packages/airflow/example_dags/example_trigger_target_dag.py
[2022-08-08 06:13:54,663] {processor.py:654} INFO - DAG(s) dict_keys(['example_trigger_target_dag']) retrieved from /home/airflow/.local/lib/python3.7/site-packages/airflow/example_dags/example_trigger_target_dag.py
[2022-08-08 06:13:54,676] {logging_mixin.py:109} INFO - [2022-08-08 06:13:54,676] {dag.py:2396} INFO - Sync 1 DAGs
[2022-08-08 06:13:54,694] {logging_mixin.py:109} INFO - [2022-08-08 06:13:54,694] {dag.py:2935} INFO - Setting next_dagrun for example_trigger_target_dag to None
[2022-08-08 06:13:54,717] {processor.py:171} INFO - Processing /home/airflow/.local/lib/python3.7/site-packages/airflow/example_dags/example_trigger_target_dag.py took 0.098 seconds
[2022-08-08 06:14:25,230] {processor.py:163} INFO - Started process (PID=983) to work on /home/airflow/.local/lib/python3.7/site-packages/airflow/example_dags/example_trigger_target_dag.py
[2022-08-08 06:14:25,232] {processor.py:642} INFO - Processing file /home/airflow/.local/lib/python3.7/site-packages/airflow/example_dags/example_trigger_target_dag.py for tasks to queue
[2022-08-08 06:14:25,234] {logging_mixin.py:109} INFO - [2022-08-08 06:14:25,234] {dagbag.py:500} INFO - Filling up the DagBag from /home/airflow/.local/lib/python3.7/site-packages/airflow/example_dags/example_trigger_target_dag.py
[2022-08-08 06:14:25,271] {processor.py:654} INFO - DAG(s) dict_keys(['example_trigger_target_dag']) retrieved from /home/airflow/.local/lib/python3.7/site-packages/airflow/example_dags/example_trigger_target_dag.py
[2022-08-08 06:14:25,283] {logging_mixin.py:109} INFO - [2022-08-08 06:14:25,283] {dag.py:2396} INFO - Sync 1 DAGs
[2022-08-08 06:14:25,304] {logging_mixin.py:109} INFO - [2022-08-08 06:14:25,304] {dag.py:2935} INFO - Setting next_dagrun for example_trigger_target_dag to None
[2022-08-08 06:14:25,318] {processor.py:171} INFO - Processing /home/airflow/.local/lib/python3.7/site-packages/airflow/example_dags/example_trigger_target_dag.py took 0.092 seconds
[2022-08-08 06:14:55,879] {processor.py:163} INFO - Started process (PID=1044) to work on /home/airflow/.local/lib/python3.7/site-packages/airflow/example_dags/example_trigger_target_dag.py
[2022-08-08 06:14:55,882] {processor.py:642} INFO - Processing file /home/airflow/.local/lib/python3.7/site-packages/airflow/example_dags/example_trigger_target_dag.py for tasks to queue
[2022-08-08 06:14:55,885] {logging_mixin.py:109} INFO - [2022-08-08 06:14:55,884] {dagbag.py:500} INFO - Filling up the DagBag from /home/airflow/.local/lib/python3.7/site-packages/airflow/example_dags/example_trigger_target_dag.py
[2022-08-08 06:14:55,936] {processor.py:654} INFO - DAG(s) dict_keys(['example_trigger_target_dag']) retrieved from /home/airflow/.local/lib/python3.7/site-packages/airflow/example_dags/example_trigger_target_dag.py
[2022-08-08 06:14:55,956] {logging_mixin.py:109} INFO - [2022-08-08 06:14:55,956] {dag.py:2396} INFO - Sync 1 DAGs
[2022-08-08 06:14:55,972] {logging_mixin.py:109} INFO - [2022-08-08 06:14:55,972] {dag.py:2935} INFO - Setting next_dagrun for example_trigger_target_dag to None
[2022-08-08 06:14:55,989] {processor.py:171} INFO - Processing /home/airflow/.local/lib/python3.7/site-packages/airflow/example_dags/example_trigger_target_dag.py took 0.118 seconds
[2022-08-08 06:15:26,847] {processor.py:163} INFO - Started process (PID=1115) to work on /home/airflow/.local/lib/python3.7/site-packages/airflow/example_dags/example_trigger_target_dag.py
[2022-08-08 06:15:26,872] {processor.py:642} INFO - Processing file /home/airflow/.local/lib/python3.7/site-packages/airflow/example_dags/example_trigger_target_dag.py for tasks to queue
[2022-08-08 06:15:26,874] {logging_mixin.py:109} INFO - [2022-08-08 06:15:26,874] {dagbag.py:500} INFO - Filling up the DagBag from /home/airflow/.local/lib/python3.7/site-packages/airflow/example_dags/example_trigger_target_dag.py
[2022-08-08 06:15:26,922] {processor.py:654} INFO - DAG(s) dict_keys(['example_trigger_target_dag']) retrieved from /home/airflow/.local/lib/python3.7/site-packages/airflow/example_dags/example_trigger_target_dag.py
[2022-08-08 06:15:26,951] {logging_mixin.py:109} INFO - [2022-08-08 06:15:26,951] {dag.py:2396} INFO - Sync 1 DAGs
[2022-08-08 06:15:26,976] {logging_mixin.py:109} INFO - [2022-08-08 06:15:26,975] {dag.py:2935} INFO - Setting next_dagrun for example_trigger_target_dag to None
[2022-08-08 06:15:26,997] {processor.py:171} INFO - Processing /home/airflow/.local/lib/python3.7/site-packages/airflow/example_dags/example_trigger_target_dag.py took 0.155 seconds
[2022-08-08 06:15:57,536] {processor.py:163} INFO - Started process (PID=1175) to work on /home/airflow/.local/lib/python3.7/site-packages/airflow/example_dags/example_trigger_target_dag.py
[2022-08-08 06:15:57,540] {processor.py:642} INFO - Processing file /home/airflow/.local/lib/python3.7/site-packages/airflow/example_dags/example_trigger_target_dag.py for tasks to queue
[2022-08-08 06:15:57,542] {logging_mixin.py:109} INFO - [2022-08-08 06:15:57,542] {dagbag.py:500} INFO - Filling up the DagBag from /home/airflow/.local/lib/python3.7/site-packages/airflow/example_dags/example_trigger_target_dag.py
[2022-08-08 06:15:57,579] {processor.py:654} INFO - DAG(s) dict_keys(['example_trigger_target_dag']) retrieved from /home/airflow/.local/lib/python3.7/site-packages/airflow/example_dags/example_trigger_target_dag.py
[2022-08-08 06:15:57,593] {logging_mixin.py:109} INFO - [2022-08-08 06:15:57,593] {dag.py:2396} INFO - Sync 1 DAGs
[2022-08-08 06:15:57,610] {logging_mixin.py:109} INFO - [2022-08-08 06:15:57,610] {dag.py:2935} INFO - Setting next_dagrun for example_trigger_target_dag to None
[2022-08-08 06:15:57,620] {processor.py:171} INFO - Processing /home/airflow/.local/lib/python3.7/site-packages/airflow/example_dags/example_trigger_target_dag.py took 0.094 seconds
[2022-08-08 06:16:27,796] {processor.py:163} INFO - Started process (PID=1244) to work on /home/airflow/.local/lib/python3.7/site-packages/airflow/example_dags/example_trigger_target_dag.py
[2022-08-08 06:16:27,804] {processor.py:642} INFO - Processing file /home/airflow/.local/lib/python3.7/site-packages/airflow/example_dags/example_trigger_target_dag.py for tasks to queue
[2022-08-08 06:16:27,806] {logging_mixin.py:109} INFO - [2022-08-08 06:16:27,806] {dagbag.py:500} INFO - Filling up the DagBag from /home/airflow/.local/lib/python3.7/site-packages/airflow/example_dags/example_trigger_target_dag.py
[2022-08-08 06:16:27,859] {processor.py:654} INFO - DAG(s) dict_keys(['example_trigger_target_dag']) retrieved from /home/airflow/.local/lib/python3.7/site-packages/airflow/example_dags/example_trigger_target_dag.py
[2022-08-08 06:16:27,874] {logging_mixin.py:109} INFO - [2022-08-08 06:16:27,874] {dag.py:2396} INFO - Sync 1 DAGs
[2022-08-08 06:16:27,916] {logging_mixin.py:109} INFO - [2022-08-08 06:16:27,915] {dag.py:2935} INFO - Setting next_dagrun for example_trigger_target_dag to None
[2022-08-08 06:16:27,935] {processor.py:171} INFO - Processing /home/airflow/.local/lib/python3.7/site-packages/airflow/example_dags/example_trigger_target_dag.py took 0.157 seconds
[2022-08-08 06:16:58,228] {processor.py:163} INFO - Started process (PID=1309) to work on /home/airflow/.local/lib/python3.7/site-packages/airflow/example_dags/example_trigger_target_dag.py
[2022-08-08 06:16:58,229] {processor.py:642} INFO - Processing file /home/airflow/.local/lib/python3.7/site-packages/airflow/example_dags/example_trigger_target_dag.py for tasks to queue
[2022-08-08 06:16:58,231] {logging_mixin.py:109} INFO - [2022-08-08 06:16:58,231] {dagbag.py:500} INFO - Filling up the DagBag from /home/airflow/.local/lib/python3.7/site-packages/airflow/example_dags/example_trigger_target_dag.py
[2022-08-08 06:16:58,267] {processor.py:654} INFO - DAG(s) dict_keys(['example_trigger_target_dag']) retrieved from /home/airflow/.local/lib/python3.7/site-packages/airflow/example_dags/example_trigger_target_dag.py
[2022-08-08 06:16:58,281] {logging_mixin.py:109} INFO - [2022-08-08 06:16:58,281] {dag.py:2396} INFO - Sync 1 DAGs
[2022-08-08 06:16:58,297] {logging_mixin.py:109} INFO - [2022-08-08 06:16:58,297] {dag.py:2935} INFO - Setting next_dagrun for example_trigger_target_dag to None
[2022-08-08 06:16:58,309] {processor.py:171} INFO - Processing /home/airflow/.local/lib/python3.7/site-packages/airflow/example_dags/example_trigger_target_dag.py took 0.085 seconds
[2022-08-08 06:17:29,050] {processor.py:163} INFO - Started process (PID=1369) to work on /home/airflow/.local/lib/python3.7/site-packages/airflow/example_dags/example_trigger_target_dag.py
[2022-08-08 06:17:29,052] {processor.py:642} INFO - Processing file /home/airflow/.local/lib/python3.7/site-packages/airflow/example_dags/example_trigger_target_dag.py for tasks to queue
[2022-08-08 06:17:29,054] {logging_mixin.py:109} INFO - [2022-08-08 06:17:29,054] {dagbag.py:500} INFO - Filling up the DagBag from /home/airflow/.local/lib/python3.7/site-packages/airflow/example_dags/example_trigger_target_dag.py
[2022-08-08 06:17:29,100] {processor.py:654} INFO - DAG(s) dict_keys(['example_trigger_target_dag']) retrieved from /home/airflow/.local/lib/python3.7/site-packages/airflow/example_dags/example_trigger_target_dag.py
[2022-08-08 06:17:29,118] {logging_mixin.py:109} INFO - [2022-08-08 06:17:29,118] {dag.py:2396} INFO - Sync 1 DAGs
[2022-08-08 06:17:29,147] {logging_mixin.py:109} INFO - [2022-08-08 06:17:29,147] {dag.py:2935} INFO - Setting next_dagrun for example_trigger_target_dag to None
[2022-08-08 06:17:29,161] {processor.py:171} INFO - Processing /home/airflow/.local/lib/python3.7/site-packages/airflow/example_dags/example_trigger_target_dag.py took 0.116 seconds
[2022-08-08 06:17:59,757] {processor.py:163} INFO - Started process (PID=1440) to work on /home/airflow/.local/lib/python3.7/site-packages/airflow/example_dags/example_trigger_target_dag.py
[2022-08-08 06:17:59,760] {processor.py:642} INFO - Processing file /home/airflow/.local/lib/python3.7/site-packages/airflow/example_dags/example_trigger_target_dag.py for tasks to queue
[2022-08-08 06:17:59,762] {logging_mixin.py:109} INFO - [2022-08-08 06:17:59,761] {dagbag.py:500} INFO - Filling up the DagBag from /home/airflow/.local/lib/python3.7/site-packages/airflow/example_dags/example_trigger_target_dag.py
[2022-08-08 06:17:59,817] {processor.py:654} INFO - DAG(s) dict_keys(['example_trigger_target_dag']) retrieved from /home/airflow/.local/lib/python3.7/site-packages/airflow/example_dags/example_trigger_target_dag.py
[2022-08-08 06:17:59,831] {logging_mixin.py:109} INFO - [2022-08-08 06:17:59,830] {dag.py:2396} INFO - Sync 1 DAGs
[2022-08-08 06:17:59,856] {logging_mixin.py:109} INFO - [2022-08-08 06:17:59,856] {dag.py:2935} INFO - Setting next_dagrun for example_trigger_target_dag to None
[2022-08-08 06:17:59,869] {processor.py:171} INFO - Processing /home/airflow/.local/lib/python3.7/site-packages/airflow/example_dags/example_trigger_target_dag.py took 0.117 seconds
[2022-08-08 06:18:30,884] {processor.py:163} INFO - Started process (PID=1501) to work on /home/airflow/.local/lib/python3.7/site-packages/airflow/example_dags/example_trigger_target_dag.py
[2022-08-08 06:18:30,887] {processor.py:642} INFO - Processing file /home/airflow/.local/lib/python3.7/site-packages/airflow/example_dags/example_trigger_target_dag.py for tasks to queue
[2022-08-08 06:18:30,889] {logging_mixin.py:109} INFO - [2022-08-08 06:18:30,889] {dagbag.py:500} INFO - Filling up the DagBag from /home/airflow/.local/lib/python3.7/site-packages/airflow/example_dags/example_trigger_target_dag.py
[2022-08-08 06:18:30,927] {processor.py:654} INFO - DAG(s) dict_keys(['example_trigger_target_dag']) retrieved from /home/airflow/.local/lib/python3.7/site-packages/airflow/example_dags/example_trigger_target_dag.py
[2022-08-08 06:18:30,947] {logging_mixin.py:109} INFO - [2022-08-08 06:18:30,946] {dag.py:2396} INFO - Sync 1 DAGs
[2022-08-08 06:18:30,966] {logging_mixin.py:109} INFO - [2022-08-08 06:18:30,966] {dag.py:2935} INFO - Setting next_dagrun for example_trigger_target_dag to None
[2022-08-08 06:18:30,979] {processor.py:171} INFO - Processing /home/airflow/.local/lib/python3.7/site-packages/airflow/example_dags/example_trigger_target_dag.py took 0.099 seconds
[2022-08-08 06:19:02,274] {processor.py:163} INFO - Started process (PID=1571) to work on /home/airflow/.local/lib/python3.7/site-packages/airflow/example_dags/example_trigger_target_dag.py
[2022-08-08 06:19:02,277] {processor.py:642} INFO - Processing file /home/airflow/.local/lib/python3.7/site-packages/airflow/example_dags/example_trigger_target_dag.py for tasks to queue
[2022-08-08 06:19:02,279] {logging_mixin.py:109} INFO - [2022-08-08 06:19:02,279] {dagbag.py:500} INFO - Filling up the DagBag from /home/airflow/.local/lib/python3.7/site-packages/airflow/example_dags/example_trigger_target_dag.py
[2022-08-08 06:19:02,324] {processor.py:654} INFO - DAG(s) dict_keys(['example_trigger_target_dag']) retrieved from /home/airflow/.local/lib/python3.7/site-packages/airflow/example_dags/example_trigger_target_dag.py
[2022-08-08 06:19:02,335] {logging_mixin.py:109} INFO - [2022-08-08 06:19:02,335] {dag.py:2396} INFO - Sync 1 DAGs
[2022-08-08 06:19:02,355] {logging_mixin.py:109} INFO - [2022-08-08 06:19:02,355] {dag.py:2935} INFO - Setting next_dagrun for example_trigger_target_dag to None
[2022-08-08 06:19:02,368] {processor.py:171} INFO - Processing /home/airflow/.local/lib/python3.7/site-packages/airflow/example_dags/example_trigger_target_dag.py took 0.098 seconds
[2022-08-08 06:19:32,843] {processor.py:163} INFO - Started process (PID=1633) to work on /home/airflow/.local/lib/python3.7/site-packages/airflow/example_dags/example_trigger_target_dag.py
[2022-08-08 06:19:32,845] {processor.py:642} INFO - Processing file /home/airflow/.local/lib/python3.7/site-packages/airflow/example_dags/example_trigger_target_dag.py for tasks to queue
[2022-08-08 06:19:32,846] {logging_mixin.py:109} INFO - [2022-08-08 06:19:32,846] {dagbag.py:500} INFO - Filling up the DagBag from /home/airflow/.local/lib/python3.7/site-packages/airflow/example_dags/example_trigger_target_dag.py
[2022-08-08 06:19:32,888] {processor.py:654} INFO - DAG(s) dict_keys(['example_trigger_target_dag']) retrieved from /home/airflow/.local/lib/python3.7/site-packages/airflow/example_dags/example_trigger_target_dag.py
[2022-08-08 06:19:32,900] {logging_mixin.py:109} INFO - [2022-08-08 06:19:32,899] {dag.py:2396} INFO - Sync 1 DAGs
[2022-08-08 06:19:32,918] {logging_mixin.py:109} INFO - [2022-08-08 06:19:32,918] {dag.py:2935} INFO - Setting next_dagrun for example_trigger_target_dag to None
[2022-08-08 06:19:32,942] {processor.py:171} INFO - Processing /home/airflow/.local/lib/python3.7/site-packages/airflow/example_dags/example_trigger_target_dag.py took 0.103 seconds
[2022-08-08 06:20:03,254] {processor.py:163} INFO - Started process (PID=1701) to work on /home/airflow/.local/lib/python3.7/site-packages/airflow/example_dags/example_trigger_target_dag.py
[2022-08-08 06:20:03,256] {processor.py:642} INFO - Processing file /home/airflow/.local/lib/python3.7/site-packages/airflow/example_dags/example_trigger_target_dag.py for tasks to queue
[2022-08-08 06:20:03,258] {logging_mixin.py:109} INFO - [2022-08-08 06:20:03,257] {dagbag.py:500} INFO - Filling up the DagBag from /home/airflow/.local/lib/python3.7/site-packages/airflow/example_dags/example_trigger_target_dag.py
[2022-08-08 06:20:03,292] {processor.py:654} INFO - DAG(s) dict_keys(['example_trigger_target_dag']) retrieved from /home/airflow/.local/lib/python3.7/site-packages/airflow/example_dags/example_trigger_target_dag.py
[2022-08-08 06:20:03,303] {logging_mixin.py:109} INFO - [2022-08-08 06:20:03,303] {dag.py:2396} INFO - Sync 1 DAGs
[2022-08-08 06:20:03,322] {logging_mixin.py:109} INFO - [2022-08-08 06:20:03,322] {dag.py:2935} INFO - Setting next_dagrun for example_trigger_target_dag to None
[2022-08-08 06:20:03,333] {processor.py:171} INFO - Processing /home/airflow/.local/lib/python3.7/site-packages/airflow/example_dags/example_trigger_target_dag.py took 0.083 seconds
[2022-08-08 06:20:33,505] {processor.py:163} INFO - Started process (PID=1758) to work on /home/airflow/.local/lib/python3.7/site-packages/airflow/example_dags/example_trigger_target_dag.py
[2022-08-08 06:20:33,507] {processor.py:642} INFO - Processing file /home/airflow/.local/lib/python3.7/site-packages/airflow/example_dags/example_trigger_target_dag.py for tasks to queue
[2022-08-08 06:20:33,509] {logging_mixin.py:109} INFO - [2022-08-08 06:20:33,508] {dagbag.py:500} INFO - Filling up the DagBag from /home/airflow/.local/lib/python3.7/site-packages/airflow/example_dags/example_trigger_target_dag.py
[2022-08-08 06:20:33,556] {processor.py:654} INFO - DAG(s) dict_keys(['example_trigger_target_dag']) retrieved from /home/airflow/.local/lib/python3.7/site-packages/airflow/example_dags/example_trigger_target_dag.py
[2022-08-08 06:20:33,574] {logging_mixin.py:109} INFO - [2022-08-08 06:20:33,574] {dag.py:2396} INFO - Sync 1 DAGs
[2022-08-08 06:20:33,608] {logging_mixin.py:109} INFO - [2022-08-08 06:20:33,608] {dag.py:2935} INFO - Setting next_dagrun for example_trigger_target_dag to None
[2022-08-08 06:20:33,733] {processor.py:171} INFO - Processing /home/airflow/.local/lib/python3.7/site-packages/airflow/example_dags/example_trigger_target_dag.py took 0.231 seconds
[2022-08-08 06:21:03,806] {processor.py:163} INFO - Started process (PID=1827) to work on /home/airflow/.local/lib/python3.7/site-packages/airflow/example_dags/example_trigger_target_dag.py
[2022-08-08 06:21:03,808] {processor.py:642} INFO - Processing file /home/airflow/.local/lib/python3.7/site-packages/airflow/example_dags/example_trigger_target_dag.py for tasks to queue
[2022-08-08 06:21:03,809] {logging_mixin.py:109} INFO - [2022-08-08 06:21:03,809] {dagbag.py:500} INFO - Filling up the DagBag from /home/airflow/.local/lib/python3.7/site-packages/airflow/example_dags/example_trigger_target_dag.py
[2022-08-08 06:21:03,849] {processor.py:654} INFO - DAG(s) dict_keys(['example_trigger_target_dag']) retrieved from /home/airflow/.local/lib/python3.7/site-packages/airflow/example_dags/example_trigger_target_dag.py
[2022-08-08 06:21:03,862] {logging_mixin.py:109} INFO - [2022-08-08 06:21:03,862] {dag.py:2396} INFO - Sync 1 DAGs
[2022-08-08 06:21:03,971] {logging_mixin.py:109} INFO - [2022-08-08 06:21:03,971] {dag.py:2935} INFO - Setting next_dagrun for example_trigger_target_dag to None
[2022-08-08 06:21:03,984] {processor.py:171} INFO - Processing /home/airflow/.local/lib/python3.7/site-packages/airflow/example_dags/example_trigger_target_dag.py took 0.181 seconds
[2022-08-08 06:21:34,275] {processor.py:163} INFO - Started process (PID=1886) to work on /home/airflow/.local/lib/python3.7/site-packages/airflow/example_dags/example_trigger_target_dag.py
[2022-08-08 06:21:34,279] {processor.py:642} INFO - Processing file /home/airflow/.local/lib/python3.7/site-packages/airflow/example_dags/example_trigger_target_dag.py for tasks to queue
[2022-08-08 06:21:34,287] {logging_mixin.py:109} INFO - [2022-08-08 06:21:34,287] {dagbag.py:500} INFO - Filling up the DagBag from /home/airflow/.local/lib/python3.7/site-packages/airflow/example_dags/example_trigger_target_dag.py
[2022-08-08 06:21:34,335] {processor.py:654} INFO - DAG(s) dict_keys(['example_trigger_target_dag']) retrieved from /home/airflow/.local/lib/python3.7/site-packages/airflow/example_dags/example_trigger_target_dag.py
[2022-08-08 06:21:34,355] {logging_mixin.py:109} INFO - [2022-08-08 06:21:34,354] {dag.py:2396} INFO - Sync 1 DAGs
[2022-08-08 06:21:34,499] {logging_mixin.py:109} INFO - [2022-08-08 06:21:34,499] {dag.py:2935} INFO - Setting next_dagrun for example_trigger_target_dag to None
[2022-08-08 06:21:34,514] {processor.py:171} INFO - Processing /home/airflow/.local/lib/python3.7/site-packages/airflow/example_dags/example_trigger_target_dag.py took 0.244 seconds
[2022-08-08 06:22:04,972] {processor.py:163} INFO - Started process (PID=1955) to work on /home/airflow/.local/lib/python3.7/site-packages/airflow/example_dags/example_trigger_target_dag.py
[2022-08-08 06:22:04,974] {processor.py:642} INFO - Processing file /home/airflow/.local/lib/python3.7/site-packages/airflow/example_dags/example_trigger_target_dag.py for tasks to queue
[2022-08-08 06:22:04,975] {logging_mixin.py:109} INFO - [2022-08-08 06:22:04,975] {dagbag.py:500} INFO - Filling up the DagBag from /home/airflow/.local/lib/python3.7/site-packages/airflow/example_dags/example_trigger_target_dag.py
[2022-08-08 06:22:05,011] {processor.py:654} INFO - DAG(s) dict_keys(['example_trigger_target_dag']) retrieved from /home/airflow/.local/lib/python3.7/site-packages/airflow/example_dags/example_trigger_target_dag.py
[2022-08-08 06:22:05,109] {logging_mixin.py:109} INFO - [2022-08-08 06:22:05,109] {dag.py:2396} INFO - Sync 1 DAGs
[2022-08-08 06:22:05,126] {logging_mixin.py:109} INFO - [2022-08-08 06:22:05,126] {dag.py:2935} INFO - Setting next_dagrun for example_trigger_target_dag to None
[2022-08-08 06:22:05,137] {processor.py:171} INFO - Processing /home/airflow/.local/lib/python3.7/site-packages/airflow/example_dags/example_trigger_target_dag.py took 0.168 seconds
[2022-08-08 06:22:35,593] {processor.py:163} INFO - Started process (PID=2017) to work on /home/airflow/.local/lib/python3.7/site-packages/airflow/example_dags/example_trigger_target_dag.py
[2022-08-08 06:22:35,595] {processor.py:642} INFO - Processing file /home/airflow/.local/lib/python3.7/site-packages/airflow/example_dags/example_trigger_target_dag.py for tasks to queue
[2022-08-08 06:22:35,596] {logging_mixin.py:109} INFO - [2022-08-08 06:22:35,596] {dagbag.py:500} INFO - Filling up the DagBag from /home/airflow/.local/lib/python3.7/site-packages/airflow/example_dags/example_trigger_target_dag.py
[2022-08-08 06:22:35,633] {processor.py:654} INFO - DAG(s) dict_keys(['example_trigger_target_dag']) retrieved from /home/airflow/.local/lib/python3.7/site-packages/airflow/example_dags/example_trigger_target_dag.py
[2022-08-08 06:22:35,742] {logging_mixin.py:109} INFO - [2022-08-08 06:22:35,741] {dag.py:2396} INFO - Sync 1 DAGs
[2022-08-08 06:22:35,756] {logging_mixin.py:109} INFO - [2022-08-08 06:22:35,756] {dag.py:2935} INFO - Setting next_dagrun for example_trigger_target_dag to None
[2022-08-08 06:22:35,767] {processor.py:171} INFO - Processing /home/airflow/.local/lib/python3.7/site-packages/airflow/example_dags/example_trigger_target_dag.py took 0.179 seconds
[2022-08-08 07:11:47,574] {processor.py:163} INFO - Started process (PID=2089) to work on /home/airflow/.local/lib/python3.7/site-packages/airflow/example_dags/example_trigger_target_dag.py
[2022-08-08 07:11:47,576] {processor.py:642} INFO - Processing file /home/airflow/.local/lib/python3.7/site-packages/airflow/example_dags/example_trigger_target_dag.py for tasks to queue
[2022-08-08 07:11:47,578] {logging_mixin.py:109} INFO - [2022-08-08 07:11:47,577] {dagbag.py:500} INFO - Filling up the DagBag from /home/airflow/.local/lib/python3.7/site-packages/airflow/example_dags/example_trigger_target_dag.py
[2022-08-08 07:11:47,700] {processor.py:654} INFO - DAG(s) dict_keys(['example_trigger_target_dag']) retrieved from /home/airflow/.local/lib/python3.7/site-packages/airflow/example_dags/example_trigger_target_dag.py
[2022-08-08 07:11:47,711] {logging_mixin.py:109} INFO - [2022-08-08 07:11:47,711] {dag.py:2396} INFO - Sync 1 DAGs
[2022-08-08 07:11:47,729] {logging_mixin.py:109} INFO - [2022-08-08 07:11:47,728] {dag.py:2935} INFO - Setting next_dagrun for example_trigger_target_dag to None
[2022-08-08 07:11:47,739] {processor.py:171} INFO - Processing /home/airflow/.local/lib/python3.7/site-packages/airflow/example_dags/example_trigger_target_dag.py took 0.169 seconds
[2022-08-08 09:16:15,910] {processor.py:163} INFO - Started process (PID=2183) to work on /home/airflow/.local/lib/python3.7/site-packages/airflow/example_dags/example_trigger_target_dag.py
[2022-08-08 09:16:15,915] {processor.py:642} INFO - Processing file /home/airflow/.local/lib/python3.7/site-packages/airflow/example_dags/example_trigger_target_dag.py for tasks to queue
[2022-08-08 09:16:15,918] {logging_mixin.py:109} INFO - [2022-08-08 09:16:15,917] {dagbag.py:500} INFO - Filling up the DagBag from /home/airflow/.local/lib/python3.7/site-packages/airflow/example_dags/example_trigger_target_dag.py
[2022-08-08 09:16:16,001] {processor.py:654} INFO - DAG(s) dict_keys(['example_trigger_target_dag']) retrieved from /home/airflow/.local/lib/python3.7/site-packages/airflow/example_dags/example_trigger_target_dag.py
[2022-08-08 09:16:16,014] {logging_mixin.py:109} INFO - [2022-08-08 09:16:16,014] {dag.py:2396} INFO - Sync 1 DAGs
[2022-08-08 09:16:16,034] {logging_mixin.py:109} INFO - [2022-08-08 09:16:16,034] {dag.py:2935} INFO - Setting next_dagrun for example_trigger_target_dag to None
[2022-08-08 09:16:16,056] {processor.py:171} INFO - Processing /home/airflow/.local/lib/python3.7/site-packages/airflow/example_dags/example_trigger_target_dag.py took 0.161 seconds
