[2022-08-08 06:07:02,628] {processor.py:163} INFO - Started process (PID=67) to work on /home/airflow/.local/lib/python3.7/site-packages/airflow/example_dags/example_sla_dag.py
[2022-08-08 06:07:02,634] {processor.py:642} INFO - Processing file /home/airflow/.local/lib/python3.7/site-packages/airflow/example_dags/example_sla_dag.py for tasks to queue
[2022-08-08 06:07:02,642] {logging_mixin.py:109} INFO - [2022-08-08 06:07:02,641] {dagbag.py:500} INFO - Filling up the DagBag from /home/airflow/.local/lib/python3.7/site-packages/airflow/example_dags/example_sla_dag.py
[2022-08-08 06:07:03,059] {processor.py:654} INFO - DAG(s) dict_keys(['example_sla_dag']) retrieved from /home/airflow/.local/lib/python3.7/site-packages/airflow/example_dags/example_sla_dag.py
[2022-08-08 06:07:03,112] {logging_mixin.py:109} INFO - [2022-08-08 06:07:03,112] {dag.py:2396} INFO - Sync 1 DAGs
[2022-08-08 06:07:03,217] {logging_mixin.py:109} INFO - [2022-08-08 06:07:03,216] {dag.py:2935} INFO - Setting next_dagrun for example_sla_dag to 2022-08-08T06:04:00+00:00
[2022-08-08 06:07:03,268] {processor.py:171} INFO - Processing /home/airflow/.local/lib/python3.7/site-packages/airflow/example_dags/example_sla_dag.py took 0.654 seconds
[2022-08-08 06:07:35,477] {processor.py:163} INFO - Started process (PID=127) to work on /home/airflow/.local/lib/python3.7/site-packages/airflow/example_dags/example_sla_dag.py
[2022-08-08 06:07:35,505] {processor.py:642} INFO - Processing file /home/airflow/.local/lib/python3.7/site-packages/airflow/example_dags/example_sla_dag.py for tasks to queue
[2022-08-08 06:07:35,513] {logging_mixin.py:109} INFO - [2022-08-08 06:07:35,513] {dagbag.py:500} INFO - Filling up the DagBag from /home/airflow/.local/lib/python3.7/site-packages/airflow/example_dags/example_sla_dag.py
[2022-08-08 06:07:35,896] {processor.py:654} INFO - DAG(s) dict_keys(['example_sla_dag']) retrieved from /home/airflow/.local/lib/python3.7/site-packages/airflow/example_dags/example_sla_dag.py
[2022-08-08 06:07:35,952] {logging_mixin.py:109} INFO - [2022-08-08 06:07:35,952] {dag.py:2396} INFO - Sync 1 DAGs
[2022-08-08 06:07:36,076] {logging_mixin.py:109} INFO - [2022-08-08 06:07:36,076] {dag.py:2935} INFO - Setting next_dagrun for example_sla_dag to 2022-08-08T06:04:00+00:00
[2022-08-08 06:07:36,187] {processor.py:171} INFO - Processing /home/airflow/.local/lib/python3.7/site-packages/airflow/example_dags/example_sla_dag.py took 0.750 seconds
[2022-08-08 06:08:06,645] {processor.py:163} INFO - Started process (PID=187) to work on /home/airflow/.local/lib/python3.7/site-packages/airflow/example_dags/example_sla_dag.py
[2022-08-08 06:08:06,647] {processor.py:642} INFO - Processing file /home/airflow/.local/lib/python3.7/site-packages/airflow/example_dags/example_sla_dag.py for tasks to queue
[2022-08-08 06:08:06,649] {logging_mixin.py:109} INFO - [2022-08-08 06:08:06,648] {dagbag.py:500} INFO - Filling up the DagBag from /home/airflow/.local/lib/python3.7/site-packages/airflow/example_dags/example_sla_dag.py
[2022-08-08 06:08:06,684] {processor.py:654} INFO - DAG(s) dict_keys(['example_sla_dag']) retrieved from /home/airflow/.local/lib/python3.7/site-packages/airflow/example_dags/example_sla_dag.py
[2022-08-08 06:08:06,695] {logging_mixin.py:109} INFO - [2022-08-08 06:08:06,695] {dag.py:2396} INFO - Sync 1 DAGs
[2022-08-08 06:08:06,713] {logging_mixin.py:109} INFO - [2022-08-08 06:08:06,713] {dag.py:2935} INFO - Setting next_dagrun for example_sla_dag to 2022-08-08T06:06:00+00:00
[2022-08-08 06:08:06,723] {processor.py:171} INFO - Processing /home/airflow/.local/lib/python3.7/site-packages/airflow/example_dags/example_sla_dag.py took 0.085 seconds
[2022-08-08 06:08:36,784] {processor.py:163} INFO - Started process (PID=248) to work on /home/airflow/.local/lib/python3.7/site-packages/airflow/example_dags/example_sla_dag.py
[2022-08-08 06:08:36,786] {processor.py:642} INFO - Processing file /home/airflow/.local/lib/python3.7/site-packages/airflow/example_dags/example_sla_dag.py for tasks to queue
[2022-08-08 06:08:36,788] {logging_mixin.py:109} INFO - [2022-08-08 06:08:36,787] {dagbag.py:500} INFO - Filling up the DagBag from /home/airflow/.local/lib/python3.7/site-packages/airflow/example_dags/example_sla_dag.py
[2022-08-08 06:08:36,833] {processor.py:654} INFO - DAG(s) dict_keys(['example_sla_dag']) retrieved from /home/airflow/.local/lib/python3.7/site-packages/airflow/example_dags/example_sla_dag.py
[2022-08-08 06:08:36,844] {logging_mixin.py:109} INFO - [2022-08-08 06:08:36,844] {dag.py:2396} INFO - Sync 1 DAGs
[2022-08-08 06:08:36,865] {logging_mixin.py:109} INFO - [2022-08-08 06:08:36,865] {dag.py:2935} INFO - Setting next_dagrun for example_sla_dag to 2022-08-08T06:06:00+00:00
[2022-08-08 06:08:36,877] {processor.py:171} INFO - Processing /home/airflow/.local/lib/python3.7/site-packages/airflow/example_dags/example_sla_dag.py took 0.097 seconds
[2022-08-08 06:09:07,557] {processor.py:163} INFO - Started process (PID=304) to work on /home/airflow/.local/lib/python3.7/site-packages/airflow/example_dags/example_sla_dag.py
[2022-08-08 06:09:07,559] {processor.py:642} INFO - Processing file /home/airflow/.local/lib/python3.7/site-packages/airflow/example_dags/example_sla_dag.py for tasks to queue
[2022-08-08 06:09:07,561] {logging_mixin.py:109} INFO - [2022-08-08 06:09:07,561] {dagbag.py:500} INFO - Filling up the DagBag from /home/airflow/.local/lib/python3.7/site-packages/airflow/example_dags/example_sla_dag.py
[2022-08-08 06:09:07,601] {processor.py:654} INFO - DAG(s) dict_keys(['example_sla_dag']) retrieved from /home/airflow/.local/lib/python3.7/site-packages/airflow/example_dags/example_sla_dag.py
[2022-08-08 06:09:07,614] {logging_mixin.py:109} INFO - [2022-08-08 06:09:07,614] {dag.py:2396} INFO - Sync 1 DAGs
[2022-08-08 06:09:07,634] {logging_mixin.py:109} INFO - [2022-08-08 06:09:07,634] {dag.py:2935} INFO - Setting next_dagrun for example_sla_dag to 2022-08-08T06:06:00+00:00
[2022-08-08 06:09:07,644] {processor.py:171} INFO - Processing /home/airflow/.local/lib/python3.7/site-packages/airflow/example_dags/example_sla_dag.py took 0.092 seconds
[2022-08-08 06:09:37,770] {processor.py:163} INFO - Started process (PID=373) to work on /home/airflow/.local/lib/python3.7/site-packages/airflow/example_dags/example_sla_dag.py
[2022-08-08 06:09:37,772] {processor.py:642} INFO - Processing file /home/airflow/.local/lib/python3.7/site-packages/airflow/example_dags/example_sla_dag.py for tasks to queue
[2022-08-08 06:09:37,774] {logging_mixin.py:109} INFO - [2022-08-08 06:09:37,774] {dagbag.py:500} INFO - Filling up the DagBag from /home/airflow/.local/lib/python3.7/site-packages/airflow/example_dags/example_sla_dag.py
[2022-08-08 06:09:37,815] {processor.py:654} INFO - DAG(s) dict_keys(['example_sla_dag']) retrieved from /home/airflow/.local/lib/python3.7/site-packages/airflow/example_dags/example_sla_dag.py
[2022-08-08 06:09:37,829] {logging_mixin.py:109} INFO - [2022-08-08 06:09:37,829] {dag.py:2396} INFO - Sync 1 DAGs
[2022-08-08 06:09:37,854] {logging_mixin.py:109} INFO - [2022-08-08 06:09:37,853] {dag.py:2935} INFO - Setting next_dagrun for example_sla_dag to 2022-08-08T06:06:00+00:00
[2022-08-08 06:09:37,867] {processor.py:171} INFO - Processing /home/airflow/.local/lib/python3.7/site-packages/airflow/example_dags/example_sla_dag.py took 0.100 seconds
[2022-08-08 06:10:07,893] {processor.py:163} INFO - Started process (PID=433) to work on /home/airflow/.local/lib/python3.7/site-packages/airflow/example_dags/example_sla_dag.py
[2022-08-08 06:10:07,895] {processor.py:642} INFO - Processing file /home/airflow/.local/lib/python3.7/site-packages/airflow/example_dags/example_sla_dag.py for tasks to queue
[2022-08-08 06:10:07,897] {logging_mixin.py:109} INFO - [2022-08-08 06:10:07,897] {dagbag.py:500} INFO - Filling up the DagBag from /home/airflow/.local/lib/python3.7/site-packages/airflow/example_dags/example_sla_dag.py
[2022-08-08 06:10:07,931] {processor.py:654} INFO - DAG(s) dict_keys(['example_sla_dag']) retrieved from /home/airflow/.local/lib/python3.7/site-packages/airflow/example_dags/example_sla_dag.py
[2022-08-08 06:10:07,941] {logging_mixin.py:109} INFO - [2022-08-08 06:10:07,941] {dag.py:2396} INFO - Sync 1 DAGs
[2022-08-08 06:10:07,961] {logging_mixin.py:109} INFO - [2022-08-08 06:10:07,960] {dag.py:2935} INFO - Setting next_dagrun for example_sla_dag to 2022-08-08T06:08:00+00:00
[2022-08-08 06:10:07,972] {processor.py:171} INFO - Processing /home/airflow/.local/lib/python3.7/site-packages/airflow/example_dags/example_sla_dag.py took 0.083 seconds
[2022-08-08 06:10:38,063] {processor.py:163} INFO - Started process (PID=501) to work on /home/airflow/.local/lib/python3.7/site-packages/airflow/example_dags/example_sla_dag.py
[2022-08-08 06:10:38,066] {processor.py:642} INFO - Processing file /home/airflow/.local/lib/python3.7/site-packages/airflow/example_dags/example_sla_dag.py for tasks to queue
[2022-08-08 06:10:38,068] {logging_mixin.py:109} INFO - [2022-08-08 06:10:38,068] {dagbag.py:500} INFO - Filling up the DagBag from /home/airflow/.local/lib/python3.7/site-packages/airflow/example_dags/example_sla_dag.py
[2022-08-08 06:10:38,121] {processor.py:654} INFO - DAG(s) dict_keys(['example_sla_dag']) retrieved from /home/airflow/.local/lib/python3.7/site-packages/airflow/example_dags/example_sla_dag.py
[2022-08-08 06:10:38,141] {logging_mixin.py:109} INFO - [2022-08-08 06:10:38,141] {dag.py:2396} INFO - Sync 1 DAGs
[2022-08-08 06:10:38,168] {logging_mixin.py:109} INFO - [2022-08-08 06:10:38,168] {dag.py:2935} INFO - Setting next_dagrun for example_sla_dag to 2022-08-08T06:08:00+00:00
[2022-08-08 06:10:38,187] {processor.py:171} INFO - Processing /home/airflow/.local/lib/python3.7/site-packages/airflow/example_dags/example_sla_dag.py took 0.130 seconds
[2022-08-08 06:11:08,578] {processor.py:163} INFO - Started process (PID=563) to work on /home/airflow/.local/lib/python3.7/site-packages/airflow/example_dags/example_sla_dag.py
[2022-08-08 06:11:08,580] {processor.py:642} INFO - Processing file /home/airflow/.local/lib/python3.7/site-packages/airflow/example_dags/example_sla_dag.py for tasks to queue
[2022-08-08 06:11:08,582] {logging_mixin.py:109} INFO - [2022-08-08 06:11:08,582] {dagbag.py:500} INFO - Filling up the DagBag from /home/airflow/.local/lib/python3.7/site-packages/airflow/example_dags/example_sla_dag.py
[2022-08-08 06:11:08,616] {processor.py:654} INFO - DAG(s) dict_keys(['example_sla_dag']) retrieved from /home/airflow/.local/lib/python3.7/site-packages/airflow/example_dags/example_sla_dag.py
[2022-08-08 06:11:08,627] {logging_mixin.py:109} INFO - [2022-08-08 06:11:08,627] {dag.py:2396} INFO - Sync 1 DAGs
[2022-08-08 06:11:08,645] {logging_mixin.py:109} INFO - [2022-08-08 06:11:08,645] {dag.py:2935} INFO - Setting next_dagrun for example_sla_dag to 2022-08-08T06:08:00+00:00
[2022-08-08 06:11:08,655] {processor.py:171} INFO - Processing /home/airflow/.local/lib/python3.7/site-packages/airflow/example_dags/example_sla_dag.py took 0.082 seconds
[2022-08-08 06:11:38,858] {processor.py:163} INFO - Started process (PID=623) to work on /home/airflow/.local/lib/python3.7/site-packages/airflow/example_dags/example_sla_dag.py
[2022-08-08 06:11:38,860] {processor.py:642} INFO - Processing file /home/airflow/.local/lib/python3.7/site-packages/airflow/example_dags/example_sla_dag.py for tasks to queue
[2022-08-08 06:11:38,862] {logging_mixin.py:109} INFO - [2022-08-08 06:11:38,862] {dagbag.py:500} INFO - Filling up the DagBag from /home/airflow/.local/lib/python3.7/site-packages/airflow/example_dags/example_sla_dag.py
[2022-08-08 06:11:38,897] {processor.py:654} INFO - DAG(s) dict_keys(['example_sla_dag']) retrieved from /home/airflow/.local/lib/python3.7/site-packages/airflow/example_dags/example_sla_dag.py
[2022-08-08 06:11:38,908] {logging_mixin.py:109} INFO - [2022-08-08 06:11:38,908] {dag.py:2396} INFO - Sync 1 DAGs
[2022-08-08 06:11:38,929] {logging_mixin.py:109} INFO - [2022-08-08 06:11:38,929] {dag.py:2935} INFO - Setting next_dagrun for example_sla_dag to 2022-08-08T06:08:00+00:00
[2022-08-08 06:11:38,940] {processor.py:171} INFO - Processing /home/airflow/.local/lib/python3.7/site-packages/airflow/example_dags/example_sla_dag.py took 0.086 seconds
[2022-08-08 06:12:09,396] {processor.py:163} INFO - Started process (PID=692) to work on /home/airflow/.local/lib/python3.7/site-packages/airflow/example_dags/example_sla_dag.py
[2022-08-08 06:12:09,399] {processor.py:642} INFO - Processing file /home/airflow/.local/lib/python3.7/site-packages/airflow/example_dags/example_sla_dag.py for tasks to queue
[2022-08-08 06:12:09,401] {logging_mixin.py:109} INFO - [2022-08-08 06:12:09,400] {dagbag.py:500} INFO - Filling up the DagBag from /home/airflow/.local/lib/python3.7/site-packages/airflow/example_dags/example_sla_dag.py
[2022-08-08 06:12:09,440] {processor.py:654} INFO - DAG(s) dict_keys(['example_sla_dag']) retrieved from /home/airflow/.local/lib/python3.7/site-packages/airflow/example_dags/example_sla_dag.py
[2022-08-08 06:12:09,451] {logging_mixin.py:109} INFO - [2022-08-08 06:12:09,451] {dag.py:2396} INFO - Sync 1 DAGs
[2022-08-08 06:12:09,470] {logging_mixin.py:109} INFO - [2022-08-08 06:12:09,470] {dag.py:2935} INFO - Setting next_dagrun for example_sla_dag to 2022-08-08T06:10:00+00:00
[2022-08-08 06:12:09,481] {processor.py:171} INFO - Processing /home/airflow/.local/lib/python3.7/site-packages/airflow/example_dags/example_sla_dag.py took 0.089 seconds
[2022-08-08 06:12:40,110] {processor.py:163} INFO - Started process (PID=752) to work on /home/airflow/.local/lib/python3.7/site-packages/airflow/example_dags/example_sla_dag.py
[2022-08-08 06:12:40,113] {processor.py:642} INFO - Processing file /home/airflow/.local/lib/python3.7/site-packages/airflow/example_dags/example_sla_dag.py for tasks to queue
[2022-08-08 06:12:40,114] {logging_mixin.py:109} INFO - [2022-08-08 06:12:40,114] {dagbag.py:500} INFO - Filling up the DagBag from /home/airflow/.local/lib/python3.7/site-packages/airflow/example_dags/example_sla_dag.py
[2022-08-08 06:12:40,151] {processor.py:654} INFO - DAG(s) dict_keys(['example_sla_dag']) retrieved from /home/airflow/.local/lib/python3.7/site-packages/airflow/example_dags/example_sla_dag.py
[2022-08-08 06:12:40,177] {logging_mixin.py:109} INFO - [2022-08-08 06:12:40,177] {dag.py:2396} INFO - Sync 1 DAGs
[2022-08-08 06:12:40,197] {logging_mixin.py:109} INFO - [2022-08-08 06:12:40,197] {dag.py:2935} INFO - Setting next_dagrun for example_sla_dag to 2022-08-08T06:10:00+00:00
[2022-08-08 06:12:40,210] {processor.py:171} INFO - Processing /home/airflow/.local/lib/python3.7/site-packages/airflow/example_dags/example_sla_dag.py took 0.105 seconds
[2022-08-08 06:13:10,264] {processor.py:163} INFO - Started process (PID=822) to work on /home/airflow/.local/lib/python3.7/site-packages/airflow/example_dags/example_sla_dag.py
[2022-08-08 06:13:10,268] {processor.py:642} INFO - Processing file /home/airflow/.local/lib/python3.7/site-packages/airflow/example_dags/example_sla_dag.py for tasks to queue
[2022-08-08 06:13:10,269] {logging_mixin.py:109} INFO - [2022-08-08 06:13:10,269] {dagbag.py:500} INFO - Filling up the DagBag from /home/airflow/.local/lib/python3.7/site-packages/airflow/example_dags/example_sla_dag.py
[2022-08-08 06:13:10,322] {processor.py:654} INFO - DAG(s) dict_keys(['example_sla_dag']) retrieved from /home/airflow/.local/lib/python3.7/site-packages/airflow/example_dags/example_sla_dag.py
[2022-08-08 06:13:10,338] {logging_mixin.py:109} INFO - [2022-08-08 06:13:10,338] {dag.py:2396} INFO - Sync 1 DAGs
[2022-08-08 06:13:10,362] {logging_mixin.py:109} INFO - [2022-08-08 06:13:10,362] {dag.py:2935} INFO - Setting next_dagrun for example_sla_dag to 2022-08-08T06:10:00+00:00
[2022-08-08 06:13:10,372] {processor.py:171} INFO - Processing /home/airflow/.local/lib/python3.7/site-packages/airflow/example_dags/example_sla_dag.py took 0.113 seconds
[2022-08-08 06:13:41,108] {processor.py:163} INFO - Started process (PID=882) to work on /home/airflow/.local/lib/python3.7/site-packages/airflow/example_dags/example_sla_dag.py
[2022-08-08 06:13:41,110] {processor.py:642} INFO - Processing file /home/airflow/.local/lib/python3.7/site-packages/airflow/example_dags/example_sla_dag.py for tasks to queue
[2022-08-08 06:13:41,112] {logging_mixin.py:109} INFO - [2022-08-08 06:13:41,112] {dagbag.py:500} INFO - Filling up the DagBag from /home/airflow/.local/lib/python3.7/site-packages/airflow/example_dags/example_sla_dag.py
[2022-08-08 06:13:41,158] {processor.py:654} INFO - DAG(s) dict_keys(['example_sla_dag']) retrieved from /home/airflow/.local/lib/python3.7/site-packages/airflow/example_dags/example_sla_dag.py
[2022-08-08 06:13:41,172] {logging_mixin.py:109} INFO - [2022-08-08 06:13:41,172] {dag.py:2396} INFO - Sync 1 DAGs
[2022-08-08 06:13:41,192] {logging_mixin.py:109} INFO - [2022-08-08 06:13:41,192] {dag.py:2935} INFO - Setting next_dagrun for example_sla_dag to 2022-08-08T06:10:00+00:00
[2022-08-08 06:13:41,200] {processor.py:171} INFO - Processing /home/airflow/.local/lib/python3.7/site-packages/airflow/example_dags/example_sla_dag.py took 0.096 seconds
[2022-08-08 06:14:11,846] {processor.py:163} INFO - Started process (PID=951) to work on /home/airflow/.local/lib/python3.7/site-packages/airflow/example_dags/example_sla_dag.py
[2022-08-08 06:14:11,848] {processor.py:642} INFO - Processing file /home/airflow/.local/lib/python3.7/site-packages/airflow/example_dags/example_sla_dag.py for tasks to queue
[2022-08-08 06:14:11,849] {logging_mixin.py:109} INFO - [2022-08-08 06:14:11,849] {dagbag.py:500} INFO - Filling up the DagBag from /home/airflow/.local/lib/python3.7/site-packages/airflow/example_dags/example_sla_dag.py
[2022-08-08 06:14:11,882] {processor.py:654} INFO - DAG(s) dict_keys(['example_sla_dag']) retrieved from /home/airflow/.local/lib/python3.7/site-packages/airflow/example_dags/example_sla_dag.py
[2022-08-08 06:14:11,892] {logging_mixin.py:109} INFO - [2022-08-08 06:14:11,892] {dag.py:2396} INFO - Sync 1 DAGs
[2022-08-08 06:14:11,911] {logging_mixin.py:109} INFO - [2022-08-08 06:14:11,911] {dag.py:2935} INFO - Setting next_dagrun for example_sla_dag to 2022-08-08T06:12:00+00:00
[2022-08-08 06:14:11,924] {processor.py:171} INFO - Processing /home/airflow/.local/lib/python3.7/site-packages/airflow/example_dags/example_sla_dag.py took 0.082 seconds
[2022-08-08 06:14:42,531] {processor.py:163} INFO - Started process (PID=1012) to work on /home/airflow/.local/lib/python3.7/site-packages/airflow/example_dags/example_sla_dag.py
[2022-08-08 06:14:42,535] {processor.py:642} INFO - Processing file /home/airflow/.local/lib/python3.7/site-packages/airflow/example_dags/example_sla_dag.py for tasks to queue
[2022-08-08 06:14:42,536] {logging_mixin.py:109} INFO - [2022-08-08 06:14:42,536] {dagbag.py:500} INFO - Filling up the DagBag from /home/airflow/.local/lib/python3.7/site-packages/airflow/example_dags/example_sla_dag.py
[2022-08-08 06:14:42,579] {processor.py:654} INFO - DAG(s) dict_keys(['example_sla_dag']) retrieved from /home/airflow/.local/lib/python3.7/site-packages/airflow/example_dags/example_sla_dag.py
[2022-08-08 06:14:42,590] {logging_mixin.py:109} INFO - [2022-08-08 06:14:42,590] {dag.py:2396} INFO - Sync 1 DAGs
[2022-08-08 06:14:42,608] {logging_mixin.py:109} INFO - [2022-08-08 06:14:42,607] {dag.py:2935} INFO - Setting next_dagrun for example_sla_dag to 2022-08-08T06:12:00+00:00
[2022-08-08 06:14:42,618] {processor.py:171} INFO - Processing /home/airflow/.local/lib/python3.7/site-packages/airflow/example_dags/example_sla_dag.py took 0.091 seconds
[2022-08-08 06:15:12,981] {processor.py:163} INFO - Started process (PID=1083) to work on /home/airflow/.local/lib/python3.7/site-packages/airflow/example_dags/example_sla_dag.py
[2022-08-08 06:15:12,983] {processor.py:642} INFO - Processing file /home/airflow/.local/lib/python3.7/site-packages/airflow/example_dags/example_sla_dag.py for tasks to queue
[2022-08-08 06:15:12,985] {logging_mixin.py:109} INFO - [2022-08-08 06:15:12,985] {dagbag.py:500} INFO - Filling up the DagBag from /home/airflow/.local/lib/python3.7/site-packages/airflow/example_dags/example_sla_dag.py
[2022-08-08 06:15:13,026] {processor.py:654} INFO - DAG(s) dict_keys(['example_sla_dag']) retrieved from /home/airflow/.local/lib/python3.7/site-packages/airflow/example_dags/example_sla_dag.py
[2022-08-08 06:15:13,040] {logging_mixin.py:109} INFO - [2022-08-08 06:15:13,040] {dag.py:2396} INFO - Sync 1 DAGs
[2022-08-08 06:15:13,064] {logging_mixin.py:109} INFO - [2022-08-08 06:15:13,064] {dag.py:2935} INFO - Setting next_dagrun for example_sla_dag to 2022-08-08T06:12:00+00:00
[2022-08-08 06:15:13,076] {processor.py:171} INFO - Processing /home/airflow/.local/lib/python3.7/site-packages/airflow/example_dags/example_sla_dag.py took 0.099 seconds
[2022-08-08 06:15:43,224] {processor.py:163} INFO - Started process (PID=1143) to work on /home/airflow/.local/lib/python3.7/site-packages/airflow/example_dags/example_sla_dag.py
[2022-08-08 06:15:43,227] {processor.py:642} INFO - Processing file /home/airflow/.local/lib/python3.7/site-packages/airflow/example_dags/example_sla_dag.py for tasks to queue
[2022-08-08 06:15:43,229] {logging_mixin.py:109} INFO - [2022-08-08 06:15:43,228] {dagbag.py:500} INFO - Filling up the DagBag from /home/airflow/.local/lib/python3.7/site-packages/airflow/example_dags/example_sla_dag.py
[2022-08-08 06:15:43,280] {processor.py:654} INFO - DAG(s) dict_keys(['example_sla_dag']) retrieved from /home/airflow/.local/lib/python3.7/site-packages/airflow/example_dags/example_sla_dag.py
[2022-08-08 06:15:43,296] {logging_mixin.py:109} INFO - [2022-08-08 06:15:43,296] {dag.py:2396} INFO - Sync 1 DAGs
[2022-08-08 06:15:43,331] {logging_mixin.py:109} INFO - [2022-08-08 06:15:43,331] {dag.py:2935} INFO - Setting next_dagrun for example_sla_dag to 2022-08-08T06:12:00+00:00
[2022-08-08 06:15:43,347] {processor.py:171} INFO - Processing /home/airflow/.local/lib/python3.7/site-packages/airflow/example_dags/example_sla_dag.py took 0.128 seconds
[2022-08-08 06:16:13,555] {processor.py:163} INFO - Started process (PID=1198) to work on /home/airflow/.local/lib/python3.7/site-packages/airflow/example_dags/example_sla_dag.py
[2022-08-08 06:16:13,557] {processor.py:642} INFO - Processing file /home/airflow/.local/lib/python3.7/site-packages/airflow/example_dags/example_sla_dag.py for tasks to queue
[2022-08-08 06:16:13,558] {logging_mixin.py:109} INFO - [2022-08-08 06:16:13,558] {dagbag.py:500} INFO - Filling up the DagBag from /home/airflow/.local/lib/python3.7/site-packages/airflow/example_dags/example_sla_dag.py
[2022-08-08 06:16:13,597] {processor.py:654} INFO - DAG(s) dict_keys(['example_sla_dag']) retrieved from /home/airflow/.local/lib/python3.7/site-packages/airflow/example_dags/example_sla_dag.py
[2022-08-08 06:16:13,612] {logging_mixin.py:109} INFO - [2022-08-08 06:16:13,612] {dag.py:2396} INFO - Sync 1 DAGs
[2022-08-08 06:16:13,637] {logging_mixin.py:109} INFO - [2022-08-08 06:16:13,637] {dag.py:2935} INFO - Setting next_dagrun for example_sla_dag to 2022-08-08T06:14:00+00:00
[2022-08-08 06:16:13,650] {processor.py:171} INFO - Processing /home/airflow/.local/lib/python3.7/site-packages/airflow/example_dags/example_sla_dag.py took 0.099 seconds
[2022-08-08 06:16:43,877] {processor.py:163} INFO - Started process (PID=1270) to work on /home/airflow/.local/lib/python3.7/site-packages/airflow/example_dags/example_sla_dag.py
[2022-08-08 06:16:43,879] {processor.py:642} INFO - Processing file /home/airflow/.local/lib/python3.7/site-packages/airflow/example_dags/example_sla_dag.py for tasks to queue
[2022-08-08 06:16:43,880] {logging_mixin.py:109} INFO - [2022-08-08 06:16:43,880] {dagbag.py:500} INFO - Filling up the DagBag from /home/airflow/.local/lib/python3.7/site-packages/airflow/example_dags/example_sla_dag.py
[2022-08-08 06:16:43,916] {processor.py:654} INFO - DAG(s) dict_keys(['example_sla_dag']) retrieved from /home/airflow/.local/lib/python3.7/site-packages/airflow/example_dags/example_sla_dag.py
[2022-08-08 06:16:43,927] {logging_mixin.py:109} INFO - [2022-08-08 06:16:43,927] {dag.py:2396} INFO - Sync 1 DAGs
[2022-08-08 06:16:43,946] {logging_mixin.py:109} INFO - [2022-08-08 06:16:43,946] {dag.py:2935} INFO - Setting next_dagrun for example_sla_dag to 2022-08-08T06:14:00+00:00
[2022-08-08 06:16:43,956] {processor.py:171} INFO - Processing /home/airflow/.local/lib/python3.7/site-packages/airflow/example_dags/example_sla_dag.py took 0.083 seconds
[2022-08-08 06:17:14,254] {processor.py:163} INFO - Started process (PID=1331) to work on /home/airflow/.local/lib/python3.7/site-packages/airflow/example_dags/example_sla_dag.py
[2022-08-08 06:17:14,257] {processor.py:642} INFO - Processing file /home/airflow/.local/lib/python3.7/site-packages/airflow/example_dags/example_sla_dag.py for tasks to queue
[2022-08-08 06:17:14,259] {logging_mixin.py:109} INFO - [2022-08-08 06:17:14,259] {dagbag.py:500} INFO - Filling up the DagBag from /home/airflow/.local/lib/python3.7/site-packages/airflow/example_dags/example_sla_dag.py
[2022-08-08 06:17:14,293] {processor.py:654} INFO - DAG(s) dict_keys(['example_sla_dag']) retrieved from /home/airflow/.local/lib/python3.7/site-packages/airflow/example_dags/example_sla_dag.py
[2022-08-08 06:17:14,304] {logging_mixin.py:109} INFO - [2022-08-08 06:17:14,304] {dag.py:2396} INFO - Sync 1 DAGs
[2022-08-08 06:17:14,324] {logging_mixin.py:109} INFO - [2022-08-08 06:17:14,324] {dag.py:2935} INFO - Setting next_dagrun for example_sla_dag to 2022-08-08T06:14:00+00:00
[2022-08-08 06:17:14,335] {processor.py:171} INFO - Processing /home/airflow/.local/lib/python3.7/site-packages/airflow/example_dags/example_sla_dag.py took 0.085 seconds
[2022-08-08 06:17:45,182] {processor.py:163} INFO - Started process (PID=1403) to work on /home/airflow/.local/lib/python3.7/site-packages/airflow/example_dags/example_sla_dag.py
[2022-08-08 06:17:45,185] {processor.py:642} INFO - Processing file /home/airflow/.local/lib/python3.7/site-packages/airflow/example_dags/example_sla_dag.py for tasks to queue
[2022-08-08 06:17:45,186] {logging_mixin.py:109} INFO - [2022-08-08 06:17:45,186] {dagbag.py:500} INFO - Filling up the DagBag from /home/airflow/.local/lib/python3.7/site-packages/airflow/example_dags/example_sla_dag.py
[2022-08-08 06:17:45,223] {processor.py:654} INFO - DAG(s) dict_keys(['example_sla_dag']) retrieved from /home/airflow/.local/lib/python3.7/site-packages/airflow/example_dags/example_sla_dag.py
[2022-08-08 06:17:45,234] {logging_mixin.py:109} INFO - [2022-08-08 06:17:45,234] {dag.py:2396} INFO - Sync 1 DAGs
[2022-08-08 06:17:45,259] {logging_mixin.py:109} INFO - [2022-08-08 06:17:45,258] {dag.py:2935} INFO - Setting next_dagrun for example_sla_dag to 2022-08-08T06:14:00+00:00
[2022-08-08 06:17:45,268] {processor.py:171} INFO - Processing /home/airflow/.local/lib/python3.7/site-packages/airflow/example_dags/example_sla_dag.py took 0.090 seconds
[2022-08-08 06:18:15,896] {processor.py:163} INFO - Started process (PID=1464) to work on /home/airflow/.local/lib/python3.7/site-packages/airflow/example_dags/example_sla_dag.py
[2022-08-08 06:18:15,898] {processor.py:642} INFO - Processing file /home/airflow/.local/lib/python3.7/site-packages/airflow/example_dags/example_sla_dag.py for tasks to queue
[2022-08-08 06:18:15,900] {logging_mixin.py:109} INFO - [2022-08-08 06:18:15,900] {dagbag.py:500} INFO - Filling up the DagBag from /home/airflow/.local/lib/python3.7/site-packages/airflow/example_dags/example_sla_dag.py
[2022-08-08 06:18:15,944] {processor.py:654} INFO - DAG(s) dict_keys(['example_sla_dag']) retrieved from /home/airflow/.local/lib/python3.7/site-packages/airflow/example_dags/example_sla_dag.py
[2022-08-08 06:18:15,962] {logging_mixin.py:109} INFO - [2022-08-08 06:18:15,961] {dag.py:2396} INFO - Sync 1 DAGs
[2022-08-08 06:18:15,984] {logging_mixin.py:109} INFO - [2022-08-08 06:18:15,984] {dag.py:2935} INFO - Setting next_dagrun for example_sla_dag to 2022-08-08T06:16:00+00:00
[2022-08-08 06:18:15,996] {processor.py:171} INFO - Processing /home/airflow/.local/lib/python3.7/site-packages/airflow/example_dags/example_sla_dag.py took 0.107 seconds
[2022-08-08 06:18:46,108] {processor.py:163} INFO - Started process (PID=1534) to work on /home/airflow/.local/lib/python3.7/site-packages/airflow/example_dags/example_sla_dag.py
[2022-08-08 06:18:46,110] {processor.py:642} INFO - Processing file /home/airflow/.local/lib/python3.7/site-packages/airflow/example_dags/example_sla_dag.py for tasks to queue
[2022-08-08 06:18:46,112] {logging_mixin.py:109} INFO - [2022-08-08 06:18:46,112] {dagbag.py:500} INFO - Filling up the DagBag from /home/airflow/.local/lib/python3.7/site-packages/airflow/example_dags/example_sla_dag.py
[2022-08-08 06:18:46,166] {processor.py:654} INFO - DAG(s) dict_keys(['example_sla_dag']) retrieved from /home/airflow/.local/lib/python3.7/site-packages/airflow/example_dags/example_sla_dag.py
[2022-08-08 06:18:46,176] {logging_mixin.py:109} INFO - [2022-08-08 06:18:46,176] {dag.py:2396} INFO - Sync 1 DAGs
[2022-08-08 06:18:46,194] {logging_mixin.py:109} INFO - [2022-08-08 06:18:46,193] {dag.py:2935} INFO - Setting next_dagrun for example_sla_dag to 2022-08-08T06:16:00+00:00
[2022-08-08 06:18:46,203] {processor.py:171} INFO - Processing /home/airflow/.local/lib/python3.7/site-packages/airflow/example_dags/example_sla_dag.py took 0.099 seconds
[2022-08-08 06:19:16,329] {processor.py:163} INFO - Started process (PID=1595) to work on /home/airflow/.local/lib/python3.7/site-packages/airflow/example_dags/example_sla_dag.py
[2022-08-08 06:19:16,331] {processor.py:642} INFO - Processing file /home/airflow/.local/lib/python3.7/site-packages/airflow/example_dags/example_sla_dag.py for tasks to queue
[2022-08-08 06:19:16,333] {logging_mixin.py:109} INFO - [2022-08-08 06:19:16,333] {dagbag.py:500} INFO - Filling up the DagBag from /home/airflow/.local/lib/python3.7/site-packages/airflow/example_dags/example_sla_dag.py
[2022-08-08 06:19:16,405] {processor.py:654} INFO - DAG(s) dict_keys(['example_sla_dag']) retrieved from /home/airflow/.local/lib/python3.7/site-packages/airflow/example_dags/example_sla_dag.py
[2022-08-08 06:19:16,421] {logging_mixin.py:109} INFO - [2022-08-08 06:19:16,421] {dag.py:2396} INFO - Sync 1 DAGs
[2022-08-08 06:19:16,452] {logging_mixin.py:109} INFO - [2022-08-08 06:19:16,452] {dag.py:2935} INFO - Setting next_dagrun for example_sla_dag to 2022-08-08T06:16:00+00:00
[2022-08-08 06:19:16,462] {processor.py:171} INFO - Processing /home/airflow/.local/lib/python3.7/site-packages/airflow/example_dags/example_sla_dag.py took 0.139 seconds
[2022-08-08 06:19:47,064] {processor.py:163} INFO - Started process (PID=1665) to work on /home/airflow/.local/lib/python3.7/site-packages/airflow/example_dags/example_sla_dag.py
[2022-08-08 06:19:47,066] {processor.py:642} INFO - Processing file /home/airflow/.local/lib/python3.7/site-packages/airflow/example_dags/example_sla_dag.py for tasks to queue
[2022-08-08 06:19:47,068] {logging_mixin.py:109} INFO - [2022-08-08 06:19:47,068] {dagbag.py:500} INFO - Filling up the DagBag from /home/airflow/.local/lib/python3.7/site-packages/airflow/example_dags/example_sla_dag.py
[2022-08-08 06:19:47,100] {processor.py:654} INFO - DAG(s) dict_keys(['example_sla_dag']) retrieved from /home/airflow/.local/lib/python3.7/site-packages/airflow/example_dags/example_sla_dag.py
[2022-08-08 06:19:47,111] {logging_mixin.py:109} INFO - [2022-08-08 06:19:47,111] {dag.py:2396} INFO - Sync 1 DAGs
[2022-08-08 06:19:47,129] {logging_mixin.py:109} INFO - [2022-08-08 06:19:47,129] {dag.py:2935} INFO - Setting next_dagrun for example_sla_dag to 2022-08-08T06:16:00+00:00
[2022-08-08 06:19:47,139] {processor.py:171} INFO - Processing /home/airflow/.local/lib/python3.7/site-packages/airflow/example_dags/example_sla_dag.py took 0.079 seconds
[2022-08-08 06:20:17,305] {processor.py:163} INFO - Started process (PID=1726) to work on /home/airflow/.local/lib/python3.7/site-packages/airflow/example_dags/example_sla_dag.py
[2022-08-08 06:20:17,307] {processor.py:642} INFO - Processing file /home/airflow/.local/lib/python3.7/site-packages/airflow/example_dags/example_sla_dag.py for tasks to queue
[2022-08-08 06:20:17,309] {logging_mixin.py:109} INFO - [2022-08-08 06:20:17,309] {dagbag.py:500} INFO - Filling up the DagBag from /home/airflow/.local/lib/python3.7/site-packages/airflow/example_dags/example_sla_dag.py
[2022-08-08 06:20:17,345] {processor.py:654} INFO - DAG(s) dict_keys(['example_sla_dag']) retrieved from /home/airflow/.local/lib/python3.7/site-packages/airflow/example_dags/example_sla_dag.py
[2022-08-08 06:20:17,357] {logging_mixin.py:109} INFO - [2022-08-08 06:20:17,356] {dag.py:2396} INFO - Sync 1 DAGs
[2022-08-08 06:20:17,382] {logging_mixin.py:109} INFO - [2022-08-08 06:20:17,382] {dag.py:2935} INFO - Setting next_dagrun for example_sla_dag to 2022-08-08T06:18:00+00:00
[2022-08-08 06:20:17,395] {processor.py:171} INFO - Processing /home/airflow/.local/lib/python3.7/site-packages/airflow/example_dags/example_sla_dag.py took 0.094 seconds
[2022-08-08 06:20:47,825] {processor.py:163} INFO - Started process (PID=1793) to work on /home/airflow/.local/lib/python3.7/site-packages/airflow/example_dags/example_sla_dag.py
[2022-08-08 06:20:47,827] {processor.py:642} INFO - Processing file /home/airflow/.local/lib/python3.7/site-packages/airflow/example_dags/example_sla_dag.py for tasks to queue
[2022-08-08 06:20:47,829] {logging_mixin.py:109} INFO - [2022-08-08 06:20:47,829] {dagbag.py:500} INFO - Filling up the DagBag from /home/airflow/.local/lib/python3.7/site-packages/airflow/example_dags/example_sla_dag.py
[2022-08-08 06:20:47,868] {processor.py:654} INFO - DAG(s) dict_keys(['example_sla_dag']) retrieved from /home/airflow/.local/lib/python3.7/site-packages/airflow/example_dags/example_sla_dag.py
[2022-08-08 06:20:47,880] {logging_mixin.py:109} INFO - [2022-08-08 06:20:47,880] {dag.py:2396} INFO - Sync 1 DAGs
[2022-08-08 06:20:47,994] {logging_mixin.py:109} INFO - [2022-08-08 06:20:47,994] {dag.py:2935} INFO - Setting next_dagrun for example_sla_dag to 2022-08-08T06:18:00+00:00
[2022-08-08 06:20:48,005] {processor.py:171} INFO - Processing /home/airflow/.local/lib/python3.7/site-packages/airflow/example_dags/example_sla_dag.py took 0.184 seconds
[2022-08-08 06:21:18,176] {processor.py:163} INFO - Started process (PID=1855) to work on /home/airflow/.local/lib/python3.7/site-packages/airflow/example_dags/example_sla_dag.py
[2022-08-08 06:21:18,178] {processor.py:642} INFO - Processing file /home/airflow/.local/lib/python3.7/site-packages/airflow/example_dags/example_sla_dag.py for tasks to queue
[2022-08-08 06:21:18,179] {logging_mixin.py:109} INFO - [2022-08-08 06:21:18,179] {dagbag.py:500} INFO - Filling up the DagBag from /home/airflow/.local/lib/python3.7/site-packages/airflow/example_dags/example_sla_dag.py
[2022-08-08 06:21:18,215] {processor.py:654} INFO - DAG(s) dict_keys(['example_sla_dag']) retrieved from /home/airflow/.local/lib/python3.7/site-packages/airflow/example_dags/example_sla_dag.py
[2022-08-08 06:21:18,227] {logging_mixin.py:109} INFO - [2022-08-08 06:21:18,227] {dag.py:2396} INFO - Sync 1 DAGs
[2022-08-08 06:21:18,337] {logging_mixin.py:109} INFO - [2022-08-08 06:21:18,337] {dag.py:2935} INFO - Setting next_dagrun for example_sla_dag to 2022-08-08T06:18:00+00:00
[2022-08-08 06:21:18,347] {processor.py:171} INFO - Processing /home/airflow/.local/lib/python3.7/site-packages/airflow/example_dags/example_sla_dag.py took 0.174 seconds
[2022-08-08 06:21:48,734] {processor.py:163} INFO - Started process (PID=1914) to work on /home/airflow/.local/lib/python3.7/site-packages/airflow/example_dags/example_sla_dag.py
[2022-08-08 06:21:48,737] {processor.py:642} INFO - Processing file /home/airflow/.local/lib/python3.7/site-packages/airflow/example_dags/example_sla_dag.py for tasks to queue
[2022-08-08 06:21:48,739] {logging_mixin.py:109} INFO - [2022-08-08 06:21:48,739] {dagbag.py:500} INFO - Filling up the DagBag from /home/airflow/.local/lib/python3.7/site-packages/airflow/example_dags/example_sla_dag.py
[2022-08-08 06:21:48,778] {processor.py:654} INFO - DAG(s) dict_keys(['example_sla_dag']) retrieved from /home/airflow/.local/lib/python3.7/site-packages/airflow/example_dags/example_sla_dag.py
[2022-08-08 06:21:48,792] {logging_mixin.py:109} INFO - [2022-08-08 06:21:48,792] {dag.py:2396} INFO - Sync 1 DAGs
[2022-08-08 06:21:48,898] {logging_mixin.py:109} INFO - [2022-08-08 06:21:48,898] {dag.py:2935} INFO - Setting next_dagrun for example_sla_dag to 2022-08-08T06:18:00+00:00
[2022-08-08 06:21:48,910] {processor.py:171} INFO - Processing /home/airflow/.local/lib/python3.7/site-packages/airflow/example_dags/example_sla_dag.py took 0.182 seconds
[2022-08-08 06:22:19,086] {processor.py:163} INFO - Started process (PID=1984) to work on /home/airflow/.local/lib/python3.7/site-packages/airflow/example_dags/example_sla_dag.py
[2022-08-08 06:22:19,089] {processor.py:642} INFO - Processing file /home/airflow/.local/lib/python3.7/site-packages/airflow/example_dags/example_sla_dag.py for tasks to queue
[2022-08-08 06:22:19,090] {logging_mixin.py:109} INFO - [2022-08-08 06:22:19,090] {dagbag.py:500} INFO - Filling up the DagBag from /home/airflow/.local/lib/python3.7/site-packages/airflow/example_dags/example_sla_dag.py
[2022-08-08 06:22:19,122] {processor.py:654} INFO - DAG(s) dict_keys(['example_sla_dag']) retrieved from /home/airflow/.local/lib/python3.7/site-packages/airflow/example_dags/example_sla_dag.py
[2022-08-08 06:22:19,218] {logging_mixin.py:109} INFO - [2022-08-08 06:22:19,218] {dag.py:2396} INFO - Sync 1 DAGs
[2022-08-08 06:22:19,237] {logging_mixin.py:109} INFO - [2022-08-08 06:22:19,237] {dag.py:2935} INFO - Setting next_dagrun for example_sla_dag to 2022-08-08T06:20:00+00:00
[2022-08-08 06:22:19,247] {processor.py:171} INFO - Processing /home/airflow/.local/lib/python3.7/site-packages/airflow/example_dags/example_sla_dag.py took 0.165 seconds
[2022-08-08 07:11:45,075] {processor.py:163} INFO - Started process (PID=2070) to work on /home/airflow/.local/lib/python3.7/site-packages/airflow/example_dags/example_sla_dag.py
[2022-08-08 07:11:45,079] {processor.py:642} INFO - Processing file /home/airflow/.local/lib/python3.7/site-packages/airflow/example_dags/example_sla_dag.py for tasks to queue
[2022-08-08 07:11:45,081] {logging_mixin.py:109} INFO - [2022-08-08 07:11:45,081] {dagbag.py:500} INFO - Filling up the DagBag from /home/airflow/.local/lib/python3.7/site-packages/airflow/example_dags/example_sla_dag.py
[2022-08-08 07:11:45,240] {processor.py:654} INFO - DAG(s) dict_keys(['example_sla_dag']) retrieved from /home/airflow/.local/lib/python3.7/site-packages/airflow/example_dags/example_sla_dag.py
[2022-08-08 07:11:45,254] {logging_mixin.py:109} INFO - [2022-08-08 07:11:45,254] {dag.py:2396} INFO - Sync 1 DAGs
[2022-08-08 07:11:45,277] {logging_mixin.py:109} INFO - [2022-08-08 07:11:45,277] {dag.py:2935} INFO - Setting next_dagrun for example_sla_dag to 2022-08-08T07:08:00+00:00
[2022-08-08 07:11:45,299] {processor.py:171} INFO - Processing /home/airflow/.local/lib/python3.7/site-packages/airflow/example_dags/example_sla_dag.py took 0.234 seconds
[2022-08-08 09:12:26,623] {processor.py:163} INFO - Started process (PID=2133) to work on /home/airflow/.local/lib/python3.7/site-packages/airflow/example_dags/example_sla_dag.py
[2022-08-08 09:12:26,628] {processor.py:642} INFO - Processing file /home/airflow/.local/lib/python3.7/site-packages/airflow/example_dags/example_sla_dag.py for tasks to queue
[2022-08-08 09:12:26,630] {logging_mixin.py:109} INFO - [2022-08-08 09:12:26,629] {dagbag.py:500} INFO - Filling up the DagBag from /home/airflow/.local/lib/python3.7/site-packages/airflow/example_dags/example_sla_dag.py
[2022-08-08 09:12:26,775] {processor.py:654} INFO - DAG(s) dict_keys(['example_sla_dag']) retrieved from /home/airflow/.local/lib/python3.7/site-packages/airflow/example_dags/example_sla_dag.py
[2022-08-08 09:12:26,810] {logging_mixin.py:109} INFO - [2022-08-08 09:12:26,810] {dag.py:2396} INFO - Sync 1 DAGs
[2022-08-08 09:12:26,854] {logging_mixin.py:109} INFO - [2022-08-08 09:12:26,854] {dag.py:2935} INFO - Setting next_dagrun for example_sla_dag to 2022-08-08T09:10:00+00:00
[2022-08-08 09:12:26,902] {processor.py:171} INFO - Processing /home/airflow/.local/lib/python3.7/site-packages/airflow/example_dags/example_sla_dag.py took 0.298 seconds
[2022-08-08 09:16:12,136] {processor.py:163} INFO - Started process (PID=2164) to work on /home/airflow/.local/lib/python3.7/site-packages/airflow/example_dags/example_sla_dag.py
[2022-08-08 09:16:12,140] {processor.py:642} INFO - Processing file /home/airflow/.local/lib/python3.7/site-packages/airflow/example_dags/example_sla_dag.py for tasks to queue
[2022-08-08 09:16:12,149] {logging_mixin.py:109} INFO - [2022-08-08 09:16:12,146] {dagbag.py:500} INFO - Filling up the DagBag from /home/airflow/.local/lib/python3.7/site-packages/airflow/example_dags/example_sla_dag.py
[2022-08-08 09:16:12,218] {processor.py:654} INFO - DAG(s) dict_keys(['example_sla_dag']) retrieved from /home/airflow/.local/lib/python3.7/site-packages/airflow/example_dags/example_sla_dag.py
[2022-08-08 09:16:12,245] {logging_mixin.py:109} INFO - [2022-08-08 09:16:12,244] {dag.py:2396} INFO - Sync 1 DAGs
[2022-08-08 09:16:12,286] {logging_mixin.py:109} INFO - [2022-08-08 09:16:12,286] {dag.py:2935} INFO - Setting next_dagrun for example_sla_dag to 2022-08-08T09:14:00+00:00
[2022-08-08 09:16:12,305] {processor.py:171} INFO - Processing /home/airflow/.local/lib/python3.7/site-packages/airflow/example_dags/example_sla_dag.py took 0.182 seconds
