[2022-08-08 00:05:50,487] {processor.py:163} INFO - Started process (PID=14947) to work on /home/airflow/.local/lib/python3.7/site-packages/airflow/example_dags/example_complex.py
[2022-08-08 00:05:50,497] {processor.py:642} INFO - Processing file /home/airflow/.local/lib/python3.7/site-packages/airflow/example_dags/example_complex.py for tasks to queue
[2022-08-08 00:05:50,507] {logging_mixin.py:109} INFO - [2022-08-08 00:05:50,507] {dagbag.py:500} INFO - Filling up the DagBag from /home/airflow/.local/lib/python3.7/site-packages/airflow/example_dags/example_complex.py
[2022-08-08 00:05:50,854] {processor.py:654} INFO - DAG(s) dict_keys(['example_complex']) retrieved from /home/airflow/.local/lib/python3.7/site-packages/airflow/example_dags/example_complex.py
[2022-08-08 00:05:50,973] {logging_mixin.py:109} INFO - [2022-08-08 00:05:50,972] {dag.py:2396} INFO - Sync 1 DAGs
[2022-08-08 00:05:51,084] {logging_mixin.py:109} INFO - [2022-08-08 00:05:51,084] {dag.py:2935} INFO - Setting next_dagrun for example_complex to None
[2022-08-08 00:05:51,157] {processor.py:171} INFO - Processing /home/airflow/.local/lib/python3.7/site-packages/airflow/example_dags/example_complex.py took 0.690 seconds
[2022-08-08 00:11:30,571] {processor.py:163} INFO - Started process (PID=15020) to work on /home/airflow/.local/lib/python3.7/site-packages/airflow/example_dags/example_complex.py
[2022-08-08 00:11:30,581] {processor.py:642} INFO - Processing file /home/airflow/.local/lib/python3.7/site-packages/airflow/example_dags/example_complex.py for tasks to queue
[2022-08-08 00:11:30,602] {logging_mixin.py:109} INFO - [2022-08-08 00:11:30,602] {dagbag.py:500} INFO - Filling up the DagBag from /home/airflow/.local/lib/python3.7/site-packages/airflow/example_dags/example_complex.py
[2022-08-08 00:11:31,128] {processor.py:654} INFO - DAG(s) dict_keys(['example_complex']) retrieved from /home/airflow/.local/lib/python3.7/site-packages/airflow/example_dags/example_complex.py
[2022-08-08 00:11:31,476] {logging_mixin.py:109} INFO - [2022-08-08 00:11:31,476] {dag.py:2396} INFO - Sync 1 DAGs
[2022-08-08 00:11:31,669] {logging_mixin.py:109} INFO - [2022-08-08 00:11:31,669] {dag.py:2935} INFO - Setting next_dagrun for example_complex to None
[2022-08-08 00:11:31,756] {processor.py:171} INFO - Processing /home/airflow/.local/lib/python3.7/site-packages/airflow/example_dags/example_complex.py took 1.197 seconds
[2022-08-08 00:38:32,956] {processor.py:163} INFO - Started process (PID=15070) to work on /home/airflow/.local/lib/python3.7/site-packages/airflow/example_dags/example_complex.py
[2022-08-08 00:38:34,489] {processor.py:642} INFO - Processing file /home/airflow/.local/lib/python3.7/site-packages/airflow/example_dags/example_complex.py for tasks to queue
[2022-08-08 00:38:35,709] {logging_mixin.py:109} INFO - [2022-08-08 00:38:35,518] {dagbag.py:500} INFO - Filling up the DagBag from /home/airflow/.local/lib/python3.7/site-packages/airflow/example_dags/example_complex.py
[2022-08-08 02:23:36,788] {processor.py:163} INFO - Started process (PID=15482) to work on /home/airflow/.local/lib/python3.7/site-packages/airflow/example_dags/example_complex.py
[2022-08-08 02:23:36,987] {processor.py:642} INFO - Processing file /home/airflow/.local/lib/python3.7/site-packages/airflow/example_dags/example_complex.py for tasks to queue
[2022-08-08 02:23:37,035] {logging_mixin.py:109} INFO - [2022-08-08 02:23:37,035] {dagbag.py:500} INFO - Filling up the DagBag from /home/airflow/.local/lib/python3.7/site-packages/airflow/example_dags/example_complex.py
[2022-08-08 06:06:55,072] {processor.py:163} INFO - Started process (PID=56) to work on /home/airflow/.local/lib/python3.7/site-packages/airflow/example_dags/example_complex.py
[2022-08-08 06:06:55,079] {processor.py:642} INFO - Processing file /home/airflow/.local/lib/python3.7/site-packages/airflow/example_dags/example_complex.py for tasks to queue
[2022-08-08 06:06:55,090] {logging_mixin.py:109} INFO - [2022-08-08 06:06:55,086] {dagbag.py:500} INFO - Filling up the DagBag from /home/airflow/.local/lib/python3.7/site-packages/airflow/example_dags/example_complex.py
[2022-08-08 06:06:55,304] {processor.py:654} INFO - DAG(s) dict_keys(['example_complex']) retrieved from /home/airflow/.local/lib/python3.7/site-packages/airflow/example_dags/example_complex.py
[2022-08-08 06:06:55,412] {logging_mixin.py:109} INFO - [2022-08-08 06:06:55,411] {dag.py:2396} INFO - Sync 1 DAGs
[2022-08-08 06:06:55,507] {logging_mixin.py:109} INFO - [2022-08-08 06:06:55,507] {dag.py:2935} INFO - Setting next_dagrun for example_complex to None
[2022-08-08 06:06:55,555] {processor.py:171} INFO - Processing /home/airflow/.local/lib/python3.7/site-packages/airflow/example_dags/example_complex.py took 0.502 seconds
[2022-08-08 06:07:26,585] {processor.py:163} INFO - Started process (PID=100) to work on /home/airflow/.local/lib/python3.7/site-packages/airflow/example_dags/example_complex.py
[2022-08-08 06:07:26,640] {processor.py:642} INFO - Processing file /home/airflow/.local/lib/python3.7/site-packages/airflow/example_dags/example_complex.py for tasks to queue
[2022-08-08 06:07:26,644] {logging_mixin.py:109} INFO - [2022-08-08 06:07:26,644] {dagbag.py:500} INFO - Filling up the DagBag from /home/airflow/.local/lib/python3.7/site-packages/airflow/example_dags/example_complex.py
[2022-08-08 06:07:27,109] {processor.py:654} INFO - DAG(s) dict_keys(['example_complex']) retrieved from /home/airflow/.local/lib/python3.7/site-packages/airflow/example_dags/example_complex.py
[2022-08-08 06:07:27,313] {logging_mixin.py:109} INFO - [2022-08-08 06:07:27,311] {dag.py:2396} INFO - Sync 1 DAGs
[2022-08-08 06:07:27,636] {logging_mixin.py:109} INFO - [2022-08-08 06:07:27,636] {dag.py:2935} INFO - Setting next_dagrun for example_complex to None
[2022-08-08 06:07:27,756] {processor.py:171} INFO - Processing /home/airflow/.local/lib/python3.7/site-packages/airflow/example_dags/example_complex.py took 1.186 seconds
[2022-08-08 06:07:58,103] {processor.py:163} INFO - Started process (PID=158) to work on /home/airflow/.local/lib/python3.7/site-packages/airflow/example_dags/example_complex.py
[2022-08-08 06:07:58,105] {processor.py:642} INFO - Processing file /home/airflow/.local/lib/python3.7/site-packages/airflow/example_dags/example_complex.py for tasks to queue
[2022-08-08 06:07:58,106] {logging_mixin.py:109} INFO - [2022-08-08 06:07:58,106] {dagbag.py:500} INFO - Filling up the DagBag from /home/airflow/.local/lib/python3.7/site-packages/airflow/example_dags/example_complex.py
[2022-08-08 06:07:58,143] {processor.py:654} INFO - DAG(s) dict_keys(['example_complex']) retrieved from /home/airflow/.local/lib/python3.7/site-packages/airflow/example_dags/example_complex.py
[2022-08-08 06:07:58,157] {logging_mixin.py:109} INFO - [2022-08-08 06:07:58,157] {dag.py:2396} INFO - Sync 1 DAGs
[2022-08-08 06:07:58,179] {logging_mixin.py:109} INFO - [2022-08-08 06:07:58,179] {dag.py:2935} INFO - Setting next_dagrun for example_complex to None
[2022-08-08 06:07:58,192] {processor.py:171} INFO - Processing /home/airflow/.local/lib/python3.7/site-packages/airflow/example_dags/example_complex.py took 0.093 seconds
[2022-08-08 06:08:28,229] {processor.py:163} INFO - Started process (PID=218) to work on /home/airflow/.local/lib/python3.7/site-packages/airflow/example_dags/example_complex.py
[2022-08-08 06:08:28,233] {processor.py:642} INFO - Processing file /home/airflow/.local/lib/python3.7/site-packages/airflow/example_dags/example_complex.py for tasks to queue
[2022-08-08 06:08:28,234] {logging_mixin.py:109} INFO - [2022-08-08 06:08:28,234] {dagbag.py:500} INFO - Filling up the DagBag from /home/airflow/.local/lib/python3.7/site-packages/airflow/example_dags/example_complex.py
[2022-08-08 06:08:28,269] {processor.py:654} INFO - DAG(s) dict_keys(['example_complex']) retrieved from /home/airflow/.local/lib/python3.7/site-packages/airflow/example_dags/example_complex.py
[2022-08-08 06:08:28,286] {logging_mixin.py:109} INFO - [2022-08-08 06:08:28,286] {dag.py:2396} INFO - Sync 1 DAGs
[2022-08-08 06:08:28,301] {logging_mixin.py:109} INFO - [2022-08-08 06:08:28,301] {dag.py:2935} INFO - Setting next_dagrun for example_complex to None
[2022-08-08 06:08:28,312] {processor.py:171} INFO - Processing /home/airflow/.local/lib/python3.7/site-packages/airflow/example_dags/example_complex.py took 0.087 seconds
[2022-08-08 06:08:58,427] {processor.py:163} INFO - Started process (PID=288) to work on /home/airflow/.local/lib/python3.7/site-packages/airflow/example_dags/example_complex.py
[2022-08-08 06:08:58,429] {processor.py:642} INFO - Processing file /home/airflow/.local/lib/python3.7/site-packages/airflow/example_dags/example_complex.py for tasks to queue
[2022-08-08 06:08:58,431] {logging_mixin.py:109} INFO - [2022-08-08 06:08:58,431] {dagbag.py:500} INFO - Filling up the DagBag from /home/airflow/.local/lib/python3.7/site-packages/airflow/example_dags/example_complex.py
[2022-08-08 06:08:58,473] {processor.py:654} INFO - DAG(s) dict_keys(['example_complex']) retrieved from /home/airflow/.local/lib/python3.7/site-packages/airflow/example_dags/example_complex.py
[2022-08-08 06:08:58,489] {logging_mixin.py:109} INFO - [2022-08-08 06:08:58,488] {dag.py:2396} INFO - Sync 1 DAGs
[2022-08-08 06:08:58,508] {logging_mixin.py:109} INFO - [2022-08-08 06:08:58,508] {dag.py:2935} INFO - Setting next_dagrun for example_complex to None
[2022-08-08 06:08:58,520] {processor.py:171} INFO - Processing /home/airflow/.local/lib/python3.7/site-packages/airflow/example_dags/example_complex.py took 0.099 seconds
[2022-08-08 06:09:28,936] {processor.py:163} INFO - Started process (PID=349) to work on /home/airflow/.local/lib/python3.7/site-packages/airflow/example_dags/example_complex.py
[2022-08-08 06:09:28,938] {processor.py:642} INFO - Processing file /home/airflow/.local/lib/python3.7/site-packages/airflow/example_dags/example_complex.py for tasks to queue
[2022-08-08 06:09:28,940] {logging_mixin.py:109} INFO - [2022-08-08 06:09:28,939] {dagbag.py:500} INFO - Filling up the DagBag from /home/airflow/.local/lib/python3.7/site-packages/airflow/example_dags/example_complex.py
[2022-08-08 06:09:28,980] {processor.py:654} INFO - DAG(s) dict_keys(['example_complex']) retrieved from /home/airflow/.local/lib/python3.7/site-packages/airflow/example_dags/example_complex.py
[2022-08-08 06:09:28,996] {logging_mixin.py:109} INFO - [2022-08-08 06:09:28,996] {dag.py:2396} INFO - Sync 1 DAGs
[2022-08-08 06:09:29,014] {logging_mixin.py:109} INFO - [2022-08-08 06:09:29,013] {dag.py:2935} INFO - Setting next_dagrun for example_complex to None
[2022-08-08 06:09:29,025] {processor.py:171} INFO - Processing /home/airflow/.local/lib/python3.7/site-packages/airflow/example_dags/example_complex.py took 0.094 seconds
[2022-08-08 06:09:59,236] {processor.py:163} INFO - Started process (PID=418) to work on /home/airflow/.local/lib/python3.7/site-packages/airflow/example_dags/example_complex.py
[2022-08-08 06:09:59,239] {processor.py:642} INFO - Processing file /home/airflow/.local/lib/python3.7/site-packages/airflow/example_dags/example_complex.py for tasks to queue
[2022-08-08 06:09:59,240] {logging_mixin.py:109} INFO - [2022-08-08 06:09:59,240] {dagbag.py:500} INFO - Filling up the DagBag from /home/airflow/.local/lib/python3.7/site-packages/airflow/example_dags/example_complex.py
[2022-08-08 06:09:59,279] {processor.py:654} INFO - DAG(s) dict_keys(['example_complex']) retrieved from /home/airflow/.local/lib/python3.7/site-packages/airflow/example_dags/example_complex.py
[2022-08-08 06:09:59,296] {logging_mixin.py:109} INFO - [2022-08-08 06:09:59,295] {dag.py:2396} INFO - Sync 1 DAGs
[2022-08-08 06:09:59,313] {logging_mixin.py:109} INFO - [2022-08-08 06:09:59,312] {dag.py:2935} INFO - Setting next_dagrun for example_complex to None
[2022-08-08 06:09:59,327] {processor.py:171} INFO - Processing /home/airflow/.local/lib/python3.7/site-packages/airflow/example_dags/example_complex.py took 0.095 seconds
[2022-08-08 06:10:29,551] {processor.py:163} INFO - Started process (PID=478) to work on /home/airflow/.local/lib/python3.7/site-packages/airflow/example_dags/example_complex.py
[2022-08-08 06:10:29,554] {processor.py:642} INFO - Processing file /home/airflow/.local/lib/python3.7/site-packages/airflow/example_dags/example_complex.py for tasks to queue
[2022-08-08 06:10:29,556] {logging_mixin.py:109} INFO - [2022-08-08 06:10:29,556] {dagbag.py:500} INFO - Filling up the DagBag from /home/airflow/.local/lib/python3.7/site-packages/airflow/example_dags/example_complex.py
[2022-08-08 06:10:29,593] {processor.py:654} INFO - DAG(s) dict_keys(['example_complex']) retrieved from /home/airflow/.local/lib/python3.7/site-packages/airflow/example_dags/example_complex.py
[2022-08-08 06:10:29,608] {logging_mixin.py:109} INFO - [2022-08-08 06:10:29,608] {dag.py:2396} INFO - Sync 1 DAGs
[2022-08-08 06:10:29,624] {logging_mixin.py:109} INFO - [2022-08-08 06:10:29,624] {dag.py:2935} INFO - Setting next_dagrun for example_complex to None
[2022-08-08 06:10:29,634] {processor.py:171} INFO - Processing /home/airflow/.local/lib/python3.7/site-packages/airflow/example_dags/example_complex.py took 0.088 seconds
[2022-08-08 06:11:00,136] {processor.py:163} INFO - Started process (PID=539) to work on /home/airflow/.local/lib/python3.7/site-packages/airflow/example_dags/example_complex.py
[2022-08-08 06:11:00,139] {processor.py:642} INFO - Processing file /home/airflow/.local/lib/python3.7/site-packages/airflow/example_dags/example_complex.py for tasks to queue
[2022-08-08 06:11:00,141] {logging_mixin.py:109} INFO - [2022-08-08 06:11:00,141] {dagbag.py:500} INFO - Filling up the DagBag from /home/airflow/.local/lib/python3.7/site-packages/airflow/example_dags/example_complex.py
[2022-08-08 06:11:00,176] {processor.py:654} INFO - DAG(s) dict_keys(['example_complex']) retrieved from /home/airflow/.local/lib/python3.7/site-packages/airflow/example_dags/example_complex.py
[2022-08-08 06:11:00,190] {logging_mixin.py:109} INFO - [2022-08-08 06:11:00,190] {dag.py:2396} INFO - Sync 1 DAGs
[2022-08-08 06:11:00,205] {logging_mixin.py:109} INFO - [2022-08-08 06:11:00,205] {dag.py:2935} INFO - Setting next_dagrun for example_complex to None
[2022-08-08 06:11:00,216] {processor.py:171} INFO - Processing /home/airflow/.local/lib/python3.7/site-packages/airflow/example_dags/example_complex.py took 0.084 seconds
[2022-08-08 06:11:30,266] {processor.py:163} INFO - Started process (PID=609) to work on /home/airflow/.local/lib/python3.7/site-packages/airflow/example_dags/example_complex.py
[2022-08-08 06:11:30,269] {processor.py:642} INFO - Processing file /home/airflow/.local/lib/python3.7/site-packages/airflow/example_dags/example_complex.py for tasks to queue
[2022-08-08 06:11:30,270] {logging_mixin.py:109} INFO - [2022-08-08 06:11:30,270] {dagbag.py:500} INFO - Filling up the DagBag from /home/airflow/.local/lib/python3.7/site-packages/airflow/example_dags/example_complex.py
[2022-08-08 06:11:30,305] {processor.py:654} INFO - DAG(s) dict_keys(['example_complex']) retrieved from /home/airflow/.local/lib/python3.7/site-packages/airflow/example_dags/example_complex.py
[2022-08-08 06:11:30,321] {logging_mixin.py:109} INFO - [2022-08-08 06:11:30,321] {dag.py:2396} INFO - Sync 1 DAGs
[2022-08-08 06:11:30,336] {logging_mixin.py:109} INFO - [2022-08-08 06:11:30,336] {dag.py:2935} INFO - Setting next_dagrun for example_complex to None
[2022-08-08 06:11:30,345] {processor.py:171} INFO - Processing /home/airflow/.local/lib/python3.7/site-packages/airflow/example_dags/example_complex.py took 0.083 seconds
[2022-08-08 06:12:00,722] {processor.py:163} INFO - Started process (PID=669) to work on /home/airflow/.local/lib/python3.7/site-packages/airflow/example_dags/example_complex.py
[2022-08-08 06:12:00,724] {processor.py:642} INFO - Processing file /home/airflow/.local/lib/python3.7/site-packages/airflow/example_dags/example_complex.py for tasks to queue
[2022-08-08 06:12:00,725] {logging_mixin.py:109} INFO - [2022-08-08 06:12:00,725] {dagbag.py:500} INFO - Filling up the DagBag from /home/airflow/.local/lib/python3.7/site-packages/airflow/example_dags/example_complex.py
[2022-08-08 06:12:00,758] {processor.py:654} INFO - DAG(s) dict_keys(['example_complex']) retrieved from /home/airflow/.local/lib/python3.7/site-packages/airflow/example_dags/example_complex.py
[2022-08-08 06:12:00,772] {logging_mixin.py:109} INFO - [2022-08-08 06:12:00,772] {dag.py:2396} INFO - Sync 1 DAGs
[2022-08-08 06:12:00,790] {logging_mixin.py:109} INFO - [2022-08-08 06:12:00,790] {dag.py:2935} INFO - Setting next_dagrun for example_complex to None
[2022-08-08 06:12:00,801] {processor.py:171} INFO - Processing /home/airflow/.local/lib/python3.7/site-packages/airflow/example_dags/example_complex.py took 0.083 seconds
[2022-08-08 06:12:31,502] {processor.py:163} INFO - Started process (PID=738) to work on /home/airflow/.local/lib/python3.7/site-packages/airflow/example_dags/example_complex.py
[2022-08-08 06:12:31,516] {processor.py:642} INFO - Processing file /home/airflow/.local/lib/python3.7/site-packages/airflow/example_dags/example_complex.py for tasks to queue
[2022-08-08 06:12:31,519] {logging_mixin.py:109} INFO - [2022-08-08 06:12:31,519] {dagbag.py:500} INFO - Filling up the DagBag from /home/airflow/.local/lib/python3.7/site-packages/airflow/example_dags/example_complex.py
[2022-08-08 06:12:31,569] {processor.py:654} INFO - DAG(s) dict_keys(['example_complex']) retrieved from /home/airflow/.local/lib/python3.7/site-packages/airflow/example_dags/example_complex.py
[2022-08-08 06:12:31,585] {logging_mixin.py:109} INFO - [2022-08-08 06:12:31,585] {dag.py:2396} INFO - Sync 1 DAGs
[2022-08-08 06:12:31,613] {logging_mixin.py:109} INFO - [2022-08-08 06:12:31,613] {dag.py:2935} INFO - Setting next_dagrun for example_complex to None
[2022-08-08 06:12:31,625] {processor.py:171} INFO - Processing /home/airflow/.local/lib/python3.7/site-packages/airflow/example_dags/example_complex.py took 0.129 seconds
[2022-08-08 06:13:01,707] {processor.py:163} INFO - Started process (PID=798) to work on /home/airflow/.local/lib/python3.7/site-packages/airflow/example_dags/example_complex.py
[2022-08-08 06:13:01,713] {processor.py:642} INFO - Processing file /home/airflow/.local/lib/python3.7/site-packages/airflow/example_dags/example_complex.py for tasks to queue
[2022-08-08 06:13:01,717] {logging_mixin.py:109} INFO - [2022-08-08 06:13:01,716] {dagbag.py:500} INFO - Filling up the DagBag from /home/airflow/.local/lib/python3.7/site-packages/airflow/example_dags/example_complex.py
[2022-08-08 06:13:01,812] {processor.py:654} INFO - DAG(s) dict_keys(['example_complex']) retrieved from /home/airflow/.local/lib/python3.7/site-packages/airflow/example_dags/example_complex.py
[2022-08-08 06:13:01,903] {logging_mixin.py:109} INFO - [2022-08-08 06:13:01,903] {dag.py:2396} INFO - Sync 1 DAGs
[2022-08-08 06:13:01,951] {logging_mixin.py:109} INFO - [2022-08-08 06:13:01,951] {dag.py:2935} INFO - Setting next_dagrun for example_complex to None
[2022-08-08 06:13:01,978] {processor.py:171} INFO - Processing /home/airflow/.local/lib/python3.7/site-packages/airflow/example_dags/example_complex.py took 0.285 seconds
[2022-08-08 06:13:32,535] {processor.py:163} INFO - Started process (PID=866) to work on /home/airflow/.local/lib/python3.7/site-packages/airflow/example_dags/example_complex.py
[2022-08-08 06:13:32,537] {processor.py:642} INFO - Processing file /home/airflow/.local/lib/python3.7/site-packages/airflow/example_dags/example_complex.py for tasks to queue
[2022-08-08 06:13:32,538] {logging_mixin.py:109} INFO - [2022-08-08 06:13:32,538] {dagbag.py:500} INFO - Filling up the DagBag from /home/airflow/.local/lib/python3.7/site-packages/airflow/example_dags/example_complex.py
[2022-08-08 06:13:32,602] {processor.py:654} INFO - DAG(s) dict_keys(['example_complex']) retrieved from /home/airflow/.local/lib/python3.7/site-packages/airflow/example_dags/example_complex.py
[2022-08-08 06:13:32,618] {logging_mixin.py:109} INFO - [2022-08-08 06:13:32,618] {dag.py:2396} INFO - Sync 1 DAGs
[2022-08-08 06:13:32,636] {logging_mixin.py:109} INFO - [2022-08-08 06:13:32,636] {dag.py:2935} INFO - Setting next_dagrun for example_complex to None
[2022-08-08 06:13:32,648] {processor.py:171} INFO - Processing /home/airflow/.local/lib/python3.7/site-packages/airflow/example_dags/example_complex.py took 0.118 seconds
[2022-08-08 06:14:03,165] {processor.py:163} INFO - Started process (PID=928) to work on /home/airflow/.local/lib/python3.7/site-packages/airflow/example_dags/example_complex.py
[2022-08-08 06:14:03,168] {processor.py:642} INFO - Processing file /home/airflow/.local/lib/python3.7/site-packages/airflow/example_dags/example_complex.py for tasks to queue
[2022-08-08 06:14:03,169] {logging_mixin.py:109} INFO - [2022-08-08 06:14:03,169] {dagbag.py:500} INFO - Filling up the DagBag from /home/airflow/.local/lib/python3.7/site-packages/airflow/example_dags/example_complex.py
[2022-08-08 06:14:03,206] {processor.py:654} INFO - DAG(s) dict_keys(['example_complex']) retrieved from /home/airflow/.local/lib/python3.7/site-packages/airflow/example_dags/example_complex.py
[2022-08-08 06:14:03,220] {logging_mixin.py:109} INFO - [2022-08-08 06:14:03,220] {dag.py:2396} INFO - Sync 1 DAGs
[2022-08-08 06:14:03,235] {logging_mixin.py:109} INFO - [2022-08-08 06:14:03,235] {dag.py:2935} INFO - Setting next_dagrun for example_complex to None
[2022-08-08 06:14:03,245] {processor.py:171} INFO - Processing /home/airflow/.local/lib/python3.7/site-packages/airflow/example_dags/example_complex.py took 0.086 seconds
[2022-08-08 06:14:33,792] {processor.py:163} INFO - Started process (PID=988) to work on /home/airflow/.local/lib/python3.7/site-packages/airflow/example_dags/example_complex.py
[2022-08-08 06:14:33,795] {processor.py:642} INFO - Processing file /home/airflow/.local/lib/python3.7/site-packages/airflow/example_dags/example_complex.py for tasks to queue
[2022-08-08 06:14:33,797] {logging_mixin.py:109} INFO - [2022-08-08 06:14:33,796] {dagbag.py:500} INFO - Filling up the DagBag from /home/airflow/.local/lib/python3.7/site-packages/airflow/example_dags/example_complex.py
[2022-08-08 06:14:33,836] {processor.py:654} INFO - DAG(s) dict_keys(['example_complex']) retrieved from /home/airflow/.local/lib/python3.7/site-packages/airflow/example_dags/example_complex.py
[2022-08-08 06:14:33,852] {logging_mixin.py:109} INFO - [2022-08-08 06:14:33,852] {dag.py:2396} INFO - Sync 1 DAGs
[2022-08-08 06:14:33,871] {logging_mixin.py:109} INFO - [2022-08-08 06:14:33,871] {dag.py:2935} INFO - Setting next_dagrun for example_complex to None
[2022-08-08 06:14:33,893] {processor.py:171} INFO - Processing /home/airflow/.local/lib/python3.7/site-packages/airflow/example_dags/example_complex.py took 0.104 seconds
[2022-08-08 06:15:04,070] {processor.py:163} INFO - Started process (PID=1059) to work on /home/airflow/.local/lib/python3.7/site-packages/airflow/example_dags/example_complex.py
[2022-08-08 06:15:04,072] {processor.py:642} INFO - Processing file /home/airflow/.local/lib/python3.7/site-packages/airflow/example_dags/example_complex.py for tasks to queue
[2022-08-08 06:15:04,074] {logging_mixin.py:109} INFO - [2022-08-08 06:15:04,073] {dagbag.py:500} INFO - Filling up the DagBag from /home/airflow/.local/lib/python3.7/site-packages/airflow/example_dags/example_complex.py
[2022-08-08 06:15:04,109] {processor.py:654} INFO - DAG(s) dict_keys(['example_complex']) retrieved from /home/airflow/.local/lib/python3.7/site-packages/airflow/example_dags/example_complex.py
[2022-08-08 06:15:04,125] {logging_mixin.py:109} INFO - [2022-08-08 06:15:04,125] {dag.py:2396} INFO - Sync 1 DAGs
[2022-08-08 06:15:04,141] {logging_mixin.py:109} INFO - [2022-08-08 06:15:04,141] {dag.py:2935} INFO - Setting next_dagrun for example_complex to None
[2022-08-08 06:15:04,152] {processor.py:171} INFO - Processing /home/airflow/.local/lib/python3.7/site-packages/airflow/example_dags/example_complex.py took 0.086 seconds
[2022-08-08 06:15:34,454] {processor.py:163} INFO - Started process (PID=1120) to work on /home/airflow/.local/lib/python3.7/site-packages/airflow/example_dags/example_complex.py
[2022-08-08 06:15:34,457] {processor.py:642} INFO - Processing file /home/airflow/.local/lib/python3.7/site-packages/airflow/example_dags/example_complex.py for tasks to queue
[2022-08-08 06:15:34,459] {logging_mixin.py:109} INFO - [2022-08-08 06:15:34,459] {dagbag.py:500} INFO - Filling up the DagBag from /home/airflow/.local/lib/python3.7/site-packages/airflow/example_dags/example_complex.py
[2022-08-08 06:15:34,494] {processor.py:654} INFO - DAG(s) dict_keys(['example_complex']) retrieved from /home/airflow/.local/lib/python3.7/site-packages/airflow/example_dags/example_complex.py
[2022-08-08 06:15:34,508] {logging_mixin.py:109} INFO - [2022-08-08 06:15:34,508] {dag.py:2396} INFO - Sync 1 DAGs
[2022-08-08 06:15:34,522] {logging_mixin.py:109} INFO - [2022-08-08 06:15:34,522] {dag.py:2935} INFO - Setting next_dagrun for example_complex to None
[2022-08-08 06:15:34,534] {processor.py:171} INFO - Processing /home/airflow/.local/lib/python3.7/site-packages/airflow/example_dags/example_complex.py took 0.087 seconds
[2022-08-08 06:16:05,067] {processor.py:163} INFO - Started process (PID=1189) to work on /home/airflow/.local/lib/python3.7/site-packages/airflow/example_dags/example_complex.py
[2022-08-08 06:16:05,069] {processor.py:642} INFO - Processing file /home/airflow/.local/lib/python3.7/site-packages/airflow/example_dags/example_complex.py for tasks to queue
[2022-08-08 06:16:05,070] {logging_mixin.py:109} INFO - [2022-08-08 06:16:05,070] {dagbag.py:500} INFO - Filling up the DagBag from /home/airflow/.local/lib/python3.7/site-packages/airflow/example_dags/example_complex.py
[2022-08-08 06:16:05,104] {processor.py:654} INFO - DAG(s) dict_keys(['example_complex']) retrieved from /home/airflow/.local/lib/python3.7/site-packages/airflow/example_dags/example_complex.py
[2022-08-08 06:16:05,118] {logging_mixin.py:109} INFO - [2022-08-08 06:16:05,117] {dag.py:2396} INFO - Sync 1 DAGs
[2022-08-08 06:16:05,133] {logging_mixin.py:109} INFO - [2022-08-08 06:16:05,132] {dag.py:2935} INFO - Setting next_dagrun for example_complex to None
[2022-08-08 06:16:05,143] {processor.py:171} INFO - Processing /home/airflow/.local/lib/python3.7/site-packages/airflow/example_dags/example_complex.py took 0.080 seconds
[2022-08-08 06:16:35,395] {processor.py:163} INFO - Started process (PID=1251) to work on /home/airflow/.local/lib/python3.7/site-packages/airflow/example_dags/example_complex.py
[2022-08-08 06:16:35,398] {processor.py:642} INFO - Processing file /home/airflow/.local/lib/python3.7/site-packages/airflow/example_dags/example_complex.py for tasks to queue
[2022-08-08 06:16:35,399] {logging_mixin.py:109} INFO - [2022-08-08 06:16:35,399] {dagbag.py:500} INFO - Filling up the DagBag from /home/airflow/.local/lib/python3.7/site-packages/airflow/example_dags/example_complex.py
[2022-08-08 06:16:35,435] {processor.py:654} INFO - DAG(s) dict_keys(['example_complex']) retrieved from /home/airflow/.local/lib/python3.7/site-packages/airflow/example_dags/example_complex.py
[2022-08-08 06:16:35,450] {logging_mixin.py:109} INFO - [2022-08-08 06:16:35,450] {dag.py:2396} INFO - Sync 1 DAGs
[2022-08-08 06:16:35,466] {logging_mixin.py:109} INFO - [2022-08-08 06:16:35,466] {dag.py:2935} INFO - Setting next_dagrun for example_complex to None
[2022-08-08 06:16:35,476] {processor.py:171} INFO - Processing /home/airflow/.local/lib/python3.7/site-packages/airflow/example_dags/example_complex.py took 0.086 seconds
[2022-08-08 06:17:05,748] {processor.py:163} INFO - Started process (PID=1322) to work on /home/airflow/.local/lib/python3.7/site-packages/airflow/example_dags/example_complex.py
[2022-08-08 06:17:05,750] {processor.py:642} INFO - Processing file /home/airflow/.local/lib/python3.7/site-packages/airflow/example_dags/example_complex.py for tasks to queue
[2022-08-08 06:17:05,751] {logging_mixin.py:109} INFO - [2022-08-08 06:17:05,751] {dagbag.py:500} INFO - Filling up the DagBag from /home/airflow/.local/lib/python3.7/site-packages/airflow/example_dags/example_complex.py
[2022-08-08 06:17:05,790] {processor.py:654} INFO - DAG(s) dict_keys(['example_complex']) retrieved from /home/airflow/.local/lib/python3.7/site-packages/airflow/example_dags/example_complex.py
[2022-08-08 06:17:05,812] {logging_mixin.py:109} INFO - [2022-08-08 06:17:05,812] {dag.py:2396} INFO - Sync 1 DAGs
[2022-08-08 06:17:05,829] {logging_mixin.py:109} INFO - [2022-08-08 06:17:05,829] {dag.py:2935} INFO - Setting next_dagrun for example_complex to None
[2022-08-08 06:17:05,842] {processor.py:171} INFO - Processing /home/airflow/.local/lib/python3.7/site-packages/airflow/example_dags/example_complex.py took 0.098 seconds
[2022-08-08 06:17:36,655] {processor.py:163} INFO - Started process (PID=1384) to work on /home/airflow/.local/lib/python3.7/site-packages/airflow/example_dags/example_complex.py
[2022-08-08 06:17:36,658] {processor.py:642} INFO - Processing file /home/airflow/.local/lib/python3.7/site-packages/airflow/example_dags/example_complex.py for tasks to queue
[2022-08-08 06:17:36,659] {logging_mixin.py:109} INFO - [2022-08-08 06:17:36,659] {dagbag.py:500} INFO - Filling up the DagBag from /home/airflow/.local/lib/python3.7/site-packages/airflow/example_dags/example_complex.py
[2022-08-08 06:17:36,693] {processor.py:654} INFO - DAG(s) dict_keys(['example_complex']) retrieved from /home/airflow/.local/lib/python3.7/site-packages/airflow/example_dags/example_complex.py
[2022-08-08 06:17:36,708] {logging_mixin.py:109} INFO - [2022-08-08 06:17:36,708] {dag.py:2396} INFO - Sync 1 DAGs
[2022-08-08 06:17:36,727] {logging_mixin.py:109} INFO - [2022-08-08 06:17:36,727] {dag.py:2935} INFO - Setting next_dagrun for example_complex to None
[2022-08-08 06:17:36,737] {processor.py:171} INFO - Processing /home/airflow/.local/lib/python3.7/site-packages/airflow/example_dags/example_complex.py took 0.087 seconds
[2022-08-08 06:18:07,348] {processor.py:163} INFO - Started process (PID=1455) to work on /home/airflow/.local/lib/python3.7/site-packages/airflow/example_dags/example_complex.py
[2022-08-08 06:18:07,351] {processor.py:642} INFO - Processing file /home/airflow/.local/lib/python3.7/site-packages/airflow/example_dags/example_complex.py for tasks to queue
[2022-08-08 06:18:07,352] {logging_mixin.py:109} INFO - [2022-08-08 06:18:07,352] {dagbag.py:500} INFO - Filling up the DagBag from /home/airflow/.local/lib/python3.7/site-packages/airflow/example_dags/example_complex.py
[2022-08-08 06:18:07,390] {processor.py:654} INFO - DAG(s) dict_keys(['example_complex']) retrieved from /home/airflow/.local/lib/python3.7/site-packages/airflow/example_dags/example_complex.py
[2022-08-08 06:18:07,406] {logging_mixin.py:109} INFO - [2022-08-08 06:18:07,406] {dag.py:2396} INFO - Sync 1 DAGs
[2022-08-08 06:18:07,423] {logging_mixin.py:109} INFO - [2022-08-08 06:18:07,423] {dag.py:2935} INFO - Setting next_dagrun for example_complex to None
[2022-08-08 06:18:07,434] {processor.py:171} INFO - Processing /home/airflow/.local/lib/python3.7/site-packages/airflow/example_dags/example_complex.py took 0.089 seconds
[2022-08-08 06:18:37,486] {processor.py:163} INFO - Started process (PID=1516) to work on /home/airflow/.local/lib/python3.7/site-packages/airflow/example_dags/example_complex.py
[2022-08-08 06:18:37,488] {processor.py:642} INFO - Processing file /home/airflow/.local/lib/python3.7/site-packages/airflow/example_dags/example_complex.py for tasks to queue
[2022-08-08 06:18:37,490] {logging_mixin.py:109} INFO - [2022-08-08 06:18:37,489] {dagbag.py:500} INFO - Filling up the DagBag from /home/airflow/.local/lib/python3.7/site-packages/airflow/example_dags/example_complex.py
[2022-08-08 06:18:37,530] {processor.py:654} INFO - DAG(s) dict_keys(['example_complex']) retrieved from /home/airflow/.local/lib/python3.7/site-packages/airflow/example_dags/example_complex.py
[2022-08-08 06:18:37,546] {logging_mixin.py:109} INFO - [2022-08-08 06:18:37,546] {dag.py:2396} INFO - Sync 1 DAGs
[2022-08-08 06:18:37,564] {logging_mixin.py:109} INFO - [2022-08-08 06:18:37,564] {dag.py:2935} INFO - Setting next_dagrun for example_complex to None
[2022-08-08 06:18:37,575] {processor.py:171} INFO - Processing /home/airflow/.local/lib/python3.7/site-packages/airflow/example_dags/example_complex.py took 0.093 seconds
[2022-08-08 06:19:07,785] {processor.py:163} INFO - Started process (PID=1576) to work on /home/airflow/.local/lib/python3.7/site-packages/airflow/example_dags/example_complex.py
[2022-08-08 06:19:07,787] {processor.py:642} INFO - Processing file /home/airflow/.local/lib/python3.7/site-packages/airflow/example_dags/example_complex.py for tasks to queue
[2022-08-08 06:19:07,789] {logging_mixin.py:109} INFO - [2022-08-08 06:19:07,789] {dagbag.py:500} INFO - Filling up the DagBag from /home/airflow/.local/lib/python3.7/site-packages/airflow/example_dags/example_complex.py
[2022-08-08 06:19:07,824] {processor.py:654} INFO - DAG(s) dict_keys(['example_complex']) retrieved from /home/airflow/.local/lib/python3.7/site-packages/airflow/example_dags/example_complex.py
[2022-08-08 06:19:07,840] {logging_mixin.py:109} INFO - [2022-08-08 06:19:07,840] {dag.py:2396} INFO - Sync 1 DAGs
[2022-08-08 06:19:07,857] {logging_mixin.py:109} INFO - [2022-08-08 06:19:07,857] {dag.py:2935} INFO - Setting next_dagrun for example_complex to None
[2022-08-08 06:19:07,868] {processor.py:171} INFO - Processing /home/airflow/.local/lib/python3.7/site-packages/airflow/example_dags/example_complex.py took 0.087 seconds
[2022-08-08 06:19:38,387] {processor.py:163} INFO - Started process (PID=1647) to work on /home/airflow/.local/lib/python3.7/site-packages/airflow/example_dags/example_complex.py
[2022-08-08 06:19:38,389] {processor.py:642} INFO - Processing file /home/airflow/.local/lib/python3.7/site-packages/airflow/example_dags/example_complex.py for tasks to queue
[2022-08-08 06:19:38,390] {logging_mixin.py:109} INFO - [2022-08-08 06:19:38,390] {dagbag.py:500} INFO - Filling up the DagBag from /home/airflow/.local/lib/python3.7/site-packages/airflow/example_dags/example_complex.py
[2022-08-08 06:19:38,425] {processor.py:654} INFO - DAG(s) dict_keys(['example_complex']) retrieved from /home/airflow/.local/lib/python3.7/site-packages/airflow/example_dags/example_complex.py
[2022-08-08 06:19:38,438] {logging_mixin.py:109} INFO - [2022-08-08 06:19:38,438] {dag.py:2396} INFO - Sync 1 DAGs
[2022-08-08 06:19:38,453] {logging_mixin.py:109} INFO - [2022-08-08 06:19:38,453] {dag.py:2935} INFO - Setting next_dagrun for example_complex to None
[2022-08-08 06:19:38,547] {processor.py:171} INFO - Processing /home/airflow/.local/lib/python3.7/site-packages/airflow/example_dags/example_complex.py took 0.164 seconds
[2022-08-08 06:20:08,848] {processor.py:163} INFO - Started process (PID=1707) to work on /home/airflow/.local/lib/python3.7/site-packages/airflow/example_dags/example_complex.py
[2022-08-08 06:20:08,850] {processor.py:642} INFO - Processing file /home/airflow/.local/lib/python3.7/site-packages/airflow/example_dags/example_complex.py for tasks to queue
[2022-08-08 06:20:08,852] {logging_mixin.py:109} INFO - [2022-08-08 06:20:08,852] {dagbag.py:500} INFO - Filling up the DagBag from /home/airflow/.local/lib/python3.7/site-packages/airflow/example_dags/example_complex.py
[2022-08-08 06:20:08,898] {processor.py:654} INFO - DAG(s) dict_keys(['example_complex']) retrieved from /home/airflow/.local/lib/python3.7/site-packages/airflow/example_dags/example_complex.py
[2022-08-08 06:20:08,919] {logging_mixin.py:109} INFO - [2022-08-08 06:20:08,919] {dag.py:2396} INFO - Sync 1 DAGs
[2022-08-08 06:20:09,027] {logging_mixin.py:109} INFO - [2022-08-08 06:20:09,027] {dag.py:2935} INFO - Setting next_dagrun for example_complex to None
[2022-08-08 06:20:09,042] {processor.py:171} INFO - Processing /home/airflow/.local/lib/python3.7/site-packages/airflow/example_dags/example_complex.py took 0.198 seconds
[2022-08-08 06:20:39,181] {processor.py:163} INFO - Started process (PID=1777) to work on /home/airflow/.local/lib/python3.7/site-packages/airflow/example_dags/example_complex.py
[2022-08-08 06:20:39,183] {processor.py:642} INFO - Processing file /home/airflow/.local/lib/python3.7/site-packages/airflow/example_dags/example_complex.py for tasks to queue
[2022-08-08 06:20:39,185] {logging_mixin.py:109} INFO - [2022-08-08 06:20:39,185] {dagbag.py:500} INFO - Filling up the DagBag from /home/airflow/.local/lib/python3.7/site-packages/airflow/example_dags/example_complex.py
[2022-08-08 06:20:39,221] {processor.py:654} INFO - DAG(s) dict_keys(['example_complex']) retrieved from /home/airflow/.local/lib/python3.7/site-packages/airflow/example_dags/example_complex.py
[2022-08-08 06:20:39,237] {logging_mixin.py:109} INFO - [2022-08-08 06:20:39,237] {dag.py:2396} INFO - Sync 1 DAGs
[2022-08-08 06:20:39,336] {logging_mixin.py:109} INFO - [2022-08-08 06:20:39,336] {dag.py:2935} INFO - Setting next_dagrun for example_complex to None
[2022-08-08 06:20:39,348] {processor.py:171} INFO - Processing /home/airflow/.local/lib/python3.7/site-packages/airflow/example_dags/example_complex.py took 0.173 seconds
[2022-08-08 06:21:10,122] {processor.py:163} INFO - Started process (PID=1837) to work on /home/airflow/.local/lib/python3.7/site-packages/airflow/example_dags/example_complex.py
[2022-08-08 06:21:10,124] {processor.py:642} INFO - Processing file /home/airflow/.local/lib/python3.7/site-packages/airflow/example_dags/example_complex.py for tasks to queue
[2022-08-08 06:21:10,126] {logging_mixin.py:109} INFO - [2022-08-08 06:21:10,126] {dagbag.py:500} INFO - Filling up the DagBag from /home/airflow/.local/lib/python3.7/site-packages/airflow/example_dags/example_complex.py
[2022-08-08 06:21:10,163] {processor.py:654} INFO - DAG(s) dict_keys(['example_complex']) retrieved from /home/airflow/.local/lib/python3.7/site-packages/airflow/example_dags/example_complex.py
[2022-08-08 06:21:10,178] {logging_mixin.py:109} INFO - [2022-08-08 06:21:10,178] {dag.py:2396} INFO - Sync 1 DAGs
[2022-08-08 06:21:10,292] {logging_mixin.py:109} INFO - [2022-08-08 06:21:10,292] {dag.py:2935} INFO - Setting next_dagrun for example_complex to None
[2022-08-08 06:21:10,304] {processor.py:171} INFO - Processing /home/airflow/.local/lib/python3.7/site-packages/airflow/example_dags/example_complex.py took 0.185 seconds
[2022-08-08 06:21:40,571] {processor.py:163} INFO - Started process (PID=1905) to work on /home/airflow/.local/lib/python3.7/site-packages/airflow/example_dags/example_complex.py
[2022-08-08 06:21:40,574] {processor.py:642} INFO - Processing file /home/airflow/.local/lib/python3.7/site-packages/airflow/example_dags/example_complex.py for tasks to queue
[2022-08-08 06:21:40,576] {logging_mixin.py:109} INFO - [2022-08-08 06:21:40,576] {dagbag.py:500} INFO - Filling up the DagBag from /home/airflow/.local/lib/python3.7/site-packages/airflow/example_dags/example_complex.py
[2022-08-08 06:21:40,619] {processor.py:654} INFO - DAG(s) dict_keys(['example_complex']) retrieved from /home/airflow/.local/lib/python3.7/site-packages/airflow/example_dags/example_complex.py
[2022-08-08 06:21:40,732] {logging_mixin.py:109} INFO - [2022-08-08 06:21:40,731] {dag.py:2396} INFO - Sync 1 DAGs
[2022-08-08 06:21:40,750] {logging_mixin.py:109} INFO - [2022-08-08 06:21:40,750] {dag.py:2935} INFO - Setting next_dagrun for example_complex to None
[2022-08-08 06:21:40,764] {processor.py:171} INFO - Processing /home/airflow/.local/lib/python3.7/site-packages/airflow/example_dags/example_complex.py took 0.197 seconds
[2022-08-08 06:22:10,841] {processor.py:163} INFO - Started process (PID=1966) to work on /home/airflow/.local/lib/python3.7/site-packages/airflow/example_dags/example_complex.py
[2022-08-08 06:22:10,844] {processor.py:642} INFO - Processing file /home/airflow/.local/lib/python3.7/site-packages/airflow/example_dags/example_complex.py for tasks to queue
[2022-08-08 06:22:10,846] {logging_mixin.py:109} INFO - [2022-08-08 06:22:10,846] {dagbag.py:500} INFO - Filling up the DagBag from /home/airflow/.local/lib/python3.7/site-packages/airflow/example_dags/example_complex.py
[2022-08-08 06:22:10,984] {processor.py:654} INFO - DAG(s) dict_keys(['example_complex']) retrieved from /home/airflow/.local/lib/python3.7/site-packages/airflow/example_dags/example_complex.py
[2022-08-08 06:22:11,001] {logging_mixin.py:109} INFO - [2022-08-08 06:22:11,001] {dag.py:2396} INFO - Sync 1 DAGs
[2022-08-08 06:22:11,018] {logging_mixin.py:109} INFO - [2022-08-08 06:22:11,018] {dag.py:2935} INFO - Setting next_dagrun for example_complex to None
[2022-08-08 06:22:11,032] {processor.py:171} INFO - Processing /home/airflow/.local/lib/python3.7/site-packages/airflow/example_dags/example_complex.py took 0.198 seconds
[2022-08-08 06:22:41,576] {processor.py:163} INFO - Started process (PID=2035) to work on /home/airflow/.local/lib/python3.7/site-packages/airflow/example_dags/example_complex.py
[2022-08-08 06:22:41,579] {processor.py:642} INFO - Processing file /home/airflow/.local/lib/python3.7/site-packages/airflow/example_dags/example_complex.py for tasks to queue
[2022-08-08 06:22:41,581] {logging_mixin.py:109} INFO - [2022-08-08 06:22:41,581] {dagbag.py:500} INFO - Filling up the DagBag from /home/airflow/.local/lib/python3.7/site-packages/airflow/example_dags/example_complex.py
[2022-08-08 06:22:41,732] {processor.py:654} INFO - DAG(s) dict_keys(['example_complex']) retrieved from /home/airflow/.local/lib/python3.7/site-packages/airflow/example_dags/example_complex.py
[2022-08-08 06:22:41,748] {logging_mixin.py:109} INFO - [2022-08-08 06:22:41,748] {dag.py:2396} INFO - Sync 1 DAGs
[2022-08-08 06:22:41,767] {logging_mixin.py:109} INFO - [2022-08-08 06:22:41,767] {dag.py:2935} INFO - Setting next_dagrun for example_complex to None
[2022-08-08 06:22:41,779] {processor.py:171} INFO - Processing /home/airflow/.local/lib/python3.7/site-packages/airflow/example_dags/example_complex.py took 0.207 seconds
[2022-08-08 07:11:42,617] {processor.py:163} INFO - Started process (PID=2059) to work on /home/airflow/.local/lib/python3.7/site-packages/airflow/example_dags/example_complex.py
[2022-08-08 07:11:42,621] {processor.py:642} INFO - Processing file /home/airflow/.local/lib/python3.7/site-packages/airflow/example_dags/example_complex.py for tasks to queue
[2022-08-08 07:11:42,625] {logging_mixin.py:109} INFO - [2022-08-08 07:11:42,625] {dagbag.py:500} INFO - Filling up the DagBag from /home/airflow/.local/lib/python3.7/site-packages/airflow/example_dags/example_complex.py
[2022-08-08 07:11:42,942] {processor.py:654} INFO - DAG(s) dict_keys(['example_complex']) retrieved from /home/airflow/.local/lib/python3.7/site-packages/airflow/example_dags/example_complex.py
[2022-08-08 07:11:42,979] {logging_mixin.py:109} INFO - [2022-08-08 07:11:42,979] {dag.py:2396} INFO - Sync 1 DAGs
[2022-08-08 07:11:43,013] {logging_mixin.py:109} INFO - [2022-08-08 07:11:43,012] {dag.py:2935} INFO - Setting next_dagrun for example_complex to None
[2022-08-08 07:11:43,048] {processor.py:171} INFO - Processing /home/airflow/.local/lib/python3.7/site-packages/airflow/example_dags/example_complex.py took 0.441 seconds
[2022-08-08 09:12:22,572] {processor.py:163} INFO - Started process (PID=2122) to work on /home/airflow/.local/lib/python3.7/site-packages/airflow/example_dags/example_complex.py
[2022-08-08 09:12:22,575] {processor.py:642} INFO - Processing file /home/airflow/.local/lib/python3.7/site-packages/airflow/example_dags/example_complex.py for tasks to queue
[2022-08-08 09:12:22,578] {logging_mixin.py:109} INFO - [2022-08-08 09:12:22,578] {dagbag.py:500} INFO - Filling up the DagBag from /home/airflow/.local/lib/python3.7/site-packages/airflow/example_dags/example_complex.py
[2022-08-08 09:12:22,725] {processor.py:654} INFO - DAG(s) dict_keys(['example_complex']) retrieved from /home/airflow/.local/lib/python3.7/site-packages/airflow/example_dags/example_complex.py
[2022-08-08 09:12:22,783] {logging_mixin.py:109} INFO - [2022-08-08 09:12:22,783] {dag.py:2396} INFO - Sync 1 DAGs
[2022-08-08 09:12:22,840] {logging_mixin.py:109} INFO - [2022-08-08 09:12:22,840] {dag.py:2935} INFO - Setting next_dagrun for example_complex to None
[2022-08-08 09:12:22,900] {processor.py:171} INFO - Processing /home/airflow/.local/lib/python3.7/site-packages/airflow/example_dags/example_complex.py took 0.341 seconds
[2022-08-08 09:16:10,328] {processor.py:163} INFO - Started process (PID=2153) to work on /home/airflow/.local/lib/python3.7/site-packages/airflow/example_dags/example_complex.py
[2022-08-08 09:16:10,330] {processor.py:642} INFO - Processing file /home/airflow/.local/lib/python3.7/site-packages/airflow/example_dags/example_complex.py for tasks to queue
[2022-08-08 09:16:10,333] {logging_mixin.py:109} INFO - [2022-08-08 09:16:10,332] {dagbag.py:500} INFO - Filling up the DagBag from /home/airflow/.local/lib/python3.7/site-packages/airflow/example_dags/example_complex.py
[2022-08-08 09:16:10,436] {processor.py:654} INFO - DAG(s) dict_keys(['example_complex']) retrieved from /home/airflow/.local/lib/python3.7/site-packages/airflow/example_dags/example_complex.py
[2022-08-08 09:16:10,484] {logging_mixin.py:109} INFO - [2022-08-08 09:16:10,484] {dag.py:2396} INFO - Sync 1 DAGs
[2022-08-08 09:16:10,546] {logging_mixin.py:109} INFO - [2022-08-08 09:16:10,546] {dag.py:2935} INFO - Setting next_dagrun for example_complex to None
[2022-08-08 09:16:10,581] {processor.py:171} INFO - Processing /home/airflow/.local/lib/python3.7/site-packages/airflow/example_dags/example_complex.py took 0.261 seconds
[2022-08-08 09:32:36,026] {processor.py:163} INFO - Started process (PID=2230) to work on /home/airflow/.local/lib/python3.7/site-packages/airflow/example_dags/example_complex.py
[2022-08-08 09:32:36,029] {processor.py:642} INFO - Processing file /home/airflow/.local/lib/python3.7/site-packages/airflow/example_dags/example_complex.py for tasks to queue
[2022-08-08 09:32:36,039] {logging_mixin.py:109} INFO - [2022-08-08 09:32:36,038] {dagbag.py:500} INFO - Filling up the DagBag from /home/airflow/.local/lib/python3.7/site-packages/airflow/example_dags/example_complex.py
[2022-08-08 09:32:36,346] {processor.py:654} INFO - DAG(s) dict_keys(['example_complex']) retrieved from /home/airflow/.local/lib/python3.7/site-packages/airflow/example_dags/example_complex.py
[2022-08-08 09:32:36,538] {logging_mixin.py:109} INFO - [2022-08-08 09:32:36,538] {dag.py:2396} INFO - Sync 1 DAGs
[2022-08-08 09:32:36,685] {logging_mixin.py:109} INFO - [2022-08-08 09:32:36,685] {dag.py:2935} INFO - Setting next_dagrun for example_complex to None
[2022-08-08 09:32:36,757] {processor.py:171} INFO - Processing /home/airflow/.local/lib/python3.7/site-packages/airflow/example_dags/example_complex.py took 0.775 seconds
[2022-08-08 09:35:15,734] {processor.py:163} INFO - Started process (PID=2305) to work on /home/airflow/.local/lib/python3.7/site-packages/airflow/example_dags/example_complex.py
[2022-08-08 09:35:15,783] {processor.py:642} INFO - Processing file /home/airflow/.local/lib/python3.7/site-packages/airflow/example_dags/example_complex.py for tasks to queue
[2022-08-08 09:35:15,836] {logging_mixin.py:109} INFO - [2022-08-08 09:35:15,836] {dagbag.py:500} INFO - Filling up the DagBag from /home/airflow/.local/lib/python3.7/site-packages/airflow/example_dags/example_complex.py
[2022-08-08 09:35:18,610] {processor.py:654} INFO - DAG(s) dict_keys(['example_complex']) retrieved from /home/airflow/.local/lib/python3.7/site-packages/airflow/example_dags/example_complex.py
[2022-08-08 09:35:20,405] {logging_mixin.py:109} INFO - [2022-08-08 09:35:20,366] {dag.py:2396} INFO - Sync 1 DAGs
[2022-08-08 09:35:44,797] {logging_mixin.py:109} INFO - [2022-08-08 09:35:44,621] {dag.py:2935} INFO - Setting next_dagrun for example_complex to None
[2022-08-08 09:35:47,951] {processor.py:171} INFO - Processing /home/airflow/.local/lib/python3.7/site-packages/airflow/example_dags/example_complex.py took 32.616 seconds
[2022-08-08 13:28:26,006] {processor.py:163} INFO - Started process (PID=2849) to work on /home/airflow/.local/lib/python3.7/site-packages/airflow/example_dags/example_complex.py
[2022-08-08 13:28:26,513] {processor.py:642} INFO - Processing file /home/airflow/.local/lib/python3.7/site-packages/airflow/example_dags/example_complex.py for tasks to queue
[2022-08-08 13:28:26,565] {logging_mixin.py:109} INFO - [2022-08-08 13:28:26,565] {dagbag.py:500} INFO - Filling up the DagBag from /home/airflow/.local/lib/python3.7/site-packages/airflow/example_dags/example_complex.py
