[2022-08-08 06:07:01,806] {processor.py:163} INFO - Started process (PID=65) to work on /home/airflow/.local/lib/python3.7/site-packages/airflow/example_dags/example_branch_operator.py
[2022-08-08 06:07:01,818] {processor.py:642} INFO - Processing file /home/airflow/.local/lib/python3.7/site-packages/airflow/example_dags/example_branch_operator.py for tasks to queue
[2022-08-08 06:07:01,825] {logging_mixin.py:109} INFO - [2022-08-08 06:07:01,825] {dagbag.py:500} INFO - Filling up the DagBag from /home/airflow/.local/lib/python3.7/site-packages/airflow/example_dags/example_branch_operator.py
[2022-08-08 06:07:02,125] {processor.py:654} INFO - DAG(s) dict_keys(['example_branch_operator']) retrieved from /home/airflow/.local/lib/python3.7/site-packages/airflow/example_dags/example_branch_operator.py
[2022-08-08 06:07:02,228] {logging_mixin.py:109} INFO - [2022-08-08 06:07:02,228] {dag.py:2396} INFO - Sync 1 DAGs
[2022-08-08 06:07:02,333] {logging_mixin.py:109} INFO - [2022-08-08 06:07:02,333] {dag.py:2935} INFO - Setting next_dagrun for example_branch_operator to 2022-08-07 00:00:00+00:00
[2022-08-08 06:07:02,423] {processor.py:171} INFO - Processing /home/airflow/.local/lib/python3.7/site-packages/airflow/example_dags/example_branch_operator.py took 0.638 seconds
[2022-08-08 06:07:34,343] {processor.py:163} INFO - Started process (PID=125) to work on /home/airflow/.local/lib/python3.7/site-packages/airflow/example_dags/example_branch_operator.py
[2022-08-08 06:07:34,350] {processor.py:642} INFO - Processing file /home/airflow/.local/lib/python3.7/site-packages/airflow/example_dags/example_branch_operator.py for tasks to queue
[2022-08-08 06:07:34,356] {logging_mixin.py:109} INFO - [2022-08-08 06:07:34,355] {dagbag.py:500} INFO - Filling up the DagBag from /home/airflow/.local/lib/python3.7/site-packages/airflow/example_dags/example_branch_operator.py
[2022-08-08 06:07:34,932] {processor.py:654} INFO - DAG(s) dict_keys(['example_branch_operator']) retrieved from /home/airflow/.local/lib/python3.7/site-packages/airflow/example_dags/example_branch_operator.py
[2022-08-08 06:07:35,013] {logging_mixin.py:109} INFO - [2022-08-08 06:07:35,013] {dag.py:2396} INFO - Sync 1 DAGs
[2022-08-08 06:07:35,182] {logging_mixin.py:109} INFO - [2022-08-08 06:07:35,182] {dag.py:2935} INFO - Setting next_dagrun for example_branch_operator to 2022-08-07 00:00:00+00:00
[2022-08-08 06:07:35,263] {processor.py:171} INFO - Processing /home/airflow/.local/lib/python3.7/site-packages/airflow/example_dags/example_branch_operator.py took 0.929 seconds
[2022-08-08 06:08:05,520] {processor.py:163} INFO - Started process (PID=185) to work on /home/airflow/.local/lib/python3.7/site-packages/airflow/example_dags/example_branch_operator.py
[2022-08-08 06:08:05,522] {processor.py:642} INFO - Processing file /home/airflow/.local/lib/python3.7/site-packages/airflow/example_dags/example_branch_operator.py for tasks to queue
[2022-08-08 06:08:05,523] {logging_mixin.py:109} INFO - [2022-08-08 06:08:05,523] {dagbag.py:500} INFO - Filling up the DagBag from /home/airflow/.local/lib/python3.7/site-packages/airflow/example_dags/example_branch_operator.py
[2022-08-08 06:08:05,561] {processor.py:654} INFO - DAG(s) dict_keys(['example_branch_operator']) retrieved from /home/airflow/.local/lib/python3.7/site-packages/airflow/example_dags/example_branch_operator.py
[2022-08-08 06:08:05,574] {logging_mixin.py:109} INFO - [2022-08-08 06:08:05,573] {dag.py:2396} INFO - Sync 1 DAGs
[2022-08-08 06:08:05,592] {logging_mixin.py:109} INFO - [2022-08-08 06:08:05,592] {dag.py:2935} INFO - Setting next_dagrun for example_branch_operator to 2022-08-07 00:00:00+00:00
[2022-08-08 06:08:05,604] {processor.py:171} INFO - Processing /home/airflow/.local/lib/python3.7/site-packages/airflow/example_dags/example_branch_operator.py took 0.089 seconds
[2022-08-08 06:08:36,178] {processor.py:163} INFO - Started process (PID=242) to work on /home/airflow/.local/lib/python3.7/site-packages/airflow/example_dags/example_branch_operator.py
[2022-08-08 06:08:36,181] {processor.py:642} INFO - Processing file /home/airflow/.local/lib/python3.7/site-packages/airflow/example_dags/example_branch_operator.py for tasks to queue
[2022-08-08 06:08:36,183] {logging_mixin.py:109} INFO - [2022-08-08 06:08:36,183] {dagbag.py:500} INFO - Filling up the DagBag from /home/airflow/.local/lib/python3.7/site-packages/airflow/example_dags/example_branch_operator.py
[2022-08-08 06:08:36,223] {processor.py:654} INFO - DAG(s) dict_keys(['example_branch_operator']) retrieved from /home/airflow/.local/lib/python3.7/site-packages/airflow/example_dags/example_branch_operator.py
[2022-08-08 06:08:36,235] {logging_mixin.py:109} INFO - [2022-08-08 06:08:36,235] {dag.py:2396} INFO - Sync 1 DAGs
[2022-08-08 06:08:36,254] {logging_mixin.py:109} INFO - [2022-08-08 06:08:36,254] {dag.py:2935} INFO - Setting next_dagrun for example_branch_operator to 2022-08-07 00:00:00+00:00
[2022-08-08 06:08:36,267] {processor.py:171} INFO - Processing /home/airflow/.local/lib/python3.7/site-packages/airflow/example_dags/example_branch_operator.py took 0.092 seconds
[2022-08-08 06:09:06,304] {processor.py:163} INFO - Started process (PID=301) to work on /home/airflow/.local/lib/python3.7/site-packages/airflow/example_dags/example_branch_operator.py
[2022-08-08 06:09:06,306] {processor.py:642} INFO - Processing file /home/airflow/.local/lib/python3.7/site-packages/airflow/example_dags/example_branch_operator.py for tasks to queue
[2022-08-08 06:09:06,309] {logging_mixin.py:109} INFO - [2022-08-08 06:09:06,308] {dagbag.py:500} INFO - Filling up the DagBag from /home/airflow/.local/lib/python3.7/site-packages/airflow/example_dags/example_branch_operator.py
[2022-08-08 06:09:06,346] {processor.py:654} INFO - DAG(s) dict_keys(['example_branch_operator']) retrieved from /home/airflow/.local/lib/python3.7/site-packages/airflow/example_dags/example_branch_operator.py
[2022-08-08 06:09:06,360] {logging_mixin.py:109} INFO - [2022-08-08 06:09:06,360] {dag.py:2396} INFO - Sync 1 DAGs
[2022-08-08 06:09:06,388] {logging_mixin.py:109} INFO - [2022-08-08 06:09:06,388] {dag.py:2935} INFO - Setting next_dagrun for example_branch_operator to 2022-08-07 00:00:00+00:00
[2022-08-08 06:09:06,404] {processor.py:171} INFO - Processing /home/airflow/.local/lib/python3.7/site-packages/airflow/example_dags/example_branch_operator.py took 0.104 seconds
[2022-08-08 06:09:36,512] {processor.py:163} INFO - Started process (PID=371) to work on /home/airflow/.local/lib/python3.7/site-packages/airflow/example_dags/example_branch_operator.py
[2022-08-08 06:09:36,515] {processor.py:642} INFO - Processing file /home/airflow/.local/lib/python3.7/site-packages/airflow/example_dags/example_branch_operator.py for tasks to queue
[2022-08-08 06:09:36,517] {logging_mixin.py:109} INFO - [2022-08-08 06:09:36,517] {dagbag.py:500} INFO - Filling up the DagBag from /home/airflow/.local/lib/python3.7/site-packages/airflow/example_dags/example_branch_operator.py
[2022-08-08 06:09:36,560] {processor.py:654} INFO - DAG(s) dict_keys(['example_branch_operator']) retrieved from /home/airflow/.local/lib/python3.7/site-packages/airflow/example_dags/example_branch_operator.py
[2022-08-08 06:09:36,575] {logging_mixin.py:109} INFO - [2022-08-08 06:09:36,575] {dag.py:2396} INFO - Sync 1 DAGs
[2022-08-08 06:09:36,596] {logging_mixin.py:109} INFO - [2022-08-08 06:09:36,596] {dag.py:2935} INFO - Setting next_dagrun for example_branch_operator to 2022-08-07 00:00:00+00:00
[2022-08-08 06:09:36,605] {processor.py:171} INFO - Processing /home/airflow/.local/lib/python3.7/site-packages/airflow/example_dags/example_branch_operator.py took 0.098 seconds
[2022-08-08 06:10:06,671] {processor.py:163} INFO - Started process (PID=430) to work on /home/airflow/.local/lib/python3.7/site-packages/airflow/example_dags/example_branch_operator.py
[2022-08-08 06:10:06,673] {processor.py:642} INFO - Processing file /home/airflow/.local/lib/python3.7/site-packages/airflow/example_dags/example_branch_operator.py for tasks to queue
[2022-08-08 06:10:06,675] {logging_mixin.py:109} INFO - [2022-08-08 06:10:06,674] {dagbag.py:500} INFO - Filling up the DagBag from /home/airflow/.local/lib/python3.7/site-packages/airflow/example_dags/example_branch_operator.py
[2022-08-08 06:10:06,706] {processor.py:654} INFO - DAG(s) dict_keys(['example_branch_operator']) retrieved from /home/airflow/.local/lib/python3.7/site-packages/airflow/example_dags/example_branch_operator.py
[2022-08-08 06:10:06,717] {logging_mixin.py:109} INFO - [2022-08-08 06:10:06,716] {dag.py:2396} INFO - Sync 1 DAGs
[2022-08-08 06:10:06,733] {logging_mixin.py:109} INFO - [2022-08-08 06:10:06,733] {dag.py:2935} INFO - Setting next_dagrun for example_branch_operator to 2022-08-07 00:00:00+00:00
[2022-08-08 06:10:06,746] {processor.py:171} INFO - Processing /home/airflow/.local/lib/python3.7/site-packages/airflow/example_dags/example_branch_operator.py took 0.078 seconds
[2022-08-08 06:10:36,807] {processor.py:163} INFO - Started process (PID=499) to work on /home/airflow/.local/lib/python3.7/site-packages/airflow/example_dags/example_branch_operator.py
[2022-08-08 06:10:36,809] {processor.py:642} INFO - Processing file /home/airflow/.local/lib/python3.7/site-packages/airflow/example_dags/example_branch_operator.py for tasks to queue
[2022-08-08 06:10:36,811] {logging_mixin.py:109} INFO - [2022-08-08 06:10:36,811] {dagbag.py:500} INFO - Filling up the DagBag from /home/airflow/.local/lib/python3.7/site-packages/airflow/example_dags/example_branch_operator.py
[2022-08-08 06:10:36,865] {processor.py:654} INFO - DAG(s) dict_keys(['example_branch_operator']) retrieved from /home/airflow/.local/lib/python3.7/site-packages/airflow/example_dags/example_branch_operator.py
[2022-08-08 06:10:36,889] {logging_mixin.py:109} INFO - [2022-08-08 06:10:36,889] {dag.py:2396} INFO - Sync 1 DAGs
[2022-08-08 06:10:36,916] {logging_mixin.py:109} INFO - [2022-08-08 06:10:36,916] {dag.py:2935} INFO - Setting next_dagrun for example_branch_operator to 2022-08-07 00:00:00+00:00
[2022-08-08 06:10:36,945] {processor.py:171} INFO - Processing /home/airflow/.local/lib/python3.7/site-packages/airflow/example_dags/example_branch_operator.py took 0.144 seconds
[2022-08-08 06:11:07,457] {processor.py:163} INFO - Started process (PID=561) to work on /home/airflow/.local/lib/python3.7/site-packages/airflow/example_dags/example_branch_operator.py
[2022-08-08 06:11:07,460] {processor.py:642} INFO - Processing file /home/airflow/.local/lib/python3.7/site-packages/airflow/example_dags/example_branch_operator.py for tasks to queue
[2022-08-08 06:11:07,462] {logging_mixin.py:109} INFO - [2022-08-08 06:11:07,461] {dagbag.py:500} INFO - Filling up the DagBag from /home/airflow/.local/lib/python3.7/site-packages/airflow/example_dags/example_branch_operator.py
[2022-08-08 06:11:07,507] {processor.py:654} INFO - DAG(s) dict_keys(['example_branch_operator']) retrieved from /home/airflow/.local/lib/python3.7/site-packages/airflow/example_dags/example_branch_operator.py
[2022-08-08 06:11:07,519] {logging_mixin.py:109} INFO - [2022-08-08 06:11:07,519] {dag.py:2396} INFO - Sync 1 DAGs
[2022-08-08 06:11:07,538] {logging_mixin.py:109} INFO - [2022-08-08 06:11:07,538] {dag.py:2935} INFO - Setting next_dagrun for example_branch_operator to 2022-08-07 00:00:00+00:00
[2022-08-08 06:11:07,548] {processor.py:171} INFO - Processing /home/airflow/.local/lib/python3.7/site-packages/airflow/example_dags/example_branch_operator.py took 0.096 seconds
[2022-08-08 06:11:37,751] {processor.py:163} INFO - Started process (PID=621) to work on /home/airflow/.local/lib/python3.7/site-packages/airflow/example_dags/example_branch_operator.py
[2022-08-08 06:11:37,753] {processor.py:642} INFO - Processing file /home/airflow/.local/lib/python3.7/site-packages/airflow/example_dags/example_branch_operator.py for tasks to queue
[2022-08-08 06:11:37,755] {logging_mixin.py:109} INFO - [2022-08-08 06:11:37,755] {dagbag.py:500} INFO - Filling up the DagBag from /home/airflow/.local/lib/python3.7/site-packages/airflow/example_dags/example_branch_operator.py
[2022-08-08 06:11:37,793] {processor.py:654} INFO - DAG(s) dict_keys(['example_branch_operator']) retrieved from /home/airflow/.local/lib/python3.7/site-packages/airflow/example_dags/example_branch_operator.py
[2022-08-08 06:11:37,809] {logging_mixin.py:109} INFO - [2022-08-08 06:11:37,808] {dag.py:2396} INFO - Sync 1 DAGs
[2022-08-08 06:11:37,830] {logging_mixin.py:109} INFO - [2022-08-08 06:11:37,829] {dag.py:2935} INFO - Setting next_dagrun for example_branch_operator to 2022-08-07 00:00:00+00:00
[2022-08-08 06:11:37,840] {processor.py:171} INFO - Processing /home/airflow/.local/lib/python3.7/site-packages/airflow/example_dags/example_branch_operator.py took 0.093 seconds
[2022-08-08 06:12:08,267] {processor.py:163} INFO - Started process (PID=690) to work on /home/airflow/.local/lib/python3.7/site-packages/airflow/example_dags/example_branch_operator.py
[2022-08-08 06:12:08,269] {processor.py:642} INFO - Processing file /home/airflow/.local/lib/python3.7/site-packages/airflow/example_dags/example_branch_operator.py for tasks to queue
[2022-08-08 06:12:08,270] {logging_mixin.py:109} INFO - [2022-08-08 06:12:08,270] {dagbag.py:500} INFO - Filling up the DagBag from /home/airflow/.local/lib/python3.7/site-packages/airflow/example_dags/example_branch_operator.py
[2022-08-08 06:12:08,300] {processor.py:654} INFO - DAG(s) dict_keys(['example_branch_operator']) retrieved from /home/airflow/.local/lib/python3.7/site-packages/airflow/example_dags/example_branch_operator.py
[2022-08-08 06:12:08,315] {logging_mixin.py:109} INFO - [2022-08-08 06:12:08,315] {dag.py:2396} INFO - Sync 1 DAGs
[2022-08-08 06:12:08,337] {logging_mixin.py:109} INFO - [2022-08-08 06:12:08,337] {dag.py:2935} INFO - Setting next_dagrun for example_branch_operator to 2022-08-07 00:00:00+00:00
[2022-08-08 06:12:08,351] {processor.py:171} INFO - Processing /home/airflow/.local/lib/python3.7/site-packages/airflow/example_dags/example_branch_operator.py took 0.090 seconds
[2022-08-08 06:12:38,945] {processor.py:163} INFO - Started process (PID=750) to work on /home/airflow/.local/lib/python3.7/site-packages/airflow/example_dags/example_branch_operator.py
[2022-08-08 06:12:38,950] {processor.py:642} INFO - Processing file /home/airflow/.local/lib/python3.7/site-packages/airflow/example_dags/example_branch_operator.py for tasks to queue
[2022-08-08 06:12:38,954] {logging_mixin.py:109} INFO - [2022-08-08 06:12:38,953] {dagbag.py:500} INFO - Filling up the DagBag from /home/airflow/.local/lib/python3.7/site-packages/airflow/example_dags/example_branch_operator.py
[2022-08-08 06:12:39,020] {processor.py:654} INFO - DAG(s) dict_keys(['example_branch_operator']) retrieved from /home/airflow/.local/lib/python3.7/site-packages/airflow/example_dags/example_branch_operator.py
[2022-08-08 06:12:39,033] {logging_mixin.py:109} INFO - [2022-08-08 06:12:39,033] {dag.py:2396} INFO - Sync 1 DAGs
[2022-08-08 06:12:39,052] {logging_mixin.py:109} INFO - [2022-08-08 06:12:39,052] {dag.py:2935} INFO - Setting next_dagrun for example_branch_operator to 2022-08-07 00:00:00+00:00
[2022-08-08 06:12:39,065] {processor.py:171} INFO - Processing /home/airflow/.local/lib/python3.7/site-packages/airflow/example_dags/example_branch_operator.py took 0.125 seconds
[2022-08-08 06:13:09,113] {processor.py:163} INFO - Started process (PID=815) to work on /home/airflow/.local/lib/python3.7/site-packages/airflow/example_dags/example_branch_operator.py
[2022-08-08 06:13:09,115] {processor.py:642} INFO - Processing file /home/airflow/.local/lib/python3.7/site-packages/airflow/example_dags/example_branch_operator.py for tasks to queue
[2022-08-08 06:13:09,117] {logging_mixin.py:109} INFO - [2022-08-08 06:13:09,117] {dagbag.py:500} INFO - Filling up the DagBag from /home/airflow/.local/lib/python3.7/site-packages/airflow/example_dags/example_branch_operator.py
[2022-08-08 06:13:09,167] {processor.py:654} INFO - DAG(s) dict_keys(['example_branch_operator']) retrieved from /home/airflow/.local/lib/python3.7/site-packages/airflow/example_dags/example_branch_operator.py
[2022-08-08 06:13:09,181] {logging_mixin.py:109} INFO - [2022-08-08 06:13:09,181] {dag.py:2396} INFO - Sync 1 DAGs
[2022-08-08 06:13:09,200] {logging_mixin.py:109} INFO - [2022-08-08 06:13:09,200] {dag.py:2935} INFO - Setting next_dagrun for example_branch_operator to 2022-08-07 00:00:00+00:00
[2022-08-08 06:13:09,213] {processor.py:171} INFO - Processing /home/airflow/.local/lib/python3.7/site-packages/airflow/example_dags/example_branch_operator.py took 0.105 seconds
[2022-08-08 06:13:39,929] {processor.py:163} INFO - Started process (PID=880) to work on /home/airflow/.local/lib/python3.7/site-packages/airflow/example_dags/example_branch_operator.py
[2022-08-08 06:13:39,936] {processor.py:642} INFO - Processing file /home/airflow/.local/lib/python3.7/site-packages/airflow/example_dags/example_branch_operator.py for tasks to queue
[2022-08-08 06:13:39,938] {logging_mixin.py:109} INFO - [2022-08-08 06:13:39,937] {dagbag.py:500} INFO - Filling up the DagBag from /home/airflow/.local/lib/python3.7/site-packages/airflow/example_dags/example_branch_operator.py
[2022-08-08 06:13:39,990] {processor.py:654} INFO - DAG(s) dict_keys(['example_branch_operator']) retrieved from /home/airflow/.local/lib/python3.7/site-packages/airflow/example_dags/example_branch_operator.py
[2022-08-08 06:13:40,005] {logging_mixin.py:109} INFO - [2022-08-08 06:13:40,005] {dag.py:2396} INFO - Sync 1 DAGs
[2022-08-08 06:13:40,038] {logging_mixin.py:109} INFO - [2022-08-08 06:13:40,038] {dag.py:2935} INFO - Setting next_dagrun for example_branch_operator to 2022-08-07 00:00:00+00:00
[2022-08-08 06:13:40,056] {processor.py:171} INFO - Processing /home/airflow/.local/lib/python3.7/site-packages/airflow/example_dags/example_branch_operator.py took 0.132 seconds
[2022-08-08 06:14:10,694] {processor.py:163} INFO - Started process (PID=949) to work on /home/airflow/.local/lib/python3.7/site-packages/airflow/example_dags/example_branch_operator.py
[2022-08-08 06:14:10,697] {processor.py:642} INFO - Processing file /home/airflow/.local/lib/python3.7/site-packages/airflow/example_dags/example_branch_operator.py for tasks to queue
[2022-08-08 06:14:10,700] {logging_mixin.py:109} INFO - [2022-08-08 06:14:10,700] {dagbag.py:500} INFO - Filling up the DagBag from /home/airflow/.local/lib/python3.7/site-packages/airflow/example_dags/example_branch_operator.py
[2022-08-08 06:14:10,741] {processor.py:654} INFO - DAG(s) dict_keys(['example_branch_operator']) retrieved from /home/airflow/.local/lib/python3.7/site-packages/airflow/example_dags/example_branch_operator.py
[2022-08-08 06:14:10,757] {logging_mixin.py:109} INFO - [2022-08-08 06:14:10,757] {dag.py:2396} INFO - Sync 1 DAGs
[2022-08-08 06:14:10,777] {logging_mixin.py:109} INFO - [2022-08-08 06:14:10,777] {dag.py:2935} INFO - Setting next_dagrun for example_branch_operator to 2022-08-07 00:00:00+00:00
[2022-08-08 06:14:10,792] {processor.py:171} INFO - Processing /home/airflow/.local/lib/python3.7/site-packages/airflow/example_dags/example_branch_operator.py took 0.108 seconds
[2022-08-08 06:14:41,356] {processor.py:163} INFO - Started process (PID=1010) to work on /home/airflow/.local/lib/python3.7/site-packages/airflow/example_dags/example_branch_operator.py
[2022-08-08 06:14:41,364] {processor.py:642} INFO - Processing file /home/airflow/.local/lib/python3.7/site-packages/airflow/example_dags/example_branch_operator.py for tasks to queue
[2022-08-08 06:14:41,383] {logging_mixin.py:109} INFO - [2022-08-08 06:14:41,382] {dagbag.py:500} INFO - Filling up the DagBag from /home/airflow/.local/lib/python3.7/site-packages/airflow/example_dags/example_branch_operator.py
[2022-08-08 06:14:41,434] {processor.py:654} INFO - DAG(s) dict_keys(['example_branch_operator']) retrieved from /home/airflow/.local/lib/python3.7/site-packages/airflow/example_dags/example_branch_operator.py
[2022-08-08 06:14:41,447] {logging_mixin.py:109} INFO - [2022-08-08 06:14:41,446] {dag.py:2396} INFO - Sync 1 DAGs
[2022-08-08 06:14:41,469] {logging_mixin.py:109} INFO - [2022-08-08 06:14:41,468] {dag.py:2935} INFO - Setting next_dagrun for example_branch_operator to 2022-08-07 00:00:00+00:00
[2022-08-08 06:14:41,483] {processor.py:171} INFO - Processing /home/airflow/.local/lib/python3.7/site-packages/airflow/example_dags/example_branch_operator.py took 0.132 seconds
[2022-08-08 06:15:12,652] {processor.py:163} INFO - Started process (PID=1081) to work on /home/airflow/.local/lib/python3.7/site-packages/airflow/example_dags/example_branch_operator.py
[2022-08-08 06:15:12,654] {processor.py:642} INFO - Processing file /home/airflow/.local/lib/python3.7/site-packages/airflow/example_dags/example_branch_operator.py for tasks to queue
[2022-08-08 06:15:12,663] {logging_mixin.py:109} INFO - [2022-08-08 06:15:12,662] {dagbag.py:500} INFO - Filling up the DagBag from /home/airflow/.local/lib/python3.7/site-packages/airflow/example_dags/example_branch_operator.py
[2022-08-08 06:15:12,737] {processor.py:654} INFO - DAG(s) dict_keys(['example_branch_operator']) retrieved from /home/airflow/.local/lib/python3.7/site-packages/airflow/example_dags/example_branch_operator.py
[2022-08-08 06:15:12,755] {logging_mixin.py:109} INFO - [2022-08-08 06:15:12,755] {dag.py:2396} INFO - Sync 1 DAGs
[2022-08-08 06:15:12,787] {logging_mixin.py:109} INFO - [2022-08-08 06:15:12,787] {dag.py:2935} INFO - Setting next_dagrun for example_branch_operator to 2022-08-07 00:00:00+00:00
[2022-08-08 06:15:12,812] {processor.py:171} INFO - Processing /home/airflow/.local/lib/python3.7/site-packages/airflow/example_dags/example_branch_operator.py took 0.164 seconds
[2022-08-08 06:15:42,862] {processor.py:163} INFO - Started process (PID=1136) to work on /home/airflow/.local/lib/python3.7/site-packages/airflow/example_dags/example_branch_operator.py
[2022-08-08 06:15:42,865] {processor.py:642} INFO - Processing file /home/airflow/.local/lib/python3.7/site-packages/airflow/example_dags/example_branch_operator.py for tasks to queue
[2022-08-08 06:15:42,867] {logging_mixin.py:109} INFO - [2022-08-08 06:15:42,866] {dagbag.py:500} INFO - Filling up the DagBag from /home/airflow/.local/lib/python3.7/site-packages/airflow/example_dags/example_branch_operator.py
[2022-08-08 06:15:42,936] {processor.py:654} INFO - DAG(s) dict_keys(['example_branch_operator']) retrieved from /home/airflow/.local/lib/python3.7/site-packages/airflow/example_dags/example_branch_operator.py
[2022-08-08 06:15:42,953] {logging_mixin.py:109} INFO - [2022-08-08 06:15:42,952] {dag.py:2396} INFO - Sync 1 DAGs
[2022-08-08 06:15:42,977] {logging_mixin.py:109} INFO - [2022-08-08 06:15:42,977] {dag.py:2935} INFO - Setting next_dagrun for example_branch_operator to 2022-08-07 00:00:00+00:00
[2022-08-08 06:15:42,992] {processor.py:171} INFO - Processing /home/airflow/.local/lib/python3.7/site-packages/airflow/example_dags/example_branch_operator.py took 0.136 seconds
[2022-08-08 06:16:13,444] {processor.py:163} INFO - Started process (PID=1196) to work on /home/airflow/.local/lib/python3.7/site-packages/airflow/example_dags/example_branch_operator.py
[2022-08-08 06:16:13,446] {processor.py:642} INFO - Processing file /home/airflow/.local/lib/python3.7/site-packages/airflow/example_dags/example_branch_operator.py for tasks to queue
[2022-08-08 06:16:13,450] {logging_mixin.py:109} INFO - [2022-08-08 06:16:13,450] {dagbag.py:500} INFO - Filling up the DagBag from /home/airflow/.local/lib/python3.7/site-packages/airflow/example_dags/example_branch_operator.py
[2022-08-08 06:16:13,482] {processor.py:654} INFO - DAG(s) dict_keys(['example_branch_operator']) retrieved from /home/airflow/.local/lib/python3.7/site-packages/airflow/example_dags/example_branch_operator.py
[2022-08-08 06:16:13,493] {logging_mixin.py:109} INFO - [2022-08-08 06:16:13,493] {dag.py:2396} INFO - Sync 1 DAGs
[2022-08-08 06:16:13,512] {logging_mixin.py:109} INFO - [2022-08-08 06:16:13,512] {dag.py:2935} INFO - Setting next_dagrun for example_branch_operator to 2022-08-07 00:00:00+00:00
[2022-08-08 06:16:13,525] {processor.py:171} INFO - Processing /home/airflow/.local/lib/python3.7/site-packages/airflow/example_dags/example_branch_operator.py took 0.085 seconds
[2022-08-08 06:16:43,773] {processor.py:163} INFO - Started process (PID=1268) to work on /home/airflow/.local/lib/python3.7/site-packages/airflow/example_dags/example_branch_operator.py
[2022-08-08 06:16:43,775] {processor.py:642} INFO - Processing file /home/airflow/.local/lib/python3.7/site-packages/airflow/example_dags/example_branch_operator.py for tasks to queue
[2022-08-08 06:16:43,777] {logging_mixin.py:109} INFO - [2022-08-08 06:16:43,777] {dagbag.py:500} INFO - Filling up the DagBag from /home/airflow/.local/lib/python3.7/site-packages/airflow/example_dags/example_branch_operator.py
[2022-08-08 06:16:43,811] {processor.py:654} INFO - DAG(s) dict_keys(['example_branch_operator']) retrieved from /home/airflow/.local/lib/python3.7/site-packages/airflow/example_dags/example_branch_operator.py
[2022-08-08 06:16:43,822] {logging_mixin.py:109} INFO - [2022-08-08 06:16:43,822] {dag.py:2396} INFO - Sync 1 DAGs
[2022-08-08 06:16:43,840] {logging_mixin.py:109} INFO - [2022-08-08 06:16:43,840] {dag.py:2935} INFO - Setting next_dagrun for example_branch_operator to 2022-08-07 00:00:00+00:00
[2022-08-08 06:16:43,852] {processor.py:171} INFO - Processing /home/airflow/.local/lib/python3.7/site-packages/airflow/example_dags/example_branch_operator.py took 0.084 seconds
[2022-08-08 06:17:14,142] {processor.py:163} INFO - Started process (PID=1329) to work on /home/airflow/.local/lib/python3.7/site-packages/airflow/example_dags/example_branch_operator.py
[2022-08-08 06:17:14,144] {processor.py:642} INFO - Processing file /home/airflow/.local/lib/python3.7/site-packages/airflow/example_dags/example_branch_operator.py for tasks to queue
[2022-08-08 06:17:14,145] {logging_mixin.py:109} INFO - [2022-08-08 06:17:14,145] {dagbag.py:500} INFO - Filling up the DagBag from /home/airflow/.local/lib/python3.7/site-packages/airflow/example_dags/example_branch_operator.py
[2022-08-08 06:17:14,180] {processor.py:654} INFO - DAG(s) dict_keys(['example_branch_operator']) retrieved from /home/airflow/.local/lib/python3.7/site-packages/airflow/example_dags/example_branch_operator.py
[2022-08-08 06:17:14,195] {logging_mixin.py:109} INFO - [2022-08-08 06:17:14,195] {dag.py:2396} INFO - Sync 1 DAGs
[2022-08-08 06:17:14,213] {logging_mixin.py:109} INFO - [2022-08-08 06:17:14,212] {dag.py:2935} INFO - Setting next_dagrun for example_branch_operator to 2022-08-07 00:00:00+00:00
[2022-08-08 06:17:14,223] {processor.py:171} INFO - Processing /home/airflow/.local/lib/python3.7/site-packages/airflow/example_dags/example_branch_operator.py took 0.086 seconds
[2022-08-08 06:17:45,037] {processor.py:163} INFO - Started process (PID=1401) to work on /home/airflow/.local/lib/python3.7/site-packages/airflow/example_dags/example_branch_operator.py
[2022-08-08 06:17:45,040] {processor.py:642} INFO - Processing file /home/airflow/.local/lib/python3.7/site-packages/airflow/example_dags/example_branch_operator.py for tasks to queue
[2022-08-08 06:17:45,042] {logging_mixin.py:109} INFO - [2022-08-08 06:17:45,042] {dagbag.py:500} INFO - Filling up the DagBag from /home/airflow/.local/lib/python3.7/site-packages/airflow/example_dags/example_branch_operator.py
[2022-08-08 06:17:45,084] {processor.py:654} INFO - DAG(s) dict_keys(['example_branch_operator']) retrieved from /home/airflow/.local/lib/python3.7/site-packages/airflow/example_dags/example_branch_operator.py
[2022-08-08 06:17:45,101] {logging_mixin.py:109} INFO - [2022-08-08 06:17:45,101] {dag.py:2396} INFO - Sync 1 DAGs
[2022-08-08 06:17:45,121] {logging_mixin.py:109} INFO - [2022-08-08 06:17:45,121] {dag.py:2935} INFO - Setting next_dagrun for example_branch_operator to 2022-08-07 00:00:00+00:00
[2022-08-08 06:17:45,134] {processor.py:171} INFO - Processing /home/airflow/.local/lib/python3.7/site-packages/airflow/example_dags/example_branch_operator.py took 0.103 seconds
[2022-08-08 06:18:15,757] {processor.py:163} INFO - Started process (PID=1462) to work on /home/airflow/.local/lib/python3.7/site-packages/airflow/example_dags/example_branch_operator.py
[2022-08-08 06:18:15,760] {processor.py:642} INFO - Processing file /home/airflow/.local/lib/python3.7/site-packages/airflow/example_dags/example_branch_operator.py for tasks to queue
[2022-08-08 06:18:15,761] {logging_mixin.py:109} INFO - [2022-08-08 06:18:15,761] {dagbag.py:500} INFO - Filling up the DagBag from /home/airflow/.local/lib/python3.7/site-packages/airflow/example_dags/example_branch_operator.py
[2022-08-08 06:18:15,802] {processor.py:654} INFO - DAG(s) dict_keys(['example_branch_operator']) retrieved from /home/airflow/.local/lib/python3.7/site-packages/airflow/example_dags/example_branch_operator.py
[2022-08-08 06:18:15,816] {logging_mixin.py:109} INFO - [2022-08-08 06:18:15,816] {dag.py:2396} INFO - Sync 1 DAGs
[2022-08-08 06:18:15,847] {logging_mixin.py:109} INFO - [2022-08-08 06:18:15,847] {dag.py:2935} INFO - Setting next_dagrun for example_branch_operator to 2022-08-07 00:00:00+00:00
[2022-08-08 06:18:15,861] {processor.py:171} INFO - Processing /home/airflow/.local/lib/python3.7/site-packages/airflow/example_dags/example_branch_operator.py took 0.109 seconds
[2022-08-08 06:18:45,997] {processor.py:163} INFO - Started process (PID=1532) to work on /home/airflow/.local/lib/python3.7/site-packages/airflow/example_dags/example_branch_operator.py
[2022-08-08 06:18:46,000] {processor.py:642} INFO - Processing file /home/airflow/.local/lib/python3.7/site-packages/airflow/example_dags/example_branch_operator.py for tasks to queue
[2022-08-08 06:18:46,001] {logging_mixin.py:109} INFO - [2022-08-08 06:18:46,001] {dagbag.py:500} INFO - Filling up the DagBag from /home/airflow/.local/lib/python3.7/site-packages/airflow/example_dags/example_branch_operator.py
[2022-08-08 06:18:46,038] {processor.py:654} INFO - DAG(s) dict_keys(['example_branch_operator']) retrieved from /home/airflow/.local/lib/python3.7/site-packages/airflow/example_dags/example_branch_operator.py
[2022-08-08 06:18:46,051] {logging_mixin.py:109} INFO - [2022-08-08 06:18:46,051] {dag.py:2396} INFO - Sync 1 DAGs
[2022-08-08 06:18:46,070] {logging_mixin.py:109} INFO - [2022-08-08 06:18:46,070] {dag.py:2935} INFO - Setting next_dagrun for example_branch_operator to 2022-08-07 00:00:00+00:00
[2022-08-08 06:18:46,081] {processor.py:171} INFO - Processing /home/airflow/.local/lib/python3.7/site-packages/airflow/example_dags/example_branch_operator.py took 0.088 seconds
[2022-08-08 06:19:16,168] {processor.py:163} INFO - Started process (PID=1593) to work on /home/airflow/.local/lib/python3.7/site-packages/airflow/example_dags/example_branch_operator.py
[2022-08-08 06:19:16,171] {processor.py:642} INFO - Processing file /home/airflow/.local/lib/python3.7/site-packages/airflow/example_dags/example_branch_operator.py for tasks to queue
[2022-08-08 06:19:16,173] {logging_mixin.py:109} INFO - [2022-08-08 06:19:16,173] {dagbag.py:500} INFO - Filling up the DagBag from /home/airflow/.local/lib/python3.7/site-packages/airflow/example_dags/example_branch_operator.py
[2022-08-08 06:19:16,227] {processor.py:654} INFO - DAG(s) dict_keys(['example_branch_operator']) retrieved from /home/airflow/.local/lib/python3.7/site-packages/airflow/example_dags/example_branch_operator.py
[2022-08-08 06:19:16,246] {logging_mixin.py:109} INFO - [2022-08-08 06:19:16,246] {dag.py:2396} INFO - Sync 1 DAGs
[2022-08-08 06:19:16,268] {logging_mixin.py:109} INFO - [2022-08-08 06:19:16,268] {dag.py:2935} INFO - Setting next_dagrun for example_branch_operator to 2022-08-07 00:00:00+00:00
[2022-08-08 06:19:16,287] {processor.py:171} INFO - Processing /home/airflow/.local/lib/python3.7/site-packages/airflow/example_dags/example_branch_operator.py took 0.127 seconds
[2022-08-08 06:19:46,855] {processor.py:163} INFO - Started process (PID=1663) to work on /home/airflow/.local/lib/python3.7/site-packages/airflow/example_dags/example_branch_operator.py
[2022-08-08 06:19:46,857] {processor.py:642} INFO - Processing file /home/airflow/.local/lib/python3.7/site-packages/airflow/example_dags/example_branch_operator.py for tasks to queue
[2022-08-08 06:19:46,859] {logging_mixin.py:109} INFO - [2022-08-08 06:19:46,859] {dagbag.py:500} INFO - Filling up the DagBag from /home/airflow/.local/lib/python3.7/site-packages/airflow/example_dags/example_branch_operator.py
[2022-08-08 06:19:46,894] {processor.py:654} INFO - DAG(s) dict_keys(['example_branch_operator']) retrieved from /home/airflow/.local/lib/python3.7/site-packages/airflow/example_dags/example_branch_operator.py
[2022-08-08 06:19:46,907] {logging_mixin.py:109} INFO - [2022-08-08 06:19:46,907] {dag.py:2396} INFO - Sync 1 DAGs
[2022-08-08 06:19:46,926] {logging_mixin.py:109} INFO - [2022-08-08 06:19:46,926] {dag.py:2935} INFO - Setting next_dagrun for example_branch_operator to 2022-08-07 00:00:00+00:00
[2022-08-08 06:19:46,938] {processor.py:171} INFO - Processing /home/airflow/.local/lib/python3.7/site-packages/airflow/example_dags/example_branch_operator.py took 0.086 seconds
[2022-08-08 06:20:17,185] {processor.py:163} INFO - Started process (PID=1724) to work on /home/airflow/.local/lib/python3.7/site-packages/airflow/example_dags/example_branch_operator.py
[2022-08-08 06:20:17,187] {processor.py:642} INFO - Processing file /home/airflow/.local/lib/python3.7/site-packages/airflow/example_dags/example_branch_operator.py for tasks to queue
[2022-08-08 06:20:17,189] {logging_mixin.py:109} INFO - [2022-08-08 06:20:17,189] {dagbag.py:500} INFO - Filling up the DagBag from /home/airflow/.local/lib/python3.7/site-packages/airflow/example_dags/example_branch_operator.py
[2022-08-08 06:20:17,227] {processor.py:654} INFO - DAG(s) dict_keys(['example_branch_operator']) retrieved from /home/airflow/.local/lib/python3.7/site-packages/airflow/example_dags/example_branch_operator.py
[2022-08-08 06:20:17,240] {logging_mixin.py:109} INFO - [2022-08-08 06:20:17,240] {dag.py:2396} INFO - Sync 1 DAGs
[2022-08-08 06:20:17,266] {logging_mixin.py:109} INFO - [2022-08-08 06:20:17,265] {dag.py:2935} INFO - Setting next_dagrun for example_branch_operator to 2022-08-07 00:00:00+00:00
[2022-08-08 06:20:17,278] {processor.py:171} INFO - Processing /home/airflow/.local/lib/python3.7/site-packages/airflow/example_dags/example_branch_operator.py took 0.097 seconds
[2022-08-08 06:20:47,596] {processor.py:163} INFO - Started process (PID=1784) to work on /home/airflow/.local/lib/python3.7/site-packages/airflow/example_dags/example_branch_operator.py
[2022-08-08 06:20:47,598] {processor.py:642} INFO - Processing file /home/airflow/.local/lib/python3.7/site-packages/airflow/example_dags/example_branch_operator.py for tasks to queue
[2022-08-08 06:20:47,600] {logging_mixin.py:109} INFO - [2022-08-08 06:20:47,600] {dagbag.py:500} INFO - Filling up the DagBag from /home/airflow/.local/lib/python3.7/site-packages/airflow/example_dags/example_branch_operator.py
[2022-08-08 06:20:47,636] {processor.py:654} INFO - DAG(s) dict_keys(['example_branch_operator']) retrieved from /home/airflow/.local/lib/python3.7/site-packages/airflow/example_dags/example_branch_operator.py
[2022-08-08 06:20:47,647] {logging_mixin.py:109} INFO - [2022-08-08 06:20:47,647] {dag.py:2396} INFO - Sync 1 DAGs
[2022-08-08 06:20:47,772] {logging_mixin.py:109} INFO - [2022-08-08 06:20:47,772] {dag.py:2935} INFO - Setting next_dagrun for example_branch_operator to 2022-08-07 00:00:00+00:00
[2022-08-08 06:20:47,791] {processor.py:171} INFO - Processing /home/airflow/.local/lib/python3.7/site-packages/airflow/example_dags/example_branch_operator.py took 0.199 seconds
[2022-08-08 06:21:17,968] {processor.py:163} INFO - Started process (PID=1853) to work on /home/airflow/.local/lib/python3.7/site-packages/airflow/example_dags/example_branch_operator.py
[2022-08-08 06:21:17,970] {processor.py:642} INFO - Processing file /home/airflow/.local/lib/python3.7/site-packages/airflow/example_dags/example_branch_operator.py for tasks to queue
[2022-08-08 06:21:17,972] {logging_mixin.py:109} INFO - [2022-08-08 06:21:17,972] {dagbag.py:500} INFO - Filling up the DagBag from /home/airflow/.local/lib/python3.7/site-packages/airflow/example_dags/example_branch_operator.py
[2022-08-08 06:21:18,012] {processor.py:654} INFO - DAG(s) dict_keys(['example_branch_operator']) retrieved from /home/airflow/.local/lib/python3.7/site-packages/airflow/example_dags/example_branch_operator.py
[2022-08-08 06:21:18,025] {logging_mixin.py:109} INFO - [2022-08-08 06:21:18,024] {dag.py:2396} INFO - Sync 1 DAGs
[2022-08-08 06:21:18,132] {logging_mixin.py:109} INFO - [2022-08-08 06:21:18,132] {dag.py:2935} INFO - Setting next_dagrun for example_branch_operator to 2022-08-07 00:00:00+00:00
[2022-08-08 06:21:18,144] {processor.py:171} INFO - Processing /home/airflow/.local/lib/python3.7/site-packages/airflow/example_dags/example_branch_operator.py took 0.181 seconds
[2022-08-08 06:21:48,311] {processor.py:163} INFO - Started process (PID=1912) to work on /home/airflow/.local/lib/python3.7/site-packages/airflow/example_dags/example_branch_operator.py
[2022-08-08 06:21:48,313] {processor.py:642} INFO - Processing file /home/airflow/.local/lib/python3.7/site-packages/airflow/example_dags/example_branch_operator.py for tasks to queue
[2022-08-08 06:21:48,314] {logging_mixin.py:109} INFO - [2022-08-08 06:21:48,314] {dagbag.py:500} INFO - Filling up the DagBag from /home/airflow/.local/lib/python3.7/site-packages/airflow/example_dags/example_branch_operator.py
[2022-08-08 06:21:48,347] {processor.py:654} INFO - DAG(s) dict_keys(['example_branch_operator']) retrieved from /home/airflow/.local/lib/python3.7/site-packages/airflow/example_dags/example_branch_operator.py
[2022-08-08 06:21:48,374] {logging_mixin.py:109} INFO - [2022-08-08 06:21:48,374] {dag.py:2396} INFO - Sync 1 DAGs
[2022-08-08 06:21:48,486] {logging_mixin.py:109} INFO - [2022-08-08 06:21:48,485] {dag.py:2935} INFO - Setting next_dagrun for example_branch_operator to 2022-08-07 00:00:00+00:00
[2022-08-08 06:21:48,497] {processor.py:171} INFO - Processing /home/airflow/.local/lib/python3.7/site-packages/airflow/example_dags/example_branch_operator.py took 0.191 seconds
[2022-08-08 06:22:18,663] {processor.py:163} INFO - Started process (PID=1982) to work on /home/airflow/.local/lib/python3.7/site-packages/airflow/example_dags/example_branch_operator.py
[2022-08-08 06:22:18,665] {processor.py:642} INFO - Processing file /home/airflow/.local/lib/python3.7/site-packages/airflow/example_dags/example_branch_operator.py for tasks to queue
[2022-08-08 06:22:18,667] {logging_mixin.py:109} INFO - [2022-08-08 06:22:18,667] {dagbag.py:500} INFO - Filling up the DagBag from /home/airflow/.local/lib/python3.7/site-packages/airflow/example_dags/example_branch_operator.py
[2022-08-08 06:22:18,725] {processor.py:654} INFO - DAG(s) dict_keys(['example_branch_operator']) retrieved from /home/airflow/.local/lib/python3.7/site-packages/airflow/example_dags/example_branch_operator.py
[2022-08-08 06:22:18,742] {logging_mixin.py:109} INFO - [2022-08-08 06:22:18,741] {dag.py:2396} INFO - Sync 1 DAGs
[2022-08-08 06:22:18,860] {logging_mixin.py:109} INFO - [2022-08-08 06:22:18,860] {dag.py:2935} INFO - Setting next_dagrun for example_branch_operator to 2022-08-07 00:00:00+00:00
[2022-08-08 06:22:18,871] {processor.py:171} INFO - Processing /home/airflow/.local/lib/python3.7/site-packages/airflow/example_dags/example_branch_operator.py took 0.213 seconds
[2022-08-08 07:11:44,733] {processor.py:163} INFO - Started process (PID=2068) to work on /home/airflow/.local/lib/python3.7/site-packages/airflow/example_dags/example_branch_operator.py
[2022-08-08 07:11:44,737] {processor.py:642} INFO - Processing file /home/airflow/.local/lib/python3.7/site-packages/airflow/example_dags/example_branch_operator.py for tasks to queue
[2022-08-08 07:11:44,739] {logging_mixin.py:109} INFO - [2022-08-08 07:11:44,738] {dagbag.py:500} INFO - Filling up the DagBag from /home/airflow/.local/lib/python3.7/site-packages/airflow/example_dags/example_branch_operator.py
[2022-08-08 07:11:44,925] {processor.py:654} INFO - DAG(s) dict_keys(['example_branch_operator']) retrieved from /home/airflow/.local/lib/python3.7/site-packages/airflow/example_dags/example_branch_operator.py
[2022-08-08 07:11:44,938] {logging_mixin.py:109} INFO - [2022-08-08 07:11:44,938] {dag.py:2396} INFO - Sync 1 DAGs
[2022-08-08 07:11:44,961] {logging_mixin.py:109} INFO - [2022-08-08 07:11:44,961] {dag.py:2935} INFO - Setting next_dagrun for example_branch_operator to 2022-08-07 00:00:00+00:00
[2022-08-08 07:11:44,986] {processor.py:171} INFO - Processing /home/airflow/.local/lib/python3.7/site-packages/airflow/example_dags/example_branch_operator.py took 0.260 seconds
[2022-08-08 09:12:26,321] {processor.py:163} INFO - Started process (PID=2131) to work on /home/airflow/.local/lib/python3.7/site-packages/airflow/example_dags/example_branch_operator.py
[2022-08-08 09:12:26,332] {processor.py:642} INFO - Processing file /home/airflow/.local/lib/python3.7/site-packages/airflow/example_dags/example_branch_operator.py for tasks to queue
[2022-08-08 09:12:26,333] {logging_mixin.py:109} INFO - [2022-08-08 09:12:26,333] {dagbag.py:500} INFO - Filling up the DagBag from /home/airflow/.local/lib/python3.7/site-packages/airflow/example_dags/example_branch_operator.py
[2022-08-08 09:12:26,455] {processor.py:654} INFO - DAG(s) dict_keys(['example_branch_operator']) retrieved from /home/airflow/.local/lib/python3.7/site-packages/airflow/example_dags/example_branch_operator.py
[2022-08-08 09:12:26,487] {logging_mixin.py:109} INFO - [2022-08-08 09:12:26,487] {dag.py:2396} INFO - Sync 1 DAGs
[2022-08-08 09:12:26,528] {logging_mixin.py:109} INFO - [2022-08-08 09:12:26,528] {dag.py:2935} INFO - Setting next_dagrun for example_branch_operator to 2022-08-07 00:00:00+00:00
[2022-08-08 09:12:26,556] {processor.py:171} INFO - Processing /home/airflow/.local/lib/python3.7/site-packages/airflow/example_dags/example_branch_operator.py took 0.244 seconds
[2022-08-08 09:16:11,920] {processor.py:163} INFO - Started process (PID=2162) to work on /home/airflow/.local/lib/python3.7/site-packages/airflow/example_dags/example_branch_operator.py
[2022-08-08 09:16:11,924] {processor.py:642} INFO - Processing file /home/airflow/.local/lib/python3.7/site-packages/airflow/example_dags/example_branch_operator.py for tasks to queue
[2022-08-08 09:16:11,927] {logging_mixin.py:109} INFO - [2022-08-08 09:16:11,926] {dagbag.py:500} INFO - Filling up the DagBag from /home/airflow/.local/lib/python3.7/site-packages/airflow/example_dags/example_branch_operator.py
[2022-08-08 09:16:12,000] {processor.py:654} INFO - DAG(s) dict_keys(['example_branch_operator']) retrieved from /home/airflow/.local/lib/python3.7/site-packages/airflow/example_dags/example_branch_operator.py
[2022-08-08 09:16:12,025] {logging_mixin.py:109} INFO - [2022-08-08 09:16:12,025] {dag.py:2396} INFO - Sync 1 DAGs
[2022-08-08 09:16:12,057] {logging_mixin.py:109} INFO - [2022-08-08 09:16:12,057] {dag.py:2935} INFO - Setting next_dagrun for example_branch_operator to 2022-08-07 00:00:00+00:00
[2022-08-08 09:16:12,075] {processor.py:171} INFO - Processing /home/airflow/.local/lib/python3.7/site-packages/airflow/example_dags/example_branch_operator.py took 0.160 seconds
