[2022-08-08 06:07:05,947] {processor.py:163} INFO - Started process (PID=73) to work on /home/airflow/.local/lib/python3.7/site-packages/airflow/example_dags/example_latest_only_with_trigger.py
[2022-08-08 06:07:05,952] {processor.py:642} INFO - Processing file /home/airflow/.local/lib/python3.7/site-packages/airflow/example_dags/example_latest_only_with_trigger.py for tasks to queue
[2022-08-08 06:07:05,956] {logging_mixin.py:109} INFO - [2022-08-08 06:07:05,955] {dagbag.py:500} INFO - Filling up the DagBag from /home/airflow/.local/lib/python3.7/site-packages/airflow/example_dags/example_latest_only_with_trigger.py
[2022-08-08 06:07:06,089] {processor.py:654} INFO - DAG(s) dict_keys(['latest_only_with_trigger']) retrieved from /home/airflow/.local/lib/python3.7/site-packages/airflow/example_dags/example_latest_only_with_trigger.py
[2022-08-08 06:07:06,275] {logging_mixin.py:109} INFO - [2022-08-08 06:07:06,275] {dag.py:2396} INFO - Sync 1 DAGs
[2022-08-08 06:07:06,495] {logging_mixin.py:109} INFO - [2022-08-08 06:07:06,495] {dag.py:2935} INFO - Setting next_dagrun for latest_only_with_trigger to 2022-08-08T02:07:06.494504+00:00
[2022-08-08 06:07:06,663] {processor.py:171} INFO - Processing /home/airflow/.local/lib/python3.7/site-packages/airflow/example_dags/example_latest_only_with_trigger.py took 0.740 seconds
[2022-08-08 06:07:38,842] {processor.py:163} INFO - Started process (PID=133) to work on /home/airflow/.local/lib/python3.7/site-packages/airflow/example_dags/example_latest_only_with_trigger.py
[2022-08-08 06:07:38,907] {processor.py:642} INFO - Processing file /home/airflow/.local/lib/python3.7/site-packages/airflow/example_dags/example_latest_only_with_trigger.py for tasks to queue
[2022-08-08 06:07:38,925] {logging_mixin.py:109} INFO - [2022-08-08 06:07:38,918] {dagbag.py:500} INFO - Filling up the DagBag from /home/airflow/.local/lib/python3.7/site-packages/airflow/example_dags/example_latest_only_with_trigger.py
[2022-08-08 06:07:39,164] {processor.py:654} INFO - DAG(s) dict_keys(['latest_only_with_trigger']) retrieved from /home/airflow/.local/lib/python3.7/site-packages/airflow/example_dags/example_latest_only_with_trigger.py
[2022-08-08 06:07:39,217] {logging_mixin.py:109} INFO - [2022-08-08 06:07:39,217] {dag.py:2396} INFO - Sync 1 DAGs
[2022-08-08 06:07:39,303] {logging_mixin.py:109} INFO - [2022-08-08 06:07:39,303] {dag.py:2935} INFO - Setting next_dagrun for latest_only_with_trigger to 2022-08-08T02:07:39.302817+00:00
[2022-08-08 06:07:39,399] {processor.py:171} INFO - Processing /home/airflow/.local/lib/python3.7/site-packages/airflow/example_dags/example_latest_only_with_trigger.py took 0.578 seconds
[2022-08-08 06:08:09,934] {processor.py:163} INFO - Started process (PID=192) to work on /home/airflow/.local/lib/python3.7/site-packages/airflow/example_dags/example_latest_only_with_trigger.py
[2022-08-08 06:08:09,937] {processor.py:642} INFO - Processing file /home/airflow/.local/lib/python3.7/site-packages/airflow/example_dags/example_latest_only_with_trigger.py for tasks to queue
[2022-08-08 06:08:09,940] {logging_mixin.py:109} INFO - [2022-08-08 06:08:09,939] {dagbag.py:500} INFO - Filling up the DagBag from /home/airflow/.local/lib/python3.7/site-packages/airflow/example_dags/example_latest_only_with_trigger.py
[2022-08-08 06:08:10,004] {processor.py:654} INFO - DAG(s) dict_keys(['latest_only_with_trigger']) retrieved from /home/airflow/.local/lib/python3.7/site-packages/airflow/example_dags/example_latest_only_with_trigger.py
[2022-08-08 06:08:10,023] {logging_mixin.py:109} INFO - [2022-08-08 06:08:10,023] {dag.py:2396} INFO - Sync 1 DAGs
[2022-08-08 06:08:10,052] {logging_mixin.py:109} INFO - [2022-08-08 06:08:10,052] {dag.py:2935} INFO - Setting next_dagrun for latest_only_with_trigger to 2022-08-08T02:08:10.051846+00:00
[2022-08-08 06:08:10,075] {processor.py:171} INFO - Processing /home/airflow/.local/lib/python3.7/site-packages/airflow/example_dags/example_latest_only_with_trigger.py took 0.147 seconds
[2022-08-08 06:08:40,136] {processor.py:163} INFO - Started process (PID=253) to work on /home/airflow/.local/lib/python3.7/site-packages/airflow/example_dags/example_latest_only_with_trigger.py
[2022-08-08 06:08:40,139] {processor.py:642} INFO - Processing file /home/airflow/.local/lib/python3.7/site-packages/airflow/example_dags/example_latest_only_with_trigger.py for tasks to queue
[2022-08-08 06:08:40,140] {logging_mixin.py:109} INFO - [2022-08-08 06:08:40,140] {dagbag.py:500} INFO - Filling up the DagBag from /home/airflow/.local/lib/python3.7/site-packages/airflow/example_dags/example_latest_only_with_trigger.py
[2022-08-08 06:08:40,175] {processor.py:654} INFO - DAG(s) dict_keys(['latest_only_with_trigger']) retrieved from /home/airflow/.local/lib/python3.7/site-packages/airflow/example_dags/example_latest_only_with_trigger.py
[2022-08-08 06:08:40,190] {logging_mixin.py:109} INFO - [2022-08-08 06:08:40,190] {dag.py:2396} INFO - Sync 1 DAGs
[2022-08-08 06:08:40,208] {logging_mixin.py:109} INFO - [2022-08-08 06:08:40,208] {dag.py:2935} INFO - Setting next_dagrun for latest_only_with_trigger to 2022-08-08T02:08:40.207841+00:00
[2022-08-08 06:08:40,222] {processor.py:171} INFO - Processing /home/airflow/.local/lib/python3.7/site-packages/airflow/example_dags/example_latest_only_with_trigger.py took 0.089 seconds
[2022-08-08 06:09:10,450] {processor.py:163} INFO - Started process (PID=322) to work on /home/airflow/.local/lib/python3.7/site-packages/airflow/example_dags/example_latest_only_with_trigger.py
[2022-08-08 06:09:10,452] {processor.py:642} INFO - Processing file /home/airflow/.local/lib/python3.7/site-packages/airflow/example_dags/example_latest_only_with_trigger.py for tasks to queue
[2022-08-08 06:09:10,454] {logging_mixin.py:109} INFO - [2022-08-08 06:09:10,454] {dagbag.py:500} INFO - Filling up the DagBag from /home/airflow/.local/lib/python3.7/site-packages/airflow/example_dags/example_latest_only_with_trigger.py
[2022-08-08 06:09:10,504] {processor.py:654} INFO - DAG(s) dict_keys(['latest_only_with_trigger']) retrieved from /home/airflow/.local/lib/python3.7/site-packages/airflow/example_dags/example_latest_only_with_trigger.py
[2022-08-08 06:09:10,521] {logging_mixin.py:109} INFO - [2022-08-08 06:09:10,521] {dag.py:2396} INFO - Sync 1 DAGs
[2022-08-08 06:09:10,542] {logging_mixin.py:109} INFO - [2022-08-08 06:09:10,542] {dag.py:2935} INFO - Setting next_dagrun for latest_only_with_trigger to 2022-08-08T02:09:10.541880+00:00
[2022-08-08 06:09:10,553] {processor.py:171} INFO - Processing /home/airflow/.local/lib/python3.7/site-packages/airflow/example_dags/example_latest_only_with_trigger.py took 0.107 seconds
[2022-08-08 06:09:40,684] {processor.py:163} INFO - Started process (PID=383) to work on /home/airflow/.local/lib/python3.7/site-packages/airflow/example_dags/example_latest_only_with_trigger.py
[2022-08-08 06:09:40,687] {processor.py:642} INFO - Processing file /home/airflow/.local/lib/python3.7/site-packages/airflow/example_dags/example_latest_only_with_trigger.py for tasks to queue
[2022-08-08 06:09:40,688] {logging_mixin.py:109} INFO - [2022-08-08 06:09:40,688] {dagbag.py:500} INFO - Filling up the DagBag from /home/airflow/.local/lib/python3.7/site-packages/airflow/example_dags/example_latest_only_with_trigger.py
[2022-08-08 06:09:40,718] {processor.py:654} INFO - DAG(s) dict_keys(['latest_only_with_trigger']) retrieved from /home/airflow/.local/lib/python3.7/site-packages/airflow/example_dags/example_latest_only_with_trigger.py
[2022-08-08 06:09:40,729] {logging_mixin.py:109} INFO - [2022-08-08 06:09:40,729] {dag.py:2396} INFO - Sync 1 DAGs
[2022-08-08 06:09:40,747] {logging_mixin.py:109} INFO - [2022-08-08 06:09:40,747] {dag.py:2935} INFO - Setting next_dagrun for latest_only_with_trigger to 2022-08-08T02:09:40.747426+00:00
[2022-08-08 06:09:40,758] {processor.py:171} INFO - Processing /home/airflow/.local/lib/python3.7/site-packages/airflow/example_dags/example_latest_only_with_trigger.py took 0.078 seconds
[2022-08-08 06:10:10,942] {processor.py:163} INFO - Started process (PID=443) to work on /home/airflow/.local/lib/python3.7/site-packages/airflow/example_dags/example_latest_only_with_trigger.py
[2022-08-08 06:10:10,945] {processor.py:642} INFO - Processing file /home/airflow/.local/lib/python3.7/site-packages/airflow/example_dags/example_latest_only_with_trigger.py for tasks to queue
[2022-08-08 06:10:10,947] {logging_mixin.py:109} INFO - [2022-08-08 06:10:10,946] {dagbag.py:500} INFO - Filling up the DagBag from /home/airflow/.local/lib/python3.7/site-packages/airflow/example_dags/example_latest_only_with_trigger.py
[2022-08-08 06:10:10,975] {processor.py:654} INFO - DAG(s) dict_keys(['latest_only_with_trigger']) retrieved from /home/airflow/.local/lib/python3.7/site-packages/airflow/example_dags/example_latest_only_with_trigger.py
[2022-08-08 06:10:10,986] {logging_mixin.py:109} INFO - [2022-08-08 06:10:10,986] {dag.py:2396} INFO - Sync 1 DAGs
[2022-08-08 06:10:11,002] {logging_mixin.py:109} INFO - [2022-08-08 06:10:11,002] {dag.py:2935} INFO - Setting next_dagrun for latest_only_with_trigger to 2022-08-08T02:10:11.001954+00:00
[2022-08-08 06:10:11,017] {processor.py:171} INFO - Processing /home/airflow/.local/lib/python3.7/site-packages/airflow/example_dags/example_latest_only_with_trigger.py took 0.078 seconds
[2022-08-08 06:10:41,728] {processor.py:163} INFO - Started process (PID=511) to work on /home/airflow/.local/lib/python3.7/site-packages/airflow/example_dags/example_latest_only_with_trigger.py
[2022-08-08 06:10:41,736] {processor.py:642} INFO - Processing file /home/airflow/.local/lib/python3.7/site-packages/airflow/example_dags/example_latest_only_with_trigger.py for tasks to queue
[2022-08-08 06:10:41,739] {logging_mixin.py:109} INFO - [2022-08-08 06:10:41,738] {dagbag.py:500} INFO - Filling up the DagBag from /home/airflow/.local/lib/python3.7/site-packages/airflow/example_dags/example_latest_only_with_trigger.py
[2022-08-08 06:10:41,810] {processor.py:654} INFO - DAG(s) dict_keys(['latest_only_with_trigger']) retrieved from /home/airflow/.local/lib/python3.7/site-packages/airflow/example_dags/example_latest_only_with_trigger.py
[2022-08-08 06:10:41,827] {logging_mixin.py:109} INFO - [2022-08-08 06:10:41,827] {dag.py:2396} INFO - Sync 1 DAGs
[2022-08-08 06:10:41,850] {logging_mixin.py:109} INFO - [2022-08-08 06:10:41,850] {dag.py:2935} INFO - Setting next_dagrun for latest_only_with_trigger to 2022-08-08T02:10:41.850050+00:00
[2022-08-08 06:10:41,866] {processor.py:171} INFO - Processing /home/airflow/.local/lib/python3.7/site-packages/airflow/example_dags/example_latest_only_with_trigger.py took 0.149 seconds
[2022-08-08 06:11:12,849] {processor.py:163} INFO - Started process (PID=570) to work on /home/airflow/.local/lib/python3.7/site-packages/airflow/example_dags/example_latest_only_with_trigger.py
[2022-08-08 06:11:12,851] {processor.py:642} INFO - Processing file /home/airflow/.local/lib/python3.7/site-packages/airflow/example_dags/example_latest_only_with_trigger.py for tasks to queue
[2022-08-08 06:11:12,852] {logging_mixin.py:109} INFO - [2022-08-08 06:11:12,852] {dagbag.py:500} INFO - Filling up the DagBag from /home/airflow/.local/lib/python3.7/site-packages/airflow/example_dags/example_latest_only_with_trigger.py
[2022-08-08 06:11:12,893] {processor.py:654} INFO - DAG(s) dict_keys(['latest_only_with_trigger']) retrieved from /home/airflow/.local/lib/python3.7/site-packages/airflow/example_dags/example_latest_only_with_trigger.py
[2022-08-08 06:11:12,904] {logging_mixin.py:109} INFO - [2022-08-08 06:11:12,904] {dag.py:2396} INFO - Sync 1 DAGs
[2022-08-08 06:11:12,921] {logging_mixin.py:109} INFO - [2022-08-08 06:11:12,921] {dag.py:2935} INFO - Setting next_dagrun for latest_only_with_trigger to 2022-08-08T02:11:12.921423+00:00
[2022-08-08 06:11:12,932] {processor.py:171} INFO - Processing /home/airflow/.local/lib/python3.7/site-packages/airflow/example_dags/example_latest_only_with_trigger.py took 0.093 seconds
[2022-08-08 06:11:43,389] {processor.py:163} INFO - Started process (PID=638) to work on /home/airflow/.local/lib/python3.7/site-packages/airflow/example_dags/example_latest_only_with_trigger.py
[2022-08-08 06:11:43,392] {processor.py:642} INFO - Processing file /home/airflow/.local/lib/python3.7/site-packages/airflow/example_dags/example_latest_only_with_trigger.py for tasks to queue
[2022-08-08 06:11:43,394] {logging_mixin.py:109} INFO - [2022-08-08 06:11:43,394] {dagbag.py:500} INFO - Filling up the DagBag from /home/airflow/.local/lib/python3.7/site-packages/airflow/example_dags/example_latest_only_with_trigger.py
[2022-08-08 06:11:43,433] {processor.py:654} INFO - DAG(s) dict_keys(['latest_only_with_trigger']) retrieved from /home/airflow/.local/lib/python3.7/site-packages/airflow/example_dags/example_latest_only_with_trigger.py
[2022-08-08 06:11:43,446] {logging_mixin.py:109} INFO - [2022-08-08 06:11:43,446] {dag.py:2396} INFO - Sync 1 DAGs
[2022-08-08 06:11:43,468] {logging_mixin.py:109} INFO - [2022-08-08 06:11:43,468] {dag.py:2935} INFO - Setting next_dagrun for latest_only_with_trigger to 2022-08-08T02:11:43.468104+00:00
[2022-08-08 06:11:43,480] {processor.py:171} INFO - Processing /home/airflow/.local/lib/python3.7/site-packages/airflow/example_dags/example_latest_only_with_trigger.py took 0.097 seconds
[2022-08-08 06:12:13,894] {processor.py:163} INFO - Started process (PID=698) to work on /home/airflow/.local/lib/python3.7/site-packages/airflow/example_dags/example_latest_only_with_trigger.py
[2022-08-08 06:12:13,897] {processor.py:642} INFO - Processing file /home/airflow/.local/lib/python3.7/site-packages/airflow/example_dags/example_latest_only_with_trigger.py for tasks to queue
[2022-08-08 06:12:13,899] {logging_mixin.py:109} INFO - [2022-08-08 06:12:13,899] {dagbag.py:500} INFO - Filling up the DagBag from /home/airflow/.local/lib/python3.7/site-packages/airflow/example_dags/example_latest_only_with_trigger.py
[2022-08-08 06:12:13,930] {processor.py:654} INFO - DAG(s) dict_keys(['latest_only_with_trigger']) retrieved from /home/airflow/.local/lib/python3.7/site-packages/airflow/example_dags/example_latest_only_with_trigger.py
[2022-08-08 06:12:13,940] {logging_mixin.py:109} INFO - [2022-08-08 06:12:13,940] {dag.py:2396} INFO - Sync 1 DAGs
[2022-08-08 06:12:13,955] {logging_mixin.py:109} INFO - [2022-08-08 06:12:13,955] {dag.py:2935} INFO - Setting next_dagrun for latest_only_with_trigger to 2022-08-08T02:12:13.955326+00:00
[2022-08-08 06:12:13,966] {processor.py:171} INFO - Processing /home/airflow/.local/lib/python3.7/site-packages/airflow/example_dags/example_latest_only_with_trigger.py took 0.076 seconds
[2022-08-08 06:12:44,699] {processor.py:163} INFO - Started process (PID=767) to work on /home/airflow/.local/lib/python3.7/site-packages/airflow/example_dags/example_latest_only_with_trigger.py
[2022-08-08 06:12:44,701] {processor.py:642} INFO - Processing file /home/airflow/.local/lib/python3.7/site-packages/airflow/example_dags/example_latest_only_with_trigger.py for tasks to queue
[2022-08-08 06:12:44,703] {logging_mixin.py:109} INFO - [2022-08-08 06:12:44,703] {dagbag.py:500} INFO - Filling up the DagBag from /home/airflow/.local/lib/python3.7/site-packages/airflow/example_dags/example_latest_only_with_trigger.py
[2022-08-08 06:12:44,740] {processor.py:654} INFO - DAG(s) dict_keys(['latest_only_with_trigger']) retrieved from /home/airflow/.local/lib/python3.7/site-packages/airflow/example_dags/example_latest_only_with_trigger.py
[2022-08-08 06:12:44,752] {logging_mixin.py:109} INFO - [2022-08-08 06:12:44,752] {dag.py:2396} INFO - Sync 1 DAGs
[2022-08-08 06:12:44,770] {logging_mixin.py:109} INFO - [2022-08-08 06:12:44,770] {dag.py:2935} INFO - Setting next_dagrun for latest_only_with_trigger to 2022-08-08T02:12:44.770034+00:00
[2022-08-08 06:12:44,782] {processor.py:171} INFO - Processing /home/airflow/.local/lib/python3.7/site-packages/airflow/example_dags/example_latest_only_with_trigger.py took 0.087 seconds
[2022-08-08 06:13:14,925] {processor.py:163} INFO - Started process (PID=828) to work on /home/airflow/.local/lib/python3.7/site-packages/airflow/example_dags/example_latest_only_with_trigger.py
[2022-08-08 06:13:14,927] {processor.py:642} INFO - Processing file /home/airflow/.local/lib/python3.7/site-packages/airflow/example_dags/example_latest_only_with_trigger.py for tasks to queue
[2022-08-08 06:13:14,930] {logging_mixin.py:109} INFO - [2022-08-08 06:13:14,929] {dagbag.py:500} INFO - Filling up the DagBag from /home/airflow/.local/lib/python3.7/site-packages/airflow/example_dags/example_latest_only_with_trigger.py
[2022-08-08 06:13:14,968] {processor.py:654} INFO - DAG(s) dict_keys(['latest_only_with_trigger']) retrieved from /home/airflow/.local/lib/python3.7/site-packages/airflow/example_dags/example_latest_only_with_trigger.py
[2022-08-08 06:13:14,984] {logging_mixin.py:109} INFO - [2022-08-08 06:13:14,984] {dag.py:2396} INFO - Sync 1 DAGs
[2022-08-08 06:13:15,003] {logging_mixin.py:109} INFO - [2022-08-08 06:13:15,003] {dag.py:2935} INFO - Setting next_dagrun for latest_only_with_trigger to 2022-08-08T02:13:15.003357+00:00
[2022-08-08 06:13:15,019] {processor.py:171} INFO - Processing /home/airflow/.local/lib/python3.7/site-packages/airflow/example_dags/example_latest_only_with_trigger.py took 0.100 seconds
[2022-08-08 06:13:45,598] {processor.py:163} INFO - Started process (PID=897) to work on /home/airflow/.local/lib/python3.7/site-packages/airflow/example_dags/example_latest_only_with_trigger.py
[2022-08-08 06:13:45,601] {processor.py:642} INFO - Processing file /home/airflow/.local/lib/python3.7/site-packages/airflow/example_dags/example_latest_only_with_trigger.py for tasks to queue
[2022-08-08 06:13:45,603] {logging_mixin.py:109} INFO - [2022-08-08 06:13:45,603] {dagbag.py:500} INFO - Filling up the DagBag from /home/airflow/.local/lib/python3.7/site-packages/airflow/example_dags/example_latest_only_with_trigger.py
[2022-08-08 06:13:45,639] {processor.py:654} INFO - DAG(s) dict_keys(['latest_only_with_trigger']) retrieved from /home/airflow/.local/lib/python3.7/site-packages/airflow/example_dags/example_latest_only_with_trigger.py
[2022-08-08 06:13:45,653] {logging_mixin.py:109} INFO - [2022-08-08 06:13:45,653] {dag.py:2396} INFO - Sync 1 DAGs
[2022-08-08 06:13:45,674] {logging_mixin.py:109} INFO - [2022-08-08 06:13:45,674] {dag.py:2935} INFO - Setting next_dagrun for latest_only_with_trigger to 2022-08-08T02:13:45.673897+00:00
[2022-08-08 06:13:45,688] {processor.py:171} INFO - Processing /home/airflow/.local/lib/python3.7/site-packages/airflow/example_dags/example_latest_only_with_trigger.py took 0.096 seconds
[2022-08-08 06:14:16,207] {processor.py:163} INFO - Started process (PID=957) to work on /home/airflow/.local/lib/python3.7/site-packages/airflow/example_dags/example_latest_only_with_trigger.py
[2022-08-08 06:14:16,209] {processor.py:642} INFO - Processing file /home/airflow/.local/lib/python3.7/site-packages/airflow/example_dags/example_latest_only_with_trigger.py for tasks to queue
[2022-08-08 06:14:16,211] {logging_mixin.py:109} INFO - [2022-08-08 06:14:16,211] {dagbag.py:500} INFO - Filling up the DagBag from /home/airflow/.local/lib/python3.7/site-packages/airflow/example_dags/example_latest_only_with_trigger.py
[2022-08-08 06:14:16,240] {processor.py:654} INFO - DAG(s) dict_keys(['latest_only_with_trigger']) retrieved from /home/airflow/.local/lib/python3.7/site-packages/airflow/example_dags/example_latest_only_with_trigger.py
[2022-08-08 06:14:16,250] {logging_mixin.py:109} INFO - [2022-08-08 06:14:16,250] {dag.py:2396} INFO - Sync 1 DAGs
[2022-08-08 06:14:16,265] {logging_mixin.py:109} INFO - [2022-08-08 06:14:16,265] {dag.py:2935} INFO - Setting next_dagrun for latest_only_with_trigger to 2022-08-08T02:14:16.265331+00:00
[2022-08-08 06:14:16,277] {processor.py:171} INFO - Processing /home/airflow/.local/lib/python3.7/site-packages/airflow/example_dags/example_latest_only_with_trigger.py took 0.075 seconds
[2022-08-08 06:14:47,064] {processor.py:163} INFO - Started process (PID=1018) to work on /home/airflow/.local/lib/python3.7/site-packages/airflow/example_dags/example_latest_only_with_trigger.py
[2022-08-08 06:14:47,067] {processor.py:642} INFO - Processing file /home/airflow/.local/lib/python3.7/site-packages/airflow/example_dags/example_latest_only_with_trigger.py for tasks to queue
[2022-08-08 06:14:47,069] {logging_mixin.py:109} INFO - [2022-08-08 06:14:47,068] {dagbag.py:500} INFO - Filling up the DagBag from /home/airflow/.local/lib/python3.7/site-packages/airflow/example_dags/example_latest_only_with_trigger.py
[2022-08-08 06:14:47,105] {processor.py:654} INFO - DAG(s) dict_keys(['latest_only_with_trigger']) retrieved from /home/airflow/.local/lib/python3.7/site-packages/airflow/example_dags/example_latest_only_with_trigger.py
[2022-08-08 06:14:47,122] {logging_mixin.py:109} INFO - [2022-08-08 06:14:47,121] {dag.py:2396} INFO - Sync 1 DAGs
[2022-08-08 06:14:47,143] {logging_mixin.py:109} INFO - [2022-08-08 06:14:47,142] {dag.py:2935} INFO - Setting next_dagrun for latest_only_with_trigger to 2022-08-08T02:14:47.142639+00:00
[2022-08-08 06:14:47,162] {processor.py:171} INFO - Processing /home/airflow/.local/lib/python3.7/site-packages/airflow/example_dags/example_latest_only_with_trigger.py took 0.104 seconds
[2022-08-08 06:15:17,279] {processor.py:163} INFO - Started process (PID=1089) to work on /home/airflow/.local/lib/python3.7/site-packages/airflow/example_dags/example_latest_only_with_trigger.py
[2022-08-08 06:15:17,281] {processor.py:642} INFO - Processing file /home/airflow/.local/lib/python3.7/site-packages/airflow/example_dags/example_latest_only_with_trigger.py for tasks to queue
[2022-08-08 06:15:17,282] {logging_mixin.py:109} INFO - [2022-08-08 06:15:17,282] {dagbag.py:500} INFO - Filling up the DagBag from /home/airflow/.local/lib/python3.7/site-packages/airflow/example_dags/example_latest_only_with_trigger.py
[2022-08-08 06:15:17,314] {processor.py:654} INFO - DAG(s) dict_keys(['latest_only_with_trigger']) retrieved from /home/airflow/.local/lib/python3.7/site-packages/airflow/example_dags/example_latest_only_with_trigger.py
[2022-08-08 06:15:17,328] {logging_mixin.py:109} INFO - [2022-08-08 06:15:17,328] {dag.py:2396} INFO - Sync 1 DAGs
[2022-08-08 06:15:17,345] {logging_mixin.py:109} INFO - [2022-08-08 06:15:17,344] {dag.py:2935} INFO - Setting next_dagrun for latest_only_with_trigger to 2022-08-08T02:15:17.344607+00:00
[2022-08-08 06:15:17,355] {processor.py:171} INFO - Processing /home/airflow/.local/lib/python3.7/site-packages/airflow/example_dags/example_latest_only_with_trigger.py took 0.081 seconds
[2022-08-08 06:15:47,649] {processor.py:163} INFO - Started process (PID=1149) to work on /home/airflow/.local/lib/python3.7/site-packages/airflow/example_dags/example_latest_only_with_trigger.py
[2022-08-08 06:15:47,659] {processor.py:642} INFO - Processing file /home/airflow/.local/lib/python3.7/site-packages/airflow/example_dags/example_latest_only_with_trigger.py for tasks to queue
[2022-08-08 06:15:47,660] {logging_mixin.py:109} INFO - [2022-08-08 06:15:47,660] {dagbag.py:500} INFO - Filling up the DagBag from /home/airflow/.local/lib/python3.7/site-packages/airflow/example_dags/example_latest_only_with_trigger.py
[2022-08-08 06:15:47,692] {processor.py:654} INFO - DAG(s) dict_keys(['latest_only_with_trigger']) retrieved from /home/airflow/.local/lib/python3.7/site-packages/airflow/example_dags/example_latest_only_with_trigger.py
[2022-08-08 06:15:47,704] {logging_mixin.py:109} INFO - [2022-08-08 06:15:47,703] {dag.py:2396} INFO - Sync 1 DAGs
[2022-08-08 06:15:47,720] {logging_mixin.py:109} INFO - [2022-08-08 06:15:47,720] {dag.py:2935} INFO - Setting next_dagrun for latest_only_with_trigger to 2022-08-08T02:15:47.720332+00:00
[2022-08-08 06:15:47,733] {processor.py:171} INFO - Processing /home/airflow/.local/lib/python3.7/site-packages/airflow/example_dags/example_latest_only_with_trigger.py took 0.088 seconds
[2022-08-08 06:16:18,110] {processor.py:163} INFO - Started process (PID=1218) to work on /home/airflow/.local/lib/python3.7/site-packages/airflow/example_dags/example_latest_only_with_trigger.py
[2022-08-08 06:16:18,111] {processor.py:642} INFO - Processing file /home/airflow/.local/lib/python3.7/site-packages/airflow/example_dags/example_latest_only_with_trigger.py for tasks to queue
[2022-08-08 06:16:18,113] {logging_mixin.py:109} INFO - [2022-08-08 06:16:18,113] {dagbag.py:500} INFO - Filling up the DagBag from /home/airflow/.local/lib/python3.7/site-packages/airflow/example_dags/example_latest_only_with_trigger.py
[2022-08-08 06:16:18,140] {processor.py:654} INFO - DAG(s) dict_keys(['latest_only_with_trigger']) retrieved from /home/airflow/.local/lib/python3.7/site-packages/airflow/example_dags/example_latest_only_with_trigger.py
[2022-08-08 06:16:18,151] {logging_mixin.py:109} INFO - [2022-08-08 06:16:18,151] {dag.py:2396} INFO - Sync 1 DAGs
[2022-08-08 06:16:18,167] {logging_mixin.py:109} INFO - [2022-08-08 06:16:18,167] {dag.py:2935} INFO - Setting next_dagrun for latest_only_with_trigger to 2022-08-08T02:16:18.167084+00:00
[2022-08-08 06:16:18,177] {processor.py:171} INFO - Processing /home/airflow/.local/lib/python3.7/site-packages/airflow/example_dags/example_latest_only_with_trigger.py took 0.071 seconds
[2022-08-08 06:16:48,328] {processor.py:163} INFO - Started process (PID=1281) to work on /home/airflow/.local/lib/python3.7/site-packages/airflow/example_dags/example_latest_only_with_trigger.py
[2022-08-08 06:16:48,332] {processor.py:642} INFO - Processing file /home/airflow/.local/lib/python3.7/site-packages/airflow/example_dags/example_latest_only_with_trigger.py for tasks to queue
[2022-08-08 06:16:48,334] {logging_mixin.py:109} INFO - [2022-08-08 06:16:48,333] {dagbag.py:500} INFO - Filling up the DagBag from /home/airflow/.local/lib/python3.7/site-packages/airflow/example_dags/example_latest_only_with_trigger.py
[2022-08-08 06:16:48,362] {processor.py:654} INFO - DAG(s) dict_keys(['latest_only_with_trigger']) retrieved from /home/airflow/.local/lib/python3.7/site-packages/airflow/example_dags/example_latest_only_with_trigger.py
[2022-08-08 06:16:48,373] {logging_mixin.py:109} INFO - [2022-08-08 06:16:48,372] {dag.py:2396} INFO - Sync 1 DAGs
[2022-08-08 06:16:48,388] {logging_mixin.py:109} INFO - [2022-08-08 06:16:48,388] {dag.py:2935} INFO - Setting next_dagrun for latest_only_with_trigger to 2022-08-08T02:16:48.387866+00:00
[2022-08-08 06:16:48,400] {processor.py:171} INFO - Processing /home/airflow/.local/lib/python3.7/site-packages/airflow/example_dags/example_latest_only_with_trigger.py took 0.080 seconds
[2022-08-08 06:17:18,654] {processor.py:163} INFO - Started process (PID=1352) to work on /home/airflow/.local/lib/python3.7/site-packages/airflow/example_dags/example_latest_only_with_trigger.py
[2022-08-08 06:17:18,656] {processor.py:642} INFO - Processing file /home/airflow/.local/lib/python3.7/site-packages/airflow/example_dags/example_latest_only_with_trigger.py for tasks to queue
[2022-08-08 06:17:18,658] {logging_mixin.py:109} INFO - [2022-08-08 06:17:18,658] {dagbag.py:500} INFO - Filling up the DagBag from /home/airflow/.local/lib/python3.7/site-packages/airflow/example_dags/example_latest_only_with_trigger.py
[2022-08-08 06:17:18,696] {processor.py:654} INFO - DAG(s) dict_keys(['latest_only_with_trigger']) retrieved from /home/airflow/.local/lib/python3.7/site-packages/airflow/example_dags/example_latest_only_with_trigger.py
[2022-08-08 06:17:18,708] {logging_mixin.py:109} INFO - [2022-08-08 06:17:18,708] {dag.py:2396} INFO - Sync 1 DAGs
[2022-08-08 06:17:18,724] {logging_mixin.py:109} INFO - [2022-08-08 06:17:18,724] {dag.py:2935} INFO - Setting next_dagrun for latest_only_with_trigger to 2022-08-08T02:17:18.724502+00:00
[2022-08-08 06:17:18,748] {processor.py:171} INFO - Processing /home/airflow/.local/lib/python3.7/site-packages/airflow/example_dags/example_latest_only_with_trigger.py took 0.098 seconds
[2022-08-08 06:17:48,972] {processor.py:163} INFO - Started process (PID=1414) to work on /home/airflow/.local/lib/python3.7/site-packages/airflow/example_dags/example_latest_only_with_trigger.py
[2022-08-08 06:17:48,975] {processor.py:642} INFO - Processing file /home/airflow/.local/lib/python3.7/site-packages/airflow/example_dags/example_latest_only_with_trigger.py for tasks to queue
[2022-08-08 06:17:48,977] {logging_mixin.py:109} INFO - [2022-08-08 06:17:48,977] {dagbag.py:500} INFO - Filling up the DagBag from /home/airflow/.local/lib/python3.7/site-packages/airflow/example_dags/example_latest_only_with_trigger.py
[2022-08-08 06:17:49,010] {processor.py:654} INFO - DAG(s) dict_keys(['latest_only_with_trigger']) retrieved from /home/airflow/.local/lib/python3.7/site-packages/airflow/example_dags/example_latest_only_with_trigger.py
[2022-08-08 06:17:49,022] {logging_mixin.py:109} INFO - [2022-08-08 06:17:49,022] {dag.py:2396} INFO - Sync 1 DAGs
[2022-08-08 06:17:49,038] {logging_mixin.py:109} INFO - [2022-08-08 06:17:49,038] {dag.py:2935} INFO - Setting next_dagrun for latest_only_with_trigger to 2022-08-08T02:17:49.038019+00:00
[2022-08-08 06:17:49,049] {processor.py:171} INFO - Processing /home/airflow/.local/lib/python3.7/site-packages/airflow/example_dags/example_latest_only_with_trigger.py took 0.081 seconds
[2022-08-08 06:18:19,420] {processor.py:163} INFO - Started process (PID=1484) to work on /home/airflow/.local/lib/python3.7/site-packages/airflow/example_dags/example_latest_only_with_trigger.py
[2022-08-08 06:18:19,424] {processor.py:642} INFO - Processing file /home/airflow/.local/lib/python3.7/site-packages/airflow/example_dags/example_latest_only_with_trigger.py for tasks to queue
[2022-08-08 06:18:19,426] {logging_mixin.py:109} INFO - [2022-08-08 06:18:19,425] {dagbag.py:500} INFO - Filling up the DagBag from /home/airflow/.local/lib/python3.7/site-packages/airflow/example_dags/example_latest_only_with_trigger.py
[2022-08-08 06:18:19,458] {processor.py:654} INFO - DAG(s) dict_keys(['latest_only_with_trigger']) retrieved from /home/airflow/.local/lib/python3.7/site-packages/airflow/example_dags/example_latest_only_with_trigger.py
[2022-08-08 06:18:19,470] {logging_mixin.py:109} INFO - [2022-08-08 06:18:19,470] {dag.py:2396} INFO - Sync 1 DAGs
[2022-08-08 06:18:19,495] {logging_mixin.py:109} INFO - [2022-08-08 06:18:19,495] {dag.py:2935} INFO - Setting next_dagrun for latest_only_with_trigger to 2022-08-08T02:18:19.494787+00:00
[2022-08-08 06:18:19,507] {processor.py:171} INFO - Processing /home/airflow/.local/lib/python3.7/site-packages/airflow/example_dags/example_latest_only_with_trigger.py took 0.093 seconds
[2022-08-08 06:18:49,577] {processor.py:163} INFO - Started process (PID=1544) to work on /home/airflow/.local/lib/python3.7/site-packages/airflow/example_dags/example_latest_only_with_trigger.py
[2022-08-08 06:18:49,580] {processor.py:642} INFO - Processing file /home/airflow/.local/lib/python3.7/site-packages/airflow/example_dags/example_latest_only_with_trigger.py for tasks to queue
[2022-08-08 06:18:49,581] {logging_mixin.py:109} INFO - [2022-08-08 06:18:49,581] {dagbag.py:500} INFO - Filling up the DagBag from /home/airflow/.local/lib/python3.7/site-packages/airflow/example_dags/example_latest_only_with_trigger.py
[2022-08-08 06:18:49,613] {processor.py:654} INFO - DAG(s) dict_keys(['latest_only_with_trigger']) retrieved from /home/airflow/.local/lib/python3.7/site-packages/airflow/example_dags/example_latest_only_with_trigger.py
[2022-08-08 06:18:49,625] {logging_mixin.py:109} INFO - [2022-08-08 06:18:49,625] {dag.py:2396} INFO - Sync 1 DAGs
[2022-08-08 06:18:49,641] {logging_mixin.py:109} INFO - [2022-08-08 06:18:49,641] {dag.py:2935} INFO - Setting next_dagrun for latest_only_with_trigger to 2022-08-08T02:18:49.641015+00:00
[2022-08-08 06:18:49,652] {processor.py:171} INFO - Processing /home/airflow/.local/lib/python3.7/site-packages/airflow/example_dags/example_latest_only_with_trigger.py took 0.079 seconds
[2022-08-08 06:19:19,889] {processor.py:163} INFO - Started process (PID=1605) to work on /home/airflow/.local/lib/python3.7/site-packages/airflow/example_dags/example_latest_only_with_trigger.py
[2022-08-08 06:19:19,893] {processor.py:642} INFO - Processing file /home/airflow/.local/lib/python3.7/site-packages/airflow/example_dags/example_latest_only_with_trigger.py for tasks to queue
[2022-08-08 06:19:19,895] {logging_mixin.py:109} INFO - [2022-08-08 06:19:19,895] {dagbag.py:500} INFO - Filling up the DagBag from /home/airflow/.local/lib/python3.7/site-packages/airflow/example_dags/example_latest_only_with_trigger.py
[2022-08-08 06:19:19,934] {processor.py:654} INFO - DAG(s) dict_keys(['latest_only_with_trigger']) retrieved from /home/airflow/.local/lib/python3.7/site-packages/airflow/example_dags/example_latest_only_with_trigger.py
[2022-08-08 06:19:19,952] {logging_mixin.py:109} INFO - [2022-08-08 06:19:19,952] {dag.py:2396} INFO - Sync 1 DAGs
[2022-08-08 06:19:19,975] {logging_mixin.py:109} INFO - [2022-08-08 06:19:19,975] {dag.py:2935} INFO - Setting next_dagrun for latest_only_with_trigger to 2022-08-08T02:19:19.975127+00:00
[2022-08-08 06:19:19,994] {processor.py:171} INFO - Processing /home/airflow/.local/lib/python3.7/site-packages/airflow/example_dags/example_latest_only_with_trigger.py took 0.112 seconds
[2022-08-08 06:19:50,518] {processor.py:163} INFO - Started process (PID=1675) to work on /home/airflow/.local/lib/python3.7/site-packages/airflow/example_dags/example_latest_only_with_trigger.py
[2022-08-08 06:19:50,520] {processor.py:642} INFO - Processing file /home/airflow/.local/lib/python3.7/site-packages/airflow/example_dags/example_latest_only_with_trigger.py for tasks to queue
[2022-08-08 06:19:50,522] {logging_mixin.py:109} INFO - [2022-08-08 06:19:50,522] {dagbag.py:500} INFO - Filling up the DagBag from /home/airflow/.local/lib/python3.7/site-packages/airflow/example_dags/example_latest_only_with_trigger.py
[2022-08-08 06:19:50,552] {processor.py:654} INFO - DAG(s) dict_keys(['latest_only_with_trigger']) retrieved from /home/airflow/.local/lib/python3.7/site-packages/airflow/example_dags/example_latest_only_with_trigger.py
[2022-08-08 06:19:50,563] {logging_mixin.py:109} INFO - [2022-08-08 06:19:50,563] {dag.py:2396} INFO - Sync 1 DAGs
[2022-08-08 06:19:50,579] {logging_mixin.py:109} INFO - [2022-08-08 06:19:50,579] {dag.py:2935} INFO - Setting next_dagrun for latest_only_with_trigger to 2022-08-08T02:19:50.578818+00:00
[2022-08-08 06:19:50,589] {processor.py:171} INFO - Processing /home/airflow/.local/lib/python3.7/site-packages/airflow/example_dags/example_latest_only_with_trigger.py took 0.077 seconds
[2022-08-08 06:20:20,646] {processor.py:163} INFO - Started process (PID=1736) to work on /home/airflow/.local/lib/python3.7/site-packages/airflow/example_dags/example_latest_only_with_trigger.py
[2022-08-08 06:20:20,649] {processor.py:642} INFO - Processing file /home/airflow/.local/lib/python3.7/site-packages/airflow/example_dags/example_latest_only_with_trigger.py for tasks to queue
[2022-08-08 06:20:20,651] {logging_mixin.py:109} INFO - [2022-08-08 06:20:20,651] {dagbag.py:500} INFO - Filling up the DagBag from /home/airflow/.local/lib/python3.7/site-packages/airflow/example_dags/example_latest_only_with_trigger.py
[2022-08-08 06:20:20,707] {processor.py:654} INFO - DAG(s) dict_keys(['latest_only_with_trigger']) retrieved from /home/airflow/.local/lib/python3.7/site-packages/airflow/example_dags/example_latest_only_with_trigger.py
[2022-08-08 06:20:20,724] {logging_mixin.py:109} INFO - [2022-08-08 06:20:20,724] {dag.py:2396} INFO - Sync 1 DAGs
[2022-08-08 06:20:20,745] {logging_mixin.py:109} INFO - [2022-08-08 06:20:20,745] {dag.py:2935} INFO - Setting next_dagrun for latest_only_with_trigger to 2022-08-08T02:20:20.745152+00:00
[2022-08-08 06:20:20,758] {processor.py:171} INFO - Processing /home/airflow/.local/lib/python3.7/site-packages/airflow/example_dags/example_latest_only_with_trigger.py took 0.117 seconds
[2022-08-08 06:20:51,412] {processor.py:163} INFO - Started process (PID=1805) to work on /home/airflow/.local/lib/python3.7/site-packages/airflow/example_dags/example_latest_only_with_trigger.py
[2022-08-08 06:20:51,414] {processor.py:642} INFO - Processing file /home/airflow/.local/lib/python3.7/site-packages/airflow/example_dags/example_latest_only_with_trigger.py for tasks to queue
[2022-08-08 06:20:51,416] {logging_mixin.py:109} INFO - [2022-08-08 06:20:51,416] {dagbag.py:500} INFO - Filling up the DagBag from /home/airflow/.local/lib/python3.7/site-packages/airflow/example_dags/example_latest_only_with_trigger.py
[2022-08-08 06:20:51,448] {processor.py:654} INFO - DAG(s) dict_keys(['latest_only_with_trigger']) retrieved from /home/airflow/.local/lib/python3.7/site-packages/airflow/example_dags/example_latest_only_with_trigger.py
[2022-08-08 06:20:51,461] {logging_mixin.py:109} INFO - [2022-08-08 06:20:51,461] {dag.py:2396} INFO - Sync 1 DAGs
[2022-08-08 06:20:51,479] {logging_mixin.py:109} INFO - [2022-08-08 06:20:51,479] {dag.py:2935} INFO - Setting next_dagrun for latest_only_with_trigger to 2022-08-08T02:20:51.479078+00:00
[2022-08-08 06:20:51,491] {processor.py:171} INFO - Processing /home/airflow/.local/lib/python3.7/site-packages/airflow/example_dags/example_latest_only_with_trigger.py took 0.082 seconds
[2022-08-08 06:21:22,004] {processor.py:163} INFO - Started process (PID=1865) to work on /home/airflow/.local/lib/python3.7/site-packages/airflow/example_dags/example_latest_only_with_trigger.py
[2022-08-08 06:21:22,007] {processor.py:642} INFO - Processing file /home/airflow/.local/lib/python3.7/site-packages/airflow/example_dags/example_latest_only_with_trigger.py for tasks to queue
[2022-08-08 06:21:22,008] {logging_mixin.py:109} INFO - [2022-08-08 06:21:22,008] {dagbag.py:500} INFO - Filling up the DagBag from /home/airflow/.local/lib/python3.7/site-packages/airflow/example_dags/example_latest_only_with_trigger.py
[2022-08-08 06:21:22,041] {processor.py:654} INFO - DAG(s) dict_keys(['latest_only_with_trigger']) retrieved from /home/airflow/.local/lib/python3.7/site-packages/airflow/example_dags/example_latest_only_with_trigger.py
[2022-08-08 06:21:22,053] {logging_mixin.py:109} INFO - [2022-08-08 06:21:22,053] {dag.py:2396} INFO - Sync 1 DAGs
[2022-08-08 06:21:22,072] {logging_mixin.py:109} INFO - [2022-08-08 06:21:22,072] {dag.py:2935} INFO - Setting next_dagrun for latest_only_with_trigger to 2022-08-08T02:21:22.071851+00:00
[2022-08-08 06:21:22,083] {processor.py:171} INFO - Processing /home/airflow/.local/lib/python3.7/site-packages/airflow/example_dags/example_latest_only_with_trigger.py took 0.083 seconds
[2022-08-08 06:21:52,343] {processor.py:163} INFO - Started process (PID=1934) to work on /home/airflow/.local/lib/python3.7/site-packages/airflow/example_dags/example_latest_only_with_trigger.py
[2022-08-08 06:21:52,346] {processor.py:642} INFO - Processing file /home/airflow/.local/lib/python3.7/site-packages/airflow/example_dags/example_latest_only_with_trigger.py for tasks to queue
[2022-08-08 06:21:52,347] {logging_mixin.py:109} INFO - [2022-08-08 06:21:52,347] {dagbag.py:500} INFO - Filling up the DagBag from /home/airflow/.local/lib/python3.7/site-packages/airflow/example_dags/example_latest_only_with_trigger.py
[2022-08-08 06:21:52,374] {processor.py:654} INFO - DAG(s) dict_keys(['latest_only_with_trigger']) retrieved from /home/airflow/.local/lib/python3.7/site-packages/airflow/example_dags/example_latest_only_with_trigger.py
[2022-08-08 06:21:52,385] {logging_mixin.py:109} INFO - [2022-08-08 06:21:52,385] {dag.py:2396} INFO - Sync 1 DAGs
[2022-08-08 06:21:52,485] {logging_mixin.py:109} INFO - [2022-08-08 06:21:52,484] {dag.py:2935} INFO - Setting next_dagrun for latest_only_with_trigger to 2022-08-08T02:21:52.484709+00:00
[2022-08-08 06:21:52,498] {processor.py:171} INFO - Processing /home/airflow/.local/lib/python3.7/site-packages/airflow/example_dags/example_latest_only_with_trigger.py took 0.158 seconds
[2022-08-08 06:22:22,616] {processor.py:163} INFO - Started process (PID=1990) to work on /home/airflow/.local/lib/python3.7/site-packages/airflow/example_dags/example_latest_only_with_trigger.py
[2022-08-08 06:22:22,620] {processor.py:642} INFO - Processing file /home/airflow/.local/lib/python3.7/site-packages/airflow/example_dags/example_latest_only_with_trigger.py for tasks to queue
[2022-08-08 06:22:22,622] {logging_mixin.py:109} INFO - [2022-08-08 06:22:22,622] {dagbag.py:500} INFO - Filling up the DagBag from /home/airflow/.local/lib/python3.7/site-packages/airflow/example_dags/example_latest_only_with_trigger.py
[2022-08-08 06:22:22,651] {processor.py:654} INFO - DAG(s) dict_keys(['latest_only_with_trigger']) retrieved from /home/airflow/.local/lib/python3.7/site-packages/airflow/example_dags/example_latest_only_with_trigger.py
[2022-08-08 06:22:22,662] {logging_mixin.py:109} INFO - [2022-08-08 06:22:22,662] {dag.py:2396} INFO - Sync 1 DAGs
[2022-08-08 06:22:22,829] {logging_mixin.py:109} INFO - [2022-08-08 06:22:22,828] {dag.py:2935} INFO - Setting next_dagrun for latest_only_with_trigger to 2022-08-08T02:22:22.828736+00:00
[2022-08-08 06:22:22,843] {processor.py:171} INFO - Processing /home/airflow/.local/lib/python3.7/site-packages/airflow/example_dags/example_latest_only_with_trigger.py took 0.232 seconds
[2022-08-08 07:11:45,815] {processor.py:163} INFO - Started process (PID=2076) to work on /home/airflow/.local/lib/python3.7/site-packages/airflow/example_dags/example_latest_only_with_trigger.py
[2022-08-08 07:11:45,818] {processor.py:642} INFO - Processing file /home/airflow/.local/lib/python3.7/site-packages/airflow/example_dags/example_latest_only_with_trigger.py for tasks to queue
[2022-08-08 07:11:45,821] {logging_mixin.py:109} INFO - [2022-08-08 07:11:45,820] {dagbag.py:500} INFO - Filling up the DagBag from /home/airflow/.local/lib/python3.7/site-packages/airflow/example_dags/example_latest_only_with_trigger.py
[2022-08-08 07:11:45,949] {processor.py:654} INFO - DAG(s) dict_keys(['latest_only_with_trigger']) retrieved from /home/airflow/.local/lib/python3.7/site-packages/airflow/example_dags/example_latest_only_with_trigger.py
[2022-08-08 07:11:45,960] {logging_mixin.py:109} INFO - [2022-08-08 07:11:45,960] {dag.py:2396} INFO - Sync 1 DAGs
[2022-08-08 07:11:45,976] {logging_mixin.py:109} INFO - [2022-08-08 07:11:45,976] {dag.py:2935} INFO - Setting next_dagrun for latest_only_with_trigger to 2022-08-08T03:11:45.976255+00:00
[2022-08-08 07:11:45,991] {processor.py:171} INFO - Processing /home/airflow/.local/lib/python3.7/site-packages/airflow/example_dags/example_latest_only_with_trigger.py took 0.181 seconds
[2022-08-08 09:12:27,648] {processor.py:163} INFO - Started process (PID=2139) to work on /home/airflow/.local/lib/python3.7/site-packages/airflow/example_dags/example_latest_only_with_trigger.py
[2022-08-08 09:12:27,653] {processor.py:642} INFO - Processing file /home/airflow/.local/lib/python3.7/site-packages/airflow/example_dags/example_latest_only_with_trigger.py for tasks to queue
[2022-08-08 09:12:27,656] {logging_mixin.py:109} INFO - [2022-08-08 09:12:27,656] {dagbag.py:500} INFO - Filling up the DagBag from /home/airflow/.local/lib/python3.7/site-packages/airflow/example_dags/example_latest_only_with_trigger.py
[2022-08-08 09:12:27,719] {processor.py:654} INFO - DAG(s) dict_keys(['latest_only_with_trigger']) retrieved from /home/airflow/.local/lib/python3.7/site-packages/airflow/example_dags/example_latest_only_with_trigger.py
[2022-08-08 09:12:27,742] {logging_mixin.py:109} INFO - [2022-08-08 09:12:27,742] {dag.py:2396} INFO - Sync 1 DAGs
[2022-08-08 09:12:27,778] {logging_mixin.py:109} INFO - [2022-08-08 09:12:27,778] {dag.py:2935} INFO - Setting next_dagrun for latest_only_with_trigger to 2022-08-08T05:12:27.777945+00:00
[2022-08-08 09:12:27,810] {processor.py:171} INFO - Processing /home/airflow/.local/lib/python3.7/site-packages/airflow/example_dags/example_latest_only_with_trigger.py took 0.168 seconds
[2022-08-08 09:16:13,344] {processor.py:163} INFO - Started process (PID=2170) to work on /home/airflow/.local/lib/python3.7/site-packages/airflow/example_dags/example_latest_only_with_trigger.py
[2022-08-08 09:16:13,347] {processor.py:642} INFO - Processing file /home/airflow/.local/lib/python3.7/site-packages/airflow/example_dags/example_latest_only_with_trigger.py for tasks to queue
[2022-08-08 09:16:13,354] {logging_mixin.py:109} INFO - [2022-08-08 09:16:13,354] {dagbag.py:500} INFO - Filling up the DagBag from /home/airflow/.local/lib/python3.7/site-packages/airflow/example_dags/example_latest_only_with_trigger.py
[2022-08-08 09:16:13,411] {processor.py:654} INFO - DAG(s) dict_keys(['latest_only_with_trigger']) retrieved from /home/airflow/.local/lib/python3.7/site-packages/airflow/example_dags/example_latest_only_with_trigger.py
[2022-08-08 09:16:13,431] {logging_mixin.py:109} INFO - [2022-08-08 09:16:13,431] {dag.py:2396} INFO - Sync 1 DAGs
[2022-08-08 09:16:13,466] {logging_mixin.py:109} INFO - [2022-08-08 09:16:13,465] {dag.py:2935} INFO - Setting next_dagrun for latest_only_with_trigger to 2022-08-08T05:16:13.465446+00:00
[2022-08-08 09:16:13,498] {processor.py:171} INFO - Processing /home/airflow/.local/lib/python3.7/site-packages/airflow/example_dags/example_latest_only_with_trigger.py took 0.168 seconds
