[2022-08-08 06:07:14,907] {processor.py:163} INFO - Started process (PID=92) to work on /home/airflow/.local/lib/python3.7/site-packages/airflow/example_dags/example_external_task_marker_dag.py
[2022-08-08 06:07:14,914] {processor.py:642} INFO - Processing file /home/airflow/.local/lib/python3.7/site-packages/airflow/example_dags/example_external_task_marker_dag.py for tasks to queue
[2022-08-08 06:07:14,920] {logging_mixin.py:109} INFO - [2022-08-08 06:07:14,919] {dagbag.py:500} INFO - Filling up the DagBag from /home/airflow/.local/lib/python3.7/site-packages/airflow/example_dags/example_external_task_marker_dag.py
[2022-08-08 06:07:15,119] {processor.py:654} INFO - DAG(s) dict_keys(['example_external_task_marker_parent', 'example_external_task_marker_child']) retrieved from /home/airflow/.local/lib/python3.7/site-packages/airflow/example_dags/example_external_task_marker_dag.py
[2022-08-08 06:07:15,271] {logging_mixin.py:109} INFO - [2022-08-08 06:07:15,271] {dag.py:2396} INFO - Sync 2 DAGs
[2022-08-08 06:07:15,387] {logging_mixin.py:109} INFO - [2022-08-08 06:07:15,387] {dag.py:2935} INFO - Setting next_dagrun for example_external_task_marker_child to None
[2022-08-08 06:07:15,392] {logging_mixin.py:109} INFO - [2022-08-08 06:07:15,391] {dag.py:2935} INFO - Setting next_dagrun for example_external_task_marker_parent to None
[2022-08-08 06:07:15,478] {processor.py:171} INFO - Processing /home/airflow/.local/lib/python3.7/site-packages/airflow/example_dags/example_external_task_marker_dag.py took 0.581 seconds
[2022-08-08 06:07:46,602] {processor.py:163} INFO - Started process (PID=142) to work on /home/airflow/.local/lib/python3.7/site-packages/airflow/example_dags/example_external_task_marker_dag.py
[2022-08-08 06:07:46,610] {processor.py:642} INFO - Processing file /home/airflow/.local/lib/python3.7/site-packages/airflow/example_dags/example_external_task_marker_dag.py for tasks to queue
[2022-08-08 06:07:46,612] {logging_mixin.py:109} INFO - [2022-08-08 06:07:46,612] {dagbag.py:500} INFO - Filling up the DagBag from /home/airflow/.local/lib/python3.7/site-packages/airflow/example_dags/example_external_task_marker_dag.py
[2022-08-08 06:07:46,851] {processor.py:654} INFO - DAG(s) dict_keys(['example_external_task_marker_parent', 'example_external_task_marker_child']) retrieved from /home/airflow/.local/lib/python3.7/site-packages/airflow/example_dags/example_external_task_marker_dag.py
[2022-08-08 06:07:46,956] {logging_mixin.py:109} INFO - [2022-08-08 06:07:46,956] {dag.py:2396} INFO - Sync 2 DAGs
[2022-08-08 06:07:47,019] {logging_mixin.py:109} INFO - [2022-08-08 06:07:47,019] {dag.py:2935} INFO - Setting next_dagrun for example_external_task_marker_child to None
[2022-08-08 06:07:47,020] {logging_mixin.py:109} INFO - [2022-08-08 06:07:47,020] {dag.py:2935} INFO - Setting next_dagrun for example_external_task_marker_parent to None
[2022-08-08 06:07:47,056] {processor.py:171} INFO - Processing /home/airflow/.local/lib/python3.7/site-packages/airflow/example_dags/example_external_task_marker_dag.py took 0.483 seconds
[2022-08-08 06:08:17,282] {processor.py:163} INFO - Started process (PID=211) to work on /home/airflow/.local/lib/python3.7/site-packages/airflow/example_dags/example_external_task_marker_dag.py
[2022-08-08 06:08:17,285] {processor.py:642} INFO - Processing file /home/airflow/.local/lib/python3.7/site-packages/airflow/example_dags/example_external_task_marker_dag.py for tasks to queue
[2022-08-08 06:08:17,288] {logging_mixin.py:109} INFO - [2022-08-08 06:08:17,288] {dagbag.py:500} INFO - Filling up the DagBag from /home/airflow/.local/lib/python3.7/site-packages/airflow/example_dags/example_external_task_marker_dag.py
[2022-08-08 06:08:17,362] {processor.py:654} INFO - DAG(s) dict_keys(['example_external_task_marker_parent', 'example_external_task_marker_child']) retrieved from /home/airflow/.local/lib/python3.7/site-packages/airflow/example_dags/example_external_task_marker_dag.py
[2022-08-08 06:08:17,398] {logging_mixin.py:109} INFO - [2022-08-08 06:08:17,398] {dag.py:2396} INFO - Sync 2 DAGs
[2022-08-08 06:08:17,436] {logging_mixin.py:109} INFO - [2022-08-08 06:08:17,436] {dag.py:2935} INFO - Setting next_dagrun for example_external_task_marker_child to None
[2022-08-08 06:08:17,440] {logging_mixin.py:109} INFO - [2022-08-08 06:08:17,440] {dag.py:2935} INFO - Setting next_dagrun for example_external_task_marker_parent to None
[2022-08-08 06:08:17,466] {processor.py:171} INFO - Processing /home/airflow/.local/lib/python3.7/site-packages/airflow/example_dags/example_external_task_marker_dag.py took 0.198 seconds
[2022-08-08 06:08:47,925] {processor.py:163} INFO - Started process (PID=271) to work on /home/airflow/.local/lib/python3.7/site-packages/airflow/example_dags/example_external_task_marker_dag.py
[2022-08-08 06:08:47,927] {processor.py:642} INFO - Processing file /home/airflow/.local/lib/python3.7/site-packages/airflow/example_dags/example_external_task_marker_dag.py for tasks to queue
[2022-08-08 06:08:47,929] {logging_mixin.py:109} INFO - [2022-08-08 06:08:47,929] {dagbag.py:500} INFO - Filling up the DagBag from /home/airflow/.local/lib/python3.7/site-packages/airflow/example_dags/example_external_task_marker_dag.py
[2022-08-08 06:08:47,968] {processor.py:654} INFO - DAG(s) dict_keys(['example_external_task_marker_parent', 'example_external_task_marker_child']) retrieved from /home/airflow/.local/lib/python3.7/site-packages/airflow/example_dags/example_external_task_marker_dag.py
[2022-08-08 06:08:47,987] {logging_mixin.py:109} INFO - [2022-08-08 06:08:47,987] {dag.py:2396} INFO - Sync 2 DAGs
[2022-08-08 06:08:48,004] {logging_mixin.py:109} INFO - [2022-08-08 06:08:48,004] {dag.py:2935} INFO - Setting next_dagrun for example_external_task_marker_child to None
[2022-08-08 06:08:48,005] {logging_mixin.py:109} INFO - [2022-08-08 06:08:48,005] {dag.py:2935} INFO - Setting next_dagrun for example_external_task_marker_parent to None
[2022-08-08 06:08:48,018] {processor.py:171} INFO - Processing /home/airflow/.local/lib/python3.7/site-packages/airflow/example_dags/example_external_task_marker_dag.py took 0.096 seconds
[2022-08-08 06:09:18,404] {processor.py:163} INFO - Started process (PID=331) to work on /home/airflow/.local/lib/python3.7/site-packages/airflow/example_dags/example_external_task_marker_dag.py
[2022-08-08 06:09:18,417] {processor.py:642} INFO - Processing file /home/airflow/.local/lib/python3.7/site-packages/airflow/example_dags/example_external_task_marker_dag.py for tasks to queue
[2022-08-08 06:09:18,422] {logging_mixin.py:109} INFO - [2022-08-08 06:09:18,421] {dagbag.py:500} INFO - Filling up the DagBag from /home/airflow/.local/lib/python3.7/site-packages/airflow/example_dags/example_external_task_marker_dag.py
[2022-08-08 06:09:18,458] {processor.py:654} INFO - DAG(s) dict_keys(['example_external_task_marker_parent', 'example_external_task_marker_child']) retrieved from /home/airflow/.local/lib/python3.7/site-packages/airflow/example_dags/example_external_task_marker_dag.py
[2022-08-08 06:09:18,475] {logging_mixin.py:109} INFO - [2022-08-08 06:09:18,475] {dag.py:2396} INFO - Sync 2 DAGs
[2022-08-08 06:09:18,498] {logging_mixin.py:109} INFO - [2022-08-08 06:09:18,498] {dag.py:2935} INFO - Setting next_dagrun for example_external_task_marker_child to None
[2022-08-08 06:09:18,499] {logging_mixin.py:109} INFO - [2022-08-08 06:09:18,499] {dag.py:2935} INFO - Setting next_dagrun for example_external_task_marker_parent to None
[2022-08-08 06:09:18,510] {processor.py:171} INFO - Processing /home/airflow/.local/lib/python3.7/site-packages/airflow/example_dags/example_external_task_marker_dag.py took 0.111 seconds
[2022-08-08 06:09:48,754] {processor.py:163} INFO - Started process (PID=401) to work on /home/airflow/.local/lib/python3.7/site-packages/airflow/example_dags/example_external_task_marker_dag.py
[2022-08-08 06:09:48,757] {processor.py:642} INFO - Processing file /home/airflow/.local/lib/python3.7/site-packages/airflow/example_dags/example_external_task_marker_dag.py for tasks to queue
[2022-08-08 06:09:48,759] {logging_mixin.py:109} INFO - [2022-08-08 06:09:48,759] {dagbag.py:500} INFO - Filling up the DagBag from /home/airflow/.local/lib/python3.7/site-packages/airflow/example_dags/example_external_task_marker_dag.py
[2022-08-08 06:09:48,788] {processor.py:654} INFO - DAG(s) dict_keys(['example_external_task_marker_parent', 'example_external_task_marker_child']) retrieved from /home/airflow/.local/lib/python3.7/site-packages/airflow/example_dags/example_external_task_marker_dag.py
[2022-08-08 06:09:48,802] {logging_mixin.py:109} INFO - [2022-08-08 06:09:48,802] {dag.py:2396} INFO - Sync 2 DAGs
[2022-08-08 06:09:48,819] {logging_mixin.py:109} INFO - [2022-08-08 06:09:48,819] {dag.py:2935} INFO - Setting next_dagrun for example_external_task_marker_child to None
[2022-08-08 06:09:48,820] {logging_mixin.py:109} INFO - [2022-08-08 06:09:48,820] {dag.py:2935} INFO - Setting next_dagrun for example_external_task_marker_parent to None
[2022-08-08 06:09:48,830] {processor.py:171} INFO - Processing /home/airflow/.local/lib/python3.7/site-packages/airflow/example_dags/example_external_task_marker_dag.py took 0.079 seconds
[2022-08-08 06:10:18,941] {processor.py:163} INFO - Started process (PID=461) to work on /home/airflow/.local/lib/python3.7/site-packages/airflow/example_dags/example_external_task_marker_dag.py
[2022-08-08 06:10:18,945] {processor.py:642} INFO - Processing file /home/airflow/.local/lib/python3.7/site-packages/airflow/example_dags/example_external_task_marker_dag.py for tasks to queue
[2022-08-08 06:10:18,950] {logging_mixin.py:109} INFO - [2022-08-08 06:10:18,950] {dagbag.py:500} INFO - Filling up the DagBag from /home/airflow/.local/lib/python3.7/site-packages/airflow/example_dags/example_external_task_marker_dag.py
[2022-08-08 06:10:18,993] {processor.py:654} INFO - DAG(s) dict_keys(['example_external_task_marker_parent', 'example_external_task_marker_child']) retrieved from /home/airflow/.local/lib/python3.7/site-packages/airflow/example_dags/example_external_task_marker_dag.py
[2022-08-08 06:10:19,019] {logging_mixin.py:109} INFO - [2022-08-08 06:10:19,019] {dag.py:2396} INFO - Sync 2 DAGs
[2022-08-08 06:10:19,036] {logging_mixin.py:109} INFO - [2022-08-08 06:10:19,036] {dag.py:2935} INFO - Setting next_dagrun for example_external_task_marker_child to None
[2022-08-08 06:10:19,037] {logging_mixin.py:109} INFO - [2022-08-08 06:10:19,037] {dag.py:2935} INFO - Setting next_dagrun for example_external_task_marker_parent to None
[2022-08-08 06:10:19,048] {processor.py:171} INFO - Processing /home/airflow/.local/lib/python3.7/site-packages/airflow/example_dags/example_external_task_marker_dag.py took 0.113 seconds
[2022-08-08 06:10:50,049] {processor.py:163} INFO - Started process (PID=531) to work on /home/airflow/.local/lib/python3.7/site-packages/airflow/example_dags/example_external_task_marker_dag.py
[2022-08-08 06:10:50,054] {processor.py:642} INFO - Processing file /home/airflow/.local/lib/python3.7/site-packages/airflow/example_dags/example_external_task_marker_dag.py for tasks to queue
[2022-08-08 06:10:50,056] {logging_mixin.py:109} INFO - [2022-08-08 06:10:50,056] {dagbag.py:500} INFO - Filling up the DagBag from /home/airflow/.local/lib/python3.7/site-packages/airflow/example_dags/example_external_task_marker_dag.py
[2022-08-08 06:10:50,109] {processor.py:654} INFO - DAG(s) dict_keys(['example_external_task_marker_parent', 'example_external_task_marker_child']) retrieved from /home/airflow/.local/lib/python3.7/site-packages/airflow/example_dags/example_external_task_marker_dag.py
[2022-08-08 06:10:50,131] {logging_mixin.py:109} INFO - [2022-08-08 06:10:50,131] {dag.py:2396} INFO - Sync 2 DAGs
[2022-08-08 06:10:50,153] {logging_mixin.py:109} INFO - [2022-08-08 06:10:50,152] {dag.py:2935} INFO - Setting next_dagrun for example_external_task_marker_child to None
[2022-08-08 06:10:50,154] {logging_mixin.py:109} INFO - [2022-08-08 06:10:50,154] {dag.py:2935} INFO - Setting next_dagrun for example_external_task_marker_parent to None
[2022-08-08 06:10:50,170] {processor.py:171} INFO - Processing /home/airflow/.local/lib/python3.7/site-packages/airflow/example_dags/example_external_task_marker_dag.py took 0.131 seconds
[2022-08-08 06:11:20,572] {processor.py:163} INFO - Started process (PID=592) to work on /home/airflow/.local/lib/python3.7/site-packages/airflow/example_dags/example_external_task_marker_dag.py
[2022-08-08 06:11:20,574] {processor.py:642} INFO - Processing file /home/airflow/.local/lib/python3.7/site-packages/airflow/example_dags/example_external_task_marker_dag.py for tasks to queue
[2022-08-08 06:11:20,576] {logging_mixin.py:109} INFO - [2022-08-08 06:11:20,576] {dagbag.py:500} INFO - Filling up the DagBag from /home/airflow/.local/lib/python3.7/site-packages/airflow/example_dags/example_external_task_marker_dag.py
[2022-08-08 06:11:20,614] {processor.py:654} INFO - DAG(s) dict_keys(['example_external_task_marker_parent', 'example_external_task_marker_child']) retrieved from /home/airflow/.local/lib/python3.7/site-packages/airflow/example_dags/example_external_task_marker_dag.py
[2022-08-08 06:11:20,632] {logging_mixin.py:109} INFO - [2022-08-08 06:11:20,632] {dag.py:2396} INFO - Sync 2 DAGs
[2022-08-08 06:11:20,653] {logging_mixin.py:109} INFO - [2022-08-08 06:11:20,653] {dag.py:2935} INFO - Setting next_dagrun for example_external_task_marker_child to None
[2022-08-08 06:11:20,654] {logging_mixin.py:109} INFO - [2022-08-08 06:11:20,654] {dag.py:2935} INFO - Setting next_dagrun for example_external_task_marker_parent to None
[2022-08-08 06:11:20,667] {processor.py:171} INFO - Processing /home/airflow/.local/lib/python3.7/site-packages/airflow/example_dags/example_external_task_marker_dag.py took 0.098 seconds
[2022-08-08 06:11:51,181] {processor.py:163} INFO - Started process (PID=652) to work on /home/airflow/.local/lib/python3.7/site-packages/airflow/example_dags/example_external_task_marker_dag.py
[2022-08-08 06:11:51,183] {processor.py:642} INFO - Processing file /home/airflow/.local/lib/python3.7/site-packages/airflow/example_dags/example_external_task_marker_dag.py for tasks to queue
[2022-08-08 06:11:51,185] {logging_mixin.py:109} INFO - [2022-08-08 06:11:51,185] {dagbag.py:500} INFO - Filling up the DagBag from /home/airflow/.local/lib/python3.7/site-packages/airflow/example_dags/example_external_task_marker_dag.py
[2022-08-08 06:11:51,214] {processor.py:654} INFO - DAG(s) dict_keys(['example_external_task_marker_parent', 'example_external_task_marker_child']) retrieved from /home/airflow/.local/lib/python3.7/site-packages/airflow/example_dags/example_external_task_marker_dag.py
[2022-08-08 06:11:51,228] {logging_mixin.py:109} INFO - [2022-08-08 06:11:51,228] {dag.py:2396} INFO - Sync 2 DAGs
[2022-08-08 06:11:51,245] {logging_mixin.py:109} INFO - [2022-08-08 06:11:51,245] {dag.py:2935} INFO - Setting next_dagrun for example_external_task_marker_child to None
[2022-08-08 06:11:51,246] {logging_mixin.py:109} INFO - [2022-08-08 06:11:51,246] {dag.py:2935} INFO - Setting next_dagrun for example_external_task_marker_parent to None
[2022-08-08 06:11:51,257] {processor.py:171} INFO - Processing /home/airflow/.local/lib/python3.7/site-packages/airflow/example_dags/example_external_task_marker_dag.py took 0.079 seconds
[2022-08-08 06:12:21,687] {processor.py:163} INFO - Started process (PID=721) to work on /home/airflow/.local/lib/python3.7/site-packages/airflow/example_dags/example_external_task_marker_dag.py
[2022-08-08 06:12:21,689] {processor.py:642} INFO - Processing file /home/airflow/.local/lib/python3.7/site-packages/airflow/example_dags/example_external_task_marker_dag.py for tasks to queue
[2022-08-08 06:12:21,691] {logging_mixin.py:109} INFO - [2022-08-08 06:12:21,691] {dagbag.py:500} INFO - Filling up the DagBag from /home/airflow/.local/lib/python3.7/site-packages/airflow/example_dags/example_external_task_marker_dag.py
[2022-08-08 06:12:21,725] {processor.py:654} INFO - DAG(s) dict_keys(['example_external_task_marker_parent', 'example_external_task_marker_child']) retrieved from /home/airflow/.local/lib/python3.7/site-packages/airflow/example_dags/example_external_task_marker_dag.py
[2022-08-08 06:12:21,741] {logging_mixin.py:109} INFO - [2022-08-08 06:12:21,741] {dag.py:2396} INFO - Sync 2 DAGs
[2022-08-08 06:12:21,766] {logging_mixin.py:109} INFO - [2022-08-08 06:12:21,766] {dag.py:2935} INFO - Setting next_dagrun for example_external_task_marker_child to None
[2022-08-08 06:12:21,768] {logging_mixin.py:109} INFO - [2022-08-08 06:12:21,768] {dag.py:2935} INFO - Setting next_dagrun for example_external_task_marker_parent to None
[2022-08-08 06:12:21,786] {processor.py:171} INFO - Processing /home/airflow/.local/lib/python3.7/site-packages/airflow/example_dags/example_external_task_marker_dag.py took 0.103 seconds
[2022-08-08 06:12:52,301] {processor.py:163} INFO - Started process (PID=781) to work on /home/airflow/.local/lib/python3.7/site-packages/airflow/example_dags/example_external_task_marker_dag.py
[2022-08-08 06:12:52,303] {processor.py:642} INFO - Processing file /home/airflow/.local/lib/python3.7/site-packages/airflow/example_dags/example_external_task_marker_dag.py for tasks to queue
[2022-08-08 06:12:52,305] {logging_mixin.py:109} INFO - [2022-08-08 06:12:52,305] {dagbag.py:500} INFO - Filling up the DagBag from /home/airflow/.local/lib/python3.7/site-packages/airflow/example_dags/example_external_task_marker_dag.py
[2022-08-08 06:12:52,333] {processor.py:654} INFO - DAG(s) dict_keys(['example_external_task_marker_parent', 'example_external_task_marker_child']) retrieved from /home/airflow/.local/lib/python3.7/site-packages/airflow/example_dags/example_external_task_marker_dag.py
[2022-08-08 06:12:52,349] {logging_mixin.py:109} INFO - [2022-08-08 06:12:52,349] {dag.py:2396} INFO - Sync 2 DAGs
[2022-08-08 06:12:52,369] {logging_mixin.py:109} INFO - [2022-08-08 06:12:52,369] {dag.py:2935} INFO - Setting next_dagrun for example_external_task_marker_child to None
[2022-08-08 06:12:52,370] {logging_mixin.py:109} INFO - [2022-08-08 06:12:52,370] {dag.py:2935} INFO - Setting next_dagrun for example_external_task_marker_parent to None
[2022-08-08 06:12:52,382] {processor.py:171} INFO - Processing /home/airflow/.local/lib/python3.7/site-packages/airflow/example_dags/example_external_task_marker_dag.py took 0.085 seconds
[2022-08-08 06:13:22,861] {processor.py:163} INFO - Started process (PID=851) to work on /home/airflow/.local/lib/python3.7/site-packages/airflow/example_dags/example_external_task_marker_dag.py
[2022-08-08 06:13:22,862] {processor.py:642} INFO - Processing file /home/airflow/.local/lib/python3.7/site-packages/airflow/example_dags/example_external_task_marker_dag.py for tasks to queue
[2022-08-08 06:13:22,864] {logging_mixin.py:109} INFO - [2022-08-08 06:13:22,864] {dagbag.py:500} INFO - Filling up the DagBag from /home/airflow/.local/lib/python3.7/site-packages/airflow/example_dags/example_external_task_marker_dag.py
[2022-08-08 06:13:22,899] {processor.py:654} INFO - DAG(s) dict_keys(['example_external_task_marker_parent', 'example_external_task_marker_child']) retrieved from /home/airflow/.local/lib/python3.7/site-packages/airflow/example_dags/example_external_task_marker_dag.py
[2022-08-08 06:13:22,916] {logging_mixin.py:109} INFO - [2022-08-08 06:13:22,915] {dag.py:2396} INFO - Sync 2 DAGs
[2022-08-08 06:13:22,934] {logging_mixin.py:109} INFO - [2022-08-08 06:13:22,933] {dag.py:2935} INFO - Setting next_dagrun for example_external_task_marker_child to None
[2022-08-08 06:13:22,935] {logging_mixin.py:109} INFO - [2022-08-08 06:13:22,935] {dag.py:2935} INFO - Setting next_dagrun for example_external_task_marker_parent to None
[2022-08-08 06:13:22,950] {processor.py:171} INFO - Processing /home/airflow/.local/lib/python3.7/site-packages/airflow/example_dags/example_external_task_marker_dag.py took 0.093 seconds
[2022-08-08 06:13:53,359] {processor.py:163} INFO - Started process (PID=911) to work on /home/airflow/.local/lib/python3.7/site-packages/airflow/example_dags/example_external_task_marker_dag.py
[2022-08-08 06:13:53,361] {processor.py:642} INFO - Processing file /home/airflow/.local/lib/python3.7/site-packages/airflow/example_dags/example_external_task_marker_dag.py for tasks to queue
[2022-08-08 06:13:53,364] {logging_mixin.py:109} INFO - [2022-08-08 06:13:53,364] {dagbag.py:500} INFO - Filling up the DagBag from /home/airflow/.local/lib/python3.7/site-packages/airflow/example_dags/example_external_task_marker_dag.py
[2022-08-08 06:13:53,418] {processor.py:654} INFO - DAG(s) dict_keys(['example_external_task_marker_parent', 'example_external_task_marker_child']) retrieved from /home/airflow/.local/lib/python3.7/site-packages/airflow/example_dags/example_external_task_marker_dag.py
[2022-08-08 06:13:53,443] {logging_mixin.py:109} INFO - [2022-08-08 06:13:53,443] {dag.py:2396} INFO - Sync 2 DAGs
[2022-08-08 06:13:53,460] {logging_mixin.py:109} INFO - [2022-08-08 06:13:53,460] {dag.py:2935} INFO - Setting next_dagrun for example_external_task_marker_child to None
[2022-08-08 06:13:53,462] {logging_mixin.py:109} INFO - [2022-08-08 06:13:53,462] {dag.py:2935} INFO - Setting next_dagrun for example_external_task_marker_parent to None
[2022-08-08 06:13:53,471] {processor.py:171} INFO - Processing /home/airflow/.local/lib/python3.7/site-packages/airflow/example_dags/example_external_task_marker_dag.py took 0.116 seconds
[2022-08-08 06:14:23,724] {processor.py:163} INFO - Started process (PID=979) to work on /home/airflow/.local/lib/python3.7/site-packages/airflow/example_dags/example_external_task_marker_dag.py
[2022-08-08 06:14:23,727] {processor.py:642} INFO - Processing file /home/airflow/.local/lib/python3.7/site-packages/airflow/example_dags/example_external_task_marker_dag.py for tasks to queue
[2022-08-08 06:14:23,729] {logging_mixin.py:109} INFO - [2022-08-08 06:14:23,729] {dagbag.py:500} INFO - Filling up the DagBag from /home/airflow/.local/lib/python3.7/site-packages/airflow/example_dags/example_external_task_marker_dag.py
[2022-08-08 06:14:23,768] {processor.py:654} INFO - DAG(s) dict_keys(['example_external_task_marker_parent', 'example_external_task_marker_child']) retrieved from /home/airflow/.local/lib/python3.7/site-packages/airflow/example_dags/example_external_task_marker_dag.py
[2022-08-08 06:14:23,788] {logging_mixin.py:109} INFO - [2022-08-08 06:14:23,788] {dag.py:2396} INFO - Sync 2 DAGs
[2022-08-08 06:14:23,811] {logging_mixin.py:109} INFO - [2022-08-08 06:14:23,811] {dag.py:2935} INFO - Setting next_dagrun for example_external_task_marker_child to None
[2022-08-08 06:14:23,812] {logging_mixin.py:109} INFO - [2022-08-08 06:14:23,812] {dag.py:2935} INFO - Setting next_dagrun for example_external_task_marker_parent to None
[2022-08-08 06:14:23,825] {processor.py:171} INFO - Processing /home/airflow/.local/lib/python3.7/site-packages/airflow/example_dags/example_external_task_marker_dag.py took 0.105 seconds
[2022-08-08 06:14:54,308] {processor.py:163} INFO - Started process (PID=1039) to work on /home/airflow/.local/lib/python3.7/site-packages/airflow/example_dags/example_external_task_marker_dag.py
[2022-08-08 06:14:54,310] {processor.py:642} INFO - Processing file /home/airflow/.local/lib/python3.7/site-packages/airflow/example_dags/example_external_task_marker_dag.py for tasks to queue
[2022-08-08 06:14:54,311] {logging_mixin.py:109} INFO - [2022-08-08 06:14:54,311] {dagbag.py:500} INFO - Filling up the DagBag from /home/airflow/.local/lib/python3.7/site-packages/airflow/example_dags/example_external_task_marker_dag.py
[2022-08-08 06:14:54,351] {processor.py:654} INFO - DAG(s) dict_keys(['example_external_task_marker_parent', 'example_external_task_marker_child']) retrieved from /home/airflow/.local/lib/python3.7/site-packages/airflow/example_dags/example_external_task_marker_dag.py
[2022-08-08 06:14:54,373] {logging_mixin.py:109} INFO - [2022-08-08 06:14:54,373] {dag.py:2396} INFO - Sync 2 DAGs
[2022-08-08 06:14:54,393] {logging_mixin.py:109} INFO - [2022-08-08 06:14:54,393] {dag.py:2935} INFO - Setting next_dagrun for example_external_task_marker_child to None
[2022-08-08 06:14:54,395] {logging_mixin.py:109} INFO - [2022-08-08 06:14:54,395] {dag.py:2935} INFO - Setting next_dagrun for example_external_task_marker_parent to None
[2022-08-08 06:14:54,410] {processor.py:171} INFO - Processing /home/airflow/.local/lib/python3.7/site-packages/airflow/example_dags/example_external_task_marker_dag.py took 0.106 seconds
[2022-08-08 06:15:24,638] {processor.py:163} INFO - Started process (PID=1108) to work on /home/airflow/.local/lib/python3.7/site-packages/airflow/example_dags/example_external_task_marker_dag.py
[2022-08-08 06:15:24,641] {processor.py:642} INFO - Processing file /home/airflow/.local/lib/python3.7/site-packages/airflow/example_dags/example_external_task_marker_dag.py for tasks to queue
[2022-08-08 06:15:24,643] {logging_mixin.py:109} INFO - [2022-08-08 06:15:24,643] {dagbag.py:500} INFO - Filling up the DagBag from /home/airflow/.local/lib/python3.7/site-packages/airflow/example_dags/example_external_task_marker_dag.py
[2022-08-08 06:15:24,680] {processor.py:654} INFO - DAG(s) dict_keys(['example_external_task_marker_parent', 'example_external_task_marker_child']) retrieved from /home/airflow/.local/lib/python3.7/site-packages/airflow/example_dags/example_external_task_marker_dag.py
[2022-08-08 06:15:24,697] {logging_mixin.py:109} INFO - [2022-08-08 06:15:24,697] {dag.py:2396} INFO - Sync 2 DAGs
[2022-08-08 06:15:24,719] {logging_mixin.py:109} INFO - [2022-08-08 06:15:24,719] {dag.py:2935} INFO - Setting next_dagrun for example_external_task_marker_child to None
[2022-08-08 06:15:24,721] {logging_mixin.py:109} INFO - [2022-08-08 06:15:24,721] {dag.py:2935} INFO - Setting next_dagrun for example_external_task_marker_parent to None
[2022-08-08 06:15:24,735] {processor.py:171} INFO - Processing /home/airflow/.local/lib/python3.7/site-packages/airflow/example_dags/example_external_task_marker_dag.py took 0.106 seconds
[2022-08-08 06:15:54,766] {processor.py:163} INFO - Started process (PID=1169) to work on /home/airflow/.local/lib/python3.7/site-packages/airflow/example_dags/example_external_task_marker_dag.py
[2022-08-08 06:15:54,769] {processor.py:642} INFO - Processing file /home/airflow/.local/lib/python3.7/site-packages/airflow/example_dags/example_external_task_marker_dag.py for tasks to queue
[2022-08-08 06:15:54,770] {logging_mixin.py:109} INFO - [2022-08-08 06:15:54,770] {dagbag.py:500} INFO - Filling up the DagBag from /home/airflow/.local/lib/python3.7/site-packages/airflow/example_dags/example_external_task_marker_dag.py
[2022-08-08 06:15:54,797] {processor.py:654} INFO - DAG(s) dict_keys(['example_external_task_marker_parent', 'example_external_task_marker_child']) retrieved from /home/airflow/.local/lib/python3.7/site-packages/airflow/example_dags/example_external_task_marker_dag.py
[2022-08-08 06:15:54,811] {logging_mixin.py:109} INFO - [2022-08-08 06:15:54,811] {dag.py:2396} INFO - Sync 2 DAGs
[2022-08-08 06:15:54,827] {logging_mixin.py:109} INFO - [2022-08-08 06:15:54,827] {dag.py:2935} INFO - Setting next_dagrun for example_external_task_marker_child to None
[2022-08-08 06:15:54,828] {logging_mixin.py:109} INFO - [2022-08-08 06:15:54,828] {dag.py:2935} INFO - Setting next_dagrun for example_external_task_marker_parent to None
[2022-08-08 06:15:54,838] {processor.py:171} INFO - Processing /home/airflow/.local/lib/python3.7/site-packages/airflow/example_dags/example_external_task_marker_dag.py took 0.075 seconds
[2022-08-08 06:16:25,725] {processor.py:163} INFO - Started process (PID=1229) to work on /home/airflow/.local/lib/python3.7/site-packages/airflow/example_dags/example_external_task_marker_dag.py
[2022-08-08 06:16:25,727] {processor.py:642} INFO - Processing file /home/airflow/.local/lib/python3.7/site-packages/airflow/example_dags/example_external_task_marker_dag.py for tasks to queue
[2022-08-08 06:16:25,729] {logging_mixin.py:109} INFO - [2022-08-08 06:16:25,729] {dagbag.py:500} INFO - Filling up the DagBag from /home/airflow/.local/lib/python3.7/site-packages/airflow/example_dags/example_external_task_marker_dag.py
[2022-08-08 06:16:25,761] {processor.py:654} INFO - DAG(s) dict_keys(['example_external_task_marker_parent', 'example_external_task_marker_child']) retrieved from /home/airflow/.local/lib/python3.7/site-packages/airflow/example_dags/example_external_task_marker_dag.py
[2022-08-08 06:16:25,776] {logging_mixin.py:109} INFO - [2022-08-08 06:16:25,776] {dag.py:2396} INFO - Sync 2 DAGs
[2022-08-08 06:16:25,795] {logging_mixin.py:109} INFO - [2022-08-08 06:16:25,795] {dag.py:2935} INFO - Setting next_dagrun for example_external_task_marker_child to None
[2022-08-08 06:16:25,796] {logging_mixin.py:109} INFO - [2022-08-08 06:16:25,796] {dag.py:2935} INFO - Setting next_dagrun for example_external_task_marker_parent to None
[2022-08-08 06:16:25,809] {processor.py:171} INFO - Processing /home/airflow/.local/lib/python3.7/site-packages/airflow/example_dags/example_external_task_marker_dag.py took 0.087 seconds
[2022-08-08 06:16:55,858] {processor.py:163} INFO - Started process (PID=1297) to work on /home/airflow/.local/lib/python3.7/site-packages/airflow/example_dags/example_external_task_marker_dag.py
[2022-08-08 06:16:55,860] {processor.py:642} INFO - Processing file /home/airflow/.local/lib/python3.7/site-packages/airflow/example_dags/example_external_task_marker_dag.py for tasks to queue
[2022-08-08 06:16:55,861] {logging_mixin.py:109} INFO - [2022-08-08 06:16:55,861] {dagbag.py:500} INFO - Filling up the DagBag from /home/airflow/.local/lib/python3.7/site-packages/airflow/example_dags/example_external_task_marker_dag.py
[2022-08-08 06:16:55,889] {processor.py:654} INFO - DAG(s) dict_keys(['example_external_task_marker_parent', 'example_external_task_marker_child']) retrieved from /home/airflow/.local/lib/python3.7/site-packages/airflow/example_dags/example_external_task_marker_dag.py
[2022-08-08 06:16:55,903] {logging_mixin.py:109} INFO - [2022-08-08 06:16:55,902] {dag.py:2396} INFO - Sync 2 DAGs
[2022-08-08 06:16:55,918] {logging_mixin.py:109} INFO - [2022-08-08 06:16:55,918] {dag.py:2935} INFO - Setting next_dagrun for example_external_task_marker_child to None
[2022-08-08 06:16:55,919] {logging_mixin.py:109} INFO - [2022-08-08 06:16:55,919] {dag.py:2935} INFO - Setting next_dagrun for example_external_task_marker_parent to None
[2022-08-08 06:16:55,930] {processor.py:171} INFO - Processing /home/airflow/.local/lib/python3.7/site-packages/airflow/example_dags/example_external_task_marker_dag.py took 0.076 seconds
[2022-08-08 06:17:26,011] {processor.py:163} INFO - Started process (PID=1358) to work on /home/airflow/.local/lib/python3.7/site-packages/airflow/example_dags/example_external_task_marker_dag.py
[2022-08-08 06:17:26,014] {processor.py:642} INFO - Processing file /home/airflow/.local/lib/python3.7/site-packages/airflow/example_dags/example_external_task_marker_dag.py for tasks to queue
[2022-08-08 06:17:26,015] {logging_mixin.py:109} INFO - [2022-08-08 06:17:26,015] {dagbag.py:500} INFO - Filling up the DagBag from /home/airflow/.local/lib/python3.7/site-packages/airflow/example_dags/example_external_task_marker_dag.py
[2022-08-08 06:17:26,044] {processor.py:654} INFO - DAG(s) dict_keys(['example_external_task_marker_parent', 'example_external_task_marker_child']) retrieved from /home/airflow/.local/lib/python3.7/site-packages/airflow/example_dags/example_external_task_marker_dag.py
[2022-08-08 06:17:26,057] {logging_mixin.py:109} INFO - [2022-08-08 06:17:26,057] {dag.py:2396} INFO - Sync 2 DAGs
[2022-08-08 06:17:26,074] {logging_mixin.py:109} INFO - [2022-08-08 06:17:26,074] {dag.py:2935} INFO - Setting next_dagrun for example_external_task_marker_child to None
[2022-08-08 06:17:26,076] {logging_mixin.py:109} INFO - [2022-08-08 06:17:26,076] {dag.py:2935} INFO - Setting next_dagrun for example_external_task_marker_parent to None
[2022-08-08 06:17:26,087] {processor.py:171} INFO - Processing /home/airflow/.local/lib/python3.7/site-packages/airflow/example_dags/example_external_task_marker_dag.py took 0.079 seconds
[2022-08-08 06:17:56,430] {processor.py:163} INFO - Started process (PID=1429) to work on /home/airflow/.local/lib/python3.7/site-packages/airflow/example_dags/example_external_task_marker_dag.py
[2022-08-08 06:17:56,433] {processor.py:642} INFO - Processing file /home/airflow/.local/lib/python3.7/site-packages/airflow/example_dags/example_external_task_marker_dag.py for tasks to queue
[2022-08-08 06:17:56,434] {logging_mixin.py:109} INFO - [2022-08-08 06:17:56,434] {dagbag.py:500} INFO - Filling up the DagBag from /home/airflow/.local/lib/python3.7/site-packages/airflow/example_dags/example_external_task_marker_dag.py
[2022-08-08 06:17:56,469] {processor.py:654} INFO - DAG(s) dict_keys(['example_external_task_marker_parent', 'example_external_task_marker_child']) retrieved from /home/airflow/.local/lib/python3.7/site-packages/airflow/example_dags/example_external_task_marker_dag.py
[2022-08-08 06:17:56,486] {logging_mixin.py:109} INFO - [2022-08-08 06:17:56,486] {dag.py:2396} INFO - Sync 2 DAGs
[2022-08-08 06:17:56,503] {logging_mixin.py:109} INFO - [2022-08-08 06:17:56,503] {dag.py:2935} INFO - Setting next_dagrun for example_external_task_marker_child to None
[2022-08-08 06:17:56,504] {logging_mixin.py:109} INFO - [2022-08-08 06:17:56,504] {dag.py:2935} INFO - Setting next_dagrun for example_external_task_marker_parent to None
[2022-08-08 06:17:56,515] {processor.py:171} INFO - Processing /home/airflow/.local/lib/python3.7/site-packages/airflow/example_dags/example_external_task_marker_dag.py took 0.089 seconds
[2022-08-08 06:18:26,833] {processor.py:163} INFO - Started process (PID=1490) to work on /home/airflow/.local/lib/python3.7/site-packages/airflow/example_dags/example_external_task_marker_dag.py
[2022-08-08 06:18:26,835] {processor.py:642} INFO - Processing file /home/airflow/.local/lib/python3.7/site-packages/airflow/example_dags/example_external_task_marker_dag.py for tasks to queue
[2022-08-08 06:18:26,836] {logging_mixin.py:109} INFO - [2022-08-08 06:18:26,836] {dagbag.py:500} INFO - Filling up the DagBag from /home/airflow/.local/lib/python3.7/site-packages/airflow/example_dags/example_external_task_marker_dag.py
[2022-08-08 06:18:26,877] {processor.py:654} INFO - DAG(s) dict_keys(['example_external_task_marker_parent', 'example_external_task_marker_child']) retrieved from /home/airflow/.local/lib/python3.7/site-packages/airflow/example_dags/example_external_task_marker_dag.py
[2022-08-08 06:18:26,897] {logging_mixin.py:109} INFO - [2022-08-08 06:18:26,897] {dag.py:2396} INFO - Sync 2 DAGs
[2022-08-08 06:18:26,917] {logging_mixin.py:109} INFO - [2022-08-08 06:18:26,917] {dag.py:2935} INFO - Setting next_dagrun for example_external_task_marker_child to None
[2022-08-08 06:18:26,918] {logging_mixin.py:109} INFO - [2022-08-08 06:18:26,918] {dag.py:2935} INFO - Setting next_dagrun for example_external_task_marker_parent to None
[2022-08-08 06:18:26,929] {processor.py:171} INFO - Processing /home/airflow/.local/lib/python3.7/site-packages/airflow/example_dags/example_external_task_marker_dag.py took 0.100 seconds
[2022-08-08 06:18:57,118] {processor.py:163} INFO - Started process (PID=1560) to work on /home/airflow/.local/lib/python3.7/site-packages/airflow/example_dags/example_external_task_marker_dag.py
[2022-08-08 06:18:57,120] {processor.py:642} INFO - Processing file /home/airflow/.local/lib/python3.7/site-packages/airflow/example_dags/example_external_task_marker_dag.py for tasks to queue
[2022-08-08 06:18:57,122] {logging_mixin.py:109} INFO - [2022-08-08 06:18:57,122] {dagbag.py:500} INFO - Filling up the DagBag from /home/airflow/.local/lib/python3.7/site-packages/airflow/example_dags/example_external_task_marker_dag.py
[2022-08-08 06:18:57,161] {processor.py:654} INFO - DAG(s) dict_keys(['example_external_task_marker_parent', 'example_external_task_marker_child']) retrieved from /home/airflow/.local/lib/python3.7/site-packages/airflow/example_dags/example_external_task_marker_dag.py
[2022-08-08 06:18:57,177] {logging_mixin.py:109} INFO - [2022-08-08 06:18:57,177] {dag.py:2396} INFO - Sync 2 DAGs
[2022-08-08 06:18:57,193] {logging_mixin.py:109} INFO - [2022-08-08 06:18:57,193] {dag.py:2935} INFO - Setting next_dagrun for example_external_task_marker_child to None
[2022-08-08 06:18:57,194] {logging_mixin.py:109} INFO - [2022-08-08 06:18:57,194] {dag.py:2935} INFO - Setting next_dagrun for example_external_task_marker_parent to None
[2022-08-08 06:18:57,224] {processor.py:171} INFO - Processing /home/airflow/.local/lib/python3.7/site-packages/airflow/example_dags/example_external_task_marker_dag.py took 0.109 seconds
[2022-08-08 06:19:27,405] {processor.py:163} INFO - Started process (PID=1622) to work on /home/airflow/.local/lib/python3.7/site-packages/airflow/example_dags/example_external_task_marker_dag.py
[2022-08-08 06:19:27,408] {processor.py:642} INFO - Processing file /home/airflow/.local/lib/python3.7/site-packages/airflow/example_dags/example_external_task_marker_dag.py for tasks to queue
[2022-08-08 06:19:27,410] {logging_mixin.py:109} INFO - [2022-08-08 06:19:27,410] {dagbag.py:500} INFO - Filling up the DagBag from /home/airflow/.local/lib/python3.7/site-packages/airflow/example_dags/example_external_task_marker_dag.py
[2022-08-08 06:19:27,442] {processor.py:654} INFO - DAG(s) dict_keys(['example_external_task_marker_parent', 'example_external_task_marker_child']) retrieved from /home/airflow/.local/lib/python3.7/site-packages/airflow/example_dags/example_external_task_marker_dag.py
[2022-08-08 06:19:27,457] {logging_mixin.py:109} INFO - [2022-08-08 06:19:27,456] {dag.py:2396} INFO - Sync 2 DAGs
[2022-08-08 06:19:27,472] {logging_mixin.py:109} INFO - [2022-08-08 06:19:27,472] {dag.py:2935} INFO - Setting next_dagrun for example_external_task_marker_child to None
[2022-08-08 06:19:27,474] {logging_mixin.py:109} INFO - [2022-08-08 06:19:27,473] {dag.py:2935} INFO - Setting next_dagrun for example_external_task_marker_parent to None
[2022-08-08 06:19:27,486] {processor.py:171} INFO - Processing /home/airflow/.local/lib/python3.7/site-packages/airflow/example_dags/example_external_task_marker_dag.py took 0.084 seconds
[2022-08-08 06:19:58,156] {processor.py:163} INFO - Started process (PID=1682) to work on /home/airflow/.local/lib/python3.7/site-packages/airflow/example_dags/example_external_task_marker_dag.py
[2022-08-08 06:19:58,159] {processor.py:642} INFO - Processing file /home/airflow/.local/lib/python3.7/site-packages/airflow/example_dags/example_external_task_marker_dag.py for tasks to queue
[2022-08-08 06:19:58,161] {logging_mixin.py:109} INFO - [2022-08-08 06:19:58,161] {dagbag.py:500} INFO - Filling up the DagBag from /home/airflow/.local/lib/python3.7/site-packages/airflow/example_dags/example_external_task_marker_dag.py
[2022-08-08 06:19:58,194] {processor.py:654} INFO - DAG(s) dict_keys(['example_external_task_marker_parent', 'example_external_task_marker_child']) retrieved from /home/airflow/.local/lib/python3.7/site-packages/airflow/example_dags/example_external_task_marker_dag.py
[2022-08-08 06:19:58,213] {logging_mixin.py:109} INFO - [2022-08-08 06:19:58,213] {dag.py:2396} INFO - Sync 2 DAGs
[2022-08-08 06:19:58,234] {logging_mixin.py:109} INFO - [2022-08-08 06:19:58,234] {dag.py:2935} INFO - Setting next_dagrun for example_external_task_marker_child to None
[2022-08-08 06:19:58,236] {logging_mixin.py:109} INFO - [2022-08-08 06:19:58,235] {dag.py:2935} INFO - Setting next_dagrun for example_external_task_marker_parent to None
[2022-08-08 06:19:58,252] {processor.py:171} INFO - Processing /home/airflow/.local/lib/python3.7/site-packages/airflow/example_dags/example_external_task_marker_dag.py took 0.099 seconds
[2022-08-08 06:20:28,341] {processor.py:163} INFO - Started process (PID=1752) to work on /home/airflow/.local/lib/python3.7/site-packages/airflow/example_dags/example_external_task_marker_dag.py
[2022-08-08 06:20:28,342] {processor.py:642} INFO - Processing file /home/airflow/.local/lib/python3.7/site-packages/airflow/example_dags/example_external_task_marker_dag.py for tasks to queue
[2022-08-08 06:20:28,344] {logging_mixin.py:109} INFO - [2022-08-08 06:20:28,343] {dagbag.py:500} INFO - Filling up the DagBag from /home/airflow/.local/lib/python3.7/site-packages/airflow/example_dags/example_external_task_marker_dag.py
[2022-08-08 06:20:28,381] {processor.py:654} INFO - DAG(s) dict_keys(['example_external_task_marker_parent', 'example_external_task_marker_child']) retrieved from /home/airflow/.local/lib/python3.7/site-packages/airflow/example_dags/example_external_task_marker_dag.py
[2022-08-08 06:20:28,396] {logging_mixin.py:109} INFO - [2022-08-08 06:20:28,396] {dag.py:2396} INFO - Sync 2 DAGs
[2022-08-08 06:20:28,418] {logging_mixin.py:109} INFO - [2022-08-08 06:20:28,418] {dag.py:2935} INFO - Setting next_dagrun for example_external_task_marker_child to None
[2022-08-08 06:20:28,419] {logging_mixin.py:109} INFO - [2022-08-08 06:20:28,419] {dag.py:2935} INFO - Setting next_dagrun for example_external_task_marker_parent to None
[2022-08-08 06:20:28,430] {processor.py:171} INFO - Processing /home/airflow/.local/lib/python3.7/site-packages/airflow/example_dags/example_external_task_marker_dag.py took 0.094 seconds
[2022-08-08 06:20:59,082] {processor.py:163} INFO - Started process (PID=1812) to work on /home/airflow/.local/lib/python3.7/site-packages/airflow/example_dags/example_external_task_marker_dag.py
[2022-08-08 06:20:59,084] {processor.py:642} INFO - Processing file /home/airflow/.local/lib/python3.7/site-packages/airflow/example_dags/example_external_task_marker_dag.py for tasks to queue
[2022-08-08 06:20:59,085] {logging_mixin.py:109} INFO - [2022-08-08 06:20:59,085] {dagbag.py:500} INFO - Filling up the DagBag from /home/airflow/.local/lib/python3.7/site-packages/airflow/example_dags/example_external_task_marker_dag.py
[2022-08-08 06:20:59,132] {processor.py:654} INFO - DAG(s) dict_keys(['example_external_task_marker_parent', 'example_external_task_marker_child']) retrieved from /home/airflow/.local/lib/python3.7/site-packages/airflow/example_dags/example_external_task_marker_dag.py
[2022-08-08 06:20:59,158] {logging_mixin.py:109} INFO - [2022-08-08 06:20:59,158] {dag.py:2396} INFO - Sync 2 DAGs
[2022-08-08 06:20:59,177] {logging_mixin.py:109} INFO - [2022-08-08 06:20:59,177] {dag.py:2935} INFO - Setting next_dagrun for example_external_task_marker_child to None
[2022-08-08 06:20:59,178] {logging_mixin.py:109} INFO - [2022-08-08 06:20:59,178] {dag.py:2935} INFO - Setting next_dagrun for example_external_task_marker_parent to None
[2022-08-08 06:20:59,191] {processor.py:171} INFO - Processing /home/airflow/.local/lib/python3.7/site-packages/airflow/example_dags/example_external_task_marker_dag.py took 0.113 seconds
[2022-08-08 06:21:29,465] {processor.py:163} INFO - Started process (PID=1881) to work on /home/airflow/.local/lib/python3.7/site-packages/airflow/example_dags/example_external_task_marker_dag.py
[2022-08-08 06:21:29,467] {processor.py:642} INFO - Processing file /home/airflow/.local/lib/python3.7/site-packages/airflow/example_dags/example_external_task_marker_dag.py for tasks to queue
[2022-08-08 06:21:29,469] {logging_mixin.py:109} INFO - [2022-08-08 06:21:29,469] {dagbag.py:500} INFO - Filling up the DagBag from /home/airflow/.local/lib/python3.7/site-packages/airflow/example_dags/example_external_task_marker_dag.py
[2022-08-08 06:21:29,500] {processor.py:654} INFO - DAG(s) dict_keys(['example_external_task_marker_parent', 'example_external_task_marker_child']) retrieved from /home/airflow/.local/lib/python3.7/site-packages/airflow/example_dags/example_external_task_marker_dag.py
[2022-08-08 06:21:29,515] {logging_mixin.py:109} INFO - [2022-08-08 06:21:29,515] {dag.py:2396} INFO - Sync 2 DAGs
[2022-08-08 06:21:29,534] {logging_mixin.py:109} INFO - [2022-08-08 06:21:29,533] {dag.py:2935} INFO - Setting next_dagrun for example_external_task_marker_child to None
[2022-08-08 06:21:29,535] {logging_mixin.py:109} INFO - [2022-08-08 06:21:29,535] {dag.py:2935} INFO - Setting next_dagrun for example_external_task_marker_parent to None
[2022-08-08 06:21:29,635] {processor.py:171} INFO - Processing /home/airflow/.local/lib/python3.7/site-packages/airflow/example_dags/example_external_task_marker_dag.py took 0.174 seconds
[2022-08-08 06:22:00,303] {processor.py:163} INFO - Started process (PID=1941) to work on /home/airflow/.local/lib/python3.7/site-packages/airflow/example_dags/example_external_task_marker_dag.py
[2022-08-08 06:22:00,306] {processor.py:642} INFO - Processing file /home/airflow/.local/lib/python3.7/site-packages/airflow/example_dags/example_external_task_marker_dag.py for tasks to queue
[2022-08-08 06:22:00,311] {logging_mixin.py:109} INFO - [2022-08-08 06:22:00,311] {dagbag.py:500} INFO - Filling up the DagBag from /home/airflow/.local/lib/python3.7/site-packages/airflow/example_dags/example_external_task_marker_dag.py
[2022-08-08 06:22:00,348] {processor.py:654} INFO - DAG(s) dict_keys(['example_external_task_marker_parent', 'example_external_task_marker_child']) retrieved from /home/airflow/.local/lib/python3.7/site-packages/airflow/example_dags/example_external_task_marker_dag.py
[2022-08-08 06:22:00,367] {logging_mixin.py:109} INFO - [2022-08-08 06:22:00,367] {dag.py:2396} INFO - Sync 2 DAGs
[2022-08-08 06:22:00,489] {logging_mixin.py:109} INFO - [2022-08-08 06:22:00,489] {dag.py:2935} INFO - Setting next_dagrun for example_external_task_marker_child to None
[2022-08-08 06:22:00,491] {logging_mixin.py:109} INFO - [2022-08-08 06:22:00,491] {dag.py:2935} INFO - Setting next_dagrun for example_external_task_marker_parent to None
[2022-08-08 06:22:00,503] {processor.py:171} INFO - Processing /home/airflow/.local/lib/python3.7/site-packages/airflow/example_dags/example_external_task_marker_dag.py took 0.204 seconds
[2022-08-08 06:22:31,833] {processor.py:163} INFO - Started process (PID=2010) to work on /home/airflow/.local/lib/python3.7/site-packages/airflow/example_dags/example_external_task_marker_dag.py
[2022-08-08 06:22:31,835] {processor.py:642} INFO - Processing file /home/airflow/.local/lib/python3.7/site-packages/airflow/example_dags/example_external_task_marker_dag.py for tasks to queue
[2022-08-08 06:22:31,837] {logging_mixin.py:109} INFO - [2022-08-08 06:22:31,837] {dagbag.py:500} INFO - Filling up the DagBag from /home/airflow/.local/lib/python3.7/site-packages/airflow/example_dags/example_external_task_marker_dag.py
[2022-08-08 06:22:31,885] {processor.py:654} INFO - DAG(s) dict_keys(['example_external_task_marker_parent', 'example_external_task_marker_child']) retrieved from /home/airflow/.local/lib/python3.7/site-packages/airflow/example_dags/example_external_task_marker_dag.py
[2022-08-08 06:22:31,913] {logging_mixin.py:109} INFO - [2022-08-08 06:22:31,913] {dag.py:2396} INFO - Sync 2 DAGs
[2022-08-08 06:22:32,034] {logging_mixin.py:109} INFO - [2022-08-08 06:22:32,034] {dag.py:2935} INFO - Setting next_dagrun for example_external_task_marker_child to None
[2022-08-08 06:22:32,036] {logging_mixin.py:109} INFO - [2022-08-08 06:22:32,036] {dag.py:2935} INFO - Setting next_dagrun for example_external_task_marker_parent to None
[2022-08-08 06:22:32,050] {processor.py:171} INFO - Processing /home/airflow/.local/lib/python3.7/site-packages/airflow/example_dags/example_external_task_marker_dag.py took 0.221 seconds
[2022-08-08 07:11:47,171] {processor.py:163} INFO - Started process (PID=2086) to work on /home/airflow/.local/lib/python3.7/site-packages/airflow/example_dags/example_external_task_marker_dag.py
[2022-08-08 07:11:47,174] {processor.py:642} INFO - Processing file /home/airflow/.local/lib/python3.7/site-packages/airflow/example_dags/example_external_task_marker_dag.py for tasks to queue
[2022-08-08 07:11:47,176] {logging_mixin.py:109} INFO - [2022-08-08 07:11:47,175] {dagbag.py:500} INFO - Filling up the DagBag from /home/airflow/.local/lib/python3.7/site-packages/airflow/example_dags/example_external_task_marker_dag.py
[2022-08-08 07:11:47,304] {processor.py:654} INFO - DAG(s) dict_keys(['example_external_task_marker_parent', 'example_external_task_marker_child']) retrieved from /home/airflow/.local/lib/python3.7/site-packages/airflow/example_dags/example_external_task_marker_dag.py
[2022-08-08 07:11:47,318] {logging_mixin.py:109} INFO - [2022-08-08 07:11:47,318] {dag.py:2396} INFO - Sync 2 DAGs
[2022-08-08 07:11:47,332] {logging_mixin.py:109} INFO - [2022-08-08 07:11:47,332] {dag.py:2935} INFO - Setting next_dagrun for example_external_task_marker_child to None
[2022-08-08 07:11:47,333] {logging_mixin.py:109} INFO - [2022-08-08 07:11:47,333] {dag.py:2935} INFO - Setting next_dagrun for example_external_task_marker_parent to None
[2022-08-08 07:11:47,346] {processor.py:171} INFO - Processing /home/airflow/.local/lib/python3.7/site-packages/airflow/example_dags/example_external_task_marker_dag.py took 0.179 seconds
[2022-08-08 09:16:15,301] {processor.py:163} INFO - Started process (PID=2180) to work on /home/airflow/.local/lib/python3.7/site-packages/airflow/example_dags/example_external_task_marker_dag.py
[2022-08-08 09:16:15,305] {processor.py:642} INFO - Processing file /home/airflow/.local/lib/python3.7/site-packages/airflow/example_dags/example_external_task_marker_dag.py for tasks to queue
[2022-08-08 09:16:15,308] {logging_mixin.py:109} INFO - [2022-08-08 09:16:15,307] {dagbag.py:500} INFO - Filling up the DagBag from /home/airflow/.local/lib/python3.7/site-packages/airflow/example_dags/example_external_task_marker_dag.py
[2022-08-08 09:16:15,361] {processor.py:654} INFO - DAG(s) dict_keys(['example_external_task_marker_parent', 'example_external_task_marker_child']) retrieved from /home/airflow/.local/lib/python3.7/site-packages/airflow/example_dags/example_external_task_marker_dag.py
[2022-08-08 09:16:15,382] {logging_mixin.py:109} INFO - [2022-08-08 09:16:15,382] {dag.py:2396} INFO - Sync 2 DAGs
[2022-08-08 09:16:15,409] {logging_mixin.py:109} INFO - [2022-08-08 09:16:15,409] {dag.py:2935} INFO - Setting next_dagrun for example_external_task_marker_child to None
[2022-08-08 09:16:15,410] {logging_mixin.py:109} INFO - [2022-08-08 09:16:15,410] {dag.py:2935} INFO - Setting next_dagrun for example_external_task_marker_parent to None
[2022-08-08 09:16:15,428] {processor.py:171} INFO - Processing /home/airflow/.local/lib/python3.7/site-packages/airflow/example_dags/example_external_task_marker_dag.py took 0.132 seconds
