[2022-08-08 06:07:10,882] {processor.py:163} INFO - Started process (PID=85) to work on /home/airflow/.local/lib/python3.7/site-packages/airflow/example_dags/example_latest_only.py
[2022-08-08 06:07:10,914] {processor.py:642} INFO - Processing file /home/airflow/.local/lib/python3.7/site-packages/airflow/example_dags/example_latest_only.py for tasks to queue
[2022-08-08 06:07:10,921] {logging_mixin.py:109} INFO - [2022-08-08 06:07:10,921] {dagbag.py:500} INFO - Filling up the DagBag from /home/airflow/.local/lib/python3.7/site-packages/airflow/example_dags/example_latest_only.py
[2022-08-08 06:07:11,096] {processor.py:654} INFO - DAG(s) dict_keys(['latest_only']) retrieved from /home/airflow/.local/lib/python3.7/site-packages/airflow/example_dags/example_latest_only.py
[2022-08-08 06:07:11,203] {logging_mixin.py:109} INFO - [2022-08-08 06:07:11,202] {dag.py:2396} INFO - Sync 1 DAGs
[2022-08-08 06:07:11,634] {logging_mixin.py:109} INFO - [2022-08-08 06:07:11,624] {dag.py:2935} INFO - Setting next_dagrun for latest_only to 2022-08-08T02:07:11.624042+00:00
[2022-08-08 06:07:11,705] {processor.py:171} INFO - Processing /home/airflow/.local/lib/python3.7/site-packages/airflow/example_dags/example_latest_only.py took 0.876 seconds
[2022-08-08 06:07:43,716] {processor.py:163} INFO - Started process (PID=137) to work on /home/airflow/.local/lib/python3.7/site-packages/airflow/example_dags/example_latest_only.py
[2022-08-08 06:07:43,727] {processor.py:642} INFO - Processing file /home/airflow/.local/lib/python3.7/site-packages/airflow/example_dags/example_latest_only.py for tasks to queue
[2022-08-08 06:07:43,733] {logging_mixin.py:109} INFO - [2022-08-08 06:07:43,733] {dagbag.py:500} INFO - Filling up the DagBag from /home/airflow/.local/lib/python3.7/site-packages/airflow/example_dags/example_latest_only.py
[2022-08-08 06:07:43,876] {processor.py:654} INFO - DAG(s) dict_keys(['latest_only']) retrieved from /home/airflow/.local/lib/python3.7/site-packages/airflow/example_dags/example_latest_only.py
[2022-08-08 06:07:43,927] {logging_mixin.py:109} INFO - [2022-08-08 06:07:43,927] {dag.py:2396} INFO - Sync 1 DAGs
[2022-08-08 06:07:43,974] {logging_mixin.py:109} INFO - [2022-08-08 06:07:43,974] {dag.py:2935} INFO - Setting next_dagrun for latest_only to 2022-08-08T02:07:43.973946+00:00
[2022-08-08 06:07:44,014] {processor.py:171} INFO - Processing /home/airflow/.local/lib/python3.7/site-packages/airflow/example_dags/example_latest_only.py took 0.315 seconds
[2022-08-08 06:08:15,154] {processor.py:163} INFO - Started process (PID=197) to work on /home/airflow/.local/lib/python3.7/site-packages/airflow/example_dags/example_latest_only.py
[2022-08-08 06:08:15,164] {processor.py:642} INFO - Processing file /home/airflow/.local/lib/python3.7/site-packages/airflow/example_dags/example_latest_only.py for tasks to queue
[2022-08-08 06:08:15,171] {logging_mixin.py:109} INFO - [2022-08-08 06:08:15,171] {dagbag.py:500} INFO - Filling up the DagBag from /home/airflow/.local/lib/python3.7/site-packages/airflow/example_dags/example_latest_only.py
[2022-08-08 06:08:15,283] {processor.py:654} INFO - DAG(s) dict_keys(['latest_only']) retrieved from /home/airflow/.local/lib/python3.7/site-packages/airflow/example_dags/example_latest_only.py
[2022-08-08 06:08:15,309] {logging_mixin.py:109} INFO - [2022-08-08 06:08:15,308] {dag.py:2396} INFO - Sync 1 DAGs
[2022-08-08 06:08:15,370] {logging_mixin.py:109} INFO - [2022-08-08 06:08:15,369] {dag.py:2935} INFO - Setting next_dagrun for latest_only to 2022-08-08T02:08:15.369212+00:00
[2022-08-08 06:08:15,411] {processor.py:171} INFO - Processing /home/airflow/.local/lib/python3.7/site-packages/airflow/example_dags/example_latest_only.py took 0.267 seconds
[2022-08-08 06:08:45,763] {processor.py:163} INFO - Started process (PID=267) to work on /home/airflow/.local/lib/python3.7/site-packages/airflow/example_dags/example_latest_only.py
[2022-08-08 06:08:45,765] {processor.py:642} INFO - Processing file /home/airflow/.local/lib/python3.7/site-packages/airflow/example_dags/example_latest_only.py for tasks to queue
[2022-08-08 06:08:45,767] {logging_mixin.py:109} INFO - [2022-08-08 06:08:45,767] {dagbag.py:500} INFO - Filling up the DagBag from /home/airflow/.local/lib/python3.7/site-packages/airflow/example_dags/example_latest_only.py
[2022-08-08 06:08:45,803] {processor.py:654} INFO - DAG(s) dict_keys(['latest_only']) retrieved from /home/airflow/.local/lib/python3.7/site-packages/airflow/example_dags/example_latest_only.py
[2022-08-08 06:08:45,816] {logging_mixin.py:109} INFO - [2022-08-08 06:08:45,816] {dag.py:2396} INFO - Sync 1 DAGs
[2022-08-08 06:08:45,842] {logging_mixin.py:109} INFO - [2022-08-08 06:08:45,842] {dag.py:2935} INFO - Setting next_dagrun for latest_only to 2022-08-08T02:08:45.841771+00:00
[2022-08-08 06:08:45,856] {processor.py:171} INFO - Processing /home/airflow/.local/lib/python3.7/site-packages/airflow/example_dags/example_latest_only.py took 0.097 seconds
[2022-08-08 06:09:16,247] {processor.py:163} INFO - Started process (PID=327) to work on /home/airflow/.local/lib/python3.7/site-packages/airflow/example_dags/example_latest_only.py
[2022-08-08 06:09:16,249] {processor.py:642} INFO - Processing file /home/airflow/.local/lib/python3.7/site-packages/airflow/example_dags/example_latest_only.py for tasks to queue
[2022-08-08 06:09:16,250] {logging_mixin.py:109} INFO - [2022-08-08 06:09:16,250] {dagbag.py:500} INFO - Filling up the DagBag from /home/airflow/.local/lib/python3.7/site-packages/airflow/example_dags/example_latest_only.py
[2022-08-08 06:09:16,286] {processor.py:654} INFO - DAG(s) dict_keys(['latest_only']) retrieved from /home/airflow/.local/lib/python3.7/site-packages/airflow/example_dags/example_latest_only.py
[2022-08-08 06:09:16,301] {logging_mixin.py:109} INFO - [2022-08-08 06:09:16,301] {dag.py:2396} INFO - Sync 1 DAGs
[2022-08-08 06:09:16,318] {logging_mixin.py:109} INFO - [2022-08-08 06:09:16,318] {dag.py:2935} INFO - Setting next_dagrun for latest_only to 2022-08-08T02:09:16.317835+00:00
[2022-08-08 06:09:16,330] {processor.py:171} INFO - Processing /home/airflow/.local/lib/python3.7/site-packages/airflow/example_dags/example_latest_only.py took 0.087 seconds
[2022-08-08 06:09:47,339] {processor.py:163} INFO - Started process (PID=397) to work on /home/airflow/.local/lib/python3.7/site-packages/airflow/example_dags/example_latest_only.py
[2022-08-08 06:09:47,341] {processor.py:642} INFO - Processing file /home/airflow/.local/lib/python3.7/site-packages/airflow/example_dags/example_latest_only.py for tasks to queue
[2022-08-08 06:09:47,342] {logging_mixin.py:109} INFO - [2022-08-08 06:09:47,342] {dagbag.py:500} INFO - Filling up the DagBag from /home/airflow/.local/lib/python3.7/site-packages/airflow/example_dags/example_latest_only.py
[2022-08-08 06:09:47,375] {processor.py:654} INFO - DAG(s) dict_keys(['latest_only']) retrieved from /home/airflow/.local/lib/python3.7/site-packages/airflow/example_dags/example_latest_only.py
[2022-08-08 06:09:47,390] {logging_mixin.py:109} INFO - [2022-08-08 06:09:47,390] {dag.py:2396} INFO - Sync 1 DAGs
[2022-08-08 06:09:47,408] {logging_mixin.py:109} INFO - [2022-08-08 06:09:47,408] {dag.py:2935} INFO - Setting next_dagrun for latest_only to 2022-08-08T02:09:47.407693+00:00
[2022-08-08 06:09:47,418] {processor.py:171} INFO - Processing /home/airflow/.local/lib/python3.7/site-packages/airflow/example_dags/example_latest_only.py took 0.084 seconds
[2022-08-08 06:10:18,493] {processor.py:163} INFO - Started process (PID=457) to work on /home/airflow/.local/lib/python3.7/site-packages/airflow/example_dags/example_latest_only.py
[2022-08-08 06:10:18,495] {processor.py:642} INFO - Processing file /home/airflow/.local/lib/python3.7/site-packages/airflow/example_dags/example_latest_only.py for tasks to queue
[2022-08-08 06:10:18,496] {logging_mixin.py:109} INFO - [2022-08-08 06:10:18,496] {dagbag.py:500} INFO - Filling up the DagBag from /home/airflow/.local/lib/python3.7/site-packages/airflow/example_dags/example_latest_only.py
[2022-08-08 06:10:18,526] {processor.py:654} INFO - DAG(s) dict_keys(['latest_only']) retrieved from /home/airflow/.local/lib/python3.7/site-packages/airflow/example_dags/example_latest_only.py
[2022-08-08 06:10:18,537] {logging_mixin.py:109} INFO - [2022-08-08 06:10:18,537] {dag.py:2396} INFO - Sync 1 DAGs
[2022-08-08 06:10:18,553] {logging_mixin.py:109} INFO - [2022-08-08 06:10:18,553] {dag.py:2935} INFO - Setting next_dagrun for latest_only to 2022-08-08T02:10:18.553523+00:00
[2022-08-08 06:10:18,564] {processor.py:171} INFO - Processing /home/airflow/.local/lib/python3.7/site-packages/airflow/example_dags/example_latest_only.py took 0.075 seconds
[2022-08-08 06:10:49,710] {processor.py:163} INFO - Started process (PID=527) to work on /home/airflow/.local/lib/python3.7/site-packages/airflow/example_dags/example_latest_only.py
[2022-08-08 06:10:49,712] {processor.py:642} INFO - Processing file /home/airflow/.local/lib/python3.7/site-packages/airflow/example_dags/example_latest_only.py for tasks to queue
[2022-08-08 06:10:49,714] {logging_mixin.py:109} INFO - [2022-08-08 06:10:49,714] {dagbag.py:500} INFO - Filling up the DagBag from /home/airflow/.local/lib/python3.7/site-packages/airflow/example_dags/example_latest_only.py
[2022-08-08 06:10:49,758] {processor.py:654} INFO - DAG(s) dict_keys(['latest_only']) retrieved from /home/airflow/.local/lib/python3.7/site-packages/airflow/example_dags/example_latest_only.py
[2022-08-08 06:10:49,774] {logging_mixin.py:109} INFO - [2022-08-08 06:10:49,774] {dag.py:2396} INFO - Sync 1 DAGs
[2022-08-08 06:10:49,797] {logging_mixin.py:109} INFO - [2022-08-08 06:10:49,796] {dag.py:2935} INFO - Setting next_dagrun for latest_only to 2022-08-08T02:10:49.796459+00:00
[2022-08-08 06:10:49,816] {processor.py:171} INFO - Processing /home/airflow/.local/lib/python3.7/site-packages/airflow/example_dags/example_latest_only.py took 0.110 seconds
[2022-08-08 06:11:20,304] {processor.py:163} INFO - Started process (PID=588) to work on /home/airflow/.local/lib/python3.7/site-packages/airflow/example_dags/example_latest_only.py
[2022-08-08 06:11:20,307] {processor.py:642} INFO - Processing file /home/airflow/.local/lib/python3.7/site-packages/airflow/example_dags/example_latest_only.py for tasks to queue
[2022-08-08 06:11:20,309] {logging_mixin.py:109} INFO - [2022-08-08 06:11:20,309] {dagbag.py:500} INFO - Filling up the DagBag from /home/airflow/.local/lib/python3.7/site-packages/airflow/example_dags/example_latest_only.py
[2022-08-08 06:11:20,355] {processor.py:654} INFO - DAG(s) dict_keys(['latest_only']) retrieved from /home/airflow/.local/lib/python3.7/site-packages/airflow/example_dags/example_latest_only.py
[2022-08-08 06:11:20,369] {logging_mixin.py:109} INFO - [2022-08-08 06:11:20,369] {dag.py:2396} INFO - Sync 1 DAGs
[2022-08-08 06:11:20,394] {logging_mixin.py:109} INFO - [2022-08-08 06:11:20,394] {dag.py:2935} INFO - Setting next_dagrun for latest_only to 2022-08-08T02:11:20.393944+00:00
[2022-08-08 06:11:20,411] {processor.py:171} INFO - Processing /home/airflow/.local/lib/python3.7/site-packages/airflow/example_dags/example_latest_only.py took 0.110 seconds
[2022-08-08 06:11:50,891] {processor.py:163} INFO - Started process (PID=648) to work on /home/airflow/.local/lib/python3.7/site-packages/airflow/example_dags/example_latest_only.py
[2022-08-08 06:11:50,894] {processor.py:642} INFO - Processing file /home/airflow/.local/lib/python3.7/site-packages/airflow/example_dags/example_latest_only.py for tasks to queue
[2022-08-08 06:11:50,895] {logging_mixin.py:109} INFO - [2022-08-08 06:11:50,895] {dagbag.py:500} INFO - Filling up the DagBag from /home/airflow/.local/lib/python3.7/site-packages/airflow/example_dags/example_latest_only.py
[2022-08-08 06:11:50,931] {processor.py:654} INFO - DAG(s) dict_keys(['latest_only']) retrieved from /home/airflow/.local/lib/python3.7/site-packages/airflow/example_dags/example_latest_only.py
[2022-08-08 06:11:50,943] {logging_mixin.py:109} INFO - [2022-08-08 06:11:50,943] {dag.py:2396} INFO - Sync 1 DAGs
[2022-08-08 06:11:50,973] {logging_mixin.py:109} INFO - [2022-08-08 06:11:50,973] {dag.py:2935} INFO - Setting next_dagrun for latest_only to 2022-08-08T02:11:50.972913+00:00
[2022-08-08 06:11:50,990] {processor.py:171} INFO - Processing /home/airflow/.local/lib/python3.7/site-packages/airflow/example_dags/example_latest_only.py took 0.102 seconds
[2022-08-08 06:12:21,465] {processor.py:163} INFO - Started process (PID=717) to work on /home/airflow/.local/lib/python3.7/site-packages/airflow/example_dags/example_latest_only.py
[2022-08-08 06:12:21,468] {processor.py:642} INFO - Processing file /home/airflow/.local/lib/python3.7/site-packages/airflow/example_dags/example_latest_only.py for tasks to queue
[2022-08-08 06:12:21,470] {logging_mixin.py:109} INFO - [2022-08-08 06:12:21,470] {dagbag.py:500} INFO - Filling up the DagBag from /home/airflow/.local/lib/python3.7/site-packages/airflow/example_dags/example_latest_only.py
[2022-08-08 06:12:21,505] {processor.py:654} INFO - DAG(s) dict_keys(['latest_only']) retrieved from /home/airflow/.local/lib/python3.7/site-packages/airflow/example_dags/example_latest_only.py
[2022-08-08 06:12:21,516] {logging_mixin.py:109} INFO - [2022-08-08 06:12:21,516] {dag.py:2396} INFO - Sync 1 DAGs
[2022-08-08 06:12:21,539] {logging_mixin.py:109} INFO - [2022-08-08 06:12:21,539] {dag.py:2935} INFO - Setting next_dagrun for latest_only to 2022-08-08T02:12:21.538859+00:00
[2022-08-08 06:12:21,551] {processor.py:171} INFO - Processing /home/airflow/.local/lib/python3.7/site-packages/airflow/example_dags/example_latest_only.py took 0.089 seconds
[2022-08-08 06:12:51,945] {processor.py:163} INFO - Started process (PID=777) to work on /home/airflow/.local/lib/python3.7/site-packages/airflow/example_dags/example_latest_only.py
[2022-08-08 06:12:51,947] {processor.py:642} INFO - Processing file /home/airflow/.local/lib/python3.7/site-packages/airflow/example_dags/example_latest_only.py for tasks to queue
[2022-08-08 06:12:51,948] {logging_mixin.py:109} INFO - [2022-08-08 06:12:51,948] {dagbag.py:500} INFO - Filling up the DagBag from /home/airflow/.local/lib/python3.7/site-packages/airflow/example_dags/example_latest_only.py
[2022-08-08 06:12:51,975] {processor.py:654} INFO - DAG(s) dict_keys(['latest_only']) retrieved from /home/airflow/.local/lib/python3.7/site-packages/airflow/example_dags/example_latest_only.py
[2022-08-08 06:12:51,986] {logging_mixin.py:109} INFO - [2022-08-08 06:12:51,986] {dag.py:2396} INFO - Sync 1 DAGs
[2022-08-08 06:12:52,002] {logging_mixin.py:109} INFO - [2022-08-08 06:12:52,001] {dag.py:2935} INFO - Setting next_dagrun for latest_only to 2022-08-08T02:12:52.001579+00:00
[2022-08-08 06:12:52,011] {processor.py:171} INFO - Processing /home/airflow/.local/lib/python3.7/site-packages/airflow/example_dags/example_latest_only.py took 0.070 seconds
[2022-08-08 06:13:22,455] {processor.py:163} INFO - Started process (PID=846) to work on /home/airflow/.local/lib/python3.7/site-packages/airflow/example_dags/example_latest_only.py
[2022-08-08 06:13:22,461] {processor.py:642} INFO - Processing file /home/airflow/.local/lib/python3.7/site-packages/airflow/example_dags/example_latest_only.py for tasks to queue
[2022-08-08 06:13:22,463] {logging_mixin.py:109} INFO - [2022-08-08 06:13:22,463] {dagbag.py:500} INFO - Filling up the DagBag from /home/airflow/.local/lib/python3.7/site-packages/airflow/example_dags/example_latest_only.py
[2022-08-08 06:13:22,495] {processor.py:654} INFO - DAG(s) dict_keys(['latest_only']) retrieved from /home/airflow/.local/lib/python3.7/site-packages/airflow/example_dags/example_latest_only.py
[2022-08-08 06:13:22,506] {logging_mixin.py:109} INFO - [2022-08-08 06:13:22,506] {dag.py:2396} INFO - Sync 1 DAGs
[2022-08-08 06:13:22,525] {logging_mixin.py:109} INFO - [2022-08-08 06:13:22,525] {dag.py:2935} INFO - Setting next_dagrun for latest_only to 2022-08-08T02:13:22.525177+00:00
[2022-08-08 06:13:22,538] {processor.py:171} INFO - Processing /home/airflow/.local/lib/python3.7/site-packages/airflow/example_dags/example_latest_only.py took 0.088 seconds
[2022-08-08 06:13:52,846] {processor.py:163} INFO - Started process (PID=906) to work on /home/airflow/.local/lib/python3.7/site-packages/airflow/example_dags/example_latest_only.py
[2022-08-08 06:13:52,848] {processor.py:642} INFO - Processing file /home/airflow/.local/lib/python3.7/site-packages/airflow/example_dags/example_latest_only.py for tasks to queue
[2022-08-08 06:13:52,850] {logging_mixin.py:109} INFO - [2022-08-08 06:13:52,849] {dagbag.py:500} INFO - Filling up the DagBag from /home/airflow/.local/lib/python3.7/site-packages/airflow/example_dags/example_latest_only.py
[2022-08-08 06:13:52,880] {processor.py:654} INFO - DAG(s) dict_keys(['latest_only']) retrieved from /home/airflow/.local/lib/python3.7/site-packages/airflow/example_dags/example_latest_only.py
[2022-08-08 06:13:52,892] {logging_mixin.py:109} INFO - [2022-08-08 06:13:52,892] {dag.py:2396} INFO - Sync 1 DAGs
[2022-08-08 06:13:52,911] {logging_mixin.py:109} INFO - [2022-08-08 06:13:52,910] {dag.py:2935} INFO - Setting next_dagrun for latest_only to 2022-08-08T02:13:52.910620+00:00
[2022-08-08 06:13:52,923] {processor.py:171} INFO - Processing /home/airflow/.local/lib/python3.7/site-packages/airflow/example_dags/example_latest_only.py took 0.081 seconds
[2022-08-08 06:14:23,185] {processor.py:163} INFO - Started process (PID=974) to work on /home/airflow/.local/lib/python3.7/site-packages/airflow/example_dags/example_latest_only.py
[2022-08-08 06:14:23,188] {processor.py:642} INFO - Processing file /home/airflow/.local/lib/python3.7/site-packages/airflow/example_dags/example_latest_only.py for tasks to queue
[2022-08-08 06:14:23,190] {logging_mixin.py:109} INFO - [2022-08-08 06:14:23,189] {dagbag.py:500} INFO - Filling up the DagBag from /home/airflow/.local/lib/python3.7/site-packages/airflow/example_dags/example_latest_only.py
[2022-08-08 06:14:23,219] {processor.py:654} INFO - DAG(s) dict_keys(['latest_only']) retrieved from /home/airflow/.local/lib/python3.7/site-packages/airflow/example_dags/example_latest_only.py
[2022-08-08 06:14:23,233] {logging_mixin.py:109} INFO - [2022-08-08 06:14:23,233] {dag.py:2396} INFO - Sync 1 DAGs
[2022-08-08 06:14:23,251] {logging_mixin.py:109} INFO - [2022-08-08 06:14:23,251] {dag.py:2935} INFO - Setting next_dagrun for latest_only to 2022-08-08T02:14:23.251219+00:00
[2022-08-08 06:14:23,265] {processor.py:171} INFO - Processing /home/airflow/.local/lib/python3.7/site-packages/airflow/example_dags/example_latest_only.py took 0.084 seconds
[2022-08-08 06:14:53,938] {processor.py:163} INFO - Started process (PID=1035) to work on /home/airflow/.local/lib/python3.7/site-packages/airflow/example_dags/example_latest_only.py
[2022-08-08 06:14:53,940] {processor.py:642} INFO - Processing file /home/airflow/.local/lib/python3.7/site-packages/airflow/example_dags/example_latest_only.py for tasks to queue
[2022-08-08 06:14:53,942] {logging_mixin.py:109} INFO - [2022-08-08 06:14:53,942] {dagbag.py:500} INFO - Filling up the DagBag from /home/airflow/.local/lib/python3.7/site-packages/airflow/example_dags/example_latest_only.py
[2022-08-08 06:14:53,980] {processor.py:654} INFO - DAG(s) dict_keys(['latest_only']) retrieved from /home/airflow/.local/lib/python3.7/site-packages/airflow/example_dags/example_latest_only.py
[2022-08-08 06:14:53,994] {logging_mixin.py:109} INFO - [2022-08-08 06:14:53,994] {dag.py:2396} INFO - Sync 1 DAGs
[2022-08-08 06:14:54,014] {logging_mixin.py:109} INFO - [2022-08-08 06:14:54,014] {dag.py:2935} INFO - Setting next_dagrun for latest_only to 2022-08-08T02:14:54.013815+00:00
[2022-08-08 06:14:54,026] {processor.py:171} INFO - Processing /home/airflow/.local/lib/python3.7/site-packages/airflow/example_dags/example_latest_only.py took 0.095 seconds
[2022-08-08 06:15:24,142] {processor.py:163} INFO - Started process (PID=1096) to work on /home/airflow/.local/lib/python3.7/site-packages/airflow/example_dags/example_latest_only.py
[2022-08-08 06:15:24,148] {processor.py:642} INFO - Processing file /home/airflow/.local/lib/python3.7/site-packages/airflow/example_dags/example_latest_only.py for tasks to queue
[2022-08-08 06:15:24,150] {logging_mixin.py:109} INFO - [2022-08-08 06:15:24,150] {dagbag.py:500} INFO - Filling up the DagBag from /home/airflow/.local/lib/python3.7/site-packages/airflow/example_dags/example_latest_only.py
[2022-08-08 06:15:24,194] {processor.py:654} INFO - DAG(s) dict_keys(['latest_only']) retrieved from /home/airflow/.local/lib/python3.7/site-packages/airflow/example_dags/example_latest_only.py
[2022-08-08 06:15:24,206] {logging_mixin.py:109} INFO - [2022-08-08 06:15:24,206] {dag.py:2396} INFO - Sync 1 DAGs
[2022-08-08 06:15:24,234] {logging_mixin.py:109} INFO - [2022-08-08 06:15:24,233] {dag.py:2935} INFO - Setting next_dagrun for latest_only to 2022-08-08T02:15:24.233615+00:00
[2022-08-08 06:15:24,243] {processor.py:171} INFO - Processing /home/airflow/.local/lib/python3.7/site-packages/airflow/example_dags/example_latest_only.py took 0.105 seconds
[2022-08-08 06:15:54,487] {processor.py:163} INFO - Started process (PID=1165) to work on /home/airflow/.local/lib/python3.7/site-packages/airflow/example_dags/example_latest_only.py
[2022-08-08 06:15:54,491] {processor.py:642} INFO - Processing file /home/airflow/.local/lib/python3.7/site-packages/airflow/example_dags/example_latest_only.py for tasks to queue
[2022-08-08 06:15:54,493] {logging_mixin.py:109} INFO - [2022-08-08 06:15:54,493] {dagbag.py:500} INFO - Filling up the DagBag from /home/airflow/.local/lib/python3.7/site-packages/airflow/example_dags/example_latest_only.py
[2022-08-08 06:15:54,523] {processor.py:654} INFO - DAG(s) dict_keys(['latest_only']) retrieved from /home/airflow/.local/lib/python3.7/site-packages/airflow/example_dags/example_latest_only.py
[2022-08-08 06:15:54,534] {logging_mixin.py:109} INFO - [2022-08-08 06:15:54,534] {dag.py:2396} INFO - Sync 1 DAGs
[2022-08-08 06:15:54,550] {logging_mixin.py:109} INFO - [2022-08-08 06:15:54,550] {dag.py:2935} INFO - Setting next_dagrun for latest_only to 2022-08-08T02:15:54.550528+00:00
[2022-08-08 06:15:54,563] {processor.py:171} INFO - Processing /home/airflow/.local/lib/python3.7/site-packages/airflow/example_dags/example_latest_only.py took 0.085 seconds
[2022-08-08 06:16:25,280] {processor.py:163} INFO - Started process (PID=1221) to work on /home/airflow/.local/lib/python3.7/site-packages/airflow/example_dags/example_latest_only.py
[2022-08-08 06:16:25,282] {processor.py:642} INFO - Processing file /home/airflow/.local/lib/python3.7/site-packages/airflow/example_dags/example_latest_only.py for tasks to queue
[2022-08-08 06:16:25,283] {logging_mixin.py:109} INFO - [2022-08-08 06:16:25,283] {dagbag.py:500} INFO - Filling up the DagBag from /home/airflow/.local/lib/python3.7/site-packages/airflow/example_dags/example_latest_only.py
[2022-08-08 06:16:25,317] {processor.py:654} INFO - DAG(s) dict_keys(['latest_only']) retrieved from /home/airflow/.local/lib/python3.7/site-packages/airflow/example_dags/example_latest_only.py
[2022-08-08 06:16:25,329] {logging_mixin.py:109} INFO - [2022-08-08 06:16:25,329] {dag.py:2396} INFO - Sync 1 DAGs
[2022-08-08 06:16:25,345] {logging_mixin.py:109} INFO - [2022-08-08 06:16:25,345] {dag.py:2935} INFO - Setting next_dagrun for latest_only to 2022-08-08T02:16:25.345187+00:00
[2022-08-08 06:16:25,358] {processor.py:171} INFO - Processing /home/airflow/.local/lib/python3.7/site-packages/airflow/example_dags/example_latest_only.py took 0.084 seconds
[2022-08-08 06:16:55,506] {processor.py:163} INFO - Started process (PID=1293) to work on /home/airflow/.local/lib/python3.7/site-packages/airflow/example_dags/example_latest_only.py
[2022-08-08 06:16:55,508] {processor.py:642} INFO - Processing file /home/airflow/.local/lib/python3.7/site-packages/airflow/example_dags/example_latest_only.py for tasks to queue
[2022-08-08 06:16:55,509] {logging_mixin.py:109} INFO - [2022-08-08 06:16:55,509] {dagbag.py:500} INFO - Filling up the DagBag from /home/airflow/.local/lib/python3.7/site-packages/airflow/example_dags/example_latest_only.py
[2022-08-08 06:16:55,544] {processor.py:654} INFO - DAG(s) dict_keys(['latest_only']) retrieved from /home/airflow/.local/lib/python3.7/site-packages/airflow/example_dags/example_latest_only.py
[2022-08-08 06:16:55,567] {logging_mixin.py:109} INFO - [2022-08-08 06:16:55,567] {dag.py:2396} INFO - Sync 1 DAGs
[2022-08-08 06:16:55,591] {logging_mixin.py:109} INFO - [2022-08-08 06:16:55,591] {dag.py:2935} INFO - Setting next_dagrun for latest_only to 2022-08-08T02:16:55.591289+00:00
[2022-08-08 06:16:55,611] {processor.py:171} INFO - Processing /home/airflow/.local/lib/python3.7/site-packages/airflow/example_dags/example_latest_only.py took 0.110 seconds
[2022-08-08 06:17:25,732] {processor.py:163} INFO - Started process (PID=1354) to work on /home/airflow/.local/lib/python3.7/site-packages/airflow/example_dags/example_latest_only.py
[2022-08-08 06:17:25,734] {processor.py:642} INFO - Processing file /home/airflow/.local/lib/python3.7/site-packages/airflow/example_dags/example_latest_only.py for tasks to queue
[2022-08-08 06:17:25,736] {logging_mixin.py:109} INFO - [2022-08-08 06:17:25,736] {dagbag.py:500} INFO - Filling up the DagBag from /home/airflow/.local/lib/python3.7/site-packages/airflow/example_dags/example_latest_only.py
[2022-08-08 06:17:25,765] {processor.py:654} INFO - DAG(s) dict_keys(['latest_only']) retrieved from /home/airflow/.local/lib/python3.7/site-packages/airflow/example_dags/example_latest_only.py
[2022-08-08 06:17:25,777] {logging_mixin.py:109} INFO - [2022-08-08 06:17:25,777] {dag.py:2396} INFO - Sync 1 DAGs
[2022-08-08 06:17:25,793] {logging_mixin.py:109} INFO - [2022-08-08 06:17:25,793] {dag.py:2935} INFO - Setting next_dagrun for latest_only to 2022-08-08T02:17:25.793282+00:00
[2022-08-08 06:17:25,804] {processor.py:171} INFO - Processing /home/airflow/.local/lib/python3.7/site-packages/airflow/example_dags/example_latest_only.py took 0.082 seconds
[2022-08-08 06:17:56,129] {processor.py:163} INFO - Started process (PID=1425) to work on /home/airflow/.local/lib/python3.7/site-packages/airflow/example_dags/example_latest_only.py
[2022-08-08 06:17:56,132] {processor.py:642} INFO - Processing file /home/airflow/.local/lib/python3.7/site-packages/airflow/example_dags/example_latest_only.py for tasks to queue
[2022-08-08 06:17:56,133] {logging_mixin.py:109} INFO - [2022-08-08 06:17:56,133] {dagbag.py:500} INFO - Filling up the DagBag from /home/airflow/.local/lib/python3.7/site-packages/airflow/example_dags/example_latest_only.py
[2022-08-08 06:17:56,182] {processor.py:654} INFO - DAG(s) dict_keys(['latest_only']) retrieved from /home/airflow/.local/lib/python3.7/site-packages/airflow/example_dags/example_latest_only.py
[2022-08-08 06:17:56,195] {logging_mixin.py:109} INFO - [2022-08-08 06:17:56,195] {dag.py:2396} INFO - Sync 1 DAGs
[2022-08-08 06:17:56,218] {logging_mixin.py:109} INFO - [2022-08-08 06:17:56,218] {dag.py:2935} INFO - Setting next_dagrun for latest_only to 2022-08-08T02:17:56.217570+00:00
[2022-08-08 06:17:56,236] {processor.py:171} INFO - Processing /home/airflow/.local/lib/python3.7/site-packages/airflow/example_dags/example_latest_only.py took 0.113 seconds
[2022-08-08 06:18:26,606] {processor.py:163} INFO - Started process (PID=1486) to work on /home/airflow/.local/lib/python3.7/site-packages/airflow/example_dags/example_latest_only.py
[2022-08-08 06:18:26,609] {processor.py:642} INFO - Processing file /home/airflow/.local/lib/python3.7/site-packages/airflow/example_dags/example_latest_only.py for tasks to queue
[2022-08-08 06:18:26,611] {logging_mixin.py:109} INFO - [2022-08-08 06:18:26,611] {dagbag.py:500} INFO - Filling up the DagBag from /home/airflow/.local/lib/python3.7/site-packages/airflow/example_dags/example_latest_only.py
[2022-08-08 06:18:26,658] {processor.py:654} INFO - DAG(s) dict_keys(['latest_only']) retrieved from /home/airflow/.local/lib/python3.7/site-packages/airflow/example_dags/example_latest_only.py
[2022-08-08 06:18:26,669] {logging_mixin.py:109} INFO - [2022-08-08 06:18:26,669] {dag.py:2396} INFO - Sync 1 DAGs
[2022-08-08 06:18:26,686] {logging_mixin.py:109} INFO - [2022-08-08 06:18:26,686] {dag.py:2935} INFO - Setting next_dagrun for latest_only to 2022-08-08T02:18:26.686237+00:00
[2022-08-08 06:18:26,698] {processor.py:171} INFO - Processing /home/airflow/.local/lib/python3.7/site-packages/airflow/example_dags/example_latest_only.py took 0.097 seconds
[2022-08-08 06:18:56,894] {processor.py:163} INFO - Started process (PID=1556) to work on /home/airflow/.local/lib/python3.7/site-packages/airflow/example_dags/example_latest_only.py
[2022-08-08 06:18:56,898] {processor.py:642} INFO - Processing file /home/airflow/.local/lib/python3.7/site-packages/airflow/example_dags/example_latest_only.py for tasks to queue
[2022-08-08 06:18:56,899] {logging_mixin.py:109} INFO - [2022-08-08 06:18:56,899] {dagbag.py:500} INFO - Filling up the DagBag from /home/airflow/.local/lib/python3.7/site-packages/airflow/example_dags/example_latest_only.py
[2022-08-08 06:18:56,936] {processor.py:654} INFO - DAG(s) dict_keys(['latest_only']) retrieved from /home/airflow/.local/lib/python3.7/site-packages/airflow/example_dags/example_latest_only.py
[2022-08-08 06:18:56,948] {logging_mixin.py:109} INFO - [2022-08-08 06:18:56,948] {dag.py:2396} INFO - Sync 1 DAGs
[2022-08-08 06:18:56,966] {logging_mixin.py:109} INFO - [2022-08-08 06:18:56,966] {dag.py:2935} INFO - Setting next_dagrun for latest_only to 2022-08-08T02:18:56.966468+00:00
[2022-08-08 06:18:56,978] {processor.py:171} INFO - Processing /home/airflow/.local/lib/python3.7/site-packages/airflow/example_dags/example_latest_only.py took 0.088 seconds
[2022-08-08 06:19:27,167] {processor.py:163} INFO - Started process (PID=1618) to work on /home/airflow/.local/lib/python3.7/site-packages/airflow/example_dags/example_latest_only.py
[2022-08-08 06:19:27,169] {processor.py:642} INFO - Processing file /home/airflow/.local/lib/python3.7/site-packages/airflow/example_dags/example_latest_only.py for tasks to queue
[2022-08-08 06:19:27,170] {logging_mixin.py:109} INFO - [2022-08-08 06:19:27,170] {dagbag.py:500} INFO - Filling up the DagBag from /home/airflow/.local/lib/python3.7/site-packages/airflow/example_dags/example_latest_only.py
[2022-08-08 06:19:27,205] {processor.py:654} INFO - DAG(s) dict_keys(['latest_only']) retrieved from /home/airflow/.local/lib/python3.7/site-packages/airflow/example_dags/example_latest_only.py
[2022-08-08 06:19:27,229] {logging_mixin.py:109} INFO - [2022-08-08 06:19:27,229] {dag.py:2396} INFO - Sync 1 DAGs
[2022-08-08 06:19:27,250] {logging_mixin.py:109} INFO - [2022-08-08 06:19:27,250] {dag.py:2935} INFO - Setting next_dagrun for latest_only to 2022-08-08T02:19:27.250074+00:00
[2022-08-08 06:19:27,262] {processor.py:171} INFO - Processing /home/airflow/.local/lib/python3.7/site-packages/airflow/example_dags/example_latest_only.py took 0.099 seconds
[2022-08-08 06:19:57,895] {processor.py:163} INFO - Started process (PID=1678) to work on /home/airflow/.local/lib/python3.7/site-packages/airflow/example_dags/example_latest_only.py
[2022-08-08 06:19:57,897] {processor.py:642} INFO - Processing file /home/airflow/.local/lib/python3.7/site-packages/airflow/example_dags/example_latest_only.py for tasks to queue
[2022-08-08 06:19:57,898] {logging_mixin.py:109} INFO - [2022-08-08 06:19:57,898] {dagbag.py:500} INFO - Filling up the DagBag from /home/airflow/.local/lib/python3.7/site-packages/airflow/example_dags/example_latest_only.py
[2022-08-08 06:19:57,934] {processor.py:654} INFO - DAG(s) dict_keys(['latest_only']) retrieved from /home/airflow/.local/lib/python3.7/site-packages/airflow/example_dags/example_latest_only.py
[2022-08-08 06:19:57,946] {logging_mixin.py:109} INFO - [2022-08-08 06:19:57,946] {dag.py:2396} INFO - Sync 1 DAGs
[2022-08-08 06:19:57,965] {logging_mixin.py:109} INFO - [2022-08-08 06:19:57,965] {dag.py:2935} INFO - Setting next_dagrun for latest_only to 2022-08-08T02:19:57.965052+00:00
[2022-08-08 06:19:57,981] {processor.py:171} INFO - Processing /home/airflow/.local/lib/python3.7/site-packages/airflow/example_dags/example_latest_only.py took 0.090 seconds
[2022-08-08 06:20:28,113] {processor.py:163} INFO - Started process (PID=1748) to work on /home/airflow/.local/lib/python3.7/site-packages/airflow/example_dags/example_latest_only.py
[2022-08-08 06:20:28,115] {processor.py:642} INFO - Processing file /home/airflow/.local/lib/python3.7/site-packages/airflow/example_dags/example_latest_only.py for tasks to queue
[2022-08-08 06:20:28,118] {logging_mixin.py:109} INFO - [2022-08-08 06:20:28,118] {dagbag.py:500} INFO - Filling up the DagBag from /home/airflow/.local/lib/python3.7/site-packages/airflow/example_dags/example_latest_only.py
[2022-08-08 06:20:28,150] {processor.py:654} INFO - DAG(s) dict_keys(['latest_only']) retrieved from /home/airflow/.local/lib/python3.7/site-packages/airflow/example_dags/example_latest_only.py
[2022-08-08 06:20:28,160] {logging_mixin.py:109} INFO - [2022-08-08 06:20:28,160] {dag.py:2396} INFO - Sync 1 DAGs
[2022-08-08 06:20:28,178] {logging_mixin.py:109} INFO - [2022-08-08 06:20:28,177] {dag.py:2935} INFO - Setting next_dagrun for latest_only to 2022-08-08T02:20:28.177655+00:00
[2022-08-08 06:20:28,189] {processor.py:171} INFO - Processing /home/airflow/.local/lib/python3.7/site-packages/airflow/example_dags/example_latest_only.py took 0.081 seconds
[2022-08-08 06:20:58,800] {processor.py:163} INFO - Started process (PID=1808) to work on /home/airflow/.local/lib/python3.7/site-packages/airflow/example_dags/example_latest_only.py
[2022-08-08 06:20:58,802] {processor.py:642} INFO - Processing file /home/airflow/.local/lib/python3.7/site-packages/airflow/example_dags/example_latest_only.py for tasks to queue
[2022-08-08 06:20:58,804] {logging_mixin.py:109} INFO - [2022-08-08 06:20:58,804] {dagbag.py:500} INFO - Filling up the DagBag from /home/airflow/.local/lib/python3.7/site-packages/airflow/example_dags/example_latest_only.py
[2022-08-08 06:20:58,841] {processor.py:654} INFO - DAG(s) dict_keys(['latest_only']) retrieved from /home/airflow/.local/lib/python3.7/site-packages/airflow/example_dags/example_latest_only.py
[2022-08-08 06:20:58,853] {logging_mixin.py:109} INFO - [2022-08-08 06:20:58,853] {dag.py:2396} INFO - Sync 1 DAGs
[2022-08-08 06:20:58,882] {logging_mixin.py:109} INFO - [2022-08-08 06:20:58,881] {dag.py:2935} INFO - Setting next_dagrun for latest_only to 2022-08-08T02:20:58.880711+00:00
[2022-08-08 06:20:58,902] {processor.py:171} INFO - Processing /home/airflow/.local/lib/python3.7/site-packages/airflow/example_dags/example_latest_only.py took 0.106 seconds
[2022-08-08 06:21:29,151] {processor.py:163} INFO - Started process (PID=1877) to work on /home/airflow/.local/lib/python3.7/site-packages/airflow/example_dags/example_latest_only.py
[2022-08-08 06:21:29,153] {processor.py:642} INFO - Processing file /home/airflow/.local/lib/python3.7/site-packages/airflow/example_dags/example_latest_only.py for tasks to queue
[2022-08-08 06:21:29,155] {logging_mixin.py:109} INFO - [2022-08-08 06:21:29,155] {dagbag.py:500} INFO - Filling up the DagBag from /home/airflow/.local/lib/python3.7/site-packages/airflow/example_dags/example_latest_only.py
[2022-08-08 06:21:29,188] {processor.py:654} INFO - DAG(s) dict_keys(['latest_only']) retrieved from /home/airflow/.local/lib/python3.7/site-packages/airflow/example_dags/example_latest_only.py
[2022-08-08 06:21:29,202] {logging_mixin.py:109} INFO - [2022-08-08 06:21:29,202] {dag.py:2396} INFO - Sync 1 DAGs
[2022-08-08 06:21:29,224] {logging_mixin.py:109} INFO - [2022-08-08 06:21:29,224] {dag.py:2935} INFO - Setting next_dagrun for latest_only to 2022-08-08T02:21:29.223776+00:00
[2022-08-08 06:21:29,235] {processor.py:171} INFO - Processing /home/airflow/.local/lib/python3.7/site-packages/airflow/example_dags/example_latest_only.py took 0.091 seconds
[2022-08-08 06:21:59,669] {processor.py:163} INFO - Started process (PID=1937) to work on /home/airflow/.local/lib/python3.7/site-packages/airflow/example_dags/example_latest_only.py
[2022-08-08 06:21:59,672] {processor.py:642} INFO - Processing file /home/airflow/.local/lib/python3.7/site-packages/airflow/example_dags/example_latest_only.py for tasks to queue
[2022-08-08 06:21:59,674] {logging_mixin.py:109} INFO - [2022-08-08 06:21:59,674] {dagbag.py:500} INFO - Filling up the DagBag from /home/airflow/.local/lib/python3.7/site-packages/airflow/example_dags/example_latest_only.py
[2022-08-08 06:21:59,709] {processor.py:654} INFO - DAG(s) dict_keys(['latest_only']) retrieved from /home/airflow/.local/lib/python3.7/site-packages/airflow/example_dags/example_latest_only.py
[2022-08-08 06:21:59,723] {logging_mixin.py:109} INFO - [2022-08-08 06:21:59,723] {dag.py:2396} INFO - Sync 1 DAGs
[2022-08-08 06:21:59,834] {logging_mixin.py:109} INFO - [2022-08-08 06:21:59,834] {dag.py:2935} INFO - Setting next_dagrun for latest_only to 2022-08-08T02:21:59.834209+00:00
[2022-08-08 06:21:59,844] {processor.py:171} INFO - Processing /home/airflow/.local/lib/python3.7/site-packages/airflow/example_dags/example_latest_only.py took 0.183 seconds
[2022-08-08 06:22:30,129] {processor.py:163} INFO - Started process (PID=2006) to work on /home/airflow/.local/lib/python3.7/site-packages/airflow/example_dags/example_latest_only.py
[2022-08-08 06:22:30,132] {processor.py:642} INFO - Processing file /home/airflow/.local/lib/python3.7/site-packages/airflow/example_dags/example_latest_only.py for tasks to queue
[2022-08-08 06:22:30,133] {logging_mixin.py:109} INFO - [2022-08-08 06:22:30,133] {dagbag.py:500} INFO - Filling up the DagBag from /home/airflow/.local/lib/python3.7/site-packages/airflow/example_dags/example_latest_only.py
[2022-08-08 06:22:30,262] {processor.py:654} INFO - DAG(s) dict_keys(['latest_only']) retrieved from /home/airflow/.local/lib/python3.7/site-packages/airflow/example_dags/example_latest_only.py
[2022-08-08 06:22:30,289] {logging_mixin.py:109} INFO - [2022-08-08 06:22:30,289] {dag.py:2396} INFO - Sync 1 DAGs
[2022-08-08 06:22:30,658] {logging_mixin.py:109} INFO - [2022-08-08 06:22:30,657] {dag.py:2935} INFO - Setting next_dagrun for latest_only to 2022-08-08T02:22:30.657373+00:00
[2022-08-08 06:22:30,683] {processor.py:171} INFO - Processing /home/airflow/.local/lib/python3.7/site-packages/airflow/example_dags/example_latest_only.py took 0.557 seconds
[2022-08-08 07:11:46,523] {processor.py:163} INFO - Started process (PID=2081) to work on /home/airflow/.local/lib/python3.7/site-packages/airflow/example_dags/example_latest_only.py
[2022-08-08 07:11:46,525] {processor.py:642} INFO - Processing file /home/airflow/.local/lib/python3.7/site-packages/airflow/example_dags/example_latest_only.py for tasks to queue
[2022-08-08 07:11:46,527] {logging_mixin.py:109} INFO - [2022-08-08 07:11:46,527] {dagbag.py:500} INFO - Filling up the DagBag from /home/airflow/.local/lib/python3.7/site-packages/airflow/example_dags/example_latest_only.py
[2022-08-08 07:11:46,654] {processor.py:654} INFO - DAG(s) dict_keys(['latest_only']) retrieved from /home/airflow/.local/lib/python3.7/site-packages/airflow/example_dags/example_latest_only.py
[2022-08-08 07:11:46,666] {logging_mixin.py:109} INFO - [2022-08-08 07:11:46,666] {dag.py:2396} INFO - Sync 1 DAGs
[2022-08-08 07:11:46,696] {logging_mixin.py:109} INFO - [2022-08-08 07:11:46,696] {dag.py:2935} INFO - Setting next_dagrun for latest_only to 2022-08-08T03:11:46.696682+00:00
[2022-08-08 07:11:46,710] {processor.py:171} INFO - Processing /home/airflow/.local/lib/python3.7/site-packages/airflow/example_dags/example_latest_only.py took 0.191 seconds
[2022-08-08 09:16:14,801] {processor.py:163} INFO - Started process (PID=2175) to work on /home/airflow/.local/lib/python3.7/site-packages/airflow/example_dags/example_latest_only.py
[2022-08-08 09:16:14,804] {processor.py:642} INFO - Processing file /home/airflow/.local/lib/python3.7/site-packages/airflow/example_dags/example_latest_only.py for tasks to queue
[2022-08-08 09:16:14,806] {logging_mixin.py:109} INFO - [2022-08-08 09:16:14,806] {dagbag.py:500} INFO - Filling up the DagBag from /home/airflow/.local/lib/python3.7/site-packages/airflow/example_dags/example_latest_only.py
[2022-08-08 09:16:14,889] {processor.py:654} INFO - DAG(s) dict_keys(['latest_only']) retrieved from /home/airflow/.local/lib/python3.7/site-packages/airflow/example_dags/example_latest_only.py
[2022-08-08 09:16:14,912] {logging_mixin.py:109} INFO - [2022-08-08 09:16:14,911] {dag.py:2396} INFO - Sync 1 DAGs
[2022-08-08 09:16:14,941] {logging_mixin.py:109} INFO - [2022-08-08 09:16:14,941] {dag.py:2935} INFO - Setting next_dagrun for latest_only to 2022-08-08T05:16:14.941059+00:00
[2022-08-08 09:16:14,956] {processor.py:171} INFO - Processing /home/airflow/.local/lib/python3.7/site-packages/airflow/example_dags/example_latest_only.py took 0.159 seconds
