[2022-08-08 00:05:52,169] {processor.py:163} INFO - Started process (PID=14950) to work on /home/airflow/.local/lib/python3.7/site-packages/airflow/example_dags/example_python_operator.py
[2022-08-08 00:05:52,187] {processor.py:642} INFO - Processing file /home/airflow/.local/lib/python3.7/site-packages/airflow/example_dags/example_python_operator.py for tasks to queue
[2022-08-08 00:05:52,203] {logging_mixin.py:109} INFO - [2022-08-08 00:05:52,202] {dagbag.py:500} INFO - Filling up the DagBag from /home/airflow/.local/lib/python3.7/site-packages/airflow/example_dags/example_python_operator.py
[2022-08-08 00:05:52,635] {processor.py:654} INFO - DAG(s) dict_keys(['example_python_operator']) retrieved from /home/airflow/.local/lib/python3.7/site-packages/airflow/example_dags/example_python_operator.py
[2022-08-08 00:05:52,780] {logging_mixin.py:109} INFO - [2022-08-08 00:05:52,780] {dag.py:2396} INFO - Sync 1 DAGs
[2022-08-08 00:05:52,919] {logging_mixin.py:109} INFO - [2022-08-08 00:05:52,918] {dag.py:2935} INFO - Setting next_dagrun for example_python_operator to None
[2022-08-08 00:05:52,980] {processor.py:171} INFO - Processing /home/airflow/.local/lib/python3.7/site-packages/airflow/example_dags/example_python_operator.py took 0.848 seconds
[2022-08-08 00:11:32,647] {processor.py:163} INFO - Started process (PID=15023) to work on /home/airflow/.local/lib/python3.7/site-packages/airflow/example_dags/example_python_operator.py
[2022-08-08 00:11:32,657] {processor.py:642} INFO - Processing file /home/airflow/.local/lib/python3.7/site-packages/airflow/example_dags/example_python_operator.py for tasks to queue
[2022-08-08 00:11:32,664] {logging_mixin.py:109} INFO - [2022-08-08 00:11:32,664] {dagbag.py:500} INFO - Filling up the DagBag from /home/airflow/.local/lib/python3.7/site-packages/airflow/example_dags/example_python_operator.py
[2022-08-08 00:11:33,111] {processor.py:654} INFO - DAG(s) dict_keys(['example_python_operator']) retrieved from /home/airflow/.local/lib/python3.7/site-packages/airflow/example_dags/example_python_operator.py
[2022-08-08 00:11:33,150] {logging_mixin.py:109} INFO - [2022-08-08 00:11:33,150] {dag.py:2396} INFO - Sync 1 DAGs
[2022-08-08 00:11:33,424] {logging_mixin.py:109} INFO - [2022-08-08 00:11:33,419] {dag.py:2935} INFO - Setting next_dagrun for example_python_operator to None
[2022-08-08 00:11:37,083] {processor.py:171} INFO - Processing /home/airflow/.local/lib/python3.7/site-packages/airflow/example_dags/example_python_operator.py took 4.444 seconds
[2022-08-08 06:06:56,496] {processor.py:163} INFO - Started process (PID=59) to work on /home/airflow/.local/lib/python3.7/site-packages/airflow/example_dags/example_python_operator.py
[2022-08-08 06:06:56,498] {processor.py:642} INFO - Processing file /home/airflow/.local/lib/python3.7/site-packages/airflow/example_dags/example_python_operator.py for tasks to queue
[2022-08-08 06:06:56,500] {logging_mixin.py:109} INFO - [2022-08-08 06:06:56,500] {dagbag.py:500} INFO - Filling up the DagBag from /home/airflow/.local/lib/python3.7/site-packages/airflow/example_dags/example_python_operator.py
[2022-08-08 06:06:56,624] {processor.py:654} INFO - DAG(s) dict_keys(['example_python_operator']) retrieved from /home/airflow/.local/lib/python3.7/site-packages/airflow/example_dags/example_python_operator.py
[2022-08-08 06:06:56,645] {logging_mixin.py:109} INFO - [2022-08-08 06:06:56,645] {dag.py:2396} INFO - Sync 1 DAGs
[2022-08-08 06:06:56,666] {logging_mixin.py:109} INFO - [2022-08-08 06:06:56,666] {dag.py:2935} INFO - Setting next_dagrun for example_python_operator to None
[2022-08-08 06:06:56,698] {processor.py:171} INFO - Processing /home/airflow/.local/lib/python3.7/site-packages/airflow/example_dags/example_python_operator.py took 0.207 seconds
[2022-08-08 06:07:28,797] {processor.py:163} INFO - Started process (PID=105) to work on /home/airflow/.local/lib/python3.7/site-packages/airflow/example_dags/example_python_operator.py
[2022-08-08 06:07:28,800] {processor.py:642} INFO - Processing file /home/airflow/.local/lib/python3.7/site-packages/airflow/example_dags/example_python_operator.py for tasks to queue
[2022-08-08 06:07:28,817] {logging_mixin.py:109} INFO - [2022-08-08 06:07:28,816] {dagbag.py:500} INFO - Filling up the DagBag from /home/airflow/.local/lib/python3.7/site-packages/airflow/example_dags/example_python_operator.py
[2022-08-08 06:07:29,084] {processor.py:654} INFO - DAG(s) dict_keys(['example_python_operator']) retrieved from /home/airflow/.local/lib/python3.7/site-packages/airflow/example_dags/example_python_operator.py
[2022-08-08 06:07:29,144] {logging_mixin.py:109} INFO - [2022-08-08 06:07:29,144] {dag.py:2396} INFO - Sync 1 DAGs
[2022-08-08 06:07:29,338] {logging_mixin.py:109} INFO - [2022-08-08 06:07:29,338] {dag.py:2935} INFO - Setting next_dagrun for example_python_operator to None
[2022-08-08 06:07:29,418] {processor.py:171} INFO - Processing /home/airflow/.local/lib/python3.7/site-packages/airflow/example_dags/example_python_operator.py took 0.633 seconds
[2022-08-08 06:08:00,130] {processor.py:163} INFO - Started process (PID=161) to work on /home/airflow/.local/lib/python3.7/site-packages/airflow/example_dags/example_python_operator.py
[2022-08-08 06:08:00,133] {processor.py:642} INFO - Processing file /home/airflow/.local/lib/python3.7/site-packages/airflow/example_dags/example_python_operator.py for tasks to queue
[2022-08-08 06:08:00,136] {logging_mixin.py:109} INFO - [2022-08-08 06:08:00,136] {dagbag.py:500} INFO - Filling up the DagBag from /home/airflow/.local/lib/python3.7/site-packages/airflow/example_dags/example_python_operator.py
[2022-08-08 06:08:00,194] {processor.py:654} INFO - DAG(s) dict_keys(['example_python_operator']) retrieved from /home/airflow/.local/lib/python3.7/site-packages/airflow/example_dags/example_python_operator.py
[2022-08-08 06:08:00,230] {logging_mixin.py:109} INFO - [2022-08-08 06:08:00,230] {dag.py:2396} INFO - Sync 1 DAGs
[2022-08-08 06:08:00,310] {logging_mixin.py:109} INFO - [2022-08-08 06:08:00,309] {dag.py:2935} INFO - Setting next_dagrun for example_python_operator to None
[2022-08-08 06:08:00,330] {processor.py:171} INFO - Processing /home/airflow/.local/lib/python3.7/site-packages/airflow/example_dags/example_python_operator.py took 0.209 seconds
[2022-08-08 06:08:30,377] {processor.py:163} INFO - Started process (PID=220) to work on /home/airflow/.local/lib/python3.7/site-packages/airflow/example_dags/example_python_operator.py
[2022-08-08 06:08:30,379] {processor.py:642} INFO - Processing file /home/airflow/.local/lib/python3.7/site-packages/airflow/example_dags/example_python_operator.py for tasks to queue
[2022-08-08 06:08:30,381] {logging_mixin.py:109} INFO - [2022-08-08 06:08:30,381] {dagbag.py:500} INFO - Filling up the DagBag from /home/airflow/.local/lib/python3.7/site-packages/airflow/example_dags/example_python_operator.py
[2022-08-08 06:08:30,419] {processor.py:654} INFO - DAG(s) dict_keys(['example_python_operator']) retrieved from /home/airflow/.local/lib/python3.7/site-packages/airflow/example_dags/example_python_operator.py
[2022-08-08 06:08:30,430] {logging_mixin.py:109} INFO - [2022-08-08 06:08:30,430] {dag.py:2396} INFO - Sync 1 DAGs
[2022-08-08 06:08:30,446] {logging_mixin.py:109} INFO - [2022-08-08 06:08:30,445] {dag.py:2935} INFO - Setting next_dagrun for example_python_operator to None
[2022-08-08 06:08:30,458] {processor.py:171} INFO - Processing /home/airflow/.local/lib/python3.7/site-packages/airflow/example_dags/example_python_operator.py took 0.085 seconds
[2022-08-08 06:09:00,551] {processor.py:163} INFO - Started process (PID=290) to work on /home/airflow/.local/lib/python3.7/site-packages/airflow/example_dags/example_python_operator.py
[2022-08-08 06:09:00,554] {processor.py:642} INFO - Processing file /home/airflow/.local/lib/python3.7/site-packages/airflow/example_dags/example_python_operator.py for tasks to queue
[2022-08-08 06:09:00,555] {logging_mixin.py:109} INFO - [2022-08-08 06:09:00,555] {dagbag.py:500} INFO - Filling up the DagBag from /home/airflow/.local/lib/python3.7/site-packages/airflow/example_dags/example_python_operator.py
[2022-08-08 06:09:00,593] {processor.py:654} INFO - DAG(s) dict_keys(['example_python_operator']) retrieved from /home/airflow/.local/lib/python3.7/site-packages/airflow/example_dags/example_python_operator.py
[2022-08-08 06:09:00,611] {logging_mixin.py:109} INFO - [2022-08-08 06:09:00,611] {dag.py:2396} INFO - Sync 1 DAGs
[2022-08-08 06:09:00,629] {logging_mixin.py:109} INFO - [2022-08-08 06:09:00,629] {dag.py:2935} INFO - Setting next_dagrun for example_python_operator to None
[2022-08-08 06:09:00,639] {processor.py:171} INFO - Processing /home/airflow/.local/lib/python3.7/site-packages/airflow/example_dags/example_python_operator.py took 0.091 seconds
[2022-08-08 06:09:31,061] {processor.py:163} INFO - Started process (PID=351) to work on /home/airflow/.local/lib/python3.7/site-packages/airflow/example_dags/example_python_operator.py
[2022-08-08 06:09:31,063] {processor.py:642} INFO - Processing file /home/airflow/.local/lib/python3.7/site-packages/airflow/example_dags/example_python_operator.py for tasks to queue
[2022-08-08 06:09:31,066] {logging_mixin.py:109} INFO - [2022-08-08 06:09:31,066] {dagbag.py:500} INFO - Filling up the DagBag from /home/airflow/.local/lib/python3.7/site-packages/airflow/example_dags/example_python_operator.py
[2022-08-08 06:09:31,115] {processor.py:654} INFO - DAG(s) dict_keys(['example_python_operator']) retrieved from /home/airflow/.local/lib/python3.7/site-packages/airflow/example_dags/example_python_operator.py
[2022-08-08 06:09:31,128] {logging_mixin.py:109} INFO - [2022-08-08 06:09:31,127] {dag.py:2396} INFO - Sync 1 DAGs
[2022-08-08 06:09:31,147] {logging_mixin.py:109} INFO - [2022-08-08 06:09:31,147] {dag.py:2935} INFO - Setting next_dagrun for example_python_operator to None
[2022-08-08 06:09:31,163] {processor.py:171} INFO - Processing /home/airflow/.local/lib/python3.7/site-packages/airflow/example_dags/example_python_operator.py took 0.106 seconds
[2022-08-08 06:10:01,360] {processor.py:163} INFO - Started process (PID=420) to work on /home/airflow/.local/lib/python3.7/site-packages/airflow/example_dags/example_python_operator.py
[2022-08-08 06:10:01,373] {processor.py:642} INFO - Processing file /home/airflow/.local/lib/python3.7/site-packages/airflow/example_dags/example_python_operator.py for tasks to queue
[2022-08-08 06:10:01,375] {logging_mixin.py:109} INFO - [2022-08-08 06:10:01,375] {dagbag.py:500} INFO - Filling up the DagBag from /home/airflow/.local/lib/python3.7/site-packages/airflow/example_dags/example_python_operator.py
[2022-08-08 06:10:01,434] {processor.py:654} INFO - DAG(s) dict_keys(['example_python_operator']) retrieved from /home/airflow/.local/lib/python3.7/site-packages/airflow/example_dags/example_python_operator.py
[2022-08-08 06:10:01,447] {logging_mixin.py:109} INFO - [2022-08-08 06:10:01,447] {dag.py:2396} INFO - Sync 1 DAGs
[2022-08-08 06:10:01,466] {logging_mixin.py:109} INFO - [2022-08-08 06:10:01,466] {dag.py:2935} INFO - Setting next_dagrun for example_python_operator to None
[2022-08-08 06:10:01,486] {processor.py:171} INFO - Processing /home/airflow/.local/lib/python3.7/site-packages/airflow/example_dags/example_python_operator.py took 0.130 seconds
[2022-08-08 06:10:31,816] {processor.py:163} INFO - Started process (PID=480) to work on /home/airflow/.local/lib/python3.7/site-packages/airflow/example_dags/example_python_operator.py
[2022-08-08 06:10:31,818] {processor.py:642} INFO - Processing file /home/airflow/.local/lib/python3.7/site-packages/airflow/example_dags/example_python_operator.py for tasks to queue
[2022-08-08 06:10:31,820] {logging_mixin.py:109} INFO - [2022-08-08 06:10:31,820] {dagbag.py:500} INFO - Filling up the DagBag from /home/airflow/.local/lib/python3.7/site-packages/airflow/example_dags/example_python_operator.py
[2022-08-08 06:10:31,884] {processor.py:654} INFO - DAG(s) dict_keys(['example_python_operator']) retrieved from /home/airflow/.local/lib/python3.7/site-packages/airflow/example_dags/example_python_operator.py
[2022-08-08 06:10:31,899] {logging_mixin.py:109} INFO - [2022-08-08 06:10:31,899] {dag.py:2396} INFO - Sync 1 DAGs
[2022-08-08 06:10:31,929] {logging_mixin.py:109} INFO - [2022-08-08 06:10:31,929] {dag.py:2935} INFO - Setting next_dagrun for example_python_operator to None
[2022-08-08 06:10:31,949] {processor.py:171} INFO - Processing /home/airflow/.local/lib/python3.7/site-packages/airflow/example_dags/example_python_operator.py took 0.137 seconds
[2022-08-08 06:11:02,143] {processor.py:163} INFO - Started process (PID=541) to work on /home/airflow/.local/lib/python3.7/site-packages/airflow/example_dags/example_python_operator.py
[2022-08-08 06:11:02,146] {processor.py:642} INFO - Processing file /home/airflow/.local/lib/python3.7/site-packages/airflow/example_dags/example_python_operator.py for tasks to queue
[2022-08-08 06:11:02,147] {logging_mixin.py:109} INFO - [2022-08-08 06:11:02,147] {dagbag.py:500} INFO - Filling up the DagBag from /home/airflow/.local/lib/python3.7/site-packages/airflow/example_dags/example_python_operator.py
[2022-08-08 06:11:02,183] {processor.py:654} INFO - DAG(s) dict_keys(['example_python_operator']) retrieved from /home/airflow/.local/lib/python3.7/site-packages/airflow/example_dags/example_python_operator.py
[2022-08-08 06:11:02,195] {logging_mixin.py:109} INFO - [2022-08-08 06:11:02,195] {dag.py:2396} INFO - Sync 1 DAGs
[2022-08-08 06:11:02,211] {logging_mixin.py:109} INFO - [2022-08-08 06:11:02,210] {dag.py:2935} INFO - Setting next_dagrun for example_python_operator to None
[2022-08-08 06:11:02,255] {processor.py:171} INFO - Processing /home/airflow/.local/lib/python3.7/site-packages/airflow/example_dags/example_python_operator.py took 0.116 seconds
[2022-08-08 06:11:32,377] {processor.py:163} INFO - Started process (PID=611) to work on /home/airflow/.local/lib/python3.7/site-packages/airflow/example_dags/example_python_operator.py
[2022-08-08 06:11:32,380] {processor.py:642} INFO - Processing file /home/airflow/.local/lib/python3.7/site-packages/airflow/example_dags/example_python_operator.py for tasks to queue
[2022-08-08 06:11:32,381] {logging_mixin.py:109} INFO - [2022-08-08 06:11:32,381] {dagbag.py:500} INFO - Filling up the DagBag from /home/airflow/.local/lib/python3.7/site-packages/airflow/example_dags/example_python_operator.py
[2022-08-08 06:11:32,418] {processor.py:654} INFO - DAG(s) dict_keys(['example_python_operator']) retrieved from /home/airflow/.local/lib/python3.7/site-packages/airflow/example_dags/example_python_operator.py
[2022-08-08 06:11:32,431] {logging_mixin.py:109} INFO - [2022-08-08 06:11:32,431] {dag.py:2396} INFO - Sync 1 DAGs
[2022-08-08 06:11:32,447] {logging_mixin.py:109} INFO - [2022-08-08 06:11:32,447] {dag.py:2935} INFO - Setting next_dagrun for example_python_operator to None
[2022-08-08 06:11:32,460] {processor.py:171} INFO - Processing /home/airflow/.local/lib/python3.7/site-packages/airflow/example_dags/example_python_operator.py took 0.086 seconds
[2022-08-08 06:12:02,847] {processor.py:163} INFO - Started process (PID=671) to work on /home/airflow/.local/lib/python3.7/site-packages/airflow/example_dags/example_python_operator.py
[2022-08-08 06:12:02,849] {processor.py:642} INFO - Processing file /home/airflow/.local/lib/python3.7/site-packages/airflow/example_dags/example_python_operator.py for tasks to queue
[2022-08-08 06:12:02,851] {logging_mixin.py:109} INFO - [2022-08-08 06:12:02,851] {dagbag.py:500} INFO - Filling up the DagBag from /home/airflow/.local/lib/python3.7/site-packages/airflow/example_dags/example_python_operator.py
[2022-08-08 06:12:02,885] {processor.py:654} INFO - DAG(s) dict_keys(['example_python_operator']) retrieved from /home/airflow/.local/lib/python3.7/site-packages/airflow/example_dags/example_python_operator.py
[2022-08-08 06:12:02,896] {logging_mixin.py:109} INFO - [2022-08-08 06:12:02,896] {dag.py:2396} INFO - Sync 1 DAGs
[2022-08-08 06:12:02,911] {logging_mixin.py:109} INFO - [2022-08-08 06:12:02,910] {dag.py:2935} INFO - Setting next_dagrun for example_python_operator to None
[2022-08-08 06:12:02,921] {processor.py:171} INFO - Processing /home/airflow/.local/lib/python3.7/site-packages/airflow/example_dags/example_python_operator.py took 0.079 seconds
[2022-08-08 06:12:33,531] {processor.py:163} INFO - Started process (PID=740) to work on /home/airflow/.local/lib/python3.7/site-packages/airflow/example_dags/example_python_operator.py
[2022-08-08 06:12:33,539] {processor.py:642} INFO - Processing file /home/airflow/.local/lib/python3.7/site-packages/airflow/example_dags/example_python_operator.py for tasks to queue
[2022-08-08 06:12:33,542] {logging_mixin.py:109} INFO - [2022-08-08 06:12:33,542] {dagbag.py:500} INFO - Filling up the DagBag from /home/airflow/.local/lib/python3.7/site-packages/airflow/example_dags/example_python_operator.py
[2022-08-08 06:12:33,598] {processor.py:654} INFO - DAG(s) dict_keys(['example_python_operator']) retrieved from /home/airflow/.local/lib/python3.7/site-packages/airflow/example_dags/example_python_operator.py
[2022-08-08 06:12:33,629] {logging_mixin.py:109} INFO - [2022-08-08 06:12:33,629] {dag.py:2396} INFO - Sync 1 DAGs
[2022-08-08 06:12:33,649] {logging_mixin.py:109} INFO - [2022-08-08 06:12:33,648] {dag.py:2935} INFO - Setting next_dagrun for example_python_operator to None
[2022-08-08 06:12:33,661] {processor.py:171} INFO - Processing /home/airflow/.local/lib/python3.7/site-packages/airflow/example_dags/example_python_operator.py took 0.137 seconds
[2022-08-08 06:13:03,750] {processor.py:163} INFO - Started process (PID=800) to work on /home/airflow/.local/lib/python3.7/site-packages/airflow/example_dags/example_python_operator.py
[2022-08-08 06:13:03,753] {processor.py:642} INFO - Processing file /home/airflow/.local/lib/python3.7/site-packages/airflow/example_dags/example_python_operator.py for tasks to queue
[2022-08-08 06:13:03,755] {logging_mixin.py:109} INFO - [2022-08-08 06:13:03,755] {dagbag.py:500} INFO - Filling up the DagBag from /home/airflow/.local/lib/python3.7/site-packages/airflow/example_dags/example_python_operator.py
[2022-08-08 06:13:03,801] {processor.py:654} INFO - DAG(s) dict_keys(['example_python_operator']) retrieved from /home/airflow/.local/lib/python3.7/site-packages/airflow/example_dags/example_python_operator.py
[2022-08-08 06:13:03,816] {logging_mixin.py:109} INFO - [2022-08-08 06:13:03,816] {dag.py:2396} INFO - Sync 1 DAGs
[2022-08-08 06:13:03,835] {logging_mixin.py:109} INFO - [2022-08-08 06:13:03,835] {dag.py:2935} INFO - Setting next_dagrun for example_python_operator to None
[2022-08-08 06:13:03,849] {processor.py:171} INFO - Processing /home/airflow/.local/lib/python3.7/site-packages/airflow/example_dags/example_python_operator.py took 0.106 seconds
[2022-08-08 06:13:34,558] {processor.py:163} INFO - Started process (PID=870) to work on /home/airflow/.local/lib/python3.7/site-packages/airflow/example_dags/example_python_operator.py
[2022-08-08 06:13:34,560] {processor.py:642} INFO - Processing file /home/airflow/.local/lib/python3.7/site-packages/airflow/example_dags/example_python_operator.py for tasks to queue
[2022-08-08 06:13:34,562] {logging_mixin.py:109} INFO - [2022-08-08 06:13:34,562] {dagbag.py:500} INFO - Filling up the DagBag from /home/airflow/.local/lib/python3.7/site-packages/airflow/example_dags/example_python_operator.py
[2022-08-08 06:13:34,602] {processor.py:654} INFO - DAG(s) dict_keys(['example_python_operator']) retrieved from /home/airflow/.local/lib/python3.7/site-packages/airflow/example_dags/example_python_operator.py
[2022-08-08 06:13:34,615] {logging_mixin.py:109} INFO - [2022-08-08 06:13:34,615] {dag.py:2396} INFO - Sync 1 DAGs
[2022-08-08 06:13:34,633] {logging_mixin.py:109} INFO - [2022-08-08 06:13:34,633] {dag.py:2935} INFO - Setting next_dagrun for example_python_operator to None
[2022-08-08 06:13:34,645] {processor.py:171} INFO - Processing /home/airflow/.local/lib/python3.7/site-packages/airflow/example_dags/example_python_operator.py took 0.091 seconds
[2022-08-08 06:14:05,290] {processor.py:163} INFO - Started process (PID=930) to work on /home/airflow/.local/lib/python3.7/site-packages/airflow/example_dags/example_python_operator.py
[2022-08-08 06:14:05,293] {processor.py:642} INFO - Processing file /home/airflow/.local/lib/python3.7/site-packages/airflow/example_dags/example_python_operator.py for tasks to queue
[2022-08-08 06:14:05,295] {logging_mixin.py:109} INFO - [2022-08-08 06:14:05,295] {dagbag.py:500} INFO - Filling up the DagBag from /home/airflow/.local/lib/python3.7/site-packages/airflow/example_dags/example_python_operator.py
[2022-08-08 06:14:05,334] {processor.py:654} INFO - DAG(s) dict_keys(['example_python_operator']) retrieved from /home/airflow/.local/lib/python3.7/site-packages/airflow/example_dags/example_python_operator.py
[2022-08-08 06:14:05,347] {logging_mixin.py:109} INFO - [2022-08-08 06:14:05,347] {dag.py:2396} INFO - Sync 1 DAGs
[2022-08-08 06:14:05,366] {logging_mixin.py:109} INFO - [2022-08-08 06:14:05,366] {dag.py:2935} INFO - Setting next_dagrun for example_python_operator to None
[2022-08-08 06:14:05,379] {processor.py:171} INFO - Processing /home/airflow/.local/lib/python3.7/site-packages/airflow/example_dags/example_python_operator.py took 0.094 seconds
[2022-08-08 06:14:35,938] {processor.py:163} INFO - Started process (PID=1000) to work on /home/airflow/.local/lib/python3.7/site-packages/airflow/example_dags/example_python_operator.py
[2022-08-08 06:14:35,941] {processor.py:642} INFO - Processing file /home/airflow/.local/lib/python3.7/site-packages/airflow/example_dags/example_python_operator.py for tasks to queue
[2022-08-08 06:14:35,942] {logging_mixin.py:109} INFO - [2022-08-08 06:14:35,942] {dagbag.py:500} INFO - Filling up the DagBag from /home/airflow/.local/lib/python3.7/site-packages/airflow/example_dags/example_python_operator.py
[2022-08-08 06:14:35,977] {processor.py:654} INFO - DAG(s) dict_keys(['example_python_operator']) retrieved from /home/airflow/.local/lib/python3.7/site-packages/airflow/example_dags/example_python_operator.py
[2022-08-08 06:14:35,989] {logging_mixin.py:109} INFO - [2022-08-08 06:14:35,989] {dag.py:2396} INFO - Sync 1 DAGs
[2022-08-08 06:14:36,006] {logging_mixin.py:109} INFO - [2022-08-08 06:14:36,005] {dag.py:2935} INFO - Setting next_dagrun for example_python_operator to None
[2022-08-08 06:14:36,018] {processor.py:171} INFO - Processing /home/airflow/.local/lib/python3.7/site-packages/airflow/example_dags/example_python_operator.py took 0.084 seconds
[2022-08-08 06:15:06,095] {processor.py:163} INFO - Started process (PID=1061) to work on /home/airflow/.local/lib/python3.7/site-packages/airflow/example_dags/example_python_operator.py
[2022-08-08 06:15:06,099] {processor.py:642} INFO - Processing file /home/airflow/.local/lib/python3.7/site-packages/airflow/example_dags/example_python_operator.py for tasks to queue
[2022-08-08 06:15:06,101] {logging_mixin.py:109} INFO - [2022-08-08 06:15:06,101] {dagbag.py:500} INFO - Filling up the DagBag from /home/airflow/.local/lib/python3.7/site-packages/airflow/example_dags/example_python_operator.py
[2022-08-08 06:15:06,138] {processor.py:654} INFO - DAG(s) dict_keys(['example_python_operator']) retrieved from /home/airflow/.local/lib/python3.7/site-packages/airflow/example_dags/example_python_operator.py
[2022-08-08 06:15:06,149] {logging_mixin.py:109} INFO - [2022-08-08 06:15:06,149] {dag.py:2396} INFO - Sync 1 DAGs
[2022-08-08 06:15:06,164] {logging_mixin.py:109} INFO - [2022-08-08 06:15:06,164] {dag.py:2935} INFO - Setting next_dagrun for example_python_operator to None
[2022-08-08 06:15:06,175] {processor.py:171} INFO - Processing /home/airflow/.local/lib/python3.7/site-packages/airflow/example_dags/example_python_operator.py took 0.086 seconds
[2022-08-08 06:15:36,562] {processor.py:163} INFO - Started process (PID=1122) to work on /home/airflow/.local/lib/python3.7/site-packages/airflow/example_dags/example_python_operator.py
[2022-08-08 06:15:36,564] {processor.py:642} INFO - Processing file /home/airflow/.local/lib/python3.7/site-packages/airflow/example_dags/example_python_operator.py for tasks to queue
[2022-08-08 06:15:36,566] {logging_mixin.py:109} INFO - [2022-08-08 06:15:36,566] {dagbag.py:500} INFO - Filling up the DagBag from /home/airflow/.local/lib/python3.7/site-packages/airflow/example_dags/example_python_operator.py
[2022-08-08 06:15:36,603] {processor.py:654} INFO - DAG(s) dict_keys(['example_python_operator']) retrieved from /home/airflow/.local/lib/python3.7/site-packages/airflow/example_dags/example_python_operator.py
[2022-08-08 06:15:36,616] {logging_mixin.py:109} INFO - [2022-08-08 06:15:36,616] {dag.py:2396} INFO - Sync 1 DAGs
[2022-08-08 06:15:36,634] {logging_mixin.py:109} INFO - [2022-08-08 06:15:36,634] {dag.py:2935} INFO - Setting next_dagrun for example_python_operator to None
[2022-08-08 06:15:36,646] {processor.py:171} INFO - Processing /home/airflow/.local/lib/python3.7/site-packages/airflow/example_dags/example_python_operator.py took 0.088 seconds
[2022-08-08 06:16:07,188] {processor.py:163} INFO - Started process (PID=1191) to work on /home/airflow/.local/lib/python3.7/site-packages/airflow/example_dags/example_python_operator.py
[2022-08-08 06:16:07,191] {processor.py:642} INFO - Processing file /home/airflow/.local/lib/python3.7/site-packages/airflow/example_dags/example_python_operator.py for tasks to queue
[2022-08-08 06:16:07,193] {logging_mixin.py:109} INFO - [2022-08-08 06:16:07,193] {dagbag.py:500} INFO - Filling up the DagBag from /home/airflow/.local/lib/python3.7/site-packages/airflow/example_dags/example_python_operator.py
[2022-08-08 06:16:07,226] {processor.py:654} INFO - DAG(s) dict_keys(['example_python_operator']) retrieved from /home/airflow/.local/lib/python3.7/site-packages/airflow/example_dags/example_python_operator.py
[2022-08-08 06:16:07,239] {logging_mixin.py:109} INFO - [2022-08-08 06:16:07,239] {dag.py:2396} INFO - Sync 1 DAGs
[2022-08-08 06:16:07,254] {logging_mixin.py:109} INFO - [2022-08-08 06:16:07,254] {dag.py:2935} INFO - Setting next_dagrun for example_python_operator to None
[2022-08-08 06:16:07,264] {processor.py:171} INFO - Processing /home/airflow/.local/lib/python3.7/site-packages/airflow/example_dags/example_python_operator.py took 0.081 seconds
[2022-08-08 06:16:37,521] {processor.py:163} INFO - Started process (PID=1253) to work on /home/airflow/.local/lib/python3.7/site-packages/airflow/example_dags/example_python_operator.py
[2022-08-08 06:16:37,524] {processor.py:642} INFO - Processing file /home/airflow/.local/lib/python3.7/site-packages/airflow/example_dags/example_python_operator.py for tasks to queue
[2022-08-08 06:16:37,526] {logging_mixin.py:109} INFO - [2022-08-08 06:16:37,526] {dagbag.py:500} INFO - Filling up the DagBag from /home/airflow/.local/lib/python3.7/site-packages/airflow/example_dags/example_python_operator.py
[2022-08-08 06:16:37,565] {processor.py:654} INFO - DAG(s) dict_keys(['example_python_operator']) retrieved from /home/airflow/.local/lib/python3.7/site-packages/airflow/example_dags/example_python_operator.py
[2022-08-08 06:16:37,580] {logging_mixin.py:109} INFO - [2022-08-08 06:16:37,580] {dag.py:2396} INFO - Sync 1 DAGs
[2022-08-08 06:16:37,599] {logging_mixin.py:109} INFO - [2022-08-08 06:16:37,599] {dag.py:2935} INFO - Setting next_dagrun for example_python_operator to None
[2022-08-08 06:16:37,609] {processor.py:171} INFO - Processing /home/airflow/.local/lib/python3.7/site-packages/airflow/example_dags/example_python_operator.py took 0.097 seconds
[2022-08-08 06:17:07,871] {processor.py:163} INFO - Started process (PID=1324) to work on /home/airflow/.local/lib/python3.7/site-packages/airflow/example_dags/example_python_operator.py
[2022-08-08 06:17:07,874] {processor.py:642} INFO - Processing file /home/airflow/.local/lib/python3.7/site-packages/airflow/example_dags/example_python_operator.py for tasks to queue
[2022-08-08 06:17:07,875] {logging_mixin.py:109} INFO - [2022-08-08 06:17:07,875] {dagbag.py:500} INFO - Filling up the DagBag from /home/airflow/.local/lib/python3.7/site-packages/airflow/example_dags/example_python_operator.py
[2022-08-08 06:17:07,908] {processor.py:654} INFO - DAG(s) dict_keys(['example_python_operator']) retrieved from /home/airflow/.local/lib/python3.7/site-packages/airflow/example_dags/example_python_operator.py
[2022-08-08 06:17:07,919] {logging_mixin.py:109} INFO - [2022-08-08 06:17:07,919] {dag.py:2396} INFO - Sync 1 DAGs
[2022-08-08 06:17:07,936] {logging_mixin.py:109} INFO - [2022-08-08 06:17:07,936] {dag.py:2935} INFO - Setting next_dagrun for example_python_operator to None
[2022-08-08 06:17:07,947] {processor.py:171} INFO - Processing /home/airflow/.local/lib/python3.7/site-packages/airflow/example_dags/example_python_operator.py took 0.079 seconds
[2022-08-08 06:17:38,762] {processor.py:163} INFO - Started process (PID=1386) to work on /home/airflow/.local/lib/python3.7/site-packages/airflow/example_dags/example_python_operator.py
[2022-08-08 06:17:38,765] {processor.py:642} INFO - Processing file /home/airflow/.local/lib/python3.7/site-packages/airflow/example_dags/example_python_operator.py for tasks to queue
[2022-08-08 06:17:38,767] {logging_mixin.py:109} INFO - [2022-08-08 06:17:38,767] {dagbag.py:500} INFO - Filling up the DagBag from /home/airflow/.local/lib/python3.7/site-packages/airflow/example_dags/example_python_operator.py
[2022-08-08 06:17:38,800] {processor.py:654} INFO - DAG(s) dict_keys(['example_python_operator']) retrieved from /home/airflow/.local/lib/python3.7/site-packages/airflow/example_dags/example_python_operator.py
[2022-08-08 06:17:38,811] {logging_mixin.py:109} INFO - [2022-08-08 06:17:38,811] {dag.py:2396} INFO - Sync 1 DAGs
[2022-08-08 06:17:38,825] {logging_mixin.py:109} INFO - [2022-08-08 06:17:38,825] {dag.py:2935} INFO - Setting next_dagrun for example_python_operator to None
[2022-08-08 06:17:38,835] {processor.py:171} INFO - Processing /home/airflow/.local/lib/python3.7/site-packages/airflow/example_dags/example_python_operator.py took 0.078 seconds
[2022-08-08 06:18:09,463] {processor.py:163} INFO - Started process (PID=1457) to work on /home/airflow/.local/lib/python3.7/site-packages/airflow/example_dags/example_python_operator.py
[2022-08-08 06:18:09,466] {processor.py:642} INFO - Processing file /home/airflow/.local/lib/python3.7/site-packages/airflow/example_dags/example_python_operator.py for tasks to queue
[2022-08-08 06:18:09,467] {logging_mixin.py:109} INFO - [2022-08-08 06:18:09,467] {dagbag.py:500} INFO - Filling up the DagBag from /home/airflow/.local/lib/python3.7/site-packages/airflow/example_dags/example_python_operator.py
[2022-08-08 06:18:09,499] {processor.py:654} INFO - DAG(s) dict_keys(['example_python_operator']) retrieved from /home/airflow/.local/lib/python3.7/site-packages/airflow/example_dags/example_python_operator.py
[2022-08-08 06:18:09,511] {logging_mixin.py:109} INFO - [2022-08-08 06:18:09,511] {dag.py:2396} INFO - Sync 1 DAGs
[2022-08-08 06:18:09,526] {logging_mixin.py:109} INFO - [2022-08-08 06:18:09,526] {dag.py:2935} INFO - Setting next_dagrun for example_python_operator to None
[2022-08-08 06:18:09,538] {processor.py:171} INFO - Processing /home/airflow/.local/lib/python3.7/site-packages/airflow/example_dags/example_python_operator.py took 0.085 seconds
[2022-08-08 06:18:39,617] {processor.py:163} INFO - Started process (PID=1518) to work on /home/airflow/.local/lib/python3.7/site-packages/airflow/example_dags/example_python_operator.py
[2022-08-08 06:18:39,620] {processor.py:642} INFO - Processing file /home/airflow/.local/lib/python3.7/site-packages/airflow/example_dags/example_python_operator.py for tasks to queue
[2022-08-08 06:18:39,622] {logging_mixin.py:109} INFO - [2022-08-08 06:18:39,621] {dagbag.py:500} INFO - Filling up the DagBag from /home/airflow/.local/lib/python3.7/site-packages/airflow/example_dags/example_python_operator.py
[2022-08-08 06:18:39,659] {processor.py:654} INFO - DAG(s) dict_keys(['example_python_operator']) retrieved from /home/airflow/.local/lib/python3.7/site-packages/airflow/example_dags/example_python_operator.py
[2022-08-08 06:18:39,672] {logging_mixin.py:109} INFO - [2022-08-08 06:18:39,672] {dag.py:2396} INFO - Sync 1 DAGs
[2022-08-08 06:18:39,688] {logging_mixin.py:109} INFO - [2022-08-08 06:18:39,688] {dag.py:2935} INFO - Setting next_dagrun for example_python_operator to None
[2022-08-08 06:18:39,702] {processor.py:171} INFO - Processing /home/airflow/.local/lib/python3.7/site-packages/airflow/example_dags/example_python_operator.py took 0.090 seconds
[2022-08-08 06:19:09,882] {processor.py:163} INFO - Started process (PID=1588) to work on /home/airflow/.local/lib/python3.7/site-packages/airflow/example_dags/example_python_operator.py
[2022-08-08 06:19:09,884] {processor.py:642} INFO - Processing file /home/airflow/.local/lib/python3.7/site-packages/airflow/example_dags/example_python_operator.py for tasks to queue
[2022-08-08 06:19:09,886] {logging_mixin.py:109} INFO - [2022-08-08 06:19:09,886] {dagbag.py:500} INFO - Filling up the DagBag from /home/airflow/.local/lib/python3.7/site-packages/airflow/example_dags/example_python_operator.py
[2022-08-08 06:19:09,922] {processor.py:654} INFO - DAG(s) dict_keys(['example_python_operator']) retrieved from /home/airflow/.local/lib/python3.7/site-packages/airflow/example_dags/example_python_operator.py
[2022-08-08 06:19:09,935] {logging_mixin.py:109} INFO - [2022-08-08 06:19:09,935] {dag.py:2396} INFO - Sync 1 DAGs
[2022-08-08 06:19:09,954] {logging_mixin.py:109} INFO - [2022-08-08 06:19:09,954] {dag.py:2935} INFO - Setting next_dagrun for example_python_operator to None
[2022-08-08 06:19:09,965] {processor.py:171} INFO - Processing /home/airflow/.local/lib/python3.7/site-packages/airflow/example_dags/example_python_operator.py took 0.090 seconds
[2022-08-08 06:19:40,588] {processor.py:163} INFO - Started process (PID=1649) to work on /home/airflow/.local/lib/python3.7/site-packages/airflow/example_dags/example_python_operator.py
[2022-08-08 06:19:40,590] {processor.py:642} INFO - Processing file /home/airflow/.local/lib/python3.7/site-packages/airflow/example_dags/example_python_operator.py for tasks to queue
[2022-08-08 06:19:40,592] {logging_mixin.py:109} INFO - [2022-08-08 06:19:40,592] {dagbag.py:500} INFO - Filling up the DagBag from /home/airflow/.local/lib/python3.7/site-packages/airflow/example_dags/example_python_operator.py
[2022-08-08 06:19:40,632] {processor.py:654} INFO - DAG(s) dict_keys(['example_python_operator']) retrieved from /home/airflow/.local/lib/python3.7/site-packages/airflow/example_dags/example_python_operator.py
[2022-08-08 06:19:40,647] {logging_mixin.py:109} INFO - [2022-08-08 06:19:40,647] {dag.py:2396} INFO - Sync 1 DAGs
[2022-08-08 06:19:40,667] {logging_mixin.py:109} INFO - [2022-08-08 06:19:40,667] {dag.py:2935} INFO - Setting next_dagrun for example_python_operator to None
[2022-08-08 06:19:40,682] {processor.py:171} INFO - Processing /home/airflow/.local/lib/python3.7/site-packages/airflow/example_dags/example_python_operator.py took 0.099 seconds
[2022-08-08 06:20:10,882] {processor.py:163} INFO - Started process (PID=1719) to work on /home/airflow/.local/lib/python3.7/site-packages/airflow/example_dags/example_python_operator.py
[2022-08-08 06:20:10,884] {processor.py:642} INFO - Processing file /home/airflow/.local/lib/python3.7/site-packages/airflow/example_dags/example_python_operator.py for tasks to queue
[2022-08-08 06:20:10,886] {logging_mixin.py:109} INFO - [2022-08-08 06:20:10,886] {dagbag.py:500} INFO - Filling up the DagBag from /home/airflow/.local/lib/python3.7/site-packages/airflow/example_dags/example_python_operator.py
[2022-08-08 06:20:10,924] {processor.py:654} INFO - DAG(s) dict_keys(['example_python_operator']) retrieved from /home/airflow/.local/lib/python3.7/site-packages/airflow/example_dags/example_python_operator.py
[2022-08-08 06:20:10,943] {logging_mixin.py:109} INFO - [2022-08-08 06:20:10,943] {dag.py:2396} INFO - Sync 1 DAGs
[2022-08-08 06:20:10,968] {logging_mixin.py:109} INFO - [2022-08-08 06:20:10,968] {dag.py:2935} INFO - Setting next_dagrun for example_python_operator to None
[2022-08-08 06:20:10,982] {processor.py:171} INFO - Processing /home/airflow/.local/lib/python3.7/site-packages/airflow/example_dags/example_python_operator.py took 0.104 seconds
[2022-08-08 06:20:41,229] {processor.py:163} INFO - Started process (PID=1779) to work on /home/airflow/.local/lib/python3.7/site-packages/airflow/example_dags/example_python_operator.py
[2022-08-08 06:20:41,231] {processor.py:642} INFO - Processing file /home/airflow/.local/lib/python3.7/site-packages/airflow/example_dags/example_python_operator.py for tasks to queue
[2022-08-08 06:20:41,233] {logging_mixin.py:109} INFO - [2022-08-08 06:20:41,233] {dagbag.py:500} INFO - Filling up the DagBag from /home/airflow/.local/lib/python3.7/site-packages/airflow/example_dags/example_python_operator.py
[2022-08-08 06:20:41,263] {processor.py:654} INFO - DAG(s) dict_keys(['example_python_operator']) retrieved from /home/airflow/.local/lib/python3.7/site-packages/airflow/example_dags/example_python_operator.py
[2022-08-08 06:20:41,275] {logging_mixin.py:109} INFO - [2022-08-08 06:20:41,274] {dag.py:2396} INFO - Sync 1 DAGs
[2022-08-08 06:20:41,387] {logging_mixin.py:109} INFO - [2022-08-08 06:20:41,387] {dag.py:2935} INFO - Setting next_dagrun for example_python_operator to None
[2022-08-08 06:20:41,397] {processor.py:171} INFO - Processing /home/airflow/.local/lib/python3.7/site-packages/airflow/example_dags/example_python_operator.py took 0.172 seconds
[2022-08-08 06:21:11,560] {processor.py:163} INFO - Started process (PID=1839) to work on /home/airflow/.local/lib/python3.7/site-packages/airflow/example_dags/example_python_operator.py
[2022-08-08 06:21:11,562] {processor.py:642} INFO - Processing file /home/airflow/.local/lib/python3.7/site-packages/airflow/example_dags/example_python_operator.py for tasks to queue
[2022-08-08 06:21:11,564] {logging_mixin.py:109} INFO - [2022-08-08 06:21:11,564] {dagbag.py:500} INFO - Filling up the DagBag from /home/airflow/.local/lib/python3.7/site-packages/airflow/example_dags/example_python_operator.py
[2022-08-08 06:21:11,599] {processor.py:654} INFO - DAG(s) dict_keys(['example_python_operator']) retrieved from /home/airflow/.local/lib/python3.7/site-packages/airflow/example_dags/example_python_operator.py
[2022-08-08 06:21:11,611] {logging_mixin.py:109} INFO - [2022-08-08 06:21:11,611] {dag.py:2396} INFO - Sync 1 DAGs
[2022-08-08 06:21:11,720] {logging_mixin.py:109} INFO - [2022-08-08 06:21:11,720] {dag.py:2935} INFO - Setting next_dagrun for example_python_operator to None
[2022-08-08 06:21:11,732] {processor.py:171} INFO - Processing /home/airflow/.local/lib/python3.7/site-packages/airflow/example_dags/example_python_operator.py took 0.175 seconds
[2022-08-08 06:21:41,814] {processor.py:163} INFO - Started process (PID=1907) to work on /home/airflow/.local/lib/python3.7/site-packages/airflow/example_dags/example_python_operator.py
[2022-08-08 06:21:41,825] {processor.py:642} INFO - Processing file /home/airflow/.local/lib/python3.7/site-packages/airflow/example_dags/example_python_operator.py for tasks to queue
[2022-08-08 06:21:41,827] {logging_mixin.py:109} INFO - [2022-08-08 06:21:41,827] {dagbag.py:500} INFO - Filling up the DagBag from /home/airflow/.local/lib/python3.7/site-packages/airflow/example_dags/example_python_operator.py
[2022-08-08 06:21:41,867] {processor.py:654} INFO - DAG(s) dict_keys(['example_python_operator']) retrieved from /home/airflow/.local/lib/python3.7/site-packages/airflow/example_dags/example_python_operator.py
[2022-08-08 06:21:41,879] {logging_mixin.py:109} INFO - [2022-08-08 06:21:41,879] {dag.py:2396} INFO - Sync 1 DAGs
[2022-08-08 06:21:41,987] {logging_mixin.py:109} INFO - [2022-08-08 06:21:41,987] {dag.py:2935} INFO - Setting next_dagrun for example_python_operator to None
[2022-08-08 06:21:42,000] {processor.py:171} INFO - Processing /home/airflow/.local/lib/python3.7/site-packages/airflow/example_dags/example_python_operator.py took 0.191 seconds
[2022-08-08 06:22:12,082] {processor.py:163} INFO - Started process (PID=1968) to work on /home/airflow/.local/lib/python3.7/site-packages/airflow/example_dags/example_python_operator.py
[2022-08-08 06:22:12,085] {processor.py:642} INFO - Processing file /home/airflow/.local/lib/python3.7/site-packages/airflow/example_dags/example_python_operator.py for tasks to queue
[2022-08-08 06:22:12,087] {logging_mixin.py:109} INFO - [2022-08-08 06:22:12,087] {dagbag.py:500} INFO - Filling up the DagBag from /home/airflow/.local/lib/python3.7/site-packages/airflow/example_dags/example_python_operator.py
[2022-08-08 06:22:12,120] {processor.py:654} INFO - DAG(s) dict_keys(['example_python_operator']) retrieved from /home/airflow/.local/lib/python3.7/site-packages/airflow/example_dags/example_python_operator.py
[2022-08-08 06:22:12,220] {logging_mixin.py:109} INFO - [2022-08-08 06:22:12,220] {dag.py:2396} INFO - Sync 1 DAGs
[2022-08-08 06:22:12,234] {logging_mixin.py:109} INFO - [2022-08-08 06:22:12,234] {dag.py:2935} INFO - Setting next_dagrun for example_python_operator to None
[2022-08-08 06:22:12,244] {processor.py:171} INFO - Processing /home/airflow/.local/lib/python3.7/site-packages/airflow/example_dags/example_python_operator.py took 0.168 seconds
[2022-08-08 06:22:42,838] {processor.py:163} INFO - Started process (PID=2037) to work on /home/airflow/.local/lib/python3.7/site-packages/airflow/example_dags/example_python_operator.py
[2022-08-08 06:22:42,841] {processor.py:642} INFO - Processing file /home/airflow/.local/lib/python3.7/site-packages/airflow/example_dags/example_python_operator.py for tasks to queue
[2022-08-08 06:22:42,843] {logging_mixin.py:109} INFO - [2022-08-08 06:22:42,843] {dagbag.py:500} INFO - Filling up the DagBag from /home/airflow/.local/lib/python3.7/site-packages/airflow/example_dags/example_python_operator.py
[2022-08-08 06:22:42,878] {processor.py:654} INFO - DAG(s) dict_keys(['example_python_operator']) retrieved from /home/airflow/.local/lib/python3.7/site-packages/airflow/example_dags/example_python_operator.py
[2022-08-08 06:22:42,975] {logging_mixin.py:109} INFO - [2022-08-08 06:22:42,975] {dag.py:2396} INFO - Sync 1 DAGs
[2022-08-08 06:22:42,991] {logging_mixin.py:109} INFO - [2022-08-08 06:22:42,991] {dag.py:2935} INFO - Setting next_dagrun for example_python_operator to None
[2022-08-08 06:22:43,003] {processor.py:171} INFO - Processing /home/airflow/.local/lib/python3.7/site-packages/airflow/example_dags/example_python_operator.py took 0.171 seconds
[2022-08-08 07:11:43,487] {processor.py:163} INFO - Started process (PID=2062) to work on /home/airflow/.local/lib/python3.7/site-packages/airflow/example_dags/example_python_operator.py
[2022-08-08 07:11:43,494] {processor.py:642} INFO - Processing file /home/airflow/.local/lib/python3.7/site-packages/airflow/example_dags/example_python_operator.py for tasks to queue
[2022-08-08 07:11:43,496] {logging_mixin.py:109} INFO - [2022-08-08 07:11:43,496] {dagbag.py:500} INFO - Filling up the DagBag from /home/airflow/.local/lib/python3.7/site-packages/airflow/example_dags/example_python_operator.py
[2022-08-08 07:11:43,797] {processor.py:654} INFO - DAG(s) dict_keys(['example_python_operator']) retrieved from /home/airflow/.local/lib/python3.7/site-packages/airflow/example_dags/example_python_operator.py
[2022-08-08 07:11:43,814] {logging_mixin.py:109} INFO - [2022-08-08 07:11:43,813] {dag.py:2396} INFO - Sync 1 DAGs
[2022-08-08 07:11:43,849] {logging_mixin.py:109} INFO - [2022-08-08 07:11:43,849] {dag.py:2935} INFO - Setting next_dagrun for example_python_operator to None
[2022-08-08 07:11:43,870] {processor.py:171} INFO - Processing /home/airflow/.local/lib/python3.7/site-packages/airflow/example_dags/example_python_operator.py took 0.387 seconds
[2022-08-08 09:12:23,443] {processor.py:163} INFO - Started process (PID=2125) to work on /home/airflow/.local/lib/python3.7/site-packages/airflow/example_dags/example_python_operator.py
[2022-08-08 09:12:23,449] {processor.py:642} INFO - Processing file /home/airflow/.local/lib/python3.7/site-packages/airflow/example_dags/example_python_operator.py for tasks to queue
[2022-08-08 09:12:23,452] {logging_mixin.py:109} INFO - [2022-08-08 09:12:23,452] {dagbag.py:500} INFO - Filling up the DagBag from /home/airflow/.local/lib/python3.7/site-packages/airflow/example_dags/example_python_operator.py
[2022-08-08 09:12:23,609] {processor.py:654} INFO - DAG(s) dict_keys(['example_python_operator']) retrieved from /home/airflow/.local/lib/python3.7/site-packages/airflow/example_dags/example_python_operator.py
[2022-08-08 09:12:23,652] {logging_mixin.py:109} INFO - [2022-08-08 09:12:23,652] {dag.py:2396} INFO - Sync 1 DAGs
[2022-08-08 09:12:23,722] {logging_mixin.py:109} INFO - [2022-08-08 09:12:23,721] {dag.py:2935} INFO - Setting next_dagrun for example_python_operator to None
[2022-08-08 09:12:23,763] {processor.py:171} INFO - Processing /home/airflow/.local/lib/python3.7/site-packages/airflow/example_dags/example_python_operator.py took 0.331 seconds
[2022-08-08 09:16:10,871] {processor.py:163} INFO - Started process (PID=2156) to work on /home/airflow/.local/lib/python3.7/site-packages/airflow/example_dags/example_python_operator.py
[2022-08-08 09:16:10,876] {processor.py:642} INFO - Processing file /home/airflow/.local/lib/python3.7/site-packages/airflow/example_dags/example_python_operator.py for tasks to queue
[2022-08-08 09:16:10,878] {logging_mixin.py:109} INFO - [2022-08-08 09:16:10,878] {dagbag.py:500} INFO - Filling up the DagBag from /home/airflow/.local/lib/python3.7/site-packages/airflow/example_dags/example_python_operator.py
[2022-08-08 09:16:10,982] {processor.py:654} INFO - DAG(s) dict_keys(['example_python_operator']) retrieved from /home/airflow/.local/lib/python3.7/site-packages/airflow/example_dags/example_python_operator.py
[2022-08-08 09:16:11,016] {logging_mixin.py:109} INFO - [2022-08-08 09:16:11,016] {dag.py:2396} INFO - Sync 1 DAGs
[2022-08-08 09:16:11,056] {logging_mixin.py:109} INFO - [2022-08-08 09:16:11,056] {dag.py:2935} INFO - Setting next_dagrun for example_python_operator to None
[2022-08-08 09:16:11,075] {processor.py:171} INFO - Processing /home/airflow/.local/lib/python3.7/site-packages/airflow/example_dags/example_python_operator.py took 0.212 seconds
[2022-08-08 09:32:37,977] {processor.py:163} INFO - Started process (PID=2232) to work on /home/airflow/.local/lib/python3.7/site-packages/airflow/example_dags/example_python_operator.py
[2022-08-08 09:32:37,991] {processor.py:642} INFO - Processing file /home/airflow/.local/lib/python3.7/site-packages/airflow/example_dags/example_python_operator.py for tasks to queue
[2022-08-08 09:32:37,997] {logging_mixin.py:109} INFO - [2022-08-08 09:32:37,996] {dagbag.py:500} INFO - Filling up the DagBag from /home/airflow/.local/lib/python3.7/site-packages/airflow/example_dags/example_python_operator.py
[2022-08-08 09:32:38,400] {processor.py:654} INFO - DAG(s) dict_keys(['example_python_operator']) retrieved from /home/airflow/.local/lib/python3.7/site-packages/airflow/example_dags/example_python_operator.py
[2022-08-08 09:32:38,527] {logging_mixin.py:109} INFO - [2022-08-08 09:32:38,527] {dag.py:2396} INFO - Sync 1 DAGs
[2022-08-08 09:32:38,748] {logging_mixin.py:109} INFO - [2022-08-08 09:32:38,748] {dag.py:2935} INFO - Setting next_dagrun for example_python_operator to None
[2022-08-08 09:32:38,948] {processor.py:171} INFO - Processing /home/airflow/.local/lib/python3.7/site-packages/airflow/example_dags/example_python_operator.py took 1.007 seconds
[2022-08-08 09:35:48,971] {processor.py:163} INFO - Started process (PID=2327) to work on /home/airflow/.local/lib/python3.7/site-packages/airflow/example_dags/example_python_operator.py
[2022-08-08 09:35:49,067] {processor.py:642} INFO - Processing file /home/airflow/.local/lib/python3.7/site-packages/airflow/example_dags/example_python_operator.py for tasks to queue
[2022-08-08 09:35:49,080] {logging_mixin.py:109} INFO - [2022-08-08 09:35:49,079] {dagbag.py:500} INFO - Filling up the DagBag from /home/airflow/.local/lib/python3.7/site-packages/airflow/example_dags/example_python_operator.py
[2022-08-08 09:35:51,608] {processor.py:654} INFO - DAG(s) dict_keys(['example_python_operator']) retrieved from /home/airflow/.local/lib/python3.7/site-packages/airflow/example_dags/example_python_operator.py
[2022-08-08 09:35:52,106] {logging_mixin.py:109} INFO - [2022-08-08 09:35:52,106] {dag.py:2396} INFO - Sync 1 DAGs
[2022-08-08 09:35:52,654] {logging_mixin.py:109} INFO - [2022-08-08 09:35:52,654] {dag.py:2935} INFO - Setting next_dagrun for example_python_operator to None
[2022-08-08 09:35:53,217] {processor.py:171} INFO - Processing /home/airflow/.local/lib/python3.7/site-packages/airflow/example_dags/example_python_operator.py took 4.429 seconds
