[2022-08-08 06:07:03,515] {processor.py:163} INFO - Started process (PID=68) to work on /home/airflow/.local/lib/python3.7/site-packages/airflow/example_dags/example_branch_python_dop_operator_3.py
[2022-08-08 06:07:03,532] {processor.py:642} INFO - Processing file /home/airflow/.local/lib/python3.7/site-packages/airflow/example_dags/example_branch_python_dop_operator_3.py for tasks to queue
[2022-08-08 06:07:03,547] {logging_mixin.py:109} INFO - [2022-08-08 06:07:03,539] {dagbag.py:500} INFO - Filling up the DagBag from /home/airflow/.local/lib/python3.7/site-packages/airflow/example_dags/example_branch_python_dop_operator_3.py
[2022-08-08 06:07:03,922] {processor.py:654} INFO - DAG(s) dict_keys(['example_branch_dop_operator_v3']) retrieved from /home/airflow/.local/lib/python3.7/site-packages/airflow/example_dags/example_branch_python_dop_operator_3.py
[2022-08-08 06:07:03,988] {logging_mixin.py:109} INFO - [2022-08-08 06:07:03,987] {dag.py:2396} INFO - Sync 1 DAGs
[2022-08-08 06:07:04,074] {logging_mixin.py:109} INFO - [2022-08-08 06:07:04,074] {dag.py:2935} INFO - Setting next_dagrun for example_branch_dop_operator_v3 to 2022-08-08T06:06:00+00:00
[2022-08-08 06:07:04,110] {processor.py:171} INFO - Processing /home/airflow/.local/lib/python3.7/site-packages/airflow/example_dags/example_branch_python_dop_operator_3.py took 0.648 seconds
[2022-08-08 06:07:36,148] {processor.py:163} INFO - Started process (PID=128) to work on /home/airflow/.local/lib/python3.7/site-packages/airflow/example_dags/example_branch_python_dop_operator_3.py
[2022-08-08 06:07:36,159] {processor.py:642} INFO - Processing file /home/airflow/.local/lib/python3.7/site-packages/airflow/example_dags/example_branch_python_dop_operator_3.py for tasks to queue
[2022-08-08 06:07:36,163] {logging_mixin.py:109} INFO - [2022-08-08 06:07:36,163] {dagbag.py:500} INFO - Filling up the DagBag from /home/airflow/.local/lib/python3.7/site-packages/airflow/example_dags/example_branch_python_dop_operator_3.py
[2022-08-08 06:07:36,395] {processor.py:654} INFO - DAG(s) dict_keys(['example_branch_dop_operator_v3']) retrieved from /home/airflow/.local/lib/python3.7/site-packages/airflow/example_dags/example_branch_python_dop_operator_3.py
[2022-08-08 06:07:36,511] {logging_mixin.py:109} INFO - [2022-08-08 06:07:36,511] {dag.py:2396} INFO - Sync 1 DAGs
[2022-08-08 06:07:36,759] {logging_mixin.py:109} INFO - [2022-08-08 06:07:36,758] {dag.py:2935} INFO - Setting next_dagrun for example_branch_dop_operator_v3 to 2022-08-08T06:06:00+00:00
[2022-08-08 06:07:36,823] {processor.py:171} INFO - Processing /home/airflow/.local/lib/python3.7/site-packages/airflow/example_dags/example_branch_python_dop_operator_3.py took 0.682 seconds
[2022-08-08 06:08:07,659] {processor.py:163} INFO - Started process (PID=188) to work on /home/airflow/.local/lib/python3.7/site-packages/airflow/example_dags/example_branch_python_dop_operator_3.py
[2022-08-08 06:08:07,664] {processor.py:642} INFO - Processing file /home/airflow/.local/lib/python3.7/site-packages/airflow/example_dags/example_branch_python_dop_operator_3.py for tasks to queue
[2022-08-08 06:08:07,667] {logging_mixin.py:109} INFO - [2022-08-08 06:08:07,666] {dagbag.py:500} INFO - Filling up the DagBag from /home/airflow/.local/lib/python3.7/site-packages/airflow/example_dags/example_branch_python_dop_operator_3.py
[2022-08-08 06:08:07,760] {processor.py:654} INFO - DAG(s) dict_keys(['example_branch_dop_operator_v3']) retrieved from /home/airflow/.local/lib/python3.7/site-packages/airflow/example_dags/example_branch_python_dop_operator_3.py
[2022-08-08 06:08:07,791] {logging_mixin.py:109} INFO - [2022-08-08 06:08:07,791] {dag.py:2396} INFO - Sync 1 DAGs
[2022-08-08 06:08:07,839] {logging_mixin.py:109} INFO - [2022-08-08 06:08:07,838] {dag.py:2935} INFO - Setting next_dagrun for example_branch_dop_operator_v3 to 2022-08-08T06:07:00+00:00
[2022-08-08 06:08:07,858] {processor.py:171} INFO - Processing /home/airflow/.local/lib/python3.7/site-packages/airflow/example_dags/example_branch_python_dop_operator_3.py took 0.206 seconds
[2022-08-08 06:08:37,920] {processor.py:163} INFO - Started process (PID=249) to work on /home/airflow/.local/lib/python3.7/site-packages/airflow/example_dags/example_branch_python_dop_operator_3.py
[2022-08-08 06:08:37,923] {processor.py:642} INFO - Processing file /home/airflow/.local/lib/python3.7/site-packages/airflow/example_dags/example_branch_python_dop_operator_3.py for tasks to queue
[2022-08-08 06:08:37,925] {logging_mixin.py:109} INFO - [2022-08-08 06:08:37,925] {dagbag.py:500} INFO - Filling up the DagBag from /home/airflow/.local/lib/python3.7/site-packages/airflow/example_dags/example_branch_python_dop_operator_3.py
[2022-08-08 06:08:37,962] {processor.py:654} INFO - DAG(s) dict_keys(['example_branch_dop_operator_v3']) retrieved from /home/airflow/.local/lib/python3.7/site-packages/airflow/example_dags/example_branch_python_dop_operator_3.py
[2022-08-08 06:08:37,975] {logging_mixin.py:109} INFO - [2022-08-08 06:08:37,975] {dag.py:2396} INFO - Sync 1 DAGs
[2022-08-08 06:08:37,995] {logging_mixin.py:109} INFO - [2022-08-08 06:08:37,994] {dag.py:2935} INFO - Setting next_dagrun for example_branch_dop_operator_v3 to 2022-08-08T06:07:00+00:00
[2022-08-08 06:08:38,010] {processor.py:171} INFO - Processing /home/airflow/.local/lib/python3.7/site-packages/airflow/example_dags/example_branch_python_dop_operator_3.py took 0.096 seconds
[2022-08-08 06:09:08,198] {processor.py:163} INFO - Started process (PID=309) to work on /home/airflow/.local/lib/python3.7/site-packages/airflow/example_dags/example_branch_python_dop_operator_3.py
[2022-08-08 06:09:08,202] {processor.py:642} INFO - Processing file /home/airflow/.local/lib/python3.7/site-packages/airflow/example_dags/example_branch_python_dop_operator_3.py for tasks to queue
[2022-08-08 06:09:08,204] {logging_mixin.py:109} INFO - [2022-08-08 06:09:08,204] {dagbag.py:500} INFO - Filling up the DagBag from /home/airflow/.local/lib/python3.7/site-packages/airflow/example_dags/example_branch_python_dop_operator_3.py
[2022-08-08 06:09:08,240] {processor.py:654} INFO - DAG(s) dict_keys(['example_branch_dop_operator_v3']) retrieved from /home/airflow/.local/lib/python3.7/site-packages/airflow/example_dags/example_branch_python_dop_operator_3.py
[2022-08-08 06:09:08,252] {logging_mixin.py:109} INFO - [2022-08-08 06:09:08,252] {dag.py:2396} INFO - Sync 1 DAGs
[2022-08-08 06:09:08,256] {logging_mixin.py:109} INFO - [2022-08-08 06:09:08,256] {dag.py:2935} INFO - Setting next_dagrun for example_branch_dop_operator_v3 to 2022-08-08T06:08:00+00:00
[2022-08-08 06:09:08,267] {processor.py:171} INFO - Processing /home/airflow/.local/lib/python3.7/site-packages/airflow/example_dags/example_branch_python_dop_operator_3.py took 0.100 seconds
[2022-08-08 06:09:38,774] {processor.py:163} INFO - Started process (PID=375) to work on /home/airflow/.local/lib/python3.7/site-packages/airflow/example_dags/example_branch_python_dop_operator_3.py
[2022-08-08 06:09:38,777] {processor.py:642} INFO - Processing file /home/airflow/.local/lib/python3.7/site-packages/airflow/example_dags/example_branch_python_dop_operator_3.py for tasks to queue
[2022-08-08 06:09:38,778] {logging_mixin.py:109} INFO - [2022-08-08 06:09:38,778] {dagbag.py:500} INFO - Filling up the DagBag from /home/airflow/.local/lib/python3.7/site-packages/airflow/example_dags/example_branch_python_dop_operator_3.py
[2022-08-08 06:09:38,814] {processor.py:654} INFO - DAG(s) dict_keys(['example_branch_dop_operator_v3']) retrieved from /home/airflow/.local/lib/python3.7/site-packages/airflow/example_dags/example_branch_python_dop_operator_3.py
[2022-08-08 06:09:38,824] {logging_mixin.py:109} INFO - [2022-08-08 06:09:38,824] {dag.py:2396} INFO - Sync 1 DAGs
[2022-08-08 06:09:38,842] {logging_mixin.py:109} INFO - [2022-08-08 06:09:38,842] {dag.py:2935} INFO - Setting next_dagrun for example_branch_dop_operator_v3 to 2022-08-08T06:08:00+00:00
[2022-08-08 06:09:38,854] {processor.py:171} INFO - Processing /home/airflow/.local/lib/python3.7/site-packages/airflow/example_dags/example_branch_python_dop_operator_3.py took 0.084 seconds
[2022-08-08 06:10:08,988] {processor.py:163} INFO - Started process (PID=434) to work on /home/airflow/.local/lib/python3.7/site-packages/airflow/example_dags/example_branch_python_dop_operator_3.py
[2022-08-08 06:10:08,992] {processor.py:642} INFO - Processing file /home/airflow/.local/lib/python3.7/site-packages/airflow/example_dags/example_branch_python_dop_operator_3.py for tasks to queue
[2022-08-08 06:10:08,994] {logging_mixin.py:109} INFO - [2022-08-08 06:10:08,994] {dagbag.py:500} INFO - Filling up the DagBag from /home/airflow/.local/lib/python3.7/site-packages/airflow/example_dags/example_branch_python_dop_operator_3.py
[2022-08-08 06:10:09,028] {processor.py:654} INFO - DAG(s) dict_keys(['example_branch_dop_operator_v3']) retrieved from /home/airflow/.local/lib/python3.7/site-packages/airflow/example_dags/example_branch_python_dop_operator_3.py
[2022-08-08 06:10:09,042] {logging_mixin.py:109} INFO - [2022-08-08 06:10:09,041] {dag.py:2396} INFO - Sync 1 DAGs
[2022-08-08 06:10:09,063] {logging_mixin.py:109} INFO - [2022-08-08 06:10:09,063] {dag.py:2935} INFO - Setting next_dagrun for example_branch_dop_operator_v3 to 2022-08-08T06:09:00+00:00
[2022-08-08 06:10:09,076] {processor.py:171} INFO - Processing /home/airflow/.local/lib/python3.7/site-packages/airflow/example_dags/example_branch_python_dop_operator_3.py took 0.095 seconds
[2022-08-08 06:10:39,199] {processor.py:163} INFO - Started process (PID=503) to work on /home/airflow/.local/lib/python3.7/site-packages/airflow/example_dags/example_branch_python_dop_operator_3.py
[2022-08-08 06:10:39,204] {processor.py:642} INFO - Processing file /home/airflow/.local/lib/python3.7/site-packages/airflow/example_dags/example_branch_python_dop_operator_3.py for tasks to queue
[2022-08-08 06:10:39,206] {logging_mixin.py:109} INFO - [2022-08-08 06:10:39,206] {dagbag.py:500} INFO - Filling up the DagBag from /home/airflow/.local/lib/python3.7/site-packages/airflow/example_dags/example_branch_python_dop_operator_3.py
[2022-08-08 06:10:39,240] {processor.py:654} INFO - DAG(s) dict_keys(['example_branch_dop_operator_v3']) retrieved from /home/airflow/.local/lib/python3.7/site-packages/airflow/example_dags/example_branch_python_dop_operator_3.py
[2022-08-08 06:10:39,252] {logging_mixin.py:109} INFO - [2022-08-08 06:10:39,252] {dag.py:2396} INFO - Sync 1 DAGs
[2022-08-08 06:10:39,275] {logging_mixin.py:109} INFO - [2022-08-08 06:10:39,274] {dag.py:2935} INFO - Setting next_dagrun for example_branch_dop_operator_v3 to 2022-08-08T06:09:00+00:00
[2022-08-08 06:10:39,290] {processor.py:171} INFO - Processing /home/airflow/.local/lib/python3.7/site-packages/airflow/example_dags/example_branch_python_dop_operator_3.py took 0.095 seconds
[2022-08-08 06:11:09,718] {processor.py:163} INFO - Started process (PID=565) to work on /home/airflow/.local/lib/python3.7/site-packages/airflow/example_dags/example_branch_python_dop_operator_3.py
[2022-08-08 06:11:09,721] {processor.py:642} INFO - Processing file /home/airflow/.local/lib/python3.7/site-packages/airflow/example_dags/example_branch_python_dop_operator_3.py for tasks to queue
[2022-08-08 06:11:09,722] {logging_mixin.py:109} INFO - [2022-08-08 06:11:09,722] {dagbag.py:500} INFO - Filling up the DagBag from /home/airflow/.local/lib/python3.7/site-packages/airflow/example_dags/example_branch_python_dop_operator_3.py
[2022-08-08 06:11:09,755] {processor.py:654} INFO - DAG(s) dict_keys(['example_branch_dop_operator_v3']) retrieved from /home/airflow/.local/lib/python3.7/site-packages/airflow/example_dags/example_branch_python_dop_operator_3.py
[2022-08-08 06:11:09,766] {logging_mixin.py:109} INFO - [2022-08-08 06:11:09,766] {dag.py:2396} INFO - Sync 1 DAGs
[2022-08-08 06:11:09,785] {logging_mixin.py:109} INFO - [2022-08-08 06:11:09,785] {dag.py:2935} INFO - Setting next_dagrun for example_branch_dop_operator_v3 to 2022-08-08T06:10:00+00:00
[2022-08-08 06:11:09,796] {processor.py:171} INFO - Processing /home/airflow/.local/lib/python3.7/site-packages/airflow/example_dags/example_branch_python_dop_operator_3.py took 0.082 seconds
[2022-08-08 06:11:39,991] {processor.py:163} INFO - Started process (PID=634) to work on /home/airflow/.local/lib/python3.7/site-packages/airflow/example_dags/example_branch_python_dop_operator_3.py
[2022-08-08 06:11:39,994] {processor.py:642} INFO - Processing file /home/airflow/.local/lib/python3.7/site-packages/airflow/example_dags/example_branch_python_dop_operator_3.py for tasks to queue
[2022-08-08 06:11:39,995] {logging_mixin.py:109} INFO - [2022-08-08 06:11:39,995] {dagbag.py:500} INFO - Filling up the DagBag from /home/airflow/.local/lib/python3.7/site-packages/airflow/example_dags/example_branch_python_dop_operator_3.py
[2022-08-08 06:11:40,041] {processor.py:654} INFO - DAG(s) dict_keys(['example_branch_dop_operator_v3']) retrieved from /home/airflow/.local/lib/python3.7/site-packages/airflow/example_dags/example_branch_python_dop_operator_3.py
[2022-08-08 06:11:40,055] {logging_mixin.py:109} INFO - [2022-08-08 06:11:40,055] {dag.py:2396} INFO - Sync 1 DAGs
[2022-08-08 06:11:40,079] {logging_mixin.py:109} INFO - [2022-08-08 06:11:40,079] {dag.py:2935} INFO - Setting next_dagrun for example_branch_dop_operator_v3 to 2022-08-08T06:10:00+00:00
[2022-08-08 06:11:40,093] {processor.py:171} INFO - Processing /home/airflow/.local/lib/python3.7/site-packages/airflow/example_dags/example_branch_python_dop_operator_3.py took 0.106 seconds
[2022-08-08 06:12:10,512] {processor.py:163} INFO - Started process (PID=694) to work on /home/airflow/.local/lib/python3.7/site-packages/airflow/example_dags/example_branch_python_dop_operator_3.py
[2022-08-08 06:12:10,514] {processor.py:642} INFO - Processing file /home/airflow/.local/lib/python3.7/site-packages/airflow/example_dags/example_branch_python_dop_operator_3.py for tasks to queue
[2022-08-08 06:12:10,515] {logging_mixin.py:109} INFO - [2022-08-08 06:12:10,515] {dagbag.py:500} INFO - Filling up the DagBag from /home/airflow/.local/lib/python3.7/site-packages/airflow/example_dags/example_branch_python_dop_operator_3.py
[2022-08-08 06:12:10,552] {processor.py:654} INFO - DAG(s) dict_keys(['example_branch_dop_operator_v3']) retrieved from /home/airflow/.local/lib/python3.7/site-packages/airflow/example_dags/example_branch_python_dop_operator_3.py
[2022-08-08 06:12:10,563] {logging_mixin.py:109} INFO - [2022-08-08 06:12:10,563] {dag.py:2396} INFO - Sync 1 DAGs
[2022-08-08 06:12:10,585] {logging_mixin.py:109} INFO - [2022-08-08 06:12:10,584] {dag.py:2935} INFO - Setting next_dagrun for example_branch_dop_operator_v3 to 2022-08-08T06:11:00+00:00
[2022-08-08 06:12:10,598] {processor.py:171} INFO - Processing /home/airflow/.local/lib/python3.7/site-packages/airflow/example_dags/example_branch_python_dop_operator_3.py took 0.091 seconds
[2022-08-08 06:12:41,262] {processor.py:163} INFO - Started process (PID=754) to work on /home/airflow/.local/lib/python3.7/site-packages/airflow/example_dags/example_branch_python_dop_operator_3.py
[2022-08-08 06:12:41,264] {processor.py:642} INFO - Processing file /home/airflow/.local/lib/python3.7/site-packages/airflow/example_dags/example_branch_python_dop_operator_3.py for tasks to queue
[2022-08-08 06:12:41,266] {logging_mixin.py:109} INFO - [2022-08-08 06:12:41,266] {dagbag.py:500} INFO - Filling up the DagBag from /home/airflow/.local/lib/python3.7/site-packages/airflow/example_dags/example_branch_python_dop_operator_3.py
[2022-08-08 06:12:41,300] {processor.py:654} INFO - DAG(s) dict_keys(['example_branch_dop_operator_v3']) retrieved from /home/airflow/.local/lib/python3.7/site-packages/airflow/example_dags/example_branch_python_dop_operator_3.py
[2022-08-08 06:12:41,312] {logging_mixin.py:109} INFO - [2022-08-08 06:12:41,312] {dag.py:2396} INFO - Sync 1 DAGs
[2022-08-08 06:12:41,339] {logging_mixin.py:109} INFO - [2022-08-08 06:12:41,339] {dag.py:2935} INFO - Setting next_dagrun for example_branch_dop_operator_v3 to 2022-08-08T06:11:00+00:00
[2022-08-08 06:12:41,386] {processor.py:171} INFO - Processing /home/airflow/.local/lib/python3.7/site-packages/airflow/example_dags/example_branch_python_dop_operator_3.py took 0.130 seconds
[2022-08-08 06:13:12,420] {processor.py:163} INFO - Started process (PID=824) to work on /home/airflow/.local/lib/python3.7/site-packages/airflow/example_dags/example_branch_python_dop_operator_3.py
[2022-08-08 06:13:12,423] {processor.py:642} INFO - Processing file /home/airflow/.local/lib/python3.7/site-packages/airflow/example_dags/example_branch_python_dop_operator_3.py for tasks to queue
[2022-08-08 06:13:12,424] {logging_mixin.py:109} INFO - [2022-08-08 06:13:12,424] {dagbag.py:500} INFO - Filling up the DagBag from /home/airflow/.local/lib/python3.7/site-packages/airflow/example_dags/example_branch_python_dop_operator_3.py
[2022-08-08 06:13:12,457] {processor.py:654} INFO - DAG(s) dict_keys(['example_branch_dop_operator_v3']) retrieved from /home/airflow/.local/lib/python3.7/site-packages/airflow/example_dags/example_branch_python_dop_operator_3.py
[2022-08-08 06:13:12,467] {logging_mixin.py:109} INFO - [2022-08-08 06:13:12,467] {dag.py:2396} INFO - Sync 1 DAGs
[2022-08-08 06:13:12,487] {logging_mixin.py:109} INFO - [2022-08-08 06:13:12,487] {dag.py:2935} INFO - Setting next_dagrun for example_branch_dop_operator_v3 to 2022-08-08T06:12:00+00:00
[2022-08-08 06:13:12,498] {processor.py:171} INFO - Processing /home/airflow/.local/lib/python3.7/site-packages/airflow/example_dags/example_branch_python_dop_operator_3.py took 0.082 seconds
[2022-08-08 06:13:43,241] {processor.py:163} INFO - Started process (PID=884) to work on /home/airflow/.local/lib/python3.7/site-packages/airflow/example_dags/example_branch_python_dop_operator_3.py
[2022-08-08 06:13:43,243] {processor.py:642} INFO - Processing file /home/airflow/.local/lib/python3.7/site-packages/airflow/example_dags/example_branch_python_dop_operator_3.py for tasks to queue
[2022-08-08 06:13:43,245] {logging_mixin.py:109} INFO - [2022-08-08 06:13:43,245] {dagbag.py:500} INFO - Filling up the DagBag from /home/airflow/.local/lib/python3.7/site-packages/airflow/example_dags/example_branch_python_dop_operator_3.py
[2022-08-08 06:13:43,288] {processor.py:654} INFO - DAG(s) dict_keys(['example_branch_dop_operator_v3']) retrieved from /home/airflow/.local/lib/python3.7/site-packages/airflow/example_dags/example_branch_python_dop_operator_3.py
[2022-08-08 06:13:43,299] {logging_mixin.py:109} INFO - [2022-08-08 06:13:43,299] {dag.py:2396} INFO - Sync 1 DAGs
[2022-08-08 06:13:43,320] {logging_mixin.py:109} INFO - [2022-08-08 06:13:43,319] {dag.py:2935} INFO - Setting next_dagrun for example_branch_dop_operator_v3 to 2022-08-08T06:12:00+00:00
[2022-08-08 06:13:43,331] {processor.py:171} INFO - Processing /home/airflow/.local/lib/python3.7/site-packages/airflow/example_dags/example_branch_python_dop_operator_3.py took 0.095 seconds
[2022-08-08 06:14:13,965] {processor.py:163} INFO - Started process (PID=953) to work on /home/airflow/.local/lib/python3.7/site-packages/airflow/example_dags/example_branch_python_dop_operator_3.py
[2022-08-08 06:14:13,968] {processor.py:642} INFO - Processing file /home/airflow/.local/lib/python3.7/site-packages/airflow/example_dags/example_branch_python_dop_operator_3.py for tasks to queue
[2022-08-08 06:14:13,970] {logging_mixin.py:109} INFO - [2022-08-08 06:14:13,970] {dagbag.py:500} INFO - Filling up the DagBag from /home/airflow/.local/lib/python3.7/site-packages/airflow/example_dags/example_branch_python_dop_operator_3.py
[2022-08-08 06:14:14,004] {processor.py:654} INFO - DAG(s) dict_keys(['example_branch_dop_operator_v3']) retrieved from /home/airflow/.local/lib/python3.7/site-packages/airflow/example_dags/example_branch_python_dop_operator_3.py
[2022-08-08 06:14:14,016] {logging_mixin.py:109} INFO - [2022-08-08 06:14:14,016] {dag.py:2396} INFO - Sync 1 DAGs
[2022-08-08 06:14:14,035] {logging_mixin.py:109} INFO - [2022-08-08 06:14:14,035] {dag.py:2935} INFO - Setting next_dagrun for example_branch_dop_operator_v3 to 2022-08-08T06:13:00+00:00
[2022-08-08 06:14:14,047] {processor.py:171} INFO - Processing /home/airflow/.local/lib/python3.7/site-packages/airflow/example_dags/example_branch_python_dop_operator_3.py took 0.086 seconds
[2022-08-08 06:14:44,678] {processor.py:163} INFO - Started process (PID=1014) to work on /home/airflow/.local/lib/python3.7/site-packages/airflow/example_dags/example_branch_python_dop_operator_3.py
[2022-08-08 06:14:44,681] {processor.py:642} INFO - Processing file /home/airflow/.local/lib/python3.7/site-packages/airflow/example_dags/example_branch_python_dop_operator_3.py for tasks to queue
[2022-08-08 06:14:44,682] {logging_mixin.py:109} INFO - [2022-08-08 06:14:44,682] {dagbag.py:500} INFO - Filling up the DagBag from /home/airflow/.local/lib/python3.7/site-packages/airflow/example_dags/example_branch_python_dop_operator_3.py
[2022-08-08 06:14:44,719] {processor.py:654} INFO - DAG(s) dict_keys(['example_branch_dop_operator_v3']) retrieved from /home/airflow/.local/lib/python3.7/site-packages/airflow/example_dags/example_branch_python_dop_operator_3.py
[2022-08-08 06:14:44,730] {logging_mixin.py:109} INFO - [2022-08-08 06:14:44,730] {dag.py:2396} INFO - Sync 1 DAGs
[2022-08-08 06:14:44,751] {logging_mixin.py:109} INFO - [2022-08-08 06:14:44,751] {dag.py:2935} INFO - Setting next_dagrun for example_branch_dop_operator_v3 to 2022-08-08T06:13:00+00:00
[2022-08-08 06:14:44,763] {processor.py:171} INFO - Processing /home/airflow/.local/lib/python3.7/site-packages/airflow/example_dags/example_branch_python_dop_operator_3.py took 0.088 seconds
[2022-08-08 06:15:15,021] {processor.py:163} INFO - Started process (PID=1084) to work on /home/airflow/.local/lib/python3.7/site-packages/airflow/example_dags/example_branch_python_dop_operator_3.py
[2022-08-08 06:15:15,023] {processor.py:642} INFO - Processing file /home/airflow/.local/lib/python3.7/site-packages/airflow/example_dags/example_branch_python_dop_operator_3.py for tasks to queue
[2022-08-08 06:15:15,025] {logging_mixin.py:109} INFO - [2022-08-08 06:15:15,025] {dagbag.py:500} INFO - Filling up the DagBag from /home/airflow/.local/lib/python3.7/site-packages/airflow/example_dags/example_branch_python_dop_operator_3.py
[2022-08-08 06:15:15,059] {processor.py:654} INFO - DAG(s) dict_keys(['example_branch_dop_operator_v3']) retrieved from /home/airflow/.local/lib/python3.7/site-packages/airflow/example_dags/example_branch_python_dop_operator_3.py
[2022-08-08 06:15:15,070] {logging_mixin.py:109} INFO - [2022-08-08 06:15:15,070] {dag.py:2396} INFO - Sync 1 DAGs
[2022-08-08 06:15:15,090] {logging_mixin.py:109} INFO - [2022-08-08 06:15:15,089] {dag.py:2935} INFO - Setting next_dagrun for example_branch_dop_operator_v3 to 2022-08-08T06:14:00+00:00
[2022-08-08 06:15:15,100] {processor.py:171} INFO - Processing /home/airflow/.local/lib/python3.7/site-packages/airflow/example_dags/example_branch_python_dop_operator_3.py took 0.086 seconds
[2022-08-08 06:15:45,396] {processor.py:163} INFO - Started process (PID=1144) to work on /home/airflow/.local/lib/python3.7/site-packages/airflow/example_dags/example_branch_python_dop_operator_3.py
[2022-08-08 06:15:45,400] {processor.py:642} INFO - Processing file /home/airflow/.local/lib/python3.7/site-packages/airflow/example_dags/example_branch_python_dop_operator_3.py for tasks to queue
[2022-08-08 06:15:45,402] {logging_mixin.py:109} INFO - [2022-08-08 06:15:45,402] {dagbag.py:500} INFO - Filling up the DagBag from /home/airflow/.local/lib/python3.7/site-packages/airflow/example_dags/example_branch_python_dop_operator_3.py
[2022-08-08 06:15:45,435] {processor.py:654} INFO - DAG(s) dict_keys(['example_branch_dop_operator_v3']) retrieved from /home/airflow/.local/lib/python3.7/site-packages/airflow/example_dags/example_branch_python_dop_operator_3.py
[2022-08-08 06:15:45,452] {logging_mixin.py:109} INFO - [2022-08-08 06:15:45,452] {dag.py:2396} INFO - Sync 1 DAGs
[2022-08-08 06:15:45,475] {logging_mixin.py:109} INFO - [2022-08-08 06:15:45,475] {dag.py:2935} INFO - Setting next_dagrun for example_branch_dop_operator_v3 to 2022-08-08T06:14:00+00:00
[2022-08-08 06:15:45,491] {processor.py:171} INFO - Processing /home/airflow/.local/lib/python3.7/site-packages/airflow/example_dags/example_branch_python_dop_operator_3.py took 0.100 seconds
[2022-08-08 06:16:15,681] {processor.py:163} INFO - Started process (PID=1213) to work on /home/airflow/.local/lib/python3.7/site-packages/airflow/example_dags/example_branch_python_dop_operator_3.py
[2022-08-08 06:16:15,684] {processor.py:642} INFO - Processing file /home/airflow/.local/lib/python3.7/site-packages/airflow/example_dags/example_branch_python_dop_operator_3.py for tasks to queue
[2022-08-08 06:16:15,685] {logging_mixin.py:109} INFO - [2022-08-08 06:16:15,685] {dagbag.py:500} INFO - Filling up the DagBag from /home/airflow/.local/lib/python3.7/site-packages/airflow/example_dags/example_branch_python_dop_operator_3.py
[2022-08-08 06:16:15,724] {processor.py:654} INFO - DAG(s) dict_keys(['example_branch_dop_operator_v3']) retrieved from /home/airflow/.local/lib/python3.7/site-packages/airflow/example_dags/example_branch_python_dop_operator_3.py
[2022-08-08 06:16:15,740] {logging_mixin.py:109} INFO - [2022-08-08 06:16:15,740] {dag.py:2396} INFO - Sync 1 DAGs
[2022-08-08 06:16:15,767] {logging_mixin.py:109} INFO - [2022-08-08 06:16:15,767] {dag.py:2935} INFO - Setting next_dagrun for example_branch_dop_operator_v3 to 2022-08-08T06:15:00+00:00
[2022-08-08 06:16:15,778] {processor.py:171} INFO - Processing /home/airflow/.local/lib/python3.7/site-packages/airflow/example_dags/example_branch_python_dop_operator_3.py took 0.101 seconds
[2022-08-08 06:16:46,023] {processor.py:163} INFO - Started process (PID=1276) to work on /home/airflow/.local/lib/python3.7/site-packages/airflow/example_dags/example_branch_python_dop_operator_3.py
[2022-08-08 06:16:46,026] {processor.py:642} INFO - Processing file /home/airflow/.local/lib/python3.7/site-packages/airflow/example_dags/example_branch_python_dop_operator_3.py for tasks to queue
[2022-08-08 06:16:46,028] {logging_mixin.py:109} INFO - [2022-08-08 06:16:46,028] {dagbag.py:500} INFO - Filling up the DagBag from /home/airflow/.local/lib/python3.7/site-packages/airflow/example_dags/example_branch_python_dop_operator_3.py
[2022-08-08 06:16:46,066] {processor.py:654} INFO - DAG(s) dict_keys(['example_branch_dop_operator_v3']) retrieved from /home/airflow/.local/lib/python3.7/site-packages/airflow/example_dags/example_branch_python_dop_operator_3.py
[2022-08-08 06:16:46,078] {logging_mixin.py:109} INFO - [2022-08-08 06:16:46,078] {dag.py:2396} INFO - Sync 1 DAGs
[2022-08-08 06:16:46,098] {logging_mixin.py:109} INFO - [2022-08-08 06:16:46,098] {dag.py:2935} INFO - Setting next_dagrun for example_branch_dop_operator_v3 to 2022-08-08T06:15:00+00:00
[2022-08-08 06:16:46,110] {processor.py:171} INFO - Processing /home/airflow/.local/lib/python3.7/site-packages/airflow/example_dags/example_branch_python_dop_operator_3.py took 0.097 seconds
[2022-08-08 06:17:16,374] {processor.py:163} INFO - Started process (PID=1337) to work on /home/airflow/.local/lib/python3.7/site-packages/airflow/example_dags/example_branch_python_dop_operator_3.py
[2022-08-08 06:17:16,377] {processor.py:642} INFO - Processing file /home/airflow/.local/lib/python3.7/site-packages/airflow/example_dags/example_branch_python_dop_operator_3.py for tasks to queue
[2022-08-08 06:17:16,379] {logging_mixin.py:109} INFO - [2022-08-08 06:17:16,379] {dagbag.py:500} INFO - Filling up the DagBag from /home/airflow/.local/lib/python3.7/site-packages/airflow/example_dags/example_branch_python_dop_operator_3.py
[2022-08-08 06:17:16,426] {processor.py:654} INFO - DAG(s) dict_keys(['example_branch_dop_operator_v3']) retrieved from /home/airflow/.local/lib/python3.7/site-packages/airflow/example_dags/example_branch_python_dop_operator_3.py
[2022-08-08 06:17:16,447] {logging_mixin.py:109} INFO - [2022-08-08 06:17:16,447] {dag.py:2396} INFO - Sync 1 DAGs
[2022-08-08 06:17:16,475] {logging_mixin.py:109} INFO - [2022-08-08 06:17:16,475] {dag.py:2935} INFO - Setting next_dagrun for example_branch_dop_operator_v3 to 2022-08-08T06:16:00+00:00
[2022-08-08 06:17:16,492] {processor.py:171} INFO - Processing /home/airflow/.local/lib/python3.7/site-packages/airflow/example_dags/example_branch_python_dop_operator_3.py took 0.122 seconds
[2022-08-08 06:17:46,715] {processor.py:163} INFO - Started process (PID=1409) to work on /home/airflow/.local/lib/python3.7/site-packages/airflow/example_dags/example_branch_python_dop_operator_3.py
[2022-08-08 06:17:46,719] {processor.py:642} INFO - Processing file /home/airflow/.local/lib/python3.7/site-packages/airflow/example_dags/example_branch_python_dop_operator_3.py for tasks to queue
[2022-08-08 06:17:46,720] {logging_mixin.py:109} INFO - [2022-08-08 06:17:46,720] {dagbag.py:500} INFO - Filling up the DagBag from /home/airflow/.local/lib/python3.7/site-packages/airflow/example_dags/example_branch_python_dop_operator_3.py
[2022-08-08 06:17:46,765] {processor.py:654} INFO - DAG(s) dict_keys(['example_branch_dop_operator_v3']) retrieved from /home/airflow/.local/lib/python3.7/site-packages/airflow/example_dags/example_branch_python_dop_operator_3.py
[2022-08-08 06:17:46,777] {logging_mixin.py:109} INFO - [2022-08-08 06:17:46,777] {dag.py:2396} INFO - Sync 1 DAGs
[2022-08-08 06:17:46,825] {logging_mixin.py:109} INFO - [2022-08-08 06:17:46,825] {dag.py:2935} INFO - Setting next_dagrun for example_branch_dop_operator_v3 to 2022-08-08T06:16:00+00:00
[2022-08-08 06:17:46,836] {processor.py:171} INFO - Processing /home/airflow/.local/lib/python3.7/site-packages/airflow/example_dags/example_branch_python_dop_operator_3.py took 0.126 seconds
[2022-08-08 06:18:16,991] {processor.py:163} INFO - Started process (PID=1466) to work on /home/airflow/.local/lib/python3.7/site-packages/airflow/example_dags/example_branch_python_dop_operator_3.py
[2022-08-08 06:18:16,993] {processor.py:642} INFO - Processing file /home/airflow/.local/lib/python3.7/site-packages/airflow/example_dags/example_branch_python_dop_operator_3.py for tasks to queue
[2022-08-08 06:18:16,995] {logging_mixin.py:109} INFO - [2022-08-08 06:18:16,995] {dagbag.py:500} INFO - Filling up the DagBag from /home/airflow/.local/lib/python3.7/site-packages/airflow/example_dags/example_branch_python_dop_operator_3.py
[2022-08-08 06:18:17,028] {processor.py:654} INFO - DAG(s) dict_keys(['example_branch_dop_operator_v3']) retrieved from /home/airflow/.local/lib/python3.7/site-packages/airflow/example_dags/example_branch_python_dop_operator_3.py
[2022-08-08 06:18:17,040] {logging_mixin.py:109} INFO - [2022-08-08 06:18:17,040] {dag.py:2396} INFO - Sync 1 DAGs
[2022-08-08 06:18:17,069] {logging_mixin.py:109} INFO - [2022-08-08 06:18:17,069] {dag.py:2935} INFO - Setting next_dagrun for example_branch_dop_operator_v3 to 2022-08-08T06:17:00+00:00
[2022-08-08 06:18:17,087] {processor.py:171} INFO - Processing /home/airflow/.local/lib/python3.7/site-packages/airflow/example_dags/example_branch_python_dop_operator_3.py took 0.102 seconds
[2022-08-08 06:18:47,165] {processor.py:163} INFO - Started process (PID=1535) to work on /home/airflow/.local/lib/python3.7/site-packages/airflow/example_dags/example_branch_python_dop_operator_3.py
[2022-08-08 06:18:47,167] {processor.py:642} INFO - Processing file /home/airflow/.local/lib/python3.7/site-packages/airflow/example_dags/example_branch_python_dop_operator_3.py for tasks to queue
[2022-08-08 06:18:47,169] {logging_mixin.py:109} INFO - [2022-08-08 06:18:47,169] {dagbag.py:500} INFO - Filling up the DagBag from /home/airflow/.local/lib/python3.7/site-packages/airflow/example_dags/example_branch_python_dop_operator_3.py
[2022-08-08 06:18:47,203] {processor.py:654} INFO - DAG(s) dict_keys(['example_branch_dop_operator_v3']) retrieved from /home/airflow/.local/lib/python3.7/site-packages/airflow/example_dags/example_branch_python_dop_operator_3.py
[2022-08-08 06:18:47,244] {logging_mixin.py:109} INFO - [2022-08-08 06:18:47,244] {dag.py:2396} INFO - Sync 1 DAGs
[2022-08-08 06:18:47,269] {logging_mixin.py:109} INFO - [2022-08-08 06:18:47,268] {dag.py:2935} INFO - Setting next_dagrun for example_branch_dop_operator_v3 to 2022-08-08T06:17:00+00:00
[2022-08-08 06:18:47,286] {processor.py:171} INFO - Processing /home/airflow/.local/lib/python3.7/site-packages/airflow/example_dags/example_branch_python_dop_operator_3.py took 0.126 seconds
[2022-08-08 06:19:17,495] {processor.py:163} INFO - Started process (PID=1596) to work on /home/airflow/.local/lib/python3.7/site-packages/airflow/example_dags/example_branch_python_dop_operator_3.py
[2022-08-08 06:19:17,498] {processor.py:642} INFO - Processing file /home/airflow/.local/lib/python3.7/site-packages/airflow/example_dags/example_branch_python_dop_operator_3.py for tasks to queue
[2022-08-08 06:19:17,499] {logging_mixin.py:109} INFO - [2022-08-08 06:19:17,499] {dagbag.py:500} INFO - Filling up the DagBag from /home/airflow/.local/lib/python3.7/site-packages/airflow/example_dags/example_branch_python_dop_operator_3.py
[2022-08-08 06:19:17,532] {processor.py:654} INFO - DAG(s) dict_keys(['example_branch_dop_operator_v3']) retrieved from /home/airflow/.local/lib/python3.7/site-packages/airflow/example_dags/example_branch_python_dop_operator_3.py
[2022-08-08 06:19:17,545] {logging_mixin.py:109} INFO - [2022-08-08 06:19:17,544] {dag.py:2396} INFO - Sync 1 DAGs
[2022-08-08 06:19:17,565] {logging_mixin.py:109} INFO - [2022-08-08 06:19:17,564] {dag.py:2935} INFO - Setting next_dagrun for example_branch_dop_operator_v3 to 2022-08-08T06:18:00+00:00
[2022-08-08 06:19:17,579] {processor.py:171} INFO - Processing /home/airflow/.local/lib/python3.7/site-packages/airflow/example_dags/example_branch_python_dop_operator_3.py took 0.087 seconds
[2022-08-08 06:19:48,078] {processor.py:163} INFO - Started process (PID=1666) to work on /home/airflow/.local/lib/python3.7/site-packages/airflow/example_dags/example_branch_python_dop_operator_3.py
[2022-08-08 06:19:48,081] {processor.py:642} INFO - Processing file /home/airflow/.local/lib/python3.7/site-packages/airflow/example_dags/example_branch_python_dop_operator_3.py for tasks to queue
[2022-08-08 06:19:48,082] {logging_mixin.py:109} INFO - [2022-08-08 06:19:48,082] {dagbag.py:500} INFO - Filling up the DagBag from /home/airflow/.local/lib/python3.7/site-packages/airflow/example_dags/example_branch_python_dop_operator_3.py
[2022-08-08 06:19:48,122] {processor.py:654} INFO - DAG(s) dict_keys(['example_branch_dop_operator_v3']) retrieved from /home/airflow/.local/lib/python3.7/site-packages/airflow/example_dags/example_branch_python_dop_operator_3.py
[2022-08-08 06:19:48,143] {logging_mixin.py:109} INFO - [2022-08-08 06:19:48,143] {dag.py:2396} INFO - Sync 1 DAGs
[2022-08-08 06:19:48,166] {logging_mixin.py:109} INFO - [2022-08-08 06:19:48,166] {dag.py:2935} INFO - Setting next_dagrun for example_branch_dop_operator_v3 to 2022-08-08T06:18:00+00:00
[2022-08-08 06:19:48,178] {processor.py:171} INFO - Processing /home/airflow/.local/lib/python3.7/site-packages/airflow/example_dags/example_branch_python_dop_operator_3.py took 0.105 seconds
[2022-08-08 06:20:18,397] {processor.py:163} INFO - Started process (PID=1727) to work on /home/airflow/.local/lib/python3.7/site-packages/airflow/example_dags/example_branch_python_dop_operator_3.py
[2022-08-08 06:20:18,399] {processor.py:642} INFO - Processing file /home/airflow/.local/lib/python3.7/site-packages/airflow/example_dags/example_branch_python_dop_operator_3.py for tasks to queue
[2022-08-08 06:20:18,401] {logging_mixin.py:109} INFO - [2022-08-08 06:20:18,400] {dagbag.py:500} INFO - Filling up the DagBag from /home/airflow/.local/lib/python3.7/site-packages/airflow/example_dags/example_branch_python_dop_operator_3.py
[2022-08-08 06:20:18,438] {processor.py:654} INFO - DAG(s) dict_keys(['example_branch_dop_operator_v3']) retrieved from /home/airflow/.local/lib/python3.7/site-packages/airflow/example_dags/example_branch_python_dop_operator_3.py
[2022-08-08 06:20:18,450] {logging_mixin.py:109} INFO - [2022-08-08 06:20:18,450] {dag.py:2396} INFO - Sync 1 DAGs
[2022-08-08 06:20:18,471] {logging_mixin.py:109} INFO - [2022-08-08 06:20:18,471] {dag.py:2935} INFO - Setting next_dagrun for example_branch_dop_operator_v3 to 2022-08-08T06:19:00+00:00
[2022-08-08 06:20:18,483] {processor.py:171} INFO - Processing /home/airflow/.local/lib/python3.7/site-packages/airflow/example_dags/example_branch_python_dop_operator_3.py took 0.090 seconds
[2022-08-08 06:20:48,956] {processor.py:163} INFO - Started process (PID=1796) to work on /home/airflow/.local/lib/python3.7/site-packages/airflow/example_dags/example_branch_python_dop_operator_3.py
[2022-08-08 06:20:48,959] {processor.py:642} INFO - Processing file /home/airflow/.local/lib/python3.7/site-packages/airflow/example_dags/example_branch_python_dop_operator_3.py for tasks to queue
[2022-08-08 06:20:48,960] {logging_mixin.py:109} INFO - [2022-08-08 06:20:48,960] {dagbag.py:500} INFO - Filling up the DagBag from /home/airflow/.local/lib/python3.7/site-packages/airflow/example_dags/example_branch_python_dop_operator_3.py
[2022-08-08 06:20:49,005] {processor.py:654} INFO - DAG(s) dict_keys(['example_branch_dop_operator_v3']) retrieved from /home/airflow/.local/lib/python3.7/site-packages/airflow/example_dags/example_branch_python_dop_operator_3.py
[2022-08-08 06:20:49,020] {logging_mixin.py:109} INFO - [2022-08-08 06:20:49,019] {dag.py:2396} INFO - Sync 1 DAGs
[2022-08-08 06:20:49,047] {logging_mixin.py:109} INFO - [2022-08-08 06:20:49,047] {dag.py:2935} INFO - Setting next_dagrun for example_branch_dop_operator_v3 to 2022-08-08T06:19:00+00:00
[2022-08-08 06:20:49,162] {processor.py:171} INFO - Processing /home/airflow/.local/lib/python3.7/site-packages/airflow/example_dags/example_branch_python_dop_operator_3.py took 0.210 seconds
[2022-08-08 06:21:19,338] {processor.py:163} INFO - Started process (PID=1856) to work on /home/airflow/.local/lib/python3.7/site-packages/airflow/example_dags/example_branch_python_dop_operator_3.py
[2022-08-08 06:21:19,340] {processor.py:642} INFO - Processing file /home/airflow/.local/lib/python3.7/site-packages/airflow/example_dags/example_branch_python_dop_operator_3.py for tasks to queue
[2022-08-08 06:21:19,342] {logging_mixin.py:109} INFO - [2022-08-08 06:21:19,342] {dagbag.py:500} INFO - Filling up the DagBag from /home/airflow/.local/lib/python3.7/site-packages/airflow/example_dags/example_branch_python_dop_operator_3.py
[2022-08-08 06:21:19,375] {processor.py:654} INFO - DAG(s) dict_keys(['example_branch_dop_operator_v3']) retrieved from /home/airflow/.local/lib/python3.7/site-packages/airflow/example_dags/example_branch_python_dop_operator_3.py
[2022-08-08 06:21:19,386] {logging_mixin.py:109} INFO - [2022-08-08 06:21:19,386] {dag.py:2396} INFO - Sync 1 DAGs
[2022-08-08 06:21:19,406] {logging_mixin.py:109} INFO - [2022-08-08 06:21:19,406] {dag.py:2935} INFO - Setting next_dagrun for example_branch_dop_operator_v3 to 2022-08-08T06:20:00+00:00
[2022-08-08 06:21:19,512] {processor.py:171} INFO - Processing /home/airflow/.local/lib/python3.7/site-packages/airflow/example_dags/example_branch_python_dop_operator_3.py took 0.181 seconds
[2022-08-08 06:21:49,745] {processor.py:163} INFO - Started process (PID=1925) to work on /home/airflow/.local/lib/python3.7/site-packages/airflow/example_dags/example_branch_python_dop_operator_3.py
[2022-08-08 06:21:49,756] {processor.py:642} INFO - Processing file /home/airflow/.local/lib/python3.7/site-packages/airflow/example_dags/example_branch_python_dop_operator_3.py for tasks to queue
[2022-08-08 06:21:49,761] {logging_mixin.py:109} INFO - [2022-08-08 06:21:49,761] {dagbag.py:500} INFO - Filling up the DagBag from /home/airflow/.local/lib/python3.7/site-packages/airflow/example_dags/example_branch_python_dop_operator_3.py
[2022-08-08 06:21:49,830] {processor.py:654} INFO - DAG(s) dict_keys(['example_branch_dop_operator_v3']) retrieved from /home/airflow/.local/lib/python3.7/site-packages/airflow/example_dags/example_branch_python_dop_operator_3.py
[2022-08-08 06:21:49,851] {logging_mixin.py:109} INFO - [2022-08-08 06:21:49,851] {dag.py:2396} INFO - Sync 1 DAGs
[2022-08-08 06:21:50,056] {logging_mixin.py:109} INFO - [2022-08-08 06:21:50,056] {dag.py:2935} INFO - Setting next_dagrun for example_branch_dop_operator_v3 to 2022-08-08T06:20:00+00:00
[2022-08-08 06:21:50,066] {processor.py:171} INFO - Processing /home/airflow/.local/lib/python3.7/site-packages/airflow/example_dags/example_branch_python_dop_operator_3.py took 0.325 seconds
[2022-08-08 06:22:20,116] {processor.py:163} INFO - Started process (PID=1985) to work on /home/airflow/.local/lib/python3.7/site-packages/airflow/example_dags/example_branch_python_dop_operator_3.py
[2022-08-08 06:22:20,119] {processor.py:642} INFO - Processing file /home/airflow/.local/lib/python3.7/site-packages/airflow/example_dags/example_branch_python_dop_operator_3.py for tasks to queue
[2022-08-08 06:22:20,121] {logging_mixin.py:109} INFO - [2022-08-08 06:22:20,121] {dagbag.py:500} INFO - Filling up the DagBag from /home/airflow/.local/lib/python3.7/site-packages/airflow/example_dags/example_branch_python_dop_operator_3.py
[2022-08-08 06:22:20,167] {processor.py:654} INFO - DAG(s) dict_keys(['example_branch_dop_operator_v3']) retrieved from /home/airflow/.local/lib/python3.7/site-packages/airflow/example_dags/example_branch_python_dop_operator_3.py
[2022-08-08 06:22:20,182] {logging_mixin.py:109} INFO - [2022-08-08 06:22:20,182] {dag.py:2396} INFO - Sync 1 DAGs
[2022-08-08 06:22:20,316] {logging_mixin.py:109} INFO - [2022-08-08 06:22:20,316] {dag.py:2935} INFO - Setting next_dagrun for example_branch_dop_operator_v3 to 2022-08-08T06:21:00+00:00
[2022-08-08 06:22:20,326] {processor.py:171} INFO - Processing /home/airflow/.local/lib/python3.7/site-packages/airflow/example_dags/example_branch_python_dop_operator_3.py took 0.215 seconds
[2022-08-08 07:11:45,185] {processor.py:163} INFO - Started process (PID=2071) to work on /home/airflow/.local/lib/python3.7/site-packages/airflow/example_dags/example_branch_python_dop_operator_3.py
[2022-08-08 07:11:45,189] {processor.py:642} INFO - Processing file /home/airflow/.local/lib/python3.7/site-packages/airflow/example_dags/example_branch_python_dop_operator_3.py for tasks to queue
[2022-08-08 07:11:45,190] {logging_mixin.py:109} INFO - [2022-08-08 07:11:45,190] {dagbag.py:500} INFO - Filling up the DagBag from /home/airflow/.local/lib/python3.7/site-packages/airflow/example_dags/example_branch_python_dop_operator_3.py
[2022-08-08 07:11:45,329] {processor.py:654} INFO - DAG(s) dict_keys(['example_branch_dop_operator_v3']) retrieved from /home/airflow/.local/lib/python3.7/site-packages/airflow/example_dags/example_branch_python_dop_operator_3.py
[2022-08-08 07:11:45,341] {logging_mixin.py:109} INFO - [2022-08-08 07:11:45,340] {dag.py:2396} INFO - Sync 1 DAGs
[2022-08-08 07:11:45,360] {logging_mixin.py:109} INFO - [2022-08-08 07:11:45,360] {dag.py:2935} INFO - Setting next_dagrun for example_branch_dop_operator_v3 to 2022-08-08T07:10:00+00:00
[2022-08-08 07:11:45,379] {processor.py:171} INFO - Processing /home/airflow/.local/lib/python3.7/site-packages/airflow/example_dags/example_branch_python_dop_operator_3.py took 0.198 seconds
[2022-08-08 09:12:26,885] {processor.py:163} INFO - Started process (PID=2134) to work on /home/airflow/.local/lib/python3.7/site-packages/airflow/example_dags/example_branch_python_dop_operator_3.py
[2022-08-08 09:12:26,890] {processor.py:642} INFO - Processing file /home/airflow/.local/lib/python3.7/site-packages/airflow/example_dags/example_branch_python_dop_operator_3.py for tasks to queue
[2022-08-08 09:12:26,893] {logging_mixin.py:109} INFO - [2022-08-08 09:12:26,893] {dagbag.py:500} INFO - Filling up the DagBag from /home/airflow/.local/lib/python3.7/site-packages/airflow/example_dags/example_branch_python_dop_operator_3.py
[2022-08-08 09:12:26,978] {processor.py:654} INFO - DAG(s) dict_keys(['example_branch_dop_operator_v3']) retrieved from /home/airflow/.local/lib/python3.7/site-packages/airflow/example_dags/example_branch_python_dop_operator_3.py
[2022-08-08 09:12:27,021] {logging_mixin.py:109} INFO - [2022-08-08 09:12:27,021] {dag.py:2396} INFO - Sync 1 DAGs
[2022-08-08 09:12:27,104] {logging_mixin.py:109} INFO - [2022-08-08 09:12:27,089] {dag.py:2935} INFO - Setting next_dagrun for example_branch_dop_operator_v3 to 2022-08-08T09:11:00+00:00
[2022-08-08 09:12:27,136] {processor.py:171} INFO - Processing /home/airflow/.local/lib/python3.7/site-packages/airflow/example_dags/example_branch_python_dop_operator_3.py took 0.256 seconds
[2022-08-08 09:16:12,173] {processor.py:163} INFO - Started process (PID=2165) to work on /home/airflow/.local/lib/python3.7/site-packages/airflow/example_dags/example_branch_python_dop_operator_3.py
[2022-08-08 09:16:12,180] {processor.py:642} INFO - Processing file /home/airflow/.local/lib/python3.7/site-packages/airflow/example_dags/example_branch_python_dop_operator_3.py for tasks to queue
[2022-08-08 09:16:12,183] {logging_mixin.py:109} INFO - [2022-08-08 09:16:12,182] {dagbag.py:500} INFO - Filling up the DagBag from /home/airflow/.local/lib/python3.7/site-packages/airflow/example_dags/example_branch_python_dop_operator_3.py
[2022-08-08 09:16:12,252] {processor.py:654} INFO - DAG(s) dict_keys(['example_branch_dop_operator_v3']) retrieved from /home/airflow/.local/lib/python3.7/site-packages/airflow/example_dags/example_branch_python_dop_operator_3.py
[2022-08-08 09:16:12,270] {logging_mixin.py:109} INFO - [2022-08-08 09:16:12,269] {dag.py:2396} INFO - Sync 1 DAGs
[2022-08-08 09:16:12,292] {logging_mixin.py:109} INFO - [2022-08-08 09:16:12,292] {dag.py:2935} INFO - Setting next_dagrun for example_branch_dop_operator_v3 to 2022-08-08T09:15:00+00:00
[2022-08-08 09:16:12,309] {processor.py:171} INFO - Processing /home/airflow/.local/lib/python3.7/site-packages/airflow/example_dags/example_branch_python_dop_operator_3.py took 0.141 seconds
