[2022-08-08 00:05:53,157] {processor.py:163} INFO - Started process (PID=14951) to work on /home/airflow/.local/lib/python3.7/site-packages/airflow/example_dags/example_subdag_operator.py
[2022-08-08 00:05:53,169] {processor.py:642} INFO - Processing file /home/airflow/.local/lib/python3.7/site-packages/airflow/example_dags/example_subdag_operator.py for tasks to queue
[2022-08-08 00:05:53,185] {logging_mixin.py:109} INFO - [2022-08-08 00:05:53,179] {dagbag.py:500} INFO - Filling up the DagBag from /home/airflow/.local/lib/python3.7/site-packages/airflow/example_dags/example_subdag_operator.py
[2022-08-08 00:05:53,674] {processor.py:654} INFO - DAG(s) dict_keys(['example_subdag_operator.section-1', 'example_subdag_operator.section-2', 'example_subdag_operator']) retrieved from /home/airflow/.local/lib/python3.7/site-packages/airflow/example_dags/example_subdag_operator.py
[2022-08-08 00:05:55,402] {logging_mixin.py:109} INFO - [2022-08-08 00:05:55,402] {dag.py:2396} INFO - Sync 3 DAGs
[2022-08-08 00:05:55,465] {logging_mixin.py:109} INFO - [2022-08-08 00:05:55,465] {dag.py:2935} INFO - Setting next_dagrun for example_subdag_operator to 2022-08-06T00:00:00+00:00
[2022-08-08 00:05:55,469] {logging_mixin.py:109} INFO - [2022-08-08 00:05:55,468] {dag.py:2935} INFO - Setting next_dagrun for example_subdag_operator.section-1 to None
[2022-08-08 00:05:55,473] {logging_mixin.py:109} INFO - [2022-08-08 00:05:55,472] {dag.py:2935} INFO - Setting next_dagrun for example_subdag_operator.section-2 to None
[2022-08-08 00:05:55,917] {logging_mixin.py:109} INFO - [2022-08-08 00:05:55,917] {dag.py:2396} INFO - Sync 2 DAGs
[2022-08-08 00:05:55,979] {logging_mixin.py:109} INFO - [2022-08-08 00:05:55,979] {dag.py:2935} INFO - Setting next_dagrun for example_subdag_operator.section-1 to None
[2022-08-08 00:05:55,982] {logging_mixin.py:109} INFO - [2022-08-08 00:05:55,981] {dag.py:2935} INFO - Setting next_dagrun for example_subdag_operator.section-2 to None
[2022-08-08 00:05:56,017] {processor.py:171} INFO - Processing /home/airflow/.local/lib/python3.7/site-packages/airflow/example_dags/example_subdag_operator.py took 2.899 seconds
[2022-08-08 00:11:59,557] {processor.py:163} INFO - Started process (PID=15030) to work on /home/airflow/.local/lib/python3.7/site-packages/airflow/example_dags/example_subdag_operator.py
[2022-08-08 00:12:00,225] {processor.py:642} INFO - Processing file /home/airflow/.local/lib/python3.7/site-packages/airflow/example_dags/example_subdag_operator.py for tasks to queue
[2022-08-08 00:12:01,406] {logging_mixin.py:109} INFO - [2022-08-08 00:12:01,332] {dagbag.py:500} INFO - Filling up the DagBag from /home/airflow/.local/lib/python3.7/site-packages/airflow/example_dags/example_subdag_operator.py
[2022-08-08 00:37:50,818] {logging_mixin.py:109} INFO - [2022-08-08 00:37:50,790] {timeout.py:36} ERROR - Process timed out, PID: 15030
[2022-08-08 00:37:51,117] {logging_mixin.py:109} INFO - [2022-08-08 00:37:51,112] {dagbag.py:334} ERROR - Failed to import: /home/airflow/.local/lib/python3.7/site-packages/airflow/example_dags/example_subdag_operator.py
Traceback (most recent call last):
  File "/home/airflow/.local/lib/python3.7/site-packages/airflow/models/dagbag.py", line 331, in _load_modules_from_file
    loader.exec_module(new_module)
  File "<frozen importlib._bootstrap_external>", line 728, in exec_module
  File "<frozen importlib._bootstrap>", line 219, in _call_with_frames_removed
  File "/home/airflow/.local/lib/python3.7/site-packages/airflow/example_dags/example_subdag_operator.py", line 44, in <module>
    subdag=subdag(DAG_NAME, 'section-1', args),
  File "/home/airflow/.local/lib/python3.7/site-packages/airflow/example_dags/subdags/subdag.py", line 50, in subdag
    dag=dag_subdag,
  File "/home/airflow/.local/lib/python3.7/site-packages/airflow/models/baseoperator.py", line 152, in apply_defaults
    dag_params = copy.deepcopy(dag.params) or {}
  File "/usr/local/lib/python3.7/copy.py", line 180, in deepcopy
    y = _reconstruct(x, memo, *rv)
  File "/usr/local/lib/python3.7/copy.py", line 275, in _reconstruct
    y = func(*args)
  File "/usr/local/lib/python3.7/copyreg.py", line 88, in __newobj__
    return cls.__new__(cls, *args)
  File "/home/airflow/.local/lib/python3.7/site-packages/airflow/utils/timeout.py", line 37, in handle_timeout
    raise AirflowTaskTimeout(self.error_message)
airflow.exceptions.AirflowTaskTimeout: DagBag import timeout for /home/airflow/.local/lib/python3.7/site-packages/airflow/example_dags/example_subdag_operator.py after 30.0s.
Please take a look at these docs to improve your DAG import time:
* https://airflow.apache.org/docs/apache-airflow/2.2.3/best-practices.html#top-level-python-code
* https://airflow.apache.org/docs/apache-airflow/2.2.3/best-practices.html#reducing-dag-complexity, PID: 15030
[2022-08-08 00:37:51,469] {processor.py:690} INFO - Deactivated 3 DAGs which are no longer present in /home/airflow/.local/lib/python3.7/site-packages/airflow/example_dags/example_subdag_operator.py
[2022-08-08 00:37:51,488] {processor.py:656} WARNING - No viable dags retrieved from /home/airflow/.local/lib/python3.7/site-packages/airflow/example_dags/example_subdag_operator.py
[2022-08-08 00:37:52,061] {processor.py:171} INFO - Processing /home/airflow/.local/lib/python3.7/site-packages/airflow/example_dags/example_subdag_operator.py took 1556.799 seconds
[2022-08-08 06:06:56,759] {processor.py:163} INFO - Started process (PID=60) to work on /home/airflow/.local/lib/python3.7/site-packages/airflow/example_dags/example_subdag_operator.py
[2022-08-08 06:06:56,763] {processor.py:642} INFO - Processing file /home/airflow/.local/lib/python3.7/site-packages/airflow/example_dags/example_subdag_operator.py for tasks to queue
[2022-08-08 06:06:56,767] {logging_mixin.py:109} INFO - [2022-08-08 06:06:56,767] {dagbag.py:500} INFO - Filling up the DagBag from /home/airflow/.local/lib/python3.7/site-packages/airflow/example_dags/example_subdag_operator.py
[2022-08-08 06:06:57,062] {processor.py:654} INFO - DAG(s) dict_keys(['example_subdag_operator.section-1', 'example_subdag_operator.section-2', 'example_subdag_operator']) retrieved from /home/airflow/.local/lib/python3.7/site-packages/airflow/example_dags/example_subdag_operator.py
[2022-08-08 06:06:57,183] {logging_mixin.py:109} INFO - [2022-08-08 06:06:57,183] {dag.py:2396} INFO - Sync 3 DAGs
[2022-08-08 06:06:57,268] {logging_mixin.py:109} INFO - [2022-08-08 06:06:57,268] {dag.py:2935} INFO - Setting next_dagrun for example_subdag_operator to 2022-08-06T00:00:00+00:00
[2022-08-08 06:06:57,272] {logging_mixin.py:109} INFO - [2022-08-08 06:06:57,272] {dag.py:2935} INFO - Setting next_dagrun for example_subdag_operator.section-1 to None
[2022-08-08 06:06:57,274] {logging_mixin.py:109} INFO - [2022-08-08 06:06:57,274] {dag.py:2935} INFO - Setting next_dagrun for example_subdag_operator.section-2 to None
[2022-08-08 06:06:57,291] {logging_mixin.py:109} INFO - [2022-08-08 06:06:57,291] {dag.py:2396} INFO - Sync 2 DAGs
[2022-08-08 06:06:57,312] {logging_mixin.py:109} INFO - [2022-08-08 06:06:57,312] {dag.py:2935} INFO - Setting next_dagrun for example_subdag_operator.section-1 to None
[2022-08-08 06:06:57,313] {logging_mixin.py:109} INFO - [2022-08-08 06:06:57,313] {dag.py:2935} INFO - Setting next_dagrun for example_subdag_operator.section-2 to None
[2022-08-08 06:06:57,334] {processor.py:171} INFO - Processing /home/airflow/.local/lib/python3.7/site-packages/airflow/example_dags/example_subdag_operator.py took 0.581 seconds
[2022-08-08 06:07:29,380] {processor.py:163} INFO - Started process (PID=112) to work on /home/airflow/.local/lib/python3.7/site-packages/airflow/example_dags/example_subdag_operator.py
[2022-08-08 06:07:29,390] {processor.py:642} INFO - Processing file /home/airflow/.local/lib/python3.7/site-packages/airflow/example_dags/example_subdag_operator.py for tasks to queue
[2022-08-08 06:07:29,401] {logging_mixin.py:109} INFO - [2022-08-08 06:07:29,401] {dagbag.py:500} INFO - Filling up the DagBag from /home/airflow/.local/lib/python3.7/site-packages/airflow/example_dags/example_subdag_operator.py
[2022-08-08 06:07:29,701] {processor.py:654} INFO - DAG(s) dict_keys(['example_subdag_operator.section-1', 'example_subdag_operator.section-2', 'example_subdag_operator']) retrieved from /home/airflow/.local/lib/python3.7/site-packages/airflow/example_dags/example_subdag_operator.py
[2022-08-08 06:07:29,791] {logging_mixin.py:109} INFO - [2022-08-08 06:07:29,791] {dag.py:2396} INFO - Sync 3 DAGs
[2022-08-08 06:07:29,901] {logging_mixin.py:109} INFO - [2022-08-08 06:07:29,901] {dag.py:2935} INFO - Setting next_dagrun for example_subdag_operator to 2022-08-06T00:00:00+00:00
[2022-08-08 06:07:29,916] {logging_mixin.py:109} INFO - [2022-08-08 06:07:29,916] {dag.py:2935} INFO - Setting next_dagrun for example_subdag_operator.section-1 to None
[2022-08-08 06:07:29,917] {logging_mixin.py:109} INFO - [2022-08-08 06:07:29,917] {dag.py:2935} INFO - Setting next_dagrun for example_subdag_operator.section-2 to None
[2022-08-08 06:07:29,949] {logging_mixin.py:109} INFO - [2022-08-08 06:07:29,949] {dag.py:2396} INFO - Sync 2 DAGs
[2022-08-08 06:07:30,015] {logging_mixin.py:109} INFO - [2022-08-08 06:07:30,015] {dag.py:2935} INFO - Setting next_dagrun for example_subdag_operator.section-1 to None
[2022-08-08 06:07:30,017] {logging_mixin.py:109} INFO - [2022-08-08 06:07:30,017] {dag.py:2935} INFO - Setting next_dagrun for example_subdag_operator.section-2 to None
[2022-08-08 06:07:30,069] {processor.py:171} INFO - Processing /home/airflow/.local/lib/python3.7/site-packages/airflow/example_dags/example_subdag_operator.py took 0.707 seconds
[2022-08-08 06:08:00,526] {processor.py:163} INFO - Started process (PID=167) to work on /home/airflow/.local/lib/python3.7/site-packages/airflow/example_dags/example_subdag_operator.py
[2022-08-08 06:08:00,530] {processor.py:642} INFO - Processing file /home/airflow/.local/lib/python3.7/site-packages/airflow/example_dags/example_subdag_operator.py for tasks to queue
[2022-08-08 06:08:00,532] {logging_mixin.py:109} INFO - [2022-08-08 06:08:00,532] {dagbag.py:500} INFO - Filling up the DagBag from /home/airflow/.local/lib/python3.7/site-packages/airflow/example_dags/example_subdag_operator.py
[2022-08-08 06:08:00,612] {processor.py:654} INFO - DAG(s) dict_keys(['example_subdag_operator.section-1', 'example_subdag_operator.section-2', 'example_subdag_operator']) retrieved from /home/airflow/.local/lib/python3.7/site-packages/airflow/example_dags/example_subdag_operator.py
[2022-08-08 06:08:00,631] {logging_mixin.py:109} INFO - [2022-08-08 06:08:00,631] {dag.py:2396} INFO - Sync 3 DAGs
[2022-08-08 06:08:00,651] {logging_mixin.py:109} INFO - [2022-08-08 06:08:00,651] {dag.py:2935} INFO - Setting next_dagrun for example_subdag_operator to 2022-08-06T00:00:00+00:00
[2022-08-08 06:08:00,653] {logging_mixin.py:109} INFO - [2022-08-08 06:08:00,653] {dag.py:2935} INFO - Setting next_dagrun for example_subdag_operator.section-1 to None
[2022-08-08 06:08:00,654] {logging_mixin.py:109} INFO - [2022-08-08 06:08:00,654] {dag.py:2935} INFO - Setting next_dagrun for example_subdag_operator.section-2 to None
[2022-08-08 06:08:00,663] {logging_mixin.py:109} INFO - [2022-08-08 06:08:00,663] {dag.py:2396} INFO - Sync 2 DAGs
[2022-08-08 06:08:00,676] {logging_mixin.py:109} INFO - [2022-08-08 06:08:00,676] {dag.py:2935} INFO - Setting next_dagrun for example_subdag_operator.section-1 to None
[2022-08-08 06:08:00,677] {logging_mixin.py:109} INFO - [2022-08-08 06:08:00,677] {dag.py:2935} INFO - Setting next_dagrun for example_subdag_operator.section-2 to None
[2022-08-08 06:08:00,689] {processor.py:171} INFO - Processing /home/airflow/.local/lib/python3.7/site-packages/airflow/example_dags/example_subdag_operator.py took 0.169 seconds
[2022-08-08 06:08:31,401] {processor.py:163} INFO - Started process (PID=223) to work on /home/airflow/.local/lib/python3.7/site-packages/airflow/example_dags/example_subdag_operator.py
[2022-08-08 06:08:31,405] {processor.py:642} INFO - Processing file /home/airflow/.local/lib/python3.7/site-packages/airflow/example_dags/example_subdag_operator.py for tasks to queue
[2022-08-08 06:08:31,406] {logging_mixin.py:109} INFO - [2022-08-08 06:08:31,406] {dagbag.py:500} INFO - Filling up the DagBag from /home/airflow/.local/lib/python3.7/site-packages/airflow/example_dags/example_subdag_operator.py
[2022-08-08 06:08:31,456] {processor.py:654} INFO - DAG(s) dict_keys(['example_subdag_operator.section-1', 'example_subdag_operator.section-2', 'example_subdag_operator']) retrieved from /home/airflow/.local/lib/python3.7/site-packages/airflow/example_dags/example_subdag_operator.py
[2022-08-08 06:08:31,472] {logging_mixin.py:109} INFO - [2022-08-08 06:08:31,472] {dag.py:2396} INFO - Sync 3 DAGs
[2022-08-08 06:08:31,503] {logging_mixin.py:109} INFO - [2022-08-08 06:08:31,503] {dag.py:2935} INFO - Setting next_dagrun for example_subdag_operator to 2022-08-06T00:00:00+00:00
[2022-08-08 06:08:31,506] {logging_mixin.py:109} INFO - [2022-08-08 06:08:31,506] {dag.py:2935} INFO - Setting next_dagrun for example_subdag_operator.section-1 to None
[2022-08-08 06:08:31,512] {logging_mixin.py:109} INFO - [2022-08-08 06:08:31,512] {dag.py:2935} INFO - Setting next_dagrun for example_subdag_operator.section-2 to None
[2022-08-08 06:08:31,519] {logging_mixin.py:109} INFO - [2022-08-08 06:08:31,519] {dag.py:2396} INFO - Sync 2 DAGs
[2022-08-08 06:08:31,532] {logging_mixin.py:109} INFO - [2022-08-08 06:08:31,532] {dag.py:2935} INFO - Setting next_dagrun for example_subdag_operator.section-1 to None
[2022-08-08 06:08:31,533] {logging_mixin.py:109} INFO - [2022-08-08 06:08:31,533] {dag.py:2935} INFO - Setting next_dagrun for example_subdag_operator.section-2 to None
[2022-08-08 06:08:31,546] {processor.py:171} INFO - Processing /home/airflow/.local/lib/python3.7/site-packages/airflow/example_dags/example_subdag_operator.py took 0.150 seconds
[2022-08-08 06:09:01,674] {processor.py:163} INFO - Started process (PID=291) to work on /home/airflow/.local/lib/python3.7/site-packages/airflow/example_dags/example_subdag_operator.py
[2022-08-08 06:09:01,677] {processor.py:642} INFO - Processing file /home/airflow/.local/lib/python3.7/site-packages/airflow/example_dags/example_subdag_operator.py for tasks to queue
[2022-08-08 06:09:01,679] {logging_mixin.py:109} INFO - [2022-08-08 06:09:01,679] {dagbag.py:500} INFO - Filling up the DagBag from /home/airflow/.local/lib/python3.7/site-packages/airflow/example_dags/example_subdag_operator.py
[2022-08-08 06:09:01,718] {processor.py:654} INFO - DAG(s) dict_keys(['example_subdag_operator.section-1', 'example_subdag_operator.section-2', 'example_subdag_operator']) retrieved from /home/airflow/.local/lib/python3.7/site-packages/airflow/example_dags/example_subdag_operator.py
[2022-08-08 06:09:01,730] {logging_mixin.py:109} INFO - [2022-08-08 06:09:01,730] {dag.py:2396} INFO - Sync 3 DAGs
[2022-08-08 06:09:01,745] {logging_mixin.py:109} INFO - [2022-08-08 06:09:01,745] {dag.py:2935} INFO - Setting next_dagrun for example_subdag_operator to 2022-08-06T00:00:00+00:00
[2022-08-08 06:09:01,747] {logging_mixin.py:109} INFO - [2022-08-08 06:09:01,746] {dag.py:2935} INFO - Setting next_dagrun for example_subdag_operator.section-1 to None
[2022-08-08 06:09:01,747] {logging_mixin.py:109} INFO - [2022-08-08 06:09:01,747] {dag.py:2935} INFO - Setting next_dagrun for example_subdag_operator.section-2 to None
[2022-08-08 06:09:01,753] {logging_mixin.py:109} INFO - [2022-08-08 06:09:01,753] {dag.py:2396} INFO - Sync 2 DAGs
[2022-08-08 06:09:01,761] {logging_mixin.py:109} INFO - [2022-08-08 06:09:01,761] {dag.py:2935} INFO - Setting next_dagrun for example_subdag_operator.section-1 to None
[2022-08-08 06:09:01,762] {logging_mixin.py:109} INFO - [2022-08-08 06:09:01,762] {dag.py:2935} INFO - Setting next_dagrun for example_subdag_operator.section-2 to None
[2022-08-08 06:09:01,770] {processor.py:171} INFO - Processing /home/airflow/.local/lib/python3.7/site-packages/airflow/example_dags/example_subdag_operator.py took 0.100 seconds
[2022-08-08 06:09:32,065] {processor.py:163} INFO - Started process (PID=352) to work on /home/airflow/.local/lib/python3.7/site-packages/airflow/example_dags/example_subdag_operator.py
[2022-08-08 06:09:32,068] {processor.py:642} INFO - Processing file /home/airflow/.local/lib/python3.7/site-packages/airflow/example_dags/example_subdag_operator.py for tasks to queue
[2022-08-08 06:09:32,070] {logging_mixin.py:109} INFO - [2022-08-08 06:09:32,070] {dagbag.py:500} INFO - Filling up the DagBag from /home/airflow/.local/lib/python3.7/site-packages/airflow/example_dags/example_subdag_operator.py
[2022-08-08 06:09:32,111] {processor.py:654} INFO - DAG(s) dict_keys(['example_subdag_operator.section-1', 'example_subdag_operator.section-2', 'example_subdag_operator']) retrieved from /home/airflow/.local/lib/python3.7/site-packages/airflow/example_dags/example_subdag_operator.py
[2022-08-08 06:09:32,125] {logging_mixin.py:109} INFO - [2022-08-08 06:09:32,125] {dag.py:2396} INFO - Sync 3 DAGs
[2022-08-08 06:09:32,141] {logging_mixin.py:109} INFO - [2022-08-08 06:09:32,141] {dag.py:2935} INFO - Setting next_dagrun for example_subdag_operator to 2022-08-06T00:00:00+00:00
[2022-08-08 06:09:32,142] {logging_mixin.py:109} INFO - [2022-08-08 06:09:32,142] {dag.py:2935} INFO - Setting next_dagrun for example_subdag_operator.section-1 to None
[2022-08-08 06:09:32,143] {logging_mixin.py:109} INFO - [2022-08-08 06:09:32,143] {dag.py:2935} INFO - Setting next_dagrun for example_subdag_operator.section-2 to None
[2022-08-08 06:09:32,149] {logging_mixin.py:109} INFO - [2022-08-08 06:09:32,149] {dag.py:2396} INFO - Sync 2 DAGs
[2022-08-08 06:09:32,157] {logging_mixin.py:109} INFO - [2022-08-08 06:09:32,157] {dag.py:2935} INFO - Setting next_dagrun for example_subdag_operator.section-1 to None
[2022-08-08 06:09:32,158] {logging_mixin.py:109} INFO - [2022-08-08 06:09:32,158] {dag.py:2935} INFO - Setting next_dagrun for example_subdag_operator.section-2 to None
[2022-08-08 06:09:32,166] {processor.py:171} INFO - Processing /home/airflow/.local/lib/python3.7/site-packages/airflow/example_dags/example_subdag_operator.py took 0.104 seconds
[2022-08-08 06:10:02,381] {processor.py:163} INFO - Started process (PID=421) to work on /home/airflow/.local/lib/python3.7/site-packages/airflow/example_dags/example_subdag_operator.py
[2022-08-08 06:10:02,384] {processor.py:642} INFO - Processing file /home/airflow/.local/lib/python3.7/site-packages/airflow/example_dags/example_subdag_operator.py for tasks to queue
[2022-08-08 06:10:02,385] {logging_mixin.py:109} INFO - [2022-08-08 06:10:02,385] {dagbag.py:500} INFO - Filling up the DagBag from /home/airflow/.local/lib/python3.7/site-packages/airflow/example_dags/example_subdag_operator.py
[2022-08-08 06:10:02,422] {processor.py:654} INFO - DAG(s) dict_keys(['example_subdag_operator.section-1', 'example_subdag_operator.section-2', 'example_subdag_operator']) retrieved from /home/airflow/.local/lib/python3.7/site-packages/airflow/example_dags/example_subdag_operator.py
[2022-08-08 06:10:02,434] {logging_mixin.py:109} INFO - [2022-08-08 06:10:02,434] {dag.py:2396} INFO - Sync 3 DAGs
[2022-08-08 06:10:02,452] {logging_mixin.py:109} INFO - [2022-08-08 06:10:02,452] {dag.py:2935} INFO - Setting next_dagrun for example_subdag_operator to 2022-08-06T00:00:00+00:00
[2022-08-08 06:10:02,454] {logging_mixin.py:109} INFO - [2022-08-08 06:10:02,454] {dag.py:2935} INFO - Setting next_dagrun for example_subdag_operator.section-1 to None
[2022-08-08 06:10:02,455] {logging_mixin.py:109} INFO - [2022-08-08 06:10:02,455] {dag.py:2935} INFO - Setting next_dagrun for example_subdag_operator.section-2 to None
[2022-08-08 06:10:02,463] {logging_mixin.py:109} INFO - [2022-08-08 06:10:02,463] {dag.py:2396} INFO - Sync 2 DAGs
[2022-08-08 06:10:02,473] {logging_mixin.py:109} INFO - [2022-08-08 06:10:02,473] {dag.py:2935} INFO - Setting next_dagrun for example_subdag_operator.section-1 to None
[2022-08-08 06:10:02,474] {logging_mixin.py:109} INFO - [2022-08-08 06:10:02,474] {dag.py:2935} INFO - Setting next_dagrun for example_subdag_operator.section-2 to None
[2022-08-08 06:10:02,482] {processor.py:171} INFO - Processing /home/airflow/.local/lib/python3.7/site-packages/airflow/example_dags/example_subdag_operator.py took 0.105 seconds
[2022-08-08 06:10:32,840] {processor.py:163} INFO - Started process (PID=481) to work on /home/airflow/.local/lib/python3.7/site-packages/airflow/example_dags/example_subdag_operator.py
[2022-08-08 06:10:32,844] {processor.py:642} INFO - Processing file /home/airflow/.local/lib/python3.7/site-packages/airflow/example_dags/example_subdag_operator.py for tasks to queue
[2022-08-08 06:10:32,846] {logging_mixin.py:109} INFO - [2022-08-08 06:10:32,846] {dagbag.py:500} INFO - Filling up the DagBag from /home/airflow/.local/lib/python3.7/site-packages/airflow/example_dags/example_subdag_operator.py
[2022-08-08 06:10:32,886] {processor.py:654} INFO - DAG(s) dict_keys(['example_subdag_operator.section-1', 'example_subdag_operator.section-2', 'example_subdag_operator']) retrieved from /home/airflow/.local/lib/python3.7/site-packages/airflow/example_dags/example_subdag_operator.py
[2022-08-08 06:10:32,898] {logging_mixin.py:109} INFO - [2022-08-08 06:10:32,898] {dag.py:2396} INFO - Sync 3 DAGs
[2022-08-08 06:10:32,917] {logging_mixin.py:109} INFO - [2022-08-08 06:10:32,917] {dag.py:2935} INFO - Setting next_dagrun for example_subdag_operator to 2022-08-06T00:00:00+00:00
[2022-08-08 06:10:32,918] {logging_mixin.py:109} INFO - [2022-08-08 06:10:32,918] {dag.py:2935} INFO - Setting next_dagrun for example_subdag_operator.section-1 to None
[2022-08-08 06:10:32,919] {logging_mixin.py:109} INFO - [2022-08-08 06:10:32,919] {dag.py:2935} INFO - Setting next_dagrun for example_subdag_operator.section-2 to None
[2022-08-08 06:10:32,925] {logging_mixin.py:109} INFO - [2022-08-08 06:10:32,925] {dag.py:2396} INFO - Sync 2 DAGs
[2022-08-08 06:10:32,935] {logging_mixin.py:109} INFO - [2022-08-08 06:10:32,934] {dag.py:2935} INFO - Setting next_dagrun for example_subdag_operator.section-1 to None
[2022-08-08 06:10:32,936] {logging_mixin.py:109} INFO - [2022-08-08 06:10:32,936] {dag.py:2935} INFO - Setting next_dagrun for example_subdag_operator.section-2 to None
[2022-08-08 06:10:32,945] {processor.py:171} INFO - Processing /home/airflow/.local/lib/python3.7/site-packages/airflow/example_dags/example_subdag_operator.py took 0.111 seconds
[2022-08-08 06:11:03,248] {processor.py:163} INFO - Started process (PID=552) to work on /home/airflow/.local/lib/python3.7/site-packages/airflow/example_dags/example_subdag_operator.py
[2022-08-08 06:11:03,251] {processor.py:642} INFO - Processing file /home/airflow/.local/lib/python3.7/site-packages/airflow/example_dags/example_subdag_operator.py for tasks to queue
[2022-08-08 06:11:03,253] {logging_mixin.py:109} INFO - [2022-08-08 06:11:03,253] {dagbag.py:500} INFO - Filling up the DagBag from /home/airflow/.local/lib/python3.7/site-packages/airflow/example_dags/example_subdag_operator.py
[2022-08-08 06:11:03,296] {processor.py:654} INFO - DAG(s) dict_keys(['example_subdag_operator.section-1', 'example_subdag_operator.section-2', 'example_subdag_operator']) retrieved from /home/airflow/.local/lib/python3.7/site-packages/airflow/example_dags/example_subdag_operator.py
[2022-08-08 06:11:03,310] {logging_mixin.py:109} INFO - [2022-08-08 06:11:03,310] {dag.py:2396} INFO - Sync 3 DAGs
[2022-08-08 06:11:03,327] {logging_mixin.py:109} INFO - [2022-08-08 06:11:03,327] {dag.py:2935} INFO - Setting next_dagrun for example_subdag_operator to 2022-08-06T00:00:00+00:00
[2022-08-08 06:11:03,328] {logging_mixin.py:109} INFO - [2022-08-08 06:11:03,328] {dag.py:2935} INFO - Setting next_dagrun for example_subdag_operator.section-1 to None
[2022-08-08 06:11:03,329] {logging_mixin.py:109} INFO - [2022-08-08 06:11:03,329] {dag.py:2935} INFO - Setting next_dagrun for example_subdag_operator.section-2 to None
[2022-08-08 06:11:03,336] {logging_mixin.py:109} INFO - [2022-08-08 06:11:03,336] {dag.py:2396} INFO - Sync 2 DAGs
[2022-08-08 06:11:03,346] {logging_mixin.py:109} INFO - [2022-08-08 06:11:03,346] {dag.py:2935} INFO - Setting next_dagrun for example_subdag_operator.section-1 to None
[2022-08-08 06:11:03,347] {logging_mixin.py:109} INFO - [2022-08-08 06:11:03,347] {dag.py:2935} INFO - Setting next_dagrun for example_subdag_operator.section-2 to None
[2022-08-08 06:11:03,358] {processor.py:171} INFO - Processing /home/airflow/.local/lib/python3.7/site-packages/airflow/example_dags/example_subdag_operator.py took 0.114 seconds
[2022-08-08 06:11:33,391] {processor.py:163} INFO - Started process (PID=612) to work on /home/airflow/.local/lib/python3.7/site-packages/airflow/example_dags/example_subdag_operator.py
[2022-08-08 06:11:33,393] {processor.py:642} INFO - Processing file /home/airflow/.local/lib/python3.7/site-packages/airflow/example_dags/example_subdag_operator.py for tasks to queue
[2022-08-08 06:11:33,394] {logging_mixin.py:109} INFO - [2022-08-08 06:11:33,394] {dagbag.py:500} INFO - Filling up the DagBag from /home/airflow/.local/lib/python3.7/site-packages/airflow/example_dags/example_subdag_operator.py
[2022-08-08 06:11:33,431] {processor.py:654} INFO - DAG(s) dict_keys(['example_subdag_operator.section-1', 'example_subdag_operator.section-2', 'example_subdag_operator']) retrieved from /home/airflow/.local/lib/python3.7/site-packages/airflow/example_dags/example_subdag_operator.py
[2022-08-08 06:11:33,444] {logging_mixin.py:109} INFO - [2022-08-08 06:11:33,443] {dag.py:2396} INFO - Sync 3 DAGs
[2022-08-08 06:11:33,460] {logging_mixin.py:109} INFO - [2022-08-08 06:11:33,460] {dag.py:2935} INFO - Setting next_dagrun for example_subdag_operator to 2022-08-06T00:00:00+00:00
[2022-08-08 06:11:33,461] {logging_mixin.py:109} INFO - [2022-08-08 06:11:33,461] {dag.py:2935} INFO - Setting next_dagrun for example_subdag_operator.section-1 to None
[2022-08-08 06:11:33,462] {logging_mixin.py:109} INFO - [2022-08-08 06:11:33,462] {dag.py:2935} INFO - Setting next_dagrun for example_subdag_operator.section-2 to None
[2022-08-08 06:11:33,468] {logging_mixin.py:109} INFO - [2022-08-08 06:11:33,468] {dag.py:2396} INFO - Sync 2 DAGs
[2022-08-08 06:11:33,478] {logging_mixin.py:109} INFO - [2022-08-08 06:11:33,478] {dag.py:2935} INFO - Setting next_dagrun for example_subdag_operator.section-1 to None
[2022-08-08 06:11:33,479] {logging_mixin.py:109} INFO - [2022-08-08 06:11:33,479] {dag.py:2935} INFO - Setting next_dagrun for example_subdag_operator.section-2 to None
[2022-08-08 06:11:33,488] {processor.py:171} INFO - Processing /home/airflow/.local/lib/python3.7/site-packages/airflow/example_dags/example_subdag_operator.py took 0.101 seconds
[2022-08-08 06:12:03,852] {processor.py:163} INFO - Started process (PID=672) to work on /home/airflow/.local/lib/python3.7/site-packages/airflow/example_dags/example_subdag_operator.py
[2022-08-08 06:12:03,856] {processor.py:642} INFO - Processing file /home/airflow/.local/lib/python3.7/site-packages/airflow/example_dags/example_subdag_operator.py for tasks to queue
[2022-08-08 06:12:03,858] {logging_mixin.py:109} INFO - [2022-08-08 06:12:03,858] {dagbag.py:500} INFO - Filling up the DagBag from /home/airflow/.local/lib/python3.7/site-packages/airflow/example_dags/example_subdag_operator.py
[2022-08-08 06:12:03,900] {processor.py:654} INFO - DAG(s) dict_keys(['example_subdag_operator.section-1', 'example_subdag_operator.section-2', 'example_subdag_operator']) retrieved from /home/airflow/.local/lib/python3.7/site-packages/airflow/example_dags/example_subdag_operator.py
[2022-08-08 06:12:03,916] {logging_mixin.py:109} INFO - [2022-08-08 06:12:03,916] {dag.py:2396} INFO - Sync 3 DAGs
[2022-08-08 06:12:03,938] {logging_mixin.py:109} INFO - [2022-08-08 06:12:03,937] {dag.py:2935} INFO - Setting next_dagrun for example_subdag_operator to 2022-08-06T00:00:00+00:00
[2022-08-08 06:12:03,939] {logging_mixin.py:109} INFO - [2022-08-08 06:12:03,939] {dag.py:2935} INFO - Setting next_dagrun for example_subdag_operator.section-1 to None
[2022-08-08 06:12:03,940] {logging_mixin.py:109} INFO - [2022-08-08 06:12:03,940] {dag.py:2935} INFO - Setting next_dagrun for example_subdag_operator.section-2 to None
[2022-08-08 06:12:03,950] {logging_mixin.py:109} INFO - [2022-08-08 06:12:03,949] {dag.py:2396} INFO - Sync 2 DAGs
[2022-08-08 06:12:03,961] {logging_mixin.py:109} INFO - [2022-08-08 06:12:03,960] {dag.py:2935} INFO - Setting next_dagrun for example_subdag_operator.section-1 to None
[2022-08-08 06:12:03,962] {logging_mixin.py:109} INFO - [2022-08-08 06:12:03,962] {dag.py:2935} INFO - Setting next_dagrun for example_subdag_operator.section-2 to None
[2022-08-08 06:12:03,971] {processor.py:171} INFO - Processing /home/airflow/.local/lib/python3.7/site-packages/airflow/example_dags/example_subdag_operator.py took 0.123 seconds
[2022-08-08 06:12:34,646] {processor.py:163} INFO - Started process (PID=741) to work on /home/airflow/.local/lib/python3.7/site-packages/airflow/example_dags/example_subdag_operator.py
[2022-08-08 06:12:34,648] {processor.py:642} INFO - Processing file /home/airflow/.local/lib/python3.7/site-packages/airflow/example_dags/example_subdag_operator.py for tasks to queue
[2022-08-08 06:12:34,649] {logging_mixin.py:109} INFO - [2022-08-08 06:12:34,649] {dagbag.py:500} INFO - Filling up the DagBag from /home/airflow/.local/lib/python3.7/site-packages/airflow/example_dags/example_subdag_operator.py
[2022-08-08 06:12:34,696] {processor.py:654} INFO - DAG(s) dict_keys(['example_subdag_operator.section-1', 'example_subdag_operator.section-2', 'example_subdag_operator']) retrieved from /home/airflow/.local/lib/python3.7/site-packages/airflow/example_dags/example_subdag_operator.py
[2022-08-08 06:12:34,710] {logging_mixin.py:109} INFO - [2022-08-08 06:12:34,710] {dag.py:2396} INFO - Sync 3 DAGs
[2022-08-08 06:12:34,727] {logging_mixin.py:109} INFO - [2022-08-08 06:12:34,727] {dag.py:2935} INFO - Setting next_dagrun for example_subdag_operator to 2022-08-06T00:00:00+00:00
[2022-08-08 06:12:34,728] {logging_mixin.py:109} INFO - [2022-08-08 06:12:34,728] {dag.py:2935} INFO - Setting next_dagrun for example_subdag_operator.section-1 to None
[2022-08-08 06:12:34,729] {logging_mixin.py:109} INFO - [2022-08-08 06:12:34,729] {dag.py:2935} INFO - Setting next_dagrun for example_subdag_operator.section-2 to None
[2022-08-08 06:12:34,737] {logging_mixin.py:109} INFO - [2022-08-08 06:12:34,737] {dag.py:2396} INFO - Sync 2 DAGs
[2022-08-08 06:12:34,746] {logging_mixin.py:109} INFO - [2022-08-08 06:12:34,746] {dag.py:2935} INFO - Setting next_dagrun for example_subdag_operator.section-1 to None
[2022-08-08 06:12:34,747] {logging_mixin.py:109} INFO - [2022-08-08 06:12:34,747] {dag.py:2935} INFO - Setting next_dagrun for example_subdag_operator.section-2 to None
[2022-08-08 06:12:34,755] {processor.py:171} INFO - Processing /home/airflow/.local/lib/python3.7/site-packages/airflow/example_dags/example_subdag_operator.py took 0.113 seconds
[2022-08-08 06:13:04,893] {processor.py:163} INFO - Started process (PID=801) to work on /home/airflow/.local/lib/python3.7/site-packages/airflow/example_dags/example_subdag_operator.py
[2022-08-08 06:13:04,896] {processor.py:642} INFO - Processing file /home/airflow/.local/lib/python3.7/site-packages/airflow/example_dags/example_subdag_operator.py for tasks to queue
[2022-08-08 06:13:04,898] {logging_mixin.py:109} INFO - [2022-08-08 06:13:04,898] {dagbag.py:500} INFO - Filling up the DagBag from /home/airflow/.local/lib/python3.7/site-packages/airflow/example_dags/example_subdag_operator.py
[2022-08-08 06:13:04,935] {processor.py:654} INFO - DAG(s) dict_keys(['example_subdag_operator.section-1', 'example_subdag_operator.section-2', 'example_subdag_operator']) retrieved from /home/airflow/.local/lib/python3.7/site-packages/airflow/example_dags/example_subdag_operator.py
[2022-08-08 06:13:04,947] {logging_mixin.py:109} INFO - [2022-08-08 06:13:04,947] {dag.py:2396} INFO - Sync 3 DAGs
[2022-08-08 06:13:04,963] {logging_mixin.py:109} INFO - [2022-08-08 06:13:04,963] {dag.py:2935} INFO - Setting next_dagrun for example_subdag_operator to 2022-08-06T00:00:00+00:00
[2022-08-08 06:13:04,964] {logging_mixin.py:109} INFO - [2022-08-08 06:13:04,964] {dag.py:2935} INFO - Setting next_dagrun for example_subdag_operator.section-1 to None
[2022-08-08 06:13:04,965] {logging_mixin.py:109} INFO - [2022-08-08 06:13:04,965] {dag.py:2935} INFO - Setting next_dagrun for example_subdag_operator.section-2 to None
[2022-08-08 06:13:04,972] {logging_mixin.py:109} INFO - [2022-08-08 06:13:04,972] {dag.py:2396} INFO - Sync 2 DAGs
[2022-08-08 06:13:04,981] {logging_mixin.py:109} INFO - [2022-08-08 06:13:04,981] {dag.py:2935} INFO - Setting next_dagrun for example_subdag_operator.section-1 to None
[2022-08-08 06:13:04,982] {logging_mixin.py:109} INFO - [2022-08-08 06:13:04,982] {dag.py:2935} INFO - Setting next_dagrun for example_subdag_operator.section-2 to None
[2022-08-08 06:13:04,990] {processor.py:171} INFO - Processing /home/airflow/.local/lib/python3.7/site-packages/airflow/example_dags/example_subdag_operator.py took 0.103 seconds
[2022-08-08 06:13:35,567] {processor.py:163} INFO - Started process (PID=871) to work on /home/airflow/.local/lib/python3.7/site-packages/airflow/example_dags/example_subdag_operator.py
[2022-08-08 06:13:35,569] {processor.py:642} INFO - Processing file /home/airflow/.local/lib/python3.7/site-packages/airflow/example_dags/example_subdag_operator.py for tasks to queue
[2022-08-08 06:13:35,571] {logging_mixin.py:109} INFO - [2022-08-08 06:13:35,570] {dagbag.py:500} INFO - Filling up the DagBag from /home/airflow/.local/lib/python3.7/site-packages/airflow/example_dags/example_subdag_operator.py
[2022-08-08 06:13:35,609] {processor.py:654} INFO - DAG(s) dict_keys(['example_subdag_operator.section-1', 'example_subdag_operator.section-2', 'example_subdag_operator']) retrieved from /home/airflow/.local/lib/python3.7/site-packages/airflow/example_dags/example_subdag_operator.py
[2022-08-08 06:13:35,622] {logging_mixin.py:109} INFO - [2022-08-08 06:13:35,622] {dag.py:2396} INFO - Sync 3 DAGs
[2022-08-08 06:13:35,639] {logging_mixin.py:109} INFO - [2022-08-08 06:13:35,639] {dag.py:2935} INFO - Setting next_dagrun for example_subdag_operator to 2022-08-06T00:00:00+00:00
[2022-08-08 06:13:35,641] {logging_mixin.py:109} INFO - [2022-08-08 06:13:35,641] {dag.py:2935} INFO - Setting next_dagrun for example_subdag_operator.section-1 to None
[2022-08-08 06:13:35,642] {logging_mixin.py:109} INFO - [2022-08-08 06:13:35,642] {dag.py:2935} INFO - Setting next_dagrun for example_subdag_operator.section-2 to None
[2022-08-08 06:13:35,648] {logging_mixin.py:109} INFO - [2022-08-08 06:13:35,648] {dag.py:2396} INFO - Sync 2 DAGs
[2022-08-08 06:13:35,656] {logging_mixin.py:109} INFO - [2022-08-08 06:13:35,656] {dag.py:2935} INFO - Setting next_dagrun for example_subdag_operator.section-1 to None
[2022-08-08 06:13:35,657] {logging_mixin.py:109} INFO - [2022-08-08 06:13:35,657] {dag.py:2935} INFO - Setting next_dagrun for example_subdag_operator.section-2 to None
[2022-08-08 06:13:35,667] {processor.py:171} INFO - Processing /home/airflow/.local/lib/python3.7/site-packages/airflow/example_dags/example_subdag_operator.py took 0.103 seconds
[2022-08-08 06:14:06,345] {processor.py:163} INFO - Started process (PID=931) to work on /home/airflow/.local/lib/python3.7/site-packages/airflow/example_dags/example_subdag_operator.py
[2022-08-08 06:14:06,347] {processor.py:642} INFO - Processing file /home/airflow/.local/lib/python3.7/site-packages/airflow/example_dags/example_subdag_operator.py for tasks to queue
[2022-08-08 06:14:06,349] {logging_mixin.py:109} INFO - [2022-08-08 06:14:06,349] {dagbag.py:500} INFO - Filling up the DagBag from /home/airflow/.local/lib/python3.7/site-packages/airflow/example_dags/example_subdag_operator.py
[2022-08-08 06:14:06,430] {processor.py:654} INFO - DAG(s) dict_keys(['example_subdag_operator.section-1', 'example_subdag_operator.section-2', 'example_subdag_operator']) retrieved from /home/airflow/.local/lib/python3.7/site-packages/airflow/example_dags/example_subdag_operator.py
[2022-08-08 06:14:06,448] {logging_mixin.py:109} INFO - [2022-08-08 06:14:06,448] {dag.py:2396} INFO - Sync 3 DAGs
[2022-08-08 06:14:06,467] {logging_mixin.py:109} INFO - [2022-08-08 06:14:06,467] {dag.py:2935} INFO - Setting next_dagrun for example_subdag_operator to 2022-08-06T00:00:00+00:00
[2022-08-08 06:14:06,469] {logging_mixin.py:109} INFO - [2022-08-08 06:14:06,469] {dag.py:2935} INFO - Setting next_dagrun for example_subdag_operator.section-1 to None
[2022-08-08 06:14:06,470] {logging_mixin.py:109} INFO - [2022-08-08 06:14:06,470] {dag.py:2935} INFO - Setting next_dagrun for example_subdag_operator.section-2 to None
[2022-08-08 06:14:06,478] {logging_mixin.py:109} INFO - [2022-08-08 06:14:06,478] {dag.py:2396} INFO - Sync 2 DAGs
[2022-08-08 06:14:06,488] {logging_mixin.py:109} INFO - [2022-08-08 06:14:06,488] {dag.py:2935} INFO - Setting next_dagrun for example_subdag_operator.section-1 to None
[2022-08-08 06:14:06,489] {logging_mixin.py:109} INFO - [2022-08-08 06:14:06,489] {dag.py:2935} INFO - Setting next_dagrun for example_subdag_operator.section-2 to None
[2022-08-08 06:14:06,499] {processor.py:171} INFO - Processing /home/airflow/.local/lib/python3.7/site-packages/airflow/example_dags/example_subdag_operator.py took 0.158 seconds
[2022-08-08 06:14:36,960] {processor.py:163} INFO - Started process (PID=1001) to work on /home/airflow/.local/lib/python3.7/site-packages/airflow/example_dags/example_subdag_operator.py
[2022-08-08 06:14:36,963] {processor.py:642} INFO - Processing file /home/airflow/.local/lib/python3.7/site-packages/airflow/example_dags/example_subdag_operator.py for tasks to queue
[2022-08-08 06:14:36,965] {logging_mixin.py:109} INFO - [2022-08-08 06:14:36,965] {dagbag.py:500} INFO - Filling up the DagBag from /home/airflow/.local/lib/python3.7/site-packages/airflow/example_dags/example_subdag_operator.py
[2022-08-08 06:14:37,008] {processor.py:654} INFO - DAG(s) dict_keys(['example_subdag_operator.section-1', 'example_subdag_operator.section-2', 'example_subdag_operator']) retrieved from /home/airflow/.local/lib/python3.7/site-packages/airflow/example_dags/example_subdag_operator.py
[2022-08-08 06:14:37,024] {logging_mixin.py:109} INFO - [2022-08-08 06:14:37,024] {dag.py:2396} INFO - Sync 3 DAGs
[2022-08-08 06:14:37,052] {logging_mixin.py:109} INFO - [2022-08-08 06:14:37,052] {dag.py:2935} INFO - Setting next_dagrun for example_subdag_operator to 2022-08-06T00:00:00+00:00
[2022-08-08 06:14:37,054] {logging_mixin.py:109} INFO - [2022-08-08 06:14:37,053] {dag.py:2935} INFO - Setting next_dagrun for example_subdag_operator.section-1 to None
[2022-08-08 06:14:37,055] {logging_mixin.py:109} INFO - [2022-08-08 06:14:37,055] {dag.py:2935} INFO - Setting next_dagrun for example_subdag_operator.section-2 to None
[2022-08-08 06:14:37,063] {logging_mixin.py:109} INFO - [2022-08-08 06:14:37,063] {dag.py:2396} INFO - Sync 2 DAGs
[2022-08-08 06:14:37,074] {logging_mixin.py:109} INFO - [2022-08-08 06:14:37,074] {dag.py:2935} INFO - Setting next_dagrun for example_subdag_operator.section-1 to None
[2022-08-08 06:14:37,075] {logging_mixin.py:109} INFO - [2022-08-08 06:14:37,075] {dag.py:2935} INFO - Setting next_dagrun for example_subdag_operator.section-2 to None
[2022-08-08 06:14:37,097] {processor.py:171} INFO - Processing /home/airflow/.local/lib/python3.7/site-packages/airflow/example_dags/example_subdag_operator.py took 0.141 seconds
[2022-08-08 06:15:07,193] {processor.py:163} INFO - Started process (PID=1062) to work on /home/airflow/.local/lib/python3.7/site-packages/airflow/example_dags/example_subdag_operator.py
[2022-08-08 06:15:07,194] {processor.py:642} INFO - Processing file /home/airflow/.local/lib/python3.7/site-packages/airflow/example_dags/example_subdag_operator.py for tasks to queue
[2022-08-08 06:15:07,196] {logging_mixin.py:109} INFO - [2022-08-08 06:15:07,196] {dagbag.py:500} INFO - Filling up the DagBag from /home/airflow/.local/lib/python3.7/site-packages/airflow/example_dags/example_subdag_operator.py
[2022-08-08 06:15:07,237] {processor.py:654} INFO - DAG(s) dict_keys(['example_subdag_operator.section-1', 'example_subdag_operator.section-2', 'example_subdag_operator']) retrieved from /home/airflow/.local/lib/python3.7/site-packages/airflow/example_dags/example_subdag_operator.py
[2022-08-08 06:15:07,255] {logging_mixin.py:109} INFO - [2022-08-08 06:15:07,255] {dag.py:2396} INFO - Sync 3 DAGs
[2022-08-08 06:15:07,272] {logging_mixin.py:109} INFO - [2022-08-08 06:15:07,272] {dag.py:2935} INFO - Setting next_dagrun for example_subdag_operator to 2022-08-06T00:00:00+00:00
[2022-08-08 06:15:07,273] {logging_mixin.py:109} INFO - [2022-08-08 06:15:07,273] {dag.py:2935} INFO - Setting next_dagrun for example_subdag_operator.section-1 to None
[2022-08-08 06:15:07,275] {logging_mixin.py:109} INFO - [2022-08-08 06:15:07,275] {dag.py:2935} INFO - Setting next_dagrun for example_subdag_operator.section-2 to None
[2022-08-08 06:15:07,283] {logging_mixin.py:109} INFO - [2022-08-08 06:15:07,282] {dag.py:2396} INFO - Sync 2 DAGs
[2022-08-08 06:15:07,292] {logging_mixin.py:109} INFO - [2022-08-08 06:15:07,292] {dag.py:2935} INFO - Setting next_dagrun for example_subdag_operator.section-1 to None
[2022-08-08 06:15:07,293] {logging_mixin.py:109} INFO - [2022-08-08 06:15:07,293] {dag.py:2935} INFO - Setting next_dagrun for example_subdag_operator.section-2 to None
[2022-08-08 06:15:07,303] {processor.py:171} INFO - Processing /home/airflow/.local/lib/python3.7/site-packages/airflow/example_dags/example_subdag_operator.py took 0.114 seconds
[2022-08-08 06:15:37,570] {processor.py:163} INFO - Started process (PID=1123) to work on /home/airflow/.local/lib/python3.7/site-packages/airflow/example_dags/example_subdag_operator.py
[2022-08-08 06:15:37,573] {processor.py:642} INFO - Processing file /home/airflow/.local/lib/python3.7/site-packages/airflow/example_dags/example_subdag_operator.py for tasks to queue
[2022-08-08 06:15:37,574] {logging_mixin.py:109} INFO - [2022-08-08 06:15:37,574] {dagbag.py:500} INFO - Filling up the DagBag from /home/airflow/.local/lib/python3.7/site-packages/airflow/example_dags/example_subdag_operator.py
[2022-08-08 06:15:37,614] {processor.py:654} INFO - DAG(s) dict_keys(['example_subdag_operator.section-1', 'example_subdag_operator.section-2', 'example_subdag_operator']) retrieved from /home/airflow/.local/lib/python3.7/site-packages/airflow/example_dags/example_subdag_operator.py
[2022-08-08 06:15:37,627] {logging_mixin.py:109} INFO - [2022-08-08 06:15:37,627] {dag.py:2396} INFO - Sync 3 DAGs
[2022-08-08 06:15:37,645] {logging_mixin.py:109} INFO - [2022-08-08 06:15:37,644] {dag.py:2935} INFO - Setting next_dagrun for example_subdag_operator to 2022-08-06T00:00:00+00:00
[2022-08-08 06:15:37,646] {logging_mixin.py:109} INFO - [2022-08-08 06:15:37,646] {dag.py:2935} INFO - Setting next_dagrun for example_subdag_operator.section-1 to None
[2022-08-08 06:15:37,646] {logging_mixin.py:109} INFO - [2022-08-08 06:15:37,646] {dag.py:2935} INFO - Setting next_dagrun for example_subdag_operator.section-2 to None
[2022-08-08 06:15:37,654] {logging_mixin.py:109} INFO - [2022-08-08 06:15:37,654] {dag.py:2396} INFO - Sync 2 DAGs
[2022-08-08 06:15:37,667] {logging_mixin.py:109} INFO - [2022-08-08 06:15:37,666] {dag.py:2935} INFO - Setting next_dagrun for example_subdag_operator.section-1 to None
[2022-08-08 06:15:37,668] {logging_mixin.py:109} INFO - [2022-08-08 06:15:37,668] {dag.py:2935} INFO - Setting next_dagrun for example_subdag_operator.section-2 to None
[2022-08-08 06:15:37,677] {processor.py:171} INFO - Processing /home/airflow/.local/lib/python3.7/site-packages/airflow/example_dags/example_subdag_operator.py took 0.111 seconds
[2022-08-08 06:16:08,192] {processor.py:163} INFO - Started process (PID=1192) to work on /home/airflow/.local/lib/python3.7/site-packages/airflow/example_dags/example_subdag_operator.py
[2022-08-08 06:16:08,194] {processor.py:642} INFO - Processing file /home/airflow/.local/lib/python3.7/site-packages/airflow/example_dags/example_subdag_operator.py for tasks to queue
[2022-08-08 06:16:08,196] {logging_mixin.py:109} INFO - [2022-08-08 06:16:08,196] {dagbag.py:500} INFO - Filling up the DagBag from /home/airflow/.local/lib/python3.7/site-packages/airflow/example_dags/example_subdag_operator.py
[2022-08-08 06:16:08,231] {processor.py:654} INFO - DAG(s) dict_keys(['example_subdag_operator.section-1', 'example_subdag_operator.section-2', 'example_subdag_operator']) retrieved from /home/airflow/.local/lib/python3.7/site-packages/airflow/example_dags/example_subdag_operator.py
[2022-08-08 06:16:08,244] {logging_mixin.py:109} INFO - [2022-08-08 06:16:08,244] {dag.py:2396} INFO - Sync 3 DAGs
[2022-08-08 06:16:08,260] {logging_mixin.py:109} INFO - [2022-08-08 06:16:08,260] {dag.py:2935} INFO - Setting next_dagrun for example_subdag_operator to 2022-08-06T00:00:00+00:00
[2022-08-08 06:16:08,261] {logging_mixin.py:109} INFO - [2022-08-08 06:16:08,261] {dag.py:2935} INFO - Setting next_dagrun for example_subdag_operator.section-1 to None
[2022-08-08 06:16:08,262] {logging_mixin.py:109} INFO - [2022-08-08 06:16:08,262] {dag.py:2935} INFO - Setting next_dagrun for example_subdag_operator.section-2 to None
[2022-08-08 06:16:08,268] {logging_mixin.py:109} INFO - [2022-08-08 06:16:08,268] {dag.py:2396} INFO - Sync 2 DAGs
[2022-08-08 06:16:08,275] {logging_mixin.py:109} INFO - [2022-08-08 06:16:08,275] {dag.py:2935} INFO - Setting next_dagrun for example_subdag_operator.section-1 to None
[2022-08-08 06:16:08,277] {logging_mixin.py:109} INFO - [2022-08-08 06:16:08,276] {dag.py:2935} INFO - Setting next_dagrun for example_subdag_operator.section-2 to None
[2022-08-08 06:16:08,284] {processor.py:171} INFO - Processing /home/airflow/.local/lib/python3.7/site-packages/airflow/example_dags/example_subdag_operator.py took 0.098 seconds
[2022-08-08 06:16:38,523] {processor.py:163} INFO - Started process (PID=1254) to work on /home/airflow/.local/lib/python3.7/site-packages/airflow/example_dags/example_subdag_operator.py
[2022-08-08 06:16:38,525] {processor.py:642} INFO - Processing file /home/airflow/.local/lib/python3.7/site-packages/airflow/example_dags/example_subdag_operator.py for tasks to queue
[2022-08-08 06:16:38,527] {logging_mixin.py:109} INFO - [2022-08-08 06:16:38,526] {dagbag.py:500} INFO - Filling up the DagBag from /home/airflow/.local/lib/python3.7/site-packages/airflow/example_dags/example_subdag_operator.py
[2022-08-08 06:16:38,570] {processor.py:654} INFO - DAG(s) dict_keys(['example_subdag_operator.section-1', 'example_subdag_operator.section-2', 'example_subdag_operator']) retrieved from /home/airflow/.local/lib/python3.7/site-packages/airflow/example_dags/example_subdag_operator.py
[2022-08-08 06:16:38,586] {logging_mixin.py:109} INFO - [2022-08-08 06:16:38,585] {dag.py:2396} INFO - Sync 3 DAGs
[2022-08-08 06:16:38,606] {logging_mixin.py:109} INFO - [2022-08-08 06:16:38,606] {dag.py:2935} INFO - Setting next_dagrun for example_subdag_operator to 2022-08-06T00:00:00+00:00
[2022-08-08 06:16:38,608] {logging_mixin.py:109} INFO - [2022-08-08 06:16:38,608] {dag.py:2935} INFO - Setting next_dagrun for example_subdag_operator.section-1 to None
[2022-08-08 06:16:38,609] {logging_mixin.py:109} INFO - [2022-08-08 06:16:38,609] {dag.py:2935} INFO - Setting next_dagrun for example_subdag_operator.section-2 to None
[2022-08-08 06:16:38,617] {logging_mixin.py:109} INFO - [2022-08-08 06:16:38,617] {dag.py:2396} INFO - Sync 2 DAGs
[2022-08-08 06:16:38,629] {logging_mixin.py:109} INFO - [2022-08-08 06:16:38,628] {dag.py:2935} INFO - Setting next_dagrun for example_subdag_operator.section-1 to None
[2022-08-08 06:16:38,630] {logging_mixin.py:109} INFO - [2022-08-08 06:16:38,630] {dag.py:2935} INFO - Setting next_dagrun for example_subdag_operator.section-2 to None
[2022-08-08 06:16:38,640] {processor.py:171} INFO - Processing /home/airflow/.local/lib/python3.7/site-packages/airflow/example_dags/example_subdag_operator.py took 0.123 seconds
[2022-08-08 06:17:08,896] {processor.py:163} INFO - Started process (PID=1325) to work on /home/airflow/.local/lib/python3.7/site-packages/airflow/example_dags/example_subdag_operator.py
[2022-08-08 06:17:08,900] {processor.py:642} INFO - Processing file /home/airflow/.local/lib/python3.7/site-packages/airflow/example_dags/example_subdag_operator.py for tasks to queue
[2022-08-08 06:17:08,901] {logging_mixin.py:109} INFO - [2022-08-08 06:17:08,901] {dagbag.py:500} INFO - Filling up the DagBag from /home/airflow/.local/lib/python3.7/site-packages/airflow/example_dags/example_subdag_operator.py
[2022-08-08 06:17:08,938] {processor.py:654} INFO - DAG(s) dict_keys(['example_subdag_operator.section-1', 'example_subdag_operator.section-2', 'example_subdag_operator']) retrieved from /home/airflow/.local/lib/python3.7/site-packages/airflow/example_dags/example_subdag_operator.py
[2022-08-08 06:17:08,951] {logging_mixin.py:109} INFO - [2022-08-08 06:17:08,951] {dag.py:2396} INFO - Sync 3 DAGs
[2022-08-08 06:17:08,967] {logging_mixin.py:109} INFO - [2022-08-08 06:17:08,967] {dag.py:2935} INFO - Setting next_dagrun for example_subdag_operator to 2022-08-06T00:00:00+00:00
[2022-08-08 06:17:08,968] {logging_mixin.py:109} INFO - [2022-08-08 06:17:08,968] {dag.py:2935} INFO - Setting next_dagrun for example_subdag_operator.section-1 to None
[2022-08-08 06:17:08,969] {logging_mixin.py:109} INFO - [2022-08-08 06:17:08,969] {dag.py:2935} INFO - Setting next_dagrun for example_subdag_operator.section-2 to None
[2022-08-08 06:17:08,976] {logging_mixin.py:109} INFO - [2022-08-08 06:17:08,976] {dag.py:2396} INFO - Sync 2 DAGs
[2022-08-08 06:17:08,984] {logging_mixin.py:109} INFO - [2022-08-08 06:17:08,984] {dag.py:2935} INFO - Setting next_dagrun for example_subdag_operator.section-1 to None
[2022-08-08 06:17:08,985] {logging_mixin.py:109} INFO - [2022-08-08 06:17:08,985] {dag.py:2935} INFO - Setting next_dagrun for example_subdag_operator.section-2 to None
[2022-08-08 06:17:08,992] {processor.py:171} INFO - Processing /home/airflow/.local/lib/python3.7/site-packages/airflow/example_dags/example_subdag_operator.py took 0.101 seconds
[2022-08-08 06:17:39,791] {processor.py:163} INFO - Started process (PID=1387) to work on /home/airflow/.local/lib/python3.7/site-packages/airflow/example_dags/example_subdag_operator.py
[2022-08-08 06:17:39,795] {processor.py:642} INFO - Processing file /home/airflow/.local/lib/python3.7/site-packages/airflow/example_dags/example_subdag_operator.py for tasks to queue
[2022-08-08 06:17:39,798] {logging_mixin.py:109} INFO - [2022-08-08 06:17:39,798] {dagbag.py:500} INFO - Filling up the DagBag from /home/airflow/.local/lib/python3.7/site-packages/airflow/example_dags/example_subdag_operator.py
[2022-08-08 06:17:39,838] {processor.py:654} INFO - DAG(s) dict_keys(['example_subdag_operator.section-1', 'example_subdag_operator.section-2', 'example_subdag_operator']) retrieved from /home/airflow/.local/lib/python3.7/site-packages/airflow/example_dags/example_subdag_operator.py
[2022-08-08 06:17:39,852] {logging_mixin.py:109} INFO - [2022-08-08 06:17:39,851] {dag.py:2396} INFO - Sync 3 DAGs
[2022-08-08 06:17:39,868] {logging_mixin.py:109} INFO - [2022-08-08 06:17:39,868] {dag.py:2935} INFO - Setting next_dagrun for example_subdag_operator to 2022-08-06T00:00:00+00:00
[2022-08-08 06:17:39,870] {logging_mixin.py:109} INFO - [2022-08-08 06:17:39,869] {dag.py:2935} INFO - Setting next_dagrun for example_subdag_operator.section-1 to None
[2022-08-08 06:17:39,871] {logging_mixin.py:109} INFO - [2022-08-08 06:17:39,870] {dag.py:2935} INFO - Setting next_dagrun for example_subdag_operator.section-2 to None
[2022-08-08 06:17:39,878] {logging_mixin.py:109} INFO - [2022-08-08 06:17:39,877] {dag.py:2396} INFO - Sync 2 DAGs
[2022-08-08 06:17:39,887] {logging_mixin.py:109} INFO - [2022-08-08 06:17:39,886] {dag.py:2935} INFO - Setting next_dagrun for example_subdag_operator.section-1 to None
[2022-08-08 06:17:39,888] {logging_mixin.py:109} INFO - [2022-08-08 06:17:39,887] {dag.py:2935} INFO - Setting next_dagrun for example_subdag_operator.section-2 to None
[2022-08-08 06:17:39,897] {processor.py:171} INFO - Processing /home/airflow/.local/lib/python3.7/site-packages/airflow/example_dags/example_subdag_operator.py took 0.118 seconds
[2022-08-08 06:18:10,483] {processor.py:163} INFO - Started process (PID=1458) to work on /home/airflow/.local/lib/python3.7/site-packages/airflow/example_dags/example_subdag_operator.py
[2022-08-08 06:18:10,487] {processor.py:642} INFO - Processing file /home/airflow/.local/lib/python3.7/site-packages/airflow/example_dags/example_subdag_operator.py for tasks to queue
[2022-08-08 06:18:10,488] {logging_mixin.py:109} INFO - [2022-08-08 06:18:10,488] {dagbag.py:500} INFO - Filling up the DagBag from /home/airflow/.local/lib/python3.7/site-packages/airflow/example_dags/example_subdag_operator.py
[2022-08-08 06:18:10,533] {processor.py:654} INFO - DAG(s) dict_keys(['example_subdag_operator.section-1', 'example_subdag_operator.section-2', 'example_subdag_operator']) retrieved from /home/airflow/.local/lib/python3.7/site-packages/airflow/example_dags/example_subdag_operator.py
[2022-08-08 06:18:10,549] {logging_mixin.py:109} INFO - [2022-08-08 06:18:10,548] {dag.py:2396} INFO - Sync 3 DAGs
[2022-08-08 06:18:10,568] {logging_mixin.py:109} INFO - [2022-08-08 06:18:10,568] {dag.py:2935} INFO - Setting next_dagrun for example_subdag_operator to 2022-08-06T00:00:00+00:00
[2022-08-08 06:18:10,570] {logging_mixin.py:109} INFO - [2022-08-08 06:18:10,570] {dag.py:2935} INFO - Setting next_dagrun for example_subdag_operator.section-1 to None
[2022-08-08 06:18:10,571] {logging_mixin.py:109} INFO - [2022-08-08 06:18:10,571] {dag.py:2935} INFO - Setting next_dagrun for example_subdag_operator.section-2 to None
[2022-08-08 06:18:10,580] {logging_mixin.py:109} INFO - [2022-08-08 06:18:10,579] {dag.py:2396} INFO - Sync 2 DAGs
[2022-08-08 06:18:10,590] {logging_mixin.py:109} INFO - [2022-08-08 06:18:10,590] {dag.py:2935} INFO - Setting next_dagrun for example_subdag_operator.section-1 to None
[2022-08-08 06:18:10,592] {logging_mixin.py:109} INFO - [2022-08-08 06:18:10,591] {dag.py:2935} INFO - Setting next_dagrun for example_subdag_operator.section-2 to None
[2022-08-08 06:18:10,602] {processor.py:171} INFO - Processing /home/airflow/.local/lib/python3.7/site-packages/airflow/example_dags/example_subdag_operator.py took 0.125 seconds
[2022-08-08 06:18:40,724] {processor.py:163} INFO - Started process (PID=1519) to work on /home/airflow/.local/lib/python3.7/site-packages/airflow/example_dags/example_subdag_operator.py
[2022-08-08 06:18:40,726] {processor.py:642} INFO - Processing file /home/airflow/.local/lib/python3.7/site-packages/airflow/example_dags/example_subdag_operator.py for tasks to queue
[2022-08-08 06:18:40,728] {logging_mixin.py:109} INFO - [2022-08-08 06:18:40,728] {dagbag.py:500} INFO - Filling up the DagBag from /home/airflow/.local/lib/python3.7/site-packages/airflow/example_dags/example_subdag_operator.py
[2022-08-08 06:18:40,777] {processor.py:654} INFO - DAG(s) dict_keys(['example_subdag_operator.section-1', 'example_subdag_operator.section-2', 'example_subdag_operator']) retrieved from /home/airflow/.local/lib/python3.7/site-packages/airflow/example_dags/example_subdag_operator.py
[2022-08-08 06:18:40,797] {logging_mixin.py:109} INFO - [2022-08-08 06:18:40,797] {dag.py:2396} INFO - Sync 3 DAGs
[2022-08-08 06:18:40,817] {logging_mixin.py:109} INFO - [2022-08-08 06:18:40,816] {dag.py:2935} INFO - Setting next_dagrun for example_subdag_operator to 2022-08-06T00:00:00+00:00
[2022-08-08 06:18:40,818] {logging_mixin.py:109} INFO - [2022-08-08 06:18:40,818] {dag.py:2935} INFO - Setting next_dagrun for example_subdag_operator.section-1 to None
[2022-08-08 06:18:40,820] {logging_mixin.py:109} INFO - [2022-08-08 06:18:40,819] {dag.py:2935} INFO - Setting next_dagrun for example_subdag_operator.section-2 to None
[2022-08-08 06:18:40,829] {logging_mixin.py:109} INFO - [2022-08-08 06:18:40,828] {dag.py:2396} INFO - Sync 2 DAGs
[2022-08-08 06:18:40,839] {logging_mixin.py:109} INFO - [2022-08-08 06:18:40,839] {dag.py:2935} INFO - Setting next_dagrun for example_subdag_operator.section-1 to None
[2022-08-08 06:18:40,840] {logging_mixin.py:109} INFO - [2022-08-08 06:18:40,840] {dag.py:2935} INFO - Setting next_dagrun for example_subdag_operator.section-2 to None
[2022-08-08 06:18:40,849] {processor.py:171} INFO - Processing /home/airflow/.local/lib/python3.7/site-packages/airflow/example_dags/example_subdag_operator.py took 0.133 seconds
[2022-08-08 06:19:10,950] {processor.py:163} INFO - Started process (PID=1589) to work on /home/airflow/.local/lib/python3.7/site-packages/airflow/example_dags/example_subdag_operator.py
[2022-08-08 06:19:10,954] {processor.py:642} INFO - Processing file /home/airflow/.local/lib/python3.7/site-packages/airflow/example_dags/example_subdag_operator.py for tasks to queue
[2022-08-08 06:19:10,956] {logging_mixin.py:109} INFO - [2022-08-08 06:19:10,955] {dagbag.py:500} INFO - Filling up the DagBag from /home/airflow/.local/lib/python3.7/site-packages/airflow/example_dags/example_subdag_operator.py
[2022-08-08 06:19:11,012] {processor.py:654} INFO - DAG(s) dict_keys(['example_subdag_operator.section-1', 'example_subdag_operator.section-2', 'example_subdag_operator']) retrieved from /home/airflow/.local/lib/python3.7/site-packages/airflow/example_dags/example_subdag_operator.py
[2022-08-08 06:19:11,028] {logging_mixin.py:109} INFO - [2022-08-08 06:19:11,028] {dag.py:2396} INFO - Sync 3 DAGs
[2022-08-08 06:19:11,048] {logging_mixin.py:109} INFO - [2022-08-08 06:19:11,048] {dag.py:2935} INFO - Setting next_dagrun for example_subdag_operator to 2022-08-06T00:00:00+00:00
[2022-08-08 06:19:11,050] {logging_mixin.py:109} INFO - [2022-08-08 06:19:11,050] {dag.py:2935} INFO - Setting next_dagrun for example_subdag_operator.section-1 to None
[2022-08-08 06:19:11,051] {logging_mixin.py:109} INFO - [2022-08-08 06:19:11,051] {dag.py:2935} INFO - Setting next_dagrun for example_subdag_operator.section-2 to None
[2022-08-08 06:19:11,058] {logging_mixin.py:109} INFO - [2022-08-08 06:19:11,058] {dag.py:2396} INFO - Sync 2 DAGs
[2022-08-08 06:19:11,068] {logging_mixin.py:109} INFO - [2022-08-08 06:19:11,068] {dag.py:2935} INFO - Setting next_dagrun for example_subdag_operator.section-1 to None
[2022-08-08 06:19:11,069] {logging_mixin.py:109} INFO - [2022-08-08 06:19:11,069] {dag.py:2935} INFO - Setting next_dagrun for example_subdag_operator.section-2 to None
[2022-08-08 06:19:11,083] {processor.py:171} INFO - Processing /home/airflow/.local/lib/python3.7/site-packages/airflow/example_dags/example_subdag_operator.py took 0.136 seconds
[2022-08-08 06:19:41,608] {processor.py:163} INFO - Started process (PID=1650) to work on /home/airflow/.local/lib/python3.7/site-packages/airflow/example_dags/example_subdag_operator.py
[2022-08-08 06:19:41,610] {processor.py:642} INFO - Processing file /home/airflow/.local/lib/python3.7/site-packages/airflow/example_dags/example_subdag_operator.py for tasks to queue
[2022-08-08 06:19:41,611] {logging_mixin.py:109} INFO - [2022-08-08 06:19:41,611] {dagbag.py:500} INFO - Filling up the DagBag from /home/airflow/.local/lib/python3.7/site-packages/airflow/example_dags/example_subdag_operator.py
[2022-08-08 06:19:41,654] {processor.py:654} INFO - DAG(s) dict_keys(['example_subdag_operator.section-1', 'example_subdag_operator.section-2', 'example_subdag_operator']) retrieved from /home/airflow/.local/lib/python3.7/site-packages/airflow/example_dags/example_subdag_operator.py
[2022-08-08 06:19:41,666] {logging_mixin.py:109} INFO - [2022-08-08 06:19:41,666] {dag.py:2396} INFO - Sync 3 DAGs
[2022-08-08 06:19:41,683] {logging_mixin.py:109} INFO - [2022-08-08 06:19:41,683] {dag.py:2935} INFO - Setting next_dagrun for example_subdag_operator to 2022-08-06T00:00:00+00:00
[2022-08-08 06:19:41,684] {logging_mixin.py:109} INFO - [2022-08-08 06:19:41,684] {dag.py:2935} INFO - Setting next_dagrun for example_subdag_operator.section-1 to None
[2022-08-08 06:19:41,685] {logging_mixin.py:109} INFO - [2022-08-08 06:19:41,685] {dag.py:2935} INFO - Setting next_dagrun for example_subdag_operator.section-2 to None
[2022-08-08 06:19:41,692] {logging_mixin.py:109} INFO - [2022-08-08 06:19:41,691] {dag.py:2396} INFO - Sync 2 DAGs
[2022-08-08 06:19:41,700] {logging_mixin.py:109} INFO - [2022-08-08 06:19:41,700] {dag.py:2935} INFO - Setting next_dagrun for example_subdag_operator.section-1 to None
[2022-08-08 06:19:41,701] {logging_mixin.py:109} INFO - [2022-08-08 06:19:41,701] {dag.py:2935} INFO - Setting next_dagrun for example_subdag_operator.section-2 to None
[2022-08-08 06:19:41,710] {processor.py:171} INFO - Processing /home/airflow/.local/lib/python3.7/site-packages/airflow/example_dags/example_subdag_operator.py took 0.106 seconds
[2022-08-08 06:20:11,889] {processor.py:163} INFO - Started process (PID=1720) to work on /home/airflow/.local/lib/python3.7/site-packages/airflow/example_dags/example_subdag_operator.py
[2022-08-08 06:20:11,892] {processor.py:642} INFO - Processing file /home/airflow/.local/lib/python3.7/site-packages/airflow/example_dags/example_subdag_operator.py for tasks to queue
[2022-08-08 06:20:11,893] {logging_mixin.py:109} INFO - [2022-08-08 06:20:11,893] {dagbag.py:500} INFO - Filling up the DagBag from /home/airflow/.local/lib/python3.7/site-packages/airflow/example_dags/example_subdag_operator.py
[2022-08-08 06:20:11,937] {processor.py:654} INFO - DAG(s) dict_keys(['example_subdag_operator.section-1', 'example_subdag_operator.section-2', 'example_subdag_operator']) retrieved from /home/airflow/.local/lib/python3.7/site-packages/airflow/example_dags/example_subdag_operator.py
[2022-08-08 06:20:11,958] {logging_mixin.py:109} INFO - [2022-08-08 06:20:11,957] {dag.py:2396} INFO - Sync 3 DAGs
[2022-08-08 06:20:11,982] {logging_mixin.py:109} INFO - [2022-08-08 06:20:11,982] {dag.py:2935} INFO - Setting next_dagrun for example_subdag_operator to 2022-08-06T00:00:00+00:00
[2022-08-08 06:20:11,983] {logging_mixin.py:109} INFO - [2022-08-08 06:20:11,983] {dag.py:2935} INFO - Setting next_dagrun for example_subdag_operator.section-1 to None
[2022-08-08 06:20:11,984] {logging_mixin.py:109} INFO - [2022-08-08 06:20:11,984] {dag.py:2935} INFO - Setting next_dagrun for example_subdag_operator.section-2 to None
[2022-08-08 06:20:11,992] {logging_mixin.py:109} INFO - [2022-08-08 06:20:11,992] {dag.py:2396} INFO - Sync 2 DAGs
[2022-08-08 06:20:12,093] {logging_mixin.py:109} INFO - [2022-08-08 06:20:12,092] {dag.py:2935} INFO - Setting next_dagrun for example_subdag_operator.section-1 to None
[2022-08-08 06:20:12,094] {logging_mixin.py:109} INFO - [2022-08-08 06:20:12,094] {dag.py:2935} INFO - Setting next_dagrun for example_subdag_operator.section-2 to None
[2022-08-08 06:20:12,103] {processor.py:171} INFO - Processing /home/airflow/.local/lib/python3.7/site-packages/airflow/example_dags/example_subdag_operator.py took 0.218 seconds
[2022-08-08 06:20:42,328] {processor.py:163} INFO - Started process (PID=1780) to work on /home/airflow/.local/lib/python3.7/site-packages/airflow/example_dags/example_subdag_operator.py
[2022-08-08 06:20:42,332] {processor.py:642} INFO - Processing file /home/airflow/.local/lib/python3.7/site-packages/airflow/example_dags/example_subdag_operator.py for tasks to queue
[2022-08-08 06:20:42,334] {logging_mixin.py:109} INFO - [2022-08-08 06:20:42,334] {dagbag.py:500} INFO - Filling up the DagBag from /home/airflow/.local/lib/python3.7/site-packages/airflow/example_dags/example_subdag_operator.py
[2022-08-08 06:20:42,374] {processor.py:654} INFO - DAG(s) dict_keys(['example_subdag_operator.section-1', 'example_subdag_operator.section-2', 'example_subdag_operator']) retrieved from /home/airflow/.local/lib/python3.7/site-packages/airflow/example_dags/example_subdag_operator.py
[2022-08-08 06:20:42,385] {logging_mixin.py:109} INFO - [2022-08-08 06:20:42,385] {dag.py:2396} INFO - Sync 3 DAGs
[2022-08-08 06:20:42,488] {logging_mixin.py:109} INFO - [2022-08-08 06:20:42,488] {dag.py:2935} INFO - Setting next_dagrun for example_subdag_operator to 2022-08-06T00:00:00+00:00
[2022-08-08 06:20:42,490] {logging_mixin.py:109} INFO - [2022-08-08 06:20:42,490] {dag.py:2935} INFO - Setting next_dagrun for example_subdag_operator.section-1 to None
[2022-08-08 06:20:42,491] {logging_mixin.py:109} INFO - [2022-08-08 06:20:42,491] {dag.py:2935} INFO - Setting next_dagrun for example_subdag_operator.section-2 to None
[2022-08-08 06:20:42,498] {logging_mixin.py:109} INFO - [2022-08-08 06:20:42,498] {dag.py:2396} INFO - Sync 2 DAGs
[2022-08-08 06:20:42,507] {logging_mixin.py:109} INFO - [2022-08-08 06:20:42,506] {dag.py:2935} INFO - Setting next_dagrun for example_subdag_operator.section-1 to None
[2022-08-08 06:20:42,508] {logging_mixin.py:109} INFO - [2022-08-08 06:20:42,508] {dag.py:2935} INFO - Setting next_dagrun for example_subdag_operator.section-2 to None
[2022-08-08 06:20:42,516] {processor.py:171} INFO - Processing /home/airflow/.local/lib/python3.7/site-packages/airflow/example_dags/example_subdag_operator.py took 0.197 seconds
[2022-08-08 06:21:12,578] {processor.py:163} INFO - Started process (PID=1849) to work on /home/airflow/.local/lib/python3.7/site-packages/airflow/example_dags/example_subdag_operator.py
[2022-08-08 06:21:12,580] {processor.py:642} INFO - Processing file /home/airflow/.local/lib/python3.7/site-packages/airflow/example_dags/example_subdag_operator.py for tasks to queue
[2022-08-08 06:21:12,582] {logging_mixin.py:109} INFO - [2022-08-08 06:21:12,582] {dagbag.py:500} INFO - Filling up the DagBag from /home/airflow/.local/lib/python3.7/site-packages/airflow/example_dags/example_subdag_operator.py
[2022-08-08 06:21:12,625] {processor.py:654} INFO - DAG(s) dict_keys(['example_subdag_operator.section-1', 'example_subdag_operator.section-2', 'example_subdag_operator']) retrieved from /home/airflow/.local/lib/python3.7/site-packages/airflow/example_dags/example_subdag_operator.py
[2022-08-08 06:21:12,639] {logging_mixin.py:109} INFO - [2022-08-08 06:21:12,638] {dag.py:2396} INFO - Sync 3 DAGs
[2022-08-08 06:21:12,743] {logging_mixin.py:109} INFO - [2022-08-08 06:21:12,742] {dag.py:2935} INFO - Setting next_dagrun for example_subdag_operator to 2022-08-06T00:00:00+00:00
[2022-08-08 06:21:12,744] {logging_mixin.py:109} INFO - [2022-08-08 06:21:12,744] {dag.py:2935} INFO - Setting next_dagrun for example_subdag_operator.section-1 to None
[2022-08-08 06:21:12,745] {logging_mixin.py:109} INFO - [2022-08-08 06:21:12,745] {dag.py:2935} INFO - Setting next_dagrun for example_subdag_operator.section-2 to None
[2022-08-08 06:21:12,753] {logging_mixin.py:109} INFO - [2022-08-08 06:21:12,753] {dag.py:2396} INFO - Sync 2 DAGs
[2022-08-08 06:21:12,763] {logging_mixin.py:109} INFO - [2022-08-08 06:21:12,762] {dag.py:2935} INFO - Setting next_dagrun for example_subdag_operator.section-1 to None
[2022-08-08 06:21:12,764] {logging_mixin.py:109} INFO - [2022-08-08 06:21:12,763] {dag.py:2935} INFO - Setting next_dagrun for example_subdag_operator.section-2 to None
[2022-08-08 06:21:12,774] {processor.py:171} INFO - Processing /home/airflow/.local/lib/python3.7/site-packages/airflow/example_dags/example_subdag_operator.py took 0.199 seconds
[2022-08-08 06:21:42,830] {processor.py:163} INFO - Started process (PID=1908) to work on /home/airflow/.local/lib/python3.7/site-packages/airflow/example_dags/example_subdag_operator.py
[2022-08-08 06:21:42,834] {processor.py:642} INFO - Processing file /home/airflow/.local/lib/python3.7/site-packages/airflow/example_dags/example_subdag_operator.py for tasks to queue
[2022-08-08 06:21:42,836] {logging_mixin.py:109} INFO - [2022-08-08 06:21:42,836] {dagbag.py:500} INFO - Filling up the DagBag from /home/airflow/.local/lib/python3.7/site-packages/airflow/example_dags/example_subdag_operator.py
[2022-08-08 06:21:42,876] {processor.py:654} INFO - DAG(s) dict_keys(['example_subdag_operator.section-1', 'example_subdag_operator.section-2', 'example_subdag_operator']) retrieved from /home/airflow/.local/lib/python3.7/site-packages/airflow/example_dags/example_subdag_operator.py
[2022-08-08 06:21:42,890] {logging_mixin.py:109} INFO - [2022-08-08 06:21:42,890] {dag.py:2396} INFO - Sync 3 DAGs
[2022-08-08 06:21:42,994] {logging_mixin.py:109} INFO - [2022-08-08 06:21:42,994] {dag.py:2935} INFO - Setting next_dagrun for example_subdag_operator to 2022-08-06T00:00:00+00:00
[2022-08-08 06:21:42,996] {logging_mixin.py:109} INFO - [2022-08-08 06:21:42,996] {dag.py:2935} INFO - Setting next_dagrun for example_subdag_operator.section-1 to None
[2022-08-08 06:21:42,997] {logging_mixin.py:109} INFO - [2022-08-08 06:21:42,997] {dag.py:2935} INFO - Setting next_dagrun for example_subdag_operator.section-2 to None
[2022-08-08 06:21:43,003] {logging_mixin.py:109} INFO - [2022-08-08 06:21:43,003] {dag.py:2396} INFO - Sync 2 DAGs
[2022-08-08 06:21:43,012] {logging_mixin.py:109} INFO - [2022-08-08 06:21:43,012] {dag.py:2935} INFO - Setting next_dagrun for example_subdag_operator.section-1 to None
[2022-08-08 06:21:43,013] {logging_mixin.py:109} INFO - [2022-08-08 06:21:43,013] {dag.py:2935} INFO - Setting next_dagrun for example_subdag_operator.section-2 to None
[2022-08-08 06:21:43,021] {processor.py:171} INFO - Processing /home/airflow/.local/lib/python3.7/site-packages/airflow/example_dags/example_subdag_operator.py took 0.196 seconds
[2022-08-08 06:22:13,082] {processor.py:163} INFO - Started process (PID=1969) to work on /home/airflow/.local/lib/python3.7/site-packages/airflow/example_dags/example_subdag_operator.py
[2022-08-08 06:22:13,085] {processor.py:642} INFO - Processing file /home/airflow/.local/lib/python3.7/site-packages/airflow/example_dags/example_subdag_operator.py for tasks to queue
[2022-08-08 06:22:13,086] {logging_mixin.py:109} INFO - [2022-08-08 06:22:13,086] {dagbag.py:500} INFO - Filling up the DagBag from /home/airflow/.local/lib/python3.7/site-packages/airflow/example_dags/example_subdag_operator.py
[2022-08-08 06:22:13,129] {processor.py:654} INFO - DAG(s) dict_keys(['example_subdag_operator.section-1', 'example_subdag_operator.section-2', 'example_subdag_operator']) retrieved from /home/airflow/.local/lib/python3.7/site-packages/airflow/example_dags/example_subdag_operator.py
[2022-08-08 06:22:13,143] {logging_mixin.py:109} INFO - [2022-08-08 06:22:13,142] {dag.py:2396} INFO - Sync 3 DAGs
[2022-08-08 06:22:13,246] {logging_mixin.py:109} INFO - [2022-08-08 06:22:13,246] {dag.py:2935} INFO - Setting next_dagrun for example_subdag_operator to 2022-08-06T00:00:00+00:00
[2022-08-08 06:22:13,248] {logging_mixin.py:109} INFO - [2022-08-08 06:22:13,247] {dag.py:2935} INFO - Setting next_dagrun for example_subdag_operator.section-1 to None
[2022-08-08 06:22:13,249] {logging_mixin.py:109} INFO - [2022-08-08 06:22:13,248] {dag.py:2935} INFO - Setting next_dagrun for example_subdag_operator.section-2 to None
[2022-08-08 06:22:13,256] {logging_mixin.py:109} INFO - [2022-08-08 06:22:13,255] {dag.py:2396} INFO - Sync 2 DAGs
[2022-08-08 06:22:13,265] {logging_mixin.py:109} INFO - [2022-08-08 06:22:13,265] {dag.py:2935} INFO - Setting next_dagrun for example_subdag_operator.section-1 to None
[2022-08-08 06:22:13,266] {logging_mixin.py:109} INFO - [2022-08-08 06:22:13,266] {dag.py:2935} INFO - Setting next_dagrun for example_subdag_operator.section-2 to None
[2022-08-08 06:22:13,275] {processor.py:171} INFO - Processing /home/airflow/.local/lib/python3.7/site-packages/airflow/example_dags/example_subdag_operator.py took 0.197 seconds
[2022-08-08 06:22:43,897] {processor.py:163} INFO - Started process (PID=2038) to work on /home/airflow/.local/lib/python3.7/site-packages/airflow/example_dags/example_subdag_operator.py
[2022-08-08 06:22:43,901] {processor.py:642} INFO - Processing file /home/airflow/.local/lib/python3.7/site-packages/airflow/example_dags/example_subdag_operator.py for tasks to queue
[2022-08-08 06:22:43,903] {logging_mixin.py:109} INFO - [2022-08-08 06:22:43,902] {dagbag.py:500} INFO - Filling up the DagBag from /home/airflow/.local/lib/python3.7/site-packages/airflow/example_dags/example_subdag_operator.py
[2022-08-08 06:22:43,940] {processor.py:654} INFO - DAG(s) dict_keys(['example_subdag_operator.section-1', 'example_subdag_operator.section-2', 'example_subdag_operator']) retrieved from /home/airflow/.local/lib/python3.7/site-packages/airflow/example_dags/example_subdag_operator.py
[2022-08-08 06:22:44,040] {logging_mixin.py:109} INFO - [2022-08-08 06:22:44,040] {dag.py:2396} INFO - Sync 3 DAGs
[2022-08-08 06:22:44,056] {logging_mixin.py:109} INFO - [2022-08-08 06:22:44,056] {dag.py:2935} INFO - Setting next_dagrun for example_subdag_operator to 2022-08-06T00:00:00+00:00
[2022-08-08 06:22:44,058] {logging_mixin.py:109} INFO - [2022-08-08 06:22:44,057] {dag.py:2935} INFO - Setting next_dagrun for example_subdag_operator.section-1 to None
[2022-08-08 06:22:44,058] {logging_mixin.py:109} INFO - [2022-08-08 06:22:44,058] {dag.py:2935} INFO - Setting next_dagrun for example_subdag_operator.section-2 to None
[2022-08-08 06:22:44,064] {logging_mixin.py:109} INFO - [2022-08-08 06:22:44,064] {dag.py:2396} INFO - Sync 2 DAGs
[2022-08-08 06:22:44,072] {logging_mixin.py:109} INFO - [2022-08-08 06:22:44,072] {dag.py:2935} INFO - Setting next_dagrun for example_subdag_operator.section-1 to None
[2022-08-08 06:22:44,074] {logging_mixin.py:109} INFO - [2022-08-08 06:22:44,074] {dag.py:2935} INFO - Setting next_dagrun for example_subdag_operator.section-2 to None
[2022-08-08 06:22:44,082] {processor.py:171} INFO - Processing /home/airflow/.local/lib/python3.7/site-packages/airflow/example_dags/example_subdag_operator.py took 0.190 seconds
[2022-08-08 07:11:43,508] {processor.py:163} INFO - Started process (PID=2063) to work on /home/airflow/.local/lib/python3.7/site-packages/airflow/example_dags/example_subdag_operator.py
[2022-08-08 07:11:43,510] {processor.py:642} INFO - Processing file /home/airflow/.local/lib/python3.7/site-packages/airflow/example_dags/example_subdag_operator.py for tasks to queue
[2022-08-08 07:11:43,512] {logging_mixin.py:109} INFO - [2022-08-08 07:11:43,512] {dagbag.py:500} INFO - Filling up the DagBag from /home/airflow/.local/lib/python3.7/site-packages/airflow/example_dags/example_subdag_operator.py
[2022-08-08 07:11:43,674] {processor.py:654} INFO - DAG(s) dict_keys(['example_subdag_operator.section-1', 'example_subdag_operator.section-2', 'example_subdag_operator']) retrieved from /home/airflow/.local/lib/python3.7/site-packages/airflow/example_dags/example_subdag_operator.py
[2022-08-08 07:11:43,695] {logging_mixin.py:109} INFO - [2022-08-08 07:11:43,695] {dag.py:2396} INFO - Sync 3 DAGs
[2022-08-08 07:11:43,722] {logging_mixin.py:109} INFO - [2022-08-08 07:11:43,721] {dag.py:2935} INFO - Setting next_dagrun for example_subdag_operator to 2022-08-06T00:00:00+00:00
[2022-08-08 07:11:43,723] {logging_mixin.py:109} INFO - [2022-08-08 07:11:43,723] {dag.py:2935} INFO - Setting next_dagrun for example_subdag_operator.section-1 to None
[2022-08-08 07:11:43,724] {logging_mixin.py:109} INFO - [2022-08-08 07:11:43,724] {dag.py:2935} INFO - Setting next_dagrun for example_subdag_operator.section-2 to None
[2022-08-08 07:11:43,731] {logging_mixin.py:109} INFO - [2022-08-08 07:11:43,731] {dag.py:2396} INFO - Sync 2 DAGs
[2022-08-08 07:11:43,747] {logging_mixin.py:109} INFO - [2022-08-08 07:11:43,747] {dag.py:2935} INFO - Setting next_dagrun for example_subdag_operator.section-1 to None
[2022-08-08 07:11:43,748] {logging_mixin.py:109} INFO - [2022-08-08 07:11:43,748] {dag.py:2935} INFO - Setting next_dagrun for example_subdag_operator.section-2 to None
[2022-08-08 07:11:43,759] {processor.py:171} INFO - Processing /home/airflow/.local/lib/python3.7/site-packages/airflow/example_dags/example_subdag_operator.py took 0.254 seconds
[2022-08-08 09:12:23,870] {processor.py:163} INFO - Started process (PID=2126) to work on /home/airflow/.local/lib/python3.7/site-packages/airflow/example_dags/example_subdag_operator.py
[2022-08-08 09:12:23,891] {processor.py:642} INFO - Processing file /home/airflow/.local/lib/python3.7/site-packages/airflow/example_dags/example_subdag_operator.py for tasks to queue
[2022-08-08 09:12:23,898] {logging_mixin.py:109} INFO - [2022-08-08 09:12:23,898] {dagbag.py:500} INFO - Filling up the DagBag from /home/airflow/.local/lib/python3.7/site-packages/airflow/example_dags/example_subdag_operator.py
[2022-08-08 09:12:24,124] {processor.py:654} INFO - DAG(s) dict_keys(['example_subdag_operator.section-1', 'example_subdag_operator.section-2', 'example_subdag_operator']) retrieved from /home/airflow/.local/lib/python3.7/site-packages/airflow/example_dags/example_subdag_operator.py
[2022-08-08 09:12:24,168] {logging_mixin.py:109} INFO - [2022-08-08 09:12:24,168] {dag.py:2396} INFO - Sync 3 DAGs
[2022-08-08 09:12:24,280] {logging_mixin.py:109} INFO - [2022-08-08 09:12:24,280] {dag.py:2935} INFO - Setting next_dagrun for example_subdag_operator to 2022-08-06T00:00:00+00:00
[2022-08-08 09:12:24,282] {logging_mixin.py:109} INFO - [2022-08-08 09:12:24,282] {dag.py:2935} INFO - Setting next_dagrun for example_subdag_operator.section-1 to None
[2022-08-08 09:12:24,285] {logging_mixin.py:109} INFO - [2022-08-08 09:12:24,285] {dag.py:2935} INFO - Setting next_dagrun for example_subdag_operator.section-2 to None
[2022-08-08 09:12:24,334] {logging_mixin.py:109} INFO - [2022-08-08 09:12:24,334] {dag.py:2396} INFO - Sync 2 DAGs
[2022-08-08 09:12:24,374] {logging_mixin.py:109} INFO - [2022-08-08 09:12:24,374] {dag.py:2935} INFO - Setting next_dagrun for example_subdag_operator.section-1 to None
[2022-08-08 09:12:24,375] {logging_mixin.py:109} INFO - [2022-08-08 09:12:24,375] {dag.py:2935} INFO - Setting next_dagrun for example_subdag_operator.section-2 to None
[2022-08-08 09:12:24,409] {processor.py:171} INFO - Processing /home/airflow/.local/lib/python3.7/site-packages/airflow/example_dags/example_subdag_operator.py took 0.557 seconds
[2022-08-08 09:16:11,127] {processor.py:163} INFO - Started process (PID=2157) to work on /home/airflow/.local/lib/python3.7/site-packages/airflow/example_dags/example_subdag_operator.py
[2022-08-08 09:16:11,133] {processor.py:642} INFO - Processing file /home/airflow/.local/lib/python3.7/site-packages/airflow/example_dags/example_subdag_operator.py for tasks to queue
[2022-08-08 09:16:11,138] {logging_mixin.py:109} INFO - [2022-08-08 09:16:11,138] {dagbag.py:500} INFO - Filling up the DagBag from /home/airflow/.local/lib/python3.7/site-packages/airflow/example_dags/example_subdag_operator.py
[2022-08-08 09:16:11,213] {processor.py:654} INFO - DAG(s) dict_keys(['example_subdag_operator.section-1', 'example_subdag_operator.section-2', 'example_subdag_operator']) retrieved from /home/airflow/.local/lib/python3.7/site-packages/airflow/example_dags/example_subdag_operator.py
[2022-08-08 09:16:11,236] {logging_mixin.py:109} INFO - [2022-08-08 09:16:11,236] {dag.py:2396} INFO - Sync 3 DAGs
[2022-08-08 09:16:11,262] {logging_mixin.py:109} INFO - [2022-08-08 09:16:11,262] {dag.py:2935} INFO - Setting next_dagrun for example_subdag_operator to 2022-08-06T00:00:00+00:00
[2022-08-08 09:16:11,266] {logging_mixin.py:109} INFO - [2022-08-08 09:16:11,266] {dag.py:2935} INFO - Setting next_dagrun for example_subdag_operator.section-1 to None
[2022-08-08 09:16:11,276] {logging_mixin.py:109} INFO - [2022-08-08 09:16:11,275] {dag.py:2935} INFO - Setting next_dagrun for example_subdag_operator.section-2 to None
[2022-08-08 09:16:11,295] {logging_mixin.py:109} INFO - [2022-08-08 09:16:11,295] {dag.py:2396} INFO - Sync 2 DAGs
[2022-08-08 09:16:11,318] {logging_mixin.py:109} INFO - [2022-08-08 09:16:11,318] {dag.py:2935} INFO - Setting next_dagrun for example_subdag_operator.section-1 to None
[2022-08-08 09:16:11,320] {logging_mixin.py:109} INFO - [2022-08-08 09:16:11,320] {dag.py:2935} INFO - Setting next_dagrun for example_subdag_operator.section-2 to None
[2022-08-08 09:16:11,335] {processor.py:171} INFO - Processing /home/airflow/.local/lib/python3.7/site-packages/airflow/example_dags/example_subdag_operator.py took 0.216 seconds
[2022-08-08 09:32:39,095] {processor.py:163} INFO - Started process (PID=2233) to work on /home/airflow/.local/lib/python3.7/site-packages/airflow/example_dags/example_subdag_operator.py
[2022-08-08 09:32:39,121] {processor.py:642} INFO - Processing file /home/airflow/.local/lib/python3.7/site-packages/airflow/example_dags/example_subdag_operator.py for tasks to queue
[2022-08-08 09:32:39,129] {logging_mixin.py:109} INFO - [2022-08-08 09:32:39,129] {dagbag.py:500} INFO - Filling up the DagBag from /home/airflow/.local/lib/python3.7/site-packages/airflow/example_dags/example_subdag_operator.py
[2022-08-08 09:32:39,547] {processor.py:654} INFO - DAG(s) dict_keys(['example_subdag_operator.section-1', 'example_subdag_operator.section-2', 'example_subdag_operator']) retrieved from /home/airflow/.local/lib/python3.7/site-packages/airflow/example_dags/example_subdag_operator.py
[2022-08-08 09:32:39,671] {logging_mixin.py:109} INFO - [2022-08-08 09:32:39,671] {dag.py:2396} INFO - Sync 3 DAGs
[2022-08-08 09:32:39,836] {logging_mixin.py:109} INFO - [2022-08-08 09:32:39,836] {dag.py:2935} INFO - Setting next_dagrun for example_subdag_operator to 2022-08-06T00:00:00+00:00
[2022-08-08 09:32:39,844] {logging_mixin.py:109} INFO - [2022-08-08 09:32:39,844] {dag.py:2935} INFO - Setting next_dagrun for example_subdag_operator.section-1 to None
[2022-08-08 09:32:39,849] {logging_mixin.py:109} INFO - [2022-08-08 09:32:39,849] {dag.py:2935} INFO - Setting next_dagrun for example_subdag_operator.section-2 to None
[2022-08-08 09:32:39,900] {logging_mixin.py:109} INFO - [2022-08-08 09:32:39,899] {dag.py:2396} INFO - Sync 2 DAGs
[2022-08-08 09:32:39,981] {logging_mixin.py:109} INFO - [2022-08-08 09:32:39,980] {dag.py:2935} INFO - Setting next_dagrun for example_subdag_operator.section-1 to None
[2022-08-08 09:32:39,983] {logging_mixin.py:109} INFO - [2022-08-08 09:32:39,982] {dag.py:2935} INFO - Setting next_dagrun for example_subdag_operator.section-2 to None
[2022-08-08 09:32:40,059] {processor.py:171} INFO - Processing /home/airflow/.local/lib/python3.7/site-packages/airflow/example_dags/example_subdag_operator.py took 0.996 seconds
[2022-08-08 09:35:49,510] {processor.py:163} INFO - Started process (PID=2329) to work on /home/airflow/.local/lib/python3.7/site-packages/airflow/example_dags/example_subdag_operator.py
[2022-08-08 09:35:49,602] {processor.py:642} INFO - Processing file /home/airflow/.local/lib/python3.7/site-packages/airflow/example_dags/example_subdag_operator.py for tasks to queue
[2022-08-08 09:35:49,714] {logging_mixin.py:109} INFO - [2022-08-08 09:35:49,714] {dagbag.py:500} INFO - Filling up the DagBag from /home/airflow/.local/lib/python3.7/site-packages/airflow/example_dags/example_subdag_operator.py
[2022-08-08 09:35:52,318] {processor.py:654} INFO - DAG(s) dict_keys(['example_subdag_operator.section-1', 'example_subdag_operator.section-2', 'example_subdag_operator']) retrieved from /home/airflow/.local/lib/python3.7/site-packages/airflow/example_dags/example_subdag_operator.py
[2022-08-08 09:35:53,253] {logging_mixin.py:109} INFO - [2022-08-08 09:35:53,252] {dag.py:2396} INFO - Sync 3 DAGs
[2022-08-08 09:35:54,465] {logging_mixin.py:109} INFO - [2022-08-08 09:35:54,464] {dag.py:2935} INFO - Setting next_dagrun for example_subdag_operator to 2022-08-06T00:00:00+00:00
[2022-08-08 09:35:54,508] {logging_mixin.py:109} INFO - [2022-08-08 09:35:54,507] {dag.py:2935} INFO - Setting next_dagrun for example_subdag_operator.section-1 to None
[2022-08-08 09:35:54,532] {logging_mixin.py:109} INFO - [2022-08-08 09:35:54,531] {dag.py:2935} INFO - Setting next_dagrun for example_subdag_operator.section-2 to None
[2022-08-08 09:35:54,959] {logging_mixin.py:109} INFO - [2022-08-08 09:35:54,947] {dag.py:2396} INFO - Sync 2 DAGs
[2022-08-08 09:35:55,347] {logging_mixin.py:109} INFO - [2022-08-08 09:35:55,346] {dag.py:2935} INFO - Setting next_dagrun for example_subdag_operator.section-1 to None
[2022-08-08 09:35:55,384] {logging_mixin.py:109} INFO - [2022-08-08 09:35:55,383] {dag.py:2935} INFO - Setting next_dagrun for example_subdag_operator.section-2 to None
[2022-08-08 09:35:55,804] {processor.py:171} INFO - Processing /home/airflow/.local/lib/python3.7/site-packages/airflow/example_dags/example_subdag_operator.py took 6.557 seconds
