[2022-08-08 06:07:15,673] {processor.py:163} INFO - Started process (PID=93) to work on /home/airflow/.local/lib/python3.7/site-packages/airflow/example_dags/example_skip_dag.py
[2022-08-08 06:07:15,684] {processor.py:642} INFO - Processing file /home/airflow/.local/lib/python3.7/site-packages/airflow/example_dags/example_skip_dag.py for tasks to queue
[2022-08-08 06:07:15,693] {logging_mixin.py:109} INFO - [2022-08-08 06:07:15,692] {dagbag.py:500} INFO - Filling up the DagBag from /home/airflow/.local/lib/python3.7/site-packages/airflow/example_dags/example_skip_dag.py
[2022-08-08 06:07:15,912] {processor.py:654} INFO - DAG(s) dict_keys(['example_skip_dag']) retrieved from /home/airflow/.local/lib/python3.7/site-packages/airflow/example_dags/example_skip_dag.py
[2022-08-08 06:07:15,965] {logging_mixin.py:109} INFO - [2022-08-08 06:07:15,965] {dag.py:2396} INFO - Sync 1 DAGs
[2022-08-08 06:07:16,030] {logging_mixin.py:109} INFO - [2022-08-08 06:07:16,029] {dag.py:2935} INFO - Setting next_dagrun for example_skip_dag to 2022-08-07T06:07:16.027823+00:00
[2022-08-08 06:07:16,084] {processor.py:171} INFO - Processing /home/airflow/.local/lib/python3.7/site-packages/airflow/example_dags/example_skip_dag.py took 0.431 seconds
[2022-08-08 06:07:46,777] {processor.py:163} INFO - Started process (PID=143) to work on /home/airflow/.local/lib/python3.7/site-packages/airflow/example_dags/example_skip_dag.py
[2022-08-08 06:07:46,787] {processor.py:642} INFO - Processing file /home/airflow/.local/lib/python3.7/site-packages/airflow/example_dags/example_skip_dag.py for tasks to queue
[2022-08-08 06:07:46,796] {logging_mixin.py:109} INFO - [2022-08-08 06:07:46,792] {dagbag.py:500} INFO - Filling up the DagBag from /home/airflow/.local/lib/python3.7/site-packages/airflow/example_dags/example_skip_dag.py
[2022-08-08 06:07:46,992] {processor.py:654} INFO - DAG(s) dict_keys(['example_skip_dag']) retrieved from /home/airflow/.local/lib/python3.7/site-packages/airflow/example_dags/example_skip_dag.py
[2022-08-08 06:07:47,043] {logging_mixin.py:109} INFO - [2022-08-08 06:07:47,037] {dag.py:2396} INFO - Sync 1 DAGs
[2022-08-08 06:07:47,105] {logging_mixin.py:109} INFO - [2022-08-08 06:07:47,104] {dag.py:2935} INFO - Setting next_dagrun for example_skip_dag to 2022-08-07T06:07:47.104167+00:00
[2022-08-08 06:07:47,141] {processor.py:171} INFO - Processing /home/airflow/.local/lib/python3.7/site-packages/airflow/example_dags/example_skip_dag.py took 0.381 seconds
[2022-08-08 06:08:17,550] {processor.py:163} INFO - Started process (PID=212) to work on /home/airflow/.local/lib/python3.7/site-packages/airflow/example_dags/example_skip_dag.py
[2022-08-08 06:08:17,566] {processor.py:642} INFO - Processing file /home/airflow/.local/lib/python3.7/site-packages/airflow/example_dags/example_skip_dag.py for tasks to queue
[2022-08-08 06:08:17,572] {logging_mixin.py:109} INFO - [2022-08-08 06:08:17,571] {dagbag.py:500} INFO - Filling up the DagBag from /home/airflow/.local/lib/python3.7/site-packages/airflow/example_dags/example_skip_dag.py
[2022-08-08 06:08:17,641] {processor.py:654} INFO - DAG(s) dict_keys(['example_skip_dag']) retrieved from /home/airflow/.local/lib/python3.7/site-packages/airflow/example_dags/example_skip_dag.py
[2022-08-08 06:08:17,669] {logging_mixin.py:109} INFO - [2022-08-08 06:08:17,669] {dag.py:2396} INFO - Sync 1 DAGs
[2022-08-08 06:08:17,709] {logging_mixin.py:109} INFO - [2022-08-08 06:08:17,709] {dag.py:2935} INFO - Setting next_dagrun for example_skip_dag to 2022-08-07T06:08:17.708885+00:00
[2022-08-08 06:08:17,732] {processor.py:171} INFO - Processing /home/airflow/.local/lib/python3.7/site-packages/airflow/example_dags/example_skip_dag.py took 0.192 seconds
[2022-08-08 06:08:47,933] {processor.py:163} INFO - Started process (PID=272) to work on /home/airflow/.local/lib/python3.7/site-packages/airflow/example_dags/example_skip_dag.py
[2022-08-08 06:08:47,936] {processor.py:642} INFO - Processing file /home/airflow/.local/lib/python3.7/site-packages/airflow/example_dags/example_skip_dag.py for tasks to queue
[2022-08-08 06:08:47,938] {logging_mixin.py:109} INFO - [2022-08-08 06:08:47,938] {dagbag.py:500} INFO - Filling up the DagBag from /home/airflow/.local/lib/python3.7/site-packages/airflow/example_dags/example_skip_dag.py
[2022-08-08 06:08:47,977] {processor.py:654} INFO - DAG(s) dict_keys(['example_skip_dag']) retrieved from /home/airflow/.local/lib/python3.7/site-packages/airflow/example_dags/example_skip_dag.py
[2022-08-08 06:08:47,989] {logging_mixin.py:109} INFO - [2022-08-08 06:08:47,989] {dag.py:2396} INFO - Sync 1 DAGs
[2022-08-08 06:08:48,010] {logging_mixin.py:109} INFO - [2022-08-08 06:08:48,010] {dag.py:2935} INFO - Setting next_dagrun for example_skip_dag to 2022-08-07T06:08:48.009962+00:00
[2022-08-08 06:08:48,021] {processor.py:171} INFO - Processing /home/airflow/.local/lib/python3.7/site-packages/airflow/example_dags/example_skip_dag.py took 0.092 seconds
[2022-08-08 06:09:18,430] {processor.py:163} INFO - Started process (PID=332) to work on /home/airflow/.local/lib/python3.7/site-packages/airflow/example_dags/example_skip_dag.py
[2022-08-08 06:09:18,432] {processor.py:642} INFO - Processing file /home/airflow/.local/lib/python3.7/site-packages/airflow/example_dags/example_skip_dag.py for tasks to queue
[2022-08-08 06:09:18,433] {logging_mixin.py:109} INFO - [2022-08-08 06:09:18,433] {dagbag.py:500} INFO - Filling up the DagBag from /home/airflow/.local/lib/python3.7/site-packages/airflow/example_dags/example_skip_dag.py
[2022-08-08 06:09:18,471] {processor.py:654} INFO - DAG(s) dict_keys(['example_skip_dag']) retrieved from /home/airflow/.local/lib/python3.7/site-packages/airflow/example_dags/example_skip_dag.py
[2022-08-08 06:09:18,486] {logging_mixin.py:109} INFO - [2022-08-08 06:09:18,486] {dag.py:2396} INFO - Sync 1 DAGs
[2022-08-08 06:09:18,510] {logging_mixin.py:109} INFO - [2022-08-08 06:09:18,510] {dag.py:2935} INFO - Setting next_dagrun for example_skip_dag to 2022-08-07T06:09:18.509703+00:00
[2022-08-08 06:09:18,520] {processor.py:171} INFO - Processing /home/airflow/.local/lib/python3.7/site-packages/airflow/example_dags/example_skip_dag.py took 0.095 seconds
[2022-08-08 06:09:48,763] {processor.py:163} INFO - Started process (PID=402) to work on /home/airflow/.local/lib/python3.7/site-packages/airflow/example_dags/example_skip_dag.py
[2022-08-08 06:09:48,766] {processor.py:642} INFO - Processing file /home/airflow/.local/lib/python3.7/site-packages/airflow/example_dags/example_skip_dag.py for tasks to queue
[2022-08-08 06:09:48,767] {logging_mixin.py:109} INFO - [2022-08-08 06:09:48,767] {dagbag.py:500} INFO - Filling up the DagBag from /home/airflow/.local/lib/python3.7/site-packages/airflow/example_dags/example_skip_dag.py
[2022-08-08 06:09:48,800] {processor.py:654} INFO - DAG(s) dict_keys(['example_skip_dag']) retrieved from /home/airflow/.local/lib/python3.7/site-packages/airflow/example_dags/example_skip_dag.py
[2022-08-08 06:09:48,813] {logging_mixin.py:109} INFO - [2022-08-08 06:09:48,813] {dag.py:2396} INFO - Sync 1 DAGs
[2022-08-08 06:09:48,832] {logging_mixin.py:109} INFO - [2022-08-08 06:09:48,832] {dag.py:2935} INFO - Setting next_dagrun for example_skip_dag to 2022-08-07T06:09:48.832171+00:00
[2022-08-08 06:09:48,846] {processor.py:171} INFO - Processing /home/airflow/.local/lib/python3.7/site-packages/airflow/example_dags/example_skip_dag.py took 0.087 seconds
[2022-08-08 06:10:18,939] {processor.py:163} INFO - Started process (PID=462) to work on /home/airflow/.local/lib/python3.7/site-packages/airflow/example_dags/example_skip_dag.py
[2022-08-08 06:10:18,942] {processor.py:642} INFO - Processing file /home/airflow/.local/lib/python3.7/site-packages/airflow/example_dags/example_skip_dag.py for tasks to queue
[2022-08-08 06:10:18,944] {logging_mixin.py:109} INFO - [2022-08-08 06:10:18,944] {dagbag.py:500} INFO - Filling up the DagBag from /home/airflow/.local/lib/python3.7/site-packages/airflow/example_dags/example_skip_dag.py
[2022-08-08 06:10:18,980] {processor.py:654} INFO - DAG(s) dict_keys(['example_skip_dag']) retrieved from /home/airflow/.local/lib/python3.7/site-packages/airflow/example_dags/example_skip_dag.py
[2022-08-08 06:10:18,998] {logging_mixin.py:109} INFO - [2022-08-08 06:10:18,998] {dag.py:2396} INFO - Sync 1 DAGs
[2022-08-08 06:10:19,023] {logging_mixin.py:109} INFO - [2022-08-08 06:10:19,023] {dag.py:2935} INFO - Setting next_dagrun for example_skip_dag to 2022-08-07T06:10:19.023335+00:00
[2022-08-08 06:10:19,034] {processor.py:171} INFO - Processing /home/airflow/.local/lib/python3.7/site-packages/airflow/example_dags/example_skip_dag.py took 0.099 seconds
[2022-08-08 06:10:50,208] {processor.py:163} INFO - Started process (PID=532) to work on /home/airflow/.local/lib/python3.7/site-packages/airflow/example_dags/example_skip_dag.py
[2022-08-08 06:10:50,212] {processor.py:642} INFO - Processing file /home/airflow/.local/lib/python3.7/site-packages/airflow/example_dags/example_skip_dag.py for tasks to queue
[2022-08-08 06:10:50,217] {logging_mixin.py:109} INFO - [2022-08-08 06:10:50,217] {dagbag.py:500} INFO - Filling up the DagBag from /home/airflow/.local/lib/python3.7/site-packages/airflow/example_dags/example_skip_dag.py
[2022-08-08 06:10:50,268] {processor.py:654} INFO - DAG(s) dict_keys(['example_skip_dag']) retrieved from /home/airflow/.local/lib/python3.7/site-packages/airflow/example_dags/example_skip_dag.py
[2022-08-08 06:10:50,282] {logging_mixin.py:109} INFO - [2022-08-08 06:10:50,282] {dag.py:2396} INFO - Sync 1 DAGs
[2022-08-08 06:10:50,302] {logging_mixin.py:109} INFO - [2022-08-08 06:10:50,302] {dag.py:2935} INFO - Setting next_dagrun for example_skip_dag to 2022-08-07T06:10:50.302270+00:00
[2022-08-08 06:10:50,314] {processor.py:171} INFO - Processing /home/airflow/.local/lib/python3.7/site-packages/airflow/example_dags/example_skip_dag.py took 0.113 seconds
[2022-08-08 06:11:20,580] {processor.py:163} INFO - Started process (PID=593) to work on /home/airflow/.local/lib/python3.7/site-packages/airflow/example_dags/example_skip_dag.py
[2022-08-08 06:11:20,582] {processor.py:642} INFO - Processing file /home/airflow/.local/lib/python3.7/site-packages/airflow/example_dags/example_skip_dag.py for tasks to queue
[2022-08-08 06:11:20,583] {logging_mixin.py:109} INFO - [2022-08-08 06:11:20,583] {dagbag.py:500} INFO - Filling up the DagBag from /home/airflow/.local/lib/python3.7/site-packages/airflow/example_dags/example_skip_dag.py
[2022-08-08 06:11:20,615] {processor.py:654} INFO - DAG(s) dict_keys(['example_skip_dag']) retrieved from /home/airflow/.local/lib/python3.7/site-packages/airflow/example_dags/example_skip_dag.py
[2022-08-08 06:11:20,627] {logging_mixin.py:109} INFO - [2022-08-08 06:11:20,627] {dag.py:2396} INFO - Sync 1 DAGs
[2022-08-08 06:11:20,645] {logging_mixin.py:109} INFO - [2022-08-08 06:11:20,645] {dag.py:2935} INFO - Setting next_dagrun for example_skip_dag to 2022-08-07T06:11:20.645272+00:00
[2022-08-08 06:11:20,656] {processor.py:171} INFO - Processing /home/airflow/.local/lib/python3.7/site-packages/airflow/example_dags/example_skip_dag.py took 0.080 seconds
[2022-08-08 06:11:51,281] {processor.py:163} INFO - Started process (PID=653) to work on /home/airflow/.local/lib/python3.7/site-packages/airflow/example_dags/example_skip_dag.py
[2022-08-08 06:11:51,284] {processor.py:642} INFO - Processing file /home/airflow/.local/lib/python3.7/site-packages/airflow/example_dags/example_skip_dag.py for tasks to queue
[2022-08-08 06:11:51,286] {logging_mixin.py:109} INFO - [2022-08-08 06:11:51,286] {dagbag.py:500} INFO - Filling up the DagBag from /home/airflow/.local/lib/python3.7/site-packages/airflow/example_dags/example_skip_dag.py
[2022-08-08 06:11:51,328] {processor.py:654} INFO - DAG(s) dict_keys(['example_skip_dag']) retrieved from /home/airflow/.local/lib/python3.7/site-packages/airflow/example_dags/example_skip_dag.py
[2022-08-08 06:11:51,353] {logging_mixin.py:109} INFO - [2022-08-08 06:11:51,352] {dag.py:2396} INFO - Sync 1 DAGs
[2022-08-08 06:11:51,377] {logging_mixin.py:109} INFO - [2022-08-08 06:11:51,377] {dag.py:2935} INFO - Setting next_dagrun for example_skip_dag to 2022-08-07T06:11:51.376810+00:00
[2022-08-08 06:11:51,411] {processor.py:171} INFO - Processing /home/airflow/.local/lib/python3.7/site-packages/airflow/example_dags/example_skip_dag.py took 0.134 seconds
[2022-08-08 06:12:21,780] {processor.py:163} INFO - Started process (PID=722) to work on /home/airflow/.local/lib/python3.7/site-packages/airflow/example_dags/example_skip_dag.py
[2022-08-08 06:12:21,782] {processor.py:642} INFO - Processing file /home/airflow/.local/lib/python3.7/site-packages/airflow/example_dags/example_skip_dag.py for tasks to queue
[2022-08-08 06:12:21,784] {logging_mixin.py:109} INFO - [2022-08-08 06:12:21,784] {dagbag.py:500} INFO - Filling up the DagBag from /home/airflow/.local/lib/python3.7/site-packages/airflow/example_dags/example_skip_dag.py
[2022-08-08 06:12:21,824] {processor.py:654} INFO - DAG(s) dict_keys(['example_skip_dag']) retrieved from /home/airflow/.local/lib/python3.7/site-packages/airflow/example_dags/example_skip_dag.py
[2022-08-08 06:12:21,836] {logging_mixin.py:109} INFO - [2022-08-08 06:12:21,836] {dag.py:2396} INFO - Sync 1 DAGs
[2022-08-08 06:12:21,855] {logging_mixin.py:109} INFO - [2022-08-08 06:12:21,855] {dag.py:2935} INFO - Setting next_dagrun for example_skip_dag to 2022-08-07T06:12:21.855252+00:00
[2022-08-08 06:12:21,868] {processor.py:171} INFO - Processing /home/airflow/.local/lib/python3.7/site-packages/airflow/example_dags/example_skip_dag.py took 0.092 seconds
[2022-08-08 06:12:52,366] {processor.py:163} INFO - Started process (PID=782) to work on /home/airflow/.local/lib/python3.7/site-packages/airflow/example_dags/example_skip_dag.py
[2022-08-08 06:12:52,368] {processor.py:642} INFO - Processing file /home/airflow/.local/lib/python3.7/site-packages/airflow/example_dags/example_skip_dag.py for tasks to queue
[2022-08-08 06:12:52,370] {logging_mixin.py:109} INFO - [2022-08-08 06:12:52,369] {dagbag.py:500} INFO - Filling up the DagBag from /home/airflow/.local/lib/python3.7/site-packages/airflow/example_dags/example_skip_dag.py
[2022-08-08 06:12:52,409] {processor.py:654} INFO - DAG(s) dict_keys(['example_skip_dag']) retrieved from /home/airflow/.local/lib/python3.7/site-packages/airflow/example_dags/example_skip_dag.py
[2022-08-08 06:12:52,421] {logging_mixin.py:109} INFO - [2022-08-08 06:12:52,421] {dag.py:2396} INFO - Sync 1 DAGs
[2022-08-08 06:12:52,441] {logging_mixin.py:109} INFO - [2022-08-08 06:12:52,441] {dag.py:2935} INFO - Setting next_dagrun for example_skip_dag to 2022-08-07T06:12:52.440972+00:00
[2022-08-08 06:12:52,456] {processor.py:171} INFO - Processing /home/airflow/.local/lib/python3.7/site-packages/airflow/example_dags/example_skip_dag.py took 0.094 seconds
[2022-08-08 06:13:22,872] {processor.py:163} INFO - Started process (PID=852) to work on /home/airflow/.local/lib/python3.7/site-packages/airflow/example_dags/example_skip_dag.py
[2022-08-08 06:13:22,874] {processor.py:642} INFO - Processing file /home/airflow/.local/lib/python3.7/site-packages/airflow/example_dags/example_skip_dag.py for tasks to queue
[2022-08-08 06:13:22,875] {logging_mixin.py:109} INFO - [2022-08-08 06:13:22,875] {dagbag.py:500} INFO - Filling up the DagBag from /home/airflow/.local/lib/python3.7/site-packages/airflow/example_dags/example_skip_dag.py
[2022-08-08 06:13:22,913] {processor.py:654} INFO - DAG(s) dict_keys(['example_skip_dag']) retrieved from /home/airflow/.local/lib/python3.7/site-packages/airflow/example_dags/example_skip_dag.py
[2022-08-08 06:13:22,925] {logging_mixin.py:109} INFO - [2022-08-08 06:13:22,924] {dag.py:2396} INFO - Sync 1 DAGs
[2022-08-08 06:13:22,950] {logging_mixin.py:109} INFO - [2022-08-08 06:13:22,950] {dag.py:2935} INFO - Setting next_dagrun for example_skip_dag to 2022-08-07T06:13:22.950332+00:00
[2022-08-08 06:13:22,964] {processor.py:171} INFO - Processing /home/airflow/.local/lib/python3.7/site-packages/airflow/example_dags/example_skip_dag.py took 0.095 seconds
[2022-08-08 06:13:53,504] {processor.py:163} INFO - Started process (PID=912) to work on /home/airflow/.local/lib/python3.7/site-packages/airflow/example_dags/example_skip_dag.py
[2022-08-08 06:13:53,506] {processor.py:642} INFO - Processing file /home/airflow/.local/lib/python3.7/site-packages/airflow/example_dags/example_skip_dag.py for tasks to queue
[2022-08-08 06:13:53,508] {logging_mixin.py:109} INFO - [2022-08-08 06:13:53,508] {dagbag.py:500} INFO - Filling up the DagBag from /home/airflow/.local/lib/python3.7/site-packages/airflow/example_dags/example_skip_dag.py
[2022-08-08 06:13:53,541] {processor.py:654} INFO - DAG(s) dict_keys(['example_skip_dag']) retrieved from /home/airflow/.local/lib/python3.7/site-packages/airflow/example_dags/example_skip_dag.py
[2022-08-08 06:13:53,556] {logging_mixin.py:109} INFO - [2022-08-08 06:13:53,556] {dag.py:2396} INFO - Sync 1 DAGs
[2022-08-08 06:13:53,576] {logging_mixin.py:109} INFO - [2022-08-08 06:13:53,576] {dag.py:2935} INFO - Setting next_dagrun for example_skip_dag to 2022-08-07T06:13:53.575710+00:00
[2022-08-08 06:13:53,589] {processor.py:171} INFO - Processing /home/airflow/.local/lib/python3.7/site-packages/airflow/example_dags/example_skip_dag.py took 0.089 seconds
[2022-08-08 06:14:23,972] {processor.py:163} INFO - Started process (PID=981) to work on /home/airflow/.local/lib/python3.7/site-packages/airflow/example_dags/example_skip_dag.py
[2022-08-08 06:14:23,975] {processor.py:642} INFO - Processing file /home/airflow/.local/lib/python3.7/site-packages/airflow/example_dags/example_skip_dag.py for tasks to queue
[2022-08-08 06:14:23,977] {logging_mixin.py:109} INFO - [2022-08-08 06:14:23,977] {dagbag.py:500} INFO - Filling up the DagBag from /home/airflow/.local/lib/python3.7/site-packages/airflow/example_dags/example_skip_dag.py
[2022-08-08 06:14:24,008] {processor.py:654} INFO - DAG(s) dict_keys(['example_skip_dag']) retrieved from /home/airflow/.local/lib/python3.7/site-packages/airflow/example_dags/example_skip_dag.py
[2022-08-08 06:14:24,023] {logging_mixin.py:109} INFO - [2022-08-08 06:14:24,023] {dag.py:2396} INFO - Sync 1 DAGs
[2022-08-08 06:14:24,042] {logging_mixin.py:109} INFO - [2022-08-08 06:14:24,041] {dag.py:2935} INFO - Setting next_dagrun for example_skip_dag to 2022-08-07T06:14:24.041500+00:00
[2022-08-08 06:14:24,056] {processor.py:171} INFO - Processing /home/airflow/.local/lib/python3.7/site-packages/airflow/example_dags/example_skip_dag.py took 0.088 seconds
[2022-08-08 06:14:54,733] {processor.py:163} INFO - Started process (PID=1042) to work on /home/airflow/.local/lib/python3.7/site-packages/airflow/example_dags/example_skip_dag.py
[2022-08-08 06:14:54,736] {processor.py:642} INFO - Processing file /home/airflow/.local/lib/python3.7/site-packages/airflow/example_dags/example_skip_dag.py for tasks to queue
[2022-08-08 06:14:54,738] {logging_mixin.py:109} INFO - [2022-08-08 06:14:54,738] {dagbag.py:500} INFO - Filling up the DagBag from /home/airflow/.local/lib/python3.7/site-packages/airflow/example_dags/example_skip_dag.py
[2022-08-08 06:14:54,784] {processor.py:654} INFO - DAG(s) dict_keys(['example_skip_dag']) retrieved from /home/airflow/.local/lib/python3.7/site-packages/airflow/example_dags/example_skip_dag.py
[2022-08-08 06:14:54,806] {logging_mixin.py:109} INFO - [2022-08-08 06:14:54,806] {dag.py:2396} INFO - Sync 1 DAGs
[2022-08-08 06:14:54,827] {logging_mixin.py:109} INFO - [2022-08-08 06:14:54,826] {dag.py:2935} INFO - Setting next_dagrun for example_skip_dag to 2022-08-07T06:14:54.826642+00:00
[2022-08-08 06:14:54,840] {processor.py:171} INFO - Processing /home/airflow/.local/lib/python3.7/site-packages/airflow/example_dags/example_skip_dag.py took 0.112 seconds
[2022-08-08 06:15:25,522] {processor.py:163} INFO - Started process (PID=1113) to work on /home/airflow/.local/lib/python3.7/site-packages/airflow/example_dags/example_skip_dag.py
[2022-08-08 06:15:25,525] {processor.py:642} INFO - Processing file /home/airflow/.local/lib/python3.7/site-packages/airflow/example_dags/example_skip_dag.py for tasks to queue
[2022-08-08 06:15:25,526] {logging_mixin.py:109} INFO - [2022-08-08 06:15:25,526] {dagbag.py:500} INFO - Filling up the DagBag from /home/airflow/.local/lib/python3.7/site-packages/airflow/example_dags/example_skip_dag.py
[2022-08-08 06:15:25,604] {processor.py:654} INFO - DAG(s) dict_keys(['example_skip_dag']) retrieved from /home/airflow/.local/lib/python3.7/site-packages/airflow/example_dags/example_skip_dag.py
[2022-08-08 06:15:25,626] {logging_mixin.py:109} INFO - [2022-08-08 06:15:25,626] {dag.py:2396} INFO - Sync 1 DAGs
[2022-08-08 06:15:25,663] {logging_mixin.py:109} INFO - [2022-08-08 06:15:25,663] {dag.py:2935} INFO - Setting next_dagrun for example_skip_dag to 2022-08-07T06:15:25.663073+00:00
[2022-08-08 06:15:25,682] {processor.py:171} INFO - Processing /home/airflow/.local/lib/python3.7/site-packages/airflow/example_dags/example_skip_dag.py took 0.167 seconds
[2022-08-08 06:15:56,196] {processor.py:163} INFO - Started process (PID=1172) to work on /home/airflow/.local/lib/python3.7/site-packages/airflow/example_dags/example_skip_dag.py
[2022-08-08 06:15:56,199] {processor.py:642} INFO - Processing file /home/airflow/.local/lib/python3.7/site-packages/airflow/example_dags/example_skip_dag.py for tasks to queue
[2022-08-08 06:15:56,201] {logging_mixin.py:109} INFO - [2022-08-08 06:15:56,201] {dagbag.py:500} INFO - Filling up the DagBag from /home/airflow/.local/lib/python3.7/site-packages/airflow/example_dags/example_skip_dag.py
[2022-08-08 06:15:56,231] {processor.py:654} INFO - DAG(s) dict_keys(['example_skip_dag']) retrieved from /home/airflow/.local/lib/python3.7/site-packages/airflow/example_dags/example_skip_dag.py
[2022-08-08 06:15:56,251] {logging_mixin.py:109} INFO - [2022-08-08 06:15:56,251] {dag.py:2396} INFO - Sync 1 DAGs
[2022-08-08 06:15:56,271] {logging_mixin.py:109} INFO - [2022-08-08 06:15:56,271] {dag.py:2935} INFO - Setting next_dagrun for example_skip_dag to 2022-08-07T06:15:56.271183+00:00
[2022-08-08 06:15:56,282] {processor.py:171} INFO - Processing /home/airflow/.local/lib/python3.7/site-packages/airflow/example_dags/example_skip_dag.py took 0.091 seconds
[2022-08-08 06:16:27,635] {processor.py:163} INFO - Started process (PID=1233) to work on /home/airflow/.local/lib/python3.7/site-packages/airflow/example_dags/example_skip_dag.py
[2022-08-08 06:16:27,638] {processor.py:642} INFO - Processing file /home/airflow/.local/lib/python3.7/site-packages/airflow/example_dags/example_skip_dag.py for tasks to queue
[2022-08-08 06:16:27,640] {logging_mixin.py:109} INFO - [2022-08-08 06:16:27,640] {dagbag.py:500} INFO - Filling up the DagBag from /home/airflow/.local/lib/python3.7/site-packages/airflow/example_dags/example_skip_dag.py
[2022-08-08 06:16:27,692] {processor.py:654} INFO - DAG(s) dict_keys(['example_skip_dag']) retrieved from /home/airflow/.local/lib/python3.7/site-packages/airflow/example_dags/example_skip_dag.py
[2022-08-08 06:16:27,706] {logging_mixin.py:109} INFO - [2022-08-08 06:16:27,705] {dag.py:2396} INFO - Sync 1 DAGs
[2022-08-08 06:16:27,723] {logging_mixin.py:109} INFO - [2022-08-08 06:16:27,723] {dag.py:2935} INFO - Setting next_dagrun for example_skip_dag to 2022-08-07T06:16:27.723370+00:00
[2022-08-08 06:16:27,746] {processor.py:171} INFO - Processing /home/airflow/.local/lib/python3.7/site-packages/airflow/example_dags/example_skip_dag.py took 0.116 seconds
[2022-08-08 06:16:57,960] {processor.py:163} INFO - Started process (PID=1306) to work on /home/airflow/.local/lib/python3.7/site-packages/airflow/example_dags/example_skip_dag.py
[2022-08-08 06:16:57,962] {processor.py:642} INFO - Processing file /home/airflow/.local/lib/python3.7/site-packages/airflow/example_dags/example_skip_dag.py for tasks to queue
[2022-08-08 06:16:57,963] {logging_mixin.py:109} INFO - [2022-08-08 06:16:57,963] {dagbag.py:500} INFO - Filling up the DagBag from /home/airflow/.local/lib/python3.7/site-packages/airflow/example_dags/example_skip_dag.py
[2022-08-08 06:16:57,992] {processor.py:654} INFO - DAG(s) dict_keys(['example_skip_dag']) retrieved from /home/airflow/.local/lib/python3.7/site-packages/airflow/example_dags/example_skip_dag.py
[2022-08-08 06:16:58,004] {logging_mixin.py:109} INFO - [2022-08-08 06:16:58,004] {dag.py:2396} INFO - Sync 1 DAGs
[2022-08-08 06:16:58,022] {logging_mixin.py:109} INFO - [2022-08-08 06:16:58,021] {dag.py:2935} INFO - Setting next_dagrun for example_skip_dag to 2022-08-07T06:16:58.021656+00:00
[2022-08-08 06:16:58,036] {processor.py:171} INFO - Processing /home/airflow/.local/lib/python3.7/site-packages/airflow/example_dags/example_skip_dag.py took 0.079 seconds
[2022-08-08 06:17:28,805] {processor.py:163} INFO - Started process (PID=1367) to work on /home/airflow/.local/lib/python3.7/site-packages/airflow/example_dags/example_skip_dag.py
[2022-08-08 06:17:28,808] {processor.py:642} INFO - Processing file /home/airflow/.local/lib/python3.7/site-packages/airflow/example_dags/example_skip_dag.py for tasks to queue
[2022-08-08 06:17:28,809] {logging_mixin.py:109} INFO - [2022-08-08 06:17:28,809] {dagbag.py:500} INFO - Filling up the DagBag from /home/airflow/.local/lib/python3.7/site-packages/airflow/example_dags/example_skip_dag.py
[2022-08-08 06:17:28,847] {processor.py:654} INFO - DAG(s) dict_keys(['example_skip_dag']) retrieved from /home/airflow/.local/lib/python3.7/site-packages/airflow/example_dags/example_skip_dag.py
[2022-08-08 06:17:28,868] {logging_mixin.py:109} INFO - [2022-08-08 06:17:28,868] {dag.py:2396} INFO - Sync 1 DAGs
[2022-08-08 06:17:28,897] {logging_mixin.py:109} INFO - [2022-08-08 06:17:28,896] {dag.py:2935} INFO - Setting next_dagrun for example_skip_dag to 2022-08-07T06:17:28.896625+00:00
[2022-08-08 06:17:28,909] {processor.py:171} INFO - Processing /home/airflow/.local/lib/python3.7/site-packages/airflow/example_dags/example_skip_dag.py took 0.108 seconds
[2022-08-08 06:17:59,625] {processor.py:163} INFO - Started process (PID=1438) to work on /home/airflow/.local/lib/python3.7/site-packages/airflow/example_dags/example_skip_dag.py
[2022-08-08 06:17:59,629] {processor.py:642} INFO - Processing file /home/airflow/.local/lib/python3.7/site-packages/airflow/example_dags/example_skip_dag.py for tasks to queue
[2022-08-08 06:17:59,632] {logging_mixin.py:109} INFO - [2022-08-08 06:17:59,631] {dagbag.py:500} INFO - Filling up the DagBag from /home/airflow/.local/lib/python3.7/site-packages/airflow/example_dags/example_skip_dag.py
[2022-08-08 06:17:59,680] {processor.py:654} INFO - DAG(s) dict_keys(['example_skip_dag']) retrieved from /home/airflow/.local/lib/python3.7/site-packages/airflow/example_dags/example_skip_dag.py
[2022-08-08 06:17:59,695] {logging_mixin.py:109} INFO - [2022-08-08 06:17:59,695] {dag.py:2396} INFO - Sync 1 DAGs
[2022-08-08 06:17:59,715] {logging_mixin.py:109} INFO - [2022-08-08 06:17:59,715] {dag.py:2935} INFO - Setting next_dagrun for example_skip_dag to 2022-08-07T06:17:59.715194+00:00
[2022-08-08 06:17:59,730] {processor.py:171} INFO - Processing /home/airflow/.local/lib/python3.7/site-packages/airflow/example_dags/example_skip_dag.py took 0.109 seconds
[2022-08-08 06:18:30,734] {processor.py:163} INFO - Started process (PID=1499) to work on /home/airflow/.local/lib/python3.7/site-packages/airflow/example_dags/example_skip_dag.py
[2022-08-08 06:18:30,738] {processor.py:642} INFO - Processing file /home/airflow/.local/lib/python3.7/site-packages/airflow/example_dags/example_skip_dag.py for tasks to queue
[2022-08-08 06:18:30,747] {logging_mixin.py:109} INFO - [2022-08-08 06:18:30,747] {dagbag.py:500} INFO - Filling up the DagBag from /home/airflow/.local/lib/python3.7/site-packages/airflow/example_dags/example_skip_dag.py
[2022-08-08 06:18:30,796] {processor.py:654} INFO - DAG(s) dict_keys(['example_skip_dag']) retrieved from /home/airflow/.local/lib/python3.7/site-packages/airflow/example_dags/example_skip_dag.py
[2022-08-08 06:18:30,815] {logging_mixin.py:109} INFO - [2022-08-08 06:18:30,814] {dag.py:2396} INFO - Sync 1 DAGs
[2022-08-08 06:18:30,844] {logging_mixin.py:109} INFO - [2022-08-08 06:18:30,844] {dag.py:2935} INFO - Setting next_dagrun for example_skip_dag to 2022-08-07T06:18:30.844318+00:00
[2022-08-08 06:18:30,857] {processor.py:171} INFO - Processing /home/airflow/.local/lib/python3.7/site-packages/airflow/example_dags/example_skip_dag.py took 0.128 seconds
[2022-08-08 06:19:02,123] {processor.py:163} INFO - Started process (PID=1569) to work on /home/airflow/.local/lib/python3.7/site-packages/airflow/example_dags/example_skip_dag.py
[2022-08-08 06:19:02,128] {processor.py:642} INFO - Processing file /home/airflow/.local/lib/python3.7/site-packages/airflow/example_dags/example_skip_dag.py for tasks to queue
[2022-08-08 06:19:02,130] {logging_mixin.py:109} INFO - [2022-08-08 06:19:02,130] {dagbag.py:500} INFO - Filling up the DagBag from /home/airflow/.local/lib/python3.7/site-packages/airflow/example_dags/example_skip_dag.py
[2022-08-08 06:19:02,174] {processor.py:654} INFO - DAG(s) dict_keys(['example_skip_dag']) retrieved from /home/airflow/.local/lib/python3.7/site-packages/airflow/example_dags/example_skip_dag.py
[2022-08-08 06:19:02,193] {logging_mixin.py:109} INFO - [2022-08-08 06:19:02,192] {dag.py:2396} INFO - Sync 1 DAGs
[2022-08-08 06:19:02,224] {logging_mixin.py:109} INFO - [2022-08-08 06:19:02,224] {dag.py:2935} INFO - Setting next_dagrun for example_skip_dag to 2022-08-07T06:19:02.223898+00:00
[2022-08-08 06:19:02,248] {processor.py:171} INFO - Processing /home/airflow/.local/lib/python3.7/site-packages/airflow/example_dags/example_skip_dag.py took 0.128 seconds
[2022-08-08 06:19:32,614] {processor.py:163} INFO - Started process (PID=1631) to work on /home/airflow/.local/lib/python3.7/site-packages/airflow/example_dags/example_skip_dag.py
[2022-08-08 06:19:32,616] {processor.py:642} INFO - Processing file /home/airflow/.local/lib/python3.7/site-packages/airflow/example_dags/example_skip_dag.py for tasks to queue
[2022-08-08 06:19:32,618] {logging_mixin.py:109} INFO - [2022-08-08 06:19:32,618] {dagbag.py:500} INFO - Filling up the DagBag from /home/airflow/.local/lib/python3.7/site-packages/airflow/example_dags/example_skip_dag.py
[2022-08-08 06:19:32,655] {processor.py:654} INFO - DAG(s) dict_keys(['example_skip_dag']) retrieved from /home/airflow/.local/lib/python3.7/site-packages/airflow/example_dags/example_skip_dag.py
[2022-08-08 06:19:32,668] {logging_mixin.py:109} INFO - [2022-08-08 06:19:32,668] {dag.py:2396} INFO - Sync 1 DAGs
[2022-08-08 06:19:32,687] {logging_mixin.py:109} INFO - [2022-08-08 06:19:32,686] {dag.py:2935} INFO - Setting next_dagrun for example_skip_dag to 2022-08-07T06:19:32.686637+00:00
[2022-08-08 06:19:32,701] {processor.py:171} INFO - Processing /home/airflow/.local/lib/python3.7/site-packages/airflow/example_dags/example_skip_dag.py took 0.091 seconds
[2022-08-08 06:20:03,039] {processor.py:163} INFO - Started process (PID=1696) to work on /home/airflow/.local/lib/python3.7/site-packages/airflow/example_dags/example_skip_dag.py
[2022-08-08 06:20:03,041] {processor.py:642} INFO - Processing file /home/airflow/.local/lib/python3.7/site-packages/airflow/example_dags/example_skip_dag.py for tasks to queue
[2022-08-08 06:20:03,043] {logging_mixin.py:109} INFO - [2022-08-08 06:20:03,042] {dagbag.py:500} INFO - Filling up the DagBag from /home/airflow/.local/lib/python3.7/site-packages/airflow/example_dags/example_skip_dag.py
[2022-08-08 06:20:03,073] {processor.py:654} INFO - DAG(s) dict_keys(['example_skip_dag']) retrieved from /home/airflow/.local/lib/python3.7/site-packages/airflow/example_dags/example_skip_dag.py
[2022-08-08 06:20:03,091] {logging_mixin.py:109} INFO - [2022-08-08 06:20:03,091] {dag.py:2396} INFO - Sync 1 DAGs
[2022-08-08 06:20:03,110] {logging_mixin.py:109} INFO - [2022-08-08 06:20:03,110] {dag.py:2935} INFO - Setting next_dagrun for example_skip_dag to 2022-08-07T06:20:03.110131+00:00
[2022-08-08 06:20:03,124] {processor.py:171} INFO - Processing /home/airflow/.local/lib/python3.7/site-packages/airflow/example_dags/example_skip_dag.py took 0.090 seconds
[2022-08-08 06:20:33,195] {processor.py:163} INFO - Started process (PID=1756) to work on /home/airflow/.local/lib/python3.7/site-packages/airflow/example_dags/example_skip_dag.py
[2022-08-08 06:20:33,197] {processor.py:642} INFO - Processing file /home/airflow/.local/lib/python3.7/site-packages/airflow/example_dags/example_skip_dag.py for tasks to queue
[2022-08-08 06:20:33,199] {logging_mixin.py:109} INFO - [2022-08-08 06:20:33,199] {dagbag.py:500} INFO - Filling up the DagBag from /home/airflow/.local/lib/python3.7/site-packages/airflow/example_dags/example_skip_dag.py
[2022-08-08 06:20:33,237] {processor.py:654} INFO - DAG(s) dict_keys(['example_skip_dag']) retrieved from /home/airflow/.local/lib/python3.7/site-packages/airflow/example_dags/example_skip_dag.py
[2022-08-08 06:20:33,254] {logging_mixin.py:109} INFO - [2022-08-08 06:20:33,254] {dag.py:2396} INFO - Sync 1 DAGs
[2022-08-08 06:20:33,276] {logging_mixin.py:109} INFO - [2022-08-08 06:20:33,275] {dag.py:2935} INFO - Setting next_dagrun for example_skip_dag to 2022-08-07T06:20:33.275573+00:00
[2022-08-08 06:20:33,291] {processor.py:171} INFO - Processing /home/airflow/.local/lib/python3.7/site-packages/airflow/example_dags/example_skip_dag.py took 0.106 seconds
[2022-08-08 06:21:03,597] {processor.py:163} INFO - Started process (PID=1824) to work on /home/airflow/.local/lib/python3.7/site-packages/airflow/example_dags/example_skip_dag.py
[2022-08-08 06:21:03,599] {processor.py:642} INFO - Processing file /home/airflow/.local/lib/python3.7/site-packages/airflow/example_dags/example_skip_dag.py for tasks to queue
[2022-08-08 06:21:03,601] {logging_mixin.py:109} INFO - [2022-08-08 06:21:03,600] {dagbag.py:500} INFO - Filling up the DagBag from /home/airflow/.local/lib/python3.7/site-packages/airflow/example_dags/example_skip_dag.py
[2022-08-08 06:21:03,629] {processor.py:654} INFO - DAG(s) dict_keys(['example_skip_dag']) retrieved from /home/airflow/.local/lib/python3.7/site-packages/airflow/example_dags/example_skip_dag.py
[2022-08-08 06:21:03,643] {logging_mixin.py:109} INFO - [2022-08-08 06:21:03,643] {dag.py:2396} INFO - Sync 1 DAGs
[2022-08-08 06:21:03,664] {logging_mixin.py:109} INFO - [2022-08-08 06:21:03,664] {dag.py:2935} INFO - Setting next_dagrun for example_skip_dag to 2022-08-07T06:21:03.663699+00:00
[2022-08-08 06:21:03,674] {processor.py:171} INFO - Processing /home/airflow/.local/lib/python3.7/site-packages/airflow/example_dags/example_skip_dag.py took 0.082 seconds
[2022-08-08 06:21:34,071] {processor.py:163} INFO - Started process (PID=1884) to work on /home/airflow/.local/lib/python3.7/site-packages/airflow/example_dags/example_skip_dag.py
[2022-08-08 06:21:34,073] {processor.py:642} INFO - Processing file /home/airflow/.local/lib/python3.7/site-packages/airflow/example_dags/example_skip_dag.py for tasks to queue
[2022-08-08 06:21:34,074] {logging_mixin.py:109} INFO - [2022-08-08 06:21:34,074] {dagbag.py:500} INFO - Filling up the DagBag from /home/airflow/.local/lib/python3.7/site-packages/airflow/example_dags/example_skip_dag.py
[2022-08-08 06:21:34,105] {processor.py:654} INFO - DAG(s) dict_keys(['example_skip_dag']) retrieved from /home/airflow/.local/lib/python3.7/site-packages/airflow/example_dags/example_skip_dag.py
[2022-08-08 06:21:34,117] {logging_mixin.py:109} INFO - [2022-08-08 06:21:34,117] {dag.py:2396} INFO - Sync 1 DAGs
[2022-08-08 06:21:34,134] {logging_mixin.py:109} INFO - [2022-08-08 06:21:34,133] {dag.py:2935} INFO - Setting next_dagrun for example_skip_dag to 2022-08-07T06:21:34.133576+00:00
[2022-08-08 06:21:34,236] {processor.py:171} INFO - Processing /home/airflow/.local/lib/python3.7/site-packages/airflow/example_dags/example_skip_dag.py took 0.169 seconds
[2022-08-08 06:22:04,593] {processor.py:163} INFO - Started process (PID=1953) to work on /home/airflow/.local/lib/python3.7/site-packages/airflow/example_dags/example_skip_dag.py
[2022-08-08 06:22:04,599] {processor.py:642} INFO - Processing file /home/airflow/.local/lib/python3.7/site-packages/airflow/example_dags/example_skip_dag.py for tasks to queue
[2022-08-08 06:22:04,600] {logging_mixin.py:109} INFO - [2022-08-08 06:22:04,600] {dagbag.py:500} INFO - Filling up the DagBag from /home/airflow/.local/lib/python3.7/site-packages/airflow/example_dags/example_skip_dag.py
[2022-08-08 06:22:04,635] {processor.py:654} INFO - DAG(s) dict_keys(['example_skip_dag']) retrieved from /home/airflow/.local/lib/python3.7/site-packages/airflow/example_dags/example_skip_dag.py
[2022-08-08 06:22:04,654] {logging_mixin.py:109} INFO - [2022-08-08 06:22:04,654] {dag.py:2396} INFO - Sync 1 DAGs
[2022-08-08 06:22:04,763] {logging_mixin.py:109} INFO - [2022-08-08 06:22:04,763] {dag.py:2935} INFO - Setting next_dagrun for example_skip_dag to 2022-08-07T06:22:04.762826+00:00
[2022-08-08 06:22:04,773] {processor.py:171} INFO - Processing /home/airflow/.local/lib/python3.7/site-packages/airflow/example_dags/example_skip_dag.py took 0.183 seconds
[2022-08-08 06:22:35,152] {processor.py:163} INFO - Started process (PID=2013) to work on /home/airflow/.local/lib/python3.7/site-packages/airflow/example_dags/example_skip_dag.py
[2022-08-08 06:22:35,154] {processor.py:642} INFO - Processing file /home/airflow/.local/lib/python3.7/site-packages/airflow/example_dags/example_skip_dag.py for tasks to queue
[2022-08-08 06:22:35,156] {logging_mixin.py:109} INFO - [2022-08-08 06:22:35,156] {dagbag.py:500} INFO - Filling up the DagBag from /home/airflow/.local/lib/python3.7/site-packages/airflow/example_dags/example_skip_dag.py
[2022-08-08 06:22:35,187] {processor.py:654} INFO - DAG(s) dict_keys(['example_skip_dag']) retrieved from /home/airflow/.local/lib/python3.7/site-packages/airflow/example_dags/example_skip_dag.py
[2022-08-08 06:22:35,199] {logging_mixin.py:109} INFO - [2022-08-08 06:22:35,199] {dag.py:2396} INFO - Sync 1 DAGs
[2022-08-08 06:22:35,310] {logging_mixin.py:109} INFO - [2022-08-08 06:22:35,310] {dag.py:2935} INFO - Setting next_dagrun for example_skip_dag to 2022-08-07T06:22:35.310361+00:00
[2022-08-08 06:22:35,321] {processor.py:171} INFO - Processing /home/airflow/.local/lib/python3.7/site-packages/airflow/example_dags/example_skip_dag.py took 0.173 seconds
[2022-08-08 07:11:47,380] {processor.py:163} INFO - Started process (PID=2087) to work on /home/airflow/.local/lib/python3.7/site-packages/airflow/example_dags/example_skip_dag.py
[2022-08-08 07:11:47,382] {processor.py:642} INFO - Processing file /home/airflow/.local/lib/python3.7/site-packages/airflow/example_dags/example_skip_dag.py for tasks to queue
[2022-08-08 07:11:47,384] {logging_mixin.py:109} INFO - [2022-08-08 07:11:47,383] {dagbag.py:500} INFO - Filling up the DagBag from /home/airflow/.local/lib/python3.7/site-packages/airflow/example_dags/example_skip_dag.py
[2022-08-08 07:11:47,506] {processor.py:654} INFO - DAG(s) dict_keys(['example_skip_dag']) retrieved from /home/airflow/.local/lib/python3.7/site-packages/airflow/example_dags/example_skip_dag.py
[2022-08-08 07:11:47,518] {logging_mixin.py:109} INFO - [2022-08-08 07:11:47,518] {dag.py:2396} INFO - Sync 1 DAGs
[2022-08-08 07:11:47,533] {logging_mixin.py:109} INFO - [2022-08-08 07:11:47,533] {dag.py:2935} INFO - Setting next_dagrun for example_skip_dag to 2022-08-07T07:11:47.533590+00:00
[2022-08-08 07:11:47,545] {processor.py:171} INFO - Processing /home/airflow/.local/lib/python3.7/site-packages/airflow/example_dags/example_skip_dag.py took 0.169 seconds
[2022-08-08 09:16:15,464] {processor.py:163} INFO - Started process (PID=2181) to work on /home/airflow/.local/lib/python3.7/site-packages/airflow/example_dags/example_skip_dag.py
[2022-08-08 09:16:15,468] {processor.py:642} INFO - Processing file /home/airflow/.local/lib/python3.7/site-packages/airflow/example_dags/example_skip_dag.py for tasks to queue
[2022-08-08 09:16:15,471] {logging_mixin.py:109} INFO - [2022-08-08 09:16:15,471] {dagbag.py:500} INFO - Filling up the DagBag from /home/airflow/.local/lib/python3.7/site-packages/airflow/example_dags/example_skip_dag.py
[2022-08-08 09:16:15,522] {processor.py:654} INFO - DAG(s) dict_keys(['example_skip_dag']) retrieved from /home/airflow/.local/lib/python3.7/site-packages/airflow/example_dags/example_skip_dag.py
[2022-08-08 09:16:15,540] {logging_mixin.py:109} INFO - [2022-08-08 09:16:15,540] {dag.py:2396} INFO - Sync 1 DAGs
[2022-08-08 09:16:15,562] {logging_mixin.py:109} INFO - [2022-08-08 09:16:15,562] {dag.py:2935} INFO - Setting next_dagrun for example_skip_dag to 2022-08-07T09:16:15.562299+00:00
[2022-08-08 09:16:15,580] {processor.py:171} INFO - Processing /home/airflow/.local/lib/python3.7/site-packages/airflow/example_dags/example_skip_dag.py took 0.122 seconds
