[2022-08-08 06:07:12,101] {processor.py:163} INFO - Started process (PID=88) to work on /home/airflow/.local/lib/python3.7/site-packages/airflow/example_dags/tutorial.py
[2022-08-08 06:07:12,109] {processor.py:642} INFO - Processing file /home/airflow/.local/lib/python3.7/site-packages/airflow/example_dags/tutorial.py for tasks to queue
[2022-08-08 06:07:12,125] {logging_mixin.py:109} INFO - [2022-08-08 06:07:12,124] {dagbag.py:500} INFO - Filling up the DagBag from /home/airflow/.local/lib/python3.7/site-packages/airflow/example_dags/tutorial.py
[2022-08-08 06:07:12,420] {processor.py:654} INFO - DAG(s) dict_keys(['tutorial']) retrieved from /home/airflow/.local/lib/python3.7/site-packages/airflow/example_dags/tutorial.py
[2022-08-08 06:07:12,495] {logging_mixin.py:109} INFO - [2022-08-08 06:07:12,495] {dag.py:2396} INFO - Sync 1 DAGs
[2022-08-08 06:07:12,563] {logging_mixin.py:109} INFO - [2022-08-08 06:07:12,563] {dag.py:2935} INFO - Setting next_dagrun for tutorial to 2022-08-07T06:07:12.562873+00:00
[2022-08-08 06:07:12,639] {processor.py:171} INFO - Processing /home/airflow/.local/lib/python3.7/site-packages/airflow/example_dags/tutorial.py took 0.552 seconds
[2022-08-08 06:07:44,111] {processor.py:163} INFO - Started process (PID=138) to work on /home/airflow/.local/lib/python3.7/site-packages/airflow/example_dags/tutorial.py
[2022-08-08 06:07:44,119] {processor.py:642} INFO - Processing file /home/airflow/.local/lib/python3.7/site-packages/airflow/example_dags/tutorial.py for tasks to queue
[2022-08-08 06:07:44,130] {logging_mixin.py:109} INFO - [2022-08-08 06:07:44,129] {dagbag.py:500} INFO - Filling up the DagBag from /home/airflow/.local/lib/python3.7/site-packages/airflow/example_dags/tutorial.py
[2022-08-08 06:07:44,264] {processor.py:654} INFO - DAG(s) dict_keys(['tutorial']) retrieved from /home/airflow/.local/lib/python3.7/site-packages/airflow/example_dags/tutorial.py
[2022-08-08 06:07:44,313] {logging_mixin.py:109} INFO - [2022-08-08 06:07:44,313] {dag.py:2396} INFO - Sync 1 DAGs
[2022-08-08 06:07:44,378] {logging_mixin.py:109} INFO - [2022-08-08 06:07:44,378] {dag.py:2935} INFO - Setting next_dagrun for tutorial to 2022-08-07T06:07:44.378290+00:00
[2022-08-08 06:07:44,419] {processor.py:171} INFO - Processing /home/airflow/.local/lib/python3.7/site-packages/airflow/example_dags/tutorial.py took 0.325 seconds
[2022-08-08 06:08:15,623] {processor.py:163} INFO - Started process (PID=198) to work on /home/airflow/.local/lib/python3.7/site-packages/airflow/example_dags/tutorial.py
[2022-08-08 06:08:15,634] {processor.py:642} INFO - Processing file /home/airflow/.local/lib/python3.7/site-packages/airflow/example_dags/tutorial.py for tasks to queue
[2022-08-08 06:08:15,654] {logging_mixin.py:109} INFO - [2022-08-08 06:08:15,654] {dagbag.py:500} INFO - Filling up the DagBag from /home/airflow/.local/lib/python3.7/site-packages/airflow/example_dags/tutorial.py
[2022-08-08 06:08:15,967] {processor.py:654} INFO - DAG(s) dict_keys(['tutorial']) retrieved from /home/airflow/.local/lib/python3.7/site-packages/airflow/example_dags/tutorial.py
[2022-08-08 06:08:16,001] {logging_mixin.py:109} INFO - [2022-08-08 06:08:16,001] {dag.py:2396} INFO - Sync 1 DAGs
[2022-08-08 06:08:16,045] {logging_mixin.py:109} INFO - [2022-08-08 06:08:16,045] {dag.py:2935} INFO - Setting next_dagrun for tutorial to 2022-08-07T06:08:16.041145+00:00
[2022-08-08 06:08:16,091] {processor.py:171} INFO - Processing /home/airflow/.local/lib/python3.7/site-packages/airflow/example_dags/tutorial.py took 0.476 seconds
[2022-08-08 06:08:46,795] {processor.py:163} INFO - Started process (PID=268) to work on /home/airflow/.local/lib/python3.7/site-packages/airflow/example_dags/tutorial.py
[2022-08-08 06:08:46,798] {processor.py:642} INFO - Processing file /home/airflow/.local/lib/python3.7/site-packages/airflow/example_dags/tutorial.py for tasks to queue
[2022-08-08 06:08:46,800] {logging_mixin.py:109} INFO - [2022-08-08 06:08:46,799] {dagbag.py:500} INFO - Filling up the DagBag from /home/airflow/.local/lib/python3.7/site-packages/airflow/example_dags/tutorial.py
[2022-08-08 06:08:46,837] {processor.py:654} INFO - DAG(s) dict_keys(['tutorial']) retrieved from /home/airflow/.local/lib/python3.7/site-packages/airflow/example_dags/tutorial.py
[2022-08-08 06:08:46,849] {logging_mixin.py:109} INFO - [2022-08-08 06:08:46,849] {dag.py:2396} INFO - Sync 1 DAGs
[2022-08-08 06:08:46,866] {logging_mixin.py:109} INFO - [2022-08-08 06:08:46,866] {dag.py:2935} INFO - Setting next_dagrun for tutorial to 2022-08-07T06:08:46.865835+00:00
[2022-08-08 06:08:46,878] {processor.py:171} INFO - Processing /home/airflow/.local/lib/python3.7/site-packages/airflow/example_dags/tutorial.py took 0.089 seconds
[2022-08-08 06:09:17,272] {processor.py:163} INFO - Started process (PID=328) to work on /home/airflow/.local/lib/python3.7/site-packages/airflow/example_dags/tutorial.py
[2022-08-08 06:09:17,274] {processor.py:642} INFO - Processing file /home/airflow/.local/lib/python3.7/site-packages/airflow/example_dags/tutorial.py for tasks to queue
[2022-08-08 06:09:17,276] {logging_mixin.py:109} INFO - [2022-08-08 06:09:17,276] {dagbag.py:500} INFO - Filling up the DagBag from /home/airflow/.local/lib/python3.7/site-packages/airflow/example_dags/tutorial.py
[2022-08-08 06:09:17,313] {processor.py:654} INFO - DAG(s) dict_keys(['tutorial']) retrieved from /home/airflow/.local/lib/python3.7/site-packages/airflow/example_dags/tutorial.py
[2022-08-08 06:09:17,324] {logging_mixin.py:109} INFO - [2022-08-08 06:09:17,323] {dag.py:2396} INFO - Sync 1 DAGs
[2022-08-08 06:09:17,340] {logging_mixin.py:109} INFO - [2022-08-08 06:09:17,340] {dag.py:2935} INFO - Setting next_dagrun for tutorial to 2022-08-07T06:09:17.339851+00:00
[2022-08-08 06:09:17,352] {processor.py:171} INFO - Processing /home/airflow/.local/lib/python3.7/site-packages/airflow/example_dags/tutorial.py took 0.085 seconds
[2022-08-08 06:09:47,442] {processor.py:163} INFO - Started process (PID=398) to work on /home/airflow/.local/lib/python3.7/site-packages/airflow/example_dags/tutorial.py
[2022-08-08 06:09:47,444] {processor.py:642} INFO - Processing file /home/airflow/.local/lib/python3.7/site-packages/airflow/example_dags/tutorial.py for tasks to queue
[2022-08-08 06:09:47,446] {logging_mixin.py:109} INFO - [2022-08-08 06:09:47,445] {dagbag.py:500} INFO - Filling up the DagBag from /home/airflow/.local/lib/python3.7/site-packages/airflow/example_dags/tutorial.py
[2022-08-08 06:09:47,479] {processor.py:654} INFO - DAG(s) dict_keys(['tutorial']) retrieved from /home/airflow/.local/lib/python3.7/site-packages/airflow/example_dags/tutorial.py
[2022-08-08 06:09:47,490] {logging_mixin.py:109} INFO - [2022-08-08 06:09:47,490] {dag.py:2396} INFO - Sync 1 DAGs
[2022-08-08 06:09:47,508] {logging_mixin.py:109} INFO - [2022-08-08 06:09:47,508] {dag.py:2935} INFO - Setting next_dagrun for tutorial to 2022-08-07T06:09:47.507752+00:00
[2022-08-08 06:09:47,520] {processor.py:171} INFO - Processing /home/airflow/.local/lib/python3.7/site-packages/airflow/example_dags/tutorial.py took 0.082 seconds
[2022-08-08 06:10:18,588] {processor.py:163} INFO - Started process (PID=458) to work on /home/airflow/.local/lib/python3.7/site-packages/airflow/example_dags/tutorial.py
[2022-08-08 06:10:18,590] {processor.py:642} INFO - Processing file /home/airflow/.local/lib/python3.7/site-packages/airflow/example_dags/tutorial.py for tasks to queue
[2022-08-08 06:10:18,592] {logging_mixin.py:109} INFO - [2022-08-08 06:10:18,591] {dagbag.py:500} INFO - Filling up the DagBag from /home/airflow/.local/lib/python3.7/site-packages/airflow/example_dags/tutorial.py
[2022-08-08 06:10:18,623] {processor.py:654} INFO - DAG(s) dict_keys(['tutorial']) retrieved from /home/airflow/.local/lib/python3.7/site-packages/airflow/example_dags/tutorial.py
[2022-08-08 06:10:18,634] {logging_mixin.py:109} INFO - [2022-08-08 06:10:18,634] {dag.py:2396} INFO - Sync 1 DAGs
[2022-08-08 06:10:18,650] {logging_mixin.py:109} INFO - [2022-08-08 06:10:18,650] {dag.py:2935} INFO - Setting next_dagrun for tutorial to 2022-08-07T06:10:18.650312+00:00
[2022-08-08 06:10:18,661] {processor.py:171} INFO - Processing /home/airflow/.local/lib/python3.7/site-packages/airflow/example_dags/tutorial.py took 0.077 seconds
[2022-08-08 06:10:49,747] {processor.py:163} INFO - Started process (PID=528) to work on /home/airflow/.local/lib/python3.7/site-packages/airflow/example_dags/tutorial.py
[2022-08-08 06:10:49,750] {processor.py:642} INFO - Processing file /home/airflow/.local/lib/python3.7/site-packages/airflow/example_dags/tutorial.py for tasks to queue
[2022-08-08 06:10:49,751] {logging_mixin.py:109} INFO - [2022-08-08 06:10:49,751] {dagbag.py:500} INFO - Filling up the DagBag from /home/airflow/.local/lib/python3.7/site-packages/airflow/example_dags/tutorial.py
[2022-08-08 06:10:49,802] {processor.py:654} INFO - DAG(s) dict_keys(['tutorial']) retrieved from /home/airflow/.local/lib/python3.7/site-packages/airflow/example_dags/tutorial.py
[2022-08-08 06:10:49,814] {logging_mixin.py:109} INFO - [2022-08-08 06:10:49,814] {dag.py:2396} INFO - Sync 1 DAGs
[2022-08-08 06:10:49,832] {logging_mixin.py:109} INFO - [2022-08-08 06:10:49,832] {dag.py:2935} INFO - Setting next_dagrun for tutorial to 2022-08-07T06:10:49.832024+00:00
[2022-08-08 06:10:49,844] {processor.py:171} INFO - Processing /home/airflow/.local/lib/python3.7/site-packages/airflow/example_dags/tutorial.py took 0.101 seconds
[2022-08-08 06:11:20,330] {processor.py:163} INFO - Started process (PID=589) to work on /home/airflow/.local/lib/python3.7/site-packages/airflow/example_dags/tutorial.py
[2022-08-08 06:11:20,332] {processor.py:642} INFO - Processing file /home/airflow/.local/lib/python3.7/site-packages/airflow/example_dags/tutorial.py for tasks to queue
[2022-08-08 06:11:20,334] {logging_mixin.py:109} INFO - [2022-08-08 06:11:20,334] {dagbag.py:500} INFO - Filling up the DagBag from /home/airflow/.local/lib/python3.7/site-packages/airflow/example_dags/tutorial.py
[2022-08-08 06:11:20,372] {processor.py:654} INFO - DAG(s) dict_keys(['tutorial']) retrieved from /home/airflow/.local/lib/python3.7/site-packages/airflow/example_dags/tutorial.py
[2022-08-08 06:11:20,384] {logging_mixin.py:109} INFO - [2022-08-08 06:11:20,383] {dag.py:2396} INFO - Sync 1 DAGs
[2022-08-08 06:11:20,403] {logging_mixin.py:109} INFO - [2022-08-08 06:11:20,403] {dag.py:2935} INFO - Setting next_dagrun for tutorial to 2022-08-07T06:11:20.403009+00:00
[2022-08-08 06:11:20,418] {processor.py:171} INFO - Processing /home/airflow/.local/lib/python3.7/site-packages/airflow/example_dags/tutorial.py took 0.092 seconds
[2022-08-08 06:11:50,898] {processor.py:163} INFO - Started process (PID=649) to work on /home/airflow/.local/lib/python3.7/site-packages/airflow/example_dags/tutorial.py
[2022-08-08 06:11:50,900] {processor.py:642} INFO - Processing file /home/airflow/.local/lib/python3.7/site-packages/airflow/example_dags/tutorial.py for tasks to queue
[2022-08-08 06:11:50,902] {logging_mixin.py:109} INFO - [2022-08-08 06:11:50,902] {dagbag.py:500} INFO - Filling up the DagBag from /home/airflow/.local/lib/python3.7/site-packages/airflow/example_dags/tutorial.py
[2022-08-08 06:11:50,934] {processor.py:654} INFO - DAG(s) dict_keys(['tutorial']) retrieved from /home/airflow/.local/lib/python3.7/site-packages/airflow/example_dags/tutorial.py
[2022-08-08 06:11:50,945] {logging_mixin.py:109} INFO - [2022-08-08 06:11:50,945] {dag.py:2396} INFO - Sync 1 DAGs
[2022-08-08 06:11:50,983] {logging_mixin.py:109} INFO - [2022-08-08 06:11:50,982] {dag.py:2935} INFO - Setting next_dagrun for tutorial to 2022-08-07T06:11:50.978668+00:00
[2022-08-08 06:11:51,007] {processor.py:171} INFO - Processing /home/airflow/.local/lib/python3.7/site-packages/airflow/example_dags/tutorial.py took 0.113 seconds
[2022-08-08 06:12:21,561] {processor.py:163} INFO - Started process (PID=718) to work on /home/airflow/.local/lib/python3.7/site-packages/airflow/example_dags/tutorial.py
[2022-08-08 06:12:21,563] {processor.py:642} INFO - Processing file /home/airflow/.local/lib/python3.7/site-packages/airflow/example_dags/tutorial.py for tasks to queue
[2022-08-08 06:12:21,565] {logging_mixin.py:109} INFO - [2022-08-08 06:12:21,565] {dagbag.py:500} INFO - Filling up the DagBag from /home/airflow/.local/lib/python3.7/site-packages/airflow/example_dags/tutorial.py
[2022-08-08 06:12:21,602] {processor.py:654} INFO - DAG(s) dict_keys(['tutorial']) retrieved from /home/airflow/.local/lib/python3.7/site-packages/airflow/example_dags/tutorial.py
[2022-08-08 06:12:21,612] {logging_mixin.py:109} INFO - [2022-08-08 06:12:21,612] {dag.py:2396} INFO - Sync 1 DAGs
[2022-08-08 06:12:21,632] {logging_mixin.py:109} INFO - [2022-08-08 06:12:21,632] {dag.py:2935} INFO - Setting next_dagrun for tutorial to 2022-08-07T06:12:21.631700+00:00
[2022-08-08 06:12:21,644] {processor.py:171} INFO - Processing /home/airflow/.local/lib/python3.7/site-packages/airflow/example_dags/tutorial.py took 0.090 seconds
[2022-08-08 06:12:52,038] {processor.py:163} INFO - Started process (PID=778) to work on /home/airflow/.local/lib/python3.7/site-packages/airflow/example_dags/tutorial.py
[2022-08-08 06:12:52,040] {processor.py:642} INFO - Processing file /home/airflow/.local/lib/python3.7/site-packages/airflow/example_dags/tutorial.py for tasks to queue
[2022-08-08 06:12:52,042] {logging_mixin.py:109} INFO - [2022-08-08 06:12:52,041] {dagbag.py:500} INFO - Filling up the DagBag from /home/airflow/.local/lib/python3.7/site-packages/airflow/example_dags/tutorial.py
[2022-08-08 06:12:52,074] {processor.py:654} INFO - DAG(s) dict_keys(['tutorial']) retrieved from /home/airflow/.local/lib/python3.7/site-packages/airflow/example_dags/tutorial.py
[2022-08-08 06:12:52,085] {logging_mixin.py:109} INFO - [2022-08-08 06:12:52,085] {dag.py:2396} INFO - Sync 1 DAGs
[2022-08-08 06:12:52,102] {logging_mixin.py:109} INFO - [2022-08-08 06:12:52,102] {dag.py:2935} INFO - Setting next_dagrun for tutorial to 2022-08-07T06:12:52.101988+00:00
[2022-08-08 06:12:52,113] {processor.py:171} INFO - Processing /home/airflow/.local/lib/python3.7/site-packages/airflow/example_dags/tutorial.py took 0.078 seconds
[2022-08-08 06:13:22,561] {processor.py:163} INFO - Started process (PID=848) to work on /home/airflow/.local/lib/python3.7/site-packages/airflow/example_dags/tutorial.py
[2022-08-08 06:13:22,564] {processor.py:642} INFO - Processing file /home/airflow/.local/lib/python3.7/site-packages/airflow/example_dags/tutorial.py for tasks to queue
[2022-08-08 06:13:22,565] {logging_mixin.py:109} INFO - [2022-08-08 06:13:22,565] {dagbag.py:500} INFO - Filling up the DagBag from /home/airflow/.local/lib/python3.7/site-packages/airflow/example_dags/tutorial.py
[2022-08-08 06:13:22,597] {processor.py:654} INFO - DAG(s) dict_keys(['tutorial']) retrieved from /home/airflow/.local/lib/python3.7/site-packages/airflow/example_dags/tutorial.py
[2022-08-08 06:13:22,607] {logging_mixin.py:109} INFO - [2022-08-08 06:13:22,607] {dag.py:2396} INFO - Sync 1 DAGs
[2022-08-08 06:13:22,631] {logging_mixin.py:109} INFO - [2022-08-08 06:13:22,631] {dag.py:2935} INFO - Setting next_dagrun for tutorial to 2022-08-07T06:13:22.631183+00:00
[2022-08-08 06:13:22,643] {processor.py:171} INFO - Processing /home/airflow/.local/lib/python3.7/site-packages/airflow/example_dags/tutorial.py took 0.085 seconds
[2022-08-08 06:13:52,948] {processor.py:163} INFO - Started process (PID=907) to work on /home/airflow/.local/lib/python3.7/site-packages/airflow/example_dags/tutorial.py
[2022-08-08 06:13:52,950] {processor.py:642} INFO - Processing file /home/airflow/.local/lib/python3.7/site-packages/airflow/example_dags/tutorial.py for tasks to queue
[2022-08-08 06:13:52,951] {logging_mixin.py:109} INFO - [2022-08-08 06:13:52,951] {dagbag.py:500} INFO - Filling up the DagBag from /home/airflow/.local/lib/python3.7/site-packages/airflow/example_dags/tutorial.py
[2022-08-08 06:13:52,986] {processor.py:654} INFO - DAG(s) dict_keys(['tutorial']) retrieved from /home/airflow/.local/lib/python3.7/site-packages/airflow/example_dags/tutorial.py
[2022-08-08 06:13:52,999] {logging_mixin.py:109} INFO - [2022-08-08 06:13:52,999] {dag.py:2396} INFO - Sync 1 DAGs
[2022-08-08 06:13:53,016] {logging_mixin.py:109} INFO - [2022-08-08 06:13:53,016] {dag.py:2935} INFO - Setting next_dagrun for tutorial to 2022-08-07T06:13:53.016254+00:00
[2022-08-08 06:13:53,030] {processor.py:171} INFO - Processing /home/airflow/.local/lib/python3.7/site-packages/airflow/example_dags/tutorial.py took 0.086 seconds
[2022-08-08 06:14:23,301] {processor.py:163} INFO - Started process (PID=975) to work on /home/airflow/.local/lib/python3.7/site-packages/airflow/example_dags/tutorial.py
[2022-08-08 06:14:23,304] {processor.py:642} INFO - Processing file /home/airflow/.local/lib/python3.7/site-packages/airflow/example_dags/tutorial.py for tasks to queue
[2022-08-08 06:14:23,305] {logging_mixin.py:109} INFO - [2022-08-08 06:14:23,305] {dagbag.py:500} INFO - Filling up the DagBag from /home/airflow/.local/lib/python3.7/site-packages/airflow/example_dags/tutorial.py
[2022-08-08 06:14:23,352] {processor.py:654} INFO - DAG(s) dict_keys(['tutorial']) retrieved from /home/airflow/.local/lib/python3.7/site-packages/airflow/example_dags/tutorial.py
[2022-08-08 06:14:23,365] {logging_mixin.py:109} INFO - [2022-08-08 06:14:23,365] {dag.py:2396} INFO - Sync 1 DAGs
[2022-08-08 06:14:23,382] {logging_mixin.py:109} INFO - [2022-08-08 06:14:23,382] {dag.py:2935} INFO - Setting next_dagrun for tutorial to 2022-08-07T06:14:23.381875+00:00
[2022-08-08 06:14:23,394] {processor.py:171} INFO - Processing /home/airflow/.local/lib/python3.7/site-packages/airflow/example_dags/tutorial.py took 0.097 seconds
[2022-08-08 06:14:54,051] {processor.py:163} INFO - Started process (PID=1036) to work on /home/airflow/.local/lib/python3.7/site-packages/airflow/example_dags/tutorial.py
[2022-08-08 06:14:54,052] {processor.py:642} INFO - Processing file /home/airflow/.local/lib/python3.7/site-packages/airflow/example_dags/tutorial.py for tasks to queue
[2022-08-08 06:14:54,054] {logging_mixin.py:109} INFO - [2022-08-08 06:14:54,054] {dagbag.py:500} INFO - Filling up the DagBag from /home/airflow/.local/lib/python3.7/site-packages/airflow/example_dags/tutorial.py
[2022-08-08 06:14:54,098] {processor.py:654} INFO - DAG(s) dict_keys(['tutorial']) retrieved from /home/airflow/.local/lib/python3.7/site-packages/airflow/example_dags/tutorial.py
[2022-08-08 06:14:54,110] {logging_mixin.py:109} INFO - [2022-08-08 06:14:54,109] {dag.py:2396} INFO - Sync 1 DAGs
[2022-08-08 06:14:54,127] {logging_mixin.py:109} INFO - [2022-08-08 06:14:54,127] {dag.py:2935} INFO - Setting next_dagrun for tutorial to 2022-08-07T06:14:54.126725+00:00
[2022-08-08 06:14:54,139] {processor.py:171} INFO - Processing /home/airflow/.local/lib/python3.7/site-packages/airflow/example_dags/tutorial.py took 0.092 seconds
[2022-08-08 06:15:24,271] {processor.py:163} INFO - Started process (PID=1097) to work on /home/airflow/.local/lib/python3.7/site-packages/airflow/example_dags/tutorial.py
[2022-08-08 06:15:24,274] {processor.py:642} INFO - Processing file /home/airflow/.local/lib/python3.7/site-packages/airflow/example_dags/tutorial.py for tasks to queue
[2022-08-08 06:15:24,276] {logging_mixin.py:109} INFO - [2022-08-08 06:15:24,275] {dagbag.py:500} INFO - Filling up the DagBag from /home/airflow/.local/lib/python3.7/site-packages/airflow/example_dags/tutorial.py
[2022-08-08 06:15:24,336] {processor.py:654} INFO - DAG(s) dict_keys(['tutorial']) retrieved from /home/airflow/.local/lib/python3.7/site-packages/airflow/example_dags/tutorial.py
[2022-08-08 06:15:24,348] {logging_mixin.py:109} INFO - [2022-08-08 06:15:24,348] {dag.py:2396} INFO - Sync 1 DAGs
[2022-08-08 06:15:24,365] {logging_mixin.py:109} INFO - [2022-08-08 06:15:24,365] {dag.py:2935} INFO - Setting next_dagrun for tutorial to 2022-08-07T06:15:24.365398+00:00
[2022-08-08 06:15:24,377] {processor.py:171} INFO - Processing /home/airflow/.local/lib/python3.7/site-packages/airflow/example_dags/tutorial.py took 0.109 seconds
[2022-08-08 06:15:54,496] {processor.py:163} INFO - Started process (PID=1166) to work on /home/airflow/.local/lib/python3.7/site-packages/airflow/example_dags/tutorial.py
[2022-08-08 06:15:54,498] {processor.py:642} INFO - Processing file /home/airflow/.local/lib/python3.7/site-packages/airflow/example_dags/tutorial.py for tasks to queue
[2022-08-08 06:15:54,500] {logging_mixin.py:109} INFO - [2022-08-08 06:15:54,500] {dagbag.py:500} INFO - Filling up the DagBag from /home/airflow/.local/lib/python3.7/site-packages/airflow/example_dags/tutorial.py
[2022-08-08 06:15:54,532] {processor.py:654} INFO - DAG(s) dict_keys(['tutorial']) retrieved from /home/airflow/.local/lib/python3.7/site-packages/airflow/example_dags/tutorial.py
[2022-08-08 06:15:54,543] {logging_mixin.py:109} INFO - [2022-08-08 06:15:54,543] {dag.py:2396} INFO - Sync 1 DAGs
[2022-08-08 06:15:54,559] {logging_mixin.py:109} INFO - [2022-08-08 06:15:54,559] {dag.py:2935} INFO - Setting next_dagrun for tutorial to 2022-08-07T06:15:54.558922+00:00
[2022-08-08 06:15:54,570] {processor.py:171} INFO - Processing /home/airflow/.local/lib/python3.7/site-packages/airflow/example_dags/tutorial.py took 0.078 seconds
[2022-08-08 06:16:25,382] {processor.py:163} INFO - Started process (PID=1222) to work on /home/airflow/.local/lib/python3.7/site-packages/airflow/example_dags/tutorial.py
[2022-08-08 06:16:25,384] {processor.py:642} INFO - Processing file /home/airflow/.local/lib/python3.7/site-packages/airflow/example_dags/tutorial.py for tasks to queue
[2022-08-08 06:16:25,386] {logging_mixin.py:109} INFO - [2022-08-08 06:16:25,386] {dagbag.py:500} INFO - Filling up the DagBag from /home/airflow/.local/lib/python3.7/site-packages/airflow/example_dags/tutorial.py
[2022-08-08 06:16:25,424] {processor.py:654} INFO - DAG(s) dict_keys(['tutorial']) retrieved from /home/airflow/.local/lib/python3.7/site-packages/airflow/example_dags/tutorial.py
[2022-08-08 06:16:25,438] {logging_mixin.py:109} INFO - [2022-08-08 06:16:25,438] {dag.py:2396} INFO - Sync 1 DAGs
[2022-08-08 06:16:25,457] {logging_mixin.py:109} INFO - [2022-08-08 06:16:25,457] {dag.py:2935} INFO - Setting next_dagrun for tutorial to 2022-08-07T06:16:25.457050+00:00
[2022-08-08 06:16:25,471] {processor.py:171} INFO - Processing /home/airflow/.local/lib/python3.7/site-packages/airflow/example_dags/tutorial.py took 0.092 seconds
[2022-08-08 06:16:55,510] {processor.py:163} INFO - Started process (PID=1294) to work on /home/airflow/.local/lib/python3.7/site-packages/airflow/example_dags/tutorial.py
[2022-08-08 06:16:55,512] {processor.py:642} INFO - Processing file /home/airflow/.local/lib/python3.7/site-packages/airflow/example_dags/tutorial.py for tasks to queue
[2022-08-08 06:16:55,514] {logging_mixin.py:109} INFO - [2022-08-08 06:16:55,514] {dagbag.py:500} INFO - Filling up the DagBag from /home/airflow/.local/lib/python3.7/site-packages/airflow/example_dags/tutorial.py
[2022-08-08 06:16:55,557] {processor.py:654} INFO - DAG(s) dict_keys(['tutorial']) retrieved from /home/airflow/.local/lib/python3.7/site-packages/airflow/example_dags/tutorial.py
[2022-08-08 06:16:55,569] {logging_mixin.py:109} INFO - [2022-08-08 06:16:55,569] {dag.py:2396} INFO - Sync 1 DAGs
[2022-08-08 06:16:55,585] {logging_mixin.py:109} INFO - [2022-08-08 06:16:55,585] {dag.py:2935} INFO - Setting next_dagrun for tutorial to 2022-08-07T06:16:55.585183+00:00
[2022-08-08 06:16:55,597] {processor.py:171} INFO - Processing /home/airflow/.local/lib/python3.7/site-packages/airflow/example_dags/tutorial.py took 0.091 seconds
[2022-08-08 06:17:25,730] {processor.py:163} INFO - Started process (PID=1355) to work on /home/airflow/.local/lib/python3.7/site-packages/airflow/example_dags/tutorial.py
[2022-08-08 06:17:25,734] {processor.py:642} INFO - Processing file /home/airflow/.local/lib/python3.7/site-packages/airflow/example_dags/tutorial.py for tasks to queue
[2022-08-08 06:17:25,735] {logging_mixin.py:109} INFO - [2022-08-08 06:17:25,735] {dagbag.py:500} INFO - Filling up the DagBag from /home/airflow/.local/lib/python3.7/site-packages/airflow/example_dags/tutorial.py
[2022-08-08 06:17:25,773] {processor.py:654} INFO - DAG(s) dict_keys(['tutorial']) retrieved from /home/airflow/.local/lib/python3.7/site-packages/airflow/example_dags/tutorial.py
[2022-08-08 06:17:25,788] {logging_mixin.py:109} INFO - [2022-08-08 06:17:25,787] {dag.py:2396} INFO - Sync 1 DAGs
[2022-08-08 06:17:25,808] {logging_mixin.py:109} INFO - [2022-08-08 06:17:25,808] {dag.py:2935} INFO - Setting next_dagrun for tutorial to 2022-08-07T06:17:25.808150+00:00
[2022-08-08 06:17:25,820] {processor.py:171} INFO - Processing /home/airflow/.local/lib/python3.7/site-packages/airflow/example_dags/tutorial.py took 0.094 seconds
[2022-08-08 06:17:56,146] {processor.py:163} INFO - Started process (PID=1426) to work on /home/airflow/.local/lib/python3.7/site-packages/airflow/example_dags/tutorial.py
[2022-08-08 06:17:56,149] {processor.py:642} INFO - Processing file /home/airflow/.local/lib/python3.7/site-packages/airflow/example_dags/tutorial.py for tasks to queue
[2022-08-08 06:17:56,150] {logging_mixin.py:109} INFO - [2022-08-08 06:17:56,150] {dagbag.py:500} INFO - Filling up the DagBag from /home/airflow/.local/lib/python3.7/site-packages/airflow/example_dags/tutorial.py
[2022-08-08 06:17:56,193] {processor.py:654} INFO - DAG(s) dict_keys(['tutorial']) retrieved from /home/airflow/.local/lib/python3.7/site-packages/airflow/example_dags/tutorial.py
[2022-08-08 06:17:56,203] {logging_mixin.py:109} INFO - [2022-08-08 06:17:56,203] {dag.py:2396} INFO - Sync 1 DAGs
[2022-08-08 06:17:56,220] {logging_mixin.py:109} INFO - [2022-08-08 06:17:56,219] {dag.py:2935} INFO - Setting next_dagrun for tutorial to 2022-08-07T06:17:56.219371+00:00
[2022-08-08 06:17:56,231] {processor.py:171} INFO - Processing /home/airflow/.local/lib/python3.7/site-packages/airflow/example_dags/tutorial.py took 0.088 seconds
[2022-08-08 06:18:26,613] {processor.py:163} INFO - Started process (PID=1487) to work on /home/airflow/.local/lib/python3.7/site-packages/airflow/example_dags/tutorial.py
[2022-08-08 06:18:26,616] {processor.py:642} INFO - Processing file /home/airflow/.local/lib/python3.7/site-packages/airflow/example_dags/tutorial.py for tasks to queue
[2022-08-08 06:18:26,617] {logging_mixin.py:109} INFO - [2022-08-08 06:18:26,617] {dagbag.py:500} INFO - Filling up the DagBag from /home/airflow/.local/lib/python3.7/site-packages/airflow/example_dags/tutorial.py
[2022-08-08 06:18:26,660] {processor.py:654} INFO - DAG(s) dict_keys(['tutorial']) retrieved from /home/airflow/.local/lib/python3.7/site-packages/airflow/example_dags/tutorial.py
[2022-08-08 06:18:26,672] {logging_mixin.py:109} INFO - [2022-08-08 06:18:26,672] {dag.py:2396} INFO - Sync 1 DAGs
[2022-08-08 06:18:26,693] {logging_mixin.py:109} INFO - [2022-08-08 06:18:26,692] {dag.py:2935} INFO - Setting next_dagrun for tutorial to 2022-08-07T06:18:26.692584+00:00
[2022-08-08 06:18:26,703] {processor.py:171} INFO - Processing /home/airflow/.local/lib/python3.7/site-packages/airflow/example_dags/tutorial.py took 0.095 seconds
[2022-08-08 06:18:56,914] {processor.py:163} INFO - Started process (PID=1557) to work on /home/airflow/.local/lib/python3.7/site-packages/airflow/example_dags/tutorial.py
[2022-08-08 06:18:56,917] {processor.py:642} INFO - Processing file /home/airflow/.local/lib/python3.7/site-packages/airflow/example_dags/tutorial.py for tasks to queue
[2022-08-08 06:18:56,918] {logging_mixin.py:109} INFO - [2022-08-08 06:18:56,918] {dagbag.py:500} INFO - Filling up the DagBag from /home/airflow/.local/lib/python3.7/site-packages/airflow/example_dags/tutorial.py
[2022-08-08 06:18:56,951] {processor.py:654} INFO - DAG(s) dict_keys(['tutorial']) retrieved from /home/airflow/.local/lib/python3.7/site-packages/airflow/example_dags/tutorial.py
[2022-08-08 06:18:56,961] {logging_mixin.py:109} INFO - [2022-08-08 06:18:56,961] {dag.py:2396} INFO - Sync 1 DAGs
[2022-08-08 06:18:56,979] {logging_mixin.py:109} INFO - [2022-08-08 06:18:56,979] {dag.py:2935} INFO - Setting next_dagrun for tutorial to 2022-08-07T06:18:56.978942+00:00
[2022-08-08 06:18:56,992] {processor.py:171} INFO - Processing /home/airflow/.local/lib/python3.7/site-packages/airflow/example_dags/tutorial.py took 0.082 seconds
[2022-08-08 06:19:27,173] {processor.py:163} INFO - Started process (PID=1619) to work on /home/airflow/.local/lib/python3.7/site-packages/airflow/example_dags/tutorial.py
[2022-08-08 06:19:27,175] {processor.py:642} INFO - Processing file /home/airflow/.local/lib/python3.7/site-packages/airflow/example_dags/tutorial.py for tasks to queue
[2022-08-08 06:19:27,178] {logging_mixin.py:109} INFO - [2022-08-08 06:19:27,177] {dagbag.py:500} INFO - Filling up the DagBag from /home/airflow/.local/lib/python3.7/site-packages/airflow/example_dags/tutorial.py
[2022-08-08 06:19:27,213] {processor.py:654} INFO - DAG(s) dict_keys(['tutorial']) retrieved from /home/airflow/.local/lib/python3.7/site-packages/airflow/example_dags/tutorial.py
[2022-08-08 06:19:27,229] {logging_mixin.py:109} INFO - [2022-08-08 06:19:27,229] {dag.py:2396} INFO - Sync 1 DAGs
[2022-08-08 06:19:27,246] {logging_mixin.py:109} INFO - [2022-08-08 06:19:27,246] {dag.py:2935} INFO - Setting next_dagrun for tutorial to 2022-08-07T06:19:27.246417+00:00
[2022-08-08 06:19:27,259] {processor.py:171} INFO - Processing /home/airflow/.local/lib/python3.7/site-packages/airflow/example_dags/tutorial.py took 0.091 seconds
[2022-08-08 06:19:57,917] {processor.py:163} INFO - Started process (PID=1679) to work on /home/airflow/.local/lib/python3.7/site-packages/airflow/example_dags/tutorial.py
[2022-08-08 06:19:57,919] {processor.py:642} INFO - Processing file /home/airflow/.local/lib/python3.7/site-packages/airflow/example_dags/tutorial.py for tasks to queue
[2022-08-08 06:19:57,921] {logging_mixin.py:109} INFO - [2022-08-08 06:19:57,920] {dagbag.py:500} INFO - Filling up the DagBag from /home/airflow/.local/lib/python3.7/site-packages/airflow/example_dags/tutorial.py
[2022-08-08 06:19:57,956] {processor.py:654} INFO - DAG(s) dict_keys(['tutorial']) retrieved from /home/airflow/.local/lib/python3.7/site-packages/airflow/example_dags/tutorial.py
[2022-08-08 06:19:57,967] {logging_mixin.py:109} INFO - [2022-08-08 06:19:57,966] {dag.py:2396} INFO - Sync 1 DAGs
[2022-08-08 06:19:57,984] {logging_mixin.py:109} INFO - [2022-08-08 06:19:57,984] {dag.py:2935} INFO - Setting next_dagrun for tutorial to 2022-08-07T06:19:57.984495+00:00
[2022-08-08 06:19:57,998] {processor.py:171} INFO - Processing /home/airflow/.local/lib/python3.7/site-packages/airflow/example_dags/tutorial.py took 0.084 seconds
[2022-08-08 06:20:28,127] {processor.py:163} INFO - Started process (PID=1749) to work on /home/airflow/.local/lib/python3.7/site-packages/airflow/example_dags/tutorial.py
[2022-08-08 06:20:28,130] {processor.py:642} INFO - Processing file /home/airflow/.local/lib/python3.7/site-packages/airflow/example_dags/tutorial.py for tasks to queue
[2022-08-08 06:20:28,132] {logging_mixin.py:109} INFO - [2022-08-08 06:20:28,131] {dagbag.py:500} INFO - Filling up the DagBag from /home/airflow/.local/lib/python3.7/site-packages/airflow/example_dags/tutorial.py
[2022-08-08 06:20:28,173] {processor.py:654} INFO - DAG(s) dict_keys(['tutorial']) retrieved from /home/airflow/.local/lib/python3.7/site-packages/airflow/example_dags/tutorial.py
[2022-08-08 06:20:28,184] {logging_mixin.py:109} INFO - [2022-08-08 06:20:28,184] {dag.py:2396} INFO - Sync 1 DAGs
[2022-08-08 06:20:28,201] {logging_mixin.py:109} INFO - [2022-08-08 06:20:28,201] {dag.py:2935} INFO - Setting next_dagrun for tutorial to 2022-08-07T06:20:28.200767+00:00
[2022-08-08 06:20:28,213] {processor.py:171} INFO - Processing /home/airflow/.local/lib/python3.7/site-packages/airflow/example_dags/tutorial.py took 0.093 seconds
[2022-08-08 06:20:58,822] {processor.py:163} INFO - Started process (PID=1809) to work on /home/airflow/.local/lib/python3.7/site-packages/airflow/example_dags/tutorial.py
[2022-08-08 06:20:58,824] {processor.py:642} INFO - Processing file /home/airflow/.local/lib/python3.7/site-packages/airflow/example_dags/tutorial.py for tasks to queue
[2022-08-08 06:20:58,828] {logging_mixin.py:109} INFO - [2022-08-08 06:20:58,828] {dagbag.py:500} INFO - Filling up the DagBag from /home/airflow/.local/lib/python3.7/site-packages/airflow/example_dags/tutorial.py
[2022-08-08 06:20:58,881] {processor.py:654} INFO - DAG(s) dict_keys(['tutorial']) retrieved from /home/airflow/.local/lib/python3.7/site-packages/airflow/example_dags/tutorial.py
[2022-08-08 06:20:58,897] {logging_mixin.py:109} INFO - [2022-08-08 06:20:58,897] {dag.py:2396} INFO - Sync 1 DAGs
[2022-08-08 06:20:58,918] {logging_mixin.py:109} INFO - [2022-08-08 06:20:58,918] {dag.py:2935} INFO - Setting next_dagrun for tutorial to 2022-08-07T06:20:58.918204+00:00
[2022-08-08 06:20:59,032] {processor.py:171} INFO - Processing /home/airflow/.local/lib/python3.7/site-packages/airflow/example_dags/tutorial.py took 0.214 seconds
[2022-08-08 06:21:29,154] {processor.py:163} INFO - Started process (PID=1878) to work on /home/airflow/.local/lib/python3.7/site-packages/airflow/example_dags/tutorial.py
[2022-08-08 06:21:29,156] {processor.py:642} INFO - Processing file /home/airflow/.local/lib/python3.7/site-packages/airflow/example_dags/tutorial.py for tasks to queue
[2022-08-08 06:21:29,157] {logging_mixin.py:109} INFO - [2022-08-08 06:21:29,157] {dagbag.py:500} INFO - Filling up the DagBag from /home/airflow/.local/lib/python3.7/site-packages/airflow/example_dags/tutorial.py
[2022-08-08 06:21:29,191] {processor.py:654} INFO - DAG(s) dict_keys(['tutorial']) retrieved from /home/airflow/.local/lib/python3.7/site-packages/airflow/example_dags/tutorial.py
[2022-08-08 06:21:29,202] {logging_mixin.py:109} INFO - [2022-08-08 06:21:29,202] {dag.py:2396} INFO - Sync 1 DAGs
[2022-08-08 06:21:29,219] {logging_mixin.py:109} INFO - [2022-08-08 06:21:29,219] {dag.py:2935} INFO - Setting next_dagrun for tutorial to 2022-08-07T06:21:29.218811+00:00
[2022-08-08 06:21:29,322] {processor.py:171} INFO - Processing /home/airflow/.local/lib/python3.7/site-packages/airflow/example_dags/tutorial.py took 0.172 seconds
[2022-08-08 06:21:59,672] {processor.py:163} INFO - Started process (PID=1938) to work on /home/airflow/.local/lib/python3.7/site-packages/airflow/example_dags/tutorial.py
[2022-08-08 06:21:59,674] {processor.py:642} INFO - Processing file /home/airflow/.local/lib/python3.7/site-packages/airflow/example_dags/tutorial.py for tasks to queue
[2022-08-08 06:21:59,676] {logging_mixin.py:109} INFO - [2022-08-08 06:21:59,676] {dagbag.py:500} INFO - Filling up the DagBag from /home/airflow/.local/lib/python3.7/site-packages/airflow/example_dags/tutorial.py
[2022-08-08 06:21:59,710] {processor.py:654} INFO - DAG(s) dict_keys(['tutorial']) retrieved from /home/airflow/.local/lib/python3.7/site-packages/airflow/example_dags/tutorial.py
[2022-08-08 06:21:59,720] {logging_mixin.py:109} INFO - [2022-08-08 06:21:59,720] {dag.py:2396} INFO - Sync 1 DAGs
[2022-08-08 06:21:59,830] {logging_mixin.py:109} INFO - [2022-08-08 06:21:59,829] {dag.py:2935} INFO - Setting next_dagrun for tutorial to 2022-08-07T06:21:59.829536+00:00
[2022-08-08 06:21:59,843] {processor.py:171} INFO - Processing /home/airflow/.local/lib/python3.7/site-packages/airflow/example_dags/tutorial.py took 0.176 seconds
[2022-08-08 06:22:30,140] {processor.py:163} INFO - Started process (PID=2007) to work on /home/airflow/.local/lib/python3.7/site-packages/airflow/example_dags/tutorial.py
[2022-08-08 06:22:30,149] {processor.py:642} INFO - Processing file /home/airflow/.local/lib/python3.7/site-packages/airflow/example_dags/tutorial.py for tasks to queue
[2022-08-08 06:22:30,160] {logging_mixin.py:109} INFO - [2022-08-08 06:22:30,160] {dagbag.py:500} INFO - Filling up the DagBag from /home/airflow/.local/lib/python3.7/site-packages/airflow/example_dags/tutorial.py
[2022-08-08 06:22:30,301] {processor.py:654} INFO - DAG(s) dict_keys(['tutorial']) retrieved from /home/airflow/.local/lib/python3.7/site-packages/airflow/example_dags/tutorial.py
[2022-08-08 06:22:30,322] {logging_mixin.py:109} INFO - [2022-08-08 06:22:30,322] {dag.py:2396} INFO - Sync 1 DAGs
[2022-08-08 06:22:30,700] {logging_mixin.py:109} INFO - [2022-08-08 06:22:30,700] {dag.py:2935} INFO - Setting next_dagrun for tutorial to 2022-08-07T06:22:30.698891+00:00
[2022-08-08 06:22:30,843] {processor.py:171} INFO - Processing /home/airflow/.local/lib/python3.7/site-packages/airflow/example_dags/tutorial.py took 0.707 seconds
[2022-08-08 07:11:46,754] {processor.py:163} INFO - Started process (PID=2082) to work on /home/airflow/.local/lib/python3.7/site-packages/airflow/example_dags/tutorial.py
[2022-08-08 07:11:46,758] {processor.py:642} INFO - Processing file /home/airflow/.local/lib/python3.7/site-packages/airflow/example_dags/tutorial.py for tasks to queue
[2022-08-08 07:11:46,759] {logging_mixin.py:109} INFO - [2022-08-08 07:11:46,759] {dagbag.py:500} INFO - Filling up the DagBag from /home/airflow/.local/lib/python3.7/site-packages/airflow/example_dags/tutorial.py
[2022-08-08 07:11:46,891] {processor.py:654} INFO - DAG(s) dict_keys(['tutorial']) retrieved from /home/airflow/.local/lib/python3.7/site-packages/airflow/example_dags/tutorial.py
[2022-08-08 07:11:46,901] {logging_mixin.py:109} INFO - [2022-08-08 07:11:46,900] {dag.py:2396} INFO - Sync 1 DAGs
[2022-08-08 07:11:46,916] {logging_mixin.py:109} INFO - [2022-08-08 07:11:46,916] {dag.py:2935} INFO - Setting next_dagrun for tutorial to 2022-08-07T07:11:46.916097+00:00
[2022-08-08 07:11:46,928] {processor.py:171} INFO - Processing /home/airflow/.local/lib/python3.7/site-packages/airflow/example_dags/tutorial.py took 0.178 seconds
[2022-08-08 09:16:14,844] {processor.py:163} INFO - Started process (PID=2176) to work on /home/airflow/.local/lib/python3.7/site-packages/airflow/example_dags/tutorial.py
[2022-08-08 09:16:14,847] {processor.py:642} INFO - Processing file /home/airflow/.local/lib/python3.7/site-packages/airflow/example_dags/tutorial.py for tasks to queue
[2022-08-08 09:16:14,849] {logging_mixin.py:109} INFO - [2022-08-08 09:16:14,849] {dagbag.py:500} INFO - Filling up the DagBag from /home/airflow/.local/lib/python3.7/site-packages/airflow/example_dags/tutorial.py
[2022-08-08 09:16:14,937] {processor.py:654} INFO - DAG(s) dict_keys(['tutorial']) retrieved from /home/airflow/.local/lib/python3.7/site-packages/airflow/example_dags/tutorial.py
[2022-08-08 09:16:14,964] {logging_mixin.py:109} INFO - [2022-08-08 09:16:14,964] {dag.py:2396} INFO - Sync 1 DAGs
[2022-08-08 09:16:14,993] {logging_mixin.py:109} INFO - [2022-08-08 09:16:14,993] {dag.py:2935} INFO - Setting next_dagrun for tutorial to 2022-08-07T09:16:14.993048+00:00
[2022-08-08 09:16:15,021] {processor.py:171} INFO - Processing /home/airflow/.local/lib/python3.7/site-packages/airflow/example_dags/tutorial.py took 0.183 seconds
