[2022-08-08 06:07:13,805] {processor.py:163} INFO - Started process (PID=90) to work on /home/airflow/.local/lib/python3.7/site-packages/airflow/example_dags/tutorial_etl_dag.py
[2022-08-08 06:07:13,840] {processor.py:642} INFO - Processing file /home/airflow/.local/lib/python3.7/site-packages/airflow/example_dags/tutorial_etl_dag.py for tasks to queue
[2022-08-08 06:07:13,848] {logging_mixin.py:109} INFO - [2022-08-08 06:07:13,848] {dagbag.py:500} INFO - Filling up the DagBag from /home/airflow/.local/lib/python3.7/site-packages/airflow/example_dags/tutorial_etl_dag.py
[2022-08-08 06:07:14,222] {processor.py:654} INFO - DAG(s) dict_keys(['tutorial_etl_dag']) retrieved from /home/airflow/.local/lib/python3.7/site-packages/airflow/example_dags/tutorial_etl_dag.py
[2022-08-08 06:07:14,414] {logging_mixin.py:109} INFO - [2022-08-08 06:07:14,414] {dag.py:2396} INFO - Sync 1 DAGs
[2022-08-08 06:07:14,549] {logging_mixin.py:109} INFO - [2022-08-08 06:07:14,549] {dag.py:2935} INFO - Setting next_dagrun for tutorial_etl_dag to None
[2022-08-08 06:07:14,714] {processor.py:171} INFO - Processing /home/airflow/.local/lib/python3.7/site-packages/airflow/example_dags/tutorial_etl_dag.py took 0.945 seconds
[2022-08-08 06:07:45,209] {processor.py:163} INFO - Started process (PID=141) to work on /home/airflow/.local/lib/python3.7/site-packages/airflow/example_dags/tutorial_etl_dag.py
[2022-08-08 06:07:45,215] {processor.py:642} INFO - Processing file /home/airflow/.local/lib/python3.7/site-packages/airflow/example_dags/tutorial_etl_dag.py for tasks to queue
[2022-08-08 06:07:45,221] {logging_mixin.py:109} INFO - [2022-08-08 06:07:45,221] {dagbag.py:500} INFO - Filling up the DagBag from /home/airflow/.local/lib/python3.7/site-packages/airflow/example_dags/tutorial_etl_dag.py
[2022-08-08 06:07:45,323] {processor.py:654} INFO - DAG(s) dict_keys(['tutorial_etl_dag']) retrieved from /home/airflow/.local/lib/python3.7/site-packages/airflow/example_dags/tutorial_etl_dag.py
[2022-08-08 06:07:45,369] {logging_mixin.py:109} INFO - [2022-08-08 06:07:45,369] {dag.py:2396} INFO - Sync 1 DAGs
[2022-08-08 06:07:45,433] {logging_mixin.py:109} INFO - [2022-08-08 06:07:45,433] {dag.py:2935} INFO - Setting next_dagrun for tutorial_etl_dag to None
[2022-08-08 06:07:45,484] {processor.py:171} INFO - Processing /home/airflow/.local/lib/python3.7/site-packages/airflow/example_dags/tutorial_etl_dag.py took 0.287 seconds
[2022-08-08 06:08:16,257] {processor.py:163} INFO - Started process (PID=207) to work on /home/airflow/.local/lib/python3.7/site-packages/airflow/example_dags/tutorial_etl_dag.py
[2022-08-08 06:08:16,261] {processor.py:642} INFO - Processing file /home/airflow/.local/lib/python3.7/site-packages/airflow/example_dags/tutorial_etl_dag.py for tasks to queue
[2022-08-08 06:08:16,265] {logging_mixin.py:109} INFO - [2022-08-08 06:08:16,265] {dagbag.py:500} INFO - Filling up the DagBag from /home/airflow/.local/lib/python3.7/site-packages/airflow/example_dags/tutorial_etl_dag.py
[2022-08-08 06:08:16,364] {processor.py:654} INFO - DAG(s) dict_keys(['tutorial_etl_dag']) retrieved from /home/airflow/.local/lib/python3.7/site-packages/airflow/example_dags/tutorial_etl_dag.py
[2022-08-08 06:08:16,397] {logging_mixin.py:109} INFO - [2022-08-08 06:08:16,397] {dag.py:2396} INFO - Sync 1 DAGs
[2022-08-08 06:08:16,433] {logging_mixin.py:109} INFO - [2022-08-08 06:08:16,433] {dag.py:2935} INFO - Setting next_dagrun for tutorial_etl_dag to None
[2022-08-08 06:08:16,458] {processor.py:171} INFO - Processing /home/airflow/.local/lib/python3.7/site-packages/airflow/example_dags/tutorial_etl_dag.py took 0.211 seconds
[2022-08-08 06:08:46,906] {processor.py:163} INFO - Started process (PID=270) to work on /home/airflow/.local/lib/python3.7/site-packages/airflow/example_dags/tutorial_etl_dag.py
[2022-08-08 06:08:46,908] {processor.py:642} INFO - Processing file /home/airflow/.local/lib/python3.7/site-packages/airflow/example_dags/tutorial_etl_dag.py for tasks to queue
[2022-08-08 06:08:46,910] {logging_mixin.py:109} INFO - [2022-08-08 06:08:46,909] {dagbag.py:500} INFO - Filling up the DagBag from /home/airflow/.local/lib/python3.7/site-packages/airflow/example_dags/tutorial_etl_dag.py
[2022-08-08 06:08:46,943] {processor.py:654} INFO - DAG(s) dict_keys(['tutorial_etl_dag']) retrieved from /home/airflow/.local/lib/python3.7/site-packages/airflow/example_dags/tutorial_etl_dag.py
[2022-08-08 06:08:46,954] {logging_mixin.py:109} INFO - [2022-08-08 06:08:46,954] {dag.py:2396} INFO - Sync 1 DAGs
[2022-08-08 06:08:46,968] {logging_mixin.py:109} INFO - [2022-08-08 06:08:46,968] {dag.py:2935} INFO - Setting next_dagrun for tutorial_etl_dag to None
[2022-08-08 06:08:46,979] {processor.py:171} INFO - Processing /home/airflow/.local/lib/python3.7/site-packages/airflow/example_dags/tutorial_etl_dag.py took 0.076 seconds
[2022-08-08 06:09:17,376] {processor.py:163} INFO - Started process (PID=330) to work on /home/airflow/.local/lib/python3.7/site-packages/airflow/example_dags/tutorial_etl_dag.py
[2022-08-08 06:09:17,378] {processor.py:642} INFO - Processing file /home/airflow/.local/lib/python3.7/site-packages/airflow/example_dags/tutorial_etl_dag.py for tasks to queue
[2022-08-08 06:09:17,379] {logging_mixin.py:109} INFO - [2022-08-08 06:09:17,379] {dagbag.py:500} INFO - Filling up the DagBag from /home/airflow/.local/lib/python3.7/site-packages/airflow/example_dags/tutorial_etl_dag.py
[2022-08-08 06:09:17,415] {processor.py:654} INFO - DAG(s) dict_keys(['tutorial_etl_dag']) retrieved from /home/airflow/.local/lib/python3.7/site-packages/airflow/example_dags/tutorial_etl_dag.py
[2022-08-08 06:09:17,426] {logging_mixin.py:109} INFO - [2022-08-08 06:09:17,426] {dag.py:2396} INFO - Sync 1 DAGs
[2022-08-08 06:09:17,444] {logging_mixin.py:109} INFO - [2022-08-08 06:09:17,444] {dag.py:2935} INFO - Setting next_dagrun for tutorial_etl_dag to None
[2022-08-08 06:09:17,456] {processor.py:171} INFO - Processing /home/airflow/.local/lib/python3.7/site-packages/airflow/example_dags/tutorial_etl_dag.py took 0.083 seconds
[2022-08-08 06:09:47,653] {processor.py:163} INFO - Started process (PID=400) to work on /home/airflow/.local/lib/python3.7/site-packages/airflow/example_dags/tutorial_etl_dag.py
[2022-08-08 06:09:47,670] {processor.py:642} INFO - Processing file /home/airflow/.local/lib/python3.7/site-packages/airflow/example_dags/tutorial_etl_dag.py for tasks to queue
[2022-08-08 06:09:47,672] {logging_mixin.py:109} INFO - [2022-08-08 06:09:47,671] {dagbag.py:500} INFO - Filling up the DagBag from /home/airflow/.local/lib/python3.7/site-packages/airflow/example_dags/tutorial_etl_dag.py
[2022-08-08 06:09:47,725] {processor.py:654} INFO - DAG(s) dict_keys(['tutorial_etl_dag']) retrieved from /home/airflow/.local/lib/python3.7/site-packages/airflow/example_dags/tutorial_etl_dag.py
[2022-08-08 06:09:47,737] {logging_mixin.py:109} INFO - [2022-08-08 06:09:47,737] {dag.py:2396} INFO - Sync 1 DAGs
[2022-08-08 06:09:47,755] {logging_mixin.py:109} INFO - [2022-08-08 06:09:47,755] {dag.py:2935} INFO - Setting next_dagrun for tutorial_etl_dag to None
[2022-08-08 06:09:47,767] {processor.py:171} INFO - Processing /home/airflow/.local/lib/python3.7/site-packages/airflow/example_dags/tutorial_etl_dag.py took 0.118 seconds
[2022-08-08 06:10:18,816] {processor.py:163} INFO - Started process (PID=460) to work on /home/airflow/.local/lib/python3.7/site-packages/airflow/example_dags/tutorial_etl_dag.py
[2022-08-08 06:10:18,818] {processor.py:642} INFO - Processing file /home/airflow/.local/lib/python3.7/site-packages/airflow/example_dags/tutorial_etl_dag.py for tasks to queue
[2022-08-08 06:10:18,820] {logging_mixin.py:109} INFO - [2022-08-08 06:10:18,820] {dagbag.py:500} INFO - Filling up the DagBag from /home/airflow/.local/lib/python3.7/site-packages/airflow/example_dags/tutorial_etl_dag.py
[2022-08-08 06:10:18,864] {processor.py:654} INFO - DAG(s) dict_keys(['tutorial_etl_dag']) retrieved from /home/airflow/.local/lib/python3.7/site-packages/airflow/example_dags/tutorial_etl_dag.py
[2022-08-08 06:10:18,875] {logging_mixin.py:109} INFO - [2022-08-08 06:10:18,875] {dag.py:2396} INFO - Sync 1 DAGs
[2022-08-08 06:10:18,892] {logging_mixin.py:109} INFO - [2022-08-08 06:10:18,892] {dag.py:2935} INFO - Setting next_dagrun for tutorial_etl_dag to None
[2022-08-08 06:10:18,904] {processor.py:171} INFO - Processing /home/airflow/.local/lib/python3.7/site-packages/airflow/example_dags/tutorial_etl_dag.py took 0.092 seconds
[2022-08-08 06:10:49,883] {processor.py:163} INFO - Started process (PID=530) to work on /home/airflow/.local/lib/python3.7/site-packages/airflow/example_dags/tutorial_etl_dag.py
[2022-08-08 06:10:49,885] {processor.py:642} INFO - Processing file /home/airflow/.local/lib/python3.7/site-packages/airflow/example_dags/tutorial_etl_dag.py for tasks to queue
[2022-08-08 06:10:49,887] {logging_mixin.py:109} INFO - [2022-08-08 06:10:49,887] {dagbag.py:500} INFO - Filling up the DagBag from /home/airflow/.local/lib/python3.7/site-packages/airflow/example_dags/tutorial_etl_dag.py
[2022-08-08 06:10:49,936] {processor.py:654} INFO - DAG(s) dict_keys(['tutorial_etl_dag']) retrieved from /home/airflow/.local/lib/python3.7/site-packages/airflow/example_dags/tutorial_etl_dag.py
[2022-08-08 06:10:49,951] {logging_mixin.py:109} INFO - [2022-08-08 06:10:49,951] {dag.py:2396} INFO - Sync 1 DAGs
[2022-08-08 06:10:49,976] {logging_mixin.py:109} INFO - [2022-08-08 06:10:49,975] {dag.py:2935} INFO - Setting next_dagrun for tutorial_etl_dag to None
[2022-08-08 06:10:49,999] {processor.py:171} INFO - Processing /home/airflow/.local/lib/python3.7/site-packages/airflow/example_dags/tutorial_etl_dag.py took 0.122 seconds
[2022-08-08 06:11:20,449] {processor.py:163} INFO - Started process (PID=591) to work on /home/airflow/.local/lib/python3.7/site-packages/airflow/example_dags/tutorial_etl_dag.py
[2022-08-08 06:11:20,451] {processor.py:642} INFO - Processing file /home/airflow/.local/lib/python3.7/site-packages/airflow/example_dags/tutorial_etl_dag.py for tasks to queue
[2022-08-08 06:11:20,452] {logging_mixin.py:109} INFO - [2022-08-08 06:11:20,452] {dagbag.py:500} INFO - Filling up the DagBag from /home/airflow/.local/lib/python3.7/site-packages/airflow/example_dags/tutorial_etl_dag.py
[2022-08-08 06:11:20,501] {processor.py:654} INFO - DAG(s) dict_keys(['tutorial_etl_dag']) retrieved from /home/airflow/.local/lib/python3.7/site-packages/airflow/example_dags/tutorial_etl_dag.py
[2022-08-08 06:11:20,518] {logging_mixin.py:109} INFO - [2022-08-08 06:11:20,517] {dag.py:2396} INFO - Sync 1 DAGs
[2022-08-08 06:11:20,535] {logging_mixin.py:109} INFO - [2022-08-08 06:11:20,535] {dag.py:2935} INFO - Setting next_dagrun for tutorial_etl_dag to None
[2022-08-08 06:11:20,545] {processor.py:171} INFO - Processing /home/airflow/.local/lib/python3.7/site-packages/airflow/example_dags/tutorial_etl_dag.py took 0.100 seconds
[2022-08-08 06:11:51,053] {processor.py:163} INFO - Started process (PID=651) to work on /home/airflow/.local/lib/python3.7/site-packages/airflow/example_dags/tutorial_etl_dag.py
[2022-08-08 06:11:51,055] {processor.py:642} INFO - Processing file /home/airflow/.local/lib/python3.7/site-packages/airflow/example_dags/tutorial_etl_dag.py for tasks to queue
[2022-08-08 06:11:51,057] {logging_mixin.py:109} INFO - [2022-08-08 06:11:51,057] {dagbag.py:500} INFO - Filling up the DagBag from /home/airflow/.local/lib/python3.7/site-packages/airflow/example_dags/tutorial_etl_dag.py
[2022-08-08 06:11:51,111] {processor.py:654} INFO - DAG(s) dict_keys(['tutorial_etl_dag']) retrieved from /home/airflow/.local/lib/python3.7/site-packages/airflow/example_dags/tutorial_etl_dag.py
[2022-08-08 06:11:51,125] {logging_mixin.py:109} INFO - [2022-08-08 06:11:51,125] {dag.py:2396} INFO - Sync 1 DAGs
[2022-08-08 06:11:51,144] {logging_mixin.py:109} INFO - [2022-08-08 06:11:51,144] {dag.py:2935} INFO - Setting next_dagrun for tutorial_etl_dag to None
[2022-08-08 06:11:51,158] {processor.py:171} INFO - Processing /home/airflow/.local/lib/python3.7/site-packages/airflow/example_dags/tutorial_etl_dag.py took 0.109 seconds
[2022-08-08 06:12:21,674] {processor.py:163} INFO - Started process (PID=720) to work on /home/airflow/.local/lib/python3.7/site-packages/airflow/example_dags/tutorial_etl_dag.py
[2022-08-08 06:12:21,676] {processor.py:642} INFO - Processing file /home/airflow/.local/lib/python3.7/site-packages/airflow/example_dags/tutorial_etl_dag.py for tasks to queue
[2022-08-08 06:12:21,678] {logging_mixin.py:109} INFO - [2022-08-08 06:12:21,678] {dagbag.py:500} INFO - Filling up the DagBag from /home/airflow/.local/lib/python3.7/site-packages/airflow/example_dags/tutorial_etl_dag.py
[2022-08-08 06:12:21,713] {processor.py:654} INFO - DAG(s) dict_keys(['tutorial_etl_dag']) retrieved from /home/airflow/.local/lib/python3.7/site-packages/airflow/example_dags/tutorial_etl_dag.py
[2022-08-08 06:12:21,725] {logging_mixin.py:109} INFO - [2022-08-08 06:12:21,724] {dag.py:2396} INFO - Sync 1 DAGs
[2022-08-08 06:12:21,743] {logging_mixin.py:109} INFO - [2022-08-08 06:12:21,743] {dag.py:2935} INFO - Setting next_dagrun for tutorial_etl_dag to None
[2022-08-08 06:12:21,753] {processor.py:171} INFO - Processing /home/airflow/.local/lib/python3.7/site-packages/airflow/example_dags/tutorial_etl_dag.py took 0.083 seconds
[2022-08-08 06:12:52,256] {processor.py:163} INFO - Started process (PID=780) to work on /home/airflow/.local/lib/python3.7/site-packages/airflow/example_dags/tutorial_etl_dag.py
[2022-08-08 06:12:52,259] {processor.py:642} INFO - Processing file /home/airflow/.local/lib/python3.7/site-packages/airflow/example_dags/tutorial_etl_dag.py for tasks to queue
[2022-08-08 06:12:52,260] {logging_mixin.py:109} INFO - [2022-08-08 06:12:52,260] {dagbag.py:500} INFO - Filling up the DagBag from /home/airflow/.local/lib/python3.7/site-packages/airflow/example_dags/tutorial_etl_dag.py
[2022-08-08 06:12:52,296] {processor.py:654} INFO - DAG(s) dict_keys(['tutorial_etl_dag']) retrieved from /home/airflow/.local/lib/python3.7/site-packages/airflow/example_dags/tutorial_etl_dag.py
[2022-08-08 06:12:52,309] {logging_mixin.py:109} INFO - [2022-08-08 06:12:52,309] {dag.py:2396} INFO - Sync 1 DAGs
[2022-08-08 06:12:52,325] {logging_mixin.py:109} INFO - [2022-08-08 06:12:52,325] {dag.py:2935} INFO - Setting next_dagrun for tutorial_etl_dag to None
[2022-08-08 06:12:52,338] {processor.py:171} INFO - Processing /home/airflow/.local/lib/python3.7/site-packages/airflow/example_dags/tutorial_etl_dag.py took 0.085 seconds
[2022-08-08 06:13:22,768] {processor.py:163} INFO - Started process (PID=850) to work on /home/airflow/.local/lib/python3.7/site-packages/airflow/example_dags/tutorial_etl_dag.py
[2022-08-08 06:13:22,770] {processor.py:642} INFO - Processing file /home/airflow/.local/lib/python3.7/site-packages/airflow/example_dags/tutorial_etl_dag.py for tasks to queue
[2022-08-08 06:13:22,771] {logging_mixin.py:109} INFO - [2022-08-08 06:13:22,771] {dagbag.py:500} INFO - Filling up the DagBag from /home/airflow/.local/lib/python3.7/site-packages/airflow/example_dags/tutorial_etl_dag.py
[2022-08-08 06:13:22,803] {processor.py:654} INFO - DAG(s) dict_keys(['tutorial_etl_dag']) retrieved from /home/airflow/.local/lib/python3.7/site-packages/airflow/example_dags/tutorial_etl_dag.py
[2022-08-08 06:13:22,814] {logging_mixin.py:109} INFO - [2022-08-08 06:13:22,814] {dag.py:2396} INFO - Sync 1 DAGs
[2022-08-08 06:13:22,832] {logging_mixin.py:109} INFO - [2022-08-08 06:13:22,831] {dag.py:2935} INFO - Setting next_dagrun for tutorial_etl_dag to None
[2022-08-08 06:13:22,845] {processor.py:171} INFO - Processing /home/airflow/.local/lib/python3.7/site-packages/airflow/example_dags/tutorial_etl_dag.py took 0.080 seconds
[2022-08-08 06:13:53,215] {processor.py:163} INFO - Started process (PID=910) to work on /home/airflow/.local/lib/python3.7/site-packages/airflow/example_dags/tutorial_etl_dag.py
[2022-08-08 06:13:53,217] {processor.py:642} INFO - Processing file /home/airflow/.local/lib/python3.7/site-packages/airflow/example_dags/tutorial_etl_dag.py for tasks to queue
[2022-08-08 06:13:53,218] {logging_mixin.py:109} INFO - [2022-08-08 06:13:53,218] {dagbag.py:500} INFO - Filling up the DagBag from /home/airflow/.local/lib/python3.7/site-packages/airflow/example_dags/tutorial_etl_dag.py
[2022-08-08 06:13:53,254] {processor.py:654} INFO - DAG(s) dict_keys(['tutorial_etl_dag']) retrieved from /home/airflow/.local/lib/python3.7/site-packages/airflow/example_dags/tutorial_etl_dag.py
[2022-08-08 06:13:53,268] {logging_mixin.py:109} INFO - [2022-08-08 06:13:53,268] {dag.py:2396} INFO - Sync 1 DAGs
[2022-08-08 06:13:53,299] {logging_mixin.py:109} INFO - [2022-08-08 06:13:53,299] {dag.py:2935} INFO - Setting next_dagrun for tutorial_etl_dag to None
[2022-08-08 06:13:53,310] {processor.py:171} INFO - Processing /home/airflow/.local/lib/python3.7/site-packages/airflow/example_dags/tutorial_etl_dag.py took 0.098 seconds
[2022-08-08 06:14:23,571] {processor.py:163} INFO - Started process (PID=978) to work on /home/airflow/.local/lib/python3.7/site-packages/airflow/example_dags/tutorial_etl_dag.py
[2022-08-08 06:14:23,574] {processor.py:642} INFO - Processing file /home/airflow/.local/lib/python3.7/site-packages/airflow/example_dags/tutorial_etl_dag.py for tasks to queue
[2022-08-08 06:14:23,575] {logging_mixin.py:109} INFO - [2022-08-08 06:14:23,575] {dagbag.py:500} INFO - Filling up the DagBag from /home/airflow/.local/lib/python3.7/site-packages/airflow/example_dags/tutorial_etl_dag.py
[2022-08-08 06:14:23,611] {processor.py:654} INFO - DAG(s) dict_keys(['tutorial_etl_dag']) retrieved from /home/airflow/.local/lib/python3.7/site-packages/airflow/example_dags/tutorial_etl_dag.py
[2022-08-08 06:14:23,628] {logging_mixin.py:109} INFO - [2022-08-08 06:14:23,628] {dag.py:2396} INFO - Sync 1 DAGs
[2022-08-08 06:14:23,674] {logging_mixin.py:109} INFO - [2022-08-08 06:14:23,674] {dag.py:2935} INFO - Setting next_dagrun for tutorial_etl_dag to None
[2022-08-08 06:14:23,698] {processor.py:171} INFO - Processing /home/airflow/.local/lib/python3.7/site-packages/airflow/example_dags/tutorial_etl_dag.py took 0.131 seconds
[2022-08-08 06:14:54,260] {processor.py:163} INFO - Started process (PID=1038) to work on /home/airflow/.local/lib/python3.7/site-packages/airflow/example_dags/tutorial_etl_dag.py
[2022-08-08 06:14:54,262] {processor.py:642} INFO - Processing file /home/airflow/.local/lib/python3.7/site-packages/airflow/example_dags/tutorial_etl_dag.py for tasks to queue
[2022-08-08 06:14:54,263] {logging_mixin.py:109} INFO - [2022-08-08 06:14:54,263] {dagbag.py:500} INFO - Filling up the DagBag from /home/airflow/.local/lib/python3.7/site-packages/airflow/example_dags/tutorial_etl_dag.py
[2022-08-08 06:14:54,294] {processor.py:654} INFO - DAG(s) dict_keys(['tutorial_etl_dag']) retrieved from /home/airflow/.local/lib/python3.7/site-packages/airflow/example_dags/tutorial_etl_dag.py
[2022-08-08 06:14:54,305] {logging_mixin.py:109} INFO - [2022-08-08 06:14:54,305] {dag.py:2396} INFO - Sync 1 DAGs
[2022-08-08 06:14:54,322] {logging_mixin.py:109} INFO - [2022-08-08 06:14:54,321] {dag.py:2935} INFO - Setting next_dagrun for tutorial_etl_dag to None
[2022-08-08 06:14:54,331] {processor.py:171} INFO - Processing /home/airflow/.local/lib/python3.7/site-packages/airflow/example_dags/tutorial_etl_dag.py took 0.075 seconds
[2022-08-08 06:15:24,451] {processor.py:163} INFO - Started process (PID=1100) to work on /home/airflow/.local/lib/python3.7/site-packages/airflow/example_dags/tutorial_etl_dag.py
[2022-08-08 06:15:24,459] {processor.py:642} INFO - Processing file /home/airflow/.local/lib/python3.7/site-packages/airflow/example_dags/tutorial_etl_dag.py for tasks to queue
[2022-08-08 06:15:24,461] {logging_mixin.py:109} INFO - [2022-08-08 06:15:24,461] {dagbag.py:500} INFO - Filling up the DagBag from /home/airflow/.local/lib/python3.7/site-packages/airflow/example_dags/tutorial_etl_dag.py
[2022-08-08 06:15:24,529] {processor.py:654} INFO - DAG(s) dict_keys(['tutorial_etl_dag']) retrieved from /home/airflow/.local/lib/python3.7/site-packages/airflow/example_dags/tutorial_etl_dag.py
[2022-08-08 06:15:24,562] {logging_mixin.py:109} INFO - [2022-08-08 06:15:24,560] {dag.py:2396} INFO - Sync 1 DAGs
[2022-08-08 06:15:24,583] {logging_mixin.py:109} INFO - [2022-08-08 06:15:24,583] {dag.py:2935} INFO - Setting next_dagrun for tutorial_etl_dag to None
[2022-08-08 06:15:24,593] {processor.py:171} INFO - Processing /home/airflow/.local/lib/python3.7/site-packages/airflow/example_dags/tutorial_etl_dag.py took 0.152 seconds
[2022-08-08 06:15:54,677] {processor.py:163} INFO - Started process (PID=1168) to work on /home/airflow/.local/lib/python3.7/site-packages/airflow/example_dags/tutorial_etl_dag.py
[2022-08-08 06:15:54,679] {processor.py:642} INFO - Processing file /home/airflow/.local/lib/python3.7/site-packages/airflow/example_dags/tutorial_etl_dag.py for tasks to queue
[2022-08-08 06:15:54,681] {logging_mixin.py:109} INFO - [2022-08-08 06:15:54,680] {dagbag.py:500} INFO - Filling up the DagBag from /home/airflow/.local/lib/python3.7/site-packages/airflow/example_dags/tutorial_etl_dag.py
[2022-08-08 06:15:54,709] {processor.py:654} INFO - DAG(s) dict_keys(['tutorial_etl_dag']) retrieved from /home/airflow/.local/lib/python3.7/site-packages/airflow/example_dags/tutorial_etl_dag.py
[2022-08-08 06:15:54,719] {logging_mixin.py:109} INFO - [2022-08-08 06:15:54,719] {dag.py:2396} INFO - Sync 1 DAGs
[2022-08-08 06:15:54,733] {logging_mixin.py:109} INFO - [2022-08-08 06:15:54,733] {dag.py:2935} INFO - Setting next_dagrun for tutorial_etl_dag to None
[2022-08-08 06:15:54,744] {processor.py:171} INFO - Processing /home/airflow/.local/lib/python3.7/site-packages/airflow/example_dags/tutorial_etl_dag.py took 0.070 seconds
[2022-08-08 06:16:25,626] {processor.py:163} INFO - Started process (PID=1227) to work on /home/airflow/.local/lib/python3.7/site-packages/airflow/example_dags/tutorial_etl_dag.py
[2022-08-08 06:16:25,629] {processor.py:642} INFO - Processing file /home/airflow/.local/lib/python3.7/site-packages/airflow/example_dags/tutorial_etl_dag.py for tasks to queue
[2022-08-08 06:16:25,630] {logging_mixin.py:109} INFO - [2022-08-08 06:16:25,630] {dagbag.py:500} INFO - Filling up the DagBag from /home/airflow/.local/lib/python3.7/site-packages/airflow/example_dags/tutorial_etl_dag.py
[2022-08-08 06:16:25,661] {processor.py:654} INFO - DAG(s) dict_keys(['tutorial_etl_dag']) retrieved from /home/airflow/.local/lib/python3.7/site-packages/airflow/example_dags/tutorial_etl_dag.py
[2022-08-08 06:16:25,673] {logging_mixin.py:109} INFO - [2022-08-08 06:16:25,672] {dag.py:2396} INFO - Sync 1 DAGs
[2022-08-08 06:16:25,689] {logging_mixin.py:109} INFO - [2022-08-08 06:16:25,689] {dag.py:2935} INFO - Setting next_dagrun for tutorial_etl_dag to None
[2022-08-08 06:16:25,700] {processor.py:171} INFO - Processing /home/airflow/.local/lib/python3.7/site-packages/airflow/example_dags/tutorial_etl_dag.py took 0.079 seconds
[2022-08-08 06:16:55,756] {processor.py:163} INFO - Started process (PID=1296) to work on /home/airflow/.local/lib/python3.7/site-packages/airflow/example_dags/tutorial_etl_dag.py
[2022-08-08 06:16:55,758] {processor.py:642} INFO - Processing file /home/airflow/.local/lib/python3.7/site-packages/airflow/example_dags/tutorial_etl_dag.py for tasks to queue
[2022-08-08 06:16:55,759] {logging_mixin.py:109} INFO - [2022-08-08 06:16:55,759] {dagbag.py:500} INFO - Filling up the DagBag from /home/airflow/.local/lib/python3.7/site-packages/airflow/example_dags/tutorial_etl_dag.py
[2022-08-08 06:16:55,791] {processor.py:654} INFO - DAG(s) dict_keys(['tutorial_etl_dag']) retrieved from /home/airflow/.local/lib/python3.7/site-packages/airflow/example_dags/tutorial_etl_dag.py
[2022-08-08 06:16:55,810] {logging_mixin.py:109} INFO - [2022-08-08 06:16:55,809] {dag.py:2396} INFO - Sync 1 DAGs
[2022-08-08 06:16:55,825] {logging_mixin.py:109} INFO - [2022-08-08 06:16:55,825] {dag.py:2935} INFO - Setting next_dagrun for tutorial_etl_dag to None
[2022-08-08 06:16:55,835] {processor.py:171} INFO - Processing /home/airflow/.local/lib/python3.7/site-packages/airflow/example_dags/tutorial_etl_dag.py took 0.084 seconds
[2022-08-08 06:17:25,921] {processor.py:163} INFO - Started process (PID=1357) to work on /home/airflow/.local/lib/python3.7/site-packages/airflow/example_dags/tutorial_etl_dag.py
[2022-08-08 06:17:25,924] {processor.py:642} INFO - Processing file /home/airflow/.local/lib/python3.7/site-packages/airflow/example_dags/tutorial_etl_dag.py for tasks to queue
[2022-08-08 06:17:25,925] {logging_mixin.py:109} INFO - [2022-08-08 06:17:25,925] {dagbag.py:500} INFO - Filling up the DagBag from /home/airflow/.local/lib/python3.7/site-packages/airflow/example_dags/tutorial_etl_dag.py
[2022-08-08 06:17:25,953] {processor.py:654} INFO - DAG(s) dict_keys(['tutorial_etl_dag']) retrieved from /home/airflow/.local/lib/python3.7/site-packages/airflow/example_dags/tutorial_etl_dag.py
[2022-08-08 06:17:25,963] {logging_mixin.py:109} INFO - [2022-08-08 06:17:25,963] {dag.py:2396} INFO - Sync 1 DAGs
[2022-08-08 06:17:25,978] {logging_mixin.py:109} INFO - [2022-08-08 06:17:25,978] {dag.py:2935} INFO - Setting next_dagrun for tutorial_etl_dag to None
[2022-08-08 06:17:25,989] {processor.py:171} INFO - Processing /home/airflow/.local/lib/python3.7/site-packages/airflow/example_dags/tutorial_etl_dag.py took 0.071 seconds
[2022-08-08 06:17:56,274] {processor.py:163} INFO - Started process (PID=1428) to work on /home/airflow/.local/lib/python3.7/site-packages/airflow/example_dags/tutorial_etl_dag.py
[2022-08-08 06:17:56,277] {processor.py:642} INFO - Processing file /home/airflow/.local/lib/python3.7/site-packages/airflow/example_dags/tutorial_etl_dag.py for tasks to queue
[2022-08-08 06:17:56,278] {logging_mixin.py:109} INFO - [2022-08-08 06:17:56,278] {dagbag.py:500} INFO - Filling up the DagBag from /home/airflow/.local/lib/python3.7/site-packages/airflow/example_dags/tutorial_etl_dag.py
[2022-08-08 06:17:56,326] {processor.py:654} INFO - DAG(s) dict_keys(['tutorial_etl_dag']) retrieved from /home/airflow/.local/lib/python3.7/site-packages/airflow/example_dags/tutorial_etl_dag.py
[2022-08-08 06:17:56,343] {logging_mixin.py:109} INFO - [2022-08-08 06:17:56,342] {dag.py:2396} INFO - Sync 1 DAGs
[2022-08-08 06:17:56,367] {logging_mixin.py:109} INFO - [2022-08-08 06:17:56,367] {dag.py:2935} INFO - Setting next_dagrun for tutorial_etl_dag to None
[2022-08-08 06:17:56,397] {processor.py:171} INFO - Processing /home/airflow/.local/lib/python3.7/site-packages/airflow/example_dags/tutorial_etl_dag.py took 0.128 seconds
[2022-08-08 06:18:26,825] {processor.py:163} INFO - Started process (PID=1489) to work on /home/airflow/.local/lib/python3.7/site-packages/airflow/example_dags/tutorial_etl_dag.py
[2022-08-08 06:18:26,828] {processor.py:642} INFO - Processing file /home/airflow/.local/lib/python3.7/site-packages/airflow/example_dags/tutorial_etl_dag.py for tasks to queue
[2022-08-08 06:18:26,830] {logging_mixin.py:109} INFO - [2022-08-08 06:18:26,830] {dagbag.py:500} INFO - Filling up the DagBag from /home/airflow/.local/lib/python3.7/site-packages/airflow/example_dags/tutorial_etl_dag.py
[2022-08-08 06:18:26,875] {processor.py:654} INFO - DAG(s) dict_keys(['tutorial_etl_dag']) retrieved from /home/airflow/.local/lib/python3.7/site-packages/airflow/example_dags/tutorial_etl_dag.py
[2022-08-08 06:18:26,892] {logging_mixin.py:109} INFO - [2022-08-08 06:18:26,892] {dag.py:2396} INFO - Sync 1 DAGs
[2022-08-08 06:18:26,912] {logging_mixin.py:109} INFO - [2022-08-08 06:18:26,912] {dag.py:2935} INFO - Setting next_dagrun for tutorial_etl_dag to None
[2022-08-08 06:18:26,930] {processor.py:171} INFO - Processing /home/airflow/.local/lib/python3.7/site-packages/airflow/example_dags/tutorial_etl_dag.py took 0.108 seconds
[2022-08-08 06:18:57,025] {processor.py:163} INFO - Started process (PID=1559) to work on /home/airflow/.local/lib/python3.7/site-packages/airflow/example_dags/tutorial_etl_dag.py
[2022-08-08 06:18:57,028] {processor.py:642} INFO - Processing file /home/airflow/.local/lib/python3.7/site-packages/airflow/example_dags/tutorial_etl_dag.py for tasks to queue
[2022-08-08 06:18:57,030] {logging_mixin.py:109} INFO - [2022-08-08 06:18:57,030] {dagbag.py:500} INFO - Filling up the DagBag from /home/airflow/.local/lib/python3.7/site-packages/airflow/example_dags/tutorial_etl_dag.py
[2022-08-08 06:18:57,072] {processor.py:654} INFO - DAG(s) dict_keys(['tutorial_etl_dag']) retrieved from /home/airflow/.local/lib/python3.7/site-packages/airflow/example_dags/tutorial_etl_dag.py
[2022-08-08 06:18:57,091] {logging_mixin.py:109} INFO - [2022-08-08 06:18:57,090] {dag.py:2396} INFO - Sync 1 DAGs
[2022-08-08 06:18:57,127] {logging_mixin.py:109} INFO - [2022-08-08 06:18:57,127] {dag.py:2935} INFO - Setting next_dagrun for tutorial_etl_dag to None
[2022-08-08 06:18:57,141] {processor.py:171} INFO - Processing /home/airflow/.local/lib/python3.7/site-packages/airflow/example_dags/tutorial_etl_dag.py took 0.122 seconds
[2022-08-08 06:19:27,300] {processor.py:163} INFO - Started process (PID=1621) to work on /home/airflow/.local/lib/python3.7/site-packages/airflow/example_dags/tutorial_etl_dag.py
[2022-08-08 06:19:27,302] {processor.py:642} INFO - Processing file /home/airflow/.local/lib/python3.7/site-packages/airflow/example_dags/tutorial_etl_dag.py for tasks to queue
[2022-08-08 06:19:27,304] {logging_mixin.py:109} INFO - [2022-08-08 06:19:27,303] {dagbag.py:500} INFO - Filling up the DagBag from /home/airflow/.local/lib/python3.7/site-packages/airflow/example_dags/tutorial_etl_dag.py
[2022-08-08 06:19:27,339] {processor.py:654} INFO - DAG(s) dict_keys(['tutorial_etl_dag']) retrieved from /home/airflow/.local/lib/python3.7/site-packages/airflow/example_dags/tutorial_etl_dag.py
[2022-08-08 06:19:27,353] {logging_mixin.py:109} INFO - [2022-08-08 06:19:27,353] {dag.py:2396} INFO - Sync 1 DAGs
[2022-08-08 06:19:27,378] {logging_mixin.py:109} INFO - [2022-08-08 06:19:27,378] {dag.py:2935} INFO - Setting next_dagrun for tutorial_etl_dag to None
[2022-08-08 06:19:27,395] {processor.py:171} INFO - Processing /home/airflow/.local/lib/python3.7/site-packages/airflow/example_dags/tutorial_etl_dag.py took 0.101 seconds
[2022-08-08 06:19:58,038] {processor.py:163} INFO - Started process (PID=1681) to work on /home/airflow/.local/lib/python3.7/site-packages/airflow/example_dags/tutorial_etl_dag.py
[2022-08-08 06:19:58,040] {processor.py:642} INFO - Processing file /home/airflow/.local/lib/python3.7/site-packages/airflow/example_dags/tutorial_etl_dag.py for tasks to queue
[2022-08-08 06:19:58,041] {logging_mixin.py:109} INFO - [2022-08-08 06:19:58,041] {dagbag.py:500} INFO - Filling up the DagBag from /home/airflow/.local/lib/python3.7/site-packages/airflow/example_dags/tutorial_etl_dag.py
[2022-08-08 06:19:58,076] {processor.py:654} INFO - DAG(s) dict_keys(['tutorial_etl_dag']) retrieved from /home/airflow/.local/lib/python3.7/site-packages/airflow/example_dags/tutorial_etl_dag.py
[2022-08-08 06:19:58,087] {logging_mixin.py:109} INFO - [2022-08-08 06:19:58,087] {dag.py:2396} INFO - Sync 1 DAGs
[2022-08-08 06:19:58,108] {logging_mixin.py:109} INFO - [2022-08-08 06:19:58,108] {dag.py:2935} INFO - Setting next_dagrun for tutorial_etl_dag to None
[2022-08-08 06:19:58,122] {processor.py:171} INFO - Processing /home/airflow/.local/lib/python3.7/site-packages/airflow/example_dags/tutorial_etl_dag.py took 0.088 seconds
[2022-08-08 06:20:28,239] {processor.py:163} INFO - Started process (PID=1751) to work on /home/airflow/.local/lib/python3.7/site-packages/airflow/example_dags/tutorial_etl_dag.py
[2022-08-08 06:20:28,241] {processor.py:642} INFO - Processing file /home/airflow/.local/lib/python3.7/site-packages/airflow/example_dags/tutorial_etl_dag.py for tasks to queue
[2022-08-08 06:20:28,242] {logging_mixin.py:109} INFO - [2022-08-08 06:20:28,242] {dagbag.py:500} INFO - Filling up the DagBag from /home/airflow/.local/lib/python3.7/site-packages/airflow/example_dags/tutorial_etl_dag.py
[2022-08-08 06:20:28,274] {processor.py:654} INFO - DAG(s) dict_keys(['tutorial_etl_dag']) retrieved from /home/airflow/.local/lib/python3.7/site-packages/airflow/example_dags/tutorial_etl_dag.py
[2022-08-08 06:20:28,285] {logging_mixin.py:109} INFO - [2022-08-08 06:20:28,285] {dag.py:2396} INFO - Sync 1 DAGs
[2022-08-08 06:20:28,302] {logging_mixin.py:109} INFO - [2022-08-08 06:20:28,302] {dag.py:2935} INFO - Setting next_dagrun for tutorial_etl_dag to None
[2022-08-08 06:20:28,314] {processor.py:171} INFO - Processing /home/airflow/.local/lib/python3.7/site-packages/airflow/example_dags/tutorial_etl_dag.py took 0.078 seconds
[2022-08-08 06:20:59,066] {processor.py:163} INFO - Started process (PID=1811) to work on /home/airflow/.local/lib/python3.7/site-packages/airflow/example_dags/tutorial_etl_dag.py
[2022-08-08 06:20:59,069] {processor.py:642} INFO - Processing file /home/airflow/.local/lib/python3.7/site-packages/airflow/example_dags/tutorial_etl_dag.py for tasks to queue
[2022-08-08 06:20:59,070] {logging_mixin.py:109} INFO - [2022-08-08 06:20:59,070] {dagbag.py:500} INFO - Filling up the DagBag from /home/airflow/.local/lib/python3.7/site-packages/airflow/example_dags/tutorial_etl_dag.py
[2022-08-08 06:20:59,104] {processor.py:654} INFO - DAG(s) dict_keys(['tutorial_etl_dag']) retrieved from /home/airflow/.local/lib/python3.7/site-packages/airflow/example_dags/tutorial_etl_dag.py
[2022-08-08 06:20:59,116] {logging_mixin.py:109} INFO - [2022-08-08 06:20:59,116] {dag.py:2396} INFO - Sync 1 DAGs
[2022-08-08 06:20:59,135] {logging_mixin.py:109} INFO - [2022-08-08 06:20:59,135] {dag.py:2935} INFO - Setting next_dagrun for tutorial_etl_dag to None
[2022-08-08 06:20:59,147] {processor.py:171} INFO - Processing /home/airflow/.local/lib/python3.7/site-packages/airflow/example_dags/tutorial_etl_dag.py took 0.085 seconds
[2022-08-08 06:21:29,352] {processor.py:163} INFO - Started process (PID=1880) to work on /home/airflow/.local/lib/python3.7/site-packages/airflow/example_dags/tutorial_etl_dag.py
[2022-08-08 06:21:29,354] {processor.py:642} INFO - Processing file /home/airflow/.local/lib/python3.7/site-packages/airflow/example_dags/tutorial_etl_dag.py for tasks to queue
[2022-08-08 06:21:29,355] {logging_mixin.py:109} INFO - [2022-08-08 06:21:29,355] {dagbag.py:500} INFO - Filling up the DagBag from /home/airflow/.local/lib/python3.7/site-packages/airflow/example_dags/tutorial_etl_dag.py
[2022-08-08 06:21:29,388] {processor.py:654} INFO - DAG(s) dict_keys(['tutorial_etl_dag']) retrieved from /home/airflow/.local/lib/python3.7/site-packages/airflow/example_dags/tutorial_etl_dag.py
[2022-08-08 06:21:29,400] {logging_mixin.py:109} INFO - [2022-08-08 06:21:29,400] {dag.py:2396} INFO - Sync 1 DAGs
[2022-08-08 06:21:29,417] {logging_mixin.py:109} INFO - [2022-08-08 06:21:29,417] {dag.py:2935} INFO - Setting next_dagrun for tutorial_etl_dag to None
[2022-08-08 06:21:29,514] {processor.py:171} INFO - Processing /home/airflow/.local/lib/python3.7/site-packages/airflow/example_dags/tutorial_etl_dag.py took 0.165 seconds
[2022-08-08 06:22:00,075] {processor.py:163} INFO - Started process (PID=1940) to work on /home/airflow/.local/lib/python3.7/site-packages/airflow/example_dags/tutorial_etl_dag.py
[2022-08-08 06:22:00,078] {processor.py:642} INFO - Processing file /home/airflow/.local/lib/python3.7/site-packages/airflow/example_dags/tutorial_etl_dag.py for tasks to queue
[2022-08-08 06:22:00,079] {logging_mixin.py:109} INFO - [2022-08-08 06:22:00,079] {dagbag.py:500} INFO - Filling up the DagBag from /home/airflow/.local/lib/python3.7/site-packages/airflow/example_dags/tutorial_etl_dag.py
[2022-08-08 06:22:00,115] {processor.py:654} INFO - DAG(s) dict_keys(['tutorial_etl_dag']) retrieved from /home/airflow/.local/lib/python3.7/site-packages/airflow/example_dags/tutorial_etl_dag.py
[2022-08-08 06:22:00,127] {logging_mixin.py:109} INFO - [2022-08-08 06:22:00,127] {dag.py:2396} INFO - Sync 1 DAGs
[2022-08-08 06:22:00,248] {logging_mixin.py:109} INFO - [2022-08-08 06:22:00,248] {dag.py:2935} INFO - Setting next_dagrun for tutorial_etl_dag to None
[2022-08-08 06:22:00,263] {processor.py:171} INFO - Processing /home/airflow/.local/lib/python3.7/site-packages/airflow/example_dags/tutorial_etl_dag.py took 0.192 seconds
[2022-08-08 06:22:31,128] {processor.py:163} INFO - Started process (PID=2009) to work on /home/airflow/.local/lib/python3.7/site-packages/airflow/example_dags/tutorial_etl_dag.py
[2022-08-08 06:22:31,131] {processor.py:642} INFO - Processing file /home/airflow/.local/lib/python3.7/site-packages/airflow/example_dags/tutorial_etl_dag.py for tasks to queue
[2022-08-08 06:22:31,138] {logging_mixin.py:109} INFO - [2022-08-08 06:22:31,134] {dagbag.py:500} INFO - Filling up the DagBag from /home/airflow/.local/lib/python3.7/site-packages/airflow/example_dags/tutorial_etl_dag.py
[2022-08-08 06:22:31,250] {processor.py:654} INFO - DAG(s) dict_keys(['tutorial_etl_dag']) retrieved from /home/airflow/.local/lib/python3.7/site-packages/airflow/example_dags/tutorial_etl_dag.py
[2022-08-08 06:22:31,287] {logging_mixin.py:109} INFO - [2022-08-08 06:22:31,286] {dag.py:2396} INFO - Sync 1 DAGs
[2022-08-08 06:22:31,759] {logging_mixin.py:109} INFO - [2022-08-08 06:22:31,758] {dag.py:2935} INFO - Setting next_dagrun for tutorial_etl_dag to None
[2022-08-08 06:22:31,800] {processor.py:171} INFO - Processing /home/airflow/.local/lib/python3.7/site-packages/airflow/example_dags/tutorial_etl_dag.py took 0.680 seconds
[2022-08-08 07:11:46,975] {processor.py:163} INFO - Started process (PID=2084) to work on /home/airflow/.local/lib/python3.7/site-packages/airflow/example_dags/tutorial_etl_dag.py
[2022-08-08 07:11:46,978] {processor.py:642} INFO - Processing file /home/airflow/.local/lib/python3.7/site-packages/airflow/example_dags/tutorial_etl_dag.py for tasks to queue
[2022-08-08 07:11:46,979] {logging_mixin.py:109} INFO - [2022-08-08 07:11:46,979] {dagbag.py:500} INFO - Filling up the DagBag from /home/airflow/.local/lib/python3.7/site-packages/airflow/example_dags/tutorial_etl_dag.py
[2022-08-08 07:11:47,102] {processor.py:654} INFO - DAG(s) dict_keys(['tutorial_etl_dag']) retrieved from /home/airflow/.local/lib/python3.7/site-packages/airflow/example_dags/tutorial_etl_dag.py
[2022-08-08 07:11:47,112] {logging_mixin.py:109} INFO - [2022-08-08 07:11:47,112] {dag.py:2396} INFO - Sync 1 DAGs
[2022-08-08 07:11:47,126] {logging_mixin.py:109} INFO - [2022-08-08 07:11:47,126] {dag.py:2935} INFO - Setting next_dagrun for tutorial_etl_dag to None
[2022-08-08 07:11:47,138] {processor.py:171} INFO - Processing /home/airflow/.local/lib/python3.7/site-packages/airflow/example_dags/tutorial_etl_dag.py took 0.167 seconds
[2022-08-08 09:16:15,069] {processor.py:163} INFO - Started process (PID=2178) to work on /home/airflow/.local/lib/python3.7/site-packages/airflow/example_dags/tutorial_etl_dag.py
[2022-08-08 09:16:15,072] {processor.py:642} INFO - Processing file /home/airflow/.local/lib/python3.7/site-packages/airflow/example_dags/tutorial_etl_dag.py for tasks to queue
[2022-08-08 09:16:15,074] {logging_mixin.py:109} INFO - [2022-08-08 09:16:15,074] {dagbag.py:500} INFO - Filling up the DagBag from /home/airflow/.local/lib/python3.7/site-packages/airflow/example_dags/tutorial_etl_dag.py
[2022-08-08 09:16:15,163] {processor.py:654} INFO - DAG(s) dict_keys(['tutorial_etl_dag']) retrieved from /home/airflow/.local/lib/python3.7/site-packages/airflow/example_dags/tutorial_etl_dag.py
[2022-08-08 09:16:15,191] {logging_mixin.py:109} INFO - [2022-08-08 09:16:15,191] {dag.py:2396} INFO - Sync 1 DAGs
[2022-08-08 09:16:15,227] {logging_mixin.py:109} INFO - [2022-08-08 09:16:15,227] {dag.py:2935} INFO - Setting next_dagrun for tutorial_etl_dag to None
[2022-08-08 09:16:15,248] {processor.py:171} INFO - Processing /home/airflow/.local/lib/python3.7/site-packages/airflow/example_dags/tutorial_etl_dag.py took 0.186 seconds
