[2022-07-29 23:46:09,670] {processor.py:163} INFO - Started process (PID=7095) to work on /opt/airflow/dags/gcs_to_bigquery.py
[2022-07-29 23:46:09,672] {processor.py:642} INFO - Processing file /opt/airflow/dags/gcs_to_bigquery.py for tasks to queue
[2022-07-29 23:46:09,674] {logging_mixin.py:109} INFO - [2022-07-29 23:46:09,674] {dagbag.py:500} INFO - Filling up the DagBag from /opt/airflow/dags/gcs_to_bigquery.py
[2022-07-29 23:46:09,715] {processor.py:656} WARNING - No viable dags retrieved from /opt/airflow/dags/gcs_to_bigquery.py
[2022-07-29 23:46:09,719] {processor.py:171} INFO - Processing /opt/airflow/dags/gcs_to_bigquery.py took 0.052 seconds
[2022-07-29 23:46:12,750] {processor.py:163} INFO - Started process (PID=7096) to work on /opt/airflow/dags/gcs_to_bigquery.py
[2022-07-29 23:46:12,754] {processor.py:642} INFO - Processing file /opt/airflow/dags/gcs_to_bigquery.py for tasks to queue
[2022-07-29 23:46:12,756] {logging_mixin.py:109} INFO - [2022-07-29 23:46:12,756] {dagbag.py:500} INFO - Filling up the DagBag from /opt/airflow/dags/gcs_to_bigquery.py
[2022-07-29 23:46:12,762] {logging_mixin.py:109} INFO - [2022-07-29 23:46:12,762] {dagbag.py:308} INFO - File /opt/airflow/dags/gcs_to_bigquery.py assumed to contain no DAGs. Skipping.
[2022-07-29 23:46:12,783] {processor.py:656} WARNING - No viable dags retrieved from /opt/airflow/dags/gcs_to_bigquery.py
[2022-07-29 23:46:12,790] {processor.py:171} INFO - Processing /opt/airflow/dags/gcs_to_bigquery.py took 0.045 seconds
[2022-07-29 23:46:43,332] {processor.py:163} INFO - Started process (PID=7155) to work on /opt/airflow/dags/gcs_to_bigquery.py
[2022-07-29 23:46:43,345] {processor.py:642} INFO - Processing file /opt/airflow/dags/gcs_to_bigquery.py for tasks to queue
[2022-07-29 23:46:43,347] {logging_mixin.py:109} INFO - [2022-07-29 23:46:43,347] {dagbag.py:500} INFO - Filling up the DagBag from /opt/airflow/dags/gcs_to_bigquery.py
[2022-07-29 23:46:43,351] {logging_mixin.py:109} INFO - [2022-07-29 23:46:43,350] {dagbag.py:308} INFO - File /opt/airflow/dags/gcs_to_bigquery.py assumed to contain no DAGs. Skipping.
[2022-07-29 23:46:43,369] {processor.py:656} WARNING - No viable dags retrieved from /opt/airflow/dags/gcs_to_bigquery.py
[2022-07-29 23:46:43,374] {processor.py:171} INFO - Processing /opt/airflow/dags/gcs_to_bigquery.py took 0.046 seconds
[2022-07-29 23:47:13,831] {processor.py:163} INFO - Started process (PID=7206) to work on /opt/airflow/dags/gcs_to_bigquery.py
[2022-07-29 23:47:13,833] {processor.py:642} INFO - Processing file /opt/airflow/dags/gcs_to_bigquery.py for tasks to queue
[2022-07-29 23:47:13,835] {logging_mixin.py:109} INFO - [2022-07-29 23:47:13,835] {dagbag.py:500} INFO - Filling up the DagBag from /opt/airflow/dags/gcs_to_bigquery.py
[2022-07-29 23:47:13,841] {logging_mixin.py:109} INFO - [2022-07-29 23:47:13,840] {dagbag.py:308} INFO - File /opt/airflow/dags/gcs_to_bigquery.py assumed to contain no DAGs. Skipping.
[2022-07-29 23:47:13,861] {processor.py:656} WARNING - No viable dags retrieved from /opt/airflow/dags/gcs_to_bigquery.py
[2022-07-29 23:47:13,866] {processor.py:171} INFO - Processing /opt/airflow/dags/gcs_to_bigquery.py took 0.042 seconds
[2022-07-29 23:47:44,149] {processor.py:163} INFO - Started process (PID=7268) to work on /opt/airflow/dags/gcs_to_bigquery.py
[2022-07-29 23:47:44,151] {processor.py:642} INFO - Processing file /opt/airflow/dags/gcs_to_bigquery.py for tasks to queue
[2022-07-29 23:47:44,153] {logging_mixin.py:109} INFO - [2022-07-29 23:47:44,153] {dagbag.py:500} INFO - Filling up the DagBag from /opt/airflow/dags/gcs_to_bigquery.py
[2022-07-29 23:47:44,157] {logging_mixin.py:109} INFO - [2022-07-29 23:47:44,156] {dagbag.py:308} INFO - File /opt/airflow/dags/gcs_to_bigquery.py assumed to contain no DAGs. Skipping.
[2022-07-29 23:47:44,176] {processor.py:656} WARNING - No viable dags retrieved from /opt/airflow/dags/gcs_to_bigquery.py
[2022-07-29 23:47:44,180] {processor.py:171} INFO - Processing /opt/airflow/dags/gcs_to_bigquery.py took 0.035 seconds
[2022-07-29 23:48:14,543] {processor.py:163} INFO - Started process (PID=7320) to work on /opt/airflow/dags/gcs_to_bigquery.py
[2022-07-29 23:48:14,547] {processor.py:642} INFO - Processing file /opt/airflow/dags/gcs_to_bigquery.py for tasks to queue
[2022-07-29 23:48:14,548] {logging_mixin.py:109} INFO - [2022-07-29 23:48:14,548] {dagbag.py:500} INFO - Filling up the DagBag from /opt/airflow/dags/gcs_to_bigquery.py
[2022-07-29 23:48:14,553] {logging_mixin.py:109} INFO - [2022-07-29 23:48:14,553] {dagbag.py:308} INFO - File /opt/airflow/dags/gcs_to_bigquery.py assumed to contain no DAGs. Skipping.
[2022-07-29 23:48:14,571] {processor.py:656} WARNING - No viable dags retrieved from /opt/airflow/dags/gcs_to_bigquery.py
[2022-07-29 23:48:14,574] {processor.py:171} INFO - Processing /opt/airflow/dags/gcs_to_bigquery.py took 0.036 seconds
[2022-07-29 23:48:45,111] {processor.py:163} INFO - Started process (PID=7380) to work on /opt/airflow/dags/gcs_to_bigquery.py
[2022-07-29 23:48:45,113] {processor.py:642} INFO - Processing file /opt/airflow/dags/gcs_to_bigquery.py for tasks to queue
[2022-07-29 23:48:45,115] {logging_mixin.py:109} INFO - [2022-07-29 23:48:45,114] {dagbag.py:500} INFO - Filling up the DagBag from /opt/airflow/dags/gcs_to_bigquery.py
[2022-07-29 23:48:45,118] {logging_mixin.py:109} INFO - [2022-07-29 23:48:45,118] {dagbag.py:308} INFO - File /opt/airflow/dags/gcs_to_bigquery.py assumed to contain no DAGs. Skipping.
[2022-07-29 23:48:45,136] {processor.py:656} WARNING - No viable dags retrieved from /opt/airflow/dags/gcs_to_bigquery.py
[2022-07-29 23:48:45,140] {processor.py:171} INFO - Processing /opt/airflow/dags/gcs_to_bigquery.py took 0.032 seconds
[2022-07-29 23:49:15,776] {processor.py:163} INFO - Started process (PID=7431) to work on /opt/airflow/dags/gcs_to_bigquery.py
[2022-07-29 23:49:15,779] {processor.py:642} INFO - Processing file /opt/airflow/dags/gcs_to_bigquery.py for tasks to queue
[2022-07-29 23:49:15,780] {logging_mixin.py:109} INFO - [2022-07-29 23:49:15,780] {dagbag.py:500} INFO - Filling up the DagBag from /opt/airflow/dags/gcs_to_bigquery.py
[2022-07-29 23:49:15,784] {logging_mixin.py:109} INFO - [2022-07-29 23:49:15,784] {dagbag.py:308} INFO - File /opt/airflow/dags/gcs_to_bigquery.py assumed to contain no DAGs. Skipping.
[2022-07-29 23:49:15,806] {processor.py:656} WARNING - No viable dags retrieved from /opt/airflow/dags/gcs_to_bigquery.py
[2022-07-29 23:49:15,813] {processor.py:171} INFO - Processing /opt/airflow/dags/gcs_to_bigquery.py took 0.041 seconds
[2022-07-29 23:49:46,054] {processor.py:163} INFO - Started process (PID=7492) to work on /opt/airflow/dags/gcs_to_bigquery.py
[2022-07-29 23:49:46,057] {processor.py:642} INFO - Processing file /opt/airflow/dags/gcs_to_bigquery.py for tasks to queue
[2022-07-29 23:49:46,058] {logging_mixin.py:109} INFO - [2022-07-29 23:49:46,058] {dagbag.py:500} INFO - Filling up the DagBag from /opt/airflow/dags/gcs_to_bigquery.py
[2022-07-29 23:49:46,062] {logging_mixin.py:109} INFO - [2022-07-29 23:49:46,062] {dagbag.py:308} INFO - File /opt/airflow/dags/gcs_to_bigquery.py assumed to contain no DAGs. Skipping.
[2022-07-29 23:49:46,080] {processor.py:656} WARNING - No viable dags retrieved from /opt/airflow/dags/gcs_to_bigquery.py
[2022-07-29 23:49:46,084] {processor.py:171} INFO - Processing /opt/airflow/dags/gcs_to_bigquery.py took 0.033 seconds
[2022-07-29 23:50:16,900] {processor.py:163} INFO - Started process (PID=7543) to work on /opt/airflow/dags/gcs_to_bigquery.py
[2022-07-29 23:50:16,903] {processor.py:642} INFO - Processing file /opt/airflow/dags/gcs_to_bigquery.py for tasks to queue
[2022-07-29 23:50:16,905] {logging_mixin.py:109} INFO - [2022-07-29 23:50:16,905] {dagbag.py:500} INFO - Filling up the DagBag from /opt/airflow/dags/gcs_to_bigquery.py
[2022-07-29 23:50:16,909] {logging_mixin.py:109} INFO - [2022-07-29 23:50:16,909] {dagbag.py:308} INFO - File /opt/airflow/dags/gcs_to_bigquery.py assumed to contain no DAGs. Skipping.
[2022-07-29 23:50:16,928] {processor.py:656} WARNING - No viable dags retrieved from /opt/airflow/dags/gcs_to_bigquery.py
[2022-07-29 23:50:16,935] {processor.py:171} INFO - Processing /opt/airflow/dags/gcs_to_bigquery.py took 0.041 seconds
[2022-07-29 23:50:29,804] {processor.py:163} INFO - Started process (PID=7571) to work on /opt/airflow/dags/gcs_to_bigquery.py
[2022-07-29 23:50:29,807] {processor.py:642} INFO - Processing file /opt/airflow/dags/gcs_to_bigquery.py for tasks to queue
[2022-07-29 23:50:29,808] {logging_mixin.py:109} INFO - [2022-07-29 23:50:29,808] {dagbag.py:500} INFO - Filling up the DagBag from /opt/airflow/dags/gcs_to_bigquery.py
[2022-07-29 23:50:29,815] {logging_mixin.py:109} INFO - [2022-07-29 23:50:29,814] {dagbag.py:308} INFO - File /opt/airflow/dags/gcs_to_bigquery.py assumed to contain no DAGs. Skipping.
[2022-07-29 23:50:29,838] {processor.py:656} WARNING - No viable dags retrieved from /opt/airflow/dags/gcs_to_bigquery.py
[2022-07-29 23:50:29,843] {processor.py:171} INFO - Processing /opt/airflow/dags/gcs_to_bigquery.py took 0.045 seconds
[2022-07-29 23:50:33,958] {processor.py:163} INFO - Started process (PID=7583) to work on /opt/airflow/dags/gcs_to_bigquery.py
[2022-07-29 23:50:33,962] {processor.py:642} INFO - Processing file /opt/airflow/dags/gcs_to_bigquery.py for tasks to queue
[2022-07-29 23:50:33,964] {logging_mixin.py:109} INFO - [2022-07-29 23:50:33,964] {dagbag.py:500} INFO - Filling up the DagBag from /opt/airflow/dags/gcs_to_bigquery.py
[2022-07-29 23:50:33,974] {logging_mixin.py:109} INFO - [2022-07-29 23:50:33,974] {dagbag.py:308} INFO - File /opt/airflow/dags/gcs_to_bigquery.py assumed to contain no DAGs. Skipping.
[2022-07-29 23:50:34,013] {processor.py:656} WARNING - No viable dags retrieved from /opt/airflow/dags/gcs_to_bigquery.py
[2022-07-29 23:50:34,019] {processor.py:171} INFO - Processing /opt/airflow/dags/gcs_to_bigquery.py took 0.069 seconds
[2022-07-29 23:50:38,010] {processor.py:163} INFO - Started process (PID=7584) to work on /opt/airflow/dags/gcs_to_bigquery.py
[2022-07-29 23:50:38,012] {processor.py:642} INFO - Processing file /opt/airflow/dags/gcs_to_bigquery.py for tasks to queue
[2022-07-29 23:50:38,014] {logging_mixin.py:109} INFO - [2022-07-29 23:50:38,014] {dagbag.py:500} INFO - Filling up the DagBag from /opt/airflow/dags/gcs_to_bigquery.py
[2022-07-29 23:50:38,019] {logging_mixin.py:109} INFO - [2022-07-29 23:50:38,019] {dagbag.py:308} INFO - File /opt/airflow/dags/gcs_to_bigquery.py assumed to contain no DAGs. Skipping.
[2022-07-29 23:50:38,038] {processor.py:656} WARNING - No viable dags retrieved from /opt/airflow/dags/gcs_to_bigquery.py
[2022-07-29 23:50:38,044] {processor.py:171} INFO - Processing /opt/airflow/dags/gcs_to_bigquery.py took 0.041 seconds
[2022-07-29 23:50:49,258] {processor.py:163} INFO - Started process (PID=7607) to work on /opt/airflow/dags/gcs_to_bigquery.py
[2022-07-29 23:50:49,261] {processor.py:642} INFO - Processing file /opt/airflow/dags/gcs_to_bigquery.py for tasks to queue
[2022-07-29 23:50:49,264] {logging_mixin.py:109} INFO - [2022-07-29 23:50:49,264] {dagbag.py:500} INFO - Filling up the DagBag from /opt/airflow/dags/gcs_to_bigquery.py
[2022-07-29 23:50:49,313] {processor.py:656} WARNING - No viable dags retrieved from /opt/airflow/dags/gcs_to_bigquery.py
[2022-07-29 23:50:49,318] {processor.py:171} INFO - Processing /opt/airflow/dags/gcs_to_bigquery.py took 0.067 seconds
[2022-07-29 23:50:53,146] {processor.py:163} INFO - Started process (PID=7620) to work on /opt/airflow/dags/gcs_to_bigquery.py
[2022-07-29 23:50:53,148] {processor.py:642} INFO - Processing file /opt/airflow/dags/gcs_to_bigquery.py for tasks to queue
[2022-07-29 23:50:53,149] {logging_mixin.py:109} INFO - [2022-07-29 23:50:53,149] {dagbag.py:500} INFO - Filling up the DagBag from /opt/airflow/dags/gcs_to_bigquery.py
[2022-07-29 23:50:53,155] {logging_mixin.py:109} INFO - [2022-07-29 23:50:53,155] {dagbag.py:308} INFO - File /opt/airflow/dags/gcs_to_bigquery.py assumed to contain no DAGs. Skipping.
[2022-07-29 23:50:53,176] {processor.py:656} WARNING - No viable dags retrieved from /opt/airflow/dags/gcs_to_bigquery.py
[2022-07-29 23:50:53,180] {processor.py:171} INFO - Processing /opt/airflow/dags/gcs_to_bigquery.py took 0.038 seconds
